[2024-09-29T00:19:27.413-0500] {processor.py:186} INFO - Started process (PID=28633) to work on /home/d-salamanca/airflow-env/lib/python3.12/site-packages/airflow/example_dags/example_latest_only.py
[2024-09-29T00:19:27.414-0500] {processor.py:914} INFO - Processing file /home/d-salamanca/airflow-env/lib/python3.12/site-packages/airflow/example_dags/example_latest_only.py for tasks to queue
[2024-09-29T00:19:27.417-0500] {logging_mixin.py:190} INFO - [2024-09-29T00:19:27.416-0500] {dagbag.py:588} INFO - Filling up the DagBag from /home/d-salamanca/airflow-env/lib/python3.12/site-packages/airflow/example_dags/example_latest_only.py
[2024-09-29T00:19:27.450-0500] {processor.py:925} INFO - DAG(s) 'latest_only' retrieved from /home/d-salamanca/airflow-env/lib/python3.12/site-packages/airflow/example_dags/example_latest_only.py
[2024-09-29T00:19:27.602-0500] {logging_mixin.py:190} INFO - [2024-09-29T00:19:27.602-0500] {override.py:1901} INFO - Created Permission View: can edit on DAG:latest_only
[2024-09-29T00:19:27.615-0500] {logging_mixin.py:190} INFO - [2024-09-29T00:19:27.615-0500] {override.py:1901} INFO - Created Permission View: can read on DAG:latest_only
[2024-09-29T00:19:27.624-0500] {logging_mixin.py:190} INFO - [2024-09-29T00:19:27.624-0500] {override.py:1901} INFO - Created Permission View: can delete on DAG:latest_only
[2024-09-29T00:19:27.698-0500] {logging_mixin.py:190} INFO - [2024-09-29T00:19:27.697-0500] {override.py:1901} INFO - Created Permission View: can create on DAG Run:latest_only
[2024-09-29T00:19:27.719-0500] {logging_mixin.py:190} INFO - [2024-09-29T00:19:27.719-0500] {override.py:1901} INFO - Created Permission View: can read on DAG Run:latest_only
[2024-09-29T00:19:27.739-0500] {logging_mixin.py:190} INFO - [2024-09-29T00:19:27.738-0500] {override.py:1901} INFO - Created Permission View: can delete on DAG Run:latest_only
[2024-09-29T00:19:27.756-0500] {logging_mixin.py:190} INFO - [2024-09-29T00:19:27.755-0500] {override.py:1901} INFO - Created Permission View: menu access on DAG Run:latest_only
[2024-09-29T00:19:27.757-0500] {logging_mixin.py:190} INFO - [2024-09-29T00:19:27.756-0500] {dag.py:3239} INFO - Sync 1 DAGs
[2024-09-29T00:19:27.773-0500] {logging_mixin.py:190} INFO - [2024-09-29T00:19:27.773-0500] {dag.py:3262} INFO - Creating ORM DAG for latest_only
[2024-09-29T00:19:27.784-0500] {logging_mixin.py:190} INFO - [2024-09-29T00:19:27.784-0500] {dag.py:4180} INFO - Setting next_dagrun for latest_only to 2024-09-29 00:00:00+00:00, run_after=2024-09-29 04:00:00+00:00
[2024-09-29T00:19:27.820-0500] {processor.py:208} INFO - Processing /home/d-salamanca/airflow-env/lib/python3.12/site-packages/airflow/example_dags/example_latest_only.py took 0.414 seconds
[2024-09-29T00:20:50.484-0500] {processor.py:186} INFO - Started process (PID=28708) to work on /home/d-salamanca/airflow-env/lib/python3.12/site-packages/airflow/example_dags/example_latest_only.py
[2024-09-29T00:20:50.520-0500] {processor.py:914} INFO - Processing file /home/d-salamanca/airflow-env/lib/python3.12/site-packages/airflow/example_dags/example_latest_only.py for tasks to queue
[2024-09-29T00:20:50.525-0500] {logging_mixin.py:190} INFO - [2024-09-29T00:20:50.524-0500] {dagbag.py:588} INFO - Filling up the DagBag from /home/d-salamanca/airflow-env/lib/python3.12/site-packages/airflow/example_dags/example_latest_only.py
[2024-09-29T00:20:50.540-0500] {processor.py:925} INFO - DAG(s) 'latest_only' retrieved from /home/d-salamanca/airflow-env/lib/python3.12/site-packages/airflow/example_dags/example_latest_only.py
[2024-09-29T00:20:50.558-0500] {logging_mixin.py:190} INFO - [2024-09-29T00:20:50.558-0500] {dag.py:3239} INFO - Sync 1 DAGs
[2024-09-29T00:20:50.607-0500] {logging_mixin.py:190} INFO - [2024-09-29T00:20:50.607-0500] {dag.py:4180} INFO - Setting next_dagrun for latest_only to 2024-09-29 00:00:00+00:00, run_after=2024-09-29 04:00:00+00:00
[2024-09-29T00:20:50.662-0500] {processor.py:208} INFO - Processing /home/d-salamanca/airflow-env/lib/python3.12/site-packages/airflow/example_dags/example_latest_only.py took 0.184 seconds
[2024-09-29T00:22:34.102-0500] {processor.py:186} INFO - Started process (PID=28782) to work on /home/d-salamanca/airflow-env/lib/python3.12/site-packages/airflow/example_dags/example_latest_only.py
[2024-09-29T00:22:34.150-0500] {processor.py:914} INFO - Processing file /home/d-salamanca/airflow-env/lib/python3.12/site-packages/airflow/example_dags/example_latest_only.py for tasks to queue
[2024-09-29T00:22:34.154-0500] {logging_mixin.py:190} INFO - [2024-09-29T00:22:34.153-0500] {dagbag.py:588} INFO - Filling up the DagBag from /home/d-salamanca/airflow-env/lib/python3.12/site-packages/airflow/example_dags/example_latest_only.py
[2024-09-29T00:22:34.165-0500] {processor.py:925} INFO - DAG(s) 'latest_only' retrieved from /home/d-salamanca/airflow-env/lib/python3.12/site-packages/airflow/example_dags/example_latest_only.py
[2024-09-29T00:22:34.188-0500] {logging_mixin.py:190} INFO - [2024-09-29T00:22:34.188-0500] {dag.py:3239} INFO - Sync 1 DAGs
[2024-09-29T00:22:34.219-0500] {logging_mixin.py:190} INFO - [2024-09-29T00:22:34.218-0500] {dag.py:4180} INFO - Setting next_dagrun for latest_only to 2024-09-29 00:00:00+00:00, run_after=2024-09-29 04:00:00+00:00
[2024-09-29T00:22:34.323-0500] {processor.py:208} INFO - Processing /home/d-salamanca/airflow-env/lib/python3.12/site-packages/airflow/example_dags/example_latest_only.py took 0.231 seconds
[2024-09-29T00:23:59.847-0500] {processor.py:186} INFO - Started process (PID=28854) to work on /home/d-salamanca/airflow-env/lib/python3.12/site-packages/airflow/example_dags/example_latest_only.py
[2024-09-29T00:23:59.872-0500] {processor.py:914} INFO - Processing file /home/d-salamanca/airflow-env/lib/python3.12/site-packages/airflow/example_dags/example_latest_only.py for tasks to queue
[2024-09-29T00:23:59.877-0500] {logging_mixin.py:190} INFO - [2024-09-29T00:23:59.876-0500] {dagbag.py:588} INFO - Filling up the DagBag from /home/d-salamanca/airflow-env/lib/python3.12/site-packages/airflow/example_dags/example_latest_only.py
[2024-09-29T00:23:59.890-0500] {processor.py:925} INFO - DAG(s) 'latest_only' retrieved from /home/d-salamanca/airflow-env/lib/python3.12/site-packages/airflow/example_dags/example_latest_only.py
[2024-09-29T00:23:59.909-0500] {logging_mixin.py:190} INFO - [2024-09-29T00:23:59.909-0500] {dag.py:3239} INFO - Sync 1 DAGs
[2024-09-29T00:23:59.932-0500] {logging_mixin.py:190} INFO - [2024-09-29T00:23:59.932-0500] {dag.py:4180} INFO - Setting next_dagrun for latest_only to 2024-09-29 00:00:00+00:00, run_after=2024-09-29 04:00:00+00:00
[2024-09-29T00:24:00.011-0500] {processor.py:208} INFO - Processing /home/d-salamanca/airflow-env/lib/python3.12/site-packages/airflow/example_dags/example_latest_only.py took 0.170 seconds
[2024-09-29T00:25:23.357-0500] {processor.py:186} INFO - Started process (PID=28926) to work on /home/d-salamanca/airflow-env/lib/python3.12/site-packages/airflow/example_dags/example_latest_only.py
[2024-09-29T00:25:23.359-0500] {processor.py:914} INFO - Processing file /home/d-salamanca/airflow-env/lib/python3.12/site-packages/airflow/example_dags/example_latest_only.py for tasks to queue
[2024-09-29T00:25:23.363-0500] {logging_mixin.py:190} INFO - [2024-09-29T00:25:23.361-0500] {dagbag.py:588} INFO - Filling up the DagBag from /home/d-salamanca/airflow-env/lib/python3.12/site-packages/airflow/example_dags/example_latest_only.py
[2024-09-29T00:25:23.373-0500] {processor.py:925} INFO - DAG(s) 'latest_only' retrieved from /home/d-salamanca/airflow-env/lib/python3.12/site-packages/airflow/example_dags/example_latest_only.py
[2024-09-29T00:25:23.399-0500] {logging_mixin.py:190} INFO - [2024-09-29T00:25:23.398-0500] {dag.py:3239} INFO - Sync 1 DAGs
[2024-09-29T00:25:23.582-0500] {logging_mixin.py:190} INFO - [2024-09-29T00:25:23.582-0500] {dag.py:4180} INFO - Setting next_dagrun for latest_only to 2024-09-29 00:00:00+00:00, run_after=2024-09-29 04:00:00+00:00
[2024-09-29T00:25:23.673-0500] {processor.py:208} INFO - Processing /home/d-salamanca/airflow-env/lib/python3.12/site-packages/airflow/example_dags/example_latest_only.py took 0.324 seconds
[2024-09-29T00:27:01.066-0500] {processor.py:186} INFO - Started process (PID=29047) to work on /home/d-salamanca/airflow-env/lib/python3.12/site-packages/airflow/example_dags/example_latest_only.py
[2024-09-29T00:27:01.106-0500] {processor.py:914} INFO - Processing file /home/d-salamanca/airflow-env/lib/python3.12/site-packages/airflow/example_dags/example_latest_only.py for tasks to queue
[2024-09-29T00:27:01.112-0500] {logging_mixin.py:190} INFO - [2024-09-29T00:27:01.110-0500] {dagbag.py:588} INFO - Filling up the DagBag from /home/d-salamanca/airflow-env/lib/python3.12/site-packages/airflow/example_dags/example_latest_only.py
[2024-09-29T00:27:01.123-0500] {processor.py:925} INFO - DAG(s) 'latest_only' retrieved from /home/d-salamanca/airflow-env/lib/python3.12/site-packages/airflow/example_dags/example_latest_only.py
[2024-09-29T00:27:01.141-0500] {logging_mixin.py:190} INFO - [2024-09-29T00:27:01.141-0500] {dag.py:3239} INFO - Sync 1 DAGs
[2024-09-29T00:27:01.167-0500] {logging_mixin.py:190} INFO - [2024-09-29T00:27:01.167-0500] {dag.py:4180} INFO - Setting next_dagrun for latest_only to 2024-09-29 00:00:00+00:00, run_after=2024-09-29 04:00:00+00:00
[2024-09-29T00:27:01.333-0500] {processor.py:208} INFO - Processing /home/d-salamanca/airflow-env/lib/python3.12/site-packages/airflow/example_dags/example_latest_only.py took 0.275 seconds
[2024-09-29T00:28:42.585-0500] {processor.py:186} INFO - Started process (PID=29165) to work on /home/d-salamanca/airflow-env/lib/python3.12/site-packages/airflow/example_dags/example_latest_only.py
[2024-09-29T00:28:42.660-0500] {processor.py:914} INFO - Processing file /home/d-salamanca/airflow-env/lib/python3.12/site-packages/airflow/example_dags/example_latest_only.py for tasks to queue
[2024-09-29T00:28:42.665-0500] {logging_mixin.py:190} INFO - [2024-09-29T00:28:42.664-0500] {dagbag.py:588} INFO - Filling up the DagBag from /home/d-salamanca/airflow-env/lib/python3.12/site-packages/airflow/example_dags/example_latest_only.py
[2024-09-29T00:28:42.677-0500] {processor.py:925} INFO - DAG(s) 'latest_only' retrieved from /home/d-salamanca/airflow-env/lib/python3.12/site-packages/airflow/example_dags/example_latest_only.py
[2024-09-29T00:28:42.696-0500] {logging_mixin.py:190} INFO - [2024-09-29T00:28:42.696-0500] {dag.py:3239} INFO - Sync 1 DAGs
[2024-09-29T00:28:42.721-0500] {logging_mixin.py:190} INFO - [2024-09-29T00:28:42.721-0500] {dag.py:4180} INFO - Setting next_dagrun for latest_only to 2024-09-29 00:00:00+00:00, run_after=2024-09-29 04:00:00+00:00
[2024-09-29T00:28:42.760-0500] {processor.py:208} INFO - Processing /home/d-salamanca/airflow-env/lib/python3.12/site-packages/airflow/example_dags/example_latest_only.py took 0.183 seconds
[2024-09-29T00:31:12.859-0500] {processor.py:186} INFO - Started process (PID=29303) to work on /home/d-salamanca/airflow-env/lib/python3.12/site-packages/airflow/example_dags/example_latest_only.py
[2024-09-29T00:31:12.888-0500] {processor.py:914} INFO - Processing file /home/d-salamanca/airflow-env/lib/python3.12/site-packages/airflow/example_dags/example_latest_only.py for tasks to queue
[2024-09-29T00:31:12.895-0500] {logging_mixin.py:190} INFO - [2024-09-29T00:31:12.893-0500] {dagbag.py:588} INFO - Filling up the DagBag from /home/d-salamanca/airflow-env/lib/python3.12/site-packages/airflow/example_dags/example_latest_only.py
[2024-09-29T00:31:12.943-0500] {processor.py:925} INFO - DAG(s) 'latest_only' retrieved from /home/d-salamanca/airflow-env/lib/python3.12/site-packages/airflow/example_dags/example_latest_only.py
[2024-09-29T00:31:12.962-0500] {logging_mixin.py:190} INFO - [2024-09-29T00:31:12.961-0500] {dag.py:3239} INFO - Sync 1 DAGs
[2024-09-29T00:31:12.985-0500] {logging_mixin.py:190} INFO - [2024-09-29T00:31:12.985-0500] {dag.py:4180} INFO - Setting next_dagrun for latest_only to 2024-09-29 00:00:00+00:00, run_after=2024-09-29 04:00:00+00:00
[2024-09-29T00:31:13.020-0500] {processor.py:208} INFO - Processing /home/d-salamanca/airflow-env/lib/python3.12/site-packages/airflow/example_dags/example_latest_only.py took 0.168 seconds
[2024-09-29T00:32:43.146-0500] {processor.py:186} INFO - Started process (PID=29378) to work on /home/d-salamanca/airflow-env/lib/python3.12/site-packages/airflow/example_dags/example_latest_only.py
[2024-09-29T00:32:43.147-0500] {processor.py:914} INFO - Processing file /home/d-salamanca/airflow-env/lib/python3.12/site-packages/airflow/example_dags/example_latest_only.py for tasks to queue
[2024-09-29T00:32:43.150-0500] {logging_mixin.py:190} INFO - [2024-09-29T00:32:43.149-0500] {dagbag.py:588} INFO - Filling up the DagBag from /home/d-salamanca/airflow-env/lib/python3.12/site-packages/airflow/example_dags/example_latest_only.py
[2024-09-29T00:32:43.159-0500] {processor.py:925} INFO - DAG(s) 'latest_only' retrieved from /home/d-salamanca/airflow-env/lib/python3.12/site-packages/airflow/example_dags/example_latest_only.py
[2024-09-29T00:32:43.180-0500] {logging_mixin.py:190} INFO - [2024-09-29T00:32:43.179-0500] {dag.py:3239} INFO - Sync 1 DAGs
[2024-09-29T00:32:43.202-0500] {logging_mixin.py:190} INFO - [2024-09-29T00:32:43.202-0500] {dag.py:4180} INFO - Setting next_dagrun for latest_only to 2024-09-29 00:00:00+00:00, run_after=2024-09-29 04:00:00+00:00
[2024-09-29T00:32:43.243-0500] {processor.py:208} INFO - Processing /home/d-salamanca/airflow-env/lib/python3.12/site-packages/airflow/example_dags/example_latest_only.py took 0.104 seconds
[2024-09-29T00:34:11.585-0500] {processor.py:186} INFO - Started process (PID=29487) to work on /home/d-salamanca/airflow-env/lib/python3.12/site-packages/airflow/example_dags/example_latest_only.py
[2024-09-29T00:34:11.600-0500] {processor.py:914} INFO - Processing file /home/d-salamanca/airflow-env/lib/python3.12/site-packages/airflow/example_dags/example_latest_only.py for tasks to queue
[2024-09-29T00:34:11.606-0500] {logging_mixin.py:190} INFO - [2024-09-29T00:34:11.605-0500] {dagbag.py:588} INFO - Filling up the DagBag from /home/d-salamanca/airflow-env/lib/python3.12/site-packages/airflow/example_dags/example_latest_only.py
[2024-09-29T00:34:11.618-0500] {processor.py:925} INFO - DAG(s) 'latest_only' retrieved from /home/d-salamanca/airflow-env/lib/python3.12/site-packages/airflow/example_dags/example_latest_only.py
[2024-09-29T00:34:11.637-0500] {logging_mixin.py:190} INFO - [2024-09-29T00:34:11.637-0500] {dag.py:3239} INFO - Sync 1 DAGs
[2024-09-29T00:34:11.677-0500] {logging_mixin.py:190} INFO - [2024-09-29T00:34:11.676-0500] {dag.py:4180} INFO - Setting next_dagrun for latest_only to 2024-09-29 00:00:00+00:00, run_after=2024-09-29 04:00:00+00:00
[2024-09-29T00:34:11.718-0500] {processor.py:208} INFO - Processing /home/d-salamanca/airflow-env/lib/python3.12/site-packages/airflow/example_dags/example_latest_only.py took 0.141 seconds
[2024-09-29T08:20:40.952-0500] {processor.py:186} INFO - Started process (PID=29785) to work on /home/d-salamanca/airflow-env/lib/python3.12/site-packages/airflow/example_dags/example_latest_only.py
[2024-09-29T08:20:40.979-0500] {processor.py:914} INFO - Processing file /home/d-salamanca/airflow-env/lib/python3.12/site-packages/airflow/example_dags/example_latest_only.py for tasks to queue
[2024-09-29T08:20:40.984-0500] {logging_mixin.py:190} INFO - [2024-09-29T08:20:40.983-0500] {dagbag.py:588} INFO - Filling up the DagBag from /home/d-salamanca/airflow-env/lib/python3.12/site-packages/airflow/example_dags/example_latest_only.py
[2024-09-29T08:20:41.011-0500] {processor.py:925} INFO - DAG(s) 'latest_only' retrieved from /home/d-salamanca/airflow-env/lib/python3.12/site-packages/airflow/example_dags/example_latest_only.py
[2024-09-29T08:20:41.031-0500] {logging_mixin.py:190} INFO - [2024-09-29T08:20:41.030-0500] {dag.py:3239} INFO - Sync 1 DAGs
[2024-09-29T08:20:41.059-0500] {logging_mixin.py:190} INFO - [2024-09-29T08:20:41.058-0500] {dag.py:4180} INFO - Setting next_dagrun for latest_only to 2024-09-29 08:00:00+00:00, run_after=2024-09-29 12:00:00+00:00
[2024-09-29T08:20:41.120-0500] {processor.py:208} INFO - Processing /home/d-salamanca/airflow-env/lib/python3.12/site-packages/airflow/example_dags/example_latest_only.py took 0.176 seconds
[2024-09-29T08:22:46.100-0500] {processor.py:186} INFO - Started process (PID=29893) to work on /home/d-salamanca/airflow-env/lib/python3.12/site-packages/airflow/example_dags/example_latest_only.py
[2024-09-29T08:22:46.148-0500] {processor.py:914} INFO - Processing file /home/d-salamanca/airflow-env/lib/python3.12/site-packages/airflow/example_dags/example_latest_only.py for tasks to queue
[2024-09-29T08:22:46.155-0500] {logging_mixin.py:190} INFO - [2024-09-29T08:22:46.153-0500] {dagbag.py:588} INFO - Filling up the DagBag from /home/d-salamanca/airflow-env/lib/python3.12/site-packages/airflow/example_dags/example_latest_only.py
[2024-09-29T08:22:46.287-0500] {processor.py:925} INFO - DAG(s) 'latest_only' retrieved from /home/d-salamanca/airflow-env/lib/python3.12/site-packages/airflow/example_dags/example_latest_only.py
[2024-09-29T08:22:46.305-0500] {logging_mixin.py:190} INFO - [2024-09-29T08:22:46.305-0500] {dag.py:3239} INFO - Sync 1 DAGs
[2024-09-29T08:22:46.328-0500] {logging_mixin.py:190} INFO - [2024-09-29T08:22:46.328-0500] {dag.py:4180} INFO - Setting next_dagrun for latest_only to 2024-09-29 08:00:00+00:00, run_after=2024-09-29 12:00:00+00:00
[2024-09-29T08:22:46.412-0500] {processor.py:208} INFO - Processing /home/d-salamanca/airflow-env/lib/python3.12/site-packages/airflow/example_dags/example_latest_only.py took 0.319 seconds
[2024-09-29T08:24:16.686-0500] {processor.py:186} INFO - Started process (PID=29968) to work on /home/d-salamanca/airflow-env/lib/python3.12/site-packages/airflow/example_dags/example_latest_only.py
[2024-09-29T08:24:16.697-0500] {processor.py:914} INFO - Processing file /home/d-salamanca/airflow-env/lib/python3.12/site-packages/airflow/example_dags/example_latest_only.py for tasks to queue
[2024-09-29T08:24:16.700-0500] {logging_mixin.py:190} INFO - [2024-09-29T08:24:16.699-0500] {dagbag.py:588} INFO - Filling up the DagBag from /home/d-salamanca/airflow-env/lib/python3.12/site-packages/airflow/example_dags/example_latest_only.py
[2024-09-29T08:24:16.709-0500] {processor.py:925} INFO - DAG(s) 'latest_only' retrieved from /home/d-salamanca/airflow-env/lib/python3.12/site-packages/airflow/example_dags/example_latest_only.py
[2024-09-29T08:24:16.728-0500] {logging_mixin.py:190} INFO - [2024-09-29T08:24:16.728-0500] {dag.py:3239} INFO - Sync 1 DAGs
[2024-09-29T08:24:16.752-0500] {logging_mixin.py:190} INFO - [2024-09-29T08:24:16.752-0500] {dag.py:4180} INFO - Setting next_dagrun for latest_only to 2024-09-29 08:00:00+00:00, run_after=2024-09-29 12:00:00+00:00
[2024-09-29T08:24:16.777-0500] {processor.py:208} INFO - Processing /home/d-salamanca/airflow-env/lib/python3.12/site-packages/airflow/example_dags/example_latest_only.py took 0.100 seconds
[2024-09-29T08:25:40.580-0500] {processor.py:186} INFO - Started process (PID=30072) to work on /home/d-salamanca/airflow-env/lib/python3.12/site-packages/airflow/example_dags/example_latest_only.py
[2024-09-29T08:25:40.619-0500] {processor.py:914} INFO - Processing file /home/d-salamanca/airflow-env/lib/python3.12/site-packages/airflow/example_dags/example_latest_only.py for tasks to queue
[2024-09-29T08:25:40.624-0500] {logging_mixin.py:190} INFO - [2024-09-29T08:25:40.623-0500] {dagbag.py:588} INFO - Filling up the DagBag from /home/d-salamanca/airflow-env/lib/python3.12/site-packages/airflow/example_dags/example_latest_only.py
[2024-09-29T08:25:40.665-0500] {processor.py:925} INFO - DAG(s) 'latest_only' retrieved from /home/d-salamanca/airflow-env/lib/python3.12/site-packages/airflow/example_dags/example_latest_only.py
[2024-09-29T08:25:40.686-0500] {logging_mixin.py:190} INFO - [2024-09-29T08:25:40.686-0500] {dag.py:3239} INFO - Sync 1 DAGs
[2024-09-29T08:25:40.726-0500] {logging_mixin.py:190} INFO - [2024-09-29T08:25:40.726-0500] {dag.py:4180} INFO - Setting next_dagrun for latest_only to 2024-09-29 08:00:00+00:00, run_after=2024-09-29 12:00:00+00:00
[2024-09-29T08:25:40.766-0500] {processor.py:208} INFO - Processing /home/d-salamanca/airflow-env/lib/python3.12/site-packages/airflow/example_dags/example_latest_only.py took 0.194 seconds
[2024-09-29T08:27:05.700-0500] {processor.py:186} INFO - Started process (PID=30141) to work on /home/d-salamanca/airflow-env/lib/python3.12/site-packages/airflow/example_dags/example_latest_only.py
[2024-09-29T08:27:05.701-0500] {processor.py:914} INFO - Processing file /home/d-salamanca/airflow-env/lib/python3.12/site-packages/airflow/example_dags/example_latest_only.py for tasks to queue
[2024-09-29T08:27:05.703-0500] {logging_mixin.py:190} INFO - [2024-09-29T08:27:05.703-0500] {dagbag.py:588} INFO - Filling up the DagBag from /home/d-salamanca/airflow-env/lib/python3.12/site-packages/airflow/example_dags/example_latest_only.py
[2024-09-29T08:27:05.712-0500] {processor.py:925} INFO - DAG(s) 'latest_only' retrieved from /home/d-salamanca/airflow-env/lib/python3.12/site-packages/airflow/example_dags/example_latest_only.py
[2024-09-29T08:27:05.731-0500] {logging_mixin.py:190} INFO - [2024-09-29T08:27:05.730-0500] {dag.py:3239} INFO - Sync 1 DAGs
[2024-09-29T08:27:05.754-0500] {logging_mixin.py:190} INFO - [2024-09-29T08:27:05.753-0500] {dag.py:4180} INFO - Setting next_dagrun for latest_only to 2024-09-29 08:00:00+00:00, run_after=2024-09-29 12:00:00+00:00
[2024-09-29T08:27:05.794-0500] {processor.py:208} INFO - Processing /home/d-salamanca/airflow-env/lib/python3.12/site-packages/airflow/example_dags/example_latest_only.py took 0.102 seconds
[2024-09-29T08:28:20.233-0500] {processor.py:186} INFO - Started process (PID=30207) to work on /home/d-salamanca/airflow-env/lib/python3.12/site-packages/airflow/example_dags/example_latest_only.py
[2024-09-29T08:28:20.235-0500] {processor.py:914} INFO - Processing file /home/d-salamanca/airflow-env/lib/python3.12/site-packages/airflow/example_dags/example_latest_only.py for tasks to queue
[2024-09-29T08:28:20.237-0500] {logging_mixin.py:190} INFO - [2024-09-29T08:28:20.236-0500] {dagbag.py:588} INFO - Filling up the DagBag from /home/d-salamanca/airflow-env/lib/python3.12/site-packages/airflow/example_dags/example_latest_only.py
[2024-09-29T08:28:20.246-0500] {processor.py:925} INFO - DAG(s) 'latest_only' retrieved from /home/d-salamanca/airflow-env/lib/python3.12/site-packages/airflow/example_dags/example_latest_only.py
[2024-09-29T08:28:20.265-0500] {logging_mixin.py:190} INFO - [2024-09-29T08:28:20.265-0500] {dag.py:3239} INFO - Sync 1 DAGs
[2024-09-29T08:28:20.288-0500] {logging_mixin.py:190} INFO - [2024-09-29T08:28:20.287-0500] {dag.py:4180} INFO - Setting next_dagrun for latest_only to 2024-09-29 08:00:00+00:00, run_after=2024-09-29 12:00:00+00:00
[2024-09-29T08:28:20.345-0500] {processor.py:208} INFO - Processing /home/d-salamanca/airflow-env/lib/python3.12/site-packages/airflow/example_dags/example_latest_only.py took 0.119 seconds
[2024-09-29T08:29:41.547-0500] {processor.py:186} INFO - Started process (PID=30278) to work on /home/d-salamanca/airflow-env/lib/python3.12/site-packages/airflow/example_dags/example_latest_only.py
[2024-09-29T08:29:41.588-0500] {processor.py:914} INFO - Processing file /home/d-salamanca/airflow-env/lib/python3.12/site-packages/airflow/example_dags/example_latest_only.py for tasks to queue
[2024-09-29T08:29:41.594-0500] {logging_mixin.py:190} INFO - [2024-09-29T08:29:41.593-0500] {dagbag.py:588} INFO - Filling up the DagBag from /home/d-salamanca/airflow-env/lib/python3.12/site-packages/airflow/example_dags/example_latest_only.py
[2024-09-29T08:29:41.607-0500] {processor.py:925} INFO - DAG(s) 'latest_only' retrieved from /home/d-salamanca/airflow-env/lib/python3.12/site-packages/airflow/example_dags/example_latest_only.py
[2024-09-29T08:29:41.626-0500] {logging_mixin.py:190} INFO - [2024-09-29T08:29:41.626-0500] {dag.py:3239} INFO - Sync 1 DAGs
[2024-09-29T08:29:41.650-0500] {logging_mixin.py:190} INFO - [2024-09-29T08:29:41.650-0500] {dag.py:4180} INFO - Setting next_dagrun for latest_only to 2024-09-29 08:00:00+00:00, run_after=2024-09-29 12:00:00+00:00
[2024-09-29T08:29:42.060-0500] {processor.py:208} INFO - Processing /home/d-salamanca/airflow-env/lib/python3.12/site-packages/airflow/example_dags/example_latest_only.py took 0.522 seconds
[2024-09-29T08:31:12.179-0500] {processor.py:186} INFO - Started process (PID=30357) to work on /home/d-salamanca/airflow-env/lib/python3.12/site-packages/airflow/example_dags/example_latest_only.py
[2024-09-29T08:31:12.180-0500] {processor.py:914} INFO - Processing file /home/d-salamanca/airflow-env/lib/python3.12/site-packages/airflow/example_dags/example_latest_only.py for tasks to queue
[2024-09-29T08:31:12.183-0500] {logging_mixin.py:190} INFO - [2024-09-29T08:31:12.182-0500] {dagbag.py:588} INFO - Filling up the DagBag from /home/d-salamanca/airflow-env/lib/python3.12/site-packages/airflow/example_dags/example_latest_only.py
[2024-09-29T08:31:12.191-0500] {processor.py:925} INFO - DAG(s) 'latest_only' retrieved from /home/d-salamanca/airflow-env/lib/python3.12/site-packages/airflow/example_dags/example_latest_only.py
[2024-09-29T08:31:12.209-0500] {logging_mixin.py:190} INFO - [2024-09-29T08:31:12.209-0500] {dag.py:3239} INFO - Sync 1 DAGs
[2024-09-29T08:31:12.232-0500] {logging_mixin.py:190} INFO - [2024-09-29T08:31:12.232-0500] {dag.py:4180} INFO - Setting next_dagrun for latest_only to 2024-09-29 08:00:00+00:00, run_after=2024-09-29 12:00:00+00:00
[2024-09-29T08:31:12.326-0500] {processor.py:208} INFO - Processing /home/d-salamanca/airflow-env/lib/python3.12/site-packages/airflow/example_dags/example_latest_only.py took 0.154 seconds
[2024-09-29T08:32:51.180-0500] {processor.py:186} INFO - Started process (PID=30441) to work on /home/d-salamanca/airflow-env/lib/python3.12/site-packages/airflow/example_dags/example_latest_only.py
[2024-09-29T08:32:51.297-0500] {processor.py:914} INFO - Processing file /home/d-salamanca/airflow-env/lib/python3.12/site-packages/airflow/example_dags/example_latest_only.py for tasks to queue
[2024-09-29T08:32:51.303-0500] {logging_mixin.py:190} INFO - [2024-09-29T08:32:51.302-0500] {dagbag.py:588} INFO - Filling up the DagBag from /home/d-salamanca/airflow-env/lib/python3.12/site-packages/airflow/example_dags/example_latest_only.py
[2024-09-29T08:32:51.314-0500] {processor.py:925} INFO - DAG(s) 'latest_only' retrieved from /home/d-salamanca/airflow-env/lib/python3.12/site-packages/airflow/example_dags/example_latest_only.py
[2024-09-29T08:32:51.333-0500] {logging_mixin.py:190} INFO - [2024-09-29T08:32:51.333-0500] {dag.py:3239} INFO - Sync 1 DAGs
[2024-09-29T08:32:51.359-0500] {logging_mixin.py:190} INFO - [2024-09-29T08:32:51.359-0500] {dag.py:4180} INFO - Setting next_dagrun for latest_only to 2024-09-29 08:00:00+00:00, run_after=2024-09-29 12:00:00+00:00
[2024-09-29T08:32:51.421-0500] {processor.py:208} INFO - Processing /home/d-salamanca/airflow-env/lib/python3.12/site-packages/airflow/example_dags/example_latest_only.py took 0.248 seconds
[2024-09-29T08:34:09.967-0500] {processor.py:186} INFO - Started process (PID=30510) to work on /home/d-salamanca/airflow-env/lib/python3.12/site-packages/airflow/example_dags/example_latest_only.py
[2024-09-29T08:34:10.003-0500] {processor.py:914} INFO - Processing file /home/d-salamanca/airflow-env/lib/python3.12/site-packages/airflow/example_dags/example_latest_only.py for tasks to queue
[2024-09-29T08:34:10.010-0500] {logging_mixin.py:190} INFO - [2024-09-29T08:34:10.009-0500] {dagbag.py:588} INFO - Filling up the DagBag from /home/d-salamanca/airflow-env/lib/python3.12/site-packages/airflow/example_dags/example_latest_only.py
[2024-09-29T08:34:10.021-0500] {processor.py:925} INFO - DAG(s) 'latest_only' retrieved from /home/d-salamanca/airflow-env/lib/python3.12/site-packages/airflow/example_dags/example_latest_only.py
[2024-09-29T08:34:10.040-0500] {logging_mixin.py:190} INFO - [2024-09-29T08:34:10.040-0500] {dag.py:3239} INFO - Sync 1 DAGs
[2024-09-29T08:34:10.069-0500] {logging_mixin.py:190} INFO - [2024-09-29T08:34:10.069-0500] {dag.py:4180} INFO - Setting next_dagrun for latest_only to 2024-09-29 08:00:00+00:00, run_after=2024-09-29 12:00:00+00:00
[2024-09-29T08:34:10.096-0500] {processor.py:208} INFO - Processing /home/d-salamanca/airflow-env/lib/python3.12/site-packages/airflow/example_dags/example_latest_only.py took 0.137 seconds
[2024-09-29T08:36:07.277-0500] {processor.py:186} INFO - Started process (PID=30812) to work on /home/d-salamanca/airflow-env/lib/python3.12/site-packages/airflow/example_dags/example_latest_only.py
[2024-09-29T08:36:07.300-0500] {processor.py:914} INFO - Processing file /home/d-salamanca/airflow-env/lib/python3.12/site-packages/airflow/example_dags/example_latest_only.py for tasks to queue
[2024-09-29T08:36:07.303-0500] {logging_mixin.py:190} INFO - [2024-09-29T08:36:07.302-0500] {dagbag.py:588} INFO - Filling up the DagBag from /home/d-salamanca/airflow-env/lib/python3.12/site-packages/airflow/example_dags/example_latest_only.py
[2024-09-29T08:36:07.335-0500] {processor.py:925} INFO - DAG(s) 'latest_only' retrieved from /home/d-salamanca/airflow-env/lib/python3.12/site-packages/airflow/example_dags/example_latest_only.py
[2024-09-29T08:36:07.355-0500] {logging_mixin.py:190} INFO - [2024-09-29T08:36:07.355-0500] {dag.py:3239} INFO - Sync 1 DAGs
[2024-09-29T08:36:07.435-0500] {logging_mixin.py:190} INFO - [2024-09-29T08:36:07.435-0500] {dag.py:4180} INFO - Setting next_dagrun for latest_only to 2024-09-29 08:00:00+00:00, run_after=2024-09-29 12:00:00+00:00
[2024-09-29T08:36:07.682-0500] {processor.py:208} INFO - Processing /home/d-salamanca/airflow-env/lib/python3.12/site-packages/airflow/example_dags/example_latest_only.py took 0.411 seconds
[2024-09-29T08:38:14.859-0500] {processor.py:186} INFO - Started process (PID=31059) to work on /home/d-salamanca/airflow-env/lib/python3.12/site-packages/airflow/example_dags/example_latest_only.py
[2024-09-29T08:38:14.885-0500] {processor.py:914} INFO - Processing file /home/d-salamanca/airflow-env/lib/python3.12/site-packages/airflow/example_dags/example_latest_only.py for tasks to queue
[2024-09-29T08:38:14.888-0500] {logging_mixin.py:190} INFO - [2024-09-29T08:38:14.887-0500] {dagbag.py:588} INFO - Filling up the DagBag from /home/d-salamanca/airflow-env/lib/python3.12/site-packages/airflow/example_dags/example_latest_only.py
[2024-09-29T08:38:14.912-0500] {processor.py:925} INFO - DAG(s) 'latest_only' retrieved from /home/d-salamanca/airflow-env/lib/python3.12/site-packages/airflow/example_dags/example_latest_only.py
[2024-09-29T08:38:14.932-0500] {logging_mixin.py:190} INFO - [2024-09-29T08:38:14.931-0500] {dag.py:3239} INFO - Sync 1 DAGs
[2024-09-29T08:38:14.956-0500] {logging_mixin.py:190} INFO - [2024-09-29T08:38:14.956-0500] {dag.py:4180} INFO - Setting next_dagrun for latest_only to 2024-09-29 08:00:00+00:00, run_after=2024-09-29 12:00:00+00:00
[2024-09-29T08:38:14.986-0500] {processor.py:208} INFO - Processing /home/d-salamanca/airflow-env/lib/python3.12/site-packages/airflow/example_dags/example_latest_only.py took 0.135 seconds
[2024-09-29T08:39:41.076-0500] {processor.py:186} INFO - Started process (PID=31131) to work on /home/d-salamanca/airflow-env/lib/python3.12/site-packages/airflow/example_dags/example_latest_only.py
[2024-09-29T08:39:41.111-0500] {processor.py:914} INFO - Processing file /home/d-salamanca/airflow-env/lib/python3.12/site-packages/airflow/example_dags/example_latest_only.py for tasks to queue
[2024-09-29T08:39:41.118-0500] {logging_mixin.py:190} INFO - [2024-09-29T08:39:41.117-0500] {dagbag.py:588} INFO - Filling up the DagBag from /home/d-salamanca/airflow-env/lib/python3.12/site-packages/airflow/example_dags/example_latest_only.py
[2024-09-29T08:39:41.133-0500] {processor.py:925} INFO - DAG(s) 'latest_only' retrieved from /home/d-salamanca/airflow-env/lib/python3.12/site-packages/airflow/example_dags/example_latest_only.py
[2024-09-29T08:39:41.153-0500] {logging_mixin.py:190} INFO - [2024-09-29T08:39:41.152-0500] {dag.py:3239} INFO - Sync 1 DAGs
[2024-09-29T08:39:41.179-0500] {logging_mixin.py:190} INFO - [2024-09-29T08:39:41.179-0500] {dag.py:4180} INFO - Setting next_dagrun for latest_only to 2024-09-29 08:00:00+00:00, run_after=2024-09-29 12:00:00+00:00
[2024-09-29T08:39:41.205-0500] {processor.py:208} INFO - Processing /home/d-salamanca/airflow-env/lib/python3.12/site-packages/airflow/example_dags/example_latest_only.py took 0.136 seconds
[2024-09-29T08:41:20.158-0500] {processor.py:186} INFO - Started process (PID=31209) to work on /home/d-salamanca/airflow-env/lib/python3.12/site-packages/airflow/example_dags/example_latest_only.py
[2024-09-29T08:41:20.177-0500] {processor.py:914} INFO - Processing file /home/d-salamanca/airflow-env/lib/python3.12/site-packages/airflow/example_dags/example_latest_only.py for tasks to queue
[2024-09-29T08:41:20.181-0500] {logging_mixin.py:190} INFO - [2024-09-29T08:41:20.181-0500] {dagbag.py:588} INFO - Filling up the DagBag from /home/d-salamanca/airflow-env/lib/python3.12/site-packages/airflow/example_dags/example_latest_only.py
[2024-09-29T08:41:20.192-0500] {processor.py:925} INFO - DAG(s) 'latest_only' retrieved from /home/d-salamanca/airflow-env/lib/python3.12/site-packages/airflow/example_dags/example_latest_only.py
[2024-09-29T08:41:20.210-0500] {logging_mixin.py:190} INFO - [2024-09-29T08:41:20.210-0500] {dag.py:3239} INFO - Sync 1 DAGs
[2024-09-29T08:41:20.232-0500] {logging_mixin.py:190} INFO - [2024-09-29T08:41:20.232-0500] {dag.py:4180} INFO - Setting next_dagrun for latest_only to 2024-09-29 08:00:00+00:00, run_after=2024-09-29 12:00:00+00:00
[2024-09-29T08:41:20.407-0500] {processor.py:208} INFO - Processing /home/d-salamanca/airflow-env/lib/python3.12/site-packages/airflow/example_dags/example_latest_only.py took 0.257 seconds
[2024-09-29T08:42:48.645-0500] {processor.py:186} INFO - Started process (PID=31281) to work on /home/d-salamanca/airflow-env/lib/python3.12/site-packages/airflow/example_dags/example_latest_only.py
[2024-09-29T08:42:48.665-0500] {processor.py:914} INFO - Processing file /home/d-salamanca/airflow-env/lib/python3.12/site-packages/airflow/example_dags/example_latest_only.py for tasks to queue
[2024-09-29T08:42:48.670-0500] {logging_mixin.py:190} INFO - [2024-09-29T08:42:48.669-0500] {dagbag.py:588} INFO - Filling up the DagBag from /home/d-salamanca/airflow-env/lib/python3.12/site-packages/airflow/example_dags/example_latest_only.py
[2024-09-29T08:42:48.680-0500] {processor.py:925} INFO - DAG(s) 'latest_only' retrieved from /home/d-salamanca/airflow-env/lib/python3.12/site-packages/airflow/example_dags/example_latest_only.py
[2024-09-29T08:42:48.700-0500] {logging_mixin.py:190} INFO - [2024-09-29T08:42:48.699-0500] {dag.py:3239} INFO - Sync 1 DAGs
[2024-09-29T08:42:48.723-0500] {logging_mixin.py:190} INFO - [2024-09-29T08:42:48.723-0500] {dag.py:4180} INFO - Setting next_dagrun for latest_only to 2024-09-29 08:00:00+00:00, run_after=2024-09-29 12:00:00+00:00
[2024-09-29T08:42:48.820-0500] {processor.py:208} INFO - Processing /home/d-salamanca/airflow-env/lib/python3.12/site-packages/airflow/example_dags/example_latest_only.py took 0.183 seconds
[2024-09-29T08:44:16.496-0500] {processor.py:186} INFO - Started process (PID=31352) to work on /home/d-salamanca/airflow-env/lib/python3.12/site-packages/airflow/example_dags/example_latest_only.py
[2024-09-29T08:44:16.497-0500] {processor.py:914} INFO - Processing file /home/d-salamanca/airflow-env/lib/python3.12/site-packages/airflow/example_dags/example_latest_only.py for tasks to queue
[2024-09-29T08:44:16.501-0500] {logging_mixin.py:190} INFO - [2024-09-29T08:44:16.500-0500] {dagbag.py:588} INFO - Filling up the DagBag from /home/d-salamanca/airflow-env/lib/python3.12/site-packages/airflow/example_dags/example_latest_only.py
[2024-09-29T08:44:16.558-0500] {processor.py:925} INFO - DAG(s) 'latest_only' retrieved from /home/d-salamanca/airflow-env/lib/python3.12/site-packages/airflow/example_dags/example_latest_only.py
[2024-09-29T08:44:16.615-0500] {logging_mixin.py:190} INFO - [2024-09-29T08:44:16.615-0500] {dag.py:3239} INFO - Sync 1 DAGs
[2024-09-29T08:44:16.861-0500] {logging_mixin.py:190} INFO - [2024-09-29T08:44:16.860-0500] {dag.py:4180} INFO - Setting next_dagrun for latest_only to 2024-09-29 08:00:00+00:00, run_after=2024-09-29 12:00:00+00:00
[2024-09-29T08:44:16.937-0500] {processor.py:208} INFO - Processing /home/d-salamanca/airflow-env/lib/python3.12/site-packages/airflow/example_dags/example_latest_only.py took 0.485 seconds
[2024-09-29T08:45:38.764-0500] {processor.py:186} INFO - Started process (PID=31435) to work on /home/d-salamanca/airflow-env/lib/python3.12/site-packages/airflow/example_dags/example_latest_only.py
[2024-09-29T08:45:38.765-0500] {processor.py:914} INFO - Processing file /home/d-salamanca/airflow-env/lib/python3.12/site-packages/airflow/example_dags/example_latest_only.py for tasks to queue
[2024-09-29T08:45:38.768-0500] {logging_mixin.py:190} INFO - [2024-09-29T08:45:38.767-0500] {dagbag.py:588} INFO - Filling up the DagBag from /home/d-salamanca/airflow-env/lib/python3.12/site-packages/airflow/example_dags/example_latest_only.py
[2024-09-29T08:45:38.778-0500] {processor.py:925} INFO - DAG(s) 'latest_only' retrieved from /home/d-salamanca/airflow-env/lib/python3.12/site-packages/airflow/example_dags/example_latest_only.py
[2024-09-29T08:45:38.797-0500] {logging_mixin.py:190} INFO - [2024-09-29T08:45:38.797-0500] {dag.py:3239} INFO - Sync 1 DAGs
[2024-09-29T08:45:38.822-0500] {logging_mixin.py:190} INFO - [2024-09-29T08:45:38.822-0500] {dag.py:4180} INFO - Setting next_dagrun for latest_only to 2024-09-29 08:00:00+00:00, run_after=2024-09-29 12:00:00+00:00
[2024-09-29T08:45:38.847-0500] {processor.py:208} INFO - Processing /home/d-salamanca/airflow-env/lib/python3.12/site-packages/airflow/example_dags/example_latest_only.py took 0.094 seconds
[2024-09-29T08:47:40.437-0500] {processor.py:186} INFO - Started process (PID=31507) to work on /home/d-salamanca/airflow-env/lib/python3.12/site-packages/airflow/example_dags/example_latest_only.py
[2024-09-29T08:47:40.623-0500] {processor.py:914} INFO - Processing file /home/d-salamanca/airflow-env/lib/python3.12/site-packages/airflow/example_dags/example_latest_only.py for tasks to queue
[2024-09-29T08:47:40.627-0500] {logging_mixin.py:190} INFO - [2024-09-29T08:47:40.627-0500] {dagbag.py:588} INFO - Filling up the DagBag from /home/d-salamanca/airflow-env/lib/python3.12/site-packages/airflow/example_dags/example_latest_only.py
[2024-09-29T08:47:40.636-0500] {processor.py:925} INFO - DAG(s) 'latest_only' retrieved from /home/d-salamanca/airflow-env/lib/python3.12/site-packages/airflow/example_dags/example_latest_only.py
[2024-09-29T08:47:40.655-0500] {logging_mixin.py:190} INFO - [2024-09-29T08:47:40.654-0500] {dag.py:3239} INFO - Sync 1 DAGs
[2024-09-29T08:47:40.682-0500] {logging_mixin.py:190} INFO - [2024-09-29T08:47:40.682-0500] {dag.py:4180} INFO - Setting next_dagrun for latest_only to 2024-09-29 08:00:00+00:00, run_after=2024-09-29 12:00:00+00:00
[2024-09-29T08:47:40.792-0500] {processor.py:208} INFO - Processing /home/d-salamanca/airflow-env/lib/python3.12/site-packages/airflow/example_dags/example_latest_only.py took 0.363 seconds
[2024-09-29T08:49:04.742-0500] {processor.py:186} INFO - Started process (PID=31595) to work on /home/d-salamanca/airflow-env/lib/python3.12/site-packages/airflow/example_dags/example_latest_only.py
[2024-09-29T08:49:04.780-0500] {processor.py:914} INFO - Processing file /home/d-salamanca/airflow-env/lib/python3.12/site-packages/airflow/example_dags/example_latest_only.py for tasks to queue
[2024-09-29T08:49:04.787-0500] {logging_mixin.py:190} INFO - [2024-09-29T08:49:04.786-0500] {dagbag.py:588} INFO - Filling up the DagBag from /home/d-salamanca/airflow-env/lib/python3.12/site-packages/airflow/example_dags/example_latest_only.py
[2024-09-29T08:49:04.798-0500] {processor.py:925} INFO - DAG(s) 'latest_only' retrieved from /home/d-salamanca/airflow-env/lib/python3.12/site-packages/airflow/example_dags/example_latest_only.py
[2024-09-29T08:49:04.818-0500] {logging_mixin.py:190} INFO - [2024-09-29T08:49:04.818-0500] {dag.py:3239} INFO - Sync 1 DAGs
[2024-09-29T08:49:04.841-0500] {logging_mixin.py:190} INFO - [2024-09-29T08:49:04.841-0500] {dag.py:4180} INFO - Setting next_dagrun for latest_only to 2024-09-29 08:00:00+00:00, run_after=2024-09-29 12:00:00+00:00
[2024-09-29T08:49:04.901-0500] {processor.py:208} INFO - Processing /home/d-salamanca/airflow-env/lib/python3.12/site-packages/airflow/example_dags/example_latest_only.py took 0.167 seconds
[2024-09-29T08:50:34.531-0500] {processor.py:186} INFO - Started process (PID=31686) to work on /home/d-salamanca/airflow-env/lib/python3.12/site-packages/airflow/example_dags/example_latest_only.py
[2024-09-29T08:50:34.561-0500] {processor.py:914} INFO - Processing file /home/d-salamanca/airflow-env/lib/python3.12/site-packages/airflow/example_dags/example_latest_only.py for tasks to queue
[2024-09-29T08:50:34.568-0500] {logging_mixin.py:190} INFO - [2024-09-29T08:50:34.566-0500] {dagbag.py:588} INFO - Filling up the DagBag from /home/d-salamanca/airflow-env/lib/python3.12/site-packages/airflow/example_dags/example_latest_only.py
[2024-09-29T08:50:34.578-0500] {processor.py:925} INFO - DAG(s) 'latest_only' retrieved from /home/d-salamanca/airflow-env/lib/python3.12/site-packages/airflow/example_dags/example_latest_only.py
[2024-09-29T08:50:34.597-0500] {logging_mixin.py:190} INFO - [2024-09-29T08:50:34.596-0500] {dag.py:3239} INFO - Sync 1 DAGs
[2024-09-29T08:50:34.620-0500] {logging_mixin.py:190} INFO - [2024-09-29T08:50:34.620-0500] {dag.py:4180} INFO - Setting next_dagrun for latest_only to 2024-09-29 08:00:00+00:00, run_after=2024-09-29 12:00:00+00:00
[2024-09-29T08:50:34.696-0500] {processor.py:208} INFO - Processing /home/d-salamanca/airflow-env/lib/python3.12/site-packages/airflow/example_dags/example_latest_only.py took 0.173 seconds
[2024-09-29T08:53:13.912-0500] {processor.py:186} INFO - Started process (PID=31982) to work on /home/d-salamanca/airflow-env/lib/python3.12/site-packages/airflow/example_dags/example_latest_only.py
[2024-09-29T08:53:13.985-0500] {processor.py:914} INFO - Processing file /home/d-salamanca/airflow-env/lib/python3.12/site-packages/airflow/example_dags/example_latest_only.py for tasks to queue
[2024-09-29T08:53:13.992-0500] {logging_mixin.py:190} INFO - [2024-09-29T08:53:13.991-0500] {dagbag.py:588} INFO - Filling up the DagBag from /home/d-salamanca/airflow-env/lib/python3.12/site-packages/airflow/example_dags/example_latest_only.py
[2024-09-29T08:53:14.225-0500] {processor.py:925} INFO - DAG(s) 'latest_only' retrieved from /home/d-salamanca/airflow-env/lib/python3.12/site-packages/airflow/example_dags/example_latest_only.py
[2024-09-29T08:53:14.520-0500] {logging_mixin.py:190} INFO - [2024-09-29T08:53:14.520-0500] {dag.py:3239} INFO - Sync 1 DAGs
[2024-09-29T08:53:14.657-0500] {logging_mixin.py:190} INFO - [2024-09-29T08:53:14.657-0500] {dag.py:4180} INFO - Setting next_dagrun for latest_only to 2024-09-29 08:00:00+00:00, run_after=2024-09-29 12:00:00+00:00
[2024-09-29T08:53:14.821-0500] {processor.py:208} INFO - Processing /home/d-salamanca/airflow-env/lib/python3.12/site-packages/airflow/example_dags/example_latest_only.py took 1.024 seconds
[2024-09-29T08:54:47.851-0500] {processor.py:186} INFO - Started process (PID=32057) to work on /home/d-salamanca/airflow-env/lib/python3.12/site-packages/airflow/example_dags/example_latest_only.py
[2024-09-29T08:54:47.877-0500] {processor.py:914} INFO - Processing file /home/d-salamanca/airflow-env/lib/python3.12/site-packages/airflow/example_dags/example_latest_only.py for tasks to queue
[2024-09-29T08:54:47.882-0500] {logging_mixin.py:190} INFO - [2024-09-29T08:54:47.881-0500] {dagbag.py:588} INFO - Filling up the DagBag from /home/d-salamanca/airflow-env/lib/python3.12/site-packages/airflow/example_dags/example_latest_only.py
[2024-09-29T08:54:47.894-0500] {processor.py:925} INFO - DAG(s) 'latest_only' retrieved from /home/d-salamanca/airflow-env/lib/python3.12/site-packages/airflow/example_dags/example_latest_only.py
[2024-09-29T08:54:47.961-0500] {logging_mixin.py:190} INFO - [2024-09-29T08:54:47.961-0500] {dag.py:3239} INFO - Sync 1 DAGs
[2024-09-29T08:54:47.983-0500] {logging_mixin.py:190} INFO - [2024-09-29T08:54:47.983-0500] {dag.py:4180} INFO - Setting next_dagrun for latest_only to 2024-09-29 08:00:00+00:00, run_after=2024-09-29 12:00:00+00:00
[2024-09-29T08:54:48.062-0500] {processor.py:208} INFO - Processing /home/d-salamanca/airflow-env/lib/python3.12/site-packages/airflow/example_dags/example_latest_only.py took 0.234 seconds
[2024-09-29T08:56:27.810-0500] {processor.py:186} INFO - Started process (PID=32135) to work on /home/d-salamanca/airflow-env/lib/python3.12/site-packages/airflow/example_dags/example_latest_only.py
[2024-09-29T08:56:27.866-0500] {processor.py:914} INFO - Processing file /home/d-salamanca/airflow-env/lib/python3.12/site-packages/airflow/example_dags/example_latest_only.py for tasks to queue
[2024-09-29T08:56:27.872-0500] {logging_mixin.py:190} INFO - [2024-09-29T08:56:27.871-0500] {dagbag.py:588} INFO - Filling up the DagBag from /home/d-salamanca/airflow-env/lib/python3.12/site-packages/airflow/example_dags/example_latest_only.py
[2024-09-29T08:56:27.885-0500] {processor.py:925} INFO - DAG(s) 'latest_only' retrieved from /home/d-salamanca/airflow-env/lib/python3.12/site-packages/airflow/example_dags/example_latest_only.py
[2024-09-29T08:56:27.903-0500] {logging_mixin.py:190} INFO - [2024-09-29T08:56:27.903-0500] {dag.py:3239} INFO - Sync 1 DAGs
[2024-09-29T08:56:27.927-0500] {logging_mixin.py:190} INFO - [2024-09-29T08:56:27.926-0500] {dag.py:4180} INFO - Setting next_dagrun for latest_only to 2024-09-29 08:00:00+00:00, run_after=2024-09-29 12:00:00+00:00
[2024-09-29T08:56:28.212-0500] {processor.py:208} INFO - Processing /home/d-salamanca/airflow-env/lib/python3.12/site-packages/airflow/example_dags/example_latest_only.py took 0.410 seconds
[2024-09-29T08:58:16.289-0500] {processor.py:186} INFO - Started process (PID=32216) to work on /home/d-salamanca/airflow-env/lib/python3.12/site-packages/airflow/example_dags/example_latest_only.py
[2024-09-29T08:58:16.302-0500] {processor.py:914} INFO - Processing file /home/d-salamanca/airflow-env/lib/python3.12/site-packages/airflow/example_dags/example_latest_only.py for tasks to queue
[2024-09-29T08:58:16.306-0500] {logging_mixin.py:190} INFO - [2024-09-29T08:58:16.305-0500] {dagbag.py:588} INFO - Filling up the DagBag from /home/d-salamanca/airflow-env/lib/python3.12/site-packages/airflow/example_dags/example_latest_only.py
[2024-09-29T08:58:16.316-0500] {processor.py:925} INFO - DAG(s) 'latest_only' retrieved from /home/d-salamanca/airflow-env/lib/python3.12/site-packages/airflow/example_dags/example_latest_only.py
[2024-09-29T08:58:16.335-0500] {logging_mixin.py:190} INFO - [2024-09-29T08:58:16.334-0500] {dag.py:3239} INFO - Sync 1 DAGs
[2024-09-29T08:58:16.358-0500] {logging_mixin.py:190} INFO - [2024-09-29T08:58:16.358-0500] {dag.py:4180} INFO - Setting next_dagrun for latest_only to 2024-09-29 08:00:00+00:00, run_after=2024-09-29 12:00:00+00:00
[2024-09-29T08:58:16.387-0500] {processor.py:208} INFO - Processing /home/d-salamanca/airflow-env/lib/python3.12/site-packages/airflow/example_dags/example_latest_only.py took 0.104 seconds
[2024-09-29T09:00:12.181-0500] {processor.py:186} INFO - Started process (PID=32469) to work on /home/d-salamanca/airflow-env/lib/python3.12/site-packages/airflow/example_dags/example_latest_only.py
[2024-09-29T09:00:12.254-0500] {processor.py:914} INFO - Processing file /home/d-salamanca/airflow-env/lib/python3.12/site-packages/airflow/example_dags/example_latest_only.py for tasks to queue
[2024-09-29T09:00:12.259-0500] {logging_mixin.py:190} INFO - [2024-09-29T09:00:12.258-0500] {dagbag.py:588} INFO - Filling up the DagBag from /home/d-salamanca/airflow-env/lib/python3.12/site-packages/airflow/example_dags/example_latest_only.py
[2024-09-29T09:00:12.364-0500] {processor.py:925} INFO - DAG(s) 'latest_only' retrieved from /home/d-salamanca/airflow-env/lib/python3.12/site-packages/airflow/example_dags/example_latest_only.py
[2024-09-29T09:00:12.391-0500] {logging_mixin.py:190} INFO - [2024-09-29T09:00:12.391-0500] {dag.py:3239} INFO - Sync 1 DAGs
[2024-09-29T09:00:12.416-0500] {logging_mixin.py:190} INFO - [2024-09-29T09:00:12.416-0500] {dag.py:4180} INFO - Setting next_dagrun for latest_only to 2024-09-29 08:00:00+00:00, run_after=2024-09-29 12:00:00+00:00
[2024-09-29T09:00:12.501-0500] {processor.py:208} INFO - Processing /home/d-salamanca/airflow-env/lib/python3.12/site-packages/airflow/example_dags/example_latest_only.py took 0.331 seconds
[2024-09-29T09:01:58.350-0500] {processor.py:186} INFO - Started process (PID=32597) to work on /home/d-salamanca/airflow-env/lib/python3.12/site-packages/airflow/example_dags/example_latest_only.py
[2024-09-29T09:01:58.390-0500] {processor.py:914} INFO - Processing file /home/d-salamanca/airflow-env/lib/python3.12/site-packages/airflow/example_dags/example_latest_only.py for tasks to queue
[2024-09-29T09:01:58.396-0500] {logging_mixin.py:190} INFO - [2024-09-29T09:01:58.395-0500] {dagbag.py:588} INFO - Filling up the DagBag from /home/d-salamanca/airflow-env/lib/python3.12/site-packages/airflow/example_dags/example_latest_only.py
[2024-09-29T09:01:58.446-0500] {processor.py:925} INFO - DAG(s) 'latest_only' retrieved from /home/d-salamanca/airflow-env/lib/python3.12/site-packages/airflow/example_dags/example_latest_only.py
[2024-09-29T09:01:58.465-0500] {logging_mixin.py:190} INFO - [2024-09-29T09:01:58.465-0500] {dag.py:3239} INFO - Sync 1 DAGs
[2024-09-29T09:01:58.490-0500] {logging_mixin.py:190} INFO - [2024-09-29T09:01:58.489-0500] {dag.py:4180} INFO - Setting next_dagrun for latest_only to 2024-09-29 08:00:00+00:00, run_after=2024-09-29 12:00:00+00:00
[2024-09-29T09:01:58.553-0500] {processor.py:208} INFO - Processing /home/d-salamanca/airflow-env/lib/python3.12/site-packages/airflow/example_dags/example_latest_only.py took 0.210 seconds
[2024-09-29T09:03:23.293-0500] {processor.py:186} INFO - Started process (PID=32667) to work on /home/d-salamanca/airflow-env/lib/python3.12/site-packages/airflow/example_dags/example_latest_only.py
[2024-09-29T09:03:23.309-0500] {processor.py:914} INFO - Processing file /home/d-salamanca/airflow-env/lib/python3.12/site-packages/airflow/example_dags/example_latest_only.py for tasks to queue
[2024-09-29T09:03:23.312-0500] {logging_mixin.py:190} INFO - [2024-09-29T09:03:23.312-0500] {dagbag.py:588} INFO - Filling up the DagBag from /home/d-salamanca/airflow-env/lib/python3.12/site-packages/airflow/example_dags/example_latest_only.py
[2024-09-29T09:03:23.322-0500] {processor.py:925} INFO - DAG(s) 'latest_only' retrieved from /home/d-salamanca/airflow-env/lib/python3.12/site-packages/airflow/example_dags/example_latest_only.py
[2024-09-29T09:03:23.341-0500] {logging_mixin.py:190} INFO - [2024-09-29T09:03:23.341-0500] {dag.py:3239} INFO - Sync 1 DAGs
[2024-09-29T09:03:23.365-0500] {logging_mixin.py:190} INFO - [2024-09-29T09:03:23.365-0500] {dag.py:4180} INFO - Setting next_dagrun for latest_only to 2024-09-29 08:00:00+00:00, run_after=2024-09-29 12:00:00+00:00
[2024-09-29T09:03:23.393-0500] {processor.py:208} INFO - Processing /home/d-salamanca/airflow-env/lib/python3.12/site-packages/airflow/example_dags/example_latest_only.py took 0.108 seconds
[2024-09-29T09:05:10.007-0500] {processor.py:186} INFO - Started process (PID=32999) to work on /home/d-salamanca/airflow-env/lib/python3.12/site-packages/airflow/example_dags/example_latest_only.py
[2024-09-29T09:05:10.019-0500] {processor.py:914} INFO - Processing file /home/d-salamanca/airflow-env/lib/python3.12/site-packages/airflow/example_dags/example_latest_only.py for tasks to queue
[2024-09-29T09:05:10.024-0500] {logging_mixin.py:190} INFO - [2024-09-29T09:05:10.023-0500] {dagbag.py:588} INFO - Filling up the DagBag from /home/d-salamanca/airflow-env/lib/python3.12/site-packages/airflow/example_dags/example_latest_only.py
[2024-09-29T09:05:10.056-0500] {processor.py:925} INFO - DAG(s) 'latest_only' retrieved from /home/d-salamanca/airflow-env/lib/python3.12/site-packages/airflow/example_dags/example_latest_only.py
[2024-09-29T09:05:10.078-0500] {logging_mixin.py:190} INFO - [2024-09-29T09:05:10.077-0500] {dag.py:3239} INFO - Sync 1 DAGs
[2024-09-29T09:05:10.146-0500] {logging_mixin.py:190} INFO - [2024-09-29T09:05:10.146-0500] {dag.py:4180} INFO - Setting next_dagrun for latest_only to 2024-09-29 08:00:00+00:00, run_after=2024-09-29 12:00:00+00:00
[2024-09-29T09:05:10.186-0500] {processor.py:208} INFO - Processing /home/d-salamanca/airflow-env/lib/python3.12/site-packages/airflow/example_dags/example_latest_only.py took 0.192 seconds
[2024-09-29T09:07:21.028-0500] {processor.py:186} INFO - Started process (PID=33104) to work on /home/d-salamanca/airflow-env/lib/python3.12/site-packages/airflow/example_dags/example_latest_only.py
[2024-09-29T09:07:21.037-0500] {processor.py:914} INFO - Processing file /home/d-salamanca/airflow-env/lib/python3.12/site-packages/airflow/example_dags/example_latest_only.py for tasks to queue
[2024-09-29T09:07:21.040-0500] {logging_mixin.py:190} INFO - [2024-09-29T09:07:21.040-0500] {dagbag.py:588} INFO - Filling up the DagBag from /home/d-salamanca/airflow-env/lib/python3.12/site-packages/airflow/example_dags/example_latest_only.py
[2024-09-29T09:07:21.051-0500] {processor.py:925} INFO - DAG(s) 'latest_only' retrieved from /home/d-salamanca/airflow-env/lib/python3.12/site-packages/airflow/example_dags/example_latest_only.py
[2024-09-29T09:07:21.070-0500] {logging_mixin.py:190} INFO - [2024-09-29T09:07:21.070-0500] {dag.py:3239} INFO - Sync 1 DAGs
[2024-09-29T09:07:21.095-0500] {logging_mixin.py:190} INFO - [2024-09-29T09:07:21.095-0500] {dag.py:4180} INFO - Setting next_dagrun for latest_only to 2024-09-29 08:00:00+00:00, run_after=2024-09-29 12:00:00+00:00
[2024-09-29T09:07:21.137-0500] {processor.py:208} INFO - Processing /home/d-salamanca/airflow-env/lib/python3.12/site-packages/airflow/example_dags/example_latest_only.py took 0.117 seconds
[2024-09-29T09:08:33.284-0500] {processor.py:186} INFO - Started process (PID=33171) to work on /home/d-salamanca/airflow-env/lib/python3.12/site-packages/airflow/example_dags/example_latest_only.py
[2024-09-29T09:08:33.315-0500] {processor.py:914} INFO - Processing file /home/d-salamanca/airflow-env/lib/python3.12/site-packages/airflow/example_dags/example_latest_only.py for tasks to queue
[2024-09-29T09:08:33.320-0500] {logging_mixin.py:190} INFO - [2024-09-29T09:08:33.319-0500] {dagbag.py:588} INFO - Filling up the DagBag from /home/d-salamanca/airflow-env/lib/python3.12/site-packages/airflow/example_dags/example_latest_only.py
[2024-09-29T09:08:33.365-0500] {processor.py:925} INFO - DAG(s) 'latest_only' retrieved from /home/d-salamanca/airflow-env/lib/python3.12/site-packages/airflow/example_dags/example_latest_only.py
[2024-09-29T09:08:33.385-0500] {logging_mixin.py:190} INFO - [2024-09-29T09:08:33.385-0500] {dag.py:3239} INFO - Sync 1 DAGs
[2024-09-29T09:08:33.409-0500] {logging_mixin.py:190} INFO - [2024-09-29T09:08:33.409-0500] {dag.py:4180} INFO - Setting next_dagrun for latest_only to 2024-09-29 08:00:00+00:00, run_after=2024-09-29 12:00:00+00:00
[2024-09-29T09:08:33.554-0500] {processor.py:208} INFO - Processing /home/d-salamanca/airflow-env/lib/python3.12/site-packages/airflow/example_dags/example_latest_only.py took 0.281 seconds
