[2024-09-29T00:19:55.911-0500] {processor.py:186} INFO - Started process (PID=28647) to work on /home/d-salamanca/airflow-env/lib/python3.12/site-packages/airflow/example_dags/example_complex.py
[2024-09-29T00:19:55.912-0500] {processor.py:914} INFO - Processing file /home/d-salamanca/airflow-env/lib/python3.12/site-packages/airflow/example_dags/example_complex.py for tasks to queue
[2024-09-29T00:19:55.914-0500] {logging_mixin.py:190} INFO - [2024-09-29T00:19:55.914-0500] {dagbag.py:588} INFO - Filling up the DagBag from /home/d-salamanca/airflow-env/lib/python3.12/site-packages/airflow/example_dags/example_complex.py
[2024-09-29T00:19:55.958-0500] {processor.py:925} INFO - DAG(s) 'example_complex' retrieved from /home/d-salamanca/airflow-env/lib/python3.12/site-packages/airflow/example_dags/example_complex.py
[2024-09-29T00:19:56.132-0500] {logging_mixin.py:190} INFO - [2024-09-29T00:19:56.131-0500] {override.py:1901} INFO - Created Permission View: can edit on DAG:example_complex
[2024-09-29T00:19:56.179-0500] {logging_mixin.py:190} INFO - [2024-09-29T00:19:56.179-0500] {override.py:1901} INFO - Created Permission View: can read on DAG:example_complex
[2024-09-29T00:19:56.219-0500] {logging_mixin.py:190} INFO - [2024-09-29T00:19:56.218-0500] {override.py:1901} INFO - Created Permission View: can delete on DAG:example_complex
[2024-09-29T00:19:56.275-0500] {logging_mixin.py:190} INFO - [2024-09-29T00:19:56.274-0500] {override.py:1901} INFO - Created Permission View: can create on DAG Run:example_complex
[2024-09-29T00:19:56.307-0500] {logging_mixin.py:190} INFO - [2024-09-29T00:19:56.306-0500] {override.py:1901} INFO - Created Permission View: can read on DAG Run:example_complex
[2024-09-29T00:19:56.355-0500] {logging_mixin.py:190} INFO - [2024-09-29T00:19:56.354-0500] {override.py:1901} INFO - Created Permission View: can delete on DAG Run:example_complex
[2024-09-29T00:19:56.375-0500] {logging_mixin.py:190} INFO - [2024-09-29T00:19:56.374-0500] {override.py:1901} INFO - Created Permission View: menu access on DAG Run:example_complex
[2024-09-29T00:19:56.376-0500] {logging_mixin.py:190} INFO - [2024-09-29T00:19:56.375-0500] {dag.py:3239} INFO - Sync 1 DAGs
[2024-09-29T00:19:56.396-0500] {logging_mixin.py:190} INFO - [2024-09-29T00:19:56.396-0500] {dag.py:3262} INFO - Creating ORM DAG for example_complex
[2024-09-29T00:19:56.397-0500] {logging_mixin.py:190} INFO - [2024-09-29T00:19:56.397-0500] {dag.py:4180} INFO - Setting next_dagrun for example_complex to None, run_after=None
[2024-09-29T00:19:56.431-0500] {processor.py:208} INFO - Processing /home/d-salamanca/airflow-env/lib/python3.12/site-packages/airflow/example_dags/example_complex.py took 0.528 seconds
[2024-09-29T00:21:40.396-0500] {processor.py:186} INFO - Started process (PID=28740) to work on /home/d-salamanca/airflow-env/lib/python3.12/site-packages/airflow/example_dags/example_complex.py
[2024-09-29T00:21:40.440-0500] {processor.py:914} INFO - Processing file /home/d-salamanca/airflow-env/lib/python3.12/site-packages/airflow/example_dags/example_complex.py for tasks to queue
[2024-09-29T00:21:40.446-0500] {logging_mixin.py:190} INFO - [2024-09-29T00:21:40.445-0500] {dagbag.py:588} INFO - Filling up the DagBag from /home/d-salamanca/airflow-env/lib/python3.12/site-packages/airflow/example_dags/example_complex.py
[2024-09-29T00:21:40.465-0500] {processor.py:925} INFO - DAG(s) 'example_complex' retrieved from /home/d-salamanca/airflow-env/lib/python3.12/site-packages/airflow/example_dags/example_complex.py
[2024-09-29T00:21:40.503-0500] {logging_mixin.py:190} INFO - [2024-09-29T00:21:40.503-0500] {dag.py:3239} INFO - Sync 1 DAGs
[2024-09-29T00:21:40.524-0500] {logging_mixin.py:190} INFO - [2024-09-29T00:21:40.523-0500] {dag.py:4180} INFO - Setting next_dagrun for example_complex to None, run_after=None
[2024-09-29T00:21:40.699-0500] {processor.py:208} INFO - Processing /home/d-salamanca/airflow-env/lib/python3.12/site-packages/airflow/example_dags/example_complex.py took 0.313 seconds
[2024-09-29T00:23:15.265-0500] {processor.py:186} INFO - Started process (PID=28815) to work on /home/d-salamanca/airflow-env/lib/python3.12/site-packages/airflow/example_dags/example_complex.py
[2024-09-29T00:23:15.312-0500] {processor.py:914} INFO - Processing file /home/d-salamanca/airflow-env/lib/python3.12/site-packages/airflow/example_dags/example_complex.py for tasks to queue
[2024-09-29T00:23:15.317-0500] {logging_mixin.py:190} INFO - [2024-09-29T00:23:15.316-0500] {dagbag.py:588} INFO - Filling up the DagBag from /home/d-salamanca/airflow-env/lib/python3.12/site-packages/airflow/example_dags/example_complex.py
[2024-09-29T00:23:15.332-0500] {processor.py:925} INFO - DAG(s) 'example_complex' retrieved from /home/d-salamanca/airflow-env/lib/python3.12/site-packages/airflow/example_dags/example_complex.py
[2024-09-29T00:23:15.362-0500] {logging_mixin.py:190} INFO - [2024-09-29T00:23:15.362-0500] {dag.py:3239} INFO - Sync 1 DAGs
[2024-09-29T00:23:15.376-0500] {logging_mixin.py:190} INFO - [2024-09-29T00:23:15.376-0500] {dag.py:4180} INFO - Setting next_dagrun for example_complex to None, run_after=None
[2024-09-29T00:23:15.451-0500] {processor.py:208} INFO - Processing /home/d-salamanca/airflow-env/lib/python3.12/site-packages/airflow/example_dags/example_complex.py took 0.193 seconds
[2024-09-29T00:24:40.478-0500] {processor.py:186} INFO - Started process (PID=28887) to work on /home/d-salamanca/airflow-env/lib/python3.12/site-packages/airflow/example_dags/example_complex.py
[2024-09-29T00:24:40.496-0500] {processor.py:914} INFO - Processing file /home/d-salamanca/airflow-env/lib/python3.12/site-packages/airflow/example_dags/example_complex.py for tasks to queue
[2024-09-29T00:24:40.499-0500] {logging_mixin.py:190} INFO - [2024-09-29T00:24:40.499-0500] {dagbag.py:588} INFO - Filling up the DagBag from /home/d-salamanca/airflow-env/lib/python3.12/site-packages/airflow/example_dags/example_complex.py
[2024-09-29T00:24:40.515-0500] {processor.py:925} INFO - DAG(s) 'example_complex' retrieved from /home/d-salamanca/airflow-env/lib/python3.12/site-packages/airflow/example_dags/example_complex.py
[2024-09-29T00:24:40.553-0500] {logging_mixin.py:190} INFO - [2024-09-29T00:24:40.553-0500] {dag.py:3239} INFO - Sync 1 DAGs
[2024-09-29T00:24:40.571-0500] {logging_mixin.py:190} INFO - [2024-09-29T00:24:40.570-0500] {dag.py:4180} INFO - Setting next_dagrun for example_complex to None, run_after=None
[2024-09-29T00:24:40.653-0500] {processor.py:208} INFO - Processing /home/d-salamanca/airflow-env/lib/python3.12/site-packages/airflow/example_dags/example_complex.py took 0.185 seconds
[2024-09-29T00:26:15.354-0500] {processor.py:186} INFO - Started process (PID=28960) to work on /home/d-salamanca/airflow-env/lib/python3.12/site-packages/airflow/example_dags/example_complex.py
[2024-09-29T00:26:15.355-0500] {processor.py:914} INFO - Processing file /home/d-salamanca/airflow-env/lib/python3.12/site-packages/airflow/example_dags/example_complex.py for tasks to queue
[2024-09-29T00:26:15.358-0500] {logging_mixin.py:190} INFO - [2024-09-29T00:26:15.357-0500] {dagbag.py:588} INFO - Filling up the DagBag from /home/d-salamanca/airflow-env/lib/python3.12/site-packages/airflow/example_dags/example_complex.py
[2024-09-29T00:26:15.372-0500] {processor.py:925} INFO - DAG(s) 'example_complex' retrieved from /home/d-salamanca/airflow-env/lib/python3.12/site-packages/airflow/example_dags/example_complex.py
[2024-09-29T00:26:15.404-0500] {logging_mixin.py:190} INFO - [2024-09-29T00:26:15.404-0500] {dag.py:3239} INFO - Sync 1 DAGs
[2024-09-29T00:26:15.421-0500] {logging_mixin.py:190} INFO - [2024-09-29T00:26:15.421-0500] {dag.py:4180} INFO - Setting next_dagrun for example_complex to None, run_after=None
[2024-09-29T00:26:15.655-0500] {processor.py:208} INFO - Processing /home/d-salamanca/airflow-env/lib/python3.12/site-packages/airflow/example_dags/example_complex.py took 0.308 seconds
[2024-09-29T00:27:44.049-0500] {processor.py:186} INFO - Started process (PID=29121) to work on /home/d-salamanca/airflow-env/lib/python3.12/site-packages/airflow/example_dags/example_complex.py
[2024-09-29T00:27:44.050-0500] {processor.py:914} INFO - Processing file /home/d-salamanca/airflow-env/lib/python3.12/site-packages/airflow/example_dags/example_complex.py for tasks to queue
[2024-09-29T00:27:44.053-0500] {logging_mixin.py:190} INFO - [2024-09-29T00:27:44.052-0500] {dagbag.py:588} INFO - Filling up the DagBag from /home/d-salamanca/airflow-env/lib/python3.12/site-packages/airflow/example_dags/example_complex.py
[2024-09-29T00:27:44.067-0500] {processor.py:925} INFO - DAG(s) 'example_complex' retrieved from /home/d-salamanca/airflow-env/lib/python3.12/site-packages/airflow/example_dags/example_complex.py
[2024-09-29T00:27:44.096-0500] {logging_mixin.py:190} INFO - [2024-09-29T00:27:44.096-0500] {dag.py:3239} INFO - Sync 1 DAGs
[2024-09-29T00:27:44.110-0500] {logging_mixin.py:190} INFO - [2024-09-29T00:27:44.110-0500] {dag.py:4180} INFO - Setting next_dagrun for example_complex to None, run_after=None
[2024-09-29T00:27:44.267-0500] {processor.py:208} INFO - Processing /home/d-salamanca/airflow-env/lib/python3.12/site-packages/airflow/example_dags/example_complex.py took 0.227 seconds
[2024-09-29T00:29:59.627-0500] {processor.py:186} INFO - Started process (PID=29251) to work on /home/d-salamanca/airflow-env/lib/python3.12/site-packages/airflow/example_dags/example_complex.py
[2024-09-29T00:29:59.640-0500] {processor.py:914} INFO - Processing file /home/d-salamanca/airflow-env/lib/python3.12/site-packages/airflow/example_dags/example_complex.py for tasks to queue
[2024-09-29T00:29:59.643-0500] {logging_mixin.py:190} INFO - [2024-09-29T00:29:59.643-0500] {dagbag.py:588} INFO - Filling up the DagBag from /home/d-salamanca/airflow-env/lib/python3.12/site-packages/airflow/example_dags/example_complex.py
[2024-09-29T00:29:59.803-0500] {processor.py:925} INFO - DAG(s) 'example_complex' retrieved from /home/d-salamanca/airflow-env/lib/python3.12/site-packages/airflow/example_dags/example_complex.py
[2024-09-29T00:30:00.025-0500] {logging_mixin.py:190} INFO - [2024-09-29T00:30:00.025-0500] {dag.py:3239} INFO - Sync 1 DAGs
[2024-09-29T00:30:00.045-0500] {logging_mixin.py:190} INFO - [2024-09-29T00:30:00.045-0500] {dag.py:4180} INFO - Setting next_dagrun for example_complex to None, run_after=None
[2024-09-29T00:30:01.062-0500] {processor.py:208} INFO - Processing /home/d-salamanca/airflow-env/lib/python3.12/site-packages/airflow/example_dags/example_complex.py took 1.445 seconds
[2024-09-29T00:32:08.525-0500] {processor.py:186} INFO - Started process (PID=29347) to work on /home/d-salamanca/airflow-env/lib/python3.12/site-packages/airflow/example_dags/example_complex.py
[2024-09-29T00:32:08.535-0500] {processor.py:914} INFO - Processing file /home/d-salamanca/airflow-env/lib/python3.12/site-packages/airflow/example_dags/example_complex.py for tasks to queue
[2024-09-29T00:32:08.539-0500] {logging_mixin.py:190} INFO - [2024-09-29T00:32:08.538-0500] {dagbag.py:588} INFO - Filling up the DagBag from /home/d-salamanca/airflow-env/lib/python3.12/site-packages/airflow/example_dags/example_complex.py
[2024-09-29T00:32:08.581-0500] {processor.py:925} INFO - DAG(s) 'example_complex' retrieved from /home/d-salamanca/airflow-env/lib/python3.12/site-packages/airflow/example_dags/example_complex.py
[2024-09-29T00:32:08.611-0500] {logging_mixin.py:190} INFO - [2024-09-29T00:32:08.611-0500] {dag.py:3239} INFO - Sync 1 DAGs
[2024-09-29T00:32:08.626-0500] {logging_mixin.py:190} INFO - [2024-09-29T00:32:08.626-0500] {dag.py:4180} INFO - Setting next_dagrun for example_complex to None, run_after=None
[2024-09-29T00:32:08.685-0500] {processor.py:208} INFO - Processing /home/d-salamanca/airflow-env/lib/python3.12/site-packages/airflow/example_dags/example_complex.py took 0.168 seconds
[2024-09-29T00:33:29.549-0500] {processor.py:186} INFO - Started process (PID=29427) to work on /home/d-salamanca/airflow-env/lib/python3.12/site-packages/airflow/example_dags/example_complex.py
[2024-09-29T00:33:29.566-0500] {processor.py:914} INFO - Processing file /home/d-salamanca/airflow-env/lib/python3.12/site-packages/airflow/example_dags/example_complex.py for tasks to queue
[2024-09-29T00:33:29.570-0500] {logging_mixin.py:190} INFO - [2024-09-29T00:33:29.569-0500] {dagbag.py:588} INFO - Filling up the DagBag from /home/d-salamanca/airflow-env/lib/python3.12/site-packages/airflow/example_dags/example_complex.py
[2024-09-29T00:33:29.598-0500] {processor.py:925} INFO - DAG(s) 'example_complex' retrieved from /home/d-salamanca/airflow-env/lib/python3.12/site-packages/airflow/example_dags/example_complex.py
[2024-09-29T00:33:29.629-0500] {logging_mixin.py:190} INFO - [2024-09-29T00:33:29.628-0500] {dag.py:3239} INFO - Sync 1 DAGs
[2024-09-29T00:33:29.644-0500] {logging_mixin.py:190} INFO - [2024-09-29T00:33:29.643-0500] {dag.py:4180} INFO - Setting next_dagrun for example_complex to None, run_after=None
[2024-09-29T00:33:29.708-0500] {processor.py:208} INFO - Processing /home/d-salamanca/airflow-env/lib/python3.12/site-packages/airflow/example_dags/example_complex.py took 0.166 seconds
[2024-09-29T08:19:44.286-0500] {processor.py:186} INFO - Started process (PID=29630) to work on /home/d-salamanca/airflow-env/lib/python3.12/site-packages/airflow/example_dags/example_complex.py
[2024-09-29T08:19:44.317-0500] {processor.py:914} INFO - Processing file /home/d-salamanca/airflow-env/lib/python3.12/site-packages/airflow/example_dags/example_complex.py for tasks to queue
[2024-09-29T08:19:44.321-0500] {logging_mixin.py:190} INFO - [2024-09-29T08:19:44.320-0500] {dagbag.py:588} INFO - Filling up the DagBag from /home/d-salamanca/airflow-env/lib/python3.12/site-packages/airflow/example_dags/example_complex.py
[2024-09-29T08:19:44.477-0500] {processor.py:925} INFO - DAG(s) 'example_complex' retrieved from /home/d-salamanca/airflow-env/lib/python3.12/site-packages/airflow/example_dags/example_complex.py
[2024-09-29T08:19:44.649-0500] {logging_mixin.py:190} INFO - [2024-09-29T08:19:44.649-0500] {dag.py:3239} INFO - Sync 1 DAGs
[2024-09-29T08:19:44.665-0500] {logging_mixin.py:190} INFO - [2024-09-29T08:19:44.665-0500] {dag.py:4180} INFO - Setting next_dagrun for example_complex to None, run_after=None
[2024-09-29T08:19:45.021-0500] {processor.py:208} INFO - Processing /home/d-salamanca/airflow-env/lib/python3.12/site-packages/airflow/example_dags/example_complex.py took 0.744 seconds
[2024-09-29T08:21:48.137-0500] {processor.py:186} INFO - Started process (PID=29855) to work on /home/d-salamanca/airflow-env/lib/python3.12/site-packages/airflow/example_dags/example_complex.py
[2024-09-29T08:21:48.221-0500] {processor.py:914} INFO - Processing file /home/d-salamanca/airflow-env/lib/python3.12/site-packages/airflow/example_dags/example_complex.py for tasks to queue
[2024-09-29T08:21:48.227-0500] {logging_mixin.py:190} INFO - [2024-09-29T08:21:48.226-0500] {dagbag.py:588} INFO - Filling up the DagBag from /home/d-salamanca/airflow-env/lib/python3.12/site-packages/airflow/example_dags/example_complex.py
[2024-09-29T08:21:48.259-0500] {processor.py:925} INFO - DAG(s) 'example_complex' retrieved from /home/d-salamanca/airflow-env/lib/python3.12/site-packages/airflow/example_dags/example_complex.py
[2024-09-29T08:21:48.289-0500] {logging_mixin.py:190} INFO - [2024-09-29T08:21:48.289-0500] {dag.py:3239} INFO - Sync 1 DAGs
[2024-09-29T08:21:48.304-0500] {logging_mixin.py:190} INFO - [2024-09-29T08:21:48.304-0500] {dag.py:4180} INFO - Setting next_dagrun for example_complex to None, run_after=None
[2024-09-29T08:21:48.379-0500] {processor.py:208} INFO - Processing /home/d-salamanca/airflow-env/lib/python3.12/site-packages/airflow/example_dags/example_complex.py took 0.249 seconds
[2024-09-29T08:23:34.495-0500] {processor.py:186} INFO - Started process (PID=29935) to work on /home/d-salamanca/airflow-env/lib/python3.12/site-packages/airflow/example_dags/example_complex.py
[2024-09-29T08:23:34.533-0500] {processor.py:914} INFO - Processing file /home/d-salamanca/airflow-env/lib/python3.12/site-packages/airflow/example_dags/example_complex.py for tasks to queue
[2024-09-29T08:23:34.538-0500] {logging_mixin.py:190} INFO - [2024-09-29T08:23:34.537-0500] {dagbag.py:588} INFO - Filling up the DagBag from /home/d-salamanca/airflow-env/lib/python3.12/site-packages/airflow/example_dags/example_complex.py
[2024-09-29T08:23:34.597-0500] {processor.py:925} INFO - DAG(s) 'example_complex' retrieved from /home/d-salamanca/airflow-env/lib/python3.12/site-packages/airflow/example_dags/example_complex.py
[2024-09-29T08:23:34.627-0500] {logging_mixin.py:190} INFO - [2024-09-29T08:23:34.627-0500] {dag.py:3239} INFO - Sync 1 DAGs
[2024-09-29T08:23:34.644-0500] {logging_mixin.py:190} INFO - [2024-09-29T08:23:34.643-0500] {dag.py:4180} INFO - Setting next_dagrun for example_complex to None, run_after=None
[2024-09-29T08:23:34.715-0500] {processor.py:208} INFO - Processing /home/d-salamanca/airflow-env/lib/python3.12/site-packages/airflow/example_dags/example_complex.py took 0.229 seconds
[2024-09-29T08:25:00.559-0500] {processor.py:186} INFO - Started process (PID=30035) to work on /home/d-salamanca/airflow-env/lib/python3.12/site-packages/airflow/example_dags/example_complex.py
[2024-09-29T08:25:00.790-0500] {processor.py:914} INFO - Processing file /home/d-salamanca/airflow-env/lib/python3.12/site-packages/airflow/example_dags/example_complex.py for tasks to queue
[2024-09-29T08:25:00.795-0500] {logging_mixin.py:190} INFO - [2024-09-29T08:25:00.795-0500] {dagbag.py:588} INFO - Filling up the DagBag from /home/d-salamanca/airflow-env/lib/python3.12/site-packages/airflow/example_dags/example_complex.py
[2024-09-29T08:25:00.811-0500] {processor.py:925} INFO - DAG(s) 'example_complex' retrieved from /home/d-salamanca/airflow-env/lib/python3.12/site-packages/airflow/example_dags/example_complex.py
[2024-09-29T08:25:00.845-0500] {logging_mixin.py:190} INFO - [2024-09-29T08:25:00.844-0500] {dag.py:3239} INFO - Sync 1 DAGs
[2024-09-29T08:25:00.859-0500] {logging_mixin.py:190} INFO - [2024-09-29T08:25:00.859-0500] {dag.py:4180} INFO - Setting next_dagrun for example_complex to None, run_after=None
[2024-09-29T08:25:00.939-0500] {processor.py:208} INFO - Processing /home/d-salamanca/airflow-env/lib/python3.12/site-packages/airflow/example_dags/example_complex.py took 0.393 seconds
[2024-09-29T08:26:27.535-0500] {processor.py:186} INFO - Started process (PID=30110) to work on /home/d-salamanca/airflow-env/lib/python3.12/site-packages/airflow/example_dags/example_complex.py
[2024-09-29T08:26:27.556-0500] {processor.py:914} INFO - Processing file /home/d-salamanca/airflow-env/lib/python3.12/site-packages/airflow/example_dags/example_complex.py for tasks to queue
[2024-09-29T08:26:27.561-0500] {logging_mixin.py:190} INFO - [2024-09-29T08:26:27.560-0500] {dagbag.py:588} INFO - Filling up the DagBag from /home/d-salamanca/airflow-env/lib/python3.12/site-packages/airflow/example_dags/example_complex.py
[2024-09-29T08:26:27.594-0500] {processor.py:925} INFO - DAG(s) 'example_complex' retrieved from /home/d-salamanca/airflow-env/lib/python3.12/site-packages/airflow/example_dags/example_complex.py
[2024-09-29T08:26:27.623-0500] {logging_mixin.py:190} INFO - [2024-09-29T08:26:27.623-0500] {dag.py:3239} INFO - Sync 1 DAGs
[2024-09-29T08:26:27.638-0500] {logging_mixin.py:190} INFO - [2024-09-29T08:26:27.637-0500] {dag.py:4180} INFO - Setting next_dagrun for example_complex to None, run_after=None
[2024-09-29T08:26:27.661-0500] {processor.py:208} INFO - Processing /home/d-salamanca/airflow-env/lib/python3.12/site-packages/airflow/example_dags/example_complex.py took 0.133 seconds
[2024-09-29T08:27:47.293-0500] {processor.py:186} INFO - Started process (PID=30177) to work on /home/d-salamanca/airflow-env/lib/python3.12/site-packages/airflow/example_dags/example_complex.py
[2024-09-29T08:27:47.294-0500] {processor.py:914} INFO - Processing file /home/d-salamanca/airflow-env/lib/python3.12/site-packages/airflow/example_dags/example_complex.py for tasks to queue
[2024-09-29T08:27:47.297-0500] {logging_mixin.py:190} INFO - [2024-09-29T08:27:47.297-0500] {dagbag.py:588} INFO - Filling up the DagBag from /home/d-salamanca/airflow-env/lib/python3.12/site-packages/airflow/example_dags/example_complex.py
[2024-09-29T08:27:47.311-0500] {processor.py:925} INFO - DAG(s) 'example_complex' retrieved from /home/d-salamanca/airflow-env/lib/python3.12/site-packages/airflow/example_dags/example_complex.py
[2024-09-29T08:27:47.341-0500] {logging_mixin.py:190} INFO - [2024-09-29T08:27:47.341-0500] {dag.py:3239} INFO - Sync 1 DAGs
[2024-09-29T08:27:47.355-0500] {logging_mixin.py:190} INFO - [2024-09-29T08:27:47.355-0500] {dag.py:4180} INFO - Setting next_dagrun for example_complex to None, run_after=None
[2024-09-29T08:27:47.394-0500] {processor.py:208} INFO - Processing /home/d-salamanca/airflow-env/lib/python3.12/site-packages/airflow/example_dags/example_complex.py took 0.109 seconds
[2024-09-29T08:29:02.068-0500] {processor.py:186} INFO - Started process (PID=30244) to work on /home/d-salamanca/airflow-env/lib/python3.12/site-packages/airflow/example_dags/example_complex.py
[2024-09-29T08:29:02.565-0500] {processor.py:914} INFO - Processing file /home/d-salamanca/airflow-env/lib/python3.12/site-packages/airflow/example_dags/example_complex.py for tasks to queue
[2024-09-29T08:29:02.571-0500] {logging_mixin.py:190} INFO - [2024-09-29T08:29:02.570-0500] {dagbag.py:588} INFO - Filling up the DagBag from /home/d-salamanca/airflow-env/lib/python3.12/site-packages/airflow/example_dags/example_complex.py
[2024-09-29T08:29:02.592-0500] {processor.py:925} INFO - DAG(s) 'example_complex' retrieved from /home/d-salamanca/airflow-env/lib/python3.12/site-packages/airflow/example_dags/example_complex.py
[2024-09-29T08:29:02.623-0500] {logging_mixin.py:190} INFO - [2024-09-29T08:29:02.623-0500] {dag.py:3239} INFO - Sync 1 DAGs
[2024-09-29T08:29:02.639-0500] {logging_mixin.py:190} INFO - [2024-09-29T08:29:02.639-0500] {dag.py:4180} INFO - Setting next_dagrun for example_complex to None, run_after=None
[2024-09-29T08:29:02.846-0500] {processor.py:208} INFO - Processing /home/d-salamanca/airflow-env/lib/python3.12/site-packages/airflow/example_dags/example_complex.py took 0.786 seconds
[2024-09-29T08:30:30.448-0500] {processor.py:186} INFO - Started process (PID=30323) to work on /home/d-salamanca/airflow-env/lib/python3.12/site-packages/airflow/example_dags/example_complex.py
[2024-09-29T08:30:30.449-0500] {processor.py:914} INFO - Processing file /home/d-salamanca/airflow-env/lib/python3.12/site-packages/airflow/example_dags/example_complex.py for tasks to queue
[2024-09-29T08:30:30.452-0500] {logging_mixin.py:190} INFO - [2024-09-29T08:30:30.451-0500] {dagbag.py:588} INFO - Filling up the DagBag from /home/d-salamanca/airflow-env/lib/python3.12/site-packages/airflow/example_dags/example_complex.py
[2024-09-29T08:30:30.466-0500] {processor.py:925} INFO - DAG(s) 'example_complex' retrieved from /home/d-salamanca/airflow-env/lib/python3.12/site-packages/airflow/example_dags/example_complex.py
[2024-09-29T08:30:30.496-0500] {logging_mixin.py:190} INFO - [2024-09-29T08:30:30.496-0500] {dag.py:3239} INFO - Sync 1 DAGs
[2024-09-29T08:30:30.512-0500] {logging_mixin.py:190} INFO - [2024-09-29T08:30:30.511-0500] {dag.py:4180} INFO - Setting next_dagrun for example_complex to None, run_after=None
[2024-09-29T08:30:30.559-0500] {processor.py:208} INFO - Processing /home/d-salamanca/airflow-env/lib/python3.12/site-packages/airflow/example_dags/example_complex.py took 0.118 seconds
[2024-09-29T08:32:03.540-0500] {processor.py:186} INFO - Started process (PID=30405) to work on /home/d-salamanca/airflow-env/lib/python3.12/site-packages/airflow/example_dags/example_complex.py
[2024-09-29T08:32:03.541-0500] {processor.py:914} INFO - Processing file /home/d-salamanca/airflow-env/lib/python3.12/site-packages/airflow/example_dags/example_complex.py for tasks to queue
[2024-09-29T08:32:03.544-0500] {logging_mixin.py:190} INFO - [2024-09-29T08:32:03.544-0500] {dagbag.py:588} INFO - Filling up the DagBag from /home/d-salamanca/airflow-env/lib/python3.12/site-packages/airflow/example_dags/example_complex.py
[2024-09-29T08:32:03.558-0500] {processor.py:925} INFO - DAG(s) 'example_complex' retrieved from /home/d-salamanca/airflow-env/lib/python3.12/site-packages/airflow/example_dags/example_complex.py
[2024-09-29T08:32:03.588-0500] {logging_mixin.py:190} INFO - [2024-09-29T08:32:03.587-0500] {dag.py:3239} INFO - Sync 1 DAGs
[2024-09-29T08:32:03.603-0500] {logging_mixin.py:190} INFO - [2024-09-29T08:32:03.602-0500] {dag.py:4180} INFO - Setting next_dagrun for example_complex to None, run_after=None
[2024-09-29T08:32:03.852-0500] {processor.py:208} INFO - Processing /home/d-salamanca/airflow-env/lib/python3.12/site-packages/airflow/example_dags/example_complex.py took 0.319 seconds
[2024-09-29T08:33:34.919-0500] {processor.py:186} INFO - Started process (PID=30483) to work on /home/d-salamanca/airflow-env/lib/python3.12/site-packages/airflow/example_dags/example_complex.py
[2024-09-29T08:33:34.921-0500] {processor.py:914} INFO - Processing file /home/d-salamanca/airflow-env/lib/python3.12/site-packages/airflow/example_dags/example_complex.py for tasks to queue
[2024-09-29T08:33:34.923-0500] {logging_mixin.py:190} INFO - [2024-09-29T08:33:34.923-0500] {dagbag.py:588} INFO - Filling up the DagBag from /home/d-salamanca/airflow-env/lib/python3.12/site-packages/airflow/example_dags/example_complex.py
[2024-09-29T08:33:34.938-0500] {processor.py:925} INFO - DAG(s) 'example_complex' retrieved from /home/d-salamanca/airflow-env/lib/python3.12/site-packages/airflow/example_dags/example_complex.py
[2024-09-29T08:33:34.985-0500] {logging_mixin.py:190} INFO - [2024-09-29T08:33:34.985-0500] {dag.py:3239} INFO - Sync 1 DAGs
[2024-09-29T08:33:35.000-0500] {logging_mixin.py:190} INFO - [2024-09-29T08:33:34.999-0500] {dag.py:4180} INFO - Setting next_dagrun for example_complex to None, run_after=None
[2024-09-29T08:33:35.037-0500] {processor.py:208} INFO - Processing /home/d-salamanca/airflow-env/lib/python3.12/site-packages/airflow/example_dags/example_complex.py took 0.125 seconds
[2024-09-29T08:35:00.679-0500] {processor.py:186} INFO - Started process (PID=30549) to work on /home/d-salamanca/airflow-env/lib/python3.12/site-packages/airflow/example_dags/example_complex.py
[2024-09-29T08:35:00.681-0500] {processor.py:914} INFO - Processing file /home/d-salamanca/airflow-env/lib/python3.12/site-packages/airflow/example_dags/example_complex.py for tasks to queue
[2024-09-29T08:35:00.683-0500] {logging_mixin.py:190} INFO - [2024-09-29T08:35:00.683-0500] {dagbag.py:588} INFO - Filling up the DagBag from /home/d-salamanca/airflow-env/lib/python3.12/site-packages/airflow/example_dags/example_complex.py
[2024-09-29T08:35:00.698-0500] {processor.py:925} INFO - DAG(s) 'example_complex' retrieved from /home/d-salamanca/airflow-env/lib/python3.12/site-packages/airflow/example_dags/example_complex.py
[2024-09-29T08:35:00.729-0500] {logging_mixin.py:190} INFO - [2024-09-29T08:35:00.729-0500] {dag.py:3239} INFO - Sync 1 DAGs
[2024-09-29T08:35:00.749-0500] {logging_mixin.py:190} INFO - [2024-09-29T08:35:00.749-0500] {dag.py:4180} INFO - Setting next_dagrun for example_complex to None, run_after=None
[2024-09-29T08:35:00.920-0500] {processor.py:208} INFO - Processing /home/d-salamanca/airflow-env/lib/python3.12/site-packages/airflow/example_dags/example_complex.py took 0.249 seconds
[2024-09-29T08:37:37.571-0500] {processor.py:186} INFO - Started process (PID=31027) to work on /home/d-salamanca/airflow-env/lib/python3.12/site-packages/airflow/example_dags/example_complex.py
[2024-09-29T08:37:37.603-0500] {processor.py:914} INFO - Processing file /home/d-salamanca/airflow-env/lib/python3.12/site-packages/airflow/example_dags/example_complex.py for tasks to queue
[2024-09-29T08:37:37.606-0500] {logging_mixin.py:190} INFO - [2024-09-29T08:37:37.606-0500] {dagbag.py:588} INFO - Filling up the DagBag from /home/d-salamanca/airflow-env/lib/python3.12/site-packages/airflow/example_dags/example_complex.py
[2024-09-29T08:37:37.658-0500] {processor.py:925} INFO - DAG(s) 'example_complex' retrieved from /home/d-salamanca/airflow-env/lib/python3.12/site-packages/airflow/example_dags/example_complex.py
[2024-09-29T08:37:37.689-0500] {logging_mixin.py:190} INFO - [2024-09-29T08:37:37.688-0500] {dag.py:3239} INFO - Sync 1 DAGs
[2024-09-29T08:37:37.705-0500] {logging_mixin.py:190} INFO - [2024-09-29T08:37:37.704-0500] {dag.py:4180} INFO - Setting next_dagrun for example_complex to None, run_after=None
[2024-09-29T08:37:37.753-0500] {processor.py:208} INFO - Processing /home/d-salamanca/airflow-env/lib/python3.12/site-packages/airflow/example_dags/example_complex.py took 0.191 seconds
[2024-09-29T08:38:58.598-0500] {processor.py:186} INFO - Started process (PID=31098) to work on /home/d-salamanca/airflow-env/lib/python3.12/site-packages/airflow/example_dags/example_complex.py
[2024-09-29T08:38:58.600-0500] {processor.py:914} INFO - Processing file /home/d-salamanca/airflow-env/lib/python3.12/site-packages/airflow/example_dags/example_complex.py for tasks to queue
[2024-09-29T08:38:58.602-0500] {logging_mixin.py:190} INFO - [2024-09-29T08:38:58.602-0500] {dagbag.py:588} INFO - Filling up the DagBag from /home/d-salamanca/airflow-env/lib/python3.12/site-packages/airflow/example_dags/example_complex.py
[2024-09-29T08:38:58.626-0500] {processor.py:925} INFO - DAG(s) 'example_complex' retrieved from /home/d-salamanca/airflow-env/lib/python3.12/site-packages/airflow/example_dags/example_complex.py
[2024-09-29T08:38:58.658-0500] {logging_mixin.py:190} INFO - [2024-09-29T08:38:58.658-0500] {dag.py:3239} INFO - Sync 1 DAGs
[2024-09-29T08:38:58.677-0500] {logging_mixin.py:190} INFO - [2024-09-29T08:38:58.677-0500] {dag.py:4180} INFO - Setting next_dagrun for example_complex to None, run_after=None
[2024-09-29T08:38:58.724-0500] {processor.py:208} INFO - Processing /home/d-salamanca/airflow-env/lib/python3.12/site-packages/airflow/example_dags/example_complex.py took 0.135 seconds
[2024-09-29T08:40:34.194-0500] {processor.py:186} INFO - Started process (PID=31176) to work on /home/d-salamanca/airflow-env/lib/python3.12/site-packages/airflow/example_dags/example_complex.py
[2024-09-29T08:40:34.195-0500] {processor.py:914} INFO - Processing file /home/d-salamanca/airflow-env/lib/python3.12/site-packages/airflow/example_dags/example_complex.py for tasks to queue
[2024-09-29T08:40:34.198-0500] {logging_mixin.py:190} INFO - [2024-09-29T08:40:34.197-0500] {dagbag.py:588} INFO - Filling up the DagBag from /home/d-salamanca/airflow-env/lib/python3.12/site-packages/airflow/example_dags/example_complex.py
[2024-09-29T08:40:34.211-0500] {processor.py:925} INFO - DAG(s) 'example_complex' retrieved from /home/d-salamanca/airflow-env/lib/python3.12/site-packages/airflow/example_dags/example_complex.py
[2024-09-29T08:40:34.241-0500] {logging_mixin.py:190} INFO - [2024-09-29T08:40:34.241-0500] {dag.py:3239} INFO - Sync 1 DAGs
[2024-09-29T08:40:34.256-0500] {logging_mixin.py:190} INFO - [2024-09-29T08:40:34.256-0500] {dag.py:4180} INFO - Setting next_dagrun for example_complex to None, run_after=None
[2024-09-29T08:40:34.326-0500] {processor.py:208} INFO - Processing /home/d-salamanca/airflow-env/lib/python3.12/site-packages/airflow/example_dags/example_complex.py took 0.140 seconds
[2024-09-29T08:42:04.974-0500] {processor.py:186} INFO - Started process (PID=31247) to work on /home/d-salamanca/airflow-env/lib/python3.12/site-packages/airflow/example_dags/example_complex.py
[2024-09-29T08:42:04.975-0500] {processor.py:914} INFO - Processing file /home/d-salamanca/airflow-env/lib/python3.12/site-packages/airflow/example_dags/example_complex.py for tasks to queue
[2024-09-29T08:42:04.978-0500] {logging_mixin.py:190} INFO - [2024-09-29T08:42:04.977-0500] {dagbag.py:588} INFO - Filling up the DagBag from /home/d-salamanca/airflow-env/lib/python3.12/site-packages/airflow/example_dags/example_complex.py
[2024-09-29T08:42:04.993-0500] {processor.py:925} INFO - DAG(s) 'example_complex' retrieved from /home/d-salamanca/airflow-env/lib/python3.12/site-packages/airflow/example_dags/example_complex.py
[2024-09-29T08:42:05.032-0500] {logging_mixin.py:190} INFO - [2024-09-29T08:42:05.032-0500] {dag.py:3239} INFO - Sync 1 DAGs
[2024-09-29T08:42:05.048-0500] {logging_mixin.py:190} INFO - [2024-09-29T08:42:05.047-0500] {dag.py:4180} INFO - Setting next_dagrun for example_complex to None, run_after=None
[2024-09-29T08:42:05.248-0500] {processor.py:208} INFO - Processing /home/d-salamanca/airflow-env/lib/python3.12/site-packages/airflow/example_dags/example_complex.py took 0.282 seconds
[2024-09-29T08:43:37.994-0500] {processor.py:186} INFO - Started process (PID=31321) to work on /home/d-salamanca/airflow-env/lib/python3.12/site-packages/airflow/example_dags/example_complex.py
[2024-09-29T08:43:38.015-0500] {processor.py:914} INFO - Processing file /home/d-salamanca/airflow-env/lib/python3.12/site-packages/airflow/example_dags/example_complex.py for tasks to queue
[2024-09-29T08:43:38.019-0500] {logging_mixin.py:190} INFO - [2024-09-29T08:43:38.018-0500] {dagbag.py:588} INFO - Filling up the DagBag from /home/d-salamanca/airflow-env/lib/python3.12/site-packages/airflow/example_dags/example_complex.py
[2024-09-29T08:43:38.034-0500] {processor.py:925} INFO - DAG(s) 'example_complex' retrieved from /home/d-salamanca/airflow-env/lib/python3.12/site-packages/airflow/example_dags/example_complex.py
[2024-09-29T08:43:38.071-0500] {logging_mixin.py:190} INFO - [2024-09-29T08:43:38.071-0500] {dag.py:3239} INFO - Sync 1 DAGs
[2024-09-29T08:43:38.087-0500] {logging_mixin.py:190} INFO - [2024-09-29T08:43:38.087-0500] {dag.py:4180} INFO - Setting next_dagrun for example_complex to None, run_after=None
[2024-09-29T08:43:38.117-0500] {processor.py:208} INFO - Processing /home/d-salamanca/airflow-env/lib/python3.12/site-packages/airflow/example_dags/example_complex.py took 0.132 seconds
[2024-09-29T08:45:00.590-0500] {processor.py:186} INFO - Started process (PID=31397) to work on /home/d-salamanca/airflow-env/lib/python3.12/site-packages/airflow/example_dags/example_complex.py
[2024-09-29T08:45:00.591-0500] {processor.py:914} INFO - Processing file /home/d-salamanca/airflow-env/lib/python3.12/site-packages/airflow/example_dags/example_complex.py for tasks to queue
[2024-09-29T08:45:00.594-0500] {logging_mixin.py:190} INFO - [2024-09-29T08:45:00.593-0500] {dagbag.py:588} INFO - Filling up the DagBag from /home/d-salamanca/airflow-env/lib/python3.12/site-packages/airflow/example_dags/example_complex.py
[2024-09-29T08:45:00.608-0500] {processor.py:925} INFO - DAG(s) 'example_complex' retrieved from /home/d-salamanca/airflow-env/lib/python3.12/site-packages/airflow/example_dags/example_complex.py
[2024-09-29T08:45:00.638-0500] {logging_mixin.py:190} INFO - [2024-09-29T08:45:00.638-0500] {dag.py:3239} INFO - Sync 1 DAGs
[2024-09-29T08:45:00.653-0500] {logging_mixin.py:190} INFO - [2024-09-29T08:45:00.653-0500] {dag.py:4180} INFO - Setting next_dagrun for example_complex to None, run_after=None
[2024-09-29T08:45:00.705-0500] {processor.py:208} INFO - Processing /home/d-salamanca/airflow-env/lib/python3.12/site-packages/airflow/example_dags/example_complex.py took 0.123 seconds
[2024-09-29T08:46:59.804-0500] {processor.py:186} INFO - Started process (PID=31474) to work on /home/d-salamanca/airflow-env/lib/python3.12/site-packages/airflow/example_dags/example_complex.py
[2024-09-29T08:46:59.805-0500] {processor.py:914} INFO - Processing file /home/d-salamanca/airflow-env/lib/python3.12/site-packages/airflow/example_dags/example_complex.py for tasks to queue
[2024-09-29T08:46:59.808-0500] {logging_mixin.py:190} INFO - [2024-09-29T08:46:59.807-0500] {dagbag.py:588} INFO - Filling up the DagBag from /home/d-salamanca/airflow-env/lib/python3.12/site-packages/airflow/example_dags/example_complex.py
[2024-09-29T08:46:59.822-0500] {processor.py:925} INFO - DAG(s) 'example_complex' retrieved from /home/d-salamanca/airflow-env/lib/python3.12/site-packages/airflow/example_dags/example_complex.py
[2024-09-29T08:46:59.851-0500] {logging_mixin.py:190} INFO - [2024-09-29T08:46:59.851-0500] {dag.py:3239} INFO - Sync 1 DAGs
[2024-09-29T08:46:59.866-0500] {logging_mixin.py:190} INFO - [2024-09-29T08:46:59.865-0500] {dag.py:4180} INFO - Setting next_dagrun for example_complex to None, run_after=None
[2024-09-29T08:46:59.947-0500] {processor.py:208} INFO - Processing /home/d-salamanca/airflow-env/lib/python3.12/site-packages/airflow/example_dags/example_complex.py took 0.151 seconds
[2024-09-29T08:48:27.594-0500] {processor.py:186} INFO - Started process (PID=31560) to work on /home/d-salamanca/airflow-env/lib/python3.12/site-packages/airflow/example_dags/example_complex.py
[2024-09-29T08:48:27.595-0500] {processor.py:914} INFO - Processing file /home/d-salamanca/airflow-env/lib/python3.12/site-packages/airflow/example_dags/example_complex.py for tasks to queue
[2024-09-29T08:48:27.598-0500] {logging_mixin.py:190} INFO - [2024-09-29T08:48:27.597-0500] {dagbag.py:588} INFO - Filling up the DagBag from /home/d-salamanca/airflow-env/lib/python3.12/site-packages/airflow/example_dags/example_complex.py
[2024-09-29T08:48:27.612-0500] {processor.py:925} INFO - DAG(s) 'example_complex' retrieved from /home/d-salamanca/airflow-env/lib/python3.12/site-packages/airflow/example_dags/example_complex.py
[2024-09-29T08:48:27.641-0500] {logging_mixin.py:190} INFO - [2024-09-29T08:48:27.641-0500] {dag.py:3239} INFO - Sync 1 DAGs
[2024-09-29T08:48:27.656-0500] {logging_mixin.py:190} INFO - [2024-09-29T08:48:27.656-0500] {dag.py:4180} INFO - Setting next_dagrun for example_complex to None, run_after=None
[2024-09-29T08:48:27.686-0500] {processor.py:208} INFO - Processing /home/d-salamanca/airflow-env/lib/python3.12/site-packages/airflow/example_dags/example_complex.py took 0.098 seconds
[2024-09-29T08:49:52.813-0500] {processor.py:186} INFO - Started process (PID=31632) to work on /home/d-salamanca/airflow-env/lib/python3.12/site-packages/airflow/example_dags/example_complex.py
[2024-09-29T08:49:52.830-0500] {processor.py:914} INFO - Processing file /home/d-salamanca/airflow-env/lib/python3.12/site-packages/airflow/example_dags/example_complex.py for tasks to queue
[2024-09-29T08:49:52.833-0500] {logging_mixin.py:190} INFO - [2024-09-29T08:49:52.833-0500] {dagbag.py:588} INFO - Filling up the DagBag from /home/d-salamanca/airflow-env/lib/python3.12/site-packages/airflow/example_dags/example_complex.py
[2024-09-29T08:49:52.849-0500] {processor.py:925} INFO - DAG(s) 'example_complex' retrieved from /home/d-salamanca/airflow-env/lib/python3.12/site-packages/airflow/example_dags/example_complex.py
[2024-09-29T08:49:52.879-0500] {logging_mixin.py:190} INFO - [2024-09-29T08:49:52.879-0500] {dag.py:3239} INFO - Sync 1 DAGs
[2024-09-29T08:49:52.895-0500] {logging_mixin.py:190} INFO - [2024-09-29T08:49:52.895-0500] {dag.py:4180} INFO - Setting next_dagrun for example_complex to None, run_after=None
[2024-09-29T08:49:52.947-0500] {processor.py:208} INFO - Processing /home/d-salamanca/airflow-env/lib/python3.12/site-packages/airflow/example_dags/example_complex.py took 0.142 seconds
[2024-09-29T08:52:05.237-0500] {processor.py:186} INFO - Started process (PID=31928) to work on /home/d-salamanca/airflow-env/lib/python3.12/site-packages/airflow/example_dags/example_complex.py
[2024-09-29T08:52:05.369-0500] {processor.py:914} INFO - Processing file /home/d-salamanca/airflow-env/lib/python3.12/site-packages/airflow/example_dags/example_complex.py for tasks to queue
[2024-09-29T08:52:05.376-0500] {logging_mixin.py:190} INFO - [2024-09-29T08:52:05.375-0500] {dagbag.py:588} INFO - Filling up the DagBag from /home/d-salamanca/airflow-env/lib/python3.12/site-packages/airflow/example_dags/example_complex.py
[2024-09-29T08:52:05.423-0500] {processor.py:925} INFO - DAG(s) 'example_complex' retrieved from /home/d-salamanca/airflow-env/lib/python3.12/site-packages/airflow/example_dags/example_complex.py
[2024-09-29T08:52:05.454-0500] {logging_mixin.py:190} INFO - [2024-09-29T08:52:05.453-0500] {dag.py:3239} INFO - Sync 1 DAGs
[2024-09-29T08:52:05.469-0500] {logging_mixin.py:190} INFO - [2024-09-29T08:52:05.469-0500] {dag.py:4180} INFO - Setting next_dagrun for example_complex to None, run_after=None
[2024-09-29T08:52:05.691-0500] {processor.py:208} INFO - Processing /home/d-salamanca/airflow-env/lib/python3.12/site-packages/airflow/example_dags/example_complex.py took 0.463 seconds
[2024-09-29T08:54:11.732-0500] {processor.py:186} INFO - Started process (PID=32027) to work on /home/d-salamanca/airflow-env/lib/python3.12/site-packages/airflow/example_dags/example_complex.py
[2024-09-29T08:54:11.787-0500] {processor.py:914} INFO - Processing file /home/d-salamanca/airflow-env/lib/python3.12/site-packages/airflow/example_dags/example_complex.py for tasks to queue
[2024-09-29T08:54:11.792-0500] {logging_mixin.py:190} INFO - [2024-09-29T08:54:11.791-0500] {dagbag.py:588} INFO - Filling up the DagBag from /home/d-salamanca/airflow-env/lib/python3.12/site-packages/airflow/example_dags/example_complex.py
[2024-09-29T08:54:11.836-0500] {processor.py:925} INFO - DAG(s) 'example_complex' retrieved from /home/d-salamanca/airflow-env/lib/python3.12/site-packages/airflow/example_dags/example_complex.py
[2024-09-29T08:54:11.866-0500] {logging_mixin.py:190} INFO - [2024-09-29T08:54:11.865-0500] {dag.py:3239} INFO - Sync 1 DAGs
[2024-09-29T08:54:11.880-0500] {logging_mixin.py:190} INFO - [2024-09-29T08:54:11.880-0500] {dag.py:4180} INFO - Setting next_dagrun for example_complex to None, run_after=None
[2024-09-29T08:54:11.906-0500] {processor.py:208} INFO - Processing /home/d-salamanca/airflow-env/lib/python3.12/site-packages/airflow/example_dags/example_complex.py took 0.182 seconds
[2024-09-29T08:55:44.158-0500] {processor.py:186} INFO - Started process (PID=32104) to work on /home/d-salamanca/airflow-env/lib/python3.12/site-packages/airflow/example_dags/example_complex.py
[2024-09-29T08:55:44.190-0500] {processor.py:914} INFO - Processing file /home/d-salamanca/airflow-env/lib/python3.12/site-packages/airflow/example_dags/example_complex.py for tasks to queue
[2024-09-29T08:55:44.198-0500] {logging_mixin.py:190} INFO - [2024-09-29T08:55:44.196-0500] {dagbag.py:588} INFO - Filling up the DagBag from /home/d-salamanca/airflow-env/lib/python3.12/site-packages/airflow/example_dags/example_complex.py
[2024-09-29T08:55:44.233-0500] {processor.py:925} INFO - DAG(s) 'example_complex' retrieved from /home/d-salamanca/airflow-env/lib/python3.12/site-packages/airflow/example_dags/example_complex.py
[2024-09-29T08:55:44.264-0500] {logging_mixin.py:190} INFO - [2024-09-29T08:55:44.264-0500] {dag.py:3239} INFO - Sync 1 DAGs
[2024-09-29T08:55:44.279-0500] {logging_mixin.py:190} INFO - [2024-09-29T08:55:44.279-0500] {dag.py:4180} INFO - Setting next_dagrun for example_complex to None, run_after=None
[2024-09-29T08:55:44.459-0500] {processor.py:208} INFO - Processing /home/d-salamanca/airflow-env/lib/python3.12/site-packages/airflow/example_dags/example_complex.py took 0.311 seconds
[2024-09-29T08:57:36.945-0500] {processor.py:186} INFO - Started process (PID=32186) to work on /home/d-salamanca/airflow-env/lib/python3.12/site-packages/airflow/example_dags/example_complex.py
[2024-09-29T08:57:36.946-0500] {processor.py:914} INFO - Processing file /home/d-salamanca/airflow-env/lib/python3.12/site-packages/airflow/example_dags/example_complex.py for tasks to queue
[2024-09-29T08:57:36.949-0500] {logging_mixin.py:190} INFO - [2024-09-29T08:57:36.948-0500] {dagbag.py:588} INFO - Filling up the DagBag from /home/d-salamanca/airflow-env/lib/python3.12/site-packages/airflow/example_dags/example_complex.py
[2024-09-29T08:57:36.963-0500] {processor.py:925} INFO - DAG(s) 'example_complex' retrieved from /home/d-salamanca/airflow-env/lib/python3.12/site-packages/airflow/example_dags/example_complex.py
[2024-09-29T08:57:36.992-0500] {logging_mixin.py:190} INFO - [2024-09-29T08:57:36.992-0500] {dag.py:3239} INFO - Sync 1 DAGs
[2024-09-29T08:57:37.006-0500] {logging_mixin.py:190} INFO - [2024-09-29T08:57:37.006-0500] {dag.py:4180} INFO - Setting next_dagrun for example_complex to None, run_after=None
[2024-09-29T08:57:37.067-0500] {processor.py:208} INFO - Processing /home/d-salamanca/airflow-env/lib/python3.12/site-packages/airflow/example_dags/example_complex.py took 0.129 seconds
[2024-09-29T08:59:20.256-0500] {processor.py:186} INFO - Started process (PID=32352) to work on /home/d-salamanca/airflow-env/lib/python3.12/site-packages/airflow/example_dags/example_complex.py
[2024-09-29T08:59:20.257-0500] {processor.py:914} INFO - Processing file /home/d-salamanca/airflow-env/lib/python3.12/site-packages/airflow/example_dags/example_complex.py for tasks to queue
[2024-09-29T08:59:20.261-0500] {logging_mixin.py:190} INFO - [2024-09-29T08:59:20.260-0500] {dagbag.py:588} INFO - Filling up the DagBag from /home/d-salamanca/airflow-env/lib/python3.12/site-packages/airflow/example_dags/example_complex.py
[2024-09-29T08:59:20.490-0500] {processor.py:925} INFO - DAG(s) 'example_complex' retrieved from /home/d-salamanca/airflow-env/lib/python3.12/site-packages/airflow/example_dags/example_complex.py
[2024-09-29T08:59:20.599-0500] {logging_mixin.py:190} INFO - [2024-09-29T08:59:20.598-0500] {dag.py:3239} INFO - Sync 1 DAGs
[2024-09-29T08:59:20.725-0500] {logging_mixin.py:190} INFO - [2024-09-29T08:59:20.725-0500] {dag.py:4180} INFO - Setting next_dagrun for example_complex to None, run_after=None
[2024-09-29T08:59:21.151-0500] {processor.py:208} INFO - Processing /home/d-salamanca/airflow-env/lib/python3.12/site-packages/airflow/example_dags/example_complex.py took 0.927 seconds
[2024-09-29T09:01:15.793-0500] {processor.py:186} INFO - Started process (PID=32565) to work on /home/d-salamanca/airflow-env/lib/python3.12/site-packages/airflow/example_dags/example_complex.py
[2024-09-29T09:01:15.842-0500] {processor.py:914} INFO - Processing file /home/d-salamanca/airflow-env/lib/python3.12/site-packages/airflow/example_dags/example_complex.py for tasks to queue
[2024-09-29T09:01:15.847-0500] {logging_mixin.py:190} INFO - [2024-09-29T09:01:15.846-0500] {dagbag.py:588} INFO - Filling up the DagBag from /home/d-salamanca/airflow-env/lib/python3.12/site-packages/airflow/example_dags/example_complex.py
[2024-09-29T09:01:15.988-0500] {processor.py:925} INFO - DAG(s) 'example_complex' retrieved from /home/d-salamanca/airflow-env/lib/python3.12/site-packages/airflow/example_dags/example_complex.py
[2024-09-29T09:01:16.030-0500] {logging_mixin.py:190} INFO - [2024-09-29T09:01:16.029-0500] {dag.py:3239} INFO - Sync 1 DAGs
[2024-09-29T09:01:16.047-0500] {logging_mixin.py:190} INFO - [2024-09-29T09:01:16.047-0500] {dag.py:4180} INFO - Setting next_dagrun for example_complex to None, run_after=None
[2024-09-29T09:01:16.088-0500] {processor.py:208} INFO - Processing /home/d-salamanca/airflow-env/lib/python3.12/site-packages/airflow/example_dags/example_complex.py took 0.302 seconds
[2024-09-29T09:02:52.201-0500] {processor.py:186} INFO - Started process (PID=32640) to work on /home/d-salamanca/airflow-env/lib/python3.12/site-packages/airflow/example_dags/example_complex.py
[2024-09-29T09:02:52.219-0500] {processor.py:914} INFO - Processing file /home/d-salamanca/airflow-env/lib/python3.12/site-packages/airflow/example_dags/example_complex.py for tasks to queue
[2024-09-29T09:02:52.223-0500] {logging_mixin.py:190} INFO - [2024-09-29T09:02:52.222-0500] {dagbag.py:588} INFO - Filling up the DagBag from /home/d-salamanca/airflow-env/lib/python3.12/site-packages/airflow/example_dags/example_complex.py
[2024-09-29T09:02:52.238-0500] {processor.py:925} INFO - DAG(s) 'example_complex' retrieved from /home/d-salamanca/airflow-env/lib/python3.12/site-packages/airflow/example_dags/example_complex.py
[2024-09-29T09:02:52.268-0500] {logging_mixin.py:190} INFO - [2024-09-29T09:02:52.268-0500] {dag.py:3239} INFO - Sync 1 DAGs
[2024-09-29T09:02:52.283-0500] {logging_mixin.py:190} INFO - [2024-09-29T09:02:52.283-0500] {dag.py:4180} INFO - Setting next_dagrun for example_complex to None, run_after=None
[2024-09-29T09:02:52.329-0500] {processor.py:208} INFO - Processing /home/d-salamanca/airflow-env/lib/python3.12/site-packages/airflow/example_dags/example_complex.py took 0.136 seconds
[2024-09-29T09:04:12.315-0500] {processor.py:186} INFO - Started process (PID=32716) to work on /home/d-salamanca/airflow-env/lib/python3.12/site-packages/airflow/example_dags/example_complex.py
[2024-09-29T09:04:12.317-0500] {processor.py:914} INFO - Processing file /home/d-salamanca/airflow-env/lib/python3.12/site-packages/airflow/example_dags/example_complex.py for tasks to queue
[2024-09-29T09:04:12.323-0500] {logging_mixin.py:190} INFO - [2024-09-29T09:04:12.322-0500] {dagbag.py:588} INFO - Filling up the DagBag from /home/d-salamanca/airflow-env/lib/python3.12/site-packages/airflow/example_dags/example_complex.py
[2024-09-29T09:04:12.345-0500] {processor.py:925} INFO - DAG(s) 'example_complex' retrieved from /home/d-salamanca/airflow-env/lib/python3.12/site-packages/airflow/example_dags/example_complex.py
[2024-09-29T09:04:12.375-0500] {logging_mixin.py:190} INFO - [2024-09-29T09:04:12.374-0500] {dag.py:3239} INFO - Sync 1 DAGs
[2024-09-29T09:04:12.389-0500] {logging_mixin.py:190} INFO - [2024-09-29T09:04:12.388-0500] {dag.py:4180} INFO - Setting next_dagrun for example_complex to None, run_after=None
[2024-09-29T09:04:13.193-0500] {processor.py:208} INFO - Processing /home/d-salamanca/airflow-env/lib/python3.12/site-packages/airflow/example_dags/example_complex.py took 0.885 seconds
[2024-09-29T09:06:33.629-0500] {processor.py:186} INFO - Started process (PID=33069) to work on /home/d-salamanca/airflow-env/lib/python3.12/site-packages/airflow/example_dags/example_complex.py
[2024-09-29T09:06:33.661-0500] {processor.py:914} INFO - Processing file /home/d-salamanca/airflow-env/lib/python3.12/site-packages/airflow/example_dags/example_complex.py for tasks to queue
[2024-09-29T09:06:33.665-0500] {logging_mixin.py:190} INFO - [2024-09-29T09:06:33.664-0500] {dagbag.py:588} INFO - Filling up the DagBag from /home/d-salamanca/airflow-env/lib/python3.12/site-packages/airflow/example_dags/example_complex.py
[2024-09-29T09:06:33.689-0500] {processor.py:925} INFO - DAG(s) 'example_complex' retrieved from /home/d-salamanca/airflow-env/lib/python3.12/site-packages/airflow/example_dags/example_complex.py
[2024-09-29T09:06:33.758-0500] {logging_mixin.py:190} INFO - [2024-09-29T09:06:33.758-0500] {dag.py:3239} INFO - Sync 1 DAGs
[2024-09-29T09:06:33.775-0500] {logging_mixin.py:190} INFO - [2024-09-29T09:06:33.775-0500] {dag.py:4180} INFO - Setting next_dagrun for example_complex to None, run_after=None
[2024-09-29T09:06:33.842-0500] {processor.py:208} INFO - Processing /home/d-salamanca/airflow-env/lib/python3.12/site-packages/airflow/example_dags/example_complex.py took 0.222 seconds
[2024-09-29T09:08:04.024-0500] {processor.py:186} INFO - Started process (PID=33144) to work on /home/d-salamanca/airflow-env/lib/python3.12/site-packages/airflow/example_dags/example_complex.py
[2024-09-29T09:08:04.040-0500] {processor.py:914} INFO - Processing file /home/d-salamanca/airflow-env/lib/python3.12/site-packages/airflow/example_dags/example_complex.py for tasks to queue
[2024-09-29T09:08:04.044-0500] {logging_mixin.py:190} INFO - [2024-09-29T09:08:04.043-0500] {dagbag.py:588} INFO - Filling up the DagBag from /home/d-salamanca/airflow-env/lib/python3.12/site-packages/airflow/example_dags/example_complex.py
[2024-09-29T09:08:04.060-0500] {processor.py:925} INFO - DAG(s) 'example_complex' retrieved from /home/d-salamanca/airflow-env/lib/python3.12/site-packages/airflow/example_dags/example_complex.py
[2024-09-29T09:08:04.098-0500] {logging_mixin.py:190} INFO - [2024-09-29T09:08:04.097-0500] {dag.py:3239} INFO - Sync 1 DAGs
[2024-09-29T09:08:04.112-0500] {logging_mixin.py:190} INFO - [2024-09-29T09:08:04.112-0500] {dag.py:4180} INFO - Setting next_dagrun for example_complex to None, run_after=None
[2024-09-29T09:08:04.165-0500] {processor.py:208} INFO - Processing /home/d-salamanca/airflow-env/lib/python3.12/site-packages/airflow/example_dags/example_complex.py took 0.149 seconds
