[2024-09-28T23:59:41.851-0500] {processor.py:186} INFO - Started process (PID=25691) to work on /home/d-salamanca/airflow-env/lib/python3.12/site-packages/airflow/example_dags/example_setup_teardown_taskflow.py
[2024-09-28T23:59:41.852-0500] {processor.py:914} INFO - Processing file /home/d-salamanca/airflow-env/lib/python3.12/site-packages/airflow/example_dags/example_setup_teardown_taskflow.py for tasks to queue
[2024-09-28T23:59:41.855-0500] {logging_mixin.py:190} INFO - [2024-09-28T23:59:41.855-0500] {dagbag.py:588} INFO - Filling up the DagBag from /home/d-salamanca/airflow-env/lib/python3.12/site-packages/airflow/example_dags/example_setup_teardown_taskflow.py
[2024-09-28T23:59:41.881-0500] {processor.py:925} INFO - DAG(s) 'example_setup_teardown_taskflow' retrieved from /home/d-salamanca/airflow-env/lib/python3.12/site-packages/airflow/example_dags/example_setup_teardown_taskflow.py
[2024-09-28T23:59:43.214-0500] {logging_mixin.py:190} INFO - [2024-09-28T23:59:43.175-0500] {override.py:1901} INFO - Created Permission View: can edit on DAG:example_setup_teardown_taskflow
[2024-09-28T23:59:43.279-0500] {logging_mixin.py:190} INFO - [2024-09-28T23:59:43.277-0500] {override.py:1901} INFO - Created Permission View: can read on DAG:example_setup_teardown_taskflow
[2024-09-28T23:59:43.431-0500] {logging_mixin.py:190} INFO - [2024-09-28T23:59:43.430-0500] {override.py:1901} INFO - Created Permission View: can delete on DAG:example_setup_teardown_taskflow
[2024-09-28T23:59:43.590-0500] {logging_mixin.py:190} INFO - [2024-09-28T23:59:43.589-0500] {override.py:1901} INFO - Created Permission View: menu access on DAG Run:example_setup_teardown_taskflow
[2024-09-28T23:59:43.825-0500] {logging_mixin.py:190} INFO - [2024-09-28T23:59:43.824-0500] {override.py:1901} INFO - Created Permission View: can read on DAG Run:example_setup_teardown_taskflow
[2024-09-28T23:59:43.878-0500] {logging_mixin.py:190} INFO - [2024-09-28T23:59:43.877-0500] {override.py:1901} INFO - Created Permission View: can delete on DAG Run:example_setup_teardown_taskflow
[2024-09-28T23:59:43.900-0500] {logging_mixin.py:190} INFO - [2024-09-28T23:59:43.899-0500] {override.py:1901} INFO - Created Permission View: can create on DAG Run:example_setup_teardown_taskflow
[2024-09-28T23:59:43.900-0500] {logging_mixin.py:190} INFO - [2024-09-28T23:59:43.900-0500] {dag.py:3239} INFO - Sync 1 DAGs
[2024-09-28T23:59:43.920-0500] {logging_mixin.py:190} INFO - [2024-09-28T23:59:43.919-0500] {dag.py:3262} INFO - Creating ORM DAG for example_setup_teardown_taskflow
[2024-09-28T23:59:43.922-0500] {logging_mixin.py:190} INFO - [2024-09-28T23:59:43.921-0500] {dag.py:4180} INFO - Setting next_dagrun for example_setup_teardown_taskflow to None, run_after=None
[2024-09-28T23:59:44.024-0500] {processor.py:208} INFO - Processing /home/d-salamanca/airflow-env/lib/python3.12/site-packages/airflow/example_dags/example_setup_teardown_taskflow.py took 2.182 seconds
[2024-09-29T00:19:07.798-0500] {processor.py:186} INFO - Started process (PID=28620) to work on /home/d-salamanca/airflow-env/lib/python3.12/site-packages/airflow/example_dags/example_setup_teardown_taskflow.py
[2024-09-29T00:19:07.806-0500] {processor.py:914} INFO - Processing file /home/d-salamanca/airflow-env/lib/python3.12/site-packages/airflow/example_dags/example_setup_teardown_taskflow.py for tasks to queue
[2024-09-29T00:19:07.810-0500] {logging_mixin.py:190} INFO - [2024-09-29T00:19:07.810-0500] {dagbag.py:588} INFO - Filling up the DagBag from /home/d-salamanca/airflow-env/lib/python3.12/site-packages/airflow/example_dags/example_setup_teardown_taskflow.py
[2024-09-29T00:19:07.861-0500] {processor.py:925} INFO - DAG(s) 'example_setup_teardown_taskflow' retrieved from /home/d-salamanca/airflow-env/lib/python3.12/site-packages/airflow/example_dags/example_setup_teardown_taskflow.py
[2024-09-29T00:19:07.884-0500] {logging_mixin.py:190} INFO - [2024-09-29T00:19:07.884-0500] {dag.py:3239} INFO - Sync 1 DAGs
[2024-09-29T00:19:07.904-0500] {logging_mixin.py:190} INFO - [2024-09-29T00:19:07.904-0500] {dag.py:4180} INFO - Setting next_dagrun for example_setup_teardown_taskflow to None, run_after=None
[2024-09-29T00:19:07.951-0500] {processor.py:208} INFO - Processing /home/d-salamanca/airflow-env/lib/python3.12/site-packages/airflow/example_dags/example_setup_teardown_taskflow.py took 0.161 seconds
[2024-09-29T00:20:35.221-0500] {processor.py:186} INFO - Started process (PID=28696) to work on /home/d-salamanca/airflow-env/lib/python3.12/site-packages/airflow/example_dags/example_setup_teardown_taskflow.py
[2024-09-29T00:20:35.223-0500] {processor.py:914} INFO - Processing file /home/d-salamanca/airflow-env/lib/python3.12/site-packages/airflow/example_dags/example_setup_teardown_taskflow.py for tasks to queue
[2024-09-29T00:20:35.227-0500] {logging_mixin.py:190} INFO - [2024-09-29T00:20:35.226-0500] {dagbag.py:588} INFO - Filling up the DagBag from /home/d-salamanca/airflow-env/lib/python3.12/site-packages/airflow/example_dags/example_setup_teardown_taskflow.py
[2024-09-29T00:20:35.243-0500] {processor.py:925} INFO - DAG(s) 'example_setup_teardown_taskflow' retrieved from /home/d-salamanca/airflow-env/lib/python3.12/site-packages/airflow/example_dags/example_setup_teardown_taskflow.py
[2024-09-29T00:20:35.269-0500] {logging_mixin.py:190} INFO - [2024-09-29T00:20:35.268-0500] {dag.py:3239} INFO - Sync 1 DAGs
[2024-09-29T00:20:35.287-0500] {logging_mixin.py:190} INFO - [2024-09-29T00:20:35.286-0500] {dag.py:4180} INFO - Setting next_dagrun for example_setup_teardown_taskflow to None, run_after=None
[2024-09-29T00:20:35.325-0500] {processor.py:208} INFO - Processing /home/d-salamanca/airflow-env/lib/python3.12/site-packages/airflow/example_dags/example_setup_teardown_taskflow.py took 0.112 seconds
[2024-09-29T00:22:19.153-0500] {processor.py:186} INFO - Started process (PID=28770) to work on /home/d-salamanca/airflow-env/lib/python3.12/site-packages/airflow/example_dags/example_setup_teardown_taskflow.py
[2024-09-29T00:22:19.182-0500] {processor.py:914} INFO - Processing file /home/d-salamanca/airflow-env/lib/python3.12/site-packages/airflow/example_dags/example_setup_teardown_taskflow.py for tasks to queue
[2024-09-29T00:22:19.188-0500] {logging_mixin.py:190} INFO - [2024-09-29T00:22:19.187-0500] {dagbag.py:588} INFO - Filling up the DagBag from /home/d-salamanca/airflow-env/lib/python3.12/site-packages/airflow/example_dags/example_setup_teardown_taskflow.py
[2024-09-29T00:22:19.201-0500] {processor.py:925} INFO - DAG(s) 'example_setup_teardown_taskflow' retrieved from /home/d-salamanca/airflow-env/lib/python3.12/site-packages/airflow/example_dags/example_setup_teardown_taskflow.py
[2024-09-29T00:22:19.221-0500] {logging_mixin.py:190} INFO - [2024-09-29T00:22:19.221-0500] {dag.py:3239} INFO - Sync 1 DAGs
[2024-09-29T00:22:19.235-0500] {logging_mixin.py:190} INFO - [2024-09-29T00:22:19.235-0500] {dag.py:4180} INFO - Setting next_dagrun for example_setup_teardown_taskflow to None, run_after=None
[2024-09-29T00:22:19.318-0500] {processor.py:208} INFO - Processing /home/d-salamanca/airflow-env/lib/python3.12/site-packages/airflow/example_dags/example_setup_teardown_taskflow.py took 0.172 seconds
[2024-09-29T00:23:46.713-0500] {processor.py:186} INFO - Started process (PID=28842) to work on /home/d-salamanca/airflow-env/lib/python3.12/site-packages/airflow/example_dags/example_setup_teardown_taskflow.py
[2024-09-29T00:23:46.737-0500] {processor.py:914} INFO - Processing file /home/d-salamanca/airflow-env/lib/python3.12/site-packages/airflow/example_dags/example_setup_teardown_taskflow.py for tasks to queue
[2024-09-29T00:23:46.741-0500] {logging_mixin.py:190} INFO - [2024-09-29T00:23:46.740-0500] {dagbag.py:588} INFO - Filling up the DagBag from /home/d-salamanca/airflow-env/lib/python3.12/site-packages/airflow/example_dags/example_setup_teardown_taskflow.py
[2024-09-29T00:23:46.758-0500] {processor.py:925} INFO - DAG(s) 'example_setup_teardown_taskflow' retrieved from /home/d-salamanca/airflow-env/lib/python3.12/site-packages/airflow/example_dags/example_setup_teardown_taskflow.py
[2024-09-29T00:23:46.785-0500] {logging_mixin.py:190} INFO - [2024-09-29T00:23:46.784-0500] {dag.py:3239} INFO - Sync 1 DAGs
[2024-09-29T00:23:46.800-0500] {logging_mixin.py:190} INFO - [2024-09-29T00:23:46.799-0500] {dag.py:4180} INFO - Setting next_dagrun for example_setup_teardown_taskflow to None, run_after=None
[2024-09-29T00:23:46.842-0500] {processor.py:208} INFO - Processing /home/d-salamanca/airflow-env/lib/python3.12/site-packages/airflow/example_dags/example_setup_teardown_taskflow.py took 0.137 seconds
[2024-09-29T00:25:04.348-0500] {processor.py:186} INFO - Started process (PID=28912) to work on /home/d-salamanca/airflow-env/lib/python3.12/site-packages/airflow/example_dags/example_setup_teardown_taskflow.py
[2024-09-29T00:25:04.366-0500] {processor.py:914} INFO - Processing file /home/d-salamanca/airflow-env/lib/python3.12/site-packages/airflow/example_dags/example_setup_teardown_taskflow.py for tasks to queue
[2024-09-29T00:25:04.372-0500] {logging_mixin.py:190} INFO - [2024-09-29T00:25:04.371-0500] {dagbag.py:588} INFO - Filling up the DagBag from /home/d-salamanca/airflow-env/lib/python3.12/site-packages/airflow/example_dags/example_setup_teardown_taskflow.py
[2024-09-29T00:25:04.392-0500] {processor.py:925} INFO - DAG(s) 'example_setup_teardown_taskflow' retrieved from /home/d-salamanca/airflow-env/lib/python3.12/site-packages/airflow/example_dags/example_setup_teardown_taskflow.py
[2024-09-29T00:25:04.421-0500] {logging_mixin.py:190} INFO - [2024-09-29T00:25:04.420-0500] {dag.py:3239} INFO - Sync 1 DAGs
[2024-09-29T00:25:04.437-0500] {logging_mixin.py:190} INFO - [2024-09-29T00:25:04.437-0500] {dag.py:4180} INFO - Setting next_dagrun for example_setup_teardown_taskflow to None, run_after=None
[2024-09-29T00:25:04.554-0500] {processor.py:208} INFO - Processing /home/d-salamanca/airflow-env/lib/python3.12/site-packages/airflow/example_dags/example_setup_teardown_taskflow.py took 0.216 seconds
[2024-09-29T00:26:45.972-0500] {processor.py:186} INFO - Started process (PID=28999) to work on /home/d-salamanca/airflow-env/lib/python3.12/site-packages/airflow/example_dags/example_setup_teardown_taskflow.py
[2024-09-29T00:26:45.977-0500] {processor.py:914} INFO - Processing file /home/d-salamanca/airflow-env/lib/python3.12/site-packages/airflow/example_dags/example_setup_teardown_taskflow.py for tasks to queue
[2024-09-29T00:26:45.982-0500] {logging_mixin.py:190} INFO - [2024-09-29T00:26:45.981-0500] {dagbag.py:588} INFO - Filling up the DagBag from /home/d-salamanca/airflow-env/lib/python3.12/site-packages/airflow/example_dags/example_setup_teardown_taskflow.py
[2024-09-29T00:26:46.005-0500] {processor.py:925} INFO - DAG(s) 'example_setup_teardown_taskflow' retrieved from /home/d-salamanca/airflow-env/lib/python3.12/site-packages/airflow/example_dags/example_setup_teardown_taskflow.py
[2024-09-29T00:26:46.033-0500] {logging_mixin.py:190} INFO - [2024-09-29T00:26:46.033-0500] {dag.py:3239} INFO - Sync 1 DAGs
[2024-09-29T00:26:46.054-0500] {logging_mixin.py:190} INFO - [2024-09-29T00:26:46.053-0500] {dag.py:4180} INFO - Setting next_dagrun for example_setup_teardown_taskflow to None, run_after=None
[2024-09-29T00:26:46.172-0500] {processor.py:208} INFO - Processing /home/d-salamanca/airflow-env/lib/python3.12/site-packages/airflow/example_dags/example_setup_teardown_taskflow.py took 0.209 seconds
[2024-09-29T00:28:27.193-0500] {processor.py:186} INFO - Started process (PID=29153) to work on /home/d-salamanca/airflow-env/lib/python3.12/site-packages/airflow/example_dags/example_setup_teardown_taskflow.py
[2024-09-29T00:28:27.195-0500] {processor.py:914} INFO - Processing file /home/d-salamanca/airflow-env/lib/python3.12/site-packages/airflow/example_dags/example_setup_teardown_taskflow.py for tasks to queue
[2024-09-29T00:28:27.203-0500] {logging_mixin.py:190} INFO - [2024-09-29T00:28:27.201-0500] {dagbag.py:588} INFO - Filling up the DagBag from /home/d-salamanca/airflow-env/lib/python3.12/site-packages/airflow/example_dags/example_setup_teardown_taskflow.py
[2024-09-29T00:28:27.223-0500] {processor.py:925} INFO - DAG(s) 'example_setup_teardown_taskflow' retrieved from /home/d-salamanca/airflow-env/lib/python3.12/site-packages/airflow/example_dags/example_setup_teardown_taskflow.py
[2024-09-29T00:28:27.246-0500] {logging_mixin.py:190} INFO - [2024-09-29T00:28:27.246-0500] {dag.py:3239} INFO - Sync 1 DAGs
[2024-09-29T00:28:27.262-0500] {logging_mixin.py:190} INFO - [2024-09-29T00:28:27.262-0500] {dag.py:4180} INFO - Setting next_dagrun for example_setup_teardown_taskflow to None, run_after=None
[2024-09-29T00:28:27.311-0500] {processor.py:208} INFO - Processing /home/d-salamanca/airflow-env/lib/python3.12/site-packages/airflow/example_dags/example_setup_teardown_taskflow.py took 0.127 seconds
[2024-09-29T00:30:53.178-0500] {processor.py:186} INFO - Started process (PID=29290) to work on /home/d-salamanca/airflow-env/lib/python3.12/site-packages/airflow/example_dags/example_setup_teardown_taskflow.py
[2024-09-29T00:30:53.205-0500] {processor.py:914} INFO - Processing file /home/d-salamanca/airflow-env/lib/python3.12/site-packages/airflow/example_dags/example_setup_teardown_taskflow.py for tasks to queue
[2024-09-29T00:30:53.210-0500] {logging_mixin.py:190} INFO - [2024-09-29T00:30:53.209-0500] {dagbag.py:588} INFO - Filling up the DagBag from /home/d-salamanca/airflow-env/lib/python3.12/site-packages/airflow/example_dags/example_setup_teardown_taskflow.py
[2024-09-29T00:30:53.251-0500] {processor.py:925} INFO - DAG(s) 'example_setup_teardown_taskflow' retrieved from /home/d-salamanca/airflow-env/lib/python3.12/site-packages/airflow/example_dags/example_setup_teardown_taskflow.py
[2024-09-29T00:30:53.271-0500] {logging_mixin.py:190} INFO - [2024-09-29T00:30:53.271-0500] {dag.py:3239} INFO - Sync 1 DAGs
[2024-09-29T00:30:53.285-0500] {logging_mixin.py:190} INFO - [2024-09-29T00:30:53.285-0500] {dag.py:4180} INFO - Setting next_dagrun for example_setup_teardown_taskflow to None, run_after=None
[2024-09-29T00:30:53.339-0500] {processor.py:208} INFO - Processing /home/d-salamanca/airflow-env/lib/python3.12/site-packages/airflow/example_dags/example_setup_teardown_taskflow.py took 0.169 seconds
[2024-09-29T00:31:59.615-0500] {processor.py:186} INFO - Started process (PID=29339) to work on /home/d-salamanca/airflow-env/lib/python3.12/site-packages/airflow/example_dags/example_setup_teardown_taskflow.py
[2024-09-29T00:31:59.616-0500] {processor.py:914} INFO - Processing file /home/d-salamanca/airflow-env/lib/python3.12/site-packages/airflow/example_dags/example_setup_teardown_taskflow.py for tasks to queue
[2024-09-29T00:31:59.619-0500] {logging_mixin.py:190} INFO - [2024-09-29T00:31:59.619-0500] {dagbag.py:588} INFO - Filling up the DagBag from /home/d-salamanca/airflow-env/lib/python3.12/site-packages/airflow/example_dags/example_setup_teardown_taskflow.py
[2024-09-29T00:31:59.632-0500] {processor.py:925} INFO - DAG(s) 'example_setup_teardown_taskflow' retrieved from /home/d-salamanca/airflow-env/lib/python3.12/site-packages/airflow/example_dags/example_setup_teardown_taskflow.py
[2024-09-29T00:31:59.654-0500] {logging_mixin.py:190} INFO - [2024-09-29T00:31:59.654-0500] {dag.py:3239} INFO - Sync 1 DAGs
[2024-09-29T00:31:59.669-0500] {logging_mixin.py:190} INFO - [2024-09-29T00:31:59.669-0500] {dag.py:4180} INFO - Setting next_dagrun for example_setup_teardown_taskflow to None, run_after=None
[2024-09-29T00:31:59.717-0500] {processor.py:208} INFO - Processing /home/d-salamanca/airflow-env/lib/python3.12/site-packages/airflow/example_dags/example_setup_teardown_taskflow.py took 0.109 seconds
[2024-09-29T00:33:18.620-0500] {processor.py:186} INFO - Started process (PID=29418) to work on /home/d-salamanca/airflow-env/lib/python3.12/site-packages/airflow/example_dags/example_setup_teardown_taskflow.py
[2024-09-29T00:33:18.622-0500] {processor.py:914} INFO - Processing file /home/d-salamanca/airflow-env/lib/python3.12/site-packages/airflow/example_dags/example_setup_teardown_taskflow.py for tasks to queue
[2024-09-29T00:33:18.624-0500] {logging_mixin.py:190} INFO - [2024-09-29T00:33:18.624-0500] {dagbag.py:588} INFO - Filling up the DagBag from /home/d-salamanca/airflow-env/lib/python3.12/site-packages/airflow/example_dags/example_setup_teardown_taskflow.py
[2024-09-29T00:33:18.680-0500] {processor.py:925} INFO - DAG(s) 'example_setup_teardown_taskflow' retrieved from /home/d-salamanca/airflow-env/lib/python3.12/site-packages/airflow/example_dags/example_setup_teardown_taskflow.py
[2024-09-29T00:33:18.703-0500] {logging_mixin.py:190} INFO - [2024-09-29T00:33:18.702-0500] {dag.py:3239} INFO - Sync 1 DAGs
[2024-09-29T00:33:18.718-0500] {logging_mixin.py:190} INFO - [2024-09-29T00:33:18.718-0500] {dag.py:4180} INFO - Setting next_dagrun for example_setup_teardown_taskflow to None, run_after=None
[2024-09-29T00:33:18.753-0500] {processor.py:208} INFO - Processing /home/d-salamanca/airflow-env/lib/python3.12/site-packages/airflow/example_dags/example_setup_teardown_taskflow.py took 0.142 seconds
[2024-09-29T00:34:46.538-0500] {processor.py:186} INFO - Started process (PID=29517) to work on /home/d-salamanca/airflow-env/lib/python3.12/site-packages/airflow/example_dags/example_setup_teardown_taskflow.py
[2024-09-29T00:34:46.582-0500] {processor.py:914} INFO - Processing file /home/d-salamanca/airflow-env/lib/python3.12/site-packages/airflow/example_dags/example_setup_teardown_taskflow.py for tasks to queue
[2024-09-29T00:34:46.589-0500] {logging_mixin.py:190} INFO - [2024-09-29T00:34:46.588-0500] {dagbag.py:588} INFO - Filling up the DagBag from /home/d-salamanca/airflow-env/lib/python3.12/site-packages/airflow/example_dags/example_setup_teardown_taskflow.py
[2024-09-29T00:34:46.766-0500] {processor.py:925} INFO - DAG(s) 'example_setup_teardown_taskflow' retrieved from /home/d-salamanca/airflow-env/lib/python3.12/site-packages/airflow/example_dags/example_setup_teardown_taskflow.py
[2024-09-29T00:34:46.788-0500] {logging_mixin.py:190} INFO - [2024-09-29T00:34:46.788-0500] {dag.py:3239} INFO - Sync 1 DAGs
[2024-09-29T00:34:46.804-0500] {logging_mixin.py:190} INFO - [2024-09-29T00:34:46.804-0500] {dag.py:4180} INFO - Setting next_dagrun for example_setup_teardown_taskflow to None, run_after=None
[2024-09-29T00:34:46.858-0500] {processor.py:208} INFO - Processing /home/d-salamanca/airflow-env/lib/python3.12/site-packages/airflow/example_dags/example_setup_teardown_taskflow.py took 0.330 seconds
[2024-09-29T08:20:26.836-0500] {processor.py:186} INFO - Started process (PID=29774) to work on /home/d-salamanca/airflow-env/lib/python3.12/site-packages/airflow/example_dags/example_setup_teardown_taskflow.py
[2024-09-29T08:20:26.848-0500] {processor.py:914} INFO - Processing file /home/d-salamanca/airflow-env/lib/python3.12/site-packages/airflow/example_dags/example_setup_teardown_taskflow.py for tasks to queue
[2024-09-29T08:20:26.851-0500] {logging_mixin.py:190} INFO - [2024-09-29T08:20:26.851-0500] {dagbag.py:588} INFO - Filling up the DagBag from /home/d-salamanca/airflow-env/lib/python3.12/site-packages/airflow/example_dags/example_setup_teardown_taskflow.py
[2024-09-29T08:20:26.880-0500] {processor.py:925} INFO - DAG(s) 'example_setup_teardown_taskflow' retrieved from /home/d-salamanca/airflow-env/lib/python3.12/site-packages/airflow/example_dags/example_setup_teardown_taskflow.py
[2024-09-29T08:20:26.906-0500] {logging_mixin.py:190} INFO - [2024-09-29T08:20:26.906-0500] {dag.py:3239} INFO - Sync 1 DAGs
[2024-09-29T08:20:26.920-0500] {logging_mixin.py:190} INFO - [2024-09-29T08:20:26.920-0500] {dag.py:4180} INFO - Setting next_dagrun for example_setup_teardown_taskflow to None, run_after=None
[2024-09-29T08:20:26.962-0500] {processor.py:208} INFO - Processing /home/d-salamanca/airflow-env/lib/python3.12/site-packages/airflow/example_dags/example_setup_teardown_taskflow.py took 0.134 seconds
[2024-09-29T08:22:29.017-0500] {processor.py:186} INFO - Started process (PID=29882) to work on /home/d-salamanca/airflow-env/lib/python3.12/site-packages/airflow/example_dags/example_setup_teardown_taskflow.py
[2024-09-29T08:22:29.190-0500] {processor.py:914} INFO - Processing file /home/d-salamanca/airflow-env/lib/python3.12/site-packages/airflow/example_dags/example_setup_teardown_taskflow.py for tasks to queue
[2024-09-29T08:22:29.195-0500] {logging_mixin.py:190} INFO - [2024-09-29T08:22:29.194-0500] {dagbag.py:588} INFO - Filling up the DagBag from /home/d-salamanca/airflow-env/lib/python3.12/site-packages/airflow/example_dags/example_setup_teardown_taskflow.py
[2024-09-29T08:22:29.303-0500] {processor.py:925} INFO - DAG(s) 'example_setup_teardown_taskflow' retrieved from /home/d-salamanca/airflow-env/lib/python3.12/site-packages/airflow/example_dags/example_setup_teardown_taskflow.py
[2024-09-29T08:22:29.324-0500] {logging_mixin.py:190} INFO - [2024-09-29T08:22:29.324-0500] {dag.py:3239} INFO - Sync 1 DAGs
[2024-09-29T08:22:29.338-0500] {logging_mixin.py:190} INFO - [2024-09-29T08:22:29.338-0500] {dag.py:4180} INFO - Setting next_dagrun for example_setup_teardown_taskflow to None, run_after=None
[2024-09-29T08:22:29.467-0500] {processor.py:208} INFO - Processing /home/d-salamanca/airflow-env/lib/python3.12/site-packages/airflow/example_dags/example_setup_teardown_taskflow.py took 0.457 seconds
[2024-09-29T08:24:04.134-0500] {processor.py:186} INFO - Started process (PID=29957) to work on /home/d-salamanca/airflow-env/lib/python3.12/site-packages/airflow/example_dags/example_setup_teardown_taskflow.py
[2024-09-29T08:24:04.157-0500] {processor.py:914} INFO - Processing file /home/d-salamanca/airflow-env/lib/python3.12/site-packages/airflow/example_dags/example_setup_teardown_taskflow.py for tasks to queue
[2024-09-29T08:24:04.162-0500] {logging_mixin.py:190} INFO - [2024-09-29T08:24:04.161-0500] {dagbag.py:588} INFO - Filling up the DagBag from /home/d-salamanca/airflow-env/lib/python3.12/site-packages/airflow/example_dags/example_setup_teardown_taskflow.py
[2024-09-29T08:24:04.179-0500] {processor.py:925} INFO - DAG(s) 'example_setup_teardown_taskflow' retrieved from /home/d-salamanca/airflow-env/lib/python3.12/site-packages/airflow/example_dags/example_setup_teardown_taskflow.py
[2024-09-29T08:24:04.200-0500] {logging_mixin.py:190} INFO - [2024-09-29T08:24:04.200-0500] {dag.py:3239} INFO - Sync 1 DAGs
[2024-09-29T08:24:04.215-0500] {logging_mixin.py:190} INFO - [2024-09-29T08:24:04.215-0500] {dag.py:4180} INFO - Setting next_dagrun for example_setup_teardown_taskflow to None, run_after=None
[2024-09-29T08:24:04.299-0500] {processor.py:208} INFO - Processing /home/d-salamanca/airflow-env/lib/python3.12/site-packages/airflow/example_dags/example_setup_teardown_taskflow.py took 0.174 seconds
[2024-09-29T08:25:24.684-0500] {processor.py:186} INFO - Started process (PID=30060) to work on /home/d-salamanca/airflow-env/lib/python3.12/site-packages/airflow/example_dags/example_setup_teardown_taskflow.py
[2024-09-29T08:25:24.704-0500] {processor.py:914} INFO - Processing file /home/d-salamanca/airflow-env/lib/python3.12/site-packages/airflow/example_dags/example_setup_teardown_taskflow.py for tasks to queue
[2024-09-29T08:25:24.709-0500] {logging_mixin.py:190} INFO - [2024-09-29T08:25:24.708-0500] {dagbag.py:588} INFO - Filling up the DagBag from /home/d-salamanca/airflow-env/lib/python3.12/site-packages/airflow/example_dags/example_setup_teardown_taskflow.py
[2024-09-29T08:25:24.728-0500] {processor.py:925} INFO - DAG(s) 'example_setup_teardown_taskflow' retrieved from /home/d-salamanca/airflow-env/lib/python3.12/site-packages/airflow/example_dags/example_setup_teardown_taskflow.py
[2024-09-29T08:25:24.749-0500] {logging_mixin.py:190} INFO - [2024-09-29T08:25:24.749-0500] {dag.py:3239} INFO - Sync 1 DAGs
[2024-09-29T08:25:24.765-0500] {logging_mixin.py:190} INFO - [2024-09-29T08:25:24.765-0500] {dag.py:4180} INFO - Setting next_dagrun for example_setup_teardown_taskflow to None, run_after=None
[2024-09-29T08:25:24.793-0500] {processor.py:208} INFO - Processing /home/d-salamanca/airflow-env/lib/python3.12/site-packages/airflow/example_dags/example_setup_teardown_taskflow.py took 0.116 seconds
[2024-09-29T08:26:52.331-0500] {processor.py:186} INFO - Started process (PID=30129) to work on /home/d-salamanca/airflow-env/lib/python3.12/site-packages/airflow/example_dags/example_setup_teardown_taskflow.py
[2024-09-29T08:26:52.350-0500] {processor.py:914} INFO - Processing file /home/d-salamanca/airflow-env/lib/python3.12/site-packages/airflow/example_dags/example_setup_teardown_taskflow.py for tasks to queue
[2024-09-29T08:26:52.354-0500] {logging_mixin.py:190} INFO - [2024-09-29T08:26:52.353-0500] {dagbag.py:588} INFO - Filling up the DagBag from /home/d-salamanca/airflow-env/lib/python3.12/site-packages/airflow/example_dags/example_setup_teardown_taskflow.py
[2024-09-29T08:26:52.377-0500] {processor.py:925} INFO - DAG(s) 'example_setup_teardown_taskflow' retrieved from /home/d-salamanca/airflow-env/lib/python3.12/site-packages/airflow/example_dags/example_setup_teardown_taskflow.py
[2024-09-29T08:26:52.398-0500] {logging_mixin.py:190} INFO - [2024-09-29T08:26:52.398-0500] {dag.py:3239} INFO - Sync 1 DAGs
[2024-09-29T08:26:52.413-0500] {logging_mixin.py:190} INFO - [2024-09-29T08:26:52.412-0500] {dag.py:4180} INFO - Setting next_dagrun for example_setup_teardown_taskflow to None, run_after=None
[2024-09-29T08:26:52.446-0500] {processor.py:208} INFO - Processing /home/d-salamanca/airflow-env/lib/python3.12/site-packages/airflow/example_dags/example_setup_teardown_taskflow.py took 0.122 seconds
[2024-09-29T08:28:06.431-0500] {processor.py:186} INFO - Started process (PID=30196) to work on /home/d-salamanca/airflow-env/lib/python3.12/site-packages/airflow/example_dags/example_setup_teardown_taskflow.py
[2024-09-29T08:28:06.432-0500] {processor.py:914} INFO - Processing file /home/d-salamanca/airflow-env/lib/python3.12/site-packages/airflow/example_dags/example_setup_teardown_taskflow.py for tasks to queue
[2024-09-29T08:28:06.434-0500] {logging_mixin.py:190} INFO - [2024-09-29T08:28:06.434-0500] {dagbag.py:588} INFO - Filling up the DagBag from /home/d-salamanca/airflow-env/lib/python3.12/site-packages/airflow/example_dags/example_setup_teardown_taskflow.py
[2024-09-29T08:28:06.447-0500] {processor.py:925} INFO - DAG(s) 'example_setup_teardown_taskflow' retrieved from /home/d-salamanca/airflow-env/lib/python3.12/site-packages/airflow/example_dags/example_setup_teardown_taskflow.py
[2024-09-29T08:28:06.467-0500] {logging_mixin.py:190} INFO - [2024-09-29T08:28:06.467-0500] {dag.py:3239} INFO - Sync 1 DAGs
[2024-09-29T08:28:06.481-0500] {logging_mixin.py:190} INFO - [2024-09-29T08:28:06.480-0500] {dag.py:4180} INFO - Setting next_dagrun for example_setup_teardown_taskflow to None, run_after=None
[2024-09-29T08:28:06.525-0500] {processor.py:208} INFO - Processing /home/d-salamanca/airflow-env/lib/python3.12/site-packages/airflow/example_dags/example_setup_teardown_taskflow.py took 0.102 seconds
[2024-09-29T08:29:26.239-0500] {processor.py:186} INFO - Started process (PID=30266) to work on /home/d-salamanca/airflow-env/lib/python3.12/site-packages/airflow/example_dags/example_setup_teardown_taskflow.py
[2024-09-29T08:29:26.291-0500] {processor.py:914} INFO - Processing file /home/d-salamanca/airflow-env/lib/python3.12/site-packages/airflow/example_dags/example_setup_teardown_taskflow.py for tasks to queue
[2024-09-29T08:29:26.298-0500] {logging_mixin.py:190} INFO - [2024-09-29T08:29:26.296-0500] {dagbag.py:588} INFO - Filling up the DagBag from /home/d-salamanca/airflow-env/lib/python3.12/site-packages/airflow/example_dags/example_setup_teardown_taskflow.py
[2024-09-29T08:29:26.312-0500] {processor.py:925} INFO - DAG(s) 'example_setup_teardown_taskflow' retrieved from /home/d-salamanca/airflow-env/lib/python3.12/site-packages/airflow/example_dags/example_setup_teardown_taskflow.py
[2024-09-29T08:29:26.337-0500] {logging_mixin.py:190} INFO - [2024-09-29T08:29:26.337-0500] {dag.py:3239} INFO - Sync 1 DAGs
[2024-09-29T08:29:26.351-0500] {logging_mixin.py:190} INFO - [2024-09-29T08:29:26.351-0500] {dag.py:4180} INFO - Setting next_dagrun for example_setup_teardown_taskflow to None, run_after=None
[2024-09-29T08:29:26.458-0500] {processor.py:208} INFO - Processing /home/d-salamanca/airflow-env/lib/python3.12/site-packages/airflow/example_dags/example_setup_teardown_taskflow.py took 0.226 seconds
[2024-09-29T08:30:58.680-0500] {processor.py:186} INFO - Started process (PID=30344) to work on /home/d-salamanca/airflow-env/lib/python3.12/site-packages/airflow/example_dags/example_setup_teardown_taskflow.py
[2024-09-29T08:30:58.681-0500] {processor.py:914} INFO - Processing file /home/d-salamanca/airflow-env/lib/python3.12/site-packages/airflow/example_dags/example_setup_teardown_taskflow.py for tasks to queue
[2024-09-29T08:30:58.684-0500] {logging_mixin.py:190} INFO - [2024-09-29T08:30:58.683-0500] {dagbag.py:588} INFO - Filling up the DagBag from /home/d-salamanca/airflow-env/lib/python3.12/site-packages/airflow/example_dags/example_setup_teardown_taskflow.py
[2024-09-29T08:30:58.698-0500] {processor.py:925} INFO - DAG(s) 'example_setup_teardown_taskflow' retrieved from /home/d-salamanca/airflow-env/lib/python3.12/site-packages/airflow/example_dags/example_setup_teardown_taskflow.py
[2024-09-29T08:30:58.723-0500] {logging_mixin.py:190} INFO - [2024-09-29T08:30:58.723-0500] {dag.py:3239} INFO - Sync 1 DAGs
[2024-09-29T08:30:58.738-0500] {logging_mixin.py:190} INFO - [2024-09-29T08:30:58.738-0500] {dag.py:4180} INFO - Setting next_dagrun for example_setup_teardown_taskflow to None, run_after=None
[2024-09-29T08:30:58.933-0500] {processor.py:208} INFO - Processing /home/d-salamanca/airflow-env/lib/python3.12/site-packages/airflow/example_dags/example_setup_teardown_taskflow.py took 0.262 seconds
[2024-09-29T08:32:34.354-0500] {processor.py:186} INFO - Started process (PID=30428) to work on /home/d-salamanca/airflow-env/lib/python3.12/site-packages/airflow/example_dags/example_setup_teardown_taskflow.py
[2024-09-29T08:32:34.381-0500] {processor.py:914} INFO - Processing file /home/d-salamanca/airflow-env/lib/python3.12/site-packages/airflow/example_dags/example_setup_teardown_taskflow.py for tasks to queue
[2024-09-29T08:32:34.386-0500] {logging_mixin.py:190} INFO - [2024-09-29T08:32:34.385-0500] {dagbag.py:588} INFO - Filling up the DagBag from /home/d-salamanca/airflow-env/lib/python3.12/site-packages/airflow/example_dags/example_setup_teardown_taskflow.py
[2024-09-29T08:32:34.400-0500] {processor.py:925} INFO - DAG(s) 'example_setup_teardown_taskflow' retrieved from /home/d-salamanca/airflow-env/lib/python3.12/site-packages/airflow/example_dags/example_setup_teardown_taskflow.py
[2024-09-29T08:32:34.421-0500] {logging_mixin.py:190} INFO - [2024-09-29T08:32:34.421-0500] {dag.py:3239} INFO - Sync 1 DAGs
[2024-09-29T08:32:34.435-0500] {logging_mixin.py:190} INFO - [2024-09-29T08:32:34.435-0500] {dag.py:4180} INFO - Setting next_dagrun for example_setup_teardown_taskflow to None, run_after=None
[2024-09-29T08:32:34.707-0500] {processor.py:208} INFO - Processing /home/d-salamanca/airflow-env/lib/python3.12/site-packages/airflow/example_dags/example_setup_teardown_taskflow.py took 0.361 seconds
[2024-09-29T08:33:55.469-0500] {processor.py:186} INFO - Started process (PID=30498) to work on /home/d-salamanca/airflow-env/lib/python3.12/site-packages/airflow/example_dags/example_setup_teardown_taskflow.py
[2024-09-29T08:33:55.470-0500] {processor.py:914} INFO - Processing file /home/d-salamanca/airflow-env/lib/python3.12/site-packages/airflow/example_dags/example_setup_teardown_taskflow.py for tasks to queue
[2024-09-29T08:33:55.473-0500] {logging_mixin.py:190} INFO - [2024-09-29T08:33:55.473-0500] {dagbag.py:588} INFO - Filling up the DagBag from /home/d-salamanca/airflow-env/lib/python3.12/site-packages/airflow/example_dags/example_setup_teardown_taskflow.py
[2024-09-29T08:33:55.487-0500] {processor.py:925} INFO - DAG(s) 'example_setup_teardown_taskflow' retrieved from /home/d-salamanca/airflow-env/lib/python3.12/site-packages/airflow/example_dags/example_setup_teardown_taskflow.py
[2024-09-29T08:33:55.508-0500] {logging_mixin.py:190} INFO - [2024-09-29T08:33:55.507-0500] {dag.py:3239} INFO - Sync 1 DAGs
[2024-09-29T08:33:55.524-0500] {logging_mixin.py:190} INFO - [2024-09-29T08:33:55.523-0500] {dag.py:4180} INFO - Setting next_dagrun for example_setup_teardown_taskflow to None, run_after=None
[2024-09-29T08:33:55.573-0500] {processor.py:208} INFO - Processing /home/d-salamanca/airflow-env/lib/python3.12/site-packages/airflow/example_dags/example_setup_teardown_taskflow.py took 0.112 seconds
[2024-09-29T08:35:37.932-0500] {processor.py:186} INFO - Started process (PID=30699) to work on /home/d-salamanca/airflow-env/lib/python3.12/site-packages/airflow/example_dags/example_setup_teardown_taskflow.py
[2024-09-29T08:35:37.964-0500] {processor.py:914} INFO - Processing file /home/d-salamanca/airflow-env/lib/python3.12/site-packages/airflow/example_dags/example_setup_teardown_taskflow.py for tasks to queue
[2024-09-29T08:35:37.969-0500] {logging_mixin.py:190} INFO - [2024-09-29T08:35:37.968-0500] {dagbag.py:588} INFO - Filling up the DagBag from /home/d-salamanca/airflow-env/lib/python3.12/site-packages/airflow/example_dags/example_setup_teardown_taskflow.py
[2024-09-29T08:35:38.075-0500] {processor.py:925} INFO - DAG(s) 'example_setup_teardown_taskflow' retrieved from /home/d-salamanca/airflow-env/lib/python3.12/site-packages/airflow/example_dags/example_setup_teardown_taskflow.py
[2024-09-29T08:35:38.096-0500] {logging_mixin.py:190} INFO - [2024-09-29T08:35:38.096-0500] {dag.py:3239} INFO - Sync 1 DAGs
[2024-09-29T08:35:38.112-0500] {logging_mixin.py:190} INFO - [2024-09-29T08:35:38.112-0500] {dag.py:4180} INFO - Setting next_dagrun for example_setup_teardown_taskflow to None, run_after=None
[2024-09-29T08:35:38.481-0500] {processor.py:208} INFO - Processing /home/d-salamanca/airflow-env/lib/python3.12/site-packages/airflow/example_dags/example_setup_teardown_taskflow.py took 0.558 seconds
[2024-09-29T08:37:21.724-0500] {processor.py:186} INFO - Started process (PID=31014) to work on /home/d-salamanca/airflow-env/lib/python3.12/site-packages/airflow/example_dags/example_setup_teardown_taskflow.py
[2024-09-29T08:37:21.757-0500] {processor.py:914} INFO - Processing file /home/d-salamanca/airflow-env/lib/python3.12/site-packages/airflow/example_dags/example_setup_teardown_taskflow.py for tasks to queue
[2024-09-29T08:37:21.760-0500] {logging_mixin.py:190} INFO - [2024-09-29T08:37:21.760-0500] {dagbag.py:588} INFO - Filling up the DagBag from /home/d-salamanca/airflow-env/lib/python3.12/site-packages/airflow/example_dags/example_setup_teardown_taskflow.py
[2024-09-29T08:37:21.791-0500] {processor.py:925} INFO - DAG(s) 'example_setup_teardown_taskflow' retrieved from /home/d-salamanca/airflow-env/lib/python3.12/site-packages/airflow/example_dags/example_setup_teardown_taskflow.py
[2024-09-29T08:37:21.811-0500] {logging_mixin.py:190} INFO - [2024-09-29T08:37:21.811-0500] {dag.py:3239} INFO - Sync 1 DAGs
[2024-09-29T08:37:21.826-0500] {logging_mixin.py:190} INFO - [2024-09-29T08:37:21.825-0500] {dag.py:4180} INFO - Setting next_dagrun for example_setup_teardown_taskflow to None, run_after=None
[2024-09-29T08:37:21.891-0500] {processor.py:208} INFO - Processing /home/d-salamanca/airflow-env/lib/python3.12/site-packages/airflow/example_dags/example_setup_teardown_taskflow.py took 0.175 seconds
[2024-09-29T08:38:41.537-0500] {processor.py:186} INFO - Started process (PID=31085) to work on /home/d-salamanca/airflow-env/lib/python3.12/site-packages/airflow/example_dags/example_setup_teardown_taskflow.py
[2024-09-29T08:38:41.576-0500] {processor.py:914} INFO - Processing file /home/d-salamanca/airflow-env/lib/python3.12/site-packages/airflow/example_dags/example_setup_teardown_taskflow.py for tasks to queue
[2024-09-29T08:38:41.580-0500] {logging_mixin.py:190} INFO - [2024-09-29T08:38:41.579-0500] {dagbag.py:588} INFO - Filling up the DagBag from /home/d-salamanca/airflow-env/lib/python3.12/site-packages/airflow/example_dags/example_setup_teardown_taskflow.py
[2024-09-29T08:38:41.609-0500] {processor.py:925} INFO - DAG(s) 'example_setup_teardown_taskflow' retrieved from /home/d-salamanca/airflow-env/lib/python3.12/site-packages/airflow/example_dags/example_setup_teardown_taskflow.py
[2024-09-29T08:38:41.632-0500] {logging_mixin.py:190} INFO - [2024-09-29T08:38:41.631-0500] {dag.py:3239} INFO - Sync 1 DAGs
[2024-09-29T08:38:41.649-0500] {logging_mixin.py:190} INFO - [2024-09-29T08:38:41.648-0500] {dag.py:4180} INFO - Setting next_dagrun for example_setup_teardown_taskflow to None, run_after=None
[2024-09-29T08:38:41.725-0500] {processor.py:208} INFO - Processing /home/d-salamanca/airflow-env/lib/python3.12/site-packages/airflow/example_dags/example_setup_teardown_taskflow.py took 0.195 seconds
[2024-09-29T08:40:17.107-0500] {processor.py:186} INFO - Started process (PID=31163) to work on /home/d-salamanca/airflow-env/lib/python3.12/site-packages/airflow/example_dags/example_setup_teardown_taskflow.py
[2024-09-29T08:40:17.134-0500] {processor.py:914} INFO - Processing file /home/d-salamanca/airflow-env/lib/python3.12/site-packages/airflow/example_dags/example_setup_teardown_taskflow.py for tasks to queue
[2024-09-29T08:40:17.142-0500] {logging_mixin.py:190} INFO - [2024-09-29T08:40:17.140-0500] {dagbag.py:588} INFO - Filling up the DagBag from /home/d-salamanca/airflow-env/lib/python3.12/site-packages/airflow/example_dags/example_setup_teardown_taskflow.py
[2024-09-29T08:40:17.157-0500] {processor.py:925} INFO - DAG(s) 'example_setup_teardown_taskflow' retrieved from /home/d-salamanca/airflow-env/lib/python3.12/site-packages/airflow/example_dags/example_setup_teardown_taskflow.py
[2024-09-29T08:40:17.178-0500] {logging_mixin.py:190} INFO - [2024-09-29T08:40:17.178-0500] {dag.py:3239} INFO - Sync 1 DAGs
[2024-09-29T08:40:17.192-0500] {logging_mixin.py:190} INFO - [2024-09-29T08:40:17.192-0500] {dag.py:4180} INFO - Setting next_dagrun for example_setup_teardown_taskflow to None, run_after=None
[2024-09-29T08:40:17.227-0500] {processor.py:208} INFO - Processing /home/d-salamanca/airflow-env/lib/python3.12/site-packages/airflow/example_dags/example_setup_teardown_taskflow.py took 0.128 seconds
[2024-09-29T08:41:48.027-0500] {processor.py:186} INFO - Started process (PID=31234) to work on /home/d-salamanca/airflow-env/lib/python3.12/site-packages/airflow/example_dags/example_setup_teardown_taskflow.py
[2024-09-29T08:41:48.050-0500] {processor.py:914} INFO - Processing file /home/d-salamanca/airflow-env/lib/python3.12/site-packages/airflow/example_dags/example_setup_teardown_taskflow.py for tasks to queue
[2024-09-29T08:41:48.054-0500] {logging_mixin.py:190} INFO - [2024-09-29T08:41:48.053-0500] {dagbag.py:588} INFO - Filling up the DagBag from /home/d-salamanca/airflow-env/lib/python3.12/site-packages/airflow/example_dags/example_setup_teardown_taskflow.py
[2024-09-29T08:41:48.072-0500] {processor.py:925} INFO - DAG(s) 'example_setup_teardown_taskflow' retrieved from /home/d-salamanca/airflow-env/lib/python3.12/site-packages/airflow/example_dags/example_setup_teardown_taskflow.py
[2024-09-29T08:41:48.092-0500] {logging_mixin.py:190} INFO - [2024-09-29T08:41:48.092-0500] {dag.py:3239} INFO - Sync 1 DAGs
[2024-09-29T08:41:48.107-0500] {logging_mixin.py:190} INFO - [2024-09-29T08:41:48.107-0500] {dag.py:4180} INFO - Setting next_dagrun for example_setup_teardown_taskflow to None, run_after=None
[2024-09-29T08:41:48.177-0500] {processor.py:208} INFO - Processing /home/d-salamanca/airflow-env/lib/python3.12/site-packages/airflow/example_dags/example_setup_teardown_taskflow.py took 0.157 seconds
[2024-09-29T08:43:22.203-0500] {processor.py:186} INFO - Started process (PID=31308) to work on /home/d-salamanca/airflow-env/lib/python3.12/site-packages/airflow/example_dags/example_setup_teardown_taskflow.py
[2024-09-29T08:43:22.223-0500] {processor.py:914} INFO - Processing file /home/d-salamanca/airflow-env/lib/python3.12/site-packages/airflow/example_dags/example_setup_teardown_taskflow.py for tasks to queue
[2024-09-29T08:43:22.227-0500] {logging_mixin.py:190} INFO - [2024-09-29T08:43:22.226-0500] {dagbag.py:588} INFO - Filling up the DagBag from /home/d-salamanca/airflow-env/lib/python3.12/site-packages/airflow/example_dags/example_setup_teardown_taskflow.py
[2024-09-29T08:43:22.246-0500] {processor.py:925} INFO - DAG(s) 'example_setup_teardown_taskflow' retrieved from /home/d-salamanca/airflow-env/lib/python3.12/site-packages/airflow/example_dags/example_setup_teardown_taskflow.py
[2024-09-29T08:43:22.266-0500] {logging_mixin.py:190} INFO - [2024-09-29T08:43:22.265-0500] {dag.py:3239} INFO - Sync 1 DAGs
[2024-09-29T08:43:22.279-0500] {logging_mixin.py:190} INFO - [2024-09-29T08:43:22.279-0500] {dag.py:4180} INFO - Setting next_dagrun for example_setup_teardown_taskflow to None, run_after=None
[2024-09-29T08:43:22.338-0500] {processor.py:208} INFO - Processing /home/d-salamanca/airflow-env/lib/python3.12/site-packages/airflow/example_dags/example_setup_teardown_taskflow.py took 0.142 seconds
[2024-09-29T08:44:44.028-0500] {processor.py:186} INFO - Started process (PID=31384) to work on /home/d-salamanca/airflow-env/lib/python3.12/site-packages/airflow/example_dags/example_setup_teardown_taskflow.py
[2024-09-29T08:44:44.051-0500] {processor.py:914} INFO - Processing file /home/d-salamanca/airflow-env/lib/python3.12/site-packages/airflow/example_dags/example_setup_teardown_taskflow.py for tasks to queue
[2024-09-29T08:44:44.054-0500] {logging_mixin.py:190} INFO - [2024-09-29T08:44:44.053-0500] {dagbag.py:588} INFO - Filling up the DagBag from /home/d-salamanca/airflow-env/lib/python3.12/site-packages/airflow/example_dags/example_setup_teardown_taskflow.py
[2024-09-29T08:44:44.073-0500] {processor.py:925} INFO - DAG(s) 'example_setup_teardown_taskflow' retrieved from /home/d-salamanca/airflow-env/lib/python3.12/site-packages/airflow/example_dags/example_setup_teardown_taskflow.py
[2024-09-29T08:44:44.093-0500] {logging_mixin.py:190} INFO - [2024-09-29T08:44:44.093-0500] {dag.py:3239} INFO - Sync 1 DAGs
[2024-09-29T08:44:44.108-0500] {logging_mixin.py:190} INFO - [2024-09-29T08:44:44.107-0500] {dag.py:4180} INFO - Setting next_dagrun for example_setup_teardown_taskflow to None, run_after=None
[2024-09-29T08:44:44.148-0500] {processor.py:208} INFO - Processing /home/d-salamanca/airflow-env/lib/python3.12/site-packages/airflow/example_dags/example_setup_teardown_taskflow.py took 0.128 seconds
[2024-09-29T08:46:38.548-0500] {processor.py:186} INFO - Started process (PID=31461) to work on /home/d-salamanca/airflow-env/lib/python3.12/site-packages/airflow/example_dags/example_setup_teardown_taskflow.py
[2024-09-29T08:46:38.591-0500] {processor.py:914} INFO - Processing file /home/d-salamanca/airflow-env/lib/python3.12/site-packages/airflow/example_dags/example_setup_teardown_taskflow.py for tasks to queue
[2024-09-29T08:46:38.597-0500] {logging_mixin.py:190} INFO - [2024-09-29T08:46:38.597-0500] {dagbag.py:588} INFO - Filling up the DagBag from /home/d-salamanca/airflow-env/lib/python3.12/site-packages/airflow/example_dags/example_setup_teardown_taskflow.py
[2024-09-29T08:46:38.611-0500] {processor.py:925} INFO - DAG(s) 'example_setup_teardown_taskflow' retrieved from /home/d-salamanca/airflow-env/lib/python3.12/site-packages/airflow/example_dags/example_setup_teardown_taskflow.py
[2024-09-29T08:46:38.632-0500] {logging_mixin.py:190} INFO - [2024-09-29T08:46:38.632-0500] {dag.py:3239} INFO - Sync 1 DAGs
[2024-09-29T08:46:38.647-0500] {logging_mixin.py:190} INFO - [2024-09-29T08:46:38.646-0500] {dag.py:4180} INFO - Setting next_dagrun for example_setup_teardown_taskflow to None, run_after=None
[2024-09-29T08:46:39.368-0500] {processor.py:208} INFO - Processing /home/d-salamanca/airflow-env/lib/python3.12/site-packages/airflow/example_dags/example_setup_teardown_taskflow.py took 0.827 seconds
[2024-09-29T08:48:12.946-0500] {processor.py:186} INFO - Started process (PID=31547) to work on /home/d-salamanca/airflow-env/lib/python3.12/site-packages/airflow/example_dags/example_setup_teardown_taskflow.py
[2024-09-29T08:48:12.963-0500] {processor.py:914} INFO - Processing file /home/d-salamanca/airflow-env/lib/python3.12/site-packages/airflow/example_dags/example_setup_teardown_taskflow.py for tasks to queue
[2024-09-29T08:48:12.967-0500] {logging_mixin.py:190} INFO - [2024-09-29T08:48:12.966-0500] {dagbag.py:588} INFO - Filling up the DagBag from /home/d-salamanca/airflow-env/lib/python3.12/site-packages/airflow/example_dags/example_setup_teardown_taskflow.py
[2024-09-29T08:48:12.986-0500] {processor.py:925} INFO - DAG(s) 'example_setup_teardown_taskflow' retrieved from /home/d-salamanca/airflow-env/lib/python3.12/site-packages/airflow/example_dags/example_setup_teardown_taskflow.py
[2024-09-29T08:48:13.005-0500] {logging_mixin.py:190} INFO - [2024-09-29T08:48:13.005-0500] {dag.py:3239} INFO - Sync 1 DAGs
[2024-09-29T08:48:13.020-0500] {logging_mixin.py:190} INFO - [2024-09-29T08:48:13.020-0500] {dag.py:4180} INFO - Setting next_dagrun for example_setup_teardown_taskflow to None, run_after=None
[2024-09-29T08:48:13.074-0500] {processor.py:208} INFO - Processing /home/d-salamanca/airflow-env/lib/python3.12/site-packages/airflow/example_dags/example_setup_teardown_taskflow.py took 0.135 seconds
[2024-09-29T08:49:34.258-0500] {processor.py:186} INFO - Started process (PID=31619) to work on /home/d-salamanca/airflow-env/lib/python3.12/site-packages/airflow/example_dags/example_setup_teardown_taskflow.py
[2024-09-29T08:49:34.260-0500] {processor.py:914} INFO - Processing file /home/d-salamanca/airflow-env/lib/python3.12/site-packages/airflow/example_dags/example_setup_teardown_taskflow.py for tasks to queue
[2024-09-29T08:49:34.262-0500] {logging_mixin.py:190} INFO - [2024-09-29T08:49:34.262-0500] {dagbag.py:588} INFO - Filling up the DagBag from /home/d-salamanca/airflow-env/lib/python3.12/site-packages/airflow/example_dags/example_setup_teardown_taskflow.py
[2024-09-29T08:49:34.274-0500] {processor.py:925} INFO - DAG(s) 'example_setup_teardown_taskflow' retrieved from /home/d-salamanca/airflow-env/lib/python3.12/site-packages/airflow/example_dags/example_setup_teardown_taskflow.py
[2024-09-29T08:49:34.295-0500] {logging_mixin.py:190} INFO - [2024-09-29T08:49:34.295-0500] {dag.py:3239} INFO - Sync 1 DAGs
[2024-09-29T08:49:34.310-0500] {logging_mixin.py:190} INFO - [2024-09-29T08:49:34.309-0500] {dag.py:4180} INFO - Setting next_dagrun for example_setup_teardown_taskflow to None, run_after=None
[2024-09-29T08:49:34.352-0500] {processor.py:208} INFO - Processing /home/d-salamanca/airflow-env/lib/python3.12/site-packages/airflow/example_dags/example_setup_teardown_taskflow.py took 0.101 seconds
[2024-09-29T08:51:09.489-0500] {processor.py:186} INFO - Started process (PID=31792) to work on /home/d-salamanca/airflow-env/lib/python3.12/site-packages/airflow/example_dags/example_setup_teardown_taskflow.py
[2024-09-29T08:51:09.596-0500] {processor.py:914} INFO - Processing file /home/d-salamanca/airflow-env/lib/python3.12/site-packages/airflow/example_dags/example_setup_teardown_taskflow.py for tasks to queue
[2024-09-29T08:51:09.603-0500] {logging_mixin.py:190} INFO - [2024-09-29T08:51:09.601-0500] {dagbag.py:588} INFO - Filling up the DagBag from /home/d-salamanca/airflow-env/lib/python3.12/site-packages/airflow/example_dags/example_setup_teardown_taskflow.py
[2024-09-29T08:51:09.981-0500] {processor.py:925} INFO - DAG(s) 'example_setup_teardown_taskflow' retrieved from /home/d-salamanca/airflow-env/lib/python3.12/site-packages/airflow/example_dags/example_setup_teardown_taskflow.py
[2024-09-29T08:51:10.053-0500] {logging_mixin.py:190} INFO - [2024-09-29T08:51:10.053-0500] {dag.py:3239} INFO - Sync 1 DAGs
[2024-09-29T08:51:10.183-0500] {logging_mixin.py:190} INFO - [2024-09-29T08:51:10.183-0500] {dag.py:4180} INFO - Setting next_dagrun for example_setup_teardown_taskflow to None, run_after=None
[2024-09-29T08:51:10.442-0500] {processor.py:208} INFO - Processing /home/d-salamanca/airflow-env/lib/python3.12/site-packages/airflow/example_dags/example_setup_teardown_taskflow.py took 1.031 seconds
[2024-09-29T08:52:54.996-0500] {processor.py:186} INFO - Started process (PID=31967) to work on /home/d-salamanca/airflow-env/lib/python3.12/site-packages/airflow/example_dags/example_setup_teardown_taskflow.py
[2024-09-29T08:52:55.117-0500] {processor.py:914} INFO - Processing file /home/d-salamanca/airflow-env/lib/python3.12/site-packages/airflow/example_dags/example_setup_teardown_taskflow.py for tasks to queue
[2024-09-29T08:52:55.123-0500] {logging_mixin.py:190} INFO - [2024-09-29T08:52:55.122-0500] {dagbag.py:588} INFO - Filling up the DagBag from /home/d-salamanca/airflow-env/lib/python3.12/site-packages/airflow/example_dags/example_setup_teardown_taskflow.py
[2024-09-29T08:52:55.191-0500] {processor.py:925} INFO - DAG(s) 'example_setup_teardown_taskflow' retrieved from /home/d-salamanca/airflow-env/lib/python3.12/site-packages/airflow/example_dags/example_setup_teardown_taskflow.py
[2024-09-29T08:52:55.295-0500] {logging_mixin.py:190} INFO - [2024-09-29T08:52:55.295-0500] {dag.py:3239} INFO - Sync 1 DAGs
[2024-09-29T08:52:55.309-0500] {logging_mixin.py:190} INFO - [2024-09-29T08:52:55.309-0500] {dag.py:4180} INFO - Setting next_dagrun for example_setup_teardown_taskflow to None, run_after=None
[2024-09-29T08:52:55.357-0500] {processor.py:208} INFO - Processing /home/d-salamanca/airflow-env/lib/python3.12/site-packages/airflow/example_dags/example_setup_teardown_taskflow.py took 0.368 seconds
[2024-09-29T08:54:04.410-0500] {processor.py:186} INFO - Started process (PID=32021) to work on /home/d-salamanca/airflow-env/lib/python3.12/site-packages/airflow/example_dags/example_setup_teardown_taskflow.py
[2024-09-29T08:54:04.436-0500] {processor.py:914} INFO - Processing file /home/d-salamanca/airflow-env/lib/python3.12/site-packages/airflow/example_dags/example_setup_teardown_taskflow.py for tasks to queue
[2024-09-29T08:54:04.441-0500] {logging_mixin.py:190} INFO - [2024-09-29T08:54:04.440-0500] {dagbag.py:588} INFO - Filling up the DagBag from /home/d-salamanca/airflow-env/lib/python3.12/site-packages/airflow/example_dags/example_setup_teardown_taskflow.py
[2024-09-29T08:54:04.472-0500] {processor.py:925} INFO - DAG(s) 'example_setup_teardown_taskflow' retrieved from /home/d-salamanca/airflow-env/lib/python3.12/site-packages/airflow/example_dags/example_setup_teardown_taskflow.py
[2024-09-29T08:54:04.492-0500] {logging_mixin.py:190} INFO - [2024-09-29T08:54:04.491-0500] {dag.py:3239} INFO - Sync 1 DAGs
[2024-09-29T08:54:04.507-0500] {logging_mixin.py:190} INFO - [2024-09-29T08:54:04.507-0500] {dag.py:4180} INFO - Setting next_dagrun for example_setup_teardown_taskflow to None, run_after=None
[2024-09-29T08:54:04.574-0500] {processor.py:208} INFO - Processing /home/d-salamanca/airflow-env/lib/python3.12/site-packages/airflow/example_dags/example_setup_teardown_taskflow.py took 0.175 seconds
[2024-09-29T08:55:39.271-0500] {processor.py:186} INFO - Started process (PID=32099) to work on /home/d-salamanca/airflow-env/lib/python3.12/site-packages/airflow/example_dags/example_setup_teardown_taskflow.py
[2024-09-29T08:55:39.287-0500] {processor.py:914} INFO - Processing file /home/d-salamanca/airflow-env/lib/python3.12/site-packages/airflow/example_dags/example_setup_teardown_taskflow.py for tasks to queue
[2024-09-29T08:55:39.293-0500] {logging_mixin.py:190} INFO - [2024-09-29T08:55:39.292-0500] {dagbag.py:588} INFO - Filling up the DagBag from /home/d-salamanca/airflow-env/lib/python3.12/site-packages/airflow/example_dags/example_setup_teardown_taskflow.py
[2024-09-29T08:55:39.306-0500] {processor.py:925} INFO - DAG(s) 'example_setup_teardown_taskflow' retrieved from /home/d-salamanca/airflow-env/lib/python3.12/site-packages/airflow/example_dags/example_setup_teardown_taskflow.py
[2024-09-29T08:55:39.326-0500] {logging_mixin.py:190} INFO - [2024-09-29T08:55:39.326-0500] {dag.py:3239} INFO - Sync 1 DAGs
[2024-09-29T08:55:39.340-0500] {logging_mixin.py:190} INFO - [2024-09-29T08:55:39.340-0500] {dag.py:4180} INFO - Setting next_dagrun for example_setup_teardown_taskflow to None, run_after=None
[2024-09-29T08:55:39.365-0500] {processor.py:208} INFO - Processing /home/d-salamanca/airflow-env/lib/python3.12/site-packages/airflow/example_dags/example_setup_teardown_taskflow.py took 0.103 seconds
[2024-09-29T08:57:24.221-0500] {processor.py:186} INFO - Started process (PID=32176) to work on /home/d-salamanca/airflow-env/lib/python3.12/site-packages/airflow/example_dags/example_setup_teardown_taskflow.py
[2024-09-29T08:57:24.222-0500] {processor.py:914} INFO - Processing file /home/d-salamanca/airflow-env/lib/python3.12/site-packages/airflow/example_dags/example_setup_teardown_taskflow.py for tasks to queue
[2024-09-29T08:57:24.225-0500] {logging_mixin.py:190} INFO - [2024-09-29T08:57:24.224-0500] {dagbag.py:588} INFO - Filling up the DagBag from /home/d-salamanca/airflow-env/lib/python3.12/site-packages/airflow/example_dags/example_setup_teardown_taskflow.py
[2024-09-29T08:57:24.297-0500] {processor.py:925} INFO - DAG(s) 'example_setup_teardown_taskflow' retrieved from /home/d-salamanca/airflow-env/lib/python3.12/site-packages/airflow/example_dags/example_setup_teardown_taskflow.py
[2024-09-29T08:57:24.318-0500] {logging_mixin.py:190} INFO - [2024-09-29T08:57:24.318-0500] {dag.py:3239} INFO - Sync 1 DAGs
[2024-09-29T08:57:24.334-0500] {logging_mixin.py:190} INFO - [2024-09-29T08:57:24.334-0500] {dag.py:4180} INFO - Setting next_dagrun for example_setup_teardown_taskflow to None, run_after=None
[2024-09-29T08:57:24.617-0500] {processor.py:208} INFO - Processing /home/d-salamanca/airflow-env/lib/python3.12/site-packages/airflow/example_dags/example_setup_teardown_taskflow.py took 0.407 seconds
[2024-09-29T08:59:00.632-0500] {processor.py:186} INFO - Started process (PID=32262) to work on /home/d-salamanca/airflow-env/lib/python3.12/site-packages/airflow/example_dags/example_setup_teardown_taskflow.py
[2024-09-29T08:59:00.780-0500] {processor.py:914} INFO - Processing file /home/d-salamanca/airflow-env/lib/python3.12/site-packages/airflow/example_dags/example_setup_teardown_taskflow.py for tasks to queue
[2024-09-29T08:59:00.786-0500] {logging_mixin.py:190} INFO - [2024-09-29T08:59:00.785-0500] {dagbag.py:588} INFO - Filling up the DagBag from /home/d-salamanca/airflow-env/lib/python3.12/site-packages/airflow/example_dags/example_setup_teardown_taskflow.py
[2024-09-29T08:59:00.800-0500] {processor.py:925} INFO - DAG(s) 'example_setup_teardown_taskflow' retrieved from /home/d-salamanca/airflow-env/lib/python3.12/site-packages/airflow/example_dags/example_setup_teardown_taskflow.py
[2024-09-29T08:59:00.820-0500] {logging_mixin.py:190} INFO - [2024-09-29T08:59:00.820-0500] {dag.py:3239} INFO - Sync 1 DAGs
[2024-09-29T08:59:00.835-0500] {logging_mixin.py:190} INFO - [2024-09-29T08:59:00.834-0500] {dag.py:4180} INFO - Setting next_dagrun for example_setup_teardown_taskflow to None, run_after=None
[2024-09-29T08:59:03.122-0500] {processor.py:208} INFO - Processing /home/d-salamanca/airflow-env/lib/python3.12/site-packages/airflow/example_dags/example_setup_teardown_taskflow.py took 2.498 seconds
[2024-09-29T09:01:01.544-0500] {processor.py:186} INFO - Started process (PID=32554) to work on /home/d-salamanca/airflow-env/lib/python3.12/site-packages/airflow/example_dags/example_setup_teardown_taskflow.py
[2024-09-29T09:01:01.569-0500] {processor.py:914} INFO - Processing file /home/d-salamanca/airflow-env/lib/python3.12/site-packages/airflow/example_dags/example_setup_teardown_taskflow.py for tasks to queue
[2024-09-29T09:01:01.577-0500] {logging_mixin.py:190} INFO - [2024-09-29T09:01:01.576-0500] {dagbag.py:588} INFO - Filling up the DagBag from /home/d-salamanca/airflow-env/lib/python3.12/site-packages/airflow/example_dags/example_setup_teardown_taskflow.py
[2024-09-29T09:01:01.633-0500] {processor.py:925} INFO - DAG(s) 'example_setup_teardown_taskflow' retrieved from /home/d-salamanca/airflow-env/lib/python3.12/site-packages/airflow/example_dags/example_setup_teardown_taskflow.py
[2024-09-29T09:01:01.654-0500] {logging_mixin.py:190} INFO - [2024-09-29T09:01:01.654-0500] {dag.py:3239} INFO - Sync 1 DAGs
[2024-09-29T09:01:01.669-0500] {logging_mixin.py:190} INFO - [2024-09-29T09:01:01.669-0500] {dag.py:4180} INFO - Setting next_dagrun for example_setup_teardown_taskflow to None, run_after=None
[2024-09-29T09:01:01.740-0500] {processor.py:208} INFO - Processing /home/d-salamanca/airflow-env/lib/python3.12/site-packages/airflow/example_dags/example_setup_teardown_taskflow.py took 0.204 seconds
[2024-09-29T09:02:39.583-0500] {processor.py:186} INFO - Started process (PID=32630) to work on /home/d-salamanca/airflow-env/lib/python3.12/site-packages/airflow/example_dags/example_setup_teardown_taskflow.py
[2024-09-29T09:02:39.584-0500] {processor.py:914} INFO - Processing file /home/d-salamanca/airflow-env/lib/python3.12/site-packages/airflow/example_dags/example_setup_teardown_taskflow.py for tasks to queue
[2024-09-29T09:02:39.587-0500] {logging_mixin.py:190} INFO - [2024-09-29T09:02:39.586-0500] {dagbag.py:588} INFO - Filling up the DagBag from /home/d-salamanca/airflow-env/lib/python3.12/site-packages/airflow/example_dags/example_setup_teardown_taskflow.py
[2024-09-29T09:02:39.600-0500] {processor.py:925} INFO - DAG(s) 'example_setup_teardown_taskflow' retrieved from /home/d-salamanca/airflow-env/lib/python3.12/site-packages/airflow/example_dags/example_setup_teardown_taskflow.py
[2024-09-29T09:02:39.620-0500] {logging_mixin.py:190} INFO - [2024-09-29T09:02:39.620-0500] {dag.py:3239} INFO - Sync 1 DAGs
[2024-09-29T09:02:39.634-0500] {logging_mixin.py:190} INFO - [2024-09-29T09:02:39.634-0500] {dag.py:4180} INFO - Setting next_dagrun for example_setup_teardown_taskflow to None, run_after=None
[2024-09-29T09:02:39.670-0500] {processor.py:208} INFO - Processing /home/d-salamanca/airflow-env/lib/python3.12/site-packages/airflow/example_dags/example_setup_teardown_taskflow.py took 0.095 seconds
[2024-09-29T09:03:59.320-0500] {processor.py:186} INFO - Started process (PID=32700) to work on /home/d-salamanca/airflow-env/lib/python3.12/site-packages/airflow/example_dags/example_setup_teardown_taskflow.py
[2024-09-29T09:03:59.337-0500] {processor.py:914} INFO - Processing file /home/d-salamanca/airflow-env/lib/python3.12/site-packages/airflow/example_dags/example_setup_teardown_taskflow.py for tasks to queue
[2024-09-29T09:03:59.340-0500] {logging_mixin.py:190} INFO - [2024-09-29T09:03:59.339-0500] {dagbag.py:588} INFO - Filling up the DagBag from /home/d-salamanca/airflow-env/lib/python3.12/site-packages/airflow/example_dags/example_setup_teardown_taskflow.py
[2024-09-29T09:03:59.354-0500] {processor.py:925} INFO - DAG(s) 'example_setup_teardown_taskflow' retrieved from /home/d-salamanca/airflow-env/lib/python3.12/site-packages/airflow/example_dags/example_setup_teardown_taskflow.py
[2024-09-29T09:03:59.375-0500] {logging_mixin.py:190} INFO - [2024-09-29T09:03:59.375-0500] {dag.py:3239} INFO - Sync 1 DAGs
[2024-09-29T09:03:59.390-0500] {logging_mixin.py:190} INFO - [2024-09-29T09:03:59.389-0500] {dag.py:4180} INFO - Setting next_dagrun for example_setup_teardown_taskflow to None, run_after=None
[2024-09-29T09:03:59.459-0500] {processor.py:208} INFO - Processing /home/d-salamanca/airflow-env/lib/python3.12/site-packages/airflow/example_dags/example_setup_teardown_taskflow.py took 0.147 seconds
[2024-09-29T09:06:16.256-0500] {processor.py:186} INFO - Started process (PID=33058) to work on /home/d-salamanca/airflow-env/lib/python3.12/site-packages/airflow/example_dags/example_setup_teardown_taskflow.py
[2024-09-29T09:06:16.269-0500] {processor.py:914} INFO - Processing file /home/d-salamanca/airflow-env/lib/python3.12/site-packages/airflow/example_dags/example_setup_teardown_taskflow.py for tasks to queue
[2024-09-29T09:06:16.273-0500] {logging_mixin.py:190} INFO - [2024-09-29T09:06:16.272-0500] {dagbag.py:588} INFO - Filling up the DagBag from /home/d-salamanca/airflow-env/lib/python3.12/site-packages/airflow/example_dags/example_setup_teardown_taskflow.py
[2024-09-29T09:06:16.295-0500] {processor.py:925} INFO - DAG(s) 'example_setup_teardown_taskflow' retrieved from /home/d-salamanca/airflow-env/lib/python3.12/site-packages/airflow/example_dags/example_setup_teardown_taskflow.py
[2024-09-29T09:06:16.316-0500] {logging_mixin.py:190} INFO - [2024-09-29T09:06:16.316-0500] {dag.py:3239} INFO - Sync 1 DAGs
[2024-09-29T09:06:16.330-0500] {logging_mixin.py:190} INFO - [2024-09-29T09:06:16.330-0500] {dag.py:4180} INFO - Setting next_dagrun for example_setup_teardown_taskflow to None, run_after=None
[2024-09-29T09:06:16.409-0500] {processor.py:208} INFO - Processing /home/d-salamanca/airflow-env/lib/python3.12/site-packages/airflow/example_dags/example_setup_teardown_taskflow.py took 0.163 seconds
[2024-09-29T09:07:50.433-0500] {processor.py:186} INFO - Started process (PID=33133) to work on /home/d-salamanca/airflow-env/lib/python3.12/site-packages/airflow/example_dags/example_setup_teardown_taskflow.py
[2024-09-29T09:07:50.457-0500] {processor.py:914} INFO - Processing file /home/d-salamanca/airflow-env/lib/python3.12/site-packages/airflow/example_dags/example_setup_teardown_taskflow.py for tasks to queue
[2024-09-29T09:07:50.463-0500] {logging_mixin.py:190} INFO - [2024-09-29T09:07:50.462-0500] {dagbag.py:588} INFO - Filling up the DagBag from /home/d-salamanca/airflow-env/lib/python3.12/site-packages/airflow/example_dags/example_setup_teardown_taskflow.py
[2024-09-29T09:07:50.507-0500] {processor.py:925} INFO - DAG(s) 'example_setup_teardown_taskflow' retrieved from /home/d-salamanca/airflow-env/lib/python3.12/site-packages/airflow/example_dags/example_setup_teardown_taskflow.py
[2024-09-29T09:07:50.532-0500] {logging_mixin.py:190} INFO - [2024-09-29T09:07:50.532-0500] {dag.py:3239} INFO - Sync 1 DAGs
[2024-09-29T09:07:50.546-0500] {logging_mixin.py:190} INFO - [2024-09-29T09:07:50.546-0500] {dag.py:4180} INFO - Setting next_dagrun for example_setup_teardown_taskflow to None, run_after=None
[2024-09-29T09:07:50.595-0500] {processor.py:208} INFO - Processing /home/d-salamanca/airflow-env/lib/python3.12/site-packages/airflow/example_dags/example_setup_teardown_taskflow.py took 0.227 seconds
