[2024-09-28T23:58:46.106-0500] {processor.py:186} INFO - Started process (PID=25600) to work on /home/d-salamanca/airflow-env/lib/python3.12/site-packages/airflow/example_dags/example_trigger_target_dag.py
[2024-09-28T23:58:46.107-0500] {processor.py:914} INFO - Processing file /home/d-salamanca/airflow-env/lib/python3.12/site-packages/airflow/example_dags/example_trigger_target_dag.py for tasks to queue
[2024-09-28T23:58:46.109-0500] {logging_mixin.py:190} INFO - [2024-09-28T23:58:46.109-0500] {dagbag.py:588} INFO - Filling up the DagBag from /home/d-salamanca/airflow-env/lib/python3.12/site-packages/airflow/example_dags/example_trigger_target_dag.py
[2024-09-28T23:58:46.214-0500] {processor.py:925} INFO - DAG(s) 'example_trigger_target_dag' retrieved from /home/d-salamanca/airflow-env/lib/python3.12/site-packages/airflow/example_dags/example_trigger_target_dag.py
[2024-09-28T23:58:47.423-0500] {logging_mixin.py:190} INFO - [2024-09-28T23:58:47.421-0500] {override.py:1901} INFO - Created Permission View: can edit on DAG:example_trigger_target_dag
[2024-09-28T23:58:47.676-0500] {logging_mixin.py:190} INFO - [2024-09-28T23:58:47.675-0500] {override.py:1901} INFO - Created Permission View: can read on DAG:example_trigger_target_dag
[2024-09-28T23:58:47.843-0500] {logging_mixin.py:190} INFO - [2024-09-28T23:58:47.842-0500] {override.py:1901} INFO - Created Permission View: can delete on DAG:example_trigger_target_dag
[2024-09-28T23:58:47.989-0500] {logging_mixin.py:190} INFO - [2024-09-28T23:58:47.988-0500] {override.py:1901} INFO - Created Permission View: menu access on DAG Run:example_trigger_target_dag
[2024-09-28T23:58:48.092-0500] {logging_mixin.py:190} INFO - [2024-09-28T23:58:48.091-0500] {override.py:1901} INFO - Created Permission View: can read on DAG Run:example_trigger_target_dag
[2024-09-28T23:58:48.136-0500] {logging_mixin.py:190} INFO - [2024-09-28T23:58:48.136-0500] {override.py:1901} INFO - Created Permission View: can delete on DAG Run:example_trigger_target_dag
[2024-09-28T23:58:48.162-0500] {logging_mixin.py:190} INFO - [2024-09-28T23:58:48.161-0500] {override.py:1901} INFO - Created Permission View: can create on DAG Run:example_trigger_target_dag
[2024-09-28T23:58:48.163-0500] {logging_mixin.py:190} INFO - [2024-09-28T23:58:48.162-0500] {dag.py:3239} INFO - Sync 1 DAGs
[2024-09-28T23:58:48.188-0500] {logging_mixin.py:190} INFO - [2024-09-28T23:58:48.188-0500] {dag.py:3262} INFO - Creating ORM DAG for example_trigger_target_dag
[2024-09-28T23:58:48.189-0500] {logging_mixin.py:190} INFO - [2024-09-28T23:58:48.189-0500] {dag.py:4180} INFO - Setting next_dagrun for example_trigger_target_dag to None, run_after=None
[2024-09-28T23:58:48.257-0500] {processor.py:208} INFO - Processing /home/d-salamanca/airflow-env/lib/python3.12/site-packages/airflow/example_dags/example_trigger_target_dag.py took 2.159 seconds
[2024-09-29T00:18:49.443-0500] {processor.py:186} INFO - Started process (PID=28566) to work on /home/d-salamanca/airflow-env/lib/python3.12/site-packages/airflow/example_dags/example_trigger_target_dag.py
[2024-09-29T00:18:49.459-0500] {processor.py:914} INFO - Processing file /home/d-salamanca/airflow-env/lib/python3.12/site-packages/airflow/example_dags/example_trigger_target_dag.py for tasks to queue
[2024-09-29T00:18:49.462-0500] {logging_mixin.py:190} INFO - [2024-09-29T00:18:49.462-0500] {dagbag.py:588} INFO - Filling up the DagBag from /home/d-salamanca/airflow-env/lib/python3.12/site-packages/airflow/example_dags/example_trigger_target_dag.py
[2024-09-29T00:18:49.499-0500] {processor.py:925} INFO - DAG(s) 'example_trigger_target_dag' retrieved from /home/d-salamanca/airflow-env/lib/python3.12/site-packages/airflow/example_dags/example_trigger_target_dag.py
[2024-09-29T00:18:49.520-0500] {logging_mixin.py:190} INFO - [2024-09-29T00:18:49.519-0500] {dag.py:3239} INFO - Sync 1 DAGs
[2024-09-29T00:18:49.535-0500] {logging_mixin.py:190} INFO - [2024-09-29T00:18:49.535-0500] {dag.py:4180} INFO - Setting next_dagrun for example_trigger_target_dag to None, run_after=None
[2024-09-29T00:18:49.596-0500] {processor.py:208} INFO - Processing /home/d-salamanca/airflow-env/lib/python3.12/site-packages/airflow/example_dags/example_trigger_target_dag.py took 0.165 seconds
[2024-09-29T00:20:21.416-0500] {processor.py:186} INFO - Started process (PID=28684) to work on /home/d-salamanca/airflow-env/lib/python3.12/site-packages/airflow/example_dags/example_trigger_target_dag.py
[2024-09-29T00:20:21.433-0500] {processor.py:914} INFO - Processing file /home/d-salamanca/airflow-env/lib/python3.12/site-packages/airflow/example_dags/example_trigger_target_dag.py for tasks to queue
[2024-09-29T00:20:21.439-0500] {logging_mixin.py:190} INFO - [2024-09-29T00:20:21.438-0500] {dagbag.py:588} INFO - Filling up the DagBag from /home/d-salamanca/airflow-env/lib/python3.12/site-packages/airflow/example_dags/example_trigger_target_dag.py
[2024-09-29T00:20:21.453-0500] {processor.py:925} INFO - DAG(s) 'example_trigger_target_dag' retrieved from /home/d-salamanca/airflow-env/lib/python3.12/site-packages/airflow/example_dags/example_trigger_target_dag.py
[2024-09-29T00:20:21.475-0500] {logging_mixin.py:190} INFO - [2024-09-29T00:20:21.475-0500] {dag.py:3239} INFO - Sync 1 DAGs
[2024-09-29T00:20:21.492-0500] {logging_mixin.py:190} INFO - [2024-09-29T00:20:21.492-0500] {dag.py:4180} INFO - Setting next_dagrun for example_trigger_target_dag to None, run_after=None
[2024-09-29T00:20:21.539-0500] {processor.py:208} INFO - Processing /home/d-salamanca/airflow-env/lib/python3.12/site-packages/airflow/example_dags/example_trigger_target_dag.py took 0.132 seconds
[2024-09-29T00:21:14.419-0500] {processor.py:186} INFO - Started process (PID=28725) to work on /home/d-salamanca/airflow-env/lib/python3.12/site-packages/airflow/example_dags/example_trigger_target_dag.py
[2024-09-29T00:21:14.421-0500] {processor.py:914} INFO - Processing file /home/d-salamanca/airflow-env/lib/python3.12/site-packages/airflow/example_dags/example_trigger_target_dag.py for tasks to queue
[2024-09-29T00:21:14.424-0500] {logging_mixin.py:190} INFO - [2024-09-29T00:21:14.423-0500] {dagbag.py:588} INFO - Filling up the DagBag from /home/d-salamanca/airflow-env/lib/python3.12/site-packages/airflow/example_dags/example_trigger_target_dag.py
[2024-09-29T00:21:14.464-0500] {processor.py:925} INFO - DAG(s) 'example_trigger_target_dag' retrieved from /home/d-salamanca/airflow-env/lib/python3.12/site-packages/airflow/example_dags/example_trigger_target_dag.py
[2024-09-29T00:21:14.484-0500] {logging_mixin.py:190} INFO - [2024-09-29T00:21:14.483-0500] {dag.py:3239} INFO - Sync 1 DAGs
[2024-09-29T00:21:14.497-0500] {logging_mixin.py:190} INFO - [2024-09-29T00:21:14.497-0500] {dag.py:4180} INFO - Setting next_dagrun for example_trigger_target_dag to None, run_after=None
[2024-09-29T00:21:14.563-0500] {processor.py:208} INFO - Processing /home/d-salamanca/airflow-env/lib/python3.12/site-packages/airflow/example_dags/example_trigger_target_dag.py took 0.157 seconds
[2024-09-29T00:22:03.529-0500] {processor.py:186} INFO - Started process (PID=28758) to work on /home/d-salamanca/airflow-env/lib/python3.12/site-packages/airflow/example_dags/example_trigger_target_dag.py
[2024-09-29T00:22:03.530-0500] {processor.py:914} INFO - Processing file /home/d-salamanca/airflow-env/lib/python3.12/site-packages/airflow/example_dags/example_trigger_target_dag.py for tasks to queue
[2024-09-29T00:22:03.534-0500] {logging_mixin.py:190} INFO - [2024-09-29T00:22:03.534-0500] {dagbag.py:588} INFO - Filling up the DagBag from /home/d-salamanca/airflow-env/lib/python3.12/site-packages/airflow/example_dags/example_trigger_target_dag.py
[2024-09-29T00:22:03.548-0500] {processor.py:925} INFO - DAG(s) 'example_trigger_target_dag' retrieved from /home/d-salamanca/airflow-env/lib/python3.12/site-packages/airflow/example_dags/example_trigger_target_dag.py
[2024-09-29T00:22:03.572-0500] {logging_mixin.py:190} INFO - [2024-09-29T00:22:03.572-0500] {dag.py:3239} INFO - Sync 1 DAGs
[2024-09-29T00:22:03.592-0500] {logging_mixin.py:190} INFO - [2024-09-29T00:22:03.591-0500] {dag.py:4180} INFO - Setting next_dagrun for example_trigger_target_dag to None, run_after=None
[2024-09-29T00:22:03.631-0500] {processor.py:208} INFO - Processing /home/d-salamanca/airflow-env/lib/python3.12/site-packages/airflow/example_dags/example_trigger_target_dag.py took 0.111 seconds
[2024-09-29T00:22:54.096-0500] {processor.py:186} INFO - Started process (PID=28799) to work on /home/d-salamanca/airflow-env/lib/python3.12/site-packages/airflow/example_dags/example_trigger_target_dag.py
[2024-09-29T00:22:54.097-0500] {processor.py:914} INFO - Processing file /home/d-salamanca/airflow-env/lib/python3.12/site-packages/airflow/example_dags/example_trigger_target_dag.py for tasks to queue
[2024-09-29T00:22:54.101-0500] {logging_mixin.py:190} INFO - [2024-09-29T00:22:54.100-0500] {dagbag.py:588} INFO - Filling up the DagBag from /home/d-salamanca/airflow-env/lib/python3.12/site-packages/airflow/example_dags/example_trigger_target_dag.py
[2024-09-29T00:22:54.110-0500] {processor.py:925} INFO - DAG(s) 'example_trigger_target_dag' retrieved from /home/d-salamanca/airflow-env/lib/python3.12/site-packages/airflow/example_dags/example_trigger_target_dag.py
[2024-09-29T00:22:54.128-0500] {logging_mixin.py:190} INFO - [2024-09-29T00:22:54.127-0500] {dag.py:3239} INFO - Sync 1 DAGs
[2024-09-29T00:22:54.141-0500] {logging_mixin.py:190} INFO - [2024-09-29T00:22:54.141-0500] {dag.py:4180} INFO - Setting next_dagrun for example_trigger_target_dag to None, run_after=None
[2024-09-29T00:22:54.168-0500] {processor.py:208} INFO - Processing /home/d-salamanca/airflow-env/lib/python3.12/site-packages/airflow/example_dags/example_trigger_target_dag.py took 0.079 seconds
[2024-09-29T00:24:21.561-0500] {processor.py:186} INFO - Started process (PID=28871) to work on /home/d-salamanca/airflow-env/lib/python3.12/site-packages/airflow/example_dags/example_trigger_target_dag.py
[2024-09-29T00:24:21.563-0500] {processor.py:914} INFO - Processing file /home/d-salamanca/airflow-env/lib/python3.12/site-packages/airflow/example_dags/example_trigger_target_dag.py for tasks to queue
[2024-09-29T00:24:21.568-0500] {logging_mixin.py:190} INFO - [2024-09-29T00:24:21.567-0500] {dagbag.py:588} INFO - Filling up the DagBag from /home/d-salamanca/airflow-env/lib/python3.12/site-packages/airflow/example_dags/example_trigger_target_dag.py
[2024-09-29T00:24:21.580-0500] {processor.py:925} INFO - DAG(s) 'example_trigger_target_dag' retrieved from /home/d-salamanca/airflow-env/lib/python3.12/site-packages/airflow/example_dags/example_trigger_target_dag.py
[2024-09-29T00:24:21.601-0500] {logging_mixin.py:190} INFO - [2024-09-29T00:24:21.601-0500] {dag.py:3239} INFO - Sync 1 DAGs
[2024-09-29T00:24:21.620-0500] {logging_mixin.py:190} INFO - [2024-09-29T00:24:21.619-0500] {dag.py:4180} INFO - Setting next_dagrun for example_trigger_target_dag to None, run_after=None
[2024-09-29T00:24:21.661-0500] {processor.py:208} INFO - Processing /home/d-salamanca/airflow-env/lib/python3.12/site-packages/airflow/example_dags/example_trigger_target_dag.py took 0.109 seconds
[2024-09-29T00:25:47.199-0500] {processor.py:186} INFO - Started process (PID=28943) to work on /home/d-salamanca/airflow-env/lib/python3.12/site-packages/airflow/example_dags/example_trigger_target_dag.py
[2024-09-29T00:25:47.200-0500] {processor.py:914} INFO - Processing file /home/d-salamanca/airflow-env/lib/python3.12/site-packages/airflow/example_dags/example_trigger_target_dag.py for tasks to queue
[2024-09-29T00:25:47.204-0500] {logging_mixin.py:190} INFO - [2024-09-29T00:25:47.203-0500] {dagbag.py:588} INFO - Filling up the DagBag from /home/d-salamanca/airflow-env/lib/python3.12/site-packages/airflow/example_dags/example_trigger_target_dag.py
[2024-09-29T00:25:47.214-0500] {processor.py:925} INFO - DAG(s) 'example_trigger_target_dag' retrieved from /home/d-salamanca/airflow-env/lib/python3.12/site-packages/airflow/example_dags/example_trigger_target_dag.py
[2024-09-29T00:25:47.393-0500] {logging_mixin.py:190} INFO - [2024-09-29T00:25:47.393-0500] {dag.py:3239} INFO - Sync 1 DAGs
[2024-09-29T00:25:47.409-0500] {logging_mixin.py:190} INFO - [2024-09-29T00:25:47.408-0500] {dag.py:4180} INFO - Setting next_dagrun for example_trigger_target_dag to None, run_after=None
[2024-09-29T00:25:47.462-0500] {processor.py:208} INFO - Processing /home/d-salamanca/airflow-env/lib/python3.12/site-packages/airflow/example_dags/example_trigger_target_dag.py took 0.272 seconds
[2024-09-29T00:26:37.044-0500] {processor.py:186} INFO - Started process (PID=28991) to work on /home/d-salamanca/airflow-env/lib/python3.12/site-packages/airflow/example_dags/example_trigger_target_dag.py
[2024-09-29T00:26:37.045-0500] {processor.py:914} INFO - Processing file /home/d-salamanca/airflow-env/lib/python3.12/site-packages/airflow/example_dags/example_trigger_target_dag.py for tasks to queue
[2024-09-29T00:26:37.048-0500] {logging_mixin.py:190} INFO - [2024-09-29T00:26:37.047-0500] {dagbag.py:588} INFO - Filling up the DagBag from /home/d-salamanca/airflow-env/lib/python3.12/site-packages/airflow/example_dags/example_trigger_target_dag.py
[2024-09-29T00:26:37.058-0500] {processor.py:925} INFO - DAG(s) 'example_trigger_target_dag' retrieved from /home/d-salamanca/airflow-env/lib/python3.12/site-packages/airflow/example_dags/example_trigger_target_dag.py
[2024-09-29T00:26:37.076-0500] {logging_mixin.py:190} INFO - [2024-09-29T00:26:37.076-0500] {dag.py:3239} INFO - Sync 1 DAGs
[2024-09-29T00:26:37.092-0500] {logging_mixin.py:190} INFO - [2024-09-29T00:26:37.092-0500] {dag.py:4180} INFO - Setting next_dagrun for example_trigger_target_dag to None, run_after=None
[2024-09-29T00:26:37.162-0500] {processor.py:208} INFO - Processing /home/d-salamanca/airflow-env/lib/python3.12/site-packages/airflow/example_dags/example_trigger_target_dag.py took 0.127 seconds
[2024-09-29T00:28:11.705-0500] {processor.py:186} INFO - Started process (PID=29140) to work on /home/d-salamanca/airflow-env/lib/python3.12/site-packages/airflow/example_dags/example_trigger_target_dag.py
[2024-09-29T00:28:11.707-0500] {processor.py:914} INFO - Processing file /home/d-salamanca/airflow-env/lib/python3.12/site-packages/airflow/example_dags/example_trigger_target_dag.py for tasks to queue
[2024-09-29T00:28:11.713-0500] {logging_mixin.py:190} INFO - [2024-09-29T00:28:11.712-0500] {dagbag.py:588} INFO - Filling up the DagBag from /home/d-salamanca/airflow-env/lib/python3.12/site-packages/airflow/example_dags/example_trigger_target_dag.py
[2024-09-29T00:28:11.740-0500] {processor.py:925} INFO - DAG(s) 'example_trigger_target_dag' retrieved from /home/d-salamanca/airflow-env/lib/python3.12/site-packages/airflow/example_dags/example_trigger_target_dag.py
[2024-09-29T00:28:11.758-0500] {logging_mixin.py:190} INFO - [2024-09-29T00:28:11.758-0500] {dag.py:3239} INFO - Sync 1 DAGs
[2024-09-29T00:28:11.773-0500] {logging_mixin.py:190} INFO - [2024-09-29T00:28:11.773-0500] {dag.py:4180} INFO - Setting next_dagrun for example_trigger_target_dag to None, run_after=None
[2024-09-29T00:28:11.836-0500] {processor.py:208} INFO - Processing /home/d-salamanca/airflow-env/lib/python3.12/site-packages/airflow/example_dags/example_trigger_target_dag.py took 0.139 seconds
[2024-09-29T00:29:11.035-0500] {processor.py:186} INFO - Started process (PID=29220) to work on /home/d-salamanca/airflow-env/lib/python3.12/site-packages/airflow/example_dags/example_trigger_target_dag.py
[2024-09-29T00:29:11.037-0500] {processor.py:914} INFO - Processing file /home/d-salamanca/airflow-env/lib/python3.12/site-packages/airflow/example_dags/example_trigger_target_dag.py for tasks to queue
[2024-09-29T00:29:11.042-0500] {logging_mixin.py:190} INFO - [2024-09-29T00:29:11.041-0500] {dagbag.py:588} INFO - Filling up the DagBag from /home/d-salamanca/airflow-env/lib/python3.12/site-packages/airflow/example_dags/example_trigger_target_dag.py
[2024-09-29T00:29:11.093-0500] {processor.py:925} INFO - DAG(s) 'example_trigger_target_dag' retrieved from /home/d-salamanca/airflow-env/lib/python3.12/site-packages/airflow/example_dags/example_trigger_target_dag.py
[2024-09-29T00:29:11.121-0500] {logging_mixin.py:190} INFO - [2024-09-29T00:29:11.121-0500] {dag.py:3239} INFO - Sync 1 DAGs
[2024-09-29T00:29:11.349-0500] {logging_mixin.py:190} INFO - [2024-09-29T00:29:11.334-0500] {dag.py:4180} INFO - Setting next_dagrun for example_trigger_target_dag to None, run_after=None
[2024-09-29T00:29:13.336-0500] {processor.py:208} INFO - Processing /home/d-salamanca/airflow-env/lib/python3.12/site-packages/airflow/example_dags/example_trigger_target_dag.py took 2.319 seconds
[2024-09-29T00:30:36.772-0500] {processor.py:186} INFO - Started process (PID=29276) to work on /home/d-salamanca/airflow-env/lib/python3.12/site-packages/airflow/example_dags/example_trigger_target_dag.py
[2024-09-29T00:30:36.806-0500] {processor.py:914} INFO - Processing file /home/d-salamanca/airflow-env/lib/python3.12/site-packages/airflow/example_dags/example_trigger_target_dag.py for tasks to queue
[2024-09-29T00:30:36.814-0500] {logging_mixin.py:190} INFO - [2024-09-29T00:30:36.813-0500] {dagbag.py:588} INFO - Filling up the DagBag from /home/d-salamanca/airflow-env/lib/python3.12/site-packages/airflow/example_dags/example_trigger_target_dag.py
[2024-09-29T00:30:36.849-0500] {processor.py:925} INFO - DAG(s) 'example_trigger_target_dag' retrieved from /home/d-salamanca/airflow-env/lib/python3.12/site-packages/airflow/example_dags/example_trigger_target_dag.py
[2024-09-29T00:30:36.869-0500] {logging_mixin.py:190} INFO - [2024-09-29T00:30:36.868-0500] {dag.py:3239} INFO - Sync 1 DAGs
[2024-09-29T00:30:36.884-0500] {logging_mixin.py:190} INFO - [2024-09-29T00:30:36.883-0500] {dag.py:4180} INFO - Setting next_dagrun for example_trigger_target_dag to None, run_after=None
[2024-09-29T00:30:36.916-0500] {processor.py:208} INFO - Processing /home/d-salamanca/airflow-env/lib/python3.12/site-packages/airflow/example_dags/example_trigger_target_dag.py took 0.152 seconds
[2024-09-29T00:31:43.160-0500] {processor.py:186} INFO - Started process (PID=29327) to work on /home/d-salamanca/airflow-env/lib/python3.12/site-packages/airflow/example_dags/example_trigger_target_dag.py
[2024-09-29T00:31:43.181-0500] {processor.py:914} INFO - Processing file /home/d-salamanca/airflow-env/lib/python3.12/site-packages/airflow/example_dags/example_trigger_target_dag.py for tasks to queue
[2024-09-29T00:31:43.187-0500] {logging_mixin.py:190} INFO - [2024-09-29T00:31:43.186-0500] {dagbag.py:588} INFO - Filling up the DagBag from /home/d-salamanca/airflow-env/lib/python3.12/site-packages/airflow/example_dags/example_trigger_target_dag.py
[2024-09-29T00:31:43.215-0500] {processor.py:925} INFO - DAG(s) 'example_trigger_target_dag' retrieved from /home/d-salamanca/airflow-env/lib/python3.12/site-packages/airflow/example_dags/example_trigger_target_dag.py
[2024-09-29T00:31:43.239-0500] {logging_mixin.py:190} INFO - [2024-09-29T00:31:43.239-0500] {dag.py:3239} INFO - Sync 1 DAGs
[2024-09-29T00:31:43.254-0500] {logging_mixin.py:190} INFO - [2024-09-29T00:31:43.254-0500] {dag.py:4180} INFO - Setting next_dagrun for example_trigger_target_dag to None, run_after=None
[2024-09-29T00:31:43.336-0500] {processor.py:208} INFO - Processing /home/d-salamanca/airflow-env/lib/python3.12/site-packages/airflow/example_dags/example_trigger_target_dag.py took 0.184 seconds
[2024-09-29T00:32:28.432-0500] {processor.py:186} INFO - Started process (PID=29366) to work on /home/d-salamanca/airflow-env/lib/python3.12/site-packages/airflow/example_dags/example_trigger_target_dag.py
[2024-09-29T00:32:28.434-0500] {processor.py:914} INFO - Processing file /home/d-salamanca/airflow-env/lib/python3.12/site-packages/airflow/example_dags/example_trigger_target_dag.py for tasks to queue
[2024-09-29T00:32:28.439-0500] {logging_mixin.py:190} INFO - [2024-09-29T00:32:28.438-0500] {dagbag.py:588} INFO - Filling up the DagBag from /home/d-salamanca/airflow-env/lib/python3.12/site-packages/airflow/example_dags/example_trigger_target_dag.py
[2024-09-29T00:32:28.450-0500] {processor.py:925} INFO - DAG(s) 'example_trigger_target_dag' retrieved from /home/d-salamanca/airflow-env/lib/python3.12/site-packages/airflow/example_dags/example_trigger_target_dag.py
[2024-09-29T00:32:28.472-0500] {logging_mixin.py:190} INFO - [2024-09-29T00:32:28.471-0500] {dag.py:3239} INFO - Sync 1 DAGs
[2024-09-29T00:32:28.486-0500] {logging_mixin.py:190} INFO - [2024-09-29T00:32:28.486-0500] {dag.py:4180} INFO - Setting next_dagrun for example_trigger_target_dag to None, run_after=None
[2024-09-29T00:32:28.517-0500] {processor.py:208} INFO - Processing /home/d-salamanca/airflow-env/lib/python3.12/site-packages/airflow/example_dags/example_trigger_target_dag.py took 0.091 seconds
[2024-09-29T00:33:52.616-0500] {processor.py:186} INFO - Started process (PID=29473) to work on /home/d-salamanca/airflow-env/lib/python3.12/site-packages/airflow/example_dags/example_trigger_target_dag.py
[2024-09-29T00:33:52.643-0500] {processor.py:914} INFO - Processing file /home/d-salamanca/airflow-env/lib/python3.12/site-packages/airflow/example_dags/example_trigger_target_dag.py for tasks to queue
[2024-09-29T00:33:52.651-0500] {logging_mixin.py:190} INFO - [2024-09-29T00:33:52.650-0500] {dagbag.py:588} INFO - Filling up the DagBag from /home/d-salamanca/airflow-env/lib/python3.12/site-packages/airflow/example_dags/example_trigger_target_dag.py
[2024-09-29T00:33:52.695-0500] {processor.py:925} INFO - DAG(s) 'example_trigger_target_dag' retrieved from /home/d-salamanca/airflow-env/lib/python3.12/site-packages/airflow/example_dags/example_trigger_target_dag.py
[2024-09-29T00:33:52.714-0500] {logging_mixin.py:190} INFO - [2024-09-29T00:33:52.714-0500] {dag.py:3239} INFO - Sync 1 DAGs
[2024-09-29T00:33:52.730-0500] {logging_mixin.py:190} INFO - [2024-09-29T00:33:52.729-0500] {dag.py:4180} INFO - Setting next_dagrun for example_trigger_target_dag to None, run_after=None
[2024-09-29T00:33:52.839-0500] {processor.py:208} INFO - Processing /home/d-salamanca/airflow-env/lib/python3.12/site-packages/airflow/example_dags/example_trigger_target_dag.py took 0.337 seconds
[2024-09-29T08:20:13.427-0500] {processor.py:186} INFO - Started process (PID=29761) to work on /home/d-salamanca/airflow-env/lib/python3.12/site-packages/airflow/example_dags/example_trigger_target_dag.py
[2024-09-29T08:20:13.446-0500] {processor.py:914} INFO - Processing file /home/d-salamanca/airflow-env/lib/python3.12/site-packages/airflow/example_dags/example_trigger_target_dag.py for tasks to queue
[2024-09-29T08:20:13.451-0500] {logging_mixin.py:190} INFO - [2024-09-29T08:20:13.450-0500] {dagbag.py:588} INFO - Filling up the DagBag from /home/d-salamanca/airflow-env/lib/python3.12/site-packages/airflow/example_dags/example_trigger_target_dag.py
[2024-09-29T08:20:13.472-0500] {processor.py:925} INFO - DAG(s) 'example_trigger_target_dag' retrieved from /home/d-salamanca/airflow-env/lib/python3.12/site-packages/airflow/example_dags/example_trigger_target_dag.py
[2024-09-29T08:20:13.491-0500] {logging_mixin.py:190} INFO - [2024-09-29T08:20:13.490-0500] {dag.py:3239} INFO - Sync 1 DAGs
[2024-09-29T08:20:13.506-0500] {logging_mixin.py:190} INFO - [2024-09-29T08:20:13.506-0500] {dag.py:4180} INFO - Setting next_dagrun for example_trigger_target_dag to None, run_after=None
[2024-09-29T08:20:13.544-0500] {processor.py:208} INFO - Processing /home/d-salamanca/airflow-env/lib/python3.12/site-packages/airflow/example_dags/example_trigger_target_dag.py took 0.125 seconds
[2024-09-29T08:21:18.418-0500] {processor.py:186} INFO - Started process (PID=29836) to work on /home/d-salamanca/airflow-env/lib/python3.12/site-packages/airflow/example_dags/example_trigger_target_dag.py
[2024-09-29T08:21:18.885-0500] {processor.py:914} INFO - Processing file /home/d-salamanca/airflow-env/lib/python3.12/site-packages/airflow/example_dags/example_trigger_target_dag.py for tasks to queue
[2024-09-29T08:21:18.895-0500] {logging_mixin.py:190} INFO - [2024-09-29T08:21:18.893-0500] {dagbag.py:588} INFO - Filling up the DagBag from /home/d-salamanca/airflow-env/lib/python3.12/site-packages/airflow/example_dags/example_trigger_target_dag.py
[2024-09-29T08:21:19.196-0500] {processor.py:925} INFO - DAG(s) 'example_trigger_target_dag' retrieved from /home/d-salamanca/airflow-env/lib/python3.12/site-packages/airflow/example_dags/example_trigger_target_dag.py
[2024-09-29T08:21:19.214-0500] {logging_mixin.py:190} INFO - [2024-09-29T08:21:19.214-0500] {dag.py:3239} INFO - Sync 1 DAGs
[2024-09-29T08:21:19.228-0500] {logging_mixin.py:190} INFO - [2024-09-29T08:21:19.228-0500] {dag.py:4180} INFO - Setting next_dagrun for example_trigger_target_dag to None, run_after=None
[2024-09-29T08:21:20.765-0500] {processor.py:208} INFO - Processing /home/d-salamanca/airflow-env/lib/python3.12/site-packages/airflow/example_dags/example_trigger_target_dag.py took 2.360 seconds
[2024-09-29T08:22:18.262-0500] {processor.py:186} INFO - Started process (PID=29874) to work on /home/d-salamanca/airflow-env/lib/python3.12/site-packages/airflow/example_dags/example_trigger_target_dag.py
[2024-09-29T08:22:18.551-0500] {processor.py:914} INFO - Processing file /home/d-salamanca/airflow-env/lib/python3.12/site-packages/airflow/example_dags/example_trigger_target_dag.py for tasks to queue
[2024-09-29T08:22:18.559-0500] {logging_mixin.py:190} INFO - [2024-09-29T08:22:18.558-0500] {dagbag.py:588} INFO - Filling up the DagBag from /home/d-salamanca/airflow-env/lib/python3.12/site-packages/airflow/example_dags/example_trigger_target_dag.py
[2024-09-29T08:22:18.580-0500] {processor.py:925} INFO - DAG(s) 'example_trigger_target_dag' retrieved from /home/d-salamanca/airflow-env/lib/python3.12/site-packages/airflow/example_dags/example_trigger_target_dag.py
[2024-09-29T08:22:18.598-0500] {logging_mixin.py:190} INFO - [2024-09-29T08:22:18.598-0500] {dag.py:3239} INFO - Sync 1 DAGs
[2024-09-29T08:22:18.612-0500] {logging_mixin.py:190} INFO - [2024-09-29T08:22:18.612-0500] {dag.py:4180} INFO - Setting next_dagrun for example_trigger_target_dag to None, run_after=None
[2024-09-29T08:22:18.740-0500] {processor.py:208} INFO - Processing /home/d-salamanca/airflow-env/lib/python3.12/site-packages/airflow/example_dags/example_trigger_target_dag.py took 0.486 seconds
[2024-09-29T08:23:12.542-0500] {processor.py:186} INFO - Started process (PID=29916) to work on /home/d-salamanca/airflow-env/lib/python3.12/site-packages/airflow/example_dags/example_trigger_target_dag.py
[2024-09-29T08:23:12.543-0500] {processor.py:914} INFO - Processing file /home/d-salamanca/airflow-env/lib/python3.12/site-packages/airflow/example_dags/example_trigger_target_dag.py for tasks to queue
[2024-09-29T08:23:12.547-0500] {logging_mixin.py:190} INFO - [2024-09-29T08:23:12.546-0500] {dagbag.py:588} INFO - Filling up the DagBag from /home/d-salamanca/airflow-env/lib/python3.12/site-packages/airflow/example_dags/example_trigger_target_dag.py
[2024-09-29T08:23:12.557-0500] {processor.py:925} INFO - DAG(s) 'example_trigger_target_dag' retrieved from /home/d-salamanca/airflow-env/lib/python3.12/site-packages/airflow/example_dags/example_trigger_target_dag.py
[2024-09-29T08:23:12.575-0500] {logging_mixin.py:190} INFO - [2024-09-29T08:23:12.574-0500] {dag.py:3239} INFO - Sync 1 DAGs
[2024-09-29T08:23:12.589-0500] {logging_mixin.py:190} INFO - [2024-09-29T08:23:12.589-0500] {dag.py:4180} INFO - Setting next_dagrun for example_trigger_target_dag to None, run_after=None
[2024-09-29T08:23:12.696-0500] {processor.py:208} INFO - Processing /home/d-salamanca/airflow-env/lib/python3.12/site-packages/airflow/example_dags/example_trigger_target_dag.py took 0.161 seconds
[2024-09-29T08:24:01.253-0500] {processor.py:186} INFO - Started process (PID=29953) to work on /home/d-salamanca/airflow-env/lib/python3.12/site-packages/airflow/example_dags/example_trigger_target_dag.py
[2024-09-29T08:24:01.254-0500] {processor.py:914} INFO - Processing file /home/d-salamanca/airflow-env/lib/python3.12/site-packages/airflow/example_dags/example_trigger_target_dag.py for tasks to queue
[2024-09-29T08:24:01.258-0500] {logging_mixin.py:190} INFO - [2024-09-29T08:24:01.258-0500] {dagbag.py:588} INFO - Filling up the DagBag from /home/d-salamanca/airflow-env/lib/python3.12/site-packages/airflow/example_dags/example_trigger_target_dag.py
[2024-09-29T08:24:01.267-0500] {processor.py:925} INFO - DAG(s) 'example_trigger_target_dag' retrieved from /home/d-salamanca/airflow-env/lib/python3.12/site-packages/airflow/example_dags/example_trigger_target_dag.py
[2024-09-29T08:24:01.286-0500] {logging_mixin.py:190} INFO - [2024-09-29T08:24:01.285-0500] {dag.py:3239} INFO - Sync 1 DAGs
[2024-09-29T08:24:01.301-0500] {logging_mixin.py:190} INFO - [2024-09-29T08:24:01.300-0500] {dag.py:4180} INFO - Setting next_dagrun for example_trigger_target_dag to None, run_after=None
[2024-09-29T08:24:01.375-0500] {processor.py:208} INFO - Processing /home/d-salamanca/airflow-env/lib/python3.12/site-packages/airflow/example_dags/example_trigger_target_dag.py took 0.130 seconds
[2024-09-29T08:25:22.504-0500] {processor.py:186} INFO - Started process (PID=30057) to work on /home/d-salamanca/airflow-env/lib/python3.12/site-packages/airflow/example_dags/example_trigger_target_dag.py
[2024-09-29T08:25:22.523-0500] {processor.py:914} INFO - Processing file /home/d-salamanca/airflow-env/lib/python3.12/site-packages/airflow/example_dags/example_trigger_target_dag.py for tasks to queue
[2024-09-29T08:25:22.526-0500] {logging_mixin.py:190} INFO - [2024-09-29T08:25:22.526-0500] {dagbag.py:588} INFO - Filling up the DagBag from /home/d-salamanca/airflow-env/lib/python3.12/site-packages/airflow/example_dags/example_trigger_target_dag.py
[2024-09-29T08:25:22.538-0500] {processor.py:925} INFO - DAG(s) 'example_trigger_target_dag' retrieved from /home/d-salamanca/airflow-env/lib/python3.12/site-packages/airflow/example_dags/example_trigger_target_dag.py
[2024-09-29T08:25:22.555-0500] {logging_mixin.py:190} INFO - [2024-09-29T08:25:22.555-0500] {dag.py:3239} INFO - Sync 1 DAGs
[2024-09-29T08:25:22.570-0500] {logging_mixin.py:190} INFO - [2024-09-29T08:25:22.570-0500] {dag.py:4180} INFO - Setting next_dagrun for example_trigger_target_dag to None, run_after=None
[2024-09-29T08:25:22.613-0500] {processor.py:208} INFO - Processing /home/d-salamanca/airflow-env/lib/python3.12/site-packages/airflow/example_dags/example_trigger_target_dag.py took 0.123 seconds
[2024-09-29T08:26:48.758-0500] {processor.py:186} INFO - Started process (PID=30126) to work on /home/d-salamanca/airflow-env/lib/python3.12/site-packages/airflow/example_dags/example_trigger_target_dag.py
[2024-09-29T08:26:48.849-0500] {processor.py:914} INFO - Processing file /home/d-salamanca/airflow-env/lib/python3.12/site-packages/airflow/example_dags/example_trigger_target_dag.py for tasks to queue
[2024-09-29T08:26:48.855-0500] {logging_mixin.py:190} INFO - [2024-09-29T08:26:48.854-0500] {dagbag.py:588} INFO - Filling up the DagBag from /home/d-salamanca/airflow-env/lib/python3.12/site-packages/airflow/example_dags/example_trigger_target_dag.py
[2024-09-29T08:26:48.892-0500] {processor.py:925} INFO - DAG(s) 'example_trigger_target_dag' retrieved from /home/d-salamanca/airflow-env/lib/python3.12/site-packages/airflow/example_dags/example_trigger_target_dag.py
[2024-09-29T08:26:48.910-0500] {logging_mixin.py:190} INFO - [2024-09-29T08:26:48.910-0500] {dag.py:3239} INFO - Sync 1 DAGs
[2024-09-29T08:26:48.924-0500] {logging_mixin.py:190} INFO - [2024-09-29T08:26:48.924-0500] {dag.py:4180} INFO - Setting next_dagrun for example_trigger_target_dag to None, run_after=None
[2024-09-29T08:26:48.974-0500] {processor.py:208} INFO - Processing /home/d-salamanca/airflow-env/lib/python3.12/site-packages/airflow/example_dags/example_trigger_target_dag.py took 0.227 seconds
[2024-09-29T08:28:02.337-0500] {processor.py:186} INFO - Started process (PID=30192) to work on /home/d-salamanca/airflow-env/lib/python3.12/site-packages/airflow/example_dags/example_trigger_target_dag.py
[2024-09-29T08:28:02.338-0500] {processor.py:914} INFO - Processing file /home/d-salamanca/airflow-env/lib/python3.12/site-packages/airflow/example_dags/example_trigger_target_dag.py for tasks to queue
[2024-09-29T08:28:02.341-0500] {logging_mixin.py:190} INFO - [2024-09-29T08:28:02.340-0500] {dagbag.py:588} INFO - Filling up the DagBag from /home/d-salamanca/airflow-env/lib/python3.12/site-packages/airflow/example_dags/example_trigger_target_dag.py
[2024-09-29T08:28:02.351-0500] {processor.py:925} INFO - DAG(s) 'example_trigger_target_dag' retrieved from /home/d-salamanca/airflow-env/lib/python3.12/site-packages/airflow/example_dags/example_trigger_target_dag.py
[2024-09-29T08:28:02.368-0500] {logging_mixin.py:190} INFO - [2024-09-29T08:28:02.368-0500] {dag.py:3239} INFO - Sync 1 DAGs
[2024-09-29T08:28:02.382-0500] {logging_mixin.py:190} INFO - [2024-09-29T08:28:02.382-0500] {dag.py:4180} INFO - Setting next_dagrun for example_trigger_target_dag to None, run_after=None
[2024-09-29T08:28:02.472-0500] {processor.py:208} INFO - Processing /home/d-salamanca/airflow-env/lib/python3.12/site-packages/airflow/example_dags/example_trigger_target_dag.py took 0.142 seconds
[2024-09-29T08:29:23.035-0500] {processor.py:186} INFO - Started process (PID=30263) to work on /home/d-salamanca/airflow-env/lib/python3.12/site-packages/airflow/example_dags/example_trigger_target_dag.py
[2024-09-29T08:29:23.089-0500] {processor.py:914} INFO - Processing file /home/d-salamanca/airflow-env/lib/python3.12/site-packages/airflow/example_dags/example_trigger_target_dag.py for tasks to queue
[2024-09-29T08:29:23.096-0500] {logging_mixin.py:190} INFO - [2024-09-29T08:29:23.095-0500] {dagbag.py:588} INFO - Filling up the DagBag from /home/d-salamanca/airflow-env/lib/python3.12/site-packages/airflow/example_dags/example_trigger_target_dag.py
[2024-09-29T08:29:23.112-0500] {processor.py:925} INFO - DAG(s) 'example_trigger_target_dag' retrieved from /home/d-salamanca/airflow-env/lib/python3.12/site-packages/airflow/example_dags/example_trigger_target_dag.py
[2024-09-29T08:29:23.130-0500] {logging_mixin.py:190} INFO - [2024-09-29T08:29:23.129-0500] {dag.py:3239} INFO - Sync 1 DAGs
[2024-09-29T08:29:23.145-0500] {logging_mixin.py:190} INFO - [2024-09-29T08:29:23.145-0500] {dag.py:4180} INFO - Setting next_dagrun for example_trigger_target_dag to None, run_after=None
[2024-09-29T08:29:23.179-0500] {processor.py:208} INFO - Processing /home/d-salamanca/airflow-env/lib/python3.12/site-packages/airflow/example_dags/example_trigger_target_dag.py took 0.151 seconds
[2024-09-29T08:30:53.348-0500] {processor.py:186} INFO - Started process (PID=30341) to work on /home/d-salamanca/airflow-env/lib/python3.12/site-packages/airflow/example_dags/example_trigger_target_dag.py
[2024-09-29T08:30:53.350-0500] {processor.py:914} INFO - Processing file /home/d-salamanca/airflow-env/lib/python3.12/site-packages/airflow/example_dags/example_trigger_target_dag.py for tasks to queue
[2024-09-29T08:30:53.353-0500] {logging_mixin.py:190} INFO - [2024-09-29T08:30:53.352-0500] {dagbag.py:588} INFO - Filling up the DagBag from /home/d-salamanca/airflow-env/lib/python3.12/site-packages/airflow/example_dags/example_trigger_target_dag.py
[2024-09-29T08:30:53.363-0500] {processor.py:925} INFO - DAG(s) 'example_trigger_target_dag' retrieved from /home/d-salamanca/airflow-env/lib/python3.12/site-packages/airflow/example_dags/example_trigger_target_dag.py
[2024-09-29T08:30:53.380-0500] {logging_mixin.py:190} INFO - [2024-09-29T08:30:53.380-0500] {dag.py:3239} INFO - Sync 1 DAGs
[2024-09-29T08:30:53.395-0500] {logging_mixin.py:190} INFO - [2024-09-29T08:30:53.395-0500] {dag.py:4180} INFO - Setting next_dagrun for example_trigger_target_dag to None, run_after=None
[2024-09-29T08:30:53.473-0500] {processor.py:208} INFO - Processing /home/d-salamanca/airflow-env/lib/python3.12/site-packages/airflow/example_dags/example_trigger_target_dag.py took 0.138 seconds
[2024-09-29T08:31:41.523-0500] {processor.py:186} INFO - Started process (PID=30388) to work on /home/d-salamanca/airflow-env/lib/python3.12/site-packages/airflow/example_dags/example_trigger_target_dag.py
[2024-09-29T08:31:41.524-0500] {processor.py:914} INFO - Processing file /home/d-salamanca/airflow-env/lib/python3.12/site-packages/airflow/example_dags/example_trigger_target_dag.py for tasks to queue
[2024-09-29T08:31:41.530-0500] {logging_mixin.py:190} INFO - [2024-09-29T08:31:41.529-0500] {dagbag.py:588} INFO - Filling up the DagBag from /home/d-salamanca/airflow-env/lib/python3.12/site-packages/airflow/example_dags/example_trigger_target_dag.py
[2024-09-29T08:31:41.543-0500] {processor.py:925} INFO - DAG(s) 'example_trigger_target_dag' retrieved from /home/d-salamanca/airflow-env/lib/python3.12/site-packages/airflow/example_dags/example_trigger_target_dag.py
[2024-09-29T08:31:41.562-0500] {logging_mixin.py:190} INFO - [2024-09-29T08:31:41.562-0500] {dag.py:3239} INFO - Sync 1 DAGs
[2024-09-29T08:31:41.581-0500] {logging_mixin.py:190} INFO - [2024-09-29T08:31:41.580-0500] {dag.py:4180} INFO - Setting next_dagrun for example_trigger_target_dag to None, run_after=None
[2024-09-29T08:31:41.626-0500] {processor.py:208} INFO - Processing /home/d-salamanca/airflow-env/lib/python3.12/site-packages/airflow/example_dags/example_trigger_target_dag.py took 0.111 seconds
[2024-09-29T08:32:30.420-0500] {processor.py:186} INFO - Started process (PID=30425) to work on /home/d-salamanca/airflow-env/lib/python3.12/site-packages/airflow/example_dags/example_trigger_target_dag.py
[2024-09-29T08:32:30.422-0500] {processor.py:914} INFO - Processing file /home/d-salamanca/airflow-env/lib/python3.12/site-packages/airflow/example_dags/example_trigger_target_dag.py for tasks to queue
[2024-09-29T08:32:30.425-0500] {logging_mixin.py:190} INFO - [2024-09-29T08:32:30.424-0500] {dagbag.py:588} INFO - Filling up the DagBag from /home/d-salamanca/airflow-env/lib/python3.12/site-packages/airflow/example_dags/example_trigger_target_dag.py
[2024-09-29T08:32:30.434-0500] {processor.py:925} INFO - DAG(s) 'example_trigger_target_dag' retrieved from /home/d-salamanca/airflow-env/lib/python3.12/site-packages/airflow/example_dags/example_trigger_target_dag.py
[2024-09-29T08:32:30.452-0500] {logging_mixin.py:190} INFO - [2024-09-29T08:32:30.452-0500] {dag.py:3239} INFO - Sync 1 DAGs
[2024-09-29T08:32:30.466-0500] {logging_mixin.py:190} INFO - [2024-09-29T08:32:30.465-0500] {dag.py:4180} INFO - Setting next_dagrun for example_trigger_target_dag to None, run_after=None
[2024-09-29T08:32:30.560-0500] {processor.py:208} INFO - Processing /home/d-salamanca/airflow-env/lib/python3.12/site-packages/airflow/example_dags/example_trigger_target_dag.py took 0.147 seconds
[2024-09-29T08:33:15.709-0500] {processor.py:186} INFO - Started process (PID=30463) to work on /home/d-salamanca/airflow-env/lib/python3.12/site-packages/airflow/example_dags/example_trigger_target_dag.py
[2024-09-29T08:33:15.710-0500] {processor.py:914} INFO - Processing file /home/d-salamanca/airflow-env/lib/python3.12/site-packages/airflow/example_dags/example_trigger_target_dag.py for tasks to queue
[2024-09-29T08:33:15.713-0500] {logging_mixin.py:190} INFO - [2024-09-29T08:33:15.713-0500] {dagbag.py:588} INFO - Filling up the DagBag from /home/d-salamanca/airflow-env/lib/python3.12/site-packages/airflow/example_dags/example_trigger_target_dag.py
[2024-09-29T08:33:15.723-0500] {processor.py:925} INFO - DAG(s) 'example_trigger_target_dag' retrieved from /home/d-salamanca/airflow-env/lib/python3.12/site-packages/airflow/example_dags/example_trigger_target_dag.py
[2024-09-29T08:33:15.742-0500] {logging_mixin.py:190} INFO - [2024-09-29T08:33:15.742-0500] {dag.py:3239} INFO - Sync 1 DAGs
[2024-09-29T08:33:15.756-0500] {logging_mixin.py:190} INFO - [2024-09-29T08:33:15.756-0500] {dag.py:4180} INFO - Setting next_dagrun for example_trigger_target_dag to None, run_after=None
[2024-09-29T08:33:15.817-0500] {processor.py:208} INFO - Processing /home/d-salamanca/airflow-env/lib/python3.12/site-packages/airflow/example_dags/example_trigger_target_dag.py took 0.116 seconds
[2024-09-29T08:34:36.299-0500] {processor.py:186} INFO - Started process (PID=30529) to work on /home/d-salamanca/airflow-env/lib/python3.12/site-packages/airflow/example_dags/example_trigger_target_dag.py
[2024-09-29T08:34:36.301-0500] {processor.py:914} INFO - Processing file /home/d-salamanca/airflow-env/lib/python3.12/site-packages/airflow/example_dags/example_trigger_target_dag.py for tasks to queue
[2024-09-29T08:34:36.304-0500] {logging_mixin.py:190} INFO - [2024-09-29T08:34:36.303-0500] {dagbag.py:588} INFO - Filling up the DagBag from /home/d-salamanca/airflow-env/lib/python3.12/site-packages/airflow/example_dags/example_trigger_target_dag.py
[2024-09-29T08:34:36.314-0500] {processor.py:925} INFO - DAG(s) 'example_trigger_target_dag' retrieved from /home/d-salamanca/airflow-env/lib/python3.12/site-packages/airflow/example_dags/example_trigger_target_dag.py
[2024-09-29T08:34:36.332-0500] {logging_mixin.py:190} INFO - [2024-09-29T08:34:36.331-0500] {dag.py:3239} INFO - Sync 1 DAGs
[2024-09-29T08:34:36.346-0500] {logging_mixin.py:190} INFO - [2024-09-29T08:34:36.346-0500] {dag.py:4180} INFO - Setting next_dagrun for example_trigger_target_dag to None, run_after=None
[2024-09-29T08:34:36.395-0500] {processor.py:208} INFO - Processing /home/d-salamanca/airflow-env/lib/python3.12/site-packages/airflow/example_dags/example_trigger_target_dag.py took 0.104 seconds
[2024-09-29T08:35:30.527-0500] {processor.py:186} INFO - Started process (PID=30648) to work on /home/d-salamanca/airflow-env/lib/python3.12/site-packages/airflow/example_dags/example_trigger_target_dag.py
[2024-09-29T08:35:30.528-0500] {processor.py:914} INFO - Processing file /home/d-salamanca/airflow-env/lib/python3.12/site-packages/airflow/example_dags/example_trigger_target_dag.py for tasks to queue
[2024-09-29T08:35:30.532-0500] {logging_mixin.py:190} INFO - [2024-09-29T08:35:30.532-0500] {dagbag.py:588} INFO - Filling up the DagBag from /home/d-salamanca/airflow-env/lib/python3.12/site-packages/airflow/example_dags/example_trigger_target_dag.py
[2024-09-29T08:35:30.629-0500] {processor.py:925} INFO - DAG(s) 'example_trigger_target_dag' retrieved from /home/d-salamanca/airflow-env/lib/python3.12/site-packages/airflow/example_dags/example_trigger_target_dag.py
[2024-09-29T08:35:30.982-0500] {logging_mixin.py:190} INFO - [2024-09-29T08:35:30.982-0500] {dag.py:3239} INFO - Sync 1 DAGs
[2024-09-29T08:35:31.007-0500] {logging_mixin.py:190} INFO - [2024-09-29T08:35:31.007-0500] {dag.py:4180} INFO - Setting next_dagrun for example_trigger_target_dag to None, run_after=None
[2024-09-29T08:35:31.233-0500] {processor.py:208} INFO - Processing /home/d-salamanca/airflow-env/lib/python3.12/site-packages/airflow/example_dags/example_trigger_target_dag.py took 1.026 seconds
[2024-09-29T08:36:53.045-0500] {processor.py:186} INFO - Started process (PID=30999) to work on /home/d-salamanca/airflow-env/lib/python3.12/site-packages/airflow/example_dags/example_trigger_target_dag.py
[2024-09-29T08:36:53.626-0500] {processor.py:914} INFO - Processing file /home/d-salamanca/airflow-env/lib/python3.12/site-packages/airflow/example_dags/example_trigger_target_dag.py for tasks to queue
[2024-09-29T08:36:53.636-0500] {logging_mixin.py:190} INFO - [2024-09-29T08:36:53.633-0500] {dagbag.py:588} INFO - Filling up the DagBag from /home/d-salamanca/airflow-env/lib/python3.12/site-packages/airflow/example_dags/example_trigger_target_dag.py
[2024-09-29T08:36:53.777-0500] {processor.py:925} INFO - DAG(s) 'example_trigger_target_dag' retrieved from /home/d-salamanca/airflow-env/lib/python3.12/site-packages/airflow/example_dags/example_trigger_target_dag.py
[2024-09-29T08:36:53.795-0500] {logging_mixin.py:190} INFO - [2024-09-29T08:36:53.795-0500] {dag.py:3239} INFO - Sync 1 DAGs
[2024-09-29T08:36:53.810-0500] {logging_mixin.py:190} INFO - [2024-09-29T08:36:53.810-0500] {dag.py:4180} INFO - Setting next_dagrun for example_trigger_target_dag to None, run_after=None
[2024-09-29T08:36:57.460-0500] {processor.py:208} INFO - Processing /home/d-salamanca/airflow-env/lib/python3.12/site-packages/airflow/example_dags/example_trigger_target_dag.py took 4.426 seconds
[2024-09-29T08:38:00.240-0500] {processor.py:186} INFO - Started process (PID=31045) to work on /home/d-salamanca/airflow-env/lib/python3.12/site-packages/airflow/example_dags/example_trigger_target_dag.py
[2024-09-29T08:38:00.255-0500] {processor.py:914} INFO - Processing file /home/d-salamanca/airflow-env/lib/python3.12/site-packages/airflow/example_dags/example_trigger_target_dag.py for tasks to queue
[2024-09-29T08:38:00.258-0500] {logging_mixin.py:190} INFO - [2024-09-29T08:38:00.258-0500] {dagbag.py:588} INFO - Filling up the DagBag from /home/d-salamanca/airflow-env/lib/python3.12/site-packages/airflow/example_dags/example_trigger_target_dag.py
[2024-09-29T08:38:00.315-0500] {processor.py:925} INFO - DAG(s) 'example_trigger_target_dag' retrieved from /home/d-salamanca/airflow-env/lib/python3.12/site-packages/airflow/example_dags/example_trigger_target_dag.py
[2024-09-29T08:38:00.341-0500] {logging_mixin.py:190} INFO - [2024-09-29T08:38:00.341-0500] {dag.py:3239} INFO - Sync 1 DAGs
[2024-09-29T08:38:00.356-0500] {logging_mixin.py:190} INFO - [2024-09-29T08:38:00.356-0500] {dag.py:4180} INFO - Setting next_dagrun for example_trigger_target_dag to None, run_after=None
[2024-09-29T08:38:00.393-0500] {processor.py:208} INFO - Processing /home/d-salamanca/airflow-env/lib/python3.12/site-packages/airflow/example_dags/example_trigger_target_dag.py took 0.160 seconds
[2024-09-29T08:39:23.343-0500] {processor.py:186} INFO - Started process (PID=31117) to work on /home/d-salamanca/airflow-env/lib/python3.12/site-packages/airflow/example_dags/example_trigger_target_dag.py
[2024-09-29T08:39:23.361-0500] {processor.py:914} INFO - Processing file /home/d-salamanca/airflow-env/lib/python3.12/site-packages/airflow/example_dags/example_trigger_target_dag.py for tasks to queue
[2024-09-29T08:39:23.367-0500] {logging_mixin.py:190} INFO - [2024-09-29T08:39:23.367-0500] {dagbag.py:588} INFO - Filling up the DagBag from /home/d-salamanca/airflow-env/lib/python3.12/site-packages/airflow/example_dags/example_trigger_target_dag.py
[2024-09-29T08:39:23.402-0500] {processor.py:925} INFO - DAG(s) 'example_trigger_target_dag' retrieved from /home/d-salamanca/airflow-env/lib/python3.12/site-packages/airflow/example_dags/example_trigger_target_dag.py
[2024-09-29T08:39:23.419-0500] {logging_mixin.py:190} INFO - [2024-09-29T08:39:23.419-0500] {dag.py:3239} INFO - Sync 1 DAGs
[2024-09-29T08:39:23.433-0500] {logging_mixin.py:190} INFO - [2024-09-29T08:39:23.432-0500] {dag.py:4180} INFO - Setting next_dagrun for example_trigger_target_dag to None, run_after=None
[2024-09-29T08:39:23.461-0500] {processor.py:208} INFO - Processing /home/d-salamanca/airflow-env/lib/python3.12/site-packages/airflow/example_dags/example_trigger_target_dag.py took 0.126 seconds
[2024-09-29T08:40:11.874-0500] {processor.py:186} INFO - Started process (PID=31154) to work on /home/d-salamanca/airflow-env/lib/python3.12/site-packages/airflow/example_dags/example_trigger_target_dag.py
[2024-09-29T08:40:11.875-0500] {processor.py:914} INFO - Processing file /home/d-salamanca/airflow-env/lib/python3.12/site-packages/airflow/example_dags/example_trigger_target_dag.py for tasks to queue
[2024-09-29T08:40:11.878-0500] {logging_mixin.py:190} INFO - [2024-09-29T08:40:11.877-0500] {dagbag.py:588} INFO - Filling up the DagBag from /home/d-salamanca/airflow-env/lib/python3.12/site-packages/airflow/example_dags/example_trigger_target_dag.py
[2024-09-29T08:40:11.888-0500] {processor.py:925} INFO - DAG(s) 'example_trigger_target_dag' retrieved from /home/d-salamanca/airflow-env/lib/python3.12/site-packages/airflow/example_dags/example_trigger_target_dag.py
[2024-09-29T08:40:11.906-0500] {logging_mixin.py:190} INFO - [2024-09-29T08:40:11.906-0500] {dag.py:3239} INFO - Sync 1 DAGs
[2024-09-29T08:40:11.921-0500] {logging_mixin.py:190} INFO - [2024-09-29T08:40:11.920-0500] {dag.py:4180} INFO - Setting next_dagrun for example_trigger_target_dag to None, run_after=None
[2024-09-29T08:40:12.145-0500] {processor.py:208} INFO - Processing /home/d-salamanca/airflow-env/lib/python3.12/site-packages/airflow/example_dags/example_trigger_target_dag.py took 0.279 seconds
[2024-09-29T08:41:00.294-0500] {processor.py:186} INFO - Started process (PID=31194) to work on /home/d-salamanca/airflow-env/lib/python3.12/site-packages/airflow/example_dags/example_trigger_target_dag.py
[2024-09-29T08:41:00.295-0500] {processor.py:914} INFO - Processing file /home/d-salamanca/airflow-env/lib/python3.12/site-packages/airflow/example_dags/example_trigger_target_dag.py for tasks to queue
[2024-09-29T08:41:00.299-0500] {logging_mixin.py:190} INFO - [2024-09-29T08:41:00.297-0500] {dagbag.py:588} INFO - Filling up the DagBag from /home/d-salamanca/airflow-env/lib/python3.12/site-packages/airflow/example_dags/example_trigger_target_dag.py
[2024-09-29T08:41:00.310-0500] {processor.py:925} INFO - DAG(s) 'example_trigger_target_dag' retrieved from /home/d-salamanca/airflow-env/lib/python3.12/site-packages/airflow/example_dags/example_trigger_target_dag.py
[2024-09-29T08:41:00.330-0500] {logging_mixin.py:190} INFO - [2024-09-29T08:41:00.329-0500] {dag.py:3239} INFO - Sync 1 DAGs
[2024-09-29T08:41:00.344-0500] {logging_mixin.py:190} INFO - [2024-09-29T08:41:00.344-0500] {dag.py:4180} INFO - Setting next_dagrun for example_trigger_target_dag to None, run_after=None
[2024-09-29T08:41:00.418-0500] {processor.py:208} INFO - Processing /home/d-salamanca/airflow-env/lib/python3.12/site-packages/airflow/example_dags/example_trigger_target_dag.py took 0.132 seconds
[2024-09-29T08:42:30.224-0500] {processor.py:186} INFO - Started process (PID=31267) to work on /home/d-salamanca/airflow-env/lib/python3.12/site-packages/airflow/example_dags/example_trigger_target_dag.py
[2024-09-29T08:42:30.225-0500] {processor.py:914} INFO - Processing file /home/d-salamanca/airflow-env/lib/python3.12/site-packages/airflow/example_dags/example_trigger_target_dag.py for tasks to queue
[2024-09-29T08:42:30.228-0500] {logging_mixin.py:190} INFO - [2024-09-29T08:42:30.228-0500] {dagbag.py:588} INFO - Filling up the DagBag from /home/d-salamanca/airflow-env/lib/python3.12/site-packages/airflow/example_dags/example_trigger_target_dag.py
[2024-09-29T08:42:30.237-0500] {processor.py:925} INFO - DAG(s) 'example_trigger_target_dag' retrieved from /home/d-salamanca/airflow-env/lib/python3.12/site-packages/airflow/example_dags/example_trigger_target_dag.py
[2024-09-29T08:42:30.256-0500] {logging_mixin.py:190} INFO - [2024-09-29T08:42:30.256-0500] {dag.py:3239} INFO - Sync 1 DAGs
[2024-09-29T08:42:30.271-0500] {logging_mixin.py:190} INFO - [2024-09-29T08:42:30.271-0500] {dag.py:4180} INFO - Setting next_dagrun for example_trigger_target_dag to None, run_after=None
[2024-09-29T08:42:30.301-0500] {processor.py:208} INFO - Processing /home/d-salamanca/airflow-env/lib/python3.12/site-packages/airflow/example_dags/example_trigger_target_dag.py took 0.084 seconds
[2024-09-29T08:43:58.817-0500] {processor.py:186} INFO - Started process (PID=31337) to work on /home/d-salamanca/airflow-env/lib/python3.12/site-packages/airflow/example_dags/example_trigger_target_dag.py
[2024-09-29T08:43:58.818-0500] {processor.py:914} INFO - Processing file /home/d-salamanca/airflow-env/lib/python3.12/site-packages/airflow/example_dags/example_trigger_target_dag.py for tasks to queue
[2024-09-29T08:43:58.821-0500] {logging_mixin.py:190} INFO - [2024-09-29T08:43:58.820-0500] {dagbag.py:588} INFO - Filling up the DagBag from /home/d-salamanca/airflow-env/lib/python3.12/site-packages/airflow/example_dags/example_trigger_target_dag.py
[2024-09-29T08:43:58.831-0500] {processor.py:925} INFO - DAG(s) 'example_trigger_target_dag' retrieved from /home/d-salamanca/airflow-env/lib/python3.12/site-packages/airflow/example_dags/example_trigger_target_dag.py
[2024-09-29T08:43:58.849-0500] {logging_mixin.py:190} INFO - [2024-09-29T08:43:58.849-0500] {dag.py:3239} INFO - Sync 1 DAGs
[2024-09-29T08:43:58.863-0500] {logging_mixin.py:190} INFO - [2024-09-29T08:43:58.863-0500] {dag.py:4180} INFO - Setting next_dagrun for example_trigger_target_dag to None, run_after=None
[2024-09-29T08:43:58.909-0500] {processor.py:208} INFO - Processing /home/d-salamanca/airflow-env/lib/python3.12/site-packages/airflow/example_dags/example_trigger_target_dag.py took 0.099 seconds
[2024-09-29T08:45:21.755-0500] {processor.py:186} INFO - Started process (PID=31421) to work on /home/d-salamanca/airflow-env/lib/python3.12/site-packages/airflow/example_dags/example_trigger_target_dag.py
[2024-09-29T08:45:21.756-0500] {processor.py:914} INFO - Processing file /home/d-salamanca/airflow-env/lib/python3.12/site-packages/airflow/example_dags/example_trigger_target_dag.py for tasks to queue
[2024-09-29T08:45:21.759-0500] {logging_mixin.py:190} INFO - [2024-09-29T08:45:21.759-0500] {dagbag.py:588} INFO - Filling up the DagBag from /home/d-salamanca/airflow-env/lib/python3.12/site-packages/airflow/example_dags/example_trigger_target_dag.py
[2024-09-29T08:45:21.769-0500] {processor.py:925} INFO - DAG(s) 'example_trigger_target_dag' retrieved from /home/d-salamanca/airflow-env/lib/python3.12/site-packages/airflow/example_dags/example_trigger_target_dag.py
[2024-09-29T08:45:21.788-0500] {logging_mixin.py:190} INFO - [2024-09-29T08:45:21.787-0500] {dag.py:3239} INFO - Sync 1 DAGs
[2024-09-29T08:45:21.802-0500] {logging_mixin.py:190} INFO - [2024-09-29T08:45:21.802-0500] {dag.py:4180} INFO - Setting next_dagrun for example_trigger_target_dag to None, run_after=None
[2024-09-29T08:45:21.860-0500] {processor.py:208} INFO - Processing /home/d-salamanca/airflow-env/lib/python3.12/site-packages/airflow/example_dags/example_trigger_target_dag.py took 0.112 seconds
[2024-09-29T08:47:22.619-0500] {processor.py:186} INFO - Started process (PID=31493) to work on /home/d-salamanca/airflow-env/lib/python3.12/site-packages/airflow/example_dags/example_trigger_target_dag.py
[2024-09-29T08:47:22.640-0500] {processor.py:914} INFO - Processing file /home/d-salamanca/airflow-env/lib/python3.12/site-packages/airflow/example_dags/example_trigger_target_dag.py for tasks to queue
[2024-09-29T08:47:22.646-0500] {logging_mixin.py:190} INFO - [2024-09-29T08:47:22.645-0500] {dagbag.py:588} INFO - Filling up the DagBag from /home/d-salamanca/airflow-env/lib/python3.12/site-packages/airflow/example_dags/example_trigger_target_dag.py
[2024-09-29T08:47:22.659-0500] {processor.py:925} INFO - DAG(s) 'example_trigger_target_dag' retrieved from /home/d-salamanca/airflow-env/lib/python3.12/site-packages/airflow/example_dags/example_trigger_target_dag.py
[2024-09-29T08:47:22.678-0500] {logging_mixin.py:190} INFO - [2024-09-29T08:47:22.678-0500] {dag.py:3239} INFO - Sync 1 DAGs
[2024-09-29T08:47:22.693-0500] {logging_mixin.py:190} INFO - [2024-09-29T08:47:22.693-0500] {dag.py:4180} INFO - Setting next_dagrun for example_trigger_target_dag to None, run_after=None
[2024-09-29T08:47:22.739-0500] {processor.py:208} INFO - Processing /home/d-salamanca/airflow-env/lib/python3.12/site-packages/airflow/example_dags/example_trigger_target_dag.py took 0.128 seconds
[2024-09-29T08:48:47.186-0500] {processor.py:186} INFO - Started process (PID=31581) to work on /home/d-salamanca/airflow-env/lib/python3.12/site-packages/airflow/example_dags/example_trigger_target_dag.py
[2024-09-29T08:48:47.271-0500] {processor.py:914} INFO - Processing file /home/d-salamanca/airflow-env/lib/python3.12/site-packages/airflow/example_dags/example_trigger_target_dag.py for tasks to queue
[2024-09-29T08:48:47.277-0500] {logging_mixin.py:190} INFO - [2024-09-29T08:48:47.276-0500] {dagbag.py:588} INFO - Filling up the DagBag from /home/d-salamanca/airflow-env/lib/python3.12/site-packages/airflow/example_dags/example_trigger_target_dag.py
[2024-09-29T08:48:47.292-0500] {processor.py:925} INFO - DAG(s) 'example_trigger_target_dag' retrieved from /home/d-salamanca/airflow-env/lib/python3.12/site-packages/airflow/example_dags/example_trigger_target_dag.py
[2024-09-29T08:48:47.309-0500] {logging_mixin.py:190} INFO - [2024-09-29T08:48:47.309-0500] {dag.py:3239} INFO - Sync 1 DAGs
[2024-09-29T08:48:47.327-0500] {logging_mixin.py:190} INFO - [2024-09-29T08:48:47.327-0500] {dag.py:4180} INFO - Setting next_dagrun for example_trigger_target_dag to None, run_after=None
[2024-09-29T08:48:47.388-0500] {processor.py:208} INFO - Processing /home/d-salamanca/airflow-env/lib/python3.12/site-packages/airflow/example_dags/example_trigger_target_dag.py took 0.209 seconds
[2024-09-29T08:50:15.648-0500] {processor.py:186} INFO - Started process (PID=31669) to work on /home/d-salamanca/airflow-env/lib/python3.12/site-packages/airflow/example_dags/example_trigger_target_dag.py
[2024-09-29T08:50:15.660-0500] {processor.py:914} INFO - Processing file /home/d-salamanca/airflow-env/lib/python3.12/site-packages/airflow/example_dags/example_trigger_target_dag.py for tasks to queue
[2024-09-29T08:50:15.665-0500] {logging_mixin.py:190} INFO - [2024-09-29T08:50:15.664-0500] {dagbag.py:588} INFO - Filling up the DagBag from /home/d-salamanca/airflow-env/lib/python3.12/site-packages/airflow/example_dags/example_trigger_target_dag.py
[2024-09-29T08:50:15.674-0500] {processor.py:925} INFO - DAG(s) 'example_trigger_target_dag' retrieved from /home/d-salamanca/airflow-env/lib/python3.12/site-packages/airflow/example_dags/example_trigger_target_dag.py
[2024-09-29T08:50:15.692-0500] {logging_mixin.py:190} INFO - [2024-09-29T08:50:15.691-0500] {dag.py:3239} INFO - Sync 1 DAGs
[2024-09-29T08:50:15.705-0500] {logging_mixin.py:190} INFO - [2024-09-29T08:50:15.705-0500] {dag.py:4180} INFO - Setting next_dagrun for example_trigger_target_dag to None, run_after=None
[2024-09-29T08:50:15.743-0500] {processor.py:208} INFO - Processing /home/d-salamanca/airflow-env/lib/python3.12/site-packages/airflow/example_dags/example_trigger_target_dag.py took 0.103 seconds
[2024-09-29T08:51:03.972-0500] {processor.py:186} INFO - Started process (PID=31773) to work on /home/d-salamanca/airflow-env/lib/python3.12/site-packages/airflow/example_dags/example_trigger_target_dag.py
[2024-09-29T08:51:03.974-0500] {processor.py:914} INFO - Processing file /home/d-salamanca/airflow-env/lib/python3.12/site-packages/airflow/example_dags/example_trigger_target_dag.py for tasks to queue
[2024-09-29T08:51:03.976-0500] {logging_mixin.py:190} INFO - [2024-09-29T08:51:03.976-0500] {dagbag.py:588} INFO - Filling up the DagBag from /home/d-salamanca/airflow-env/lib/python3.12/site-packages/airflow/example_dags/example_trigger_target_dag.py
[2024-09-29T08:51:04.087-0500] {processor.py:925} INFO - DAG(s) 'example_trigger_target_dag' retrieved from /home/d-salamanca/airflow-env/lib/python3.12/site-packages/airflow/example_dags/example_trigger_target_dag.py
[2024-09-29T08:51:04.131-0500] {logging_mixin.py:190} INFO - [2024-09-29T08:51:04.131-0500] {dag.py:3239} INFO - Sync 1 DAGs
[2024-09-29T08:51:04.145-0500] {logging_mixin.py:190} INFO - [2024-09-29T08:51:04.145-0500] {dag.py:4180} INFO - Setting next_dagrun for example_trigger_target_dag to None, run_after=None
[2024-09-29T08:51:04.258-0500] {processor.py:208} INFO - Processing /home/d-salamanca/airflow-env/lib/python3.12/site-packages/airflow/example_dags/example_trigger_target_dag.py took 0.462 seconds
[2024-09-29T08:52:38.709-0500] {processor.py:186} INFO - Started process (PID=31955) to work on /home/d-salamanca/airflow-env/lib/python3.12/site-packages/airflow/example_dags/example_trigger_target_dag.py
[2024-09-29T08:52:38.768-0500] {processor.py:914} INFO - Processing file /home/d-salamanca/airflow-env/lib/python3.12/site-packages/airflow/example_dags/example_trigger_target_dag.py for tasks to queue
[2024-09-29T08:52:38.773-0500] {logging_mixin.py:190} INFO - [2024-09-29T08:52:38.772-0500] {dagbag.py:588} INFO - Filling up the DagBag from /home/d-salamanca/airflow-env/lib/python3.12/site-packages/airflow/example_dags/example_trigger_target_dag.py
[2024-09-29T08:52:38.801-0500] {processor.py:925} INFO - DAG(s) 'example_trigger_target_dag' retrieved from /home/d-salamanca/airflow-env/lib/python3.12/site-packages/airflow/example_dags/example_trigger_target_dag.py
[2024-09-29T08:52:38.820-0500] {logging_mixin.py:190} INFO - [2024-09-29T08:52:38.820-0500] {dag.py:3239} INFO - Sync 1 DAGs
[2024-09-29T08:52:38.835-0500] {logging_mixin.py:190} INFO - [2024-09-29T08:52:38.835-0500] {dag.py:4180} INFO - Setting next_dagrun for example_trigger_target_dag to None, run_after=None
[2024-09-29T08:52:38.910-0500] {processor.py:208} INFO - Processing /home/d-salamanca/airflow-env/lib/python3.12/site-packages/airflow/example_dags/example_trigger_target_dag.py took 0.211 seconds
[2024-09-29T08:53:46.807-0500] {processor.py:186} INFO - Started process (PID=32009) to work on /home/d-salamanca/airflow-env/lib/python3.12/site-packages/airflow/example_dags/example_trigger_target_dag.py
[2024-09-29T08:53:46.839-0500] {processor.py:914} INFO - Processing file /home/d-salamanca/airflow-env/lib/python3.12/site-packages/airflow/example_dags/example_trigger_target_dag.py for tasks to queue
[2024-09-29T08:53:46.844-0500] {logging_mixin.py:190} INFO - [2024-09-29T08:53:46.844-0500] {dagbag.py:588} INFO - Filling up the DagBag from /home/d-salamanca/airflow-env/lib/python3.12/site-packages/airflow/example_dags/example_trigger_target_dag.py
[2024-09-29T08:53:46.890-0500] {processor.py:925} INFO - DAG(s) 'example_trigger_target_dag' retrieved from /home/d-salamanca/airflow-env/lib/python3.12/site-packages/airflow/example_dags/example_trigger_target_dag.py
[2024-09-29T08:53:46.909-0500] {logging_mixin.py:190} INFO - [2024-09-29T08:53:46.909-0500] {dag.py:3239} INFO - Sync 1 DAGs
[2024-09-29T08:53:46.923-0500] {logging_mixin.py:190} INFO - [2024-09-29T08:53:46.923-0500] {dag.py:4180} INFO - Setting next_dagrun for example_trigger_target_dag to None, run_after=None
[2024-09-29T08:53:46.985-0500] {processor.py:208} INFO - Processing /home/d-salamanca/airflow-env/lib/python3.12/site-packages/airflow/example_dags/example_trigger_target_dag.py took 0.187 seconds
[2024-09-29T08:54:34.304-0500] {processor.py:186} INFO - Started process (PID=32045) to work on /home/d-salamanca/airflow-env/lib/python3.12/site-packages/airflow/example_dags/example_trigger_target_dag.py
[2024-09-29T08:54:34.305-0500] {processor.py:914} INFO - Processing file /home/d-salamanca/airflow-env/lib/python3.12/site-packages/airflow/example_dags/example_trigger_target_dag.py for tasks to queue
[2024-09-29T08:54:34.308-0500] {logging_mixin.py:190} INFO - [2024-09-29T08:54:34.307-0500] {dagbag.py:588} INFO - Filling up the DagBag from /home/d-salamanca/airflow-env/lib/python3.12/site-packages/airflow/example_dags/example_trigger_target_dag.py
[2024-09-29T08:54:34.317-0500] {processor.py:925} INFO - DAG(s) 'example_trigger_target_dag' retrieved from /home/d-salamanca/airflow-env/lib/python3.12/site-packages/airflow/example_dags/example_trigger_target_dag.py
[2024-09-29T08:54:34.335-0500] {logging_mixin.py:190} INFO - [2024-09-29T08:54:34.335-0500] {dag.py:3239} INFO - Sync 1 DAGs
[2024-09-29T08:54:34.349-0500] {logging_mixin.py:190} INFO - [2024-09-29T08:54:34.349-0500] {dag.py:4180} INFO - Setting next_dagrun for example_trigger_target_dag to None, run_after=None
[2024-09-29T08:54:34.375-0500] {processor.py:208} INFO - Processing /home/d-salamanca/airflow-env/lib/python3.12/site-packages/airflow/example_dags/example_trigger_target_dag.py took 0.080 seconds
[2024-09-29T08:55:20.837-0500] {processor.py:186} INFO - Started process (PID=32087) to work on /home/d-salamanca/airflow-env/lib/python3.12/site-packages/airflow/example_dags/example_trigger_target_dag.py
[2024-09-29T08:55:20.857-0500] {processor.py:914} INFO - Processing file /home/d-salamanca/airflow-env/lib/python3.12/site-packages/airflow/example_dags/example_trigger_target_dag.py for tasks to queue
[2024-09-29T08:55:20.862-0500] {logging_mixin.py:190} INFO - [2024-09-29T08:55:20.860-0500] {dagbag.py:588} INFO - Filling up the DagBag from /home/d-salamanca/airflow-env/lib/python3.12/site-packages/airflow/example_dags/example_trigger_target_dag.py
[2024-09-29T08:55:20.872-0500] {processor.py:925} INFO - DAG(s) 'example_trigger_target_dag' retrieved from /home/d-salamanca/airflow-env/lib/python3.12/site-packages/airflow/example_dags/example_trigger_target_dag.py
[2024-09-29T08:55:20.890-0500] {logging_mixin.py:190} INFO - [2024-09-29T08:55:20.889-0500] {dag.py:3239} INFO - Sync 1 DAGs
[2024-09-29T08:55:20.904-0500] {logging_mixin.py:190} INFO - [2024-09-29T08:55:20.903-0500] {dag.py:4180} INFO - Setting next_dagrun for example_trigger_target_dag to None, run_after=None
[2024-09-29T08:55:20.927-0500] {processor.py:208} INFO - Processing /home/d-salamanca/airflow-env/lib/python3.12/site-packages/airflow/example_dags/example_trigger_target_dag.py took 0.098 seconds
[2024-09-29T08:56:10.775-0500] {processor.py:186} INFO - Started process (PID=32123) to work on /home/d-salamanca/airflow-env/lib/python3.12/site-packages/airflow/example_dags/example_trigger_target_dag.py
[2024-09-29T08:56:10.777-0500] {processor.py:914} INFO - Processing file /home/d-salamanca/airflow-env/lib/python3.12/site-packages/airflow/example_dags/example_trigger_target_dag.py for tasks to queue
[2024-09-29T08:56:10.782-0500] {logging_mixin.py:190} INFO - [2024-09-29T08:56:10.781-0500] {dagbag.py:588} INFO - Filling up the DagBag from /home/d-salamanca/airflow-env/lib/python3.12/site-packages/airflow/example_dags/example_trigger_target_dag.py
[2024-09-29T08:56:10.826-0500] {processor.py:925} INFO - DAG(s) 'example_trigger_target_dag' retrieved from /home/d-salamanca/airflow-env/lib/python3.12/site-packages/airflow/example_dags/example_trigger_target_dag.py
[2024-09-29T08:56:10.845-0500] {logging_mixin.py:190} INFO - [2024-09-29T08:56:10.844-0500] {dag.py:3239} INFO - Sync 1 DAGs
[2024-09-29T08:56:10.861-0500] {logging_mixin.py:190} INFO - [2024-09-29T08:56:10.860-0500] {dag.py:4180} INFO - Setting next_dagrun for example_trigger_target_dag to None, run_after=None
[2024-09-29T08:56:10.896-0500] {processor.py:208} INFO - Processing /home/d-salamanca/airflow-env/lib/python3.12/site-packages/airflow/example_dags/example_trigger_target_dag.py took 0.129 seconds
[2024-09-29T08:57:06.176-0500] {processor.py:186} INFO - Started process (PID=32162) to work on /home/d-salamanca/airflow-env/lib/python3.12/site-packages/airflow/example_dags/example_trigger_target_dag.py
[2024-09-29T08:57:06.178-0500] {processor.py:914} INFO - Processing file /home/d-salamanca/airflow-env/lib/python3.12/site-packages/airflow/example_dags/example_trigger_target_dag.py for tasks to queue
[2024-09-29T08:57:06.182-0500] {logging_mixin.py:190} INFO - [2024-09-29T08:57:06.181-0500] {dagbag.py:588} INFO - Filling up the DagBag from /home/d-salamanca/airflow-env/lib/python3.12/site-packages/airflow/example_dags/example_trigger_target_dag.py
[2024-09-29T08:57:06.193-0500] {processor.py:925} INFO - DAG(s) 'example_trigger_target_dag' retrieved from /home/d-salamanca/airflow-env/lib/python3.12/site-packages/airflow/example_dags/example_trigger_target_dag.py
[2024-09-29T08:57:06.214-0500] {logging_mixin.py:190} INFO - [2024-09-29T08:57:06.214-0500] {dag.py:3239} INFO - Sync 1 DAGs
[2024-09-29T08:57:06.229-0500] {logging_mixin.py:190} INFO - [2024-09-29T08:57:06.229-0500] {dag.py:4180} INFO - Setting next_dagrun for example_trigger_target_dag to None, run_after=None
[2024-09-29T08:57:06.318-0500] {processor.py:208} INFO - Processing /home/d-salamanca/airflow-env/lib/python3.12/site-packages/airflow/example_dags/example_trigger_target_dag.py took 0.152 seconds
[2024-09-29T08:58:01.333-0500] {processor.py:186} INFO - Started process (PID=32204) to work on /home/d-salamanca/airflow-env/lib/python3.12/site-packages/airflow/example_dags/example_trigger_target_dag.py
[2024-09-29T08:58:01.334-0500] {processor.py:914} INFO - Processing file /home/d-salamanca/airflow-env/lib/python3.12/site-packages/airflow/example_dags/example_trigger_target_dag.py for tasks to queue
[2024-09-29T08:58:01.337-0500] {logging_mixin.py:190} INFO - [2024-09-29T08:58:01.336-0500] {dagbag.py:588} INFO - Filling up the DagBag from /home/d-salamanca/airflow-env/lib/python3.12/site-packages/airflow/example_dags/example_trigger_target_dag.py
[2024-09-29T08:58:01.347-0500] {processor.py:925} INFO - DAG(s) 'example_trigger_target_dag' retrieved from /home/d-salamanca/airflow-env/lib/python3.12/site-packages/airflow/example_dags/example_trigger_target_dag.py
[2024-09-29T08:58:01.366-0500] {logging_mixin.py:190} INFO - [2024-09-29T08:58:01.366-0500] {dag.py:3239} INFO - Sync 1 DAGs
[2024-09-29T08:58:01.383-0500] {logging_mixin.py:190} INFO - [2024-09-29T08:58:01.383-0500] {dag.py:4180} INFO - Setting next_dagrun for example_trigger_target_dag to None, run_after=None
[2024-09-29T08:58:01.429-0500] {processor.py:208} INFO - Processing /home/d-salamanca/airflow-env/lib/python3.12/site-packages/airflow/example_dags/example_trigger_target_dag.py took 0.103 seconds
[2024-09-29T08:58:48.824-0500] {processor.py:186} INFO - Started process (PID=32245) to work on /home/d-salamanca/airflow-env/lib/python3.12/site-packages/airflow/example_dags/example_trigger_target_dag.py
[2024-09-29T08:58:48.861-0500] {processor.py:914} INFO - Processing file /home/d-salamanca/airflow-env/lib/python3.12/site-packages/airflow/example_dags/example_trigger_target_dag.py for tasks to queue
[2024-09-29T08:58:48.866-0500] {logging_mixin.py:190} INFO - [2024-09-29T08:58:48.865-0500] {dagbag.py:588} INFO - Filling up the DagBag from /home/d-salamanca/airflow-env/lib/python3.12/site-packages/airflow/example_dags/example_trigger_target_dag.py
[2024-09-29T08:58:48.881-0500] {processor.py:925} INFO - DAG(s) 'example_trigger_target_dag' retrieved from /home/d-salamanca/airflow-env/lib/python3.12/site-packages/airflow/example_dags/example_trigger_target_dag.py
[2024-09-29T08:58:48.899-0500] {logging_mixin.py:190} INFO - [2024-09-29T08:58:48.899-0500] {dag.py:3239} INFO - Sync 1 DAGs
[2024-09-29T08:58:48.914-0500] {logging_mixin.py:190} INFO - [2024-09-29T08:58:48.913-0500] {dag.py:4180} INFO - Setting next_dagrun for example_trigger_target_dag to None, run_after=None
[2024-09-29T08:58:49.167-0500] {processor.py:208} INFO - Processing /home/d-salamanca/airflow-env/lib/python3.12/site-packages/airflow/example_dags/example_trigger_target_dag.py took 0.352 seconds
[2024-09-29T08:59:49.527-0500] {processor.py:186} INFO - Started process (PID=32450) to work on /home/d-salamanca/airflow-env/lib/python3.12/site-packages/airflow/example_dags/example_trigger_target_dag.py
[2024-09-29T08:59:49.528-0500] {processor.py:914} INFO - Processing file /home/d-salamanca/airflow-env/lib/python3.12/site-packages/airflow/example_dags/example_trigger_target_dag.py for tasks to queue
[2024-09-29T08:59:49.534-0500] {logging_mixin.py:190} INFO - [2024-09-29T08:59:49.533-0500] {dagbag.py:588} INFO - Filling up the DagBag from /home/d-salamanca/airflow-env/lib/python3.12/site-packages/airflow/example_dags/example_trigger_target_dag.py
[2024-09-29T08:59:49.564-0500] {processor.py:925} INFO - DAG(s) 'example_trigger_target_dag' retrieved from /home/d-salamanca/airflow-env/lib/python3.12/site-packages/airflow/example_dags/example_trigger_target_dag.py
[2024-09-29T08:59:49.582-0500] {logging_mixin.py:190} INFO - [2024-09-29T08:59:49.581-0500] {dag.py:3239} INFO - Sync 1 DAGs
[2024-09-29T08:59:49.596-0500] {logging_mixin.py:190} INFO - [2024-09-29T08:59:49.595-0500] {dag.py:4180} INFO - Setting next_dagrun for example_trigger_target_dag to None, run_after=None
[2024-09-29T08:59:49.692-0500] {processor.py:208} INFO - Processing /home/d-salamanca/airflow-env/lib/python3.12/site-packages/airflow/example_dags/example_trigger_target_dag.py took 0.175 seconds
[2024-09-29T09:00:48.147-0500] {processor.py:186} INFO - Started process (PID=32545) to work on /home/d-salamanca/airflow-env/lib/python3.12/site-packages/airflow/example_dags/example_trigger_target_dag.py
[2024-09-29T09:00:48.167-0500] {processor.py:914} INFO - Processing file /home/d-salamanca/airflow-env/lib/python3.12/site-packages/airflow/example_dags/example_trigger_target_dag.py for tasks to queue
[2024-09-29T09:00:48.171-0500] {logging_mixin.py:190} INFO - [2024-09-29T09:00:48.170-0500] {dagbag.py:588} INFO - Filling up the DagBag from /home/d-salamanca/airflow-env/lib/python3.12/site-packages/airflow/example_dags/example_trigger_target_dag.py
[2024-09-29T09:00:48.198-0500] {processor.py:925} INFO - DAG(s) 'example_trigger_target_dag' retrieved from /home/d-salamanca/airflow-env/lib/python3.12/site-packages/airflow/example_dags/example_trigger_target_dag.py
[2024-09-29T09:00:48.217-0500] {logging_mixin.py:190} INFO - [2024-09-29T09:00:48.217-0500] {dag.py:3239} INFO - Sync 1 DAGs
[2024-09-29T09:00:48.231-0500] {logging_mixin.py:190} INFO - [2024-09-29T09:00:48.231-0500] {dag.py:4180} INFO - Setting next_dagrun for example_trigger_target_dag to None, run_after=None
[2024-09-29T09:00:48.270-0500] {processor.py:208} INFO - Processing /home/d-salamanca/airflow-env/lib/python3.12/site-packages/airflow/example_dags/example_trigger_target_dag.py took 0.130 seconds
[2024-09-29T09:01:41.733-0500] {processor.py:186} INFO - Started process (PID=32584) to work on /home/d-salamanca/airflow-env/lib/python3.12/site-packages/airflow/example_dags/example_trigger_target_dag.py
[2024-09-29T09:01:41.735-0500] {processor.py:914} INFO - Processing file /home/d-salamanca/airflow-env/lib/python3.12/site-packages/airflow/example_dags/example_trigger_target_dag.py for tasks to queue
[2024-09-29T09:01:41.739-0500] {logging_mixin.py:190} INFO - [2024-09-29T09:01:41.739-0500] {dagbag.py:588} INFO - Filling up the DagBag from /home/d-salamanca/airflow-env/lib/python3.12/site-packages/airflow/example_dags/example_trigger_target_dag.py
[2024-09-29T09:01:41.750-0500] {processor.py:925} INFO - DAG(s) 'example_trigger_target_dag' retrieved from /home/d-salamanca/airflow-env/lib/python3.12/site-packages/airflow/example_dags/example_trigger_target_dag.py
[2024-09-29T09:01:41.768-0500] {logging_mixin.py:190} INFO - [2024-09-29T09:01:41.768-0500] {dag.py:3239} INFO - Sync 1 DAGs
[2024-09-29T09:01:41.782-0500] {logging_mixin.py:190} INFO - [2024-09-29T09:01:41.782-0500] {dag.py:4180} INFO - Setting next_dagrun for example_trigger_target_dag to None, run_after=None
[2024-09-29T09:01:41.819-0500] {processor.py:208} INFO - Processing /home/d-salamanca/airflow-env/lib/python3.12/site-packages/airflow/example_dags/example_trigger_target_dag.py took 0.094 seconds
[2024-09-29T09:02:31.749-0500] {processor.py:186} INFO - Started process (PID=32624) to work on /home/d-salamanca/airflow-env/lib/python3.12/site-packages/airflow/example_dags/example_trigger_target_dag.py
[2024-09-29T09:02:31.750-0500] {processor.py:914} INFO - Processing file /home/d-salamanca/airflow-env/lib/python3.12/site-packages/airflow/example_dags/example_trigger_target_dag.py for tasks to queue
[2024-09-29T09:02:31.753-0500] {logging_mixin.py:190} INFO - [2024-09-29T09:02:31.753-0500] {dagbag.py:588} INFO - Filling up the DagBag from /home/d-salamanca/airflow-env/lib/python3.12/site-packages/airflow/example_dags/example_trigger_target_dag.py
[2024-09-29T09:02:31.763-0500] {processor.py:925} INFO - DAG(s) 'example_trigger_target_dag' retrieved from /home/d-salamanca/airflow-env/lib/python3.12/site-packages/airflow/example_dags/example_trigger_target_dag.py
[2024-09-29T09:02:31.785-0500] {logging_mixin.py:190} INFO - [2024-09-29T09:02:31.785-0500] {dag.py:3239} INFO - Sync 1 DAGs
[2024-09-29T09:02:31.805-0500] {logging_mixin.py:190} INFO - [2024-09-29T09:02:31.804-0500] {dag.py:4180} INFO - Setting next_dagrun for example_trigger_target_dag to None, run_after=None
[2024-09-29T09:02:31.965-0500] {processor.py:208} INFO - Processing /home/d-salamanca/airflow-env/lib/python3.12/site-packages/airflow/example_dags/example_trigger_target_dag.py took 0.223 seconds
[2024-09-29T09:03:52.201-0500] {processor.py:186} INFO - Started process (PID=32694) to work on /home/d-salamanca/airflow-env/lib/python3.12/site-packages/airflow/example_dags/example_trigger_target_dag.py
[2024-09-29T09:03:52.203-0500] {processor.py:914} INFO - Processing file /home/d-salamanca/airflow-env/lib/python3.12/site-packages/airflow/example_dags/example_trigger_target_dag.py for tasks to queue
[2024-09-29T09:03:52.207-0500] {logging_mixin.py:190} INFO - [2024-09-29T09:03:52.207-0500] {dagbag.py:588} INFO - Filling up the DagBag from /home/d-salamanca/airflow-env/lib/python3.12/site-packages/airflow/example_dags/example_trigger_target_dag.py
[2024-09-29T09:03:52.220-0500] {processor.py:925} INFO - DAG(s) 'example_trigger_target_dag' retrieved from /home/d-salamanca/airflow-env/lib/python3.12/site-packages/airflow/example_dags/example_trigger_target_dag.py
[2024-09-29T09:03:52.240-0500] {logging_mixin.py:190} INFO - [2024-09-29T09:03:52.240-0500] {dag.py:3239} INFO - Sync 1 DAGs
[2024-09-29T09:03:52.255-0500] {logging_mixin.py:190} INFO - [2024-09-29T09:03:52.255-0500] {dag.py:4180} INFO - Setting next_dagrun for example_trigger_target_dag to None, run_after=None
[2024-09-29T09:03:52.313-0500] {processor.py:208} INFO - Processing /home/d-salamanca/airflow-env/lib/python3.12/site-packages/airflow/example_dags/example_trigger_target_dag.py took 0.121 seconds
[2024-09-29T09:04:44.483-0500] {processor.py:186} INFO - Started process (PID=32829) to work on /home/d-salamanca/airflow-env/lib/python3.12/site-packages/airflow/example_dags/example_trigger_target_dag.py
[2024-09-29T09:04:44.485-0500] {processor.py:914} INFO - Processing file /home/d-salamanca/airflow-env/lib/python3.12/site-packages/airflow/example_dags/example_trigger_target_dag.py for tasks to queue
[2024-09-29T09:04:44.488-0500] {logging_mixin.py:190} INFO - [2024-09-29T09:04:44.488-0500] {dagbag.py:588} INFO - Filling up the DagBag from /home/d-salamanca/airflow-env/lib/python3.12/site-packages/airflow/example_dags/example_trigger_target_dag.py
[2024-09-29T09:04:44.503-0500] {processor.py:925} INFO - DAG(s) 'example_trigger_target_dag' retrieved from /home/d-salamanca/airflow-env/lib/python3.12/site-packages/airflow/example_dags/example_trigger_target_dag.py
[2024-09-29T09:04:44.525-0500] {logging_mixin.py:190} INFO - [2024-09-29T09:04:44.525-0500] {dag.py:3239} INFO - Sync 1 DAGs
[2024-09-29T09:04:44.547-0500] {logging_mixin.py:190} INFO - [2024-09-29T09:04:44.547-0500] {dag.py:4180} INFO - Setting next_dagrun for example_trigger_target_dag to None, run_after=None
[2024-09-29T09:04:45.896-0500] {processor.py:208} INFO - Processing /home/d-salamanca/airflow-env/lib/python3.12/site-packages/airflow/example_dags/example_trigger_target_dag.py took 1.423 seconds
[2024-09-29T09:05:53.245-0500] {processor.py:186} INFO - Started process (PID=33046) to work on /home/d-salamanca/airflow-env/lib/python3.12/site-packages/airflow/example_dags/example_trigger_target_dag.py
[2024-09-29T09:05:53.268-0500] {processor.py:914} INFO - Processing file /home/d-salamanca/airflow-env/lib/python3.12/site-packages/airflow/example_dags/example_trigger_target_dag.py for tasks to queue
[2024-09-29T09:05:53.273-0500] {logging_mixin.py:190} INFO - [2024-09-29T09:05:53.272-0500] {dagbag.py:588} INFO - Filling up the DagBag from /home/d-salamanca/airflow-env/lib/python3.12/site-packages/airflow/example_dags/example_trigger_target_dag.py
[2024-09-29T09:05:53.302-0500] {processor.py:925} INFO - DAG(s) 'example_trigger_target_dag' retrieved from /home/d-salamanca/airflow-env/lib/python3.12/site-packages/airflow/example_dags/example_trigger_target_dag.py
[2024-09-29T09:05:53.320-0500] {logging_mixin.py:190} INFO - [2024-09-29T09:05:53.320-0500] {dag.py:3239} INFO - Sync 1 DAGs
[2024-09-29T09:05:53.334-0500] {logging_mixin.py:190} INFO - [2024-09-29T09:05:53.334-0500] {dag.py:4180} INFO - Setting next_dagrun for example_trigger_target_dag to None, run_after=None
[2024-09-29T09:05:53.415-0500] {processor.py:208} INFO - Processing /home/d-salamanca/airflow-env/lib/python3.12/site-packages/airflow/example_dags/example_trigger_target_dag.py took 0.180 seconds
[2024-09-29T09:07:03.328-0500] {processor.py:186} INFO - Started process (PID=33087) to work on /home/d-salamanca/airflow-env/lib/python3.12/site-packages/airflow/example_dags/example_trigger_target_dag.py
[2024-09-29T09:07:03.330-0500] {processor.py:914} INFO - Processing file /home/d-salamanca/airflow-env/lib/python3.12/site-packages/airflow/example_dags/example_trigger_target_dag.py for tasks to queue
[2024-09-29T09:07:03.333-0500] {logging_mixin.py:190} INFO - [2024-09-29T09:07:03.332-0500] {dagbag.py:588} INFO - Filling up the DagBag from /home/d-salamanca/airflow-env/lib/python3.12/site-packages/airflow/example_dags/example_trigger_target_dag.py
[2024-09-29T09:07:03.343-0500] {processor.py:925} INFO - DAG(s) 'example_trigger_target_dag' retrieved from /home/d-salamanca/airflow-env/lib/python3.12/site-packages/airflow/example_dags/example_trigger_target_dag.py
[2024-09-29T09:07:03.360-0500] {logging_mixin.py:190} INFO - [2024-09-29T09:07:03.360-0500] {dag.py:3239} INFO - Sync 1 DAGs
[2024-09-29T09:07:03.374-0500] {logging_mixin.py:190} INFO - [2024-09-29T09:07:03.374-0500] {dag.py:4180} INFO - Setting next_dagrun for example_trigger_target_dag to None, run_after=None
[2024-09-29T09:07:03.415-0500] {processor.py:208} INFO - Processing /home/d-salamanca/airflow-env/lib/python3.12/site-packages/airflow/example_dags/example_trigger_target_dag.py took 0.094 seconds
[2024-09-29T09:07:47.898-0500] {processor.py:186} INFO - Started process (PID=33131) to work on /home/d-salamanca/airflow-env/lib/python3.12/site-packages/airflow/example_dags/example_trigger_target_dag.py
[2024-09-29T09:07:47.902-0500] {processor.py:914} INFO - Processing file /home/d-salamanca/airflow-env/lib/python3.12/site-packages/airflow/example_dags/example_trigger_target_dag.py for tasks to queue
[2024-09-29T09:07:47.908-0500] {logging_mixin.py:190} INFO - [2024-09-29T09:07:47.905-0500] {dagbag.py:588} INFO - Filling up the DagBag from /home/d-salamanca/airflow-env/lib/python3.12/site-packages/airflow/example_dags/example_trigger_target_dag.py
[2024-09-29T09:07:47.925-0500] {processor.py:925} INFO - DAG(s) 'example_trigger_target_dag' retrieved from /home/d-salamanca/airflow-env/lib/python3.12/site-packages/airflow/example_dags/example_trigger_target_dag.py
[2024-09-29T09:07:47.951-0500] {logging_mixin.py:190} INFO - [2024-09-29T09:07:47.950-0500] {dag.py:3239} INFO - Sync 1 DAGs
[2024-09-29T09:07:47.969-0500] {logging_mixin.py:190} INFO - [2024-09-29T09:07:47.969-0500] {dag.py:4180} INFO - Setting next_dagrun for example_trigger_target_dag to None, run_after=None
[2024-09-29T09:07:48.036-0500] {processor.py:208} INFO - Processing /home/d-salamanca/airflow-env/lib/python3.12/site-packages/airflow/example_dags/example_trigger_target_dag.py took 0.147 seconds
