[2024-09-29T00:19:38.300-0500] {processor.py:186} INFO - Started process (PID=28638) to work on /home/d-salamanca/airflow-env/lib/python3.12/site-packages/airflow/example_dags/example_dataset_alias_with_no_taskflow.py
[2024-09-29T00:19:38.301-0500] {processor.py:914} INFO - Processing file /home/d-salamanca/airflow-env/lib/python3.12/site-packages/airflow/example_dags/example_dataset_alias_with_no_taskflow.py for tasks to queue
[2024-09-29T00:19:38.303-0500] {logging_mixin.py:190} INFO - [2024-09-29T00:19:38.302-0500] {dagbag.py:588} INFO - Filling up the DagBag from /home/d-salamanca/airflow-env/lib/python3.12/site-packages/airflow/example_dags/example_dataset_alias_with_no_taskflow.py
[2024-09-29T00:19:38.379-0500] {processor.py:925} INFO - DAG(s) 'dataset_alias_example_alias_consumer_with_no_taskflow', 'dataset_s3_bucket_producer_with_no_taskflow', 'dataset_s3_bucket_consumer_with_no_taskflow', 'dataset_alias_example_alias_producer_with_no_taskflow' retrieved from /home/d-salamanca/airflow-env/lib/python3.12/site-packages/airflow/example_dags/example_dataset_alias_with_no_taskflow.py
[2024-09-29T00:19:38.500-0500] {logging_mixin.py:190} INFO - [2024-09-29T00:19:38.499-0500] {override.py:1901} INFO - Created Permission View: can edit on DAG:dataset_alias_example_alias_consumer_with_no_taskflow
[2024-09-29T00:19:38.548-0500] {logging_mixin.py:190} INFO - [2024-09-29T00:19:38.547-0500] {override.py:1901} INFO - Created Permission View: can read on DAG:dataset_alias_example_alias_consumer_with_no_taskflow
[2024-09-29T00:19:38.570-0500] {logging_mixin.py:190} INFO - [2024-09-29T00:19:38.569-0500] {override.py:1901} INFO - Created Permission View: can delete on DAG:dataset_alias_example_alias_consumer_with_no_taskflow
[2024-09-29T00:19:38.585-0500] {logging_mixin.py:190} INFO - [2024-09-29T00:19:38.585-0500] {override.py:1901} INFO - Created Permission View: can create on DAG Run:dataset_alias_example_alias_consumer_with_no_taskflow
[2024-09-29T00:19:38.606-0500] {logging_mixin.py:190} INFO - [2024-09-29T00:19:38.606-0500] {override.py:1901} INFO - Created Permission View: can read on DAG Run:dataset_alias_example_alias_consumer_with_no_taskflow
[2024-09-29T00:19:38.617-0500] {logging_mixin.py:190} INFO - [2024-09-29T00:19:38.617-0500] {override.py:1901} INFO - Created Permission View: can delete on DAG Run:dataset_alias_example_alias_consumer_with_no_taskflow
[2024-09-29T00:19:38.635-0500] {logging_mixin.py:190} INFO - [2024-09-29T00:19:38.634-0500] {override.py:1901} INFO - Created Permission View: menu access on DAG Run:dataset_alias_example_alias_consumer_with_no_taskflow
[2024-09-29T00:19:38.676-0500] {logging_mixin.py:190} INFO - [2024-09-29T00:19:38.675-0500] {override.py:1901} INFO - Created Permission View: can edit on DAG:dataset_s3_bucket_producer_with_no_taskflow
[2024-09-29T00:19:38.700-0500] {logging_mixin.py:190} INFO - [2024-09-29T00:19:38.699-0500] {override.py:1901} INFO - Created Permission View: can read on DAG:dataset_s3_bucket_producer_with_no_taskflow
[2024-09-29T00:19:38.725-0500] {logging_mixin.py:190} INFO - [2024-09-29T00:19:38.724-0500] {override.py:1901} INFO - Created Permission View: can delete on DAG:dataset_s3_bucket_producer_with_no_taskflow
[2024-09-29T00:19:38.779-0500] {logging_mixin.py:190} INFO - [2024-09-29T00:19:38.778-0500] {override.py:1901} INFO - Created Permission View: can create on DAG Run:dataset_s3_bucket_producer_with_no_taskflow
[2024-09-29T00:19:38.802-0500] {logging_mixin.py:190} INFO - [2024-09-29T00:19:38.801-0500] {override.py:1901} INFO - Created Permission View: can read on DAG Run:dataset_s3_bucket_producer_with_no_taskflow
[2024-09-29T00:19:38.826-0500] {logging_mixin.py:190} INFO - [2024-09-29T00:19:38.826-0500] {override.py:1901} INFO - Created Permission View: can delete on DAG Run:dataset_s3_bucket_producer_with_no_taskflow
[2024-09-29T00:19:38.839-0500] {logging_mixin.py:190} INFO - [2024-09-29T00:19:38.839-0500] {override.py:1901} INFO - Created Permission View: menu access on DAG Run:dataset_s3_bucket_producer_with_no_taskflow
[2024-09-29T00:19:38.869-0500] {logging_mixin.py:190} INFO - [2024-09-29T00:19:38.868-0500] {override.py:1901} INFO - Created Permission View: can edit on DAG:dataset_s3_bucket_consumer_with_no_taskflow
[2024-09-29T00:19:38.888-0500] {logging_mixin.py:190} INFO - [2024-09-29T00:19:38.888-0500] {override.py:1901} INFO - Created Permission View: can read on DAG:dataset_s3_bucket_consumer_with_no_taskflow
[2024-09-29T00:19:38.934-0500] {logging_mixin.py:190} INFO - [2024-09-29T00:19:38.933-0500] {override.py:1901} INFO - Created Permission View: can delete on DAG:dataset_s3_bucket_consumer_with_no_taskflow
[2024-09-29T00:19:38.964-0500] {logging_mixin.py:190} INFO - [2024-09-29T00:19:38.963-0500] {override.py:1901} INFO - Created Permission View: can create on DAG Run:dataset_s3_bucket_consumer_with_no_taskflow
[2024-09-29T00:19:38.977-0500] {logging_mixin.py:190} INFO - [2024-09-29T00:19:38.977-0500] {override.py:1901} INFO - Created Permission View: can read on DAG Run:dataset_s3_bucket_consumer_with_no_taskflow
[2024-09-29T00:19:38.986-0500] {logging_mixin.py:190} INFO - [2024-09-29T00:19:38.986-0500] {override.py:1901} INFO - Created Permission View: can delete on DAG Run:dataset_s3_bucket_consumer_with_no_taskflow
[2024-09-29T00:19:39.008-0500] {logging_mixin.py:190} INFO - [2024-09-29T00:19:39.007-0500] {override.py:1901} INFO - Created Permission View: menu access on DAG Run:dataset_s3_bucket_consumer_with_no_taskflow
[2024-09-29T00:19:39.054-0500] {logging_mixin.py:190} INFO - [2024-09-29T00:19:39.053-0500] {override.py:1901} INFO - Created Permission View: can edit on DAG:dataset_alias_example_alias_producer_with_no_taskflow
[2024-09-29T00:19:39.077-0500] {logging_mixin.py:190} INFO - [2024-09-29T00:19:39.076-0500] {override.py:1901} INFO - Created Permission View: can read on DAG:dataset_alias_example_alias_producer_with_no_taskflow
[2024-09-29T00:19:39.100-0500] {logging_mixin.py:190} INFO - [2024-09-29T00:19:39.100-0500] {override.py:1901} INFO - Created Permission View: can delete on DAG:dataset_alias_example_alias_producer_with_no_taskflow
[2024-09-29T00:19:39.143-0500] {logging_mixin.py:190} INFO - [2024-09-29T00:19:39.143-0500] {override.py:1901} INFO - Created Permission View: can create on DAG Run:dataset_alias_example_alias_producer_with_no_taskflow
[2024-09-29T00:19:39.162-0500] {logging_mixin.py:190} INFO - [2024-09-29T00:19:39.162-0500] {override.py:1901} INFO - Created Permission View: can read on DAG Run:dataset_alias_example_alias_producer_with_no_taskflow
[2024-09-29T00:19:39.191-0500] {logging_mixin.py:190} INFO - [2024-09-29T00:19:39.190-0500] {override.py:1901} INFO - Created Permission View: can delete on DAG Run:dataset_alias_example_alias_producer_with_no_taskflow
[2024-09-29T00:19:39.217-0500] {logging_mixin.py:190} INFO - [2024-09-29T00:19:39.216-0500] {override.py:1901} INFO - Created Permission View: menu access on DAG Run:dataset_alias_example_alias_producer_with_no_taskflow
[2024-09-29T00:19:39.217-0500] {logging_mixin.py:190} INFO - [2024-09-29T00:19:39.217-0500] {dag.py:3239} INFO - Sync 4 DAGs
[2024-09-29T00:19:39.231-0500] {logging_mixin.py:190} INFO - [2024-09-29T00:19:39.231-0500] {dag.py:3262} INFO - Creating ORM DAG for dataset_alias_example_alias_consumer_with_no_taskflow
[2024-09-29T00:19:39.232-0500] {logging_mixin.py:190} INFO - [2024-09-29T00:19:39.232-0500] {dag.py:3262} INFO - Creating ORM DAG for dataset_s3_bucket_consumer_with_no_taskflow
[2024-09-29T00:19:39.232-0500] {logging_mixin.py:190} INFO - [2024-09-29T00:19:39.232-0500] {dag.py:3262} INFO - Creating ORM DAG for dataset_alias_example_alias_producer_with_no_taskflow
[2024-09-29T00:19:39.233-0500] {logging_mixin.py:190} INFO - [2024-09-29T00:19:39.233-0500] {dag.py:3262} INFO - Creating ORM DAG for dataset_s3_bucket_producer_with_no_taskflow
[2024-09-29T00:19:39.241-0500] {logging_mixin.py:190} INFO - [2024-09-29T00:19:39.241-0500] {dag.py:4180} INFO - Setting next_dagrun for dataset_alias_example_alias_consumer_with_no_taskflow to None, run_after=None
[2024-09-29T00:19:39.242-0500] {logging_mixin.py:190} INFO - [2024-09-29T00:19:39.242-0500] {dag.py:4180} INFO - Setting next_dagrun for dataset_alias_example_alias_producer_with_no_taskflow to None, run_after=None
[2024-09-29T00:19:39.243-0500] {logging_mixin.py:190} INFO - [2024-09-29T00:19:39.243-0500] {dag.py:4180} INFO - Setting next_dagrun for dataset_s3_bucket_consumer_with_no_taskflow to None, run_after=None
[2024-09-29T00:19:39.243-0500] {logging_mixin.py:190} INFO - [2024-09-29T00:19:39.243-0500] {dag.py:4180} INFO - Setting next_dagrun for dataset_s3_bucket_producer_with_no_taskflow to None, run_after=None
[2024-09-29T00:19:39.336-0500] {processor.py:208} INFO - Processing /home/d-salamanca/airflow-env/lib/python3.12/site-packages/airflow/example_dags/example_dataset_alias_with_no_taskflow.py took 1.047 seconds
[2024-09-29T00:21:21.445-0500] {processor.py:186} INFO - Started process (PID=28731) to work on /home/d-salamanca/airflow-env/lib/python3.12/site-packages/airflow/example_dags/example_dataset_alias_with_no_taskflow.py
[2024-09-29T00:21:21.457-0500] {processor.py:914} INFO - Processing file /home/d-salamanca/airflow-env/lib/python3.12/site-packages/airflow/example_dags/example_dataset_alias_with_no_taskflow.py for tasks to queue
[2024-09-29T00:21:21.462-0500] {logging_mixin.py:190} INFO - [2024-09-29T00:21:21.460-0500] {dagbag.py:588} INFO - Filling up the DagBag from /home/d-salamanca/airflow-env/lib/python3.12/site-packages/airflow/example_dags/example_dataset_alias_with_no_taskflow.py
[2024-09-29T00:21:21.516-0500] {processor.py:925} INFO - DAG(s) 'dataset_alias_example_alias_producer_with_no_taskflow', 'dataset_alias_example_alias_consumer_with_no_taskflow', 'dataset_s3_bucket_producer_with_no_taskflow', 'dataset_s3_bucket_consumer_with_no_taskflow' retrieved from /home/d-salamanca/airflow-env/lib/python3.12/site-packages/airflow/example_dags/example_dataset_alias_with_no_taskflow.py
[2024-09-29T00:21:21.553-0500] {logging_mixin.py:190} INFO - [2024-09-29T00:21:21.552-0500] {dag.py:3239} INFO - Sync 4 DAGs
[2024-09-29T00:21:21.589-0500] {logging_mixin.py:190} INFO - [2024-09-29T00:21:21.588-0500] {dag.py:4180} INFO - Setting next_dagrun for dataset_alias_example_alias_consumer_with_no_taskflow to None, run_after=None
[2024-09-29T00:21:21.592-0500] {logging_mixin.py:190} INFO - [2024-09-29T00:21:21.592-0500] {dag.py:4180} INFO - Setting next_dagrun for dataset_alias_example_alias_producer_with_no_taskflow to None, run_after=None
[2024-09-29T00:21:21.595-0500] {logging_mixin.py:190} INFO - [2024-09-29T00:21:21.594-0500] {dag.py:4180} INFO - Setting next_dagrun for dataset_s3_bucket_consumer_with_no_taskflow to None, run_after=None
[2024-09-29T00:21:21.597-0500] {logging_mixin.py:190} INFO - [2024-09-29T00:21:21.597-0500] {dag.py:4180} INFO - Setting next_dagrun for dataset_s3_bucket_producer_with_no_taskflow to None, run_after=None
[2024-09-29T00:21:21.954-0500] {processor.py:208} INFO - Processing /home/d-salamanca/airflow-env/lib/python3.12/site-packages/airflow/example_dags/example_dataset_alias_with_no_taskflow.py took 0.518 seconds
[2024-09-29T00:23:02.608-0500] {processor.py:186} INFO - Started process (PID=28806) to work on /home/d-salamanca/airflow-env/lib/python3.12/site-packages/airflow/example_dags/example_dataset_alias_with_no_taskflow.py
[2024-09-29T00:23:02.636-0500] {processor.py:914} INFO - Processing file /home/d-salamanca/airflow-env/lib/python3.12/site-packages/airflow/example_dags/example_dataset_alias_with_no_taskflow.py for tasks to queue
[2024-09-29T00:23:02.641-0500] {logging_mixin.py:190} INFO - [2024-09-29T00:23:02.640-0500] {dagbag.py:588} INFO - Filling up the DagBag from /home/d-salamanca/airflow-env/lib/python3.12/site-packages/airflow/example_dags/example_dataset_alias_with_no_taskflow.py
[2024-09-29T00:23:02.669-0500] {processor.py:925} INFO - DAG(s) 'dataset_s3_bucket_consumer_with_no_taskflow', 'dataset_alias_example_alias_consumer_with_no_taskflow', 'dataset_alias_example_alias_producer_with_no_taskflow', 'dataset_s3_bucket_producer_with_no_taskflow' retrieved from /home/d-salamanca/airflow-env/lib/python3.12/site-packages/airflow/example_dags/example_dataset_alias_with_no_taskflow.py
[2024-09-29T00:23:02.692-0500] {logging_mixin.py:190} INFO - [2024-09-29T00:23:02.691-0500] {dag.py:3239} INFO - Sync 4 DAGs
[2024-09-29T00:23:02.713-0500] {logging_mixin.py:190} INFO - [2024-09-29T00:23:02.713-0500] {dag.py:4180} INFO - Setting next_dagrun for dataset_alias_example_alias_consumer_with_no_taskflow to None, run_after=None
[2024-09-29T00:23:02.716-0500] {logging_mixin.py:190} INFO - [2024-09-29T00:23:02.715-0500] {dag.py:4180} INFO - Setting next_dagrun for dataset_alias_example_alias_producer_with_no_taskflow to None, run_after=None
[2024-09-29T00:23:02.717-0500] {logging_mixin.py:190} INFO - [2024-09-29T00:23:02.717-0500] {dag.py:4180} INFO - Setting next_dagrun for dataset_s3_bucket_consumer_with_no_taskflow to None, run_after=None
[2024-09-29T00:23:02.718-0500] {logging_mixin.py:190} INFO - [2024-09-29T00:23:02.718-0500] {dag.py:4180} INFO - Setting next_dagrun for dataset_s3_bucket_producer_with_no_taskflow to None, run_after=None
[2024-09-29T00:23:02.760-0500] {processor.py:208} INFO - Processing /home/d-salamanca/airflow-env/lib/python3.12/site-packages/airflow/example_dags/example_dataset_alias_with_no_taskflow.py took 0.161 seconds
[2024-09-29T00:24:30.176-0500] {processor.py:186} INFO - Started process (PID=28878) to work on /home/d-salamanca/airflow-env/lib/python3.12/site-packages/airflow/example_dags/example_dataset_alias_with_no_taskflow.py
[2024-09-29T00:24:30.178-0500] {processor.py:914} INFO - Processing file /home/d-salamanca/airflow-env/lib/python3.12/site-packages/airflow/example_dags/example_dataset_alias_with_no_taskflow.py for tasks to queue
[2024-09-29T00:24:30.180-0500] {logging_mixin.py:190} INFO - [2024-09-29T00:24:30.179-0500] {dagbag.py:588} INFO - Filling up the DagBag from /home/d-salamanca/airflow-env/lib/python3.12/site-packages/airflow/example_dags/example_dataset_alias_with_no_taskflow.py
[2024-09-29T00:24:30.208-0500] {processor.py:925} INFO - DAG(s) 'dataset_alias_example_alias_producer_with_no_taskflow', 'dataset_alias_example_alias_consumer_with_no_taskflow', 'dataset_s3_bucket_consumer_with_no_taskflow', 'dataset_s3_bucket_producer_with_no_taskflow' retrieved from /home/d-salamanca/airflow-env/lib/python3.12/site-packages/airflow/example_dags/example_dataset_alias_with_no_taskflow.py
[2024-09-29T00:24:30.231-0500] {logging_mixin.py:190} INFO - [2024-09-29T00:24:30.231-0500] {dag.py:3239} INFO - Sync 4 DAGs
[2024-09-29T00:24:30.253-0500] {logging_mixin.py:190} INFO - [2024-09-29T00:24:30.253-0500] {dag.py:4180} INFO - Setting next_dagrun for dataset_alias_example_alias_consumer_with_no_taskflow to None, run_after=None
[2024-09-29T00:24:30.255-0500] {logging_mixin.py:190} INFO - [2024-09-29T00:24:30.255-0500] {dag.py:4180} INFO - Setting next_dagrun for dataset_alias_example_alias_producer_with_no_taskflow to None, run_after=None
[2024-09-29T00:24:30.257-0500] {logging_mixin.py:190} INFO - [2024-09-29T00:24:30.256-0500] {dag.py:4180} INFO - Setting next_dagrun for dataset_s3_bucket_consumer_with_no_taskflow to None, run_after=None
[2024-09-29T00:24:30.258-0500] {logging_mixin.py:190} INFO - [2024-09-29T00:24:30.258-0500] {dag.py:4180} INFO - Setting next_dagrun for dataset_s3_bucket_producer_with_no_taskflow to None, run_after=None
[2024-09-29T00:24:30.342-0500] {processor.py:208} INFO - Processing /home/d-salamanca/airflow-env/lib/python3.12/site-packages/airflow/example_dags/example_dataset_alias_with_no_taskflow.py took 0.174 seconds
[2024-09-29T00:26:01.426-0500] {processor.py:186} INFO - Started process (PID=28951) to work on /home/d-salamanca/airflow-env/lib/python3.12/site-packages/airflow/example_dags/example_dataset_alias_with_no_taskflow.py
[2024-09-29T00:26:01.428-0500] {processor.py:914} INFO - Processing file /home/d-salamanca/airflow-env/lib/python3.12/site-packages/airflow/example_dags/example_dataset_alias_with_no_taskflow.py for tasks to queue
[2024-09-29T00:26:01.431-0500] {logging_mixin.py:190} INFO - [2024-09-29T00:26:01.431-0500] {dagbag.py:588} INFO - Filling up the DagBag from /home/d-salamanca/airflow-env/lib/python3.12/site-packages/airflow/example_dags/example_dataset_alias_with_no_taskflow.py
[2024-09-29T00:26:01.580-0500] {processor.py:925} INFO - DAG(s) 'dataset_s3_bucket_producer_with_no_taskflow', 'dataset_s3_bucket_consumer_with_no_taskflow', 'dataset_alias_example_alias_producer_with_no_taskflow', 'dataset_alias_example_alias_consumer_with_no_taskflow' retrieved from /home/d-salamanca/airflow-env/lib/python3.12/site-packages/airflow/example_dags/example_dataset_alias_with_no_taskflow.py
[2024-09-29T00:26:01.600-0500] {logging_mixin.py:190} INFO - [2024-09-29T00:26:01.600-0500] {dag.py:3239} INFO - Sync 4 DAGs
[2024-09-29T00:26:01.619-0500] {logging_mixin.py:190} INFO - [2024-09-29T00:26:01.619-0500] {dag.py:4180} INFO - Setting next_dagrun for dataset_alias_example_alias_consumer_with_no_taskflow to None, run_after=None
[2024-09-29T00:26:01.621-0500] {logging_mixin.py:190} INFO - [2024-09-29T00:26:01.621-0500] {dag.py:4180} INFO - Setting next_dagrun for dataset_alias_example_alias_producer_with_no_taskflow to None, run_after=None
[2024-09-29T00:26:01.622-0500] {logging_mixin.py:190} INFO - [2024-09-29T00:26:01.622-0500] {dag.py:4180} INFO - Setting next_dagrun for dataset_s3_bucket_consumer_with_no_taskflow to None, run_after=None
[2024-09-29T00:26:01.623-0500] {logging_mixin.py:190} INFO - [2024-09-29T00:26:01.623-0500] {dag.py:4180} INFO - Setting next_dagrun for dataset_s3_bucket_producer_with_no_taskflow to None, run_after=None
[2024-09-29T00:26:01.664-0500] {processor.py:208} INFO - Processing /home/d-salamanca/airflow-env/lib/python3.12/site-packages/airflow/example_dags/example_dataset_alias_with_no_taskflow.py took 0.247 seconds
[2024-09-29T00:27:29.008-0500] {processor.py:186} INFO - Started process (PID=29090) to work on /home/d-salamanca/airflow-env/lib/python3.12/site-packages/airflow/example_dags/example_dataset_alias_with_no_taskflow.py
[2024-09-29T00:27:29.238-0500] {processor.py:914} INFO - Processing file /home/d-salamanca/airflow-env/lib/python3.12/site-packages/airflow/example_dags/example_dataset_alias_with_no_taskflow.py for tasks to queue
[2024-09-29T00:27:29.241-0500] {logging_mixin.py:190} INFO - [2024-09-29T00:27:29.240-0500] {dagbag.py:588} INFO - Filling up the DagBag from /home/d-salamanca/airflow-env/lib/python3.12/site-packages/airflow/example_dags/example_dataset_alias_with_no_taskflow.py
[2024-09-29T00:27:29.271-0500] {processor.py:925} INFO - DAG(s) 'dataset_alias_example_alias_consumer_with_no_taskflow', 'dataset_s3_bucket_producer_with_no_taskflow', 'dataset_s3_bucket_consumer_with_no_taskflow', 'dataset_alias_example_alias_producer_with_no_taskflow' retrieved from /home/d-salamanca/airflow-env/lib/python3.12/site-packages/airflow/example_dags/example_dataset_alias_with_no_taskflow.py
[2024-09-29T00:27:29.294-0500] {logging_mixin.py:190} INFO - [2024-09-29T00:27:29.293-0500] {dag.py:3239} INFO - Sync 4 DAGs
[2024-09-29T00:27:29.317-0500] {logging_mixin.py:190} INFO - [2024-09-29T00:27:29.317-0500] {dag.py:4180} INFO - Setting next_dagrun for dataset_alias_example_alias_consumer_with_no_taskflow to None, run_after=None
[2024-09-29T00:27:29.320-0500] {logging_mixin.py:190} INFO - [2024-09-29T00:27:29.319-0500] {dag.py:4180} INFO - Setting next_dagrun for dataset_alias_example_alias_producer_with_no_taskflow to None, run_after=None
[2024-09-29T00:27:29.321-0500] {logging_mixin.py:190} INFO - [2024-09-29T00:27:29.321-0500] {dag.py:4180} INFO - Setting next_dagrun for dataset_s3_bucket_consumer_with_no_taskflow to None, run_after=None
[2024-09-29T00:27:29.322-0500] {logging_mixin.py:190} INFO - [2024-09-29T00:27:29.321-0500] {dag.py:4180} INFO - Setting next_dagrun for dataset_s3_bucket_producer_with_no_taskflow to None, run_after=None
[2024-09-29T00:27:29.367-0500] {processor.py:208} INFO - Processing /home/d-salamanca/airflow-env/lib/python3.12/site-packages/airflow/example_dags/example_dataset_alias_with_no_taskflow.py took 0.366 seconds
[2024-09-29T00:29:32.430-0500] {processor.py:186} INFO - Started process (PID=29241) to work on /home/d-salamanca/airflow-env/lib/python3.12/site-packages/airflow/example_dags/example_dataset_alias_with_no_taskflow.py
[2024-09-29T00:29:32.475-0500] {processor.py:914} INFO - Processing file /home/d-salamanca/airflow-env/lib/python3.12/site-packages/airflow/example_dags/example_dataset_alias_with_no_taskflow.py for tasks to queue
[2024-09-29T00:29:32.482-0500] {logging_mixin.py:190} INFO - [2024-09-29T00:29:32.480-0500] {dagbag.py:588} INFO - Filling up the DagBag from /home/d-salamanca/airflow-env/lib/python3.12/site-packages/airflow/example_dags/example_dataset_alias_with_no_taskflow.py
[2024-09-29T00:29:32.646-0500] {processor.py:925} INFO - DAG(s) 'dataset_s3_bucket_producer_with_no_taskflow', 'dataset_alias_example_alias_consumer_with_no_taskflow', 'dataset_s3_bucket_consumer_with_no_taskflow', 'dataset_alias_example_alias_producer_with_no_taskflow' retrieved from /home/d-salamanca/airflow-env/lib/python3.12/site-packages/airflow/example_dags/example_dataset_alias_with_no_taskflow.py
[2024-09-29T00:29:32.673-0500] {logging_mixin.py:190} INFO - [2024-09-29T00:29:32.672-0500] {dag.py:3239} INFO - Sync 4 DAGs
[2024-09-29T00:29:32.898-0500] {logging_mixin.py:190} INFO - [2024-09-29T00:29:32.846-0500] {dag.py:4180} INFO - Setting next_dagrun for dataset_alias_example_alias_consumer_with_no_taskflow to None, run_after=None
[2024-09-29T00:29:32.912-0500] {logging_mixin.py:190} INFO - [2024-09-29T00:29:32.911-0500] {dag.py:4180} INFO - Setting next_dagrun for dataset_alias_example_alias_producer_with_no_taskflow to None, run_after=None
[2024-09-29T00:29:32.915-0500] {logging_mixin.py:190} INFO - [2024-09-29T00:29:32.914-0500] {dag.py:4180} INFO - Setting next_dagrun for dataset_s3_bucket_consumer_with_no_taskflow to None, run_after=None
[2024-09-29T00:29:32.918-0500] {logging_mixin.py:190} INFO - [2024-09-29T00:29:32.917-0500] {dag.py:4180} INFO - Setting next_dagrun for dataset_s3_bucket_producer_with_no_taskflow to None, run_after=None
[2024-09-29T00:29:33.276-0500] {processor.py:208} INFO - Processing /home/d-salamanca/airflow-env/lib/python3.12/site-packages/airflow/example_dags/example_dataset_alias_with_no_taskflow.py took 0.856 seconds
[2024-09-29T00:31:19.839-0500] {processor.py:186} INFO - Started process (PID=29310) to work on /home/d-salamanca/airflow-env/lib/python3.12/site-packages/airflow/example_dags/example_dataset_alias_with_no_taskflow.py
[2024-09-29T00:31:19.876-0500] {processor.py:914} INFO - Processing file /home/d-salamanca/airflow-env/lib/python3.12/site-packages/airflow/example_dags/example_dataset_alias_with_no_taskflow.py for tasks to queue
[2024-09-29T00:31:19.883-0500] {logging_mixin.py:190} INFO - [2024-09-29T00:31:19.882-0500] {dagbag.py:588} INFO - Filling up the DagBag from /home/d-salamanca/airflow-env/lib/python3.12/site-packages/airflow/example_dags/example_dataset_alias_with_no_taskflow.py
[2024-09-29T00:31:20.636-0500] {processor.py:925} INFO - DAG(s) 'dataset_alias_example_alias_consumer_with_no_taskflow', 'dataset_s3_bucket_consumer_with_no_taskflow', 'dataset_s3_bucket_producer_with_no_taskflow', 'dataset_alias_example_alias_producer_with_no_taskflow' retrieved from /home/d-salamanca/airflow-env/lib/python3.12/site-packages/airflow/example_dags/example_dataset_alias_with_no_taskflow.py
[2024-09-29T00:31:20.754-0500] {logging_mixin.py:190} INFO - [2024-09-29T00:31:20.754-0500] {dag.py:3239} INFO - Sync 4 DAGs
[2024-09-29T00:31:20.809-0500] {logging_mixin.py:190} INFO - [2024-09-29T00:31:20.809-0500] {dag.py:4180} INFO - Setting next_dagrun for dataset_alias_example_alias_consumer_with_no_taskflow to None, run_after=None
[2024-09-29T00:31:20.812-0500] {logging_mixin.py:190} INFO - [2024-09-29T00:31:20.811-0500] {dag.py:4180} INFO - Setting next_dagrun for dataset_alias_example_alias_producer_with_no_taskflow to None, run_after=None
[2024-09-29T00:31:20.813-0500] {logging_mixin.py:190} INFO - [2024-09-29T00:31:20.813-0500] {dag.py:4180} INFO - Setting next_dagrun for dataset_s3_bucket_consumer_with_no_taskflow to None, run_after=None
[2024-09-29T00:31:20.814-0500] {logging_mixin.py:190} INFO - [2024-09-29T00:31:20.814-0500] {dag.py:4180} INFO - Setting next_dagrun for dataset_s3_bucket_producer_with_no_taskflow to None, run_after=None
[2024-09-29T00:31:20.986-0500] {processor.py:208} INFO - Processing /home/d-salamanca/airflow-env/lib/python3.12/site-packages/airflow/example_dags/example_dataset_alias_with_no_taskflow.py took 1.154 seconds
[2024-09-29T00:32:49.705-0500] {processor.py:186} INFO - Started process (PID=29384) to work on /home/d-salamanca/airflow-env/lib/python3.12/site-packages/airflow/example_dags/example_dataset_alias_with_no_taskflow.py
[2024-09-29T00:32:49.706-0500] {processor.py:914} INFO - Processing file /home/d-salamanca/airflow-env/lib/python3.12/site-packages/airflow/example_dags/example_dataset_alias_with_no_taskflow.py for tasks to queue
[2024-09-29T00:32:49.708-0500] {logging_mixin.py:190} INFO - [2024-09-29T00:32:49.708-0500] {dagbag.py:588} INFO - Filling up the DagBag from /home/d-salamanca/airflow-env/lib/python3.12/site-packages/airflow/example_dags/example_dataset_alias_with_no_taskflow.py
[2024-09-29T00:32:49.737-0500] {processor.py:925} INFO - DAG(s) 'dataset_alias_example_alias_producer_with_no_taskflow', 'dataset_s3_bucket_producer_with_no_taskflow', 'dataset_s3_bucket_consumer_with_no_taskflow', 'dataset_alias_example_alias_consumer_with_no_taskflow' retrieved from /home/d-salamanca/airflow-env/lib/python3.12/site-packages/airflow/example_dags/example_dataset_alias_with_no_taskflow.py
[2024-09-29T00:32:49.760-0500] {logging_mixin.py:190} INFO - [2024-09-29T00:32:49.760-0500] {dag.py:3239} INFO - Sync 4 DAGs
[2024-09-29T00:32:49.784-0500] {logging_mixin.py:190} INFO - [2024-09-29T00:32:49.784-0500] {dag.py:4180} INFO - Setting next_dagrun for dataset_alias_example_alias_consumer_with_no_taskflow to None, run_after=None
[2024-09-29T00:32:49.787-0500] {logging_mixin.py:190} INFO - [2024-09-29T00:32:49.787-0500] {dag.py:4180} INFO - Setting next_dagrun for dataset_alias_example_alias_producer_with_no_taskflow to None, run_after=None
[2024-09-29T00:32:49.788-0500] {logging_mixin.py:190} INFO - [2024-09-29T00:32:49.788-0500] {dag.py:4180} INFO - Setting next_dagrun for dataset_s3_bucket_consumer_with_no_taskflow to None, run_after=None
[2024-09-29T00:32:49.790-0500] {logging_mixin.py:190} INFO - [2024-09-29T00:32:49.789-0500] {dag.py:4180} INFO - Setting next_dagrun for dataset_s3_bucket_producer_with_no_taskflow to None, run_after=None
[2024-09-29T00:32:49.846-0500] {processor.py:208} INFO - Processing /home/d-salamanca/airflow-env/lib/python3.12/site-packages/airflow/example_dags/example_dataset_alias_with_no_taskflow.py took 0.150 seconds
[2024-09-29T00:34:18.201-0500] {processor.py:186} INFO - Started process (PID=29492) to work on /home/d-salamanca/airflow-env/lib/python3.12/site-packages/airflow/example_dags/example_dataset_alias_with_no_taskflow.py
[2024-09-29T00:34:18.235-0500] {processor.py:914} INFO - Processing file /home/d-salamanca/airflow-env/lib/python3.12/site-packages/airflow/example_dags/example_dataset_alias_with_no_taskflow.py for tasks to queue
[2024-09-29T00:34:18.240-0500] {logging_mixin.py:190} INFO - [2024-09-29T00:34:18.239-0500] {dagbag.py:588} INFO - Filling up the DagBag from /home/d-salamanca/airflow-env/lib/python3.12/site-packages/airflow/example_dags/example_dataset_alias_with_no_taskflow.py
[2024-09-29T00:34:18.348-0500] {processor.py:925} INFO - DAG(s) 'dataset_alias_example_alias_producer_with_no_taskflow', 'dataset_s3_bucket_consumer_with_no_taskflow', 'dataset_alias_example_alias_consumer_with_no_taskflow', 'dataset_s3_bucket_producer_with_no_taskflow' retrieved from /home/d-salamanca/airflow-env/lib/python3.12/site-packages/airflow/example_dags/example_dataset_alias_with_no_taskflow.py
[2024-09-29T00:34:18.370-0500] {logging_mixin.py:190} INFO - [2024-09-29T00:34:18.370-0500] {dag.py:3239} INFO - Sync 4 DAGs
[2024-09-29T00:34:18.395-0500] {logging_mixin.py:190} INFO - [2024-09-29T00:34:18.394-0500] {dag.py:4180} INFO - Setting next_dagrun for dataset_alias_example_alias_consumer_with_no_taskflow to None, run_after=None
[2024-09-29T00:34:18.398-0500] {logging_mixin.py:190} INFO - [2024-09-29T00:34:18.398-0500] {dag.py:4180} INFO - Setting next_dagrun for dataset_alias_example_alias_producer_with_no_taskflow to None, run_after=None
[2024-09-29T00:34:18.399-0500] {logging_mixin.py:190} INFO - [2024-09-29T00:34:18.399-0500] {dag.py:4180} INFO - Setting next_dagrun for dataset_s3_bucket_consumer_with_no_taskflow to None, run_after=None
[2024-09-29T00:34:18.402-0500] {logging_mixin.py:190} INFO - [2024-09-29T00:34:18.401-0500] {dag.py:4180} INFO - Setting next_dagrun for dataset_s3_bucket_producer_with_no_taskflow to None, run_after=None
[2024-09-29T00:34:18.544-0500] {processor.py:208} INFO - Processing /home/d-salamanca/airflow-env/lib/python3.12/site-packages/airflow/example_dags/example_dataset_alias_with_no_taskflow.py took 0.351 seconds
[2024-09-29T08:20:48.602-0500] {processor.py:186} INFO - Started process (PID=29790) to work on /home/d-salamanca/airflow-env/lib/python3.12/site-packages/airflow/example_dags/example_dataset_alias_with_no_taskflow.py
[2024-09-29T08:20:48.651-0500] {processor.py:914} INFO - Processing file /home/d-salamanca/airflow-env/lib/python3.12/site-packages/airflow/example_dags/example_dataset_alias_with_no_taskflow.py for tasks to queue
[2024-09-29T08:20:48.656-0500] {logging_mixin.py:190} INFO - [2024-09-29T08:20:48.655-0500] {dagbag.py:588} INFO - Filling up the DagBag from /home/d-salamanca/airflow-env/lib/python3.12/site-packages/airflow/example_dags/example_dataset_alias_with_no_taskflow.py
[2024-09-29T08:20:48.726-0500] {processor.py:925} INFO - DAG(s) 'dataset_s3_bucket_producer_with_no_taskflow', 'dataset_alias_example_alias_consumer_with_no_taskflow', 'dataset_s3_bucket_consumer_with_no_taskflow', 'dataset_alias_example_alias_producer_with_no_taskflow' retrieved from /home/d-salamanca/airflow-env/lib/python3.12/site-packages/airflow/example_dags/example_dataset_alias_with_no_taskflow.py
[2024-09-29T08:20:48.753-0500] {logging_mixin.py:190} INFO - [2024-09-29T08:20:48.752-0500] {dag.py:3239} INFO - Sync 4 DAGs
[2024-09-29T08:20:48.786-0500] {logging_mixin.py:190} INFO - [2024-09-29T08:20:48.786-0500] {dag.py:4180} INFO - Setting next_dagrun for dataset_alias_example_alias_consumer_with_no_taskflow to None, run_after=None
[2024-09-29T08:20:48.789-0500] {logging_mixin.py:190} INFO - [2024-09-29T08:20:48.789-0500] {dag.py:4180} INFO - Setting next_dagrun for dataset_alias_example_alias_producer_with_no_taskflow to None, run_after=None
[2024-09-29T08:20:48.790-0500] {logging_mixin.py:190} INFO - [2024-09-29T08:20:48.790-0500] {dag.py:4180} INFO - Setting next_dagrun for dataset_s3_bucket_consumer_with_no_taskflow to None, run_after=None
[2024-09-29T08:20:48.791-0500] {logging_mixin.py:190} INFO - [2024-09-29T08:20:48.791-0500] {dag.py:4180} INFO - Setting next_dagrun for dataset_s3_bucket_producer_with_no_taskflow to None, run_after=None
[2024-09-29T08:20:48.824-0500] {processor.py:208} INFO - Processing /home/d-salamanca/airflow-env/lib/python3.12/site-packages/airflow/example_dags/example_dataset_alias_with_no_taskflow.py took 0.232 seconds
[2024-09-29T08:22:53.164-0500] {processor.py:186} INFO - Started process (PID=29898) to work on /home/d-salamanca/airflow-env/lib/python3.12/site-packages/airflow/example_dags/example_dataset_alias_with_no_taskflow.py
[2024-09-29T08:22:53.212-0500] {processor.py:914} INFO - Processing file /home/d-salamanca/airflow-env/lib/python3.12/site-packages/airflow/example_dags/example_dataset_alias_with_no_taskflow.py for tasks to queue
[2024-09-29T08:22:53.218-0500] {logging_mixin.py:190} INFO - [2024-09-29T08:22:53.217-0500] {dagbag.py:588} INFO - Filling up the DagBag from /home/d-salamanca/airflow-env/lib/python3.12/site-packages/airflow/example_dags/example_dataset_alias_with_no_taskflow.py
[2024-09-29T08:22:53.266-0500] {processor.py:925} INFO - DAG(s) 'dataset_alias_example_alias_consumer_with_no_taskflow', 'dataset_s3_bucket_producer_with_no_taskflow', 'dataset_alias_example_alias_producer_with_no_taskflow', 'dataset_s3_bucket_consumer_with_no_taskflow' retrieved from /home/d-salamanca/airflow-env/lib/python3.12/site-packages/airflow/example_dags/example_dataset_alias_with_no_taskflow.py
[2024-09-29T08:22:53.289-0500] {logging_mixin.py:190} INFO - [2024-09-29T08:22:53.289-0500] {dag.py:3239} INFO - Sync 4 DAGs
[2024-09-29T08:22:53.312-0500] {logging_mixin.py:190} INFO - [2024-09-29T08:22:53.311-0500] {dag.py:4180} INFO - Setting next_dagrun for dataset_alias_example_alias_consumer_with_no_taskflow to None, run_after=None
[2024-09-29T08:22:53.314-0500] {logging_mixin.py:190} INFO - [2024-09-29T08:22:53.314-0500] {dag.py:4180} INFO - Setting next_dagrun for dataset_alias_example_alias_producer_with_no_taskflow to None, run_after=None
[2024-09-29T08:22:53.315-0500] {logging_mixin.py:190} INFO - [2024-09-29T08:22:53.315-0500] {dag.py:4180} INFO - Setting next_dagrun for dataset_s3_bucket_consumer_with_no_taskflow to None, run_after=None
[2024-09-29T08:22:53.316-0500] {logging_mixin.py:190} INFO - [2024-09-29T08:22:53.316-0500] {dag.py:4180} INFO - Setting next_dagrun for dataset_s3_bucket_producer_with_no_taskflow to None, run_after=None
[2024-09-29T08:22:53.375-0500] {processor.py:208} INFO - Processing /home/d-salamanca/airflow-env/lib/python3.12/site-packages/airflow/example_dags/example_dataset_alias_with_no_taskflow.py took 0.220 seconds
[2024-09-29T08:24:22.794-0500] {processor.py:186} INFO - Started process (PID=29973) to work on /home/d-salamanca/airflow-env/lib/python3.12/site-packages/airflow/example_dags/example_dataset_alias_with_no_taskflow.py
[2024-09-29T08:24:22.814-0500] {processor.py:914} INFO - Processing file /home/d-salamanca/airflow-env/lib/python3.12/site-packages/airflow/example_dags/example_dataset_alias_with_no_taskflow.py for tasks to queue
[2024-09-29T08:24:22.817-0500] {logging_mixin.py:190} INFO - [2024-09-29T08:24:22.816-0500] {dagbag.py:588} INFO - Filling up the DagBag from /home/d-salamanca/airflow-env/lib/python3.12/site-packages/airflow/example_dags/example_dataset_alias_with_no_taskflow.py
[2024-09-29T08:24:22.845-0500] {processor.py:925} INFO - DAG(s) 'dataset_alias_example_alias_consumer_with_no_taskflow', 'dataset_s3_bucket_producer_with_no_taskflow', 'dataset_s3_bucket_consumer_with_no_taskflow', 'dataset_alias_example_alias_producer_with_no_taskflow' retrieved from /home/d-salamanca/airflow-env/lib/python3.12/site-packages/airflow/example_dags/example_dataset_alias_with_no_taskflow.py
[2024-09-29T08:24:22.868-0500] {logging_mixin.py:190} INFO - [2024-09-29T08:24:22.868-0500] {dag.py:3239} INFO - Sync 4 DAGs
[2024-09-29T08:24:22.890-0500] {logging_mixin.py:190} INFO - [2024-09-29T08:24:22.890-0500] {dag.py:4180} INFO - Setting next_dagrun for dataset_alias_example_alias_consumer_with_no_taskflow to None, run_after=None
[2024-09-29T08:24:22.893-0500] {logging_mixin.py:190} INFO - [2024-09-29T08:24:22.893-0500] {dag.py:4180} INFO - Setting next_dagrun for dataset_alias_example_alias_producer_with_no_taskflow to None, run_after=None
[2024-09-29T08:24:22.894-0500] {logging_mixin.py:190} INFO - [2024-09-29T08:24:22.894-0500] {dag.py:4180} INFO - Setting next_dagrun for dataset_s3_bucket_consumer_with_no_taskflow to None, run_after=None
[2024-09-29T08:24:22.895-0500] {logging_mixin.py:190} INFO - [2024-09-29T08:24:22.895-0500] {dag.py:4180} INFO - Setting next_dagrun for dataset_s3_bucket_producer_with_no_taskflow to None, run_after=None
[2024-09-29T08:24:22.932-0500] {processor.py:208} INFO - Processing /home/d-salamanca/airflow-env/lib/python3.12/site-packages/airflow/example_dags/example_dataset_alias_with_no_taskflow.py took 0.146 seconds
[2024-09-29T08:25:47.456-0500] {processor.py:186} INFO - Started process (PID=30077) to work on /home/d-salamanca/airflow-env/lib/python3.12/site-packages/airflow/example_dags/example_dataset_alias_with_no_taskflow.py
[2024-09-29T08:25:47.468-0500] {processor.py:914} INFO - Processing file /home/d-salamanca/airflow-env/lib/python3.12/site-packages/airflow/example_dags/example_dataset_alias_with_no_taskflow.py for tasks to queue
[2024-09-29T08:25:47.471-0500] {logging_mixin.py:190} INFO - [2024-09-29T08:25:47.471-0500] {dagbag.py:588} INFO - Filling up the DagBag from /home/d-salamanca/airflow-env/lib/python3.12/site-packages/airflow/example_dags/example_dataset_alias_with_no_taskflow.py
[2024-09-29T08:25:47.543-0500] {processor.py:925} INFO - DAG(s) 'dataset_s3_bucket_consumer_with_no_taskflow', 'dataset_alias_example_alias_producer_with_no_taskflow', 'dataset_alias_example_alias_consumer_with_no_taskflow', 'dataset_s3_bucket_producer_with_no_taskflow' retrieved from /home/d-salamanca/airflow-env/lib/python3.12/site-packages/airflow/example_dags/example_dataset_alias_with_no_taskflow.py
[2024-09-29T08:25:47.569-0500] {logging_mixin.py:190} INFO - [2024-09-29T08:25:47.569-0500] {dag.py:3239} INFO - Sync 4 DAGs
[2024-09-29T08:25:47.605-0500] {logging_mixin.py:190} INFO - [2024-09-29T08:25:47.604-0500] {dag.py:4180} INFO - Setting next_dagrun for dataset_alias_example_alias_consumer_with_no_taskflow to None, run_after=None
[2024-09-29T08:25:47.607-0500] {logging_mixin.py:190} INFO - [2024-09-29T08:25:47.607-0500] {dag.py:4180} INFO - Setting next_dagrun for dataset_alias_example_alias_producer_with_no_taskflow to None, run_after=None
[2024-09-29T08:25:47.608-0500] {logging_mixin.py:190} INFO - [2024-09-29T08:25:47.608-0500] {dag.py:4180} INFO - Setting next_dagrun for dataset_s3_bucket_consumer_with_no_taskflow to None, run_after=None
[2024-09-29T08:25:47.609-0500] {logging_mixin.py:190} INFO - [2024-09-29T08:25:47.609-0500] {dag.py:4180} INFO - Setting next_dagrun for dataset_s3_bucket_producer_with_no_taskflow to None, run_after=None
[2024-09-29T08:25:47.719-0500] {processor.py:208} INFO - Processing /home/d-salamanca/airflow-env/lib/python3.12/site-packages/airflow/example_dags/example_dataset_alias_with_no_taskflow.py took 0.270 seconds
[2024-09-29T08:27:11.016-0500] {processor.py:186} INFO - Started process (PID=30146) to work on /home/d-salamanca/airflow-env/lib/python3.12/site-packages/airflow/example_dags/example_dataset_alias_with_no_taskflow.py
[2024-09-29T08:27:11.027-0500] {processor.py:914} INFO - Processing file /home/d-salamanca/airflow-env/lib/python3.12/site-packages/airflow/example_dags/example_dataset_alias_with_no_taskflow.py for tasks to queue
[2024-09-29T08:27:11.031-0500] {logging_mixin.py:190} INFO - [2024-09-29T08:27:11.030-0500] {dagbag.py:588} INFO - Filling up the DagBag from /home/d-salamanca/airflow-env/lib/python3.12/site-packages/airflow/example_dags/example_dataset_alias_with_no_taskflow.py
[2024-09-29T08:27:11.059-0500] {processor.py:925} INFO - DAG(s) 'dataset_alias_example_alias_producer_with_no_taskflow', 'dataset_s3_bucket_consumer_with_no_taskflow', 'dataset_alias_example_alias_consumer_with_no_taskflow', 'dataset_s3_bucket_producer_with_no_taskflow' retrieved from /home/d-salamanca/airflow-env/lib/python3.12/site-packages/airflow/example_dags/example_dataset_alias_with_no_taskflow.py
[2024-09-29T08:27:11.081-0500] {logging_mixin.py:190} INFO - [2024-09-29T08:27:11.081-0500] {dag.py:3239} INFO - Sync 4 DAGs
[2024-09-29T08:27:11.103-0500] {logging_mixin.py:190} INFO - [2024-09-29T08:27:11.103-0500] {dag.py:4180} INFO - Setting next_dagrun for dataset_alias_example_alias_consumer_with_no_taskflow to None, run_after=None
[2024-09-29T08:27:11.105-0500] {logging_mixin.py:190} INFO - [2024-09-29T08:27:11.105-0500] {dag.py:4180} INFO - Setting next_dagrun for dataset_alias_example_alias_producer_with_no_taskflow to None, run_after=None
[2024-09-29T08:27:11.107-0500] {logging_mixin.py:190} INFO - [2024-09-29T08:27:11.106-0500] {dag.py:4180} INFO - Setting next_dagrun for dataset_s3_bucket_consumer_with_no_taskflow to None, run_after=None
[2024-09-29T08:27:11.108-0500] {logging_mixin.py:190} INFO - [2024-09-29T08:27:11.108-0500] {dag.py:4180} INFO - Setting next_dagrun for dataset_s3_bucket_producer_with_no_taskflow to None, run_after=None
[2024-09-29T08:27:11.147-0500] {processor.py:208} INFO - Processing /home/d-salamanca/airflow-env/lib/python3.12/site-packages/airflow/example_dags/example_dataset_alias_with_no_taskflow.py took 0.139 seconds
[2024-09-29T08:28:25.984-0500] {processor.py:186} INFO - Started process (PID=30213) to work on /home/d-salamanca/airflow-env/lib/python3.12/site-packages/airflow/example_dags/example_dataset_alias_with_no_taskflow.py
[2024-09-29T08:28:25.999-0500] {processor.py:914} INFO - Processing file /home/d-salamanca/airflow-env/lib/python3.12/site-packages/airflow/example_dags/example_dataset_alias_with_no_taskflow.py for tasks to queue
[2024-09-29T08:28:26.003-0500] {logging_mixin.py:190} INFO - [2024-09-29T08:28:26.002-0500] {dagbag.py:588} INFO - Filling up the DagBag from /home/d-salamanca/airflow-env/lib/python3.12/site-packages/airflow/example_dags/example_dataset_alias_with_no_taskflow.py
[2024-09-29T08:28:26.032-0500] {processor.py:925} INFO - DAG(s) 'dataset_s3_bucket_producer_with_no_taskflow', 'dataset_alias_example_alias_producer_with_no_taskflow', 'dataset_s3_bucket_consumer_with_no_taskflow', 'dataset_alias_example_alias_consumer_with_no_taskflow' retrieved from /home/d-salamanca/airflow-env/lib/python3.12/site-packages/airflow/example_dags/example_dataset_alias_with_no_taskflow.py
[2024-09-29T08:28:26.054-0500] {logging_mixin.py:190} INFO - [2024-09-29T08:28:26.054-0500] {dag.py:3239} INFO - Sync 4 DAGs
[2024-09-29T08:28:26.077-0500] {logging_mixin.py:190} INFO - [2024-09-29T08:28:26.076-0500] {dag.py:4180} INFO - Setting next_dagrun for dataset_alias_example_alias_consumer_with_no_taskflow to None, run_after=None
[2024-09-29T08:28:26.079-0500] {logging_mixin.py:190} INFO - [2024-09-29T08:28:26.079-0500] {dag.py:4180} INFO - Setting next_dagrun for dataset_alias_example_alias_producer_with_no_taskflow to None, run_after=None
[2024-09-29T08:28:26.080-0500] {logging_mixin.py:190} INFO - [2024-09-29T08:28:26.080-0500] {dag.py:4180} INFO - Setting next_dagrun for dataset_s3_bucket_consumer_with_no_taskflow to None, run_after=None
[2024-09-29T08:28:26.081-0500] {logging_mixin.py:190} INFO - [2024-09-29T08:28:26.081-0500] {dag.py:4180} INFO - Setting next_dagrun for dataset_s3_bucket_producer_with_no_taskflow to None, run_after=None
[2024-09-29T08:28:26.137-0500] {processor.py:208} INFO - Processing /home/d-salamanca/airflow-env/lib/python3.12/site-packages/airflow/example_dags/example_dataset_alias_with_no_taskflow.py took 0.169 seconds
[2024-09-29T08:29:48.685-0500] {processor.py:186} INFO - Started process (PID=30283) to work on /home/d-salamanca/airflow-env/lib/python3.12/site-packages/airflow/example_dags/example_dataset_alias_with_no_taskflow.py
[2024-09-29T08:29:48.704-0500] {processor.py:914} INFO - Processing file /home/d-salamanca/airflow-env/lib/python3.12/site-packages/airflow/example_dags/example_dataset_alias_with_no_taskflow.py for tasks to queue
[2024-09-29T08:29:48.708-0500] {logging_mixin.py:190} INFO - [2024-09-29T08:29:48.707-0500] {dagbag.py:588} INFO - Filling up the DagBag from /home/d-salamanca/airflow-env/lib/python3.12/site-packages/airflow/example_dags/example_dataset_alias_with_no_taskflow.py
[2024-09-29T08:29:48.737-0500] {processor.py:925} INFO - DAG(s) 'dataset_alias_example_alias_producer_with_no_taskflow', 'dataset_s3_bucket_producer_with_no_taskflow', 'dataset_alias_example_alias_consumer_with_no_taskflow', 'dataset_s3_bucket_consumer_with_no_taskflow' retrieved from /home/d-salamanca/airflow-env/lib/python3.12/site-packages/airflow/example_dags/example_dataset_alias_with_no_taskflow.py
[2024-09-29T08:29:48.759-0500] {logging_mixin.py:190} INFO - [2024-09-29T08:29:48.759-0500] {dag.py:3239} INFO - Sync 4 DAGs
[2024-09-29T08:29:48.781-0500] {logging_mixin.py:190} INFO - [2024-09-29T08:29:48.781-0500] {dag.py:4180} INFO - Setting next_dagrun for dataset_alias_example_alias_consumer_with_no_taskflow to None, run_after=None
[2024-09-29T08:29:48.784-0500] {logging_mixin.py:190} INFO - [2024-09-29T08:29:48.784-0500] {dag.py:4180} INFO - Setting next_dagrun for dataset_alias_example_alias_producer_with_no_taskflow to None, run_after=None
[2024-09-29T08:29:48.785-0500] {logging_mixin.py:190} INFO - [2024-09-29T08:29:48.785-0500] {dag.py:4180} INFO - Setting next_dagrun for dataset_s3_bucket_consumer_with_no_taskflow to None, run_after=None
[2024-09-29T08:29:48.786-0500] {logging_mixin.py:190} INFO - [2024-09-29T08:29:48.786-0500] {dag.py:4180} INFO - Setting next_dagrun for dataset_s3_bucket_producer_with_no_taskflow to None, run_after=None
[2024-09-29T08:29:48.851-0500] {processor.py:208} INFO - Processing /home/d-salamanca/airflow-env/lib/python3.12/site-packages/airflow/example_dags/example_dataset_alias_with_no_taskflow.py took 0.173 seconds
[2024-09-29T08:31:20.034-0500] {processor.py:186} INFO - Started process (PID=30371) to work on /home/d-salamanca/airflow-env/lib/python3.12/site-packages/airflow/example_dags/example_dataset_alias_with_no_taskflow.py
[2024-09-29T08:31:20.035-0500] {processor.py:914} INFO - Processing file /home/d-salamanca/airflow-env/lib/python3.12/site-packages/airflow/example_dags/example_dataset_alias_with_no_taskflow.py for tasks to queue
[2024-09-29T08:31:20.038-0500] {logging_mixin.py:190} INFO - [2024-09-29T08:31:20.038-0500] {dagbag.py:588} INFO - Filling up the DagBag from /home/d-salamanca/airflow-env/lib/python3.12/site-packages/airflow/example_dags/example_dataset_alias_with_no_taskflow.py
[2024-09-29T08:31:20.066-0500] {processor.py:925} INFO - DAG(s) 'dataset_s3_bucket_consumer_with_no_taskflow', 'dataset_alias_example_alias_producer_with_no_taskflow', 'dataset_alias_example_alias_consumer_with_no_taskflow', 'dataset_s3_bucket_producer_with_no_taskflow' retrieved from /home/d-salamanca/airflow-env/lib/python3.12/site-packages/airflow/example_dags/example_dataset_alias_with_no_taskflow.py
[2024-09-29T08:31:20.088-0500] {logging_mixin.py:190} INFO - [2024-09-29T08:31:20.088-0500] {dag.py:3239} INFO - Sync 4 DAGs
[2024-09-29T08:31:20.111-0500] {logging_mixin.py:190} INFO - [2024-09-29T08:31:20.110-0500] {dag.py:4180} INFO - Setting next_dagrun for dataset_alias_example_alias_consumer_with_no_taskflow to None, run_after=None
[2024-09-29T08:31:20.113-0500] {logging_mixin.py:190} INFO - [2024-09-29T08:31:20.113-0500] {dag.py:4180} INFO - Setting next_dagrun for dataset_alias_example_alias_producer_with_no_taskflow to None, run_after=None
[2024-09-29T08:31:20.114-0500] {logging_mixin.py:190} INFO - [2024-09-29T08:31:20.114-0500] {dag.py:4180} INFO - Setting next_dagrun for dataset_s3_bucket_consumer_with_no_taskflow to None, run_after=None
[2024-09-29T08:31:20.115-0500] {logging_mixin.py:190} INFO - [2024-09-29T08:31:20.115-0500] {dag.py:4180} INFO - Setting next_dagrun for dataset_s3_bucket_producer_with_no_taskflow to None, run_after=None
[2024-09-29T08:31:20.891-0500] {processor.py:208} INFO - Processing /home/d-salamanca/airflow-env/lib/python3.12/site-packages/airflow/example_dags/example_dataset_alias_with_no_taskflow.py took 0.869 seconds
[2024-09-29T08:32:57.929-0500] {processor.py:186} INFO - Started process (PID=30446) to work on /home/d-salamanca/airflow-env/lib/python3.12/site-packages/airflow/example_dags/example_dataset_alias_with_no_taskflow.py
[2024-09-29T08:32:57.930-0500] {processor.py:914} INFO - Processing file /home/d-salamanca/airflow-env/lib/python3.12/site-packages/airflow/example_dags/example_dataset_alias_with_no_taskflow.py for tasks to queue
[2024-09-29T08:32:57.933-0500] {logging_mixin.py:190} INFO - [2024-09-29T08:32:57.933-0500] {dagbag.py:588} INFO - Filling up the DagBag from /home/d-salamanca/airflow-env/lib/python3.12/site-packages/airflow/example_dags/example_dataset_alias_with_no_taskflow.py
[2024-09-29T08:32:57.962-0500] {processor.py:925} INFO - DAG(s) 'dataset_s3_bucket_consumer_with_no_taskflow', 'dataset_s3_bucket_producer_with_no_taskflow', 'dataset_alias_example_alias_consumer_with_no_taskflow', 'dataset_alias_example_alias_producer_with_no_taskflow' retrieved from /home/d-salamanca/airflow-env/lib/python3.12/site-packages/airflow/example_dags/example_dataset_alias_with_no_taskflow.py
[2024-09-29T08:32:57.987-0500] {logging_mixin.py:190} INFO - [2024-09-29T08:32:57.986-0500] {dag.py:3239} INFO - Sync 4 DAGs
[2024-09-29T08:32:58.019-0500] {logging_mixin.py:190} INFO - [2024-09-29T08:32:58.018-0500] {dag.py:4180} INFO - Setting next_dagrun for dataset_alias_example_alias_consumer_with_no_taskflow to None, run_after=None
[2024-09-29T08:32:58.022-0500] {logging_mixin.py:190} INFO - [2024-09-29T08:32:58.022-0500] {dag.py:4180} INFO - Setting next_dagrun for dataset_alias_example_alias_producer_with_no_taskflow to None, run_after=None
[2024-09-29T08:32:58.024-0500] {logging_mixin.py:190} INFO - [2024-09-29T08:32:58.023-0500] {dag.py:4180} INFO - Setting next_dagrun for dataset_s3_bucket_consumer_with_no_taskflow to None, run_after=None
[2024-09-29T08:32:58.025-0500] {logging_mixin.py:190} INFO - [2024-09-29T08:32:58.025-0500] {dag.py:4180} INFO - Setting next_dagrun for dataset_s3_bucket_producer_with_no_taskflow to None, run_after=None
[2024-09-29T08:32:58.066-0500] {processor.py:208} INFO - Processing /home/d-salamanca/airflow-env/lib/python3.12/site-packages/airflow/example_dags/example_dataset_alias_with_no_taskflow.py took 0.145 seconds
[2024-09-29T08:34:17.540-0500] {processor.py:186} INFO - Started process (PID=30515) to work on /home/d-salamanca/airflow-env/lib/python3.12/site-packages/airflow/example_dags/example_dataset_alias_with_no_taskflow.py
[2024-09-29T08:34:17.565-0500] {processor.py:914} INFO - Processing file /home/d-salamanca/airflow-env/lib/python3.12/site-packages/airflow/example_dags/example_dataset_alias_with_no_taskflow.py for tasks to queue
[2024-09-29T08:34:17.568-0500] {logging_mixin.py:190} INFO - [2024-09-29T08:34:17.568-0500] {dagbag.py:588} INFO - Filling up the DagBag from /home/d-salamanca/airflow-env/lib/python3.12/site-packages/airflow/example_dags/example_dataset_alias_with_no_taskflow.py
[2024-09-29T08:34:17.596-0500] {processor.py:925} INFO - DAG(s) 'dataset_alias_example_alias_consumer_with_no_taskflow', 'dataset_alias_example_alias_producer_with_no_taskflow', 'dataset_s3_bucket_consumer_with_no_taskflow', 'dataset_s3_bucket_producer_with_no_taskflow' retrieved from /home/d-salamanca/airflow-env/lib/python3.12/site-packages/airflow/example_dags/example_dataset_alias_with_no_taskflow.py
[2024-09-29T08:34:17.621-0500] {logging_mixin.py:190} INFO - [2024-09-29T08:34:17.621-0500] {dag.py:3239} INFO - Sync 4 DAGs
[2024-09-29T08:34:17.645-0500] {logging_mixin.py:190} INFO - [2024-09-29T08:34:17.644-0500] {dag.py:4180} INFO - Setting next_dagrun for dataset_alias_example_alias_consumer_with_no_taskflow to None, run_after=None
[2024-09-29T08:34:17.647-0500] {logging_mixin.py:190} INFO - [2024-09-29T08:34:17.647-0500] {dag.py:4180} INFO - Setting next_dagrun for dataset_alias_example_alias_producer_with_no_taskflow to None, run_after=None
[2024-09-29T08:34:17.648-0500] {logging_mixin.py:190} INFO - [2024-09-29T08:34:17.648-0500] {dag.py:4180} INFO - Setting next_dagrun for dataset_s3_bucket_consumer_with_no_taskflow to None, run_after=None
[2024-09-29T08:34:17.650-0500] {logging_mixin.py:190} INFO - [2024-09-29T08:34:17.649-0500] {dag.py:4180} INFO - Setting next_dagrun for dataset_s3_bucket_producer_with_no_taskflow to None, run_after=None
[2024-09-29T08:34:17.716-0500] {processor.py:208} INFO - Processing /home/d-salamanca/airflow-env/lib/python3.12/site-packages/airflow/example_dags/example_dataset_alias_with_no_taskflow.py took 0.184 seconds
[2024-09-29T08:36:18.124-0500] {processor.py:186} INFO - Started process (PID=30863) to work on /home/d-salamanca/airflow-env/lib/python3.12/site-packages/airflow/example_dags/example_dataset_alias_with_no_taskflow.py
[2024-09-29T08:36:18.537-0500] {processor.py:914} INFO - Processing file /home/d-salamanca/airflow-env/lib/python3.12/site-packages/airflow/example_dags/example_dataset_alias_with_no_taskflow.py for tasks to queue
[2024-09-29T08:36:18.540-0500] {logging_mixin.py:190} INFO - [2024-09-29T08:36:18.540-0500] {dagbag.py:588} INFO - Filling up the DagBag from /home/d-salamanca/airflow-env/lib/python3.12/site-packages/airflow/example_dags/example_dataset_alias_with_no_taskflow.py
[2024-09-29T08:36:18.883-0500] {processor.py:925} INFO - DAG(s) 'dataset_s3_bucket_consumer_with_no_taskflow', 'dataset_alias_example_alias_consumer_with_no_taskflow', 'dataset_s3_bucket_producer_with_no_taskflow', 'dataset_alias_example_alias_producer_with_no_taskflow' retrieved from /home/d-salamanca/airflow-env/lib/python3.12/site-packages/airflow/example_dags/example_dataset_alias_with_no_taskflow.py
[2024-09-29T08:36:18.908-0500] {logging_mixin.py:190} INFO - [2024-09-29T08:36:18.908-0500] {dag.py:3239} INFO - Sync 4 DAGs
[2024-09-29T08:36:18.952-0500] {logging_mixin.py:190} INFO - [2024-09-29T08:36:18.952-0500] {dag.py:4180} INFO - Setting next_dagrun for dataset_alias_example_alias_consumer_with_no_taskflow to None, run_after=None
[2024-09-29T08:36:18.955-0500] {logging_mixin.py:190} INFO - [2024-09-29T08:36:18.954-0500] {dag.py:4180} INFO - Setting next_dagrun for dataset_alias_example_alias_producer_with_no_taskflow to None, run_after=None
[2024-09-29T08:36:18.956-0500] {logging_mixin.py:190} INFO - [2024-09-29T08:36:18.956-0500] {dag.py:4180} INFO - Setting next_dagrun for dataset_s3_bucket_consumer_with_no_taskflow to None, run_after=None
[2024-09-29T08:36:18.957-0500] {logging_mixin.py:190} INFO - [2024-09-29T08:36:18.957-0500] {dag.py:4180} INFO - Setting next_dagrun for dataset_s3_bucket_producer_with_no_taskflow to None, run_after=None
[2024-09-29T08:36:19.084-0500] {processor.py:208} INFO - Processing /home/d-salamanca/airflow-env/lib/python3.12/site-packages/airflow/example_dags/example_dataset_alias_with_no_taskflow.py took 0.968 seconds
[2024-09-29T08:38:21.673-0500] {processor.py:186} INFO - Started process (PID=31064) to work on /home/d-salamanca/airflow-env/lib/python3.12/site-packages/airflow/example_dags/example_dataset_alias_with_no_taskflow.py
[2024-09-29T08:38:21.702-0500] {processor.py:914} INFO - Processing file /home/d-salamanca/airflow-env/lib/python3.12/site-packages/airflow/example_dags/example_dataset_alias_with_no_taskflow.py for tasks to queue
[2024-09-29T08:38:21.709-0500] {logging_mixin.py:190} INFO - [2024-09-29T08:38:21.708-0500] {dagbag.py:588} INFO - Filling up the DagBag from /home/d-salamanca/airflow-env/lib/python3.12/site-packages/airflow/example_dags/example_dataset_alias_with_no_taskflow.py
[2024-09-29T08:38:21.764-0500] {processor.py:925} INFO - DAG(s) 'dataset_s3_bucket_consumer_with_no_taskflow', 'dataset_alias_example_alias_producer_with_no_taskflow', 'dataset_s3_bucket_producer_with_no_taskflow', 'dataset_alias_example_alias_consumer_with_no_taskflow' retrieved from /home/d-salamanca/airflow-env/lib/python3.12/site-packages/airflow/example_dags/example_dataset_alias_with_no_taskflow.py
[2024-09-29T08:38:21.787-0500] {logging_mixin.py:190} INFO - [2024-09-29T08:38:21.787-0500] {dag.py:3239} INFO - Sync 4 DAGs
[2024-09-29T08:38:21.810-0500] {logging_mixin.py:190} INFO - [2024-09-29T08:38:21.810-0500] {dag.py:4180} INFO - Setting next_dagrun for dataset_alias_example_alias_consumer_with_no_taskflow to None, run_after=None
[2024-09-29T08:38:21.812-0500] {logging_mixin.py:190} INFO - [2024-09-29T08:38:21.812-0500] {dag.py:4180} INFO - Setting next_dagrun for dataset_alias_example_alias_producer_with_no_taskflow to None, run_after=None
[2024-09-29T08:38:21.813-0500] {logging_mixin.py:190} INFO - [2024-09-29T08:38:21.813-0500] {dag.py:4180} INFO - Setting next_dagrun for dataset_s3_bucket_consumer_with_no_taskflow to None, run_after=None
[2024-09-29T08:38:21.814-0500] {logging_mixin.py:190} INFO - [2024-09-29T08:38:21.814-0500] {dag.py:4180} INFO - Setting next_dagrun for dataset_s3_bucket_producer_with_no_taskflow to None, run_after=None
[2024-09-29T08:38:21.845-0500] {processor.py:208} INFO - Processing /home/d-salamanca/airflow-env/lib/python3.12/site-packages/airflow/example_dags/example_dataset_alias_with_no_taskflow.py took 0.180 seconds
[2024-09-29T08:39:50.092-0500] {processor.py:186} INFO - Started process (PID=31136) to work on /home/d-salamanca/airflow-env/lib/python3.12/site-packages/airflow/example_dags/example_dataset_alias_with_no_taskflow.py
[2024-09-29T08:39:50.120-0500] {processor.py:914} INFO - Processing file /home/d-salamanca/airflow-env/lib/python3.12/site-packages/airflow/example_dags/example_dataset_alias_with_no_taskflow.py for tasks to queue
[2024-09-29T08:39:50.125-0500] {logging_mixin.py:190} INFO - [2024-09-29T08:39:50.124-0500] {dagbag.py:588} INFO - Filling up the DagBag from /home/d-salamanca/airflow-env/lib/python3.12/site-packages/airflow/example_dags/example_dataset_alias_with_no_taskflow.py
[2024-09-29T08:39:50.155-0500] {processor.py:925} INFO - DAG(s) 'dataset_s3_bucket_producer_with_no_taskflow', 'dataset_alias_example_alias_consumer_with_no_taskflow', 'dataset_s3_bucket_consumer_with_no_taskflow', 'dataset_alias_example_alias_producer_with_no_taskflow' retrieved from /home/d-salamanca/airflow-env/lib/python3.12/site-packages/airflow/example_dags/example_dataset_alias_with_no_taskflow.py
[2024-09-29T08:39:50.178-0500] {logging_mixin.py:190} INFO - [2024-09-29T08:39:50.178-0500] {dag.py:3239} INFO - Sync 4 DAGs
[2024-09-29T08:39:50.202-0500] {logging_mixin.py:190} INFO - [2024-09-29T08:39:50.202-0500] {dag.py:4180} INFO - Setting next_dagrun for dataset_alias_example_alias_consumer_with_no_taskflow to None, run_after=None
[2024-09-29T08:39:50.205-0500] {logging_mixin.py:190} INFO - [2024-09-29T08:39:50.204-0500] {dag.py:4180} INFO - Setting next_dagrun for dataset_alias_example_alias_producer_with_no_taskflow to None, run_after=None
[2024-09-29T08:39:50.206-0500] {logging_mixin.py:190} INFO - [2024-09-29T08:39:50.206-0500] {dag.py:4180} INFO - Setting next_dagrun for dataset_s3_bucket_consumer_with_no_taskflow to None, run_after=None
[2024-09-29T08:39:50.207-0500] {logging_mixin.py:190} INFO - [2024-09-29T08:39:50.207-0500] {dag.py:4180} INFO - Setting next_dagrun for dataset_s3_bucket_producer_with_no_taskflow to None, run_after=None
[2024-09-29T08:39:50.252-0500] {processor.py:208} INFO - Processing /home/d-salamanca/airflow-env/lib/python3.12/site-packages/airflow/example_dags/example_dataset_alias_with_no_taskflow.py took 0.168 seconds
[2024-09-29T08:41:25.680-0500] {processor.py:186} INFO - Started process (PID=31214) to work on /home/d-salamanca/airflow-env/lib/python3.12/site-packages/airflow/example_dags/example_dataset_alias_with_no_taskflow.py
[2024-09-29T08:41:25.681-0500] {processor.py:914} INFO - Processing file /home/d-salamanca/airflow-env/lib/python3.12/site-packages/airflow/example_dags/example_dataset_alias_with_no_taskflow.py for tasks to queue
[2024-09-29T08:41:25.684-0500] {logging_mixin.py:190} INFO - [2024-09-29T08:41:25.683-0500] {dagbag.py:588} INFO - Filling up the DagBag from /home/d-salamanca/airflow-env/lib/python3.12/site-packages/airflow/example_dags/example_dataset_alias_with_no_taskflow.py
[2024-09-29T08:41:25.711-0500] {processor.py:925} INFO - DAG(s) 'dataset_s3_bucket_consumer_with_no_taskflow', 'dataset_s3_bucket_producer_with_no_taskflow', 'dataset_alias_example_alias_producer_with_no_taskflow', 'dataset_alias_example_alias_consumer_with_no_taskflow' retrieved from /home/d-salamanca/airflow-env/lib/python3.12/site-packages/airflow/example_dags/example_dataset_alias_with_no_taskflow.py
[2024-09-29T08:41:25.735-0500] {logging_mixin.py:190} INFO - [2024-09-29T08:41:25.734-0500] {dag.py:3239} INFO - Sync 4 DAGs
[2024-09-29T08:41:25.758-0500] {logging_mixin.py:190} INFO - [2024-09-29T08:41:25.758-0500] {dag.py:4180} INFO - Setting next_dagrun for dataset_alias_example_alias_consumer_with_no_taskflow to None, run_after=None
[2024-09-29T08:41:25.761-0500] {logging_mixin.py:190} INFO - [2024-09-29T08:41:25.761-0500] {dag.py:4180} INFO - Setting next_dagrun for dataset_alias_example_alias_producer_with_no_taskflow to None, run_after=None
[2024-09-29T08:41:25.762-0500] {logging_mixin.py:190} INFO - [2024-09-29T08:41:25.762-0500] {dag.py:4180} INFO - Setting next_dagrun for dataset_s3_bucket_consumer_with_no_taskflow to None, run_after=None
[2024-09-29T08:41:25.763-0500] {logging_mixin.py:190} INFO - [2024-09-29T08:41:25.763-0500] {dag.py:4180} INFO - Setting next_dagrun for dataset_s3_bucket_producer_with_no_taskflow to None, run_after=None
[2024-09-29T08:41:25.795-0500] {processor.py:208} INFO - Processing /home/d-salamanca/airflow-env/lib/python3.12/site-packages/airflow/example_dags/example_dataset_alias_with_no_taskflow.py took 0.123 seconds
[2024-09-29T08:42:55.334-0500] {processor.py:186} INFO - Started process (PID=31286) to work on /home/d-salamanca/airflow-env/lib/python3.12/site-packages/airflow/example_dags/example_dataset_alias_with_no_taskflow.py
[2024-09-29T08:42:55.335-0500] {processor.py:914} INFO - Processing file /home/d-salamanca/airflow-env/lib/python3.12/site-packages/airflow/example_dags/example_dataset_alias_with_no_taskflow.py for tasks to queue
[2024-09-29T08:42:55.338-0500] {logging_mixin.py:190} INFO - [2024-09-29T08:42:55.337-0500] {dagbag.py:588} INFO - Filling up the DagBag from /home/d-salamanca/airflow-env/lib/python3.12/site-packages/airflow/example_dags/example_dataset_alias_with_no_taskflow.py
[2024-09-29T08:42:55.366-0500] {processor.py:925} INFO - DAG(s) 'dataset_s3_bucket_producer_with_no_taskflow', 'dataset_s3_bucket_consumer_with_no_taskflow', 'dataset_alias_example_alias_producer_with_no_taskflow', 'dataset_alias_example_alias_consumer_with_no_taskflow' retrieved from /home/d-salamanca/airflow-env/lib/python3.12/site-packages/airflow/example_dags/example_dataset_alias_with_no_taskflow.py
[2024-09-29T08:42:55.389-0500] {logging_mixin.py:190} INFO - [2024-09-29T08:42:55.389-0500] {dag.py:3239} INFO - Sync 4 DAGs
[2024-09-29T08:42:55.411-0500] {logging_mixin.py:190} INFO - [2024-09-29T08:42:55.411-0500] {dag.py:4180} INFO - Setting next_dagrun for dataset_alias_example_alias_consumer_with_no_taskflow to None, run_after=None
[2024-09-29T08:42:55.413-0500] {logging_mixin.py:190} INFO - [2024-09-29T08:42:55.413-0500] {dag.py:4180} INFO - Setting next_dagrun for dataset_alias_example_alias_producer_with_no_taskflow to None, run_after=None
[2024-09-29T08:42:55.414-0500] {logging_mixin.py:190} INFO - [2024-09-29T08:42:55.414-0500] {dag.py:4180} INFO - Setting next_dagrun for dataset_s3_bucket_consumer_with_no_taskflow to None, run_after=None
[2024-09-29T08:42:55.415-0500] {logging_mixin.py:190} INFO - [2024-09-29T08:42:55.415-0500] {dag.py:4180} INFO - Setting next_dagrun for dataset_s3_bucket_producer_with_no_taskflow to None, run_after=None
[2024-09-29T08:42:55.485-0500] {processor.py:208} INFO - Processing /home/d-salamanca/airflow-env/lib/python3.12/site-packages/airflow/example_dags/example_dataset_alias_with_no_taskflow.py took 0.158 seconds
[2024-09-29T08:44:22.640-0500] {processor.py:186} INFO - Started process (PID=31357) to work on /home/d-salamanca/airflow-env/lib/python3.12/site-packages/airflow/example_dags/example_dataset_alias_with_no_taskflow.py
[2024-09-29T08:44:22.641-0500] {processor.py:914} INFO - Processing file /home/d-salamanca/airflow-env/lib/python3.12/site-packages/airflow/example_dags/example_dataset_alias_with_no_taskflow.py for tasks to queue
[2024-09-29T08:44:22.645-0500] {logging_mixin.py:190} INFO - [2024-09-29T08:44:22.644-0500] {dagbag.py:588} INFO - Filling up the DagBag from /home/d-salamanca/airflow-env/lib/python3.12/site-packages/airflow/example_dags/example_dataset_alias_with_no_taskflow.py
[2024-09-29T08:44:22.704-0500] {processor.py:925} INFO - DAG(s) 'dataset_s3_bucket_consumer_with_no_taskflow', 'dataset_alias_example_alias_consumer_with_no_taskflow', 'dataset_alias_example_alias_producer_with_no_taskflow', 'dataset_s3_bucket_producer_with_no_taskflow' retrieved from /home/d-salamanca/airflow-env/lib/python3.12/site-packages/airflow/example_dags/example_dataset_alias_with_no_taskflow.py
[2024-09-29T08:44:22.729-0500] {logging_mixin.py:190} INFO - [2024-09-29T08:44:22.729-0500] {dag.py:3239} INFO - Sync 4 DAGs
[2024-09-29T08:44:22.751-0500] {logging_mixin.py:190} INFO - [2024-09-29T08:44:22.751-0500] {dag.py:4180} INFO - Setting next_dagrun for dataset_alias_example_alias_consumer_with_no_taskflow to None, run_after=None
[2024-09-29T08:44:22.754-0500] {logging_mixin.py:190} INFO - [2024-09-29T08:44:22.754-0500] {dag.py:4180} INFO - Setting next_dagrun for dataset_alias_example_alias_producer_with_no_taskflow to None, run_after=None
[2024-09-29T08:44:22.755-0500] {logging_mixin.py:190} INFO - [2024-09-29T08:44:22.755-0500] {dag.py:4180} INFO - Setting next_dagrun for dataset_s3_bucket_consumer_with_no_taskflow to None, run_after=None
[2024-09-29T08:44:22.756-0500] {logging_mixin.py:190} INFO - [2024-09-29T08:44:22.755-0500] {dag.py:4180} INFO - Setting next_dagrun for dataset_s3_bucket_producer_with_no_taskflow to None, run_after=None
[2024-09-29T08:44:22.800-0500] {processor.py:208} INFO - Processing /home/d-salamanca/airflow-env/lib/python3.12/site-packages/airflow/example_dags/example_dataset_alias_with_no_taskflow.py took 0.168 seconds
[2024-09-29T08:45:46.098-0500] {processor.py:186} INFO - Started process (PID=31440) to work on /home/d-salamanca/airflow-env/lib/python3.12/site-packages/airflow/example_dags/example_dataset_alias_with_no_taskflow.py
[2024-09-29T08:45:46.113-0500] {processor.py:914} INFO - Processing file /home/d-salamanca/airflow-env/lib/python3.12/site-packages/airflow/example_dags/example_dataset_alias_with_no_taskflow.py for tasks to queue
[2024-09-29T08:45:46.116-0500] {logging_mixin.py:190} INFO - [2024-09-29T08:45:46.115-0500] {dagbag.py:588} INFO - Filling up the DagBag from /home/d-salamanca/airflow-env/lib/python3.12/site-packages/airflow/example_dags/example_dataset_alias_with_no_taskflow.py
[2024-09-29T08:45:46.156-0500] {processor.py:925} INFO - DAG(s) 'dataset_alias_example_alias_consumer_with_no_taskflow', 'dataset_s3_bucket_consumer_with_no_taskflow', 'dataset_alias_example_alias_producer_with_no_taskflow', 'dataset_s3_bucket_producer_with_no_taskflow' retrieved from /home/d-salamanca/airflow-env/lib/python3.12/site-packages/airflow/example_dags/example_dataset_alias_with_no_taskflow.py
[2024-09-29T08:45:46.181-0500] {logging_mixin.py:190} INFO - [2024-09-29T08:45:46.180-0500] {dag.py:3239} INFO - Sync 4 DAGs
[2024-09-29T08:45:46.207-0500] {logging_mixin.py:190} INFO - [2024-09-29T08:45:46.207-0500] {dag.py:4180} INFO - Setting next_dagrun for dataset_alias_example_alias_consumer_with_no_taskflow to None, run_after=None
[2024-09-29T08:45:46.210-0500] {logging_mixin.py:190} INFO - [2024-09-29T08:45:46.209-0500] {dag.py:4180} INFO - Setting next_dagrun for dataset_alias_example_alias_producer_with_no_taskflow to None, run_after=None
[2024-09-29T08:45:46.211-0500] {logging_mixin.py:190} INFO - [2024-09-29T08:45:46.211-0500] {dag.py:4180} INFO - Setting next_dagrun for dataset_s3_bucket_consumer_with_no_taskflow to None, run_after=None
[2024-09-29T08:45:46.213-0500] {logging_mixin.py:190} INFO - [2024-09-29T08:45:46.213-0500] {dag.py:4180} INFO - Setting next_dagrun for dataset_s3_bucket_producer_with_no_taskflow to None, run_after=None
[2024-09-29T08:45:46.247-0500] {processor.py:208} INFO - Processing /home/d-salamanca/airflow-env/lib/python3.12/site-packages/airflow/example_dags/example_dataset_alias_with_no_taskflow.py took 0.163 seconds
[2024-09-29T08:47:46.933-0500] {processor.py:186} INFO - Started process (PID=31512) to work on /home/d-salamanca/airflow-env/lib/python3.12/site-packages/airflow/example_dags/example_dataset_alias_with_no_taskflow.py
[2024-09-29T08:47:46.952-0500] {processor.py:914} INFO - Processing file /home/d-salamanca/airflow-env/lib/python3.12/site-packages/airflow/example_dags/example_dataset_alias_with_no_taskflow.py for tasks to queue
[2024-09-29T08:47:46.957-0500] {logging_mixin.py:190} INFO - [2024-09-29T08:47:46.956-0500] {dagbag.py:588} INFO - Filling up the DagBag from /home/d-salamanca/airflow-env/lib/python3.12/site-packages/airflow/example_dags/example_dataset_alias_with_no_taskflow.py
[2024-09-29T08:47:46.990-0500] {processor.py:925} INFO - DAG(s) 'dataset_alias_example_alias_consumer_with_no_taskflow', 'dataset_alias_example_alias_producer_with_no_taskflow', 'dataset_s3_bucket_producer_with_no_taskflow', 'dataset_s3_bucket_consumer_with_no_taskflow' retrieved from /home/d-salamanca/airflow-env/lib/python3.12/site-packages/airflow/example_dags/example_dataset_alias_with_no_taskflow.py
[2024-09-29T08:47:47.013-0500] {logging_mixin.py:190} INFO - [2024-09-29T08:47:47.013-0500] {dag.py:3239} INFO - Sync 4 DAGs
[2024-09-29T08:47:47.035-0500] {logging_mixin.py:190} INFO - [2024-09-29T08:47:47.035-0500] {dag.py:4180} INFO - Setting next_dagrun for dataset_alias_example_alias_consumer_with_no_taskflow to None, run_after=None
[2024-09-29T08:47:47.038-0500] {logging_mixin.py:190} INFO - [2024-09-29T08:47:47.038-0500] {dag.py:4180} INFO - Setting next_dagrun for dataset_alias_example_alias_producer_with_no_taskflow to None, run_after=None
[2024-09-29T08:47:47.039-0500] {logging_mixin.py:190} INFO - [2024-09-29T08:47:47.039-0500] {dag.py:4180} INFO - Setting next_dagrun for dataset_s3_bucket_consumer_with_no_taskflow to None, run_after=None
[2024-09-29T08:47:47.040-0500] {logging_mixin.py:190} INFO - [2024-09-29T08:47:47.039-0500] {dag.py:4180} INFO - Setting next_dagrun for dataset_s3_bucket_producer_with_no_taskflow to None, run_after=None
[2024-09-29T08:47:47.108-0500] {processor.py:208} INFO - Processing /home/d-salamanca/airflow-env/lib/python3.12/site-packages/airflow/example_dags/example_dataset_alias_with_no_taskflow.py took 0.183 seconds
[2024-09-29T08:49:11.982-0500] {processor.py:186} INFO - Started process (PID=31601) to work on /home/d-salamanca/airflow-env/lib/python3.12/site-packages/airflow/example_dags/example_dataset_alias_with_no_taskflow.py
[2024-09-29T08:49:11.986-0500] {processor.py:914} INFO - Processing file /home/d-salamanca/airflow-env/lib/python3.12/site-packages/airflow/example_dags/example_dataset_alias_with_no_taskflow.py for tasks to queue
[2024-09-29T08:49:11.990-0500] {logging_mixin.py:190} INFO - [2024-09-29T08:49:11.989-0500] {dagbag.py:588} INFO - Filling up the DagBag from /home/d-salamanca/airflow-env/lib/python3.12/site-packages/airflow/example_dags/example_dataset_alias_with_no_taskflow.py
[2024-09-29T08:49:12.020-0500] {processor.py:925} INFO - DAG(s) 'dataset_s3_bucket_producer_with_no_taskflow', 'dataset_s3_bucket_consumer_with_no_taskflow', 'dataset_alias_example_alias_producer_with_no_taskflow', 'dataset_alias_example_alias_consumer_with_no_taskflow' retrieved from /home/d-salamanca/airflow-env/lib/python3.12/site-packages/airflow/example_dags/example_dataset_alias_with_no_taskflow.py
[2024-09-29T08:49:12.042-0500] {logging_mixin.py:190} INFO - [2024-09-29T08:49:12.042-0500] {dag.py:3239} INFO - Sync 4 DAGs
[2024-09-29T08:49:12.076-0500] {logging_mixin.py:190} INFO - [2024-09-29T08:49:12.066-0500] {dag.py:4180} INFO - Setting next_dagrun for dataset_alias_example_alias_consumer_with_no_taskflow to None, run_after=None
[2024-09-29T08:49:12.079-0500] {logging_mixin.py:190} INFO - [2024-09-29T08:49:12.078-0500] {dag.py:4180} INFO - Setting next_dagrun for dataset_alias_example_alias_producer_with_no_taskflow to None, run_after=None
[2024-09-29T08:49:12.080-0500] {logging_mixin.py:190} INFO - [2024-09-29T08:49:12.079-0500] {dag.py:4180} INFO - Setting next_dagrun for dataset_s3_bucket_consumer_with_no_taskflow to None, run_after=None
[2024-09-29T08:49:12.080-0500] {logging_mixin.py:190} INFO - [2024-09-29T08:49:12.080-0500] {dag.py:4180} INFO - Setting next_dagrun for dataset_s3_bucket_producer_with_no_taskflow to None, run_after=None
[2024-09-29T08:49:12.162-0500] {processor.py:208} INFO - Processing /home/d-salamanca/airflow-env/lib/python3.12/site-packages/airflow/example_dags/example_dataset_alias_with_no_taskflow.py took 0.186 seconds
[2024-09-29T08:50:42.078-0500] {processor.py:186} INFO - Started process (PID=31691) to work on /home/d-salamanca/airflow-env/lib/python3.12/site-packages/airflow/example_dags/example_dataset_alias_with_no_taskflow.py
[2024-09-29T08:50:42.106-0500] {processor.py:914} INFO - Processing file /home/d-salamanca/airflow-env/lib/python3.12/site-packages/airflow/example_dags/example_dataset_alias_with_no_taskflow.py for tasks to queue
[2024-09-29T08:50:42.111-0500] {logging_mixin.py:190} INFO - [2024-09-29T08:50:42.110-0500] {dagbag.py:588} INFO - Filling up the DagBag from /home/d-salamanca/airflow-env/lib/python3.12/site-packages/airflow/example_dags/example_dataset_alias_with_no_taskflow.py
[2024-09-29T08:50:42.139-0500] {processor.py:925} INFO - DAG(s) 'dataset_alias_example_alias_producer_with_no_taskflow', 'dataset_s3_bucket_consumer_with_no_taskflow', 'dataset_s3_bucket_producer_with_no_taskflow', 'dataset_alias_example_alias_consumer_with_no_taskflow' retrieved from /home/d-salamanca/airflow-env/lib/python3.12/site-packages/airflow/example_dags/example_dataset_alias_with_no_taskflow.py
[2024-09-29T08:50:42.162-0500] {logging_mixin.py:190} INFO - [2024-09-29T08:50:42.162-0500] {dag.py:3239} INFO - Sync 4 DAGs
[2024-09-29T08:50:42.184-0500] {logging_mixin.py:190} INFO - [2024-09-29T08:50:42.184-0500] {dag.py:4180} INFO - Setting next_dagrun for dataset_alias_example_alias_consumer_with_no_taskflow to None, run_after=None
[2024-09-29T08:50:42.187-0500] {logging_mixin.py:190} INFO - [2024-09-29T08:50:42.186-0500] {dag.py:4180} INFO - Setting next_dagrun for dataset_alias_example_alias_producer_with_no_taskflow to None, run_after=None
[2024-09-29T08:50:42.188-0500] {logging_mixin.py:190} INFO - [2024-09-29T08:50:42.187-0500] {dag.py:4180} INFO - Setting next_dagrun for dataset_s3_bucket_consumer_with_no_taskflow to None, run_after=None
[2024-09-29T08:50:42.188-0500] {logging_mixin.py:190} INFO - [2024-09-29T08:50:42.188-0500] {dag.py:4180} INFO - Setting next_dagrun for dataset_s3_bucket_producer_with_no_taskflow to None, run_after=None
[2024-09-29T08:50:42.237-0500] {processor.py:208} INFO - Processing /home/d-salamanca/airflow-env/lib/python3.12/site-packages/airflow/example_dags/example_dataset_alias_with_no_taskflow.py took 0.167 seconds
[2024-09-29T08:53:22.339-0500] {processor.py:186} INFO - Started process (PID=31988) to work on /home/d-salamanca/airflow-env/lib/python3.12/site-packages/airflow/example_dags/example_dataset_alias_with_no_taskflow.py
[2024-09-29T08:53:22.371-0500] {processor.py:914} INFO - Processing file /home/d-salamanca/airflow-env/lib/python3.12/site-packages/airflow/example_dags/example_dataset_alias_with_no_taskflow.py for tasks to queue
[2024-09-29T08:53:22.374-0500] {logging_mixin.py:190} INFO - [2024-09-29T08:53:22.374-0500] {dagbag.py:588} INFO - Filling up the DagBag from /home/d-salamanca/airflow-env/lib/python3.12/site-packages/airflow/example_dags/example_dataset_alias_with_no_taskflow.py
[2024-09-29T08:53:22.438-0500] {processor.py:925} INFO - DAG(s) 'dataset_alias_example_alias_consumer_with_no_taskflow', 'dataset_s3_bucket_consumer_with_no_taskflow', 'dataset_s3_bucket_producer_with_no_taskflow', 'dataset_alias_example_alias_producer_with_no_taskflow' retrieved from /home/d-salamanca/airflow-env/lib/python3.12/site-packages/airflow/example_dags/example_dataset_alias_with_no_taskflow.py
[2024-09-29T08:53:22.461-0500] {logging_mixin.py:190} INFO - [2024-09-29T08:53:22.461-0500] {dag.py:3239} INFO - Sync 4 DAGs
[2024-09-29T08:53:22.506-0500] {logging_mixin.py:190} INFO - [2024-09-29T08:53:22.506-0500] {dag.py:4180} INFO - Setting next_dagrun for dataset_alias_example_alias_consumer_with_no_taskflow to None, run_after=None
[2024-09-29T08:53:22.509-0500] {logging_mixin.py:190} INFO - [2024-09-29T08:53:22.509-0500] {dag.py:4180} INFO - Setting next_dagrun for dataset_alias_example_alias_producer_with_no_taskflow to None, run_after=None
[2024-09-29T08:53:22.510-0500] {logging_mixin.py:190} INFO - [2024-09-29T08:53:22.510-0500] {dag.py:4180} INFO - Setting next_dagrun for dataset_s3_bucket_consumer_with_no_taskflow to None, run_after=None
[2024-09-29T08:53:22.511-0500] {logging_mixin.py:190} INFO - [2024-09-29T08:53:22.510-0500] {dag.py:4180} INFO - Setting next_dagrun for dataset_s3_bucket_producer_with_no_taskflow to None, run_after=None
[2024-09-29T08:53:22.542-0500] {processor.py:208} INFO - Processing /home/d-salamanca/airflow-env/lib/python3.12/site-packages/airflow/example_dags/example_dataset_alias_with_no_taskflow.py took 0.210 seconds
[2024-09-29T08:54:55.739-0500] {processor.py:186} INFO - Started process (PID=32062) to work on /home/d-salamanca/airflow-env/lib/python3.12/site-packages/airflow/example_dags/example_dataset_alias_with_no_taskflow.py
[2024-09-29T08:54:55.755-0500] {processor.py:914} INFO - Processing file /home/d-salamanca/airflow-env/lib/python3.12/site-packages/airflow/example_dags/example_dataset_alias_with_no_taskflow.py for tasks to queue
[2024-09-29T08:54:55.758-0500] {logging_mixin.py:190} INFO - [2024-09-29T08:54:55.758-0500] {dagbag.py:588} INFO - Filling up the DagBag from /home/d-salamanca/airflow-env/lib/python3.12/site-packages/airflow/example_dags/example_dataset_alias_with_no_taskflow.py
[2024-09-29T08:54:55.787-0500] {processor.py:925} INFO - DAG(s) 'dataset_s3_bucket_consumer_with_no_taskflow', 'dataset_s3_bucket_producer_with_no_taskflow', 'dataset_alias_example_alias_consumer_with_no_taskflow', 'dataset_alias_example_alias_producer_with_no_taskflow' retrieved from /home/d-salamanca/airflow-env/lib/python3.12/site-packages/airflow/example_dags/example_dataset_alias_with_no_taskflow.py
[2024-09-29T08:54:55.809-0500] {logging_mixin.py:190} INFO - [2024-09-29T08:54:55.809-0500] {dag.py:3239} INFO - Sync 4 DAGs
[2024-09-29T08:54:55.831-0500] {logging_mixin.py:190} INFO - [2024-09-29T08:54:55.831-0500] {dag.py:4180} INFO - Setting next_dagrun for dataset_alias_example_alias_consumer_with_no_taskflow to None, run_after=None
[2024-09-29T08:54:55.834-0500] {logging_mixin.py:190} INFO - [2024-09-29T08:54:55.833-0500] {dag.py:4180} INFO - Setting next_dagrun for dataset_alias_example_alias_producer_with_no_taskflow to None, run_after=None
[2024-09-29T08:54:55.835-0500] {logging_mixin.py:190} INFO - [2024-09-29T08:54:55.834-0500] {dag.py:4180} INFO - Setting next_dagrun for dataset_s3_bucket_consumer_with_no_taskflow to None, run_after=None
[2024-09-29T08:54:55.835-0500] {logging_mixin.py:190} INFO - [2024-09-29T08:54:55.835-0500] {dag.py:4180} INFO - Setting next_dagrun for dataset_s3_bucket_producer_with_no_taskflow to None, run_after=None
[2024-09-29T08:54:55.919-0500] {processor.py:208} INFO - Processing /home/d-salamanca/airflow-env/lib/python3.12/site-packages/airflow/example_dags/example_dataset_alias_with_no_taskflow.py took 0.189 seconds
[2024-09-29T08:56:38.150-0500] {processor.py:186} INFO - Started process (PID=32141) to work on /home/d-salamanca/airflow-env/lib/python3.12/site-packages/airflow/example_dags/example_dataset_alias_with_no_taskflow.py
[2024-09-29T08:56:38.169-0500] {processor.py:914} INFO - Processing file /home/d-salamanca/airflow-env/lib/python3.12/site-packages/airflow/example_dags/example_dataset_alias_with_no_taskflow.py for tasks to queue
[2024-09-29T08:56:38.175-0500] {logging_mixin.py:190} INFO - [2024-09-29T08:56:38.174-0500] {dagbag.py:588} INFO - Filling up the DagBag from /home/d-salamanca/airflow-env/lib/python3.12/site-packages/airflow/example_dags/example_dataset_alias_with_no_taskflow.py
[2024-09-29T08:56:38.206-0500] {processor.py:925} INFO - DAG(s) 'dataset_alias_example_alias_consumer_with_no_taskflow', 'dataset_s3_bucket_producer_with_no_taskflow', 'dataset_s3_bucket_consumer_with_no_taskflow', 'dataset_alias_example_alias_producer_with_no_taskflow' retrieved from /home/d-salamanca/airflow-env/lib/python3.12/site-packages/airflow/example_dags/example_dataset_alias_with_no_taskflow.py
[2024-09-29T08:56:38.228-0500] {logging_mixin.py:190} INFO - [2024-09-29T08:56:38.228-0500] {dag.py:3239} INFO - Sync 4 DAGs
[2024-09-29T08:56:38.251-0500] {logging_mixin.py:190} INFO - [2024-09-29T08:56:38.251-0500] {dag.py:4180} INFO - Setting next_dagrun for dataset_alias_example_alias_consumer_with_no_taskflow to None, run_after=None
[2024-09-29T08:56:38.253-0500] {logging_mixin.py:190} INFO - [2024-09-29T08:56:38.253-0500] {dag.py:4180} INFO - Setting next_dagrun for dataset_alias_example_alias_producer_with_no_taskflow to None, run_after=None
[2024-09-29T08:56:38.254-0500] {logging_mixin.py:190} INFO - [2024-09-29T08:56:38.254-0500] {dag.py:4180} INFO - Setting next_dagrun for dataset_s3_bucket_consumer_with_no_taskflow to None, run_after=None
[2024-09-29T08:56:38.255-0500] {logging_mixin.py:190} INFO - [2024-09-29T08:56:38.255-0500] {dag.py:4180} INFO - Setting next_dagrun for dataset_s3_bucket_producer_with_no_taskflow to None, run_after=None
[2024-09-29T08:56:38.316-0500] {processor.py:208} INFO - Processing /home/d-salamanca/airflow-env/lib/python3.12/site-packages/airflow/example_dags/example_dataset_alias_with_no_taskflow.py took 0.174 seconds
[2024-09-29T08:58:22.769-0500] {processor.py:186} INFO - Started process (PID=32221) to work on /home/d-salamanca/airflow-env/lib/python3.12/site-packages/airflow/example_dags/example_dataset_alias_with_no_taskflow.py
[2024-09-29T08:58:22.771-0500] {processor.py:914} INFO - Processing file /home/d-salamanca/airflow-env/lib/python3.12/site-packages/airflow/example_dags/example_dataset_alias_with_no_taskflow.py for tasks to queue
[2024-09-29T08:58:22.775-0500] {logging_mixin.py:190} INFO - [2024-09-29T08:58:22.774-0500] {dagbag.py:588} INFO - Filling up the DagBag from /home/d-salamanca/airflow-env/lib/python3.12/site-packages/airflow/example_dags/example_dataset_alias_with_no_taskflow.py
[2024-09-29T08:58:22.808-0500] {processor.py:925} INFO - DAG(s) 'dataset_s3_bucket_producer_with_no_taskflow', 'dataset_s3_bucket_consumer_with_no_taskflow', 'dataset_alias_example_alias_producer_with_no_taskflow', 'dataset_alias_example_alias_consumer_with_no_taskflow' retrieved from /home/d-salamanca/airflow-env/lib/python3.12/site-packages/airflow/example_dags/example_dataset_alias_with_no_taskflow.py
[2024-09-29T08:58:22.833-0500] {logging_mixin.py:190} INFO - [2024-09-29T08:58:22.833-0500] {dag.py:3239} INFO - Sync 4 DAGs
[2024-09-29T08:58:22.856-0500] {logging_mixin.py:190} INFO - [2024-09-29T08:58:22.856-0500] {dag.py:4180} INFO - Setting next_dagrun for dataset_alias_example_alias_consumer_with_no_taskflow to None, run_after=None
[2024-09-29T08:58:22.858-0500] {logging_mixin.py:190} INFO - [2024-09-29T08:58:22.858-0500] {dag.py:4180} INFO - Setting next_dagrun for dataset_alias_example_alias_producer_with_no_taskflow to None, run_after=None
[2024-09-29T08:58:22.860-0500] {logging_mixin.py:190} INFO - [2024-09-29T08:58:22.860-0500] {dag.py:4180} INFO - Setting next_dagrun for dataset_s3_bucket_consumer_with_no_taskflow to None, run_after=None
[2024-09-29T08:58:22.861-0500] {logging_mixin.py:190} INFO - [2024-09-29T08:58:22.861-0500] {dag.py:4180} INFO - Setting next_dagrun for dataset_s3_bucket_producer_with_no_taskflow to None, run_after=None
[2024-09-29T08:58:22.906-0500] {processor.py:208} INFO - Processing /home/d-salamanca/airflow-env/lib/python3.12/site-packages/airflow/example_dags/example_dataset_alias_with_no_taskflow.py took 0.145 seconds
[2024-09-29T09:00:20.501-0500] {processor.py:186} INFO - Started process (PID=32481) to work on /home/d-salamanca/airflow-env/lib/python3.12/site-packages/airflow/example_dags/example_dataset_alias_with_no_taskflow.py
[2024-09-29T09:00:20.591-0500] {processor.py:914} INFO - Processing file /home/d-salamanca/airflow-env/lib/python3.12/site-packages/airflow/example_dags/example_dataset_alias_with_no_taskflow.py for tasks to queue
[2024-09-29T09:00:20.598-0500] {logging_mixin.py:190} INFO - [2024-09-29T09:00:20.596-0500] {dagbag.py:588} INFO - Filling up the DagBag from /home/d-salamanca/airflow-env/lib/python3.12/site-packages/airflow/example_dags/example_dataset_alias_with_no_taskflow.py
[2024-09-29T09:00:20.846-0500] {processor.py:925} INFO - DAG(s) 'dataset_alias_example_alias_producer_with_no_taskflow', 'dataset_alias_example_alias_consumer_with_no_taskflow', 'dataset_s3_bucket_producer_with_no_taskflow', 'dataset_s3_bucket_consumer_with_no_taskflow' retrieved from /home/d-salamanca/airflow-env/lib/python3.12/site-packages/airflow/example_dags/example_dataset_alias_with_no_taskflow.py
[2024-09-29T09:00:20.875-0500] {logging_mixin.py:190} INFO - [2024-09-29T09:00:20.874-0500] {dag.py:3239} INFO - Sync 4 DAGs
[2024-09-29T09:00:20.934-0500] {logging_mixin.py:190} INFO - [2024-09-29T09:00:20.934-0500] {dag.py:4180} INFO - Setting next_dagrun for dataset_alias_example_alias_consumer_with_no_taskflow to None, run_after=None
[2024-09-29T09:00:20.936-0500] {logging_mixin.py:190} INFO - [2024-09-29T09:00:20.936-0500] {dag.py:4180} INFO - Setting next_dagrun for dataset_alias_example_alias_producer_with_no_taskflow to None, run_after=None
[2024-09-29T09:00:20.937-0500] {logging_mixin.py:190} INFO - [2024-09-29T09:00:20.937-0500] {dag.py:4180} INFO - Setting next_dagrun for dataset_s3_bucket_consumer_with_no_taskflow to None, run_after=None
[2024-09-29T09:00:20.938-0500] {logging_mixin.py:190} INFO - [2024-09-29T09:00:20.938-0500] {dag.py:4180} INFO - Setting next_dagrun for dataset_s3_bucket_producer_with_no_taskflow to None, run_after=None
[2024-09-29T09:00:21.356-0500] {processor.py:208} INFO - Processing /home/d-salamanca/airflow-env/lib/python3.12/site-packages/airflow/example_dags/example_dataset_alias_with_no_taskflow.py took 0.866 seconds
[2024-09-29T09:02:05.918-0500] {processor.py:186} INFO - Started process (PID=32602) to work on /home/d-salamanca/airflow-env/lib/python3.12/site-packages/airflow/example_dags/example_dataset_alias_with_no_taskflow.py
[2024-09-29T09:02:05.960-0500] {processor.py:914} INFO - Processing file /home/d-salamanca/airflow-env/lib/python3.12/site-packages/airflow/example_dags/example_dataset_alias_with_no_taskflow.py for tasks to queue
[2024-09-29T09:02:05.965-0500] {logging_mixin.py:190} INFO - [2024-09-29T09:02:05.964-0500] {dagbag.py:588} INFO - Filling up the DagBag from /home/d-salamanca/airflow-env/lib/python3.12/site-packages/airflow/example_dags/example_dataset_alias_with_no_taskflow.py
[2024-09-29T09:02:06.226-0500] {processor.py:925} INFO - DAG(s) 'dataset_alias_example_alias_consumer_with_no_taskflow', 'dataset_alias_example_alias_producer_with_no_taskflow', 'dataset_s3_bucket_producer_with_no_taskflow', 'dataset_s3_bucket_consumer_with_no_taskflow' retrieved from /home/d-salamanca/airflow-env/lib/python3.12/site-packages/airflow/example_dags/example_dataset_alias_with_no_taskflow.py
[2024-09-29T09:02:06.251-0500] {logging_mixin.py:190} INFO - [2024-09-29T09:02:06.251-0500] {dag.py:3239} INFO - Sync 4 DAGs
[2024-09-29T09:02:06.273-0500] {logging_mixin.py:190} INFO - [2024-09-29T09:02:06.273-0500] {dag.py:4180} INFO - Setting next_dagrun for dataset_alias_example_alias_consumer_with_no_taskflow to None, run_after=None
[2024-09-29T09:02:06.276-0500] {logging_mixin.py:190} INFO - [2024-09-29T09:02:06.275-0500] {dag.py:4180} INFO - Setting next_dagrun for dataset_alias_example_alias_producer_with_no_taskflow to None, run_after=None
[2024-09-29T09:02:06.277-0500] {logging_mixin.py:190} INFO - [2024-09-29T09:02:06.277-0500] {dag.py:4180} INFO - Setting next_dagrun for dataset_s3_bucket_consumer_with_no_taskflow to None, run_after=None
[2024-09-29T09:02:06.278-0500] {logging_mixin.py:190} INFO - [2024-09-29T09:02:06.277-0500] {dag.py:4180} INFO - Setting next_dagrun for dataset_s3_bucket_producer_with_no_taskflow to None, run_after=None
[2024-09-29T09:02:06.323-0500] {processor.py:208} INFO - Processing /home/d-salamanca/airflow-env/lib/python3.12/site-packages/airflow/example_dags/example_dataset_alias_with_no_taskflow.py took 0.417 seconds
[2024-09-29T09:03:30.196-0500] {processor.py:186} INFO - Started process (PID=32673) to work on /home/d-salamanca/airflow-env/lib/python3.12/site-packages/airflow/example_dags/example_dataset_alias_with_no_taskflow.py
[2024-09-29T09:03:30.206-0500] {processor.py:914} INFO - Processing file /home/d-salamanca/airflow-env/lib/python3.12/site-packages/airflow/example_dags/example_dataset_alias_with_no_taskflow.py for tasks to queue
[2024-09-29T09:03:30.209-0500] {logging_mixin.py:190} INFO - [2024-09-29T09:03:30.208-0500] {dagbag.py:588} INFO - Filling up the DagBag from /home/d-salamanca/airflow-env/lib/python3.12/site-packages/airflow/example_dags/example_dataset_alias_with_no_taskflow.py
[2024-09-29T09:03:30.238-0500] {processor.py:925} INFO - DAG(s) 'dataset_alias_example_alias_producer_with_no_taskflow', 'dataset_alias_example_alias_consumer_with_no_taskflow', 'dataset_s3_bucket_producer_with_no_taskflow', 'dataset_s3_bucket_consumer_with_no_taskflow' retrieved from /home/d-salamanca/airflow-env/lib/python3.12/site-packages/airflow/example_dags/example_dataset_alias_with_no_taskflow.py
[2024-09-29T09:03:30.265-0500] {logging_mixin.py:190} INFO - [2024-09-29T09:03:30.264-0500] {dag.py:3239} INFO - Sync 4 DAGs
[2024-09-29T09:03:30.291-0500] {logging_mixin.py:190} INFO - [2024-09-29T09:03:30.291-0500] {dag.py:4180} INFO - Setting next_dagrun for dataset_alias_example_alias_consumer_with_no_taskflow to None, run_after=None
[2024-09-29T09:03:30.293-0500] {logging_mixin.py:190} INFO - [2024-09-29T09:03:30.293-0500] {dag.py:4180} INFO - Setting next_dagrun for dataset_alias_example_alias_producer_with_no_taskflow to None, run_after=None
[2024-09-29T09:03:30.294-0500] {logging_mixin.py:190} INFO - [2024-09-29T09:03:30.294-0500] {dag.py:4180} INFO - Setting next_dagrun for dataset_s3_bucket_consumer_with_no_taskflow to None, run_after=None
[2024-09-29T09:03:30.295-0500] {logging_mixin.py:190} INFO - [2024-09-29T09:03:30.295-0500] {dag.py:4180} INFO - Setting next_dagrun for dataset_s3_bucket_producer_with_no_taskflow to None, run_after=None
[2024-09-29T09:03:30.346-0500] {processor.py:208} INFO - Processing /home/d-salamanca/airflow-env/lib/python3.12/site-packages/airflow/example_dags/example_dataset_alias_with_no_taskflow.py took 0.159 seconds
[2024-09-29T09:05:18.115-0500] {processor.py:186} INFO - Started process (PID=33022) to work on /home/d-salamanca/airflow-env/lib/python3.12/site-packages/airflow/example_dags/example_dataset_alias_with_no_taskflow.py
[2024-09-29T09:05:18.178-0500] {processor.py:914} INFO - Processing file /home/d-salamanca/airflow-env/lib/python3.12/site-packages/airflow/example_dags/example_dataset_alias_with_no_taskflow.py for tasks to queue
[2024-09-29T09:05:18.184-0500] {logging_mixin.py:190} INFO - [2024-09-29T09:05:18.183-0500] {dagbag.py:588} INFO - Filling up the DagBag from /home/d-salamanca/airflow-env/lib/python3.12/site-packages/airflow/example_dags/example_dataset_alias_with_no_taskflow.py
[2024-09-29T09:05:18.321-0500] {processor.py:925} INFO - DAG(s) 'dataset_alias_example_alias_consumer_with_no_taskflow', 'dataset_s3_bucket_consumer_with_no_taskflow', 'dataset_alias_example_alias_producer_with_no_taskflow', 'dataset_s3_bucket_producer_with_no_taskflow' retrieved from /home/d-salamanca/airflow-env/lib/python3.12/site-packages/airflow/example_dags/example_dataset_alias_with_no_taskflow.py
[2024-09-29T09:05:18.345-0500] {logging_mixin.py:190} INFO - [2024-09-29T09:05:18.345-0500] {dag.py:3239} INFO - Sync 4 DAGs
[2024-09-29T09:05:18.405-0500] {logging_mixin.py:190} INFO - [2024-09-29T09:05:18.405-0500] {dag.py:4180} INFO - Setting next_dagrun for dataset_alias_example_alias_consumer_with_no_taskflow to None, run_after=None
[2024-09-29T09:05:18.408-0500] {logging_mixin.py:190} INFO - [2024-09-29T09:05:18.408-0500] {dag.py:4180} INFO - Setting next_dagrun for dataset_alias_example_alias_producer_with_no_taskflow to None, run_after=None
[2024-09-29T09:05:18.409-0500] {logging_mixin.py:190} INFO - [2024-09-29T09:05:18.409-0500] {dag.py:4180} INFO - Setting next_dagrun for dataset_s3_bucket_consumer_with_no_taskflow to None, run_after=None
[2024-09-29T09:05:18.410-0500] {logging_mixin.py:190} INFO - [2024-09-29T09:05:18.409-0500] {dag.py:4180} INFO - Setting next_dagrun for dataset_s3_bucket_producer_with_no_taskflow to None, run_after=None
[2024-09-29T09:05:18.511-0500] {processor.py:208} INFO - Processing /home/d-salamanca/airflow-env/lib/python3.12/site-packages/airflow/example_dags/example_dataset_alias_with_no_taskflow.py took 0.407 seconds
[2024-09-29T09:07:26.983-0500] {processor.py:186} INFO - Started process (PID=33110) to work on /home/d-salamanca/airflow-env/lib/python3.12/site-packages/airflow/example_dags/example_dataset_alias_with_no_taskflow.py
[2024-09-29T09:07:26.996-0500] {processor.py:914} INFO - Processing file /home/d-salamanca/airflow-env/lib/python3.12/site-packages/airflow/example_dags/example_dataset_alias_with_no_taskflow.py for tasks to queue
[2024-09-29T09:07:27.000-0500] {logging_mixin.py:190} INFO - [2024-09-29T09:07:26.999-0500] {dagbag.py:588} INFO - Filling up the DagBag from /home/d-salamanca/airflow-env/lib/python3.12/site-packages/airflow/example_dags/example_dataset_alias_with_no_taskflow.py
[2024-09-29T09:07:27.035-0500] {processor.py:925} INFO - DAG(s) 'dataset_s3_bucket_consumer_with_no_taskflow', 'dataset_alias_example_alias_producer_with_no_taskflow', 'dataset_alias_example_alias_consumer_with_no_taskflow', 'dataset_s3_bucket_producer_with_no_taskflow' retrieved from /home/d-salamanca/airflow-env/lib/python3.12/site-packages/airflow/example_dags/example_dataset_alias_with_no_taskflow.py
[2024-09-29T09:07:27.063-0500] {logging_mixin.py:190} INFO - [2024-09-29T09:07:27.063-0500] {dag.py:3239} INFO - Sync 4 DAGs
[2024-09-29T09:07:27.091-0500] {logging_mixin.py:190} INFO - [2024-09-29T09:07:27.091-0500] {dag.py:4180} INFO - Setting next_dagrun for dataset_alias_example_alias_consumer_with_no_taskflow to None, run_after=None
[2024-09-29T09:07:27.094-0500] {logging_mixin.py:190} INFO - [2024-09-29T09:07:27.093-0500] {dag.py:4180} INFO - Setting next_dagrun for dataset_alias_example_alias_producer_with_no_taskflow to None, run_after=None
[2024-09-29T09:07:27.095-0500] {logging_mixin.py:190} INFO - [2024-09-29T09:07:27.095-0500] {dag.py:4180} INFO - Setting next_dagrun for dataset_s3_bucket_consumer_with_no_taskflow to None, run_after=None
[2024-09-29T09:07:27.096-0500] {logging_mixin.py:190} INFO - [2024-09-29T09:07:27.095-0500] {dag.py:4180} INFO - Setting next_dagrun for dataset_s3_bucket_producer_with_no_taskflow to None, run_after=None
[2024-09-29T09:07:27.143-0500] {processor.py:208} INFO - Processing /home/d-salamanca/airflow-env/lib/python3.12/site-packages/airflow/example_dags/example_dataset_alias_with_no_taskflow.py took 0.170 seconds
