[2024-09-29T00:19:28.988-0500] {processor.py:186} INFO - Started process (PID=28634) to work on /home/d-salamanca/airflow-env/lib/python3.12/site-packages/airflow/example_dags/example_latest_only_with_trigger.py
[2024-09-29T00:19:28.989-0500] {processor.py:914} INFO - Processing file /home/d-salamanca/airflow-env/lib/python3.12/site-packages/airflow/example_dags/example_latest_only_with_trigger.py for tasks to queue
[2024-09-29T00:19:28.992-0500] {logging_mixin.py:190} INFO - [2024-09-29T00:19:28.991-0500] {dagbag.py:588} INFO - Filling up the DagBag from /home/d-salamanca/airflow-env/lib/python3.12/site-packages/airflow/example_dags/example_latest_only_with_trigger.py
[2024-09-29T00:19:29.028-0500] {processor.py:925} INFO - DAG(s) 'latest_only_with_trigger' retrieved from /home/d-salamanca/airflow-env/lib/python3.12/site-packages/airflow/example_dags/example_latest_only_with_trigger.py
[2024-09-29T00:19:29.172-0500] {logging_mixin.py:190} INFO - [2024-09-29T00:19:29.171-0500] {override.py:1901} INFO - Created Permission View: can edit on DAG:latest_only_with_trigger
[2024-09-29T00:19:29.191-0500] {logging_mixin.py:190} INFO - [2024-09-29T00:19:29.190-0500] {override.py:1901} INFO - Created Permission View: can read on DAG:latest_only_with_trigger
[2024-09-29T00:19:29.200-0500] {logging_mixin.py:190} INFO - [2024-09-29T00:19:29.200-0500] {override.py:1901} INFO - Created Permission View: can delete on DAG:latest_only_with_trigger
[2024-09-29T00:19:29.232-0500] {logging_mixin.py:190} INFO - [2024-09-29T00:19:29.231-0500] {override.py:1901} INFO - Created Permission View: can create on DAG Run:latest_only_with_trigger
[2024-09-29T00:19:29.252-0500] {logging_mixin.py:190} INFO - [2024-09-29T00:19:29.252-0500] {override.py:1901} INFO - Created Permission View: can read on DAG Run:latest_only_with_trigger
[2024-09-29T00:19:29.274-0500] {logging_mixin.py:190} INFO - [2024-09-29T00:19:29.273-0500] {override.py:1901} INFO - Created Permission View: can delete on DAG Run:latest_only_with_trigger
[2024-09-29T00:19:29.294-0500] {logging_mixin.py:190} INFO - [2024-09-29T00:19:29.294-0500] {override.py:1901} INFO - Created Permission View: menu access on DAG Run:latest_only_with_trigger
[2024-09-29T00:19:29.295-0500] {logging_mixin.py:190} INFO - [2024-09-29T00:19:29.294-0500] {dag.py:3239} INFO - Sync 1 DAGs
[2024-09-29T00:19:29.308-0500] {logging_mixin.py:190} INFO - [2024-09-29T00:19:29.308-0500] {dag.py:3262} INFO - Creating ORM DAG for latest_only_with_trigger
[2024-09-29T00:19:29.317-0500] {logging_mixin.py:190} INFO - [2024-09-29T00:19:29.317-0500] {dag.py:4180} INFO - Setting next_dagrun for latest_only_with_trigger to 2024-09-29 00:00:00+00:00, run_after=2024-09-29 04:00:00+00:00
[2024-09-29T00:19:29.338-0500] {processor.py:208} INFO - Processing /home/d-salamanca/airflow-env/lib/python3.12/site-packages/airflow/example_dags/example_latest_only_with_trigger.py took 0.357 seconds
[2024-09-29T00:20:51.160-0500] {processor.py:186} INFO - Started process (PID=28709) to work on /home/d-salamanca/airflow-env/lib/python3.12/site-packages/airflow/example_dags/example_latest_only_with_trigger.py
[2024-09-29T00:20:51.178-0500] {processor.py:914} INFO - Processing file /home/d-salamanca/airflow-env/lib/python3.12/site-packages/airflow/example_dags/example_latest_only_with_trigger.py for tasks to queue
[2024-09-29T00:20:51.181-0500] {logging_mixin.py:190} INFO - [2024-09-29T00:20:51.180-0500] {dagbag.py:588} INFO - Filling up the DagBag from /home/d-salamanca/airflow-env/lib/python3.12/site-packages/airflow/example_dags/example_latest_only_with_trigger.py
[2024-09-29T00:20:51.192-0500] {processor.py:925} INFO - DAG(s) 'latest_only_with_trigger' retrieved from /home/d-salamanca/airflow-env/lib/python3.12/site-packages/airflow/example_dags/example_latest_only_with_trigger.py
[2024-09-29T00:20:51.212-0500] {logging_mixin.py:190} INFO - [2024-09-29T00:20:51.211-0500] {dag.py:3239} INFO - Sync 1 DAGs
[2024-09-29T00:20:51.237-0500] {logging_mixin.py:190} INFO - [2024-09-29T00:20:51.237-0500] {dag.py:4180} INFO - Setting next_dagrun for latest_only_with_trigger to 2024-09-29 00:00:00+00:00, run_after=2024-09-29 04:00:00+00:00
[2024-09-29T00:20:51.307-0500] {processor.py:208} INFO - Processing /home/d-salamanca/airflow-env/lib/python3.12/site-packages/airflow/example_dags/example_latest_only_with_trigger.py took 0.155 seconds
[2024-09-29T00:22:35.462-0500] {processor.py:186} INFO - Started process (PID=28783) to work on /home/d-salamanca/airflow-env/lib/python3.12/site-packages/airflow/example_dags/example_latest_only_with_trigger.py
[2024-09-29T00:22:35.492-0500] {processor.py:914} INFO - Processing file /home/d-salamanca/airflow-env/lib/python3.12/site-packages/airflow/example_dags/example_latest_only_with_trigger.py for tasks to queue
[2024-09-29T00:22:35.497-0500] {logging_mixin.py:190} INFO - [2024-09-29T00:22:35.496-0500] {dagbag.py:588} INFO - Filling up the DagBag from /home/d-salamanca/airflow-env/lib/python3.12/site-packages/airflow/example_dags/example_latest_only_with_trigger.py
[2024-09-29T00:22:35.511-0500] {processor.py:925} INFO - DAG(s) 'latest_only_with_trigger' retrieved from /home/d-salamanca/airflow-env/lib/python3.12/site-packages/airflow/example_dags/example_latest_only_with_trigger.py
[2024-09-29T00:22:35.531-0500] {logging_mixin.py:190} INFO - [2024-09-29T00:22:35.531-0500] {dag.py:3239} INFO - Sync 1 DAGs
[2024-09-29T00:22:35.553-0500] {logging_mixin.py:190} INFO - [2024-09-29T00:22:35.553-0500] {dag.py:4180} INFO - Setting next_dagrun for latest_only_with_trigger to 2024-09-29 00:00:00+00:00, run_after=2024-09-29 04:00:00+00:00
[2024-09-29T00:22:35.583-0500] {processor.py:208} INFO - Processing /home/d-salamanca/airflow-env/lib/python3.12/site-packages/airflow/example_dags/example_latest_only_with_trigger.py took 0.128 seconds
[2024-09-29T00:24:01.111-0500] {processor.py:186} INFO - Started process (PID=28855) to work on /home/d-salamanca/airflow-env/lib/python3.12/site-packages/airflow/example_dags/example_latest_only_with_trigger.py
[2024-09-29T00:24:01.131-0500] {processor.py:914} INFO - Processing file /home/d-salamanca/airflow-env/lib/python3.12/site-packages/airflow/example_dags/example_latest_only_with_trigger.py for tasks to queue
[2024-09-29T00:24:01.134-0500] {logging_mixin.py:190} INFO - [2024-09-29T00:24:01.133-0500] {dagbag.py:588} INFO - Filling up the DagBag from /home/d-salamanca/airflow-env/lib/python3.12/site-packages/airflow/example_dags/example_latest_only_with_trigger.py
[2024-09-29T00:24:01.146-0500] {processor.py:925} INFO - DAG(s) 'latest_only_with_trigger' retrieved from /home/d-salamanca/airflow-env/lib/python3.12/site-packages/airflow/example_dags/example_latest_only_with_trigger.py
[2024-09-29T00:24:01.165-0500] {logging_mixin.py:190} INFO - [2024-09-29T00:24:01.164-0500] {dag.py:3239} INFO - Sync 1 DAGs
[2024-09-29T00:24:01.186-0500] {logging_mixin.py:190} INFO - [2024-09-29T00:24:01.185-0500] {dag.py:4180} INFO - Setting next_dagrun for latest_only_with_trigger to 2024-09-29 00:00:00+00:00, run_after=2024-09-29 04:00:00+00:00
[2024-09-29T00:24:01.293-0500] {processor.py:208} INFO - Processing /home/d-salamanca/airflow-env/lib/python3.12/site-packages/airflow/example_dags/example_latest_only_with_trigger.py took 0.190 seconds
[2024-09-29T00:25:24.822-0500] {processor.py:186} INFO - Started process (PID=28927) to work on /home/d-salamanca/airflow-env/lib/python3.12/site-packages/airflow/example_dags/example_latest_only_with_trigger.py
[2024-09-29T00:25:24.823-0500] {processor.py:914} INFO - Processing file /home/d-salamanca/airflow-env/lib/python3.12/site-packages/airflow/example_dags/example_latest_only_with_trigger.py for tasks to queue
[2024-09-29T00:25:24.826-0500] {logging_mixin.py:190} INFO - [2024-09-29T00:25:24.825-0500] {dagbag.py:588} INFO - Filling up the DagBag from /home/d-salamanca/airflow-env/lib/python3.12/site-packages/airflow/example_dags/example_latest_only_with_trigger.py
[2024-09-29T00:25:24.834-0500] {processor.py:925} INFO - DAG(s) 'latest_only_with_trigger' retrieved from /home/d-salamanca/airflow-env/lib/python3.12/site-packages/airflow/example_dags/example_latest_only_with_trigger.py
[2024-09-29T00:25:24.852-0500] {logging_mixin.py:190} INFO - [2024-09-29T00:25:24.852-0500] {dag.py:3239} INFO - Sync 1 DAGs
[2024-09-29T00:25:24.988-0500] {logging_mixin.py:190} INFO - [2024-09-29T00:25:24.988-0500] {dag.py:4180} INFO - Setting next_dagrun for latest_only_with_trigger to 2024-09-29 00:00:00+00:00, run_after=2024-09-29 04:00:00+00:00
[2024-09-29T00:25:25.076-0500] {processor.py:208} INFO - Processing /home/d-salamanca/airflow-env/lib/python3.12/site-packages/airflow/example_dags/example_latest_only_with_trigger.py took 0.262 seconds
[2024-09-29T00:27:02.463-0500] {processor.py:186} INFO - Started process (PID=29048) to work on /home/d-salamanca/airflow-env/lib/python3.12/site-packages/airflow/example_dags/example_latest_only_with_trigger.py
[2024-09-29T00:27:02.472-0500] {processor.py:914} INFO - Processing file /home/d-salamanca/airflow-env/lib/python3.12/site-packages/airflow/example_dags/example_latest_only_with_trigger.py for tasks to queue
[2024-09-29T00:27:02.476-0500] {logging_mixin.py:190} INFO - [2024-09-29T00:27:02.475-0500] {dagbag.py:588} INFO - Filling up the DagBag from /home/d-salamanca/airflow-env/lib/python3.12/site-packages/airflow/example_dags/example_latest_only_with_trigger.py
[2024-09-29T00:27:02.487-0500] {processor.py:925} INFO - DAG(s) 'latest_only_with_trigger' retrieved from /home/d-salamanca/airflow-env/lib/python3.12/site-packages/airflow/example_dags/example_latest_only_with_trigger.py
[2024-09-29T00:27:02.508-0500] {logging_mixin.py:190} INFO - [2024-09-29T00:27:02.507-0500] {dag.py:3239} INFO - Sync 1 DAGs
[2024-09-29T00:27:02.532-0500] {logging_mixin.py:190} INFO - [2024-09-29T00:27:02.532-0500] {dag.py:4180} INFO - Setting next_dagrun for latest_only_with_trigger to 2024-09-29 00:00:00+00:00, run_after=2024-09-29 04:00:00+00:00
[2024-09-29T00:27:02.609-0500] {processor.py:208} INFO - Processing /home/d-salamanca/airflow-env/lib/python3.12/site-packages/airflow/example_dags/example_latest_only_with_trigger.py took 0.154 seconds
[2024-09-29T00:28:43.961-0500] {processor.py:186} INFO - Started process (PID=29166) to work on /home/d-salamanca/airflow-env/lib/python3.12/site-packages/airflow/example_dags/example_latest_only_with_trigger.py
[2024-09-29T00:28:44.001-0500] {processor.py:914} INFO - Processing file /home/d-salamanca/airflow-env/lib/python3.12/site-packages/airflow/example_dags/example_latest_only_with_trigger.py for tasks to queue
[2024-09-29T00:28:44.006-0500] {logging_mixin.py:190} INFO - [2024-09-29T00:28:44.005-0500] {dagbag.py:588} INFO - Filling up the DagBag from /home/d-salamanca/airflow-env/lib/python3.12/site-packages/airflow/example_dags/example_latest_only_with_trigger.py
[2024-09-29T00:28:44.017-0500] {processor.py:925} INFO - DAG(s) 'latest_only_with_trigger' retrieved from /home/d-salamanca/airflow-env/lib/python3.12/site-packages/airflow/example_dags/example_latest_only_with_trigger.py
[2024-09-29T00:28:44.040-0500] {logging_mixin.py:190} INFO - [2024-09-29T00:28:44.039-0500] {dag.py:3239} INFO - Sync 1 DAGs
[2024-09-29T00:28:44.068-0500] {logging_mixin.py:190} INFO - [2024-09-29T00:28:44.068-0500] {dag.py:4180} INFO - Setting next_dagrun for latest_only_with_trigger to 2024-09-29 00:00:00+00:00, run_after=2024-09-29 04:00:00+00:00
[2024-09-29T00:28:44.118-0500] {processor.py:208} INFO - Processing /home/d-salamanca/airflow-env/lib/python3.12/site-packages/airflow/example_dags/example_latest_only_with_trigger.py took 0.167 seconds
[2024-09-29T00:31:14.161-0500] {processor.py:186} INFO - Started process (PID=29304) to work on /home/d-salamanca/airflow-env/lib/python3.12/site-packages/airflow/example_dags/example_latest_only_with_trigger.py
[2024-09-29T00:31:14.179-0500] {processor.py:914} INFO - Processing file /home/d-salamanca/airflow-env/lib/python3.12/site-packages/airflow/example_dags/example_latest_only_with_trigger.py for tasks to queue
[2024-09-29T00:31:14.183-0500] {logging_mixin.py:190} INFO - [2024-09-29T00:31:14.182-0500] {dagbag.py:588} INFO - Filling up the DagBag from /home/d-salamanca/airflow-env/lib/python3.12/site-packages/airflow/example_dags/example_latest_only_with_trigger.py
[2024-09-29T00:31:14.219-0500] {processor.py:925} INFO - DAG(s) 'latest_only_with_trigger' retrieved from /home/d-salamanca/airflow-env/lib/python3.12/site-packages/airflow/example_dags/example_latest_only_with_trigger.py
[2024-09-29T00:31:14.239-0500] {logging_mixin.py:190} INFO - [2024-09-29T00:31:14.239-0500] {dag.py:3239} INFO - Sync 1 DAGs
[2024-09-29T00:31:14.274-0500] {logging_mixin.py:190} INFO - [2024-09-29T00:31:14.273-0500] {dag.py:4180} INFO - Setting next_dagrun for latest_only_with_trigger to 2024-09-29 00:00:00+00:00, run_after=2024-09-29 04:00:00+00:00
[2024-09-29T00:31:14.761-0500] {processor.py:208} INFO - Processing /home/d-salamanca/airflow-env/lib/python3.12/site-packages/airflow/example_dags/example_latest_only_with_trigger.py took 0.609 seconds
[2024-09-29T00:32:44.301-0500] {processor.py:186} INFO - Started process (PID=29380) to work on /home/d-salamanca/airflow-env/lib/python3.12/site-packages/airflow/example_dags/example_latest_only_with_trigger.py
[2024-09-29T00:32:44.315-0500] {processor.py:914} INFO - Processing file /home/d-salamanca/airflow-env/lib/python3.12/site-packages/airflow/example_dags/example_latest_only_with_trigger.py for tasks to queue
[2024-09-29T00:32:44.318-0500] {logging_mixin.py:190} INFO - [2024-09-29T00:32:44.318-0500] {dagbag.py:588} INFO - Filling up the DagBag from /home/d-salamanca/airflow-env/lib/python3.12/site-packages/airflow/example_dags/example_latest_only_with_trigger.py
[2024-09-29T00:32:44.329-0500] {processor.py:925} INFO - DAG(s) 'latest_only_with_trigger' retrieved from /home/d-salamanca/airflow-env/lib/python3.12/site-packages/airflow/example_dags/example_latest_only_with_trigger.py
[2024-09-29T00:32:44.349-0500] {logging_mixin.py:190} INFO - [2024-09-29T00:32:44.348-0500] {dag.py:3239} INFO - Sync 1 DAGs
[2024-09-29T00:32:44.372-0500] {logging_mixin.py:190} INFO - [2024-09-29T00:32:44.372-0500] {dag.py:4180} INFO - Setting next_dagrun for latest_only_with_trigger to 2024-09-29 00:00:00+00:00, run_after=2024-09-29 04:00:00+00:00
[2024-09-29T00:32:44.510-0500] {processor.py:208} INFO - Processing /home/d-salamanca/airflow-env/lib/python3.12/site-packages/airflow/example_dags/example_latest_only_with_trigger.py took 0.216 seconds
[2024-09-29T00:34:12.729-0500] {processor.py:186} INFO - Started process (PID=29488) to work on /home/d-salamanca/airflow-env/lib/python3.12/site-packages/airflow/example_dags/example_latest_only_with_trigger.py
[2024-09-29T00:34:12.745-0500] {processor.py:914} INFO - Processing file /home/d-salamanca/airflow-env/lib/python3.12/site-packages/airflow/example_dags/example_latest_only_with_trigger.py for tasks to queue
[2024-09-29T00:34:12.748-0500] {logging_mixin.py:190} INFO - [2024-09-29T00:34:12.748-0500] {dagbag.py:588} INFO - Filling up the DagBag from /home/d-salamanca/airflow-env/lib/python3.12/site-packages/airflow/example_dags/example_latest_only_with_trigger.py
[2024-09-29T00:34:12.856-0500] {processor.py:925} INFO - DAG(s) 'latest_only_with_trigger' retrieved from /home/d-salamanca/airflow-env/lib/python3.12/site-packages/airflow/example_dags/example_latest_only_with_trigger.py
[2024-09-29T00:34:12.906-0500] {logging_mixin.py:190} INFO - [2024-09-29T00:34:12.906-0500] {dag.py:3239} INFO - Sync 1 DAGs
[2024-09-29T00:34:12.928-0500] {logging_mixin.py:190} INFO - [2024-09-29T00:34:12.928-0500] {dag.py:4180} INFO - Setting next_dagrun for latest_only_with_trigger to 2024-09-29 00:00:00+00:00, run_after=2024-09-29 04:00:00+00:00
[2024-09-29T00:34:12.972-0500] {processor.py:208} INFO - Processing /home/d-salamanca/airflow-env/lib/python3.12/site-packages/airflow/example_dags/example_latest_only_with_trigger.py took 0.300 seconds
[2024-09-29T08:20:42.576-0500] {processor.py:186} INFO - Started process (PID=29786) to work on /home/d-salamanca/airflow-env/lib/python3.12/site-packages/airflow/example_dags/example_latest_only_with_trigger.py
[2024-09-29T08:20:42.607-0500] {processor.py:914} INFO - Processing file /home/d-salamanca/airflow-env/lib/python3.12/site-packages/airflow/example_dags/example_latest_only_with_trigger.py for tasks to queue
[2024-09-29T08:20:42.612-0500] {logging_mixin.py:190} INFO - [2024-09-29T08:20:42.611-0500] {dagbag.py:588} INFO - Filling up the DagBag from /home/d-salamanca/airflow-env/lib/python3.12/site-packages/airflow/example_dags/example_latest_only_with_trigger.py
[2024-09-29T08:20:42.657-0500] {processor.py:925} INFO - DAG(s) 'latest_only_with_trigger' retrieved from /home/d-salamanca/airflow-env/lib/python3.12/site-packages/airflow/example_dags/example_latest_only_with_trigger.py
[2024-09-29T08:20:42.677-0500] {logging_mixin.py:190} INFO - [2024-09-29T08:20:42.676-0500] {dag.py:3239} INFO - Sync 1 DAGs
[2024-09-29T08:20:42.699-0500] {logging_mixin.py:190} INFO - [2024-09-29T08:20:42.699-0500] {dag.py:4180} INFO - Setting next_dagrun for latest_only_with_trigger to 2024-09-29 08:00:00+00:00, run_after=2024-09-29 12:00:00+00:00
[2024-09-29T08:20:42.739-0500] {processor.py:208} INFO - Processing /home/d-salamanca/airflow-env/lib/python3.12/site-packages/airflow/example_dags/example_latest_only_with_trigger.py took 0.171 seconds
[2024-09-29T08:22:47.766-0500] {processor.py:186} INFO - Started process (PID=29894) to work on /home/d-salamanca/airflow-env/lib/python3.12/site-packages/airflow/example_dags/example_latest_only_with_trigger.py
[2024-09-29T08:22:47.780-0500] {processor.py:914} INFO - Processing file /home/d-salamanca/airflow-env/lib/python3.12/site-packages/airflow/example_dags/example_latest_only_with_trigger.py for tasks to queue
[2024-09-29T08:22:47.783-0500] {logging_mixin.py:190} INFO - [2024-09-29T08:22:47.782-0500] {dagbag.py:588} INFO - Filling up the DagBag from /home/d-salamanca/airflow-env/lib/python3.12/site-packages/airflow/example_dags/example_latest_only_with_trigger.py
[2024-09-29T08:22:47.819-0500] {processor.py:925} INFO - DAG(s) 'latest_only_with_trigger' retrieved from /home/d-salamanca/airflow-env/lib/python3.12/site-packages/airflow/example_dags/example_latest_only_with_trigger.py
[2024-09-29T08:22:47.838-0500] {logging_mixin.py:190} INFO - [2024-09-29T08:22:47.838-0500] {dag.py:3239} INFO - Sync 1 DAGs
[2024-09-29T08:22:47.861-0500] {logging_mixin.py:190} INFO - [2024-09-29T08:22:47.861-0500] {dag.py:4180} INFO - Setting next_dagrun for latest_only_with_trigger to 2024-09-29 08:00:00+00:00, run_after=2024-09-29 12:00:00+00:00
[2024-09-29T08:22:47.987-0500] {processor.py:208} INFO - Processing /home/d-salamanca/airflow-env/lib/python3.12/site-packages/airflow/example_dags/example_latest_only_with_trigger.py took 0.228 seconds
[2024-09-29T08:24:17.484-0500] {processor.py:186} INFO - Started process (PID=29969) to work on /home/d-salamanca/airflow-env/lib/python3.12/site-packages/airflow/example_dags/example_latest_only_with_trigger.py
[2024-09-29T08:24:17.503-0500] {processor.py:914} INFO - Processing file /home/d-salamanca/airflow-env/lib/python3.12/site-packages/airflow/example_dags/example_latest_only_with_trigger.py for tasks to queue
[2024-09-29T08:24:17.506-0500] {logging_mixin.py:190} INFO - [2024-09-29T08:24:17.506-0500] {dagbag.py:588} INFO - Filling up the DagBag from /home/d-salamanca/airflow-env/lib/python3.12/site-packages/airflow/example_dags/example_latest_only_with_trigger.py
[2024-09-29T08:24:17.517-0500] {processor.py:925} INFO - DAG(s) 'latest_only_with_trigger' retrieved from /home/d-salamanca/airflow-env/lib/python3.12/site-packages/airflow/example_dags/example_latest_only_with_trigger.py
[2024-09-29T08:24:17.536-0500] {logging_mixin.py:190} INFO - [2024-09-29T08:24:17.536-0500] {dag.py:3239} INFO - Sync 1 DAGs
[2024-09-29T08:24:17.559-0500] {logging_mixin.py:190} INFO - [2024-09-29T08:24:17.559-0500] {dag.py:4180} INFO - Setting next_dagrun for latest_only_with_trigger to 2024-09-29 08:00:00+00:00, run_after=2024-09-29 12:00:00+00:00
[2024-09-29T08:24:17.599-0500] {processor.py:208} INFO - Processing /home/d-salamanca/airflow-env/lib/python3.12/site-packages/airflow/example_dags/example_latest_only_with_trigger.py took 0.123 seconds
[2024-09-29T08:25:41.971-0500] {processor.py:186} INFO - Started process (PID=30073) to work on /home/d-salamanca/airflow-env/lib/python3.12/site-packages/airflow/example_dags/example_latest_only_with_trigger.py
[2024-09-29T08:25:42.000-0500] {processor.py:914} INFO - Processing file /home/d-salamanca/airflow-env/lib/python3.12/site-packages/airflow/example_dags/example_latest_only_with_trigger.py for tasks to queue
[2024-09-29T08:25:42.005-0500] {logging_mixin.py:190} INFO - [2024-09-29T08:25:42.004-0500] {dagbag.py:588} INFO - Filling up the DagBag from /home/d-salamanca/airflow-env/lib/python3.12/site-packages/airflow/example_dags/example_latest_only_with_trigger.py
[2024-09-29T08:25:42.025-0500] {processor.py:925} INFO - DAG(s) 'latest_only_with_trigger' retrieved from /home/d-salamanca/airflow-env/lib/python3.12/site-packages/airflow/example_dags/example_latest_only_with_trigger.py
[2024-09-29T08:25:42.044-0500] {logging_mixin.py:190} INFO - [2024-09-29T08:25:42.044-0500] {dag.py:3239} INFO - Sync 1 DAGs
[2024-09-29T08:25:42.067-0500] {logging_mixin.py:190} INFO - [2024-09-29T08:25:42.066-0500] {dag.py:4180} INFO - Setting next_dagrun for latest_only_with_trigger to 2024-09-29 08:00:00+00:00, run_after=2024-09-29 12:00:00+00:00
[2024-09-29T08:25:42.135-0500] {processor.py:208} INFO - Processing /home/d-salamanca/airflow-env/lib/python3.12/site-packages/airflow/example_dags/example_latest_only_with_trigger.py took 0.172 seconds
[2024-09-29T08:27:07.044-0500] {processor.py:186} INFO - Started process (PID=30142) to work on /home/d-salamanca/airflow-env/lib/python3.12/site-packages/airflow/example_dags/example_latest_only_with_trigger.py
[2024-09-29T08:27:07.061-0500] {processor.py:914} INFO - Processing file /home/d-salamanca/airflow-env/lib/python3.12/site-packages/airflow/example_dags/example_latest_only_with_trigger.py for tasks to queue
[2024-09-29T08:27:07.064-0500] {logging_mixin.py:190} INFO - [2024-09-29T08:27:07.063-0500] {dagbag.py:588} INFO - Filling up the DagBag from /home/d-salamanca/airflow-env/lib/python3.12/site-packages/airflow/example_dags/example_latest_only_with_trigger.py
[2024-09-29T08:27:07.076-0500] {processor.py:925} INFO - DAG(s) 'latest_only_with_trigger' retrieved from /home/d-salamanca/airflow-env/lib/python3.12/site-packages/airflow/example_dags/example_latest_only_with_trigger.py
[2024-09-29T08:27:07.095-0500] {logging_mixin.py:190} INFO - [2024-09-29T08:27:07.095-0500] {dag.py:3239} INFO - Sync 1 DAGs
[2024-09-29T08:27:07.118-0500] {logging_mixin.py:190} INFO - [2024-09-29T08:27:07.118-0500] {dag.py:4180} INFO - Setting next_dagrun for latest_only_with_trigger to 2024-09-29 08:00:00+00:00, run_after=2024-09-29 12:00:00+00:00
[2024-09-29T08:27:07.146-0500] {processor.py:208} INFO - Processing /home/d-salamanca/airflow-env/lib/python3.12/site-packages/airflow/example_dags/example_latest_only_with_trigger.py took 0.112 seconds
[2024-09-29T08:28:21.222-0500] {processor.py:186} INFO - Started process (PID=30208) to work on /home/d-salamanca/airflow-env/lib/python3.12/site-packages/airflow/example_dags/example_latest_only_with_trigger.py
[2024-09-29T08:28:21.223-0500] {processor.py:914} INFO - Processing file /home/d-salamanca/airflow-env/lib/python3.12/site-packages/airflow/example_dags/example_latest_only_with_trigger.py for tasks to queue
[2024-09-29T08:28:21.226-0500] {logging_mixin.py:190} INFO - [2024-09-29T08:28:21.225-0500] {dagbag.py:588} INFO - Filling up the DagBag from /home/d-salamanca/airflow-env/lib/python3.12/site-packages/airflow/example_dags/example_latest_only_with_trigger.py
[2024-09-29T08:28:21.235-0500] {processor.py:925} INFO - DAG(s) 'latest_only_with_trigger' retrieved from /home/d-salamanca/airflow-env/lib/python3.12/site-packages/airflow/example_dags/example_latest_only_with_trigger.py
[2024-09-29T08:28:21.255-0500] {logging_mixin.py:190} INFO - [2024-09-29T08:28:21.254-0500] {dag.py:3239} INFO - Sync 1 DAGs
[2024-09-29T08:28:21.277-0500] {logging_mixin.py:190} INFO - [2024-09-29T08:28:21.277-0500] {dag.py:4180} INFO - Setting next_dagrun for latest_only_with_trigger to 2024-09-29 08:00:00+00:00, run_after=2024-09-29 12:00:00+00:00
[2024-09-29T08:28:21.321-0500] {processor.py:208} INFO - Processing /home/d-salamanca/airflow-env/lib/python3.12/site-packages/airflow/example_dags/example_latest_only_with_trigger.py took 0.106 seconds
[2024-09-29T08:29:42.563-0500] {processor.py:186} INFO - Started process (PID=30279) to work on /home/d-salamanca/airflow-env/lib/python3.12/site-packages/airflow/example_dags/example_latest_only_with_trigger.py
[2024-09-29T08:29:42.618-0500] {processor.py:914} INFO - Processing file /home/d-salamanca/airflow-env/lib/python3.12/site-packages/airflow/example_dags/example_latest_only_with_trigger.py for tasks to queue
[2024-09-29T08:29:42.623-0500] {logging_mixin.py:190} INFO - [2024-09-29T08:29:42.622-0500] {dagbag.py:588} INFO - Filling up the DagBag from /home/d-salamanca/airflow-env/lib/python3.12/site-packages/airflow/example_dags/example_latest_only_with_trigger.py
[2024-09-29T08:29:42.638-0500] {processor.py:925} INFO - DAG(s) 'latest_only_with_trigger' retrieved from /home/d-salamanca/airflow-env/lib/python3.12/site-packages/airflow/example_dags/example_latest_only_with_trigger.py
[2024-09-29T08:29:42.660-0500] {logging_mixin.py:190} INFO - [2024-09-29T08:29:42.659-0500] {dag.py:3239} INFO - Sync 1 DAGs
[2024-09-29T08:29:42.685-0500] {logging_mixin.py:190} INFO - [2024-09-29T08:29:42.685-0500] {dag.py:4180} INFO - Setting next_dagrun for latest_only_with_trigger to 2024-09-29 08:00:00+00:00, run_after=2024-09-29 12:00:00+00:00
[2024-09-29T08:29:42.986-0500] {processor.py:208} INFO - Processing /home/d-salamanca/airflow-env/lib/python3.12/site-packages/airflow/example_dags/example_latest_only_with_trigger.py took 0.432 seconds
[2024-09-29T08:31:13.531-0500] {processor.py:186} INFO - Started process (PID=30362) to work on /home/d-salamanca/airflow-env/lib/python3.12/site-packages/airflow/example_dags/example_latest_only_with_trigger.py
[2024-09-29T08:31:13.533-0500] {processor.py:914} INFO - Processing file /home/d-salamanca/airflow-env/lib/python3.12/site-packages/airflow/example_dags/example_latest_only_with_trigger.py for tasks to queue
[2024-09-29T08:31:13.539-0500] {logging_mixin.py:190} INFO - [2024-09-29T08:31:13.538-0500] {dagbag.py:588} INFO - Filling up the DagBag from /home/d-salamanca/airflow-env/lib/python3.12/site-packages/airflow/example_dags/example_latest_only_with_trigger.py
[2024-09-29T08:31:13.556-0500] {processor.py:925} INFO - DAG(s) 'latest_only_with_trigger' retrieved from /home/d-salamanca/airflow-env/lib/python3.12/site-packages/airflow/example_dags/example_latest_only_with_trigger.py
[2024-09-29T08:31:13.576-0500] {logging_mixin.py:190} INFO - [2024-09-29T08:31:13.576-0500] {dag.py:3239} INFO - Sync 1 DAGs
[2024-09-29T08:31:13.601-0500] {logging_mixin.py:190} INFO - [2024-09-29T08:31:13.601-0500] {dag.py:4180} INFO - Setting next_dagrun for latest_only_with_trigger to 2024-09-29 08:00:00+00:00, run_after=2024-09-29 12:00:00+00:00
[2024-09-29T08:31:13.795-0500] {processor.py:208} INFO - Processing /home/d-salamanca/airflow-env/lib/python3.12/site-packages/airflow/example_dags/example_latest_only_with_trigger.py took 0.272 seconds
[2024-09-29T08:32:52.061-0500] {processor.py:186} INFO - Started process (PID=30442) to work on /home/d-salamanca/airflow-env/lib/python3.12/site-packages/airflow/example_dags/example_latest_only_with_trigger.py
[2024-09-29T08:32:52.062-0500] {processor.py:914} INFO - Processing file /home/d-salamanca/airflow-env/lib/python3.12/site-packages/airflow/example_dags/example_latest_only_with_trigger.py for tasks to queue
[2024-09-29T08:32:52.065-0500] {logging_mixin.py:190} INFO - [2024-09-29T08:32:52.064-0500] {dagbag.py:588} INFO - Filling up the DagBag from /home/d-salamanca/airflow-env/lib/python3.12/site-packages/airflow/example_dags/example_latest_only_with_trigger.py
[2024-09-29T08:32:52.074-0500] {processor.py:925} INFO - DAG(s) 'latest_only_with_trigger' retrieved from /home/d-salamanca/airflow-env/lib/python3.12/site-packages/airflow/example_dags/example_latest_only_with_trigger.py
[2024-09-29T08:32:52.093-0500] {logging_mixin.py:190} INFO - [2024-09-29T08:32:52.093-0500] {dag.py:3239} INFO - Sync 1 DAGs
[2024-09-29T08:32:52.116-0500] {logging_mixin.py:190} INFO - [2024-09-29T08:32:52.116-0500] {dag.py:4180} INFO - Setting next_dagrun for latest_only_with_trigger to 2024-09-29 08:00:00+00:00, run_after=2024-09-29 12:00:00+00:00
[2024-09-29T08:32:52.179-0500] {processor.py:208} INFO - Processing /home/d-salamanca/airflow-env/lib/python3.12/site-packages/airflow/example_dags/example_latest_only_with_trigger.py took 0.131 seconds
[2024-09-29T08:34:11.777-0500] {processor.py:186} INFO - Started process (PID=30511) to work on /home/d-salamanca/airflow-env/lib/python3.12/site-packages/airflow/example_dags/example_latest_only_with_trigger.py
[2024-09-29T08:34:11.803-0500] {processor.py:914} INFO - Processing file /home/d-salamanca/airflow-env/lib/python3.12/site-packages/airflow/example_dags/example_latest_only_with_trigger.py for tasks to queue
[2024-09-29T08:34:11.811-0500] {logging_mixin.py:190} INFO - [2024-09-29T08:34:11.809-0500] {dagbag.py:588} INFO - Filling up the DagBag from /home/d-salamanca/airflow-env/lib/python3.12/site-packages/airflow/example_dags/example_latest_only_with_trigger.py
[2024-09-29T08:34:11.822-0500] {processor.py:925} INFO - DAG(s) 'latest_only_with_trigger' retrieved from /home/d-salamanca/airflow-env/lib/python3.12/site-packages/airflow/example_dags/example_latest_only_with_trigger.py
[2024-09-29T08:34:11.842-0500] {logging_mixin.py:190} INFO - [2024-09-29T08:34:11.842-0500] {dag.py:3239} INFO - Sync 1 DAGs
[2024-09-29T08:34:11.866-0500] {logging_mixin.py:190} INFO - [2024-09-29T08:34:11.866-0500] {dag.py:4180} INFO - Setting next_dagrun for latest_only_with_trigger to 2024-09-29 08:00:00+00:00, run_after=2024-09-29 12:00:00+00:00
[2024-09-29T08:34:12.120-0500] {processor.py:208} INFO - Processing /home/d-salamanca/airflow-env/lib/python3.12/site-packages/airflow/example_dags/example_latest_only_with_trigger.py took 0.350 seconds
[2024-09-29T08:36:09.611-0500] {processor.py:186} INFO - Started process (PID=30814) to work on /home/d-salamanca/airflow-env/lib/python3.12/site-packages/airflow/example_dags/example_latest_only_with_trigger.py
[2024-09-29T08:36:09.658-0500] {processor.py:914} INFO - Processing file /home/d-salamanca/airflow-env/lib/python3.12/site-packages/airflow/example_dags/example_latest_only_with_trigger.py for tasks to queue
[2024-09-29T08:36:09.661-0500] {logging_mixin.py:190} INFO - [2024-09-29T08:36:09.660-0500] {dagbag.py:588} INFO - Filling up the DagBag from /home/d-salamanca/airflow-env/lib/python3.12/site-packages/airflow/example_dags/example_latest_only_with_trigger.py
[2024-09-29T08:36:09.977-0500] {processor.py:925} INFO - DAG(s) 'latest_only_with_trigger' retrieved from /home/d-salamanca/airflow-env/lib/python3.12/site-packages/airflow/example_dags/example_latest_only_with_trigger.py
[2024-09-29T08:36:10.054-0500] {logging_mixin.py:190} INFO - [2024-09-29T08:36:10.053-0500] {dag.py:3239} INFO - Sync 1 DAGs
[2024-09-29T08:36:10.224-0500] {logging_mixin.py:190} INFO - [2024-09-29T08:36:10.224-0500] {dag.py:4180} INFO - Setting next_dagrun for latest_only_with_trigger to 2024-09-29 08:00:00+00:00, run_after=2024-09-29 12:00:00+00:00
[2024-09-29T08:36:10.725-0500] {processor.py:208} INFO - Processing /home/d-salamanca/airflow-env/lib/python3.12/site-packages/airflow/example_dags/example_latest_only_with_trigger.py took 1.380 seconds
[2024-09-29T08:38:16.574-0500] {processor.py:186} INFO - Started process (PID=31060) to work on /home/d-salamanca/airflow-env/lib/python3.12/site-packages/airflow/example_dags/example_latest_only_with_trigger.py
[2024-09-29T08:38:16.604-0500] {processor.py:914} INFO - Processing file /home/d-salamanca/airflow-env/lib/python3.12/site-packages/airflow/example_dags/example_latest_only_with_trigger.py for tasks to queue
[2024-09-29T08:38:16.609-0500] {logging_mixin.py:190} INFO - [2024-09-29T08:38:16.608-0500] {dagbag.py:588} INFO - Filling up the DagBag from /home/d-salamanca/airflow-env/lib/python3.12/site-packages/airflow/example_dags/example_latest_only_with_trigger.py
[2024-09-29T08:38:16.705-0500] {processor.py:925} INFO - DAG(s) 'latest_only_with_trigger' retrieved from /home/d-salamanca/airflow-env/lib/python3.12/site-packages/airflow/example_dags/example_latest_only_with_trigger.py
[2024-09-29T08:38:16.725-0500] {logging_mixin.py:190} INFO - [2024-09-29T08:38:16.725-0500] {dag.py:3239} INFO - Sync 1 DAGs
[2024-09-29T08:38:16.751-0500] {logging_mixin.py:190} INFO - [2024-09-29T08:38:16.751-0500] {dag.py:4180} INFO - Setting next_dagrun for latest_only_with_trigger to 2024-09-29 08:00:00+00:00, run_after=2024-09-29 12:00:00+00:00
[2024-09-29T08:38:16.851-0500] {processor.py:208} INFO - Processing /home/d-salamanca/airflow-env/lib/python3.12/site-packages/airflow/example_dags/example_latest_only_with_trigger.py took 0.284 seconds
[2024-09-29T08:39:42.846-0500] {processor.py:186} INFO - Started process (PID=31132) to work on /home/d-salamanca/airflow-env/lib/python3.12/site-packages/airflow/example_dags/example_latest_only_with_trigger.py
[2024-09-29T08:39:43.070-0500] {processor.py:914} INFO - Processing file /home/d-salamanca/airflow-env/lib/python3.12/site-packages/airflow/example_dags/example_latest_only_with_trigger.py for tasks to queue
[2024-09-29T08:39:43.077-0500] {logging_mixin.py:190} INFO - [2024-09-29T08:39:43.076-0500] {dagbag.py:588} INFO - Filling up the DagBag from /home/d-salamanca/airflow-env/lib/python3.12/site-packages/airflow/example_dags/example_latest_only_with_trigger.py
[2024-09-29T08:39:43.087-0500] {processor.py:925} INFO - DAG(s) 'latest_only_with_trigger' retrieved from /home/d-salamanca/airflow-env/lib/python3.12/site-packages/airflow/example_dags/example_latest_only_with_trigger.py
[2024-09-29T08:39:43.107-0500] {logging_mixin.py:190} INFO - [2024-09-29T08:39:43.106-0500] {dag.py:3239} INFO - Sync 1 DAGs
[2024-09-29T08:39:43.129-0500] {logging_mixin.py:190} INFO - [2024-09-29T08:39:43.129-0500] {dag.py:4180} INFO - Setting next_dagrun for latest_only_with_trigger to 2024-09-29 08:00:00+00:00, run_after=2024-09-29 12:00:00+00:00
[2024-09-29T08:39:43.203-0500] {processor.py:208} INFO - Processing /home/d-salamanca/airflow-env/lib/python3.12/site-packages/airflow/example_dags/example_latest_only_with_trigger.py took 0.365 seconds
[2024-09-29T08:41:21.685-0500] {processor.py:186} INFO - Started process (PID=31210) to work on /home/d-salamanca/airflow-env/lib/python3.12/site-packages/airflow/example_dags/example_latest_only_with_trigger.py
[2024-09-29T08:41:21.703-0500] {processor.py:914} INFO - Processing file /home/d-salamanca/airflow-env/lib/python3.12/site-packages/airflow/example_dags/example_latest_only_with_trigger.py for tasks to queue
[2024-09-29T08:41:21.706-0500] {logging_mixin.py:190} INFO - [2024-09-29T08:41:21.705-0500] {dagbag.py:588} INFO - Filling up the DagBag from /home/d-salamanca/airflow-env/lib/python3.12/site-packages/airflow/example_dags/example_latest_only_with_trigger.py
[2024-09-29T08:41:21.717-0500] {processor.py:925} INFO - DAG(s) 'latest_only_with_trigger' retrieved from /home/d-salamanca/airflow-env/lib/python3.12/site-packages/airflow/example_dags/example_latest_only_with_trigger.py
[2024-09-29T08:41:21.736-0500] {logging_mixin.py:190} INFO - [2024-09-29T08:41:21.735-0500] {dag.py:3239} INFO - Sync 1 DAGs
[2024-09-29T08:41:21.758-0500] {logging_mixin.py:190} INFO - [2024-09-29T08:41:21.758-0500] {dag.py:4180} INFO - Setting next_dagrun for latest_only_with_trigger to 2024-09-29 08:00:00+00:00, run_after=2024-09-29 12:00:00+00:00
[2024-09-29T08:41:21.865-0500] {processor.py:208} INFO - Processing /home/d-salamanca/airflow-env/lib/python3.12/site-packages/airflow/example_dags/example_latest_only_with_trigger.py took 0.189 seconds
[2024-09-29T08:42:49.923-0500] {processor.py:186} INFO - Started process (PID=31282) to work on /home/d-salamanca/airflow-env/lib/python3.12/site-packages/airflow/example_dags/example_latest_only_with_trigger.py
[2024-09-29T08:42:49.924-0500] {processor.py:914} INFO - Processing file /home/d-salamanca/airflow-env/lib/python3.12/site-packages/airflow/example_dags/example_latest_only_with_trigger.py for tasks to queue
[2024-09-29T08:42:49.927-0500] {logging_mixin.py:190} INFO - [2024-09-29T08:42:49.926-0500] {dagbag.py:588} INFO - Filling up the DagBag from /home/d-salamanca/airflow-env/lib/python3.12/site-packages/airflow/example_dags/example_latest_only_with_trigger.py
[2024-09-29T08:42:49.936-0500] {processor.py:925} INFO - DAG(s) 'latest_only_with_trigger' retrieved from /home/d-salamanca/airflow-env/lib/python3.12/site-packages/airflow/example_dags/example_latest_only_with_trigger.py
[2024-09-29T08:42:49.955-0500] {logging_mixin.py:190} INFO - [2024-09-29T08:42:49.955-0500] {dag.py:3239} INFO - Sync 1 DAGs
[2024-09-29T08:42:49.977-0500] {logging_mixin.py:190} INFO - [2024-09-29T08:42:49.977-0500] {dag.py:4180} INFO - Setting next_dagrun for latest_only_with_trigger to 2024-09-29 08:00:00+00:00, run_after=2024-09-29 12:00:00+00:00
[2024-09-29T08:42:50.170-0500] {processor.py:208} INFO - Processing /home/d-salamanca/airflow-env/lib/python3.12/site-packages/airflow/example_dags/example_latest_only_with_trigger.py took 0.255 seconds
[2024-09-29T08:44:18.081-0500] {processor.py:186} INFO - Started process (PID=31353) to work on /home/d-salamanca/airflow-env/lib/python3.12/site-packages/airflow/example_dags/example_latest_only_with_trigger.py
[2024-09-29T08:44:18.095-0500] {processor.py:914} INFO - Processing file /home/d-salamanca/airflow-env/lib/python3.12/site-packages/airflow/example_dags/example_latest_only_with_trigger.py for tasks to queue
[2024-09-29T08:44:18.099-0500] {logging_mixin.py:190} INFO - [2024-09-29T08:44:18.098-0500] {dagbag.py:588} INFO - Filling up the DagBag from /home/d-salamanca/airflow-env/lib/python3.12/site-packages/airflow/example_dags/example_latest_only_with_trigger.py
[2024-09-29T08:44:18.110-0500] {processor.py:925} INFO - DAG(s) 'latest_only_with_trigger' retrieved from /home/d-salamanca/airflow-env/lib/python3.12/site-packages/airflow/example_dags/example_latest_only_with_trigger.py
[2024-09-29T08:44:18.129-0500] {logging_mixin.py:190} INFO - [2024-09-29T08:44:18.129-0500] {dag.py:3239} INFO - Sync 1 DAGs
[2024-09-29T08:44:18.153-0500] {logging_mixin.py:190} INFO - [2024-09-29T08:44:18.152-0500] {dag.py:4180} INFO - Setting next_dagrun for latest_only_with_trigger to 2024-09-29 08:00:00+00:00, run_after=2024-09-29 12:00:00+00:00
[2024-09-29T08:44:18.183-0500] {processor.py:208} INFO - Processing /home/d-salamanca/airflow-env/lib/python3.12/site-packages/airflow/example_dags/example_latest_only_with_trigger.py took 0.109 seconds
[2024-09-29T08:45:40.071-0500] {processor.py:186} INFO - Started process (PID=31436) to work on /home/d-salamanca/airflow-env/lib/python3.12/site-packages/airflow/example_dags/example_latest_only_with_trigger.py
[2024-09-29T08:45:40.073-0500] {processor.py:914} INFO - Processing file /home/d-salamanca/airflow-env/lib/python3.12/site-packages/airflow/example_dags/example_latest_only_with_trigger.py for tasks to queue
[2024-09-29T08:45:40.075-0500] {logging_mixin.py:190} INFO - [2024-09-29T08:45:40.075-0500] {dagbag.py:588} INFO - Filling up the DagBag from /home/d-salamanca/airflow-env/lib/python3.12/site-packages/airflow/example_dags/example_latest_only_with_trigger.py
[2024-09-29T08:45:40.085-0500] {processor.py:925} INFO - DAG(s) 'latest_only_with_trigger' retrieved from /home/d-salamanca/airflow-env/lib/python3.12/site-packages/airflow/example_dags/example_latest_only_with_trigger.py
[2024-09-29T08:45:40.105-0500] {logging_mixin.py:190} INFO - [2024-09-29T08:45:40.104-0500] {dag.py:3239} INFO - Sync 1 DAGs
[2024-09-29T08:45:40.129-0500] {logging_mixin.py:190} INFO - [2024-09-29T08:45:40.128-0500] {dag.py:4180} INFO - Setting next_dagrun for latest_only_with_trigger to 2024-09-29 08:00:00+00:00, run_after=2024-09-29 12:00:00+00:00
[2024-09-29T08:45:40.175-0500] {processor.py:208} INFO - Processing /home/d-salamanca/airflow-env/lib/python3.12/site-packages/airflow/example_dags/example_latest_only_with_trigger.py took 0.111 seconds
[2024-09-29T08:47:41.353-0500] {processor.py:186} INFO - Started process (PID=31508) to work on /home/d-salamanca/airflow-env/lib/python3.12/site-packages/airflow/example_dags/example_latest_only_with_trigger.py
[2024-09-29T08:47:41.354-0500] {processor.py:914} INFO - Processing file /home/d-salamanca/airflow-env/lib/python3.12/site-packages/airflow/example_dags/example_latest_only_with_trigger.py for tasks to queue
[2024-09-29T08:47:41.357-0500] {logging_mixin.py:190} INFO - [2024-09-29T08:47:41.356-0500] {dagbag.py:588} INFO - Filling up the DagBag from /home/d-salamanca/airflow-env/lib/python3.12/site-packages/airflow/example_dags/example_latest_only_with_trigger.py
[2024-09-29T08:47:41.367-0500] {processor.py:925} INFO - DAG(s) 'latest_only_with_trigger' retrieved from /home/d-salamanca/airflow-env/lib/python3.12/site-packages/airflow/example_dags/example_latest_only_with_trigger.py
[2024-09-29T08:47:41.389-0500] {logging_mixin.py:190} INFO - [2024-09-29T08:47:41.388-0500] {dag.py:3239} INFO - Sync 1 DAGs
[2024-09-29T08:47:41.414-0500] {logging_mixin.py:190} INFO - [2024-09-29T08:47:41.413-0500] {dag.py:4180} INFO - Setting next_dagrun for latest_only_with_trigger to 2024-09-29 08:00:00+00:00, run_after=2024-09-29 12:00:00+00:00
[2024-09-29T08:47:41.472-0500] {processor.py:208} INFO - Processing /home/d-salamanca/airflow-env/lib/python3.12/site-packages/airflow/example_dags/example_latest_only_with_trigger.py took 0.126 seconds
[2024-09-29T08:49:06.129-0500] {processor.py:186} INFO - Started process (PID=31596) to work on /home/d-salamanca/airflow-env/lib/python3.12/site-packages/airflow/example_dags/example_latest_only_with_trigger.py
[2024-09-29T08:49:06.151-0500] {processor.py:914} INFO - Processing file /home/d-salamanca/airflow-env/lib/python3.12/site-packages/airflow/example_dags/example_latest_only_with_trigger.py for tasks to queue
[2024-09-29T08:49:06.156-0500] {logging_mixin.py:190} INFO - [2024-09-29T08:49:06.155-0500] {dagbag.py:588} INFO - Filling up the DagBag from /home/d-salamanca/airflow-env/lib/python3.12/site-packages/airflow/example_dags/example_latest_only_with_trigger.py
[2024-09-29T08:49:06.167-0500] {processor.py:925} INFO - DAG(s) 'latest_only_with_trigger' retrieved from /home/d-salamanca/airflow-env/lib/python3.12/site-packages/airflow/example_dags/example_latest_only_with_trigger.py
[2024-09-29T08:49:06.186-0500] {logging_mixin.py:190} INFO - [2024-09-29T08:49:06.185-0500] {dag.py:3239} INFO - Sync 1 DAGs
[2024-09-29T08:49:06.209-0500] {logging_mixin.py:190} INFO - [2024-09-29T08:49:06.209-0500] {dag.py:4180} INFO - Setting next_dagrun for latest_only_with_trigger to 2024-09-29 08:00:00+00:00, run_after=2024-09-29 12:00:00+00:00
[2024-09-29T08:49:06.247-0500] {processor.py:208} INFO - Processing /home/d-salamanca/airflow-env/lib/python3.12/site-packages/airflow/example_dags/example_latest_only_with_trigger.py took 0.131 seconds
[2024-09-29T08:50:35.957-0500] {processor.py:186} INFO - Started process (PID=31687) to work on /home/d-salamanca/airflow-env/lib/python3.12/site-packages/airflow/example_dags/example_latest_only_with_trigger.py
[2024-09-29T08:50:35.973-0500] {processor.py:914} INFO - Processing file /home/d-salamanca/airflow-env/lib/python3.12/site-packages/airflow/example_dags/example_latest_only_with_trigger.py for tasks to queue
[2024-09-29T08:50:35.977-0500] {logging_mixin.py:190} INFO - [2024-09-29T08:50:35.976-0500] {dagbag.py:588} INFO - Filling up the DagBag from /home/d-salamanca/airflow-env/lib/python3.12/site-packages/airflow/example_dags/example_latest_only_with_trigger.py
[2024-09-29T08:50:35.988-0500] {processor.py:925} INFO - DAG(s) 'latest_only_with_trigger' retrieved from /home/d-salamanca/airflow-env/lib/python3.12/site-packages/airflow/example_dags/example_latest_only_with_trigger.py
[2024-09-29T08:50:36.007-0500] {logging_mixin.py:190} INFO - [2024-09-29T08:50:36.007-0500] {dag.py:3239} INFO - Sync 1 DAGs
[2024-09-29T08:50:36.029-0500] {logging_mixin.py:190} INFO - [2024-09-29T08:50:36.029-0500] {dag.py:4180} INFO - Setting next_dagrun for latest_only_with_trigger to 2024-09-29 08:00:00+00:00, run_after=2024-09-29 12:00:00+00:00
[2024-09-29T08:50:36.103-0500] {processor.py:208} INFO - Processing /home/d-salamanca/airflow-env/lib/python3.12/site-packages/airflow/example_dags/example_latest_only_with_trigger.py took 0.154 seconds
[2024-09-29T08:53:15.980-0500] {processor.py:186} INFO - Started process (PID=31983) to work on /home/d-salamanca/airflow-env/lib/python3.12/site-packages/airflow/example_dags/example_latest_only_with_trigger.py
[2024-09-29T08:53:16.005-0500] {processor.py:914} INFO - Processing file /home/d-salamanca/airflow-env/lib/python3.12/site-packages/airflow/example_dags/example_latest_only_with_trigger.py for tasks to queue
[2024-09-29T08:53:16.010-0500] {logging_mixin.py:190} INFO - [2024-09-29T08:53:16.009-0500] {dagbag.py:588} INFO - Filling up the DagBag from /home/d-salamanca/airflow-env/lib/python3.12/site-packages/airflow/example_dags/example_latest_only_with_trigger.py
[2024-09-29T08:53:16.033-0500] {processor.py:925} INFO - DAG(s) 'latest_only_with_trigger' retrieved from /home/d-salamanca/airflow-env/lib/python3.12/site-packages/airflow/example_dags/example_latest_only_with_trigger.py
[2024-09-29T08:53:16.088-0500] {logging_mixin.py:190} INFO - [2024-09-29T08:53:16.088-0500] {dag.py:3239} INFO - Sync 1 DAGs
[2024-09-29T08:53:16.111-0500] {logging_mixin.py:190} INFO - [2024-09-29T08:53:16.111-0500] {dag.py:4180} INFO - Setting next_dagrun for latest_only_with_trigger to 2024-09-29 08:00:00+00:00, run_after=2024-09-29 12:00:00+00:00
[2024-09-29T08:53:16.203-0500] {processor.py:208} INFO - Processing /home/d-salamanca/airflow-env/lib/python3.12/site-packages/airflow/example_dags/example_latest_only_with_trigger.py took 0.233 seconds
[2024-09-29T08:54:49.381-0500] {processor.py:186} INFO - Started process (PID=32058) to work on /home/d-salamanca/airflow-env/lib/python3.12/site-packages/airflow/example_dags/example_latest_only_with_trigger.py
[2024-09-29T08:54:49.423-0500] {processor.py:914} INFO - Processing file /home/d-salamanca/airflow-env/lib/python3.12/site-packages/airflow/example_dags/example_latest_only_with_trigger.py for tasks to queue
[2024-09-29T08:54:49.430-0500] {logging_mixin.py:190} INFO - [2024-09-29T08:54:49.428-0500] {dagbag.py:588} INFO - Filling up the DagBag from /home/d-salamanca/airflow-env/lib/python3.12/site-packages/airflow/example_dags/example_latest_only_with_trigger.py
[2024-09-29T08:54:49.442-0500] {processor.py:925} INFO - DAG(s) 'latest_only_with_trigger' retrieved from /home/d-salamanca/airflow-env/lib/python3.12/site-packages/airflow/example_dags/example_latest_only_with_trigger.py
[2024-09-29T08:54:49.461-0500] {logging_mixin.py:190} INFO - [2024-09-29T08:54:49.461-0500] {dag.py:3239} INFO - Sync 1 DAGs
[2024-09-29T08:54:49.484-0500] {logging_mixin.py:190} INFO - [2024-09-29T08:54:49.484-0500] {dag.py:4180} INFO - Setting next_dagrun for latest_only_with_trigger to 2024-09-29 08:00:00+00:00, run_after=2024-09-29 12:00:00+00:00
[2024-09-29T08:54:49.592-0500] {processor.py:208} INFO - Processing /home/d-salamanca/airflow-env/lib/python3.12/site-packages/airflow/example_dags/example_latest_only_with_trigger.py took 0.219 seconds
[2024-09-29T08:56:29.898-0500] {processor.py:186} INFO - Started process (PID=32136) to work on /home/d-salamanca/airflow-env/lib/python3.12/site-packages/airflow/example_dags/example_latest_only_with_trigger.py
[2024-09-29T08:56:30.467-0500] {processor.py:914} INFO - Processing file /home/d-salamanca/airflow-env/lib/python3.12/site-packages/airflow/example_dags/example_latest_only_with_trigger.py for tasks to queue
[2024-09-29T08:56:30.472-0500] {logging_mixin.py:190} INFO - [2024-09-29T08:56:30.471-0500] {dagbag.py:588} INFO - Filling up the DagBag from /home/d-salamanca/airflow-env/lib/python3.12/site-packages/airflow/example_dags/example_latest_only_with_trigger.py
[2024-09-29T08:56:30.482-0500] {processor.py:925} INFO - DAG(s) 'latest_only_with_trigger' retrieved from /home/d-salamanca/airflow-env/lib/python3.12/site-packages/airflow/example_dags/example_latest_only_with_trigger.py
[2024-09-29T08:56:30.501-0500] {logging_mixin.py:190} INFO - [2024-09-29T08:56:30.501-0500] {dag.py:3239} INFO - Sync 1 DAGs
[2024-09-29T08:56:30.522-0500] {logging_mixin.py:190} INFO - [2024-09-29T08:56:30.522-0500] {dag.py:4180} INFO - Setting next_dagrun for latest_only_with_trigger to 2024-09-29 08:00:00+00:00, run_after=2024-09-29 12:00:00+00:00
[2024-09-29T08:56:32.968-0500] {processor.py:208} INFO - Processing /home/d-salamanca/airflow-env/lib/python3.12/site-packages/airflow/example_dags/example_latest_only_with_trigger.py took 3.078 seconds
[2024-09-29T08:58:16.786-0500] {processor.py:186} INFO - Started process (PID=32217) to work on /home/d-salamanca/airflow-env/lib/python3.12/site-packages/airflow/example_dags/example_latest_only_with_trigger.py
[2024-09-29T08:58:16.788-0500] {processor.py:914} INFO - Processing file /home/d-salamanca/airflow-env/lib/python3.12/site-packages/airflow/example_dags/example_latest_only_with_trigger.py for tasks to queue
[2024-09-29T08:58:16.791-0500] {logging_mixin.py:190} INFO - [2024-09-29T08:58:16.791-0500] {dagbag.py:588} INFO - Filling up the DagBag from /home/d-salamanca/airflow-env/lib/python3.12/site-packages/airflow/example_dags/example_latest_only_with_trigger.py
[2024-09-29T08:58:16.802-0500] {processor.py:925} INFO - DAG(s) 'latest_only_with_trigger' retrieved from /home/d-salamanca/airflow-env/lib/python3.12/site-packages/airflow/example_dags/example_latest_only_with_trigger.py
[2024-09-29T08:58:16.821-0500] {logging_mixin.py:190} INFO - [2024-09-29T08:58:16.821-0500] {dag.py:3239} INFO - Sync 1 DAGs
[2024-09-29T08:58:16.844-0500] {logging_mixin.py:190} INFO - [2024-09-29T08:58:16.844-0500] {dag.py:4180} INFO - Setting next_dagrun for latest_only_with_trigger to 2024-09-29 08:00:00+00:00, run_after=2024-09-29 12:00:00+00:00
[2024-09-29T08:58:17.079-0500] {processor.py:208} INFO - Processing /home/d-salamanca/airflow-env/lib/python3.12/site-packages/airflow/example_dags/example_latest_only_with_trigger.py took 0.301 seconds
[2024-09-29T09:00:12.985-0500] {processor.py:186} INFO - Started process (PID=32470) to work on /home/d-salamanca/airflow-env/lib/python3.12/site-packages/airflow/example_dags/example_latest_only_with_trigger.py
[2024-09-29T09:00:13.027-0500] {processor.py:914} INFO - Processing file /home/d-salamanca/airflow-env/lib/python3.12/site-packages/airflow/example_dags/example_latest_only_with_trigger.py for tasks to queue
[2024-09-29T09:00:13.033-0500] {logging_mixin.py:190} INFO - [2024-09-29T09:00:13.032-0500] {dagbag.py:588} INFO - Filling up the DagBag from /home/d-salamanca/airflow-env/lib/python3.12/site-packages/airflow/example_dags/example_latest_only_with_trigger.py
[2024-09-29T09:00:13.048-0500] {processor.py:925} INFO - DAG(s) 'latest_only_with_trigger' retrieved from /home/d-salamanca/airflow-env/lib/python3.12/site-packages/airflow/example_dags/example_latest_only_with_trigger.py
[2024-09-29T09:00:13.084-0500] {logging_mixin.py:190} INFO - [2024-09-29T09:00:13.084-0500] {dag.py:3239} INFO - Sync 1 DAGs
[2024-09-29T09:00:13.107-0500] {logging_mixin.py:190} INFO - [2024-09-29T09:00:13.106-0500] {dag.py:4180} INFO - Setting next_dagrun for latest_only_with_trigger to 2024-09-29 08:00:00+00:00, run_after=2024-09-29 12:00:00+00:00
[2024-09-29T09:00:13.197-0500] {processor.py:208} INFO - Processing /home/d-salamanca/airflow-env/lib/python3.12/site-packages/airflow/example_dags/example_latest_only_with_trigger.py took 0.218 seconds
[2024-09-29T09:02:00.600-0500] {processor.py:186} INFO - Started process (PID=32598) to work on /home/d-salamanca/airflow-env/lib/python3.12/site-packages/airflow/example_dags/example_latest_only_with_trigger.py
[2024-09-29T09:02:00.656-0500] {processor.py:914} INFO - Processing file /home/d-salamanca/airflow-env/lib/python3.12/site-packages/airflow/example_dags/example_latest_only_with_trigger.py for tasks to queue
[2024-09-29T09:02:00.660-0500] {logging_mixin.py:190} INFO - [2024-09-29T09:02:00.659-0500] {dagbag.py:588} INFO - Filling up the DagBag from /home/d-salamanca/airflow-env/lib/python3.12/site-packages/airflow/example_dags/example_latest_only_with_trigger.py
[2024-09-29T09:02:00.698-0500] {processor.py:925} INFO - DAG(s) 'latest_only_with_trigger' retrieved from /home/d-salamanca/airflow-env/lib/python3.12/site-packages/airflow/example_dags/example_latest_only_with_trigger.py
[2024-09-29T09:02:00.726-0500] {logging_mixin.py:190} INFO - [2024-09-29T09:02:00.726-0500] {dag.py:3239} INFO - Sync 1 DAGs
[2024-09-29T09:02:00.762-0500] {logging_mixin.py:190} INFO - [2024-09-29T09:02:00.761-0500] {dag.py:4180} INFO - Setting next_dagrun for latest_only_with_trigger to 2024-09-29 08:00:00+00:00, run_after=2024-09-29 12:00:00+00:00
[2024-09-29T09:02:00.799-0500] {processor.py:208} INFO - Processing /home/d-salamanca/airflow-env/lib/python3.12/site-packages/airflow/example_dags/example_latest_only_with_trigger.py took 0.207 seconds
[2024-09-29T09:03:24.581-0500] {processor.py:186} INFO - Started process (PID=32668) to work on /home/d-salamanca/airflow-env/lib/python3.12/site-packages/airflow/example_dags/example_latest_only_with_trigger.py
[2024-09-29T09:03:24.582-0500] {processor.py:914} INFO - Processing file /home/d-salamanca/airflow-env/lib/python3.12/site-packages/airflow/example_dags/example_latest_only_with_trigger.py for tasks to queue
[2024-09-29T09:03:24.585-0500] {logging_mixin.py:190} INFO - [2024-09-29T09:03:24.584-0500] {dagbag.py:588} INFO - Filling up the DagBag from /home/d-salamanca/airflow-env/lib/python3.12/site-packages/airflow/example_dags/example_latest_only_with_trigger.py
[2024-09-29T09:03:24.607-0500] {processor.py:925} INFO - DAG(s) 'latest_only_with_trigger' retrieved from /home/d-salamanca/airflow-env/lib/python3.12/site-packages/airflow/example_dags/example_latest_only_with_trigger.py
[2024-09-29T09:03:24.629-0500] {logging_mixin.py:190} INFO - [2024-09-29T09:03:24.629-0500] {dag.py:3239} INFO - Sync 1 DAGs
[2024-09-29T09:03:24.657-0500] {logging_mixin.py:190} INFO - [2024-09-29T09:03:24.657-0500] {dag.py:4180} INFO - Setting next_dagrun for latest_only_with_trigger to 2024-09-29 08:00:00+00:00, run_after=2024-09-29 12:00:00+00:00
[2024-09-29T09:03:24.684-0500] {processor.py:208} INFO - Processing /home/d-salamanca/airflow-env/lib/python3.12/site-packages/airflow/example_dags/example_latest_only_with_trigger.py took 0.111 seconds
[2024-09-29T09:05:11.296-0500] {processor.py:186} INFO - Started process (PID=33018) to work on /home/d-salamanca/airflow-env/lib/python3.12/site-packages/airflow/example_dags/example_latest_only_with_trigger.py
[2024-09-29T09:05:11.320-0500] {processor.py:914} INFO - Processing file /home/d-salamanca/airflow-env/lib/python3.12/site-packages/airflow/example_dags/example_latest_only_with_trigger.py for tasks to queue
[2024-09-29T09:05:11.328-0500] {logging_mixin.py:190} INFO - [2024-09-29T09:05:11.326-0500] {dagbag.py:588} INFO - Filling up the DagBag from /home/d-salamanca/airflow-env/lib/python3.12/site-packages/airflow/example_dags/example_latest_only_with_trigger.py
[2024-09-29T09:05:11.394-0500] {processor.py:925} INFO - DAG(s) 'latest_only_with_trigger' retrieved from /home/d-salamanca/airflow-env/lib/python3.12/site-packages/airflow/example_dags/example_latest_only_with_trigger.py
[2024-09-29T09:05:11.413-0500] {logging_mixin.py:190} INFO - [2024-09-29T09:05:11.413-0500] {dag.py:3239} INFO - Sync 1 DAGs
[2024-09-29T09:05:11.438-0500] {logging_mixin.py:190} INFO - [2024-09-29T09:05:11.437-0500] {dag.py:4180} INFO - Setting next_dagrun for latest_only_with_trigger to 2024-09-29 08:00:00+00:00, run_after=2024-09-29 12:00:00+00:00
[2024-09-29T09:05:11.580-0500] {processor.py:208} INFO - Processing /home/d-salamanca/airflow-env/lib/python3.12/site-packages/airflow/example_dags/example_latest_only_with_trigger.py took 0.291 seconds
[2024-09-29T09:07:21.684-0500] {processor.py:186} INFO - Started process (PID=33105) to work on /home/d-salamanca/airflow-env/lib/python3.12/site-packages/airflow/example_dags/example_latest_only_with_trigger.py
[2024-09-29T09:07:21.696-0500] {processor.py:914} INFO - Processing file /home/d-salamanca/airflow-env/lib/python3.12/site-packages/airflow/example_dags/example_latest_only_with_trigger.py for tasks to queue
[2024-09-29T09:07:21.700-0500] {logging_mixin.py:190} INFO - [2024-09-29T09:07:21.700-0500] {dagbag.py:588} INFO - Filling up the DagBag from /home/d-salamanca/airflow-env/lib/python3.12/site-packages/airflow/example_dags/example_latest_only_with_trigger.py
[2024-09-29T09:07:21.713-0500] {processor.py:925} INFO - DAG(s) 'latest_only_with_trigger' retrieved from /home/d-salamanca/airflow-env/lib/python3.12/site-packages/airflow/example_dags/example_latest_only_with_trigger.py
[2024-09-29T09:07:21.735-0500] {logging_mixin.py:190} INFO - [2024-09-29T09:07:21.735-0500] {dag.py:3239} INFO - Sync 1 DAGs
[2024-09-29T09:07:21.764-0500] {logging_mixin.py:190} INFO - [2024-09-29T09:07:21.764-0500] {dag.py:4180} INFO - Setting next_dagrun for latest_only_with_trigger to 2024-09-29 08:00:00+00:00, run_after=2024-09-29 12:00:00+00:00
[2024-09-29T09:07:21.813-0500] {processor.py:208} INFO - Processing /home/d-salamanca/airflow-env/lib/python3.12/site-packages/airflow/example_dags/example_latest_only_with_trigger.py took 0.137 seconds
[2024-09-29T09:08:34.685-0500] {processor.py:186} INFO - Started process (PID=33172) to work on /home/d-salamanca/airflow-env/lib/python3.12/site-packages/airflow/example_dags/example_latest_only_with_trigger.py
[2024-09-29T09:08:34.715-0500] {processor.py:914} INFO - Processing file /home/d-salamanca/airflow-env/lib/python3.12/site-packages/airflow/example_dags/example_latest_only_with_trigger.py for tasks to queue
[2024-09-29T09:08:34.720-0500] {logging_mixin.py:190} INFO - [2024-09-29T09:08:34.719-0500] {dagbag.py:588} INFO - Filling up the DagBag from /home/d-salamanca/airflow-env/lib/python3.12/site-packages/airflow/example_dags/example_latest_only_with_trigger.py
[2024-09-29T09:08:34.754-0500] {processor.py:925} INFO - DAG(s) 'latest_only_with_trigger' retrieved from /home/d-salamanca/airflow-env/lib/python3.12/site-packages/airflow/example_dags/example_latest_only_with_trigger.py
[2024-09-29T09:08:34.775-0500] {logging_mixin.py:190} INFO - [2024-09-29T09:08:34.775-0500] {dag.py:3239} INFO - Sync 1 DAGs
[2024-09-29T09:08:34.799-0500] {logging_mixin.py:190} INFO - [2024-09-29T09:08:34.799-0500] {dag.py:4180} INFO - Setting next_dagrun for latest_only_with_trigger to 2024-09-29 08:00:00+00:00, run_after=2024-09-29 12:00:00+00:00
[2024-09-29T09:08:34.828-0500] {processor.py:208} INFO - Processing /home/d-salamanca/airflow-env/lib/python3.12/site-packages/airflow/example_dags/example_latest_only_with_trigger.py took 0.152 seconds
