[2024-09-29T00:19:21.179-0500] {processor.py:186} INFO - Started process (PID=28629) to work on /home/d-salamanca/airflow-env/lib/python3.12/site-packages/airflow/example_dags/example_inlet_event_extra.py
[2024-09-29T00:19:21.180-0500] {processor.py:914} INFO - Processing file /home/d-salamanca/airflow-env/lib/python3.12/site-packages/airflow/example_dags/example_inlet_event_extra.py for tasks to queue
[2024-09-29T00:19:21.183-0500] {logging_mixin.py:190} INFO - [2024-09-29T00:19:21.183-0500] {dagbag.py:588} INFO - Filling up the DagBag from /home/d-salamanca/airflow-env/lib/python3.12/site-packages/airflow/example_dags/example_inlet_event_extra.py
[2024-09-29T00:19:21.233-0500] {processor.py:925} INFO - DAG(s) 'read_dataset_event', 'read_dataset_event_from_classic' retrieved from /home/d-salamanca/airflow-env/lib/python3.12/site-packages/airflow/example_dags/example_inlet_event_extra.py
[2024-09-29T00:19:21.472-0500] {logging_mixin.py:190} INFO - [2024-09-29T00:19:21.471-0500] {override.py:1901} INFO - Created Permission View: can edit on DAG:read_dataset_event
[2024-09-29T00:19:21.485-0500] {logging_mixin.py:190} INFO - [2024-09-29T00:19:21.484-0500] {override.py:1901} INFO - Created Permission View: can read on DAG:read_dataset_event
[2024-09-29T00:19:21.494-0500] {logging_mixin.py:190} INFO - [2024-09-29T00:19:21.493-0500] {override.py:1901} INFO - Created Permission View: can delete on DAG:read_dataset_event
[2024-09-29T00:19:21.519-0500] {logging_mixin.py:190} INFO - [2024-09-29T00:19:21.518-0500] {override.py:1901} INFO - Created Permission View: can create on DAG Run:read_dataset_event
[2024-09-29T00:19:21.545-0500] {logging_mixin.py:190} INFO - [2024-09-29T00:19:21.545-0500] {override.py:1901} INFO - Created Permission View: can read on DAG Run:read_dataset_event
[2024-09-29T00:19:21.560-0500] {logging_mixin.py:190} INFO - [2024-09-29T00:19:21.560-0500] {override.py:1901} INFO - Created Permission View: can delete on DAG Run:read_dataset_event
[2024-09-29T00:19:21.569-0500] {logging_mixin.py:190} INFO - [2024-09-29T00:19:21.569-0500] {override.py:1901} INFO - Created Permission View: menu access on DAG Run:read_dataset_event
[2024-09-29T00:19:21.616-0500] {logging_mixin.py:190} INFO - [2024-09-29T00:19:21.615-0500] {override.py:1901} INFO - Created Permission View: can edit on DAG:read_dataset_event_from_classic
[2024-09-29T00:19:21.625-0500] {logging_mixin.py:190} INFO - [2024-09-29T00:19:21.624-0500] {override.py:1901} INFO - Created Permission View: can read on DAG:read_dataset_event_from_classic
[2024-09-29T00:19:21.642-0500] {logging_mixin.py:190} INFO - [2024-09-29T00:19:21.642-0500] {override.py:1901} INFO - Created Permission View: can delete on DAG:read_dataset_event_from_classic
[2024-09-29T00:19:21.669-0500] {logging_mixin.py:190} INFO - [2024-09-29T00:19:21.669-0500] {override.py:1901} INFO - Created Permission View: can create on DAG Run:read_dataset_event_from_classic
[2024-09-29T00:19:21.689-0500] {logging_mixin.py:190} INFO - [2024-09-29T00:19:21.688-0500] {override.py:1901} INFO - Created Permission View: can read on DAG Run:read_dataset_event_from_classic
[2024-09-29T00:19:21.699-0500] {logging_mixin.py:190} INFO - [2024-09-29T00:19:21.699-0500] {override.py:1901} INFO - Created Permission View: can delete on DAG Run:read_dataset_event_from_classic
[2024-09-29T00:19:21.709-0500] {logging_mixin.py:190} INFO - [2024-09-29T00:19:21.707-0500] {override.py:1901} INFO - Created Permission View: menu access on DAG Run:read_dataset_event_from_classic
[2024-09-29T00:19:21.709-0500] {logging_mixin.py:190} INFO - [2024-09-29T00:19:21.709-0500] {dag.py:3239} INFO - Sync 2 DAGs
[2024-09-29T00:19:21.722-0500] {logging_mixin.py:190} INFO - [2024-09-29T00:19:21.722-0500] {dag.py:3262} INFO - Creating ORM DAG for read_dataset_event
[2024-09-29T00:19:21.723-0500] {logging_mixin.py:190} INFO - [2024-09-29T00:19:21.723-0500] {dag.py:3262} INFO - Creating ORM DAG for read_dataset_event_from_classic
[2024-09-29T00:19:21.733-0500] {logging_mixin.py:190} INFO - [2024-09-29T00:19:21.733-0500] {dag.py:4180} INFO - Setting next_dagrun for read_dataset_event to 2024-09-28 00:00:00+00:00, run_after=2024-09-29 00:00:00+00:00
[2024-09-29T00:19:21.735-0500] {logging_mixin.py:190} INFO - [2024-09-29T00:19:21.735-0500] {dag.py:4180} INFO - Setting next_dagrun for read_dataset_event_from_classic to 2024-09-28 00:00:00+00:00, run_after=2024-09-29 00:00:00+00:00
[2024-09-29T00:19:21.863-0500] {processor.py:208} INFO - Processing /home/d-salamanca/airflow-env/lib/python3.12/site-packages/airflow/example_dags/example_inlet_event_extra.py took 0.692 seconds
[2024-09-29T00:20:46.066-0500] {processor.py:186} INFO - Started process (PID=28704) to work on /home/d-salamanca/airflow-env/lib/python3.12/site-packages/airflow/example_dags/example_inlet_event_extra.py
[2024-09-29T00:20:46.084-0500] {processor.py:914} INFO - Processing file /home/d-salamanca/airflow-env/lib/python3.12/site-packages/airflow/example_dags/example_inlet_event_extra.py for tasks to queue
[2024-09-29T00:20:46.090-0500] {logging_mixin.py:190} INFO - [2024-09-29T00:20:46.089-0500] {dagbag.py:588} INFO - Filling up the DagBag from /home/d-salamanca/airflow-env/lib/python3.12/site-packages/airflow/example_dags/example_inlet_event_extra.py
[2024-09-29T00:20:46.113-0500] {processor.py:925} INFO - DAG(s) 'read_dataset_event', 'read_dataset_event_from_classic' retrieved from /home/d-salamanca/airflow-env/lib/python3.12/site-packages/airflow/example_dags/example_inlet_event_extra.py
[2024-09-29T00:20:46.142-0500] {logging_mixin.py:190} INFO - [2024-09-29T00:20:46.141-0500] {dag.py:3239} INFO - Sync 2 DAGs
[2024-09-29T00:20:46.178-0500] {logging_mixin.py:190} INFO - [2024-09-29T00:20:46.177-0500] {dag.py:4180} INFO - Setting next_dagrun for read_dataset_event to 2024-09-28 00:00:00+00:00, run_after=2024-09-29 00:00:00+00:00
[2024-09-29T00:20:46.184-0500] {logging_mixin.py:190} INFO - [2024-09-29T00:20:46.184-0500] {dag.py:4180} INFO - Setting next_dagrun for read_dataset_event_from_classic to 2024-09-28 00:00:00+00:00, run_after=2024-09-29 00:00:00+00:00
[2024-09-29T00:20:46.236-0500] {processor.py:208} INFO - Processing /home/d-salamanca/airflow-env/lib/python3.12/site-packages/airflow/example_dags/example_inlet_event_extra.py took 0.178 seconds
[2024-09-29T00:22:28.441-0500] {processor.py:186} INFO - Started process (PID=28778) to work on /home/d-salamanca/airflow-env/lib/python3.12/site-packages/airflow/example_dags/example_inlet_event_extra.py
[2024-09-29T00:22:28.464-0500] {processor.py:914} INFO - Processing file /home/d-salamanca/airflow-env/lib/python3.12/site-packages/airflow/example_dags/example_inlet_event_extra.py for tasks to queue
[2024-09-29T00:22:28.468-0500] {logging_mixin.py:190} INFO - [2024-09-29T00:22:28.467-0500] {dagbag.py:588} INFO - Filling up the DagBag from /home/d-salamanca/airflow-env/lib/python3.12/site-packages/airflow/example_dags/example_inlet_event_extra.py
[2024-09-29T00:22:28.489-0500] {processor.py:925} INFO - DAG(s) 'read_dataset_event', 'read_dataset_event_from_classic' retrieved from /home/d-salamanca/airflow-env/lib/python3.12/site-packages/airflow/example_dags/example_inlet_event_extra.py
[2024-09-29T00:22:28.517-0500] {logging_mixin.py:190} INFO - [2024-09-29T00:22:28.517-0500] {dag.py:3239} INFO - Sync 2 DAGs
[2024-09-29T00:22:28.550-0500] {logging_mixin.py:190} INFO - [2024-09-29T00:22:28.549-0500] {dag.py:4180} INFO - Setting next_dagrun for read_dataset_event to 2024-09-28 00:00:00+00:00, run_after=2024-09-29 00:00:00+00:00
[2024-09-29T00:22:28.555-0500] {logging_mixin.py:190} INFO - [2024-09-29T00:22:28.555-0500] {dag.py:4180} INFO - Setting next_dagrun for read_dataset_event_from_classic to 2024-09-28 00:00:00+00:00, run_after=2024-09-29 00:00:00+00:00
[2024-09-29T00:22:28.614-0500] {processor.py:208} INFO - Processing /home/d-salamanca/airflow-env/lib/python3.12/site-packages/airflow/example_dags/example_inlet_event_extra.py took 0.183 seconds
[2024-09-29T00:23:55.868-0500] {processor.py:186} INFO - Started process (PID=28850) to work on /home/d-salamanca/airflow-env/lib/python3.12/site-packages/airflow/example_dags/example_inlet_event_extra.py
[2024-09-29T00:23:55.885-0500] {processor.py:914} INFO - Processing file /home/d-salamanca/airflow-env/lib/python3.12/site-packages/airflow/example_dags/example_inlet_event_extra.py for tasks to queue
[2024-09-29T00:23:55.888-0500] {logging_mixin.py:190} INFO - [2024-09-29T00:23:55.887-0500] {dagbag.py:588} INFO - Filling up the DagBag from /home/d-salamanca/airflow-env/lib/python3.12/site-packages/airflow/example_dags/example_inlet_event_extra.py
[2024-09-29T00:23:55.905-0500] {processor.py:925} INFO - DAG(s) 'read_dataset_event', 'read_dataset_event_from_classic' retrieved from /home/d-salamanca/airflow-env/lib/python3.12/site-packages/airflow/example_dags/example_inlet_event_extra.py
[2024-09-29T00:23:55.928-0500] {logging_mixin.py:190} INFO - [2024-09-29T00:23:55.928-0500] {dag.py:3239} INFO - Sync 2 DAGs
[2024-09-29T00:23:55.954-0500] {logging_mixin.py:190} INFO - [2024-09-29T00:23:55.953-0500] {dag.py:4180} INFO - Setting next_dagrun for read_dataset_event to 2024-09-28 00:00:00+00:00, run_after=2024-09-29 00:00:00+00:00
[2024-09-29T00:23:55.959-0500] {logging_mixin.py:190} INFO - [2024-09-29T00:23:55.959-0500] {dag.py:4180} INFO - Setting next_dagrun for read_dataset_event_from_classic to 2024-09-28 00:00:00+00:00, run_after=2024-09-29 00:00:00+00:00
[2024-09-29T00:23:56.079-0500] {processor.py:208} INFO - Processing /home/d-salamanca/airflow-env/lib/python3.12/site-packages/airflow/example_dags/example_inlet_event_extra.py took 0.219 seconds
[2024-09-29T00:25:17.923-0500] {processor.py:186} INFO - Started process (PID=28921) to work on /home/d-salamanca/airflow-env/lib/python3.12/site-packages/airflow/example_dags/example_inlet_event_extra.py
[2024-09-29T00:25:17.925-0500] {processor.py:914} INFO - Processing file /home/d-salamanca/airflow-env/lib/python3.12/site-packages/airflow/example_dags/example_inlet_event_extra.py for tasks to queue
[2024-09-29T00:25:17.928-0500] {logging_mixin.py:190} INFO - [2024-09-29T00:25:17.927-0500] {dagbag.py:588} INFO - Filling up the DagBag from /home/d-salamanca/airflow-env/lib/python3.12/site-packages/airflow/example_dags/example_inlet_event_extra.py
[2024-09-29T00:25:17.948-0500] {processor.py:925} INFO - DAG(s) 'read_dataset_event_from_classic', 'read_dataset_event' retrieved from /home/d-salamanca/airflow-env/lib/python3.12/site-packages/airflow/example_dags/example_inlet_event_extra.py
[2024-09-29T00:25:17.978-0500] {logging_mixin.py:190} INFO - [2024-09-29T00:25:17.978-0500] {dag.py:3239} INFO - Sync 2 DAGs
[2024-09-29T00:25:18.170-0500] {logging_mixin.py:190} INFO - [2024-09-29T00:25:18.169-0500] {dag.py:4180} INFO - Setting next_dagrun for read_dataset_event to 2024-09-28 00:00:00+00:00, run_after=2024-09-29 00:00:00+00:00
[2024-09-29T00:25:18.175-0500] {logging_mixin.py:190} INFO - [2024-09-29T00:25:18.174-0500] {dag.py:4180} INFO - Setting next_dagrun for read_dataset_event_from_classic to 2024-09-28 00:00:00+00:00, run_after=2024-09-29 00:00:00+00:00
[2024-09-29T00:25:18.295-0500] {processor.py:208} INFO - Processing /home/d-salamanca/airflow-env/lib/python3.12/site-packages/airflow/example_dags/example_inlet_event_extra.py took 0.381 seconds
[2024-09-29T00:26:56.235-0500] {processor.py:186} INFO - Started process (PID=29019) to work on /home/d-salamanca/airflow-env/lib/python3.12/site-packages/airflow/example_dags/example_inlet_event_extra.py
[2024-09-29T00:26:56.236-0500] {processor.py:914} INFO - Processing file /home/d-salamanca/airflow-env/lib/python3.12/site-packages/airflow/example_dags/example_inlet_event_extra.py for tasks to queue
[2024-09-29T00:26:56.239-0500] {logging_mixin.py:190} INFO - [2024-09-29T00:26:56.238-0500] {dagbag.py:588} INFO - Filling up the DagBag from /home/d-salamanca/airflow-env/lib/python3.12/site-packages/airflow/example_dags/example_inlet_event_extra.py
[2024-09-29T00:26:56.254-0500] {processor.py:925} INFO - DAG(s) 'read_dataset_event_from_classic', 'read_dataset_event' retrieved from /home/d-salamanca/airflow-env/lib/python3.12/site-packages/airflow/example_dags/example_inlet_event_extra.py
[2024-09-29T00:26:56.274-0500] {logging_mixin.py:190} INFO - [2024-09-29T00:26:56.274-0500] {dag.py:3239} INFO - Sync 2 DAGs
[2024-09-29T00:26:56.299-0500] {logging_mixin.py:190} INFO - [2024-09-29T00:26:56.299-0500] {dag.py:4180} INFO - Setting next_dagrun for read_dataset_event to 2024-09-28 00:00:00+00:00, run_after=2024-09-29 00:00:00+00:00
[2024-09-29T00:26:56.304-0500] {logging_mixin.py:190} INFO - [2024-09-29T00:26:56.304-0500] {dag.py:4180} INFO - Setting next_dagrun for read_dataset_event_from_classic to 2024-09-28 00:00:00+00:00, run_after=2024-09-29 00:00:00+00:00
[2024-09-29T00:26:56.356-0500] {processor.py:208} INFO - Processing /home/d-salamanca/airflow-env/lib/python3.12/site-packages/airflow/example_dags/example_inlet_event_extra.py took 0.128 seconds
[2024-09-29T00:28:37.337-0500] {processor.py:186} INFO - Started process (PID=29161) to work on /home/d-salamanca/airflow-env/lib/python3.12/site-packages/airflow/example_dags/example_inlet_event_extra.py
[2024-09-29T00:28:37.357-0500] {processor.py:914} INFO - Processing file /home/d-salamanca/airflow-env/lib/python3.12/site-packages/airflow/example_dags/example_inlet_event_extra.py for tasks to queue
[2024-09-29T00:28:37.361-0500] {logging_mixin.py:190} INFO - [2024-09-29T00:28:37.360-0500] {dagbag.py:588} INFO - Filling up the DagBag from /home/d-salamanca/airflow-env/lib/python3.12/site-packages/airflow/example_dags/example_inlet_event_extra.py
[2024-09-29T00:28:37.377-0500] {processor.py:925} INFO - DAG(s) 'read_dataset_event_from_classic', 'read_dataset_event' retrieved from /home/d-salamanca/airflow-env/lib/python3.12/site-packages/airflow/example_dags/example_inlet_event_extra.py
[2024-09-29T00:28:37.396-0500] {logging_mixin.py:190} INFO - [2024-09-29T00:28:37.396-0500] {dag.py:3239} INFO - Sync 2 DAGs
[2024-09-29T00:28:37.421-0500] {logging_mixin.py:190} INFO - [2024-09-29T00:28:37.421-0500] {dag.py:4180} INFO - Setting next_dagrun for read_dataset_event to 2024-09-28 00:00:00+00:00, run_after=2024-09-29 00:00:00+00:00
[2024-09-29T00:28:37.426-0500] {logging_mixin.py:190} INFO - [2024-09-29T00:28:37.426-0500] {dag.py:4180} INFO - Setting next_dagrun for read_dataset_event_from_classic to 2024-09-28 00:00:00+00:00, run_after=2024-09-29 00:00:00+00:00
[2024-09-29T00:28:37.471-0500] {processor.py:208} INFO - Processing /home/d-salamanca/airflow-env/lib/python3.12/site-packages/airflow/example_dags/example_inlet_event_extra.py took 0.141 seconds
[2024-09-29T00:31:07.353-0500] {processor.py:186} INFO - Started process (PID=29299) to work on /home/d-salamanca/airflow-env/lib/python3.12/site-packages/airflow/example_dags/example_inlet_event_extra.py
[2024-09-29T00:31:07.386-0500] {processor.py:914} INFO - Processing file /home/d-salamanca/airflow-env/lib/python3.12/site-packages/airflow/example_dags/example_inlet_event_extra.py for tasks to queue
[2024-09-29T00:31:07.391-0500] {logging_mixin.py:190} INFO - [2024-09-29T00:31:07.390-0500] {dagbag.py:588} INFO - Filling up the DagBag from /home/d-salamanca/airflow-env/lib/python3.12/site-packages/airflow/example_dags/example_inlet_event_extra.py
[2024-09-29T00:31:07.446-0500] {processor.py:925} INFO - DAG(s) 'read_dataset_event', 'read_dataset_event_from_classic' retrieved from /home/d-salamanca/airflow-env/lib/python3.12/site-packages/airflow/example_dags/example_inlet_event_extra.py
[2024-09-29T00:31:07.466-0500] {logging_mixin.py:190} INFO - [2024-09-29T00:31:07.466-0500] {dag.py:3239} INFO - Sync 2 DAGs
[2024-09-29T00:31:07.497-0500] {logging_mixin.py:190} INFO - [2024-09-29T00:31:07.497-0500] {dag.py:4180} INFO - Setting next_dagrun for read_dataset_event to 2024-09-28 00:00:00+00:00, run_after=2024-09-29 00:00:00+00:00
[2024-09-29T00:31:07.502-0500] {logging_mixin.py:190} INFO - [2024-09-29T00:31:07.502-0500] {dag.py:4180} INFO - Setting next_dagrun for read_dataset_event_from_classic to 2024-09-28 00:00:00+00:00, run_after=2024-09-29 00:00:00+00:00
[2024-09-29T00:31:07.544-0500] {processor.py:208} INFO - Processing /home/d-salamanca/airflow-env/lib/python3.12/site-packages/airflow/example_dags/example_inlet_event_extra.py took 0.200 seconds
[2024-09-29T00:32:38.002-0500] {processor.py:186} INFO - Started process (PID=29374) to work on /home/d-salamanca/airflow-env/lib/python3.12/site-packages/airflow/example_dags/example_inlet_event_extra.py
[2024-09-29T00:32:38.003-0500] {processor.py:914} INFO - Processing file /home/d-salamanca/airflow-env/lib/python3.12/site-packages/airflow/example_dags/example_inlet_event_extra.py for tasks to queue
[2024-09-29T00:32:38.006-0500] {logging_mixin.py:190} INFO - [2024-09-29T00:32:38.005-0500] {dagbag.py:588} INFO - Filling up the DagBag from /home/d-salamanca/airflow-env/lib/python3.12/site-packages/airflow/example_dags/example_inlet_event_extra.py
[2024-09-29T00:32:38.021-0500] {processor.py:925} INFO - DAG(s) 'read_dataset_event', 'read_dataset_event_from_classic' retrieved from /home/d-salamanca/airflow-env/lib/python3.12/site-packages/airflow/example_dags/example_inlet_event_extra.py
[2024-09-29T00:32:38.043-0500] {logging_mixin.py:190} INFO - [2024-09-29T00:32:38.042-0500] {dag.py:3239} INFO - Sync 2 DAGs
[2024-09-29T00:32:38.068-0500] {logging_mixin.py:190} INFO - [2024-09-29T00:32:38.067-0500] {dag.py:4180} INFO - Setting next_dagrun for read_dataset_event to 2024-09-28 00:00:00+00:00, run_after=2024-09-29 00:00:00+00:00
[2024-09-29T00:32:38.073-0500] {logging_mixin.py:190} INFO - [2024-09-29T00:32:38.072-0500] {dag.py:4180} INFO - Setting next_dagrun for read_dataset_event_from_classic to 2024-09-28 00:00:00+00:00, run_after=2024-09-29 00:00:00+00:00
[2024-09-29T00:32:38.103-0500] {processor.py:208} INFO - Processing /home/d-salamanca/airflow-env/lib/python3.12/site-packages/airflow/example_dags/example_inlet_event_extra.py took 0.108 seconds
[2024-09-29T00:34:06.654-0500] {processor.py:186} INFO - Started process (PID=29483) to work on /home/d-salamanca/airflow-env/lib/python3.12/site-packages/airflow/example_dags/example_inlet_event_extra.py
[2024-09-29T00:34:06.668-0500] {processor.py:914} INFO - Processing file /home/d-salamanca/airflow-env/lib/python3.12/site-packages/airflow/example_dags/example_inlet_event_extra.py for tasks to queue
[2024-09-29T00:34:06.671-0500] {logging_mixin.py:190} INFO - [2024-09-29T00:34:06.670-0500] {dagbag.py:588} INFO - Filling up the DagBag from /home/d-salamanca/airflow-env/lib/python3.12/site-packages/airflow/example_dags/example_inlet_event_extra.py
[2024-09-29T00:34:06.741-0500] {processor.py:925} INFO - DAG(s) 'read_dataset_event_from_classic', 'read_dataset_event' retrieved from /home/d-salamanca/airflow-env/lib/python3.12/site-packages/airflow/example_dags/example_inlet_event_extra.py
[2024-09-29T00:34:06.761-0500] {logging_mixin.py:190} INFO - [2024-09-29T00:34:06.761-0500] {dag.py:3239} INFO - Sync 2 DAGs
[2024-09-29T00:34:06.786-0500] {logging_mixin.py:190} INFO - [2024-09-29T00:34:06.786-0500] {dag.py:4180} INFO - Setting next_dagrun for read_dataset_event to 2024-09-28 00:00:00+00:00, run_after=2024-09-29 00:00:00+00:00
[2024-09-29T00:34:06.791-0500] {logging_mixin.py:190} INFO - [2024-09-29T00:34:06.791-0500] {dag.py:4180} INFO - Setting next_dagrun for read_dataset_event_from_classic to 2024-09-28 00:00:00+00:00, run_after=2024-09-29 00:00:00+00:00
[2024-09-29T00:34:06.938-0500] {processor.py:208} INFO - Processing /home/d-salamanca/airflow-env/lib/python3.12/site-packages/airflow/example_dags/example_inlet_event_extra.py took 0.291 seconds
[2024-09-29T08:20:36.090-0500] {processor.py:186} INFO - Started process (PID=29781) to work on /home/d-salamanca/airflow-env/lib/python3.12/site-packages/airflow/example_dags/example_inlet_event_extra.py
[2024-09-29T08:20:36.105-0500] {processor.py:914} INFO - Processing file /home/d-salamanca/airflow-env/lib/python3.12/site-packages/airflow/example_dags/example_inlet_event_extra.py for tasks to queue
[2024-09-29T08:20:36.111-0500] {logging_mixin.py:190} INFO - [2024-09-29T08:20:36.110-0500] {dagbag.py:588} INFO - Filling up the DagBag from /home/d-salamanca/airflow-env/lib/python3.12/site-packages/airflow/example_dags/example_inlet_event_extra.py
[2024-09-29T08:20:36.166-0500] {processor.py:925} INFO - DAG(s) 'read_dataset_event_from_classic', 'read_dataset_event' retrieved from /home/d-salamanca/airflow-env/lib/python3.12/site-packages/airflow/example_dags/example_inlet_event_extra.py
[2024-09-29T08:20:36.186-0500] {logging_mixin.py:190} INFO - [2024-09-29T08:20:36.186-0500] {dag.py:3239} INFO - Sync 2 DAGs
[2024-09-29T08:20:36.212-0500] {logging_mixin.py:190} INFO - [2024-09-29T08:20:36.212-0500] {dag.py:4180} INFO - Setting next_dagrun for read_dataset_event to 2024-09-28 00:00:00+00:00, run_after=2024-09-29 00:00:00+00:00
[2024-09-29T08:20:36.217-0500] {logging_mixin.py:190} INFO - [2024-09-29T08:20:36.217-0500] {dag.py:4180} INFO - Setting next_dagrun for read_dataset_event_from_classic to 2024-09-28 00:00:00+00:00, run_after=2024-09-29 00:00:00+00:00
[2024-09-29T08:20:36.274-0500] {processor.py:208} INFO - Processing /home/d-salamanca/airflow-env/lib/python3.12/site-packages/airflow/example_dags/example_inlet_event_extra.py took 0.195 seconds
[2024-09-29T08:22:40.067-0500] {processor.py:186} INFO - Started process (PID=29889) to work on /home/d-salamanca/airflow-env/lib/python3.12/site-packages/airflow/example_dags/example_inlet_event_extra.py
[2024-09-29T08:22:40.468-0500] {processor.py:914} INFO - Processing file /home/d-salamanca/airflow-env/lib/python3.12/site-packages/airflow/example_dags/example_inlet_event_extra.py for tasks to queue
[2024-09-29T08:22:40.474-0500] {logging_mixin.py:190} INFO - [2024-09-29T08:22:40.473-0500] {dagbag.py:588} INFO - Filling up the DagBag from /home/d-salamanca/airflow-env/lib/python3.12/site-packages/airflow/example_dags/example_inlet_event_extra.py
[2024-09-29T08:22:40.568-0500] {processor.py:925} INFO - DAG(s) 'read_dataset_event', 'read_dataset_event_from_classic' retrieved from /home/d-salamanca/airflow-env/lib/python3.12/site-packages/airflow/example_dags/example_inlet_event_extra.py
[2024-09-29T08:22:40.588-0500] {logging_mixin.py:190} INFO - [2024-09-29T08:22:40.588-0500] {dag.py:3239} INFO - Sync 2 DAGs
[2024-09-29T08:22:40.612-0500] {logging_mixin.py:190} INFO - [2024-09-29T08:22:40.612-0500] {dag.py:4180} INFO - Setting next_dagrun for read_dataset_event to 2024-09-28 00:00:00+00:00, run_after=2024-09-29 00:00:00+00:00
[2024-09-29T08:22:40.617-0500] {logging_mixin.py:190} INFO - [2024-09-29T08:22:40.617-0500] {dag.py:4180} INFO - Setting next_dagrun for read_dataset_event_from_classic to 2024-09-28 00:00:00+00:00, run_after=2024-09-29 00:00:00+00:00
[2024-09-29T08:22:40.644-0500] {processor.py:208} INFO - Processing /home/d-salamanca/airflow-env/lib/python3.12/site-packages/airflow/example_dags/example_inlet_event_extra.py took 0.590 seconds
[2024-09-29T08:24:12.173-0500] {processor.py:186} INFO - Started process (PID=29964) to work on /home/d-salamanca/airflow-env/lib/python3.12/site-packages/airflow/example_dags/example_inlet_event_extra.py
[2024-09-29T08:24:12.190-0500] {processor.py:914} INFO - Processing file /home/d-salamanca/airflow-env/lib/python3.12/site-packages/airflow/example_dags/example_inlet_event_extra.py for tasks to queue
[2024-09-29T08:24:12.194-0500] {logging_mixin.py:190} INFO - [2024-09-29T08:24:12.193-0500] {dagbag.py:588} INFO - Filling up the DagBag from /home/d-salamanca/airflow-env/lib/python3.12/site-packages/airflow/example_dags/example_inlet_event_extra.py
[2024-09-29T08:24:12.211-0500] {processor.py:925} INFO - DAG(s) 'read_dataset_event_from_classic', 'read_dataset_event' retrieved from /home/d-salamanca/airflow-env/lib/python3.12/site-packages/airflow/example_dags/example_inlet_event_extra.py
[2024-09-29T08:24:12.231-0500] {logging_mixin.py:190} INFO - [2024-09-29T08:24:12.231-0500] {dag.py:3239} INFO - Sync 2 DAGs
[2024-09-29T08:24:12.256-0500] {logging_mixin.py:190} INFO - [2024-09-29T08:24:12.256-0500] {dag.py:4180} INFO - Setting next_dagrun for read_dataset_event to 2024-09-28 00:00:00+00:00, run_after=2024-09-29 00:00:00+00:00
[2024-09-29T08:24:12.261-0500] {logging_mixin.py:190} INFO - [2024-09-29T08:24:12.260-0500] {dag.py:4180} INFO - Setting next_dagrun for read_dataset_event_from_classic to 2024-09-28 00:00:00+00:00, run_after=2024-09-29 00:00:00+00:00
[2024-09-29T08:24:12.335-0500] {processor.py:208} INFO - Processing /home/d-salamanca/airflow-env/lib/python3.12/site-packages/airflow/example_dags/example_inlet_event_extra.py took 0.169 seconds
[2024-09-29T08:25:35.355-0500] {processor.py:186} INFO - Started process (PID=30068) to work on /home/d-salamanca/airflow-env/lib/python3.12/site-packages/airflow/example_dags/example_inlet_event_extra.py
[2024-09-29T08:25:35.357-0500] {processor.py:914} INFO - Processing file /home/d-salamanca/airflow-env/lib/python3.12/site-packages/airflow/example_dags/example_inlet_event_extra.py for tasks to queue
[2024-09-29T08:25:35.364-0500] {logging_mixin.py:190} INFO - [2024-09-29T08:25:35.363-0500] {dagbag.py:588} INFO - Filling up the DagBag from /home/d-salamanca/airflow-env/lib/python3.12/site-packages/airflow/example_dags/example_inlet_event_extra.py
[2024-09-29T08:25:35.882-0500] {processor.py:925} INFO - DAG(s) 'read_dataset_event', 'read_dataset_event_from_classic' retrieved from /home/d-salamanca/airflow-env/lib/python3.12/site-packages/airflow/example_dags/example_inlet_event_extra.py
[2024-09-29T08:25:35.980-0500] {logging_mixin.py:190} INFO - [2024-09-29T08:25:35.980-0500] {dag.py:3239} INFO - Sync 2 DAGs
[2024-09-29T08:25:36.025-0500] {logging_mixin.py:190} INFO - [2024-09-29T08:25:36.024-0500] {dag.py:4180} INFO - Setting next_dagrun for read_dataset_event to 2024-09-28 00:00:00+00:00, run_after=2024-09-29 00:00:00+00:00
[2024-09-29T08:25:36.046-0500] {logging_mixin.py:190} INFO - [2024-09-29T08:25:36.046-0500] {dag.py:4180} INFO - Setting next_dagrun for read_dataset_event_from_classic to 2024-09-28 00:00:00+00:00, run_after=2024-09-29 00:00:00+00:00
[2024-09-29T08:25:36.125-0500] {processor.py:208} INFO - Processing /home/d-salamanca/airflow-env/lib/python3.12/site-packages/airflow/example_dags/example_inlet_event_extra.py took 0.981 seconds
[2024-09-29T08:27:01.705-0500] {processor.py:186} INFO - Started process (PID=30136) to work on /home/d-salamanca/airflow-env/lib/python3.12/site-packages/airflow/example_dags/example_inlet_event_extra.py
[2024-09-29T08:27:01.707-0500] {processor.py:914} INFO - Processing file /home/d-salamanca/airflow-env/lib/python3.12/site-packages/airflow/example_dags/example_inlet_event_extra.py for tasks to queue
[2024-09-29T08:27:01.713-0500] {logging_mixin.py:190} INFO - [2024-09-29T08:27:01.712-0500] {dagbag.py:588} INFO - Filling up the DagBag from /home/d-salamanca/airflow-env/lib/python3.12/site-packages/airflow/example_dags/example_inlet_event_extra.py
[2024-09-29T08:27:01.730-0500] {processor.py:925} INFO - DAG(s) 'read_dataset_event', 'read_dataset_event_from_classic' retrieved from /home/d-salamanca/airflow-env/lib/python3.12/site-packages/airflow/example_dags/example_inlet_event_extra.py
[2024-09-29T08:27:01.752-0500] {logging_mixin.py:190} INFO - [2024-09-29T08:27:01.751-0500] {dag.py:3239} INFO - Sync 2 DAGs
[2024-09-29T08:27:01.781-0500] {logging_mixin.py:190} INFO - [2024-09-29T08:27:01.781-0500] {dag.py:4180} INFO - Setting next_dagrun for read_dataset_event to 2024-09-28 00:00:00+00:00, run_after=2024-09-29 00:00:00+00:00
[2024-09-29T08:27:01.786-0500] {logging_mixin.py:190} INFO - [2024-09-29T08:27:01.786-0500] {dag.py:4180} INFO - Setting next_dagrun for read_dataset_event_from_classic to 2024-09-28 00:00:00+00:00, run_after=2024-09-29 00:00:00+00:00
[2024-09-29T08:27:01.823-0500] {processor.py:208} INFO - Processing /home/d-salamanca/airflow-env/lib/python3.12/site-packages/airflow/example_dags/example_inlet_event_extra.py took 0.128 seconds
[2024-09-29T08:28:15.835-0500] {processor.py:186} INFO - Started process (PID=30203) to work on /home/d-salamanca/airflow-env/lib/python3.12/site-packages/airflow/example_dags/example_inlet_event_extra.py
[2024-09-29T08:28:15.837-0500] {processor.py:914} INFO - Processing file /home/d-salamanca/airflow-env/lib/python3.12/site-packages/airflow/example_dags/example_inlet_event_extra.py for tasks to queue
[2024-09-29T08:28:15.841-0500] {logging_mixin.py:190} INFO - [2024-09-29T08:28:15.840-0500] {dagbag.py:588} INFO - Filling up the DagBag from /home/d-salamanca/airflow-env/lib/python3.12/site-packages/airflow/example_dags/example_inlet_event_extra.py
[2024-09-29T08:28:15.859-0500] {processor.py:925} INFO - DAG(s) 'read_dataset_event', 'read_dataset_event_from_classic' retrieved from /home/d-salamanca/airflow-env/lib/python3.12/site-packages/airflow/example_dags/example_inlet_event_extra.py
[2024-09-29T08:28:15.881-0500] {logging_mixin.py:190} INFO - [2024-09-29T08:28:15.881-0500] {dag.py:3239} INFO - Sync 2 DAGs
[2024-09-29T08:28:15.908-0500] {logging_mixin.py:190} INFO - [2024-09-29T08:28:15.908-0500] {dag.py:4180} INFO - Setting next_dagrun for read_dataset_event to 2024-09-28 00:00:00+00:00, run_after=2024-09-29 00:00:00+00:00
[2024-09-29T08:28:15.914-0500] {logging_mixin.py:190} INFO - [2024-09-29T08:28:15.913-0500] {dag.py:4180} INFO - Setting next_dagrun for read_dataset_event_from_classic to 2024-09-28 00:00:00+00:00, run_after=2024-09-29 00:00:00+00:00
[2024-09-29T08:28:15.948-0500] {processor.py:208} INFO - Processing /home/d-salamanca/airflow-env/lib/python3.12/site-packages/airflow/example_dags/example_inlet_event_extra.py took 0.121 seconds
[2024-09-29T08:29:35.903-0500] {processor.py:186} INFO - Started process (PID=30273) to work on /home/d-salamanca/airflow-env/lib/python3.12/site-packages/airflow/example_dags/example_inlet_event_extra.py
[2024-09-29T08:29:35.904-0500] {processor.py:914} INFO - Processing file /home/d-salamanca/airflow-env/lib/python3.12/site-packages/airflow/example_dags/example_inlet_event_extra.py for tasks to queue
[2024-09-29T08:29:35.907-0500] {logging_mixin.py:190} INFO - [2024-09-29T08:29:35.906-0500] {dagbag.py:588} INFO - Filling up the DagBag from /home/d-salamanca/airflow-env/lib/python3.12/site-packages/airflow/example_dags/example_inlet_event_extra.py
[2024-09-29T08:29:35.922-0500] {processor.py:925} INFO - DAG(s) 'read_dataset_event', 'read_dataset_event_from_classic' retrieved from /home/d-salamanca/airflow-env/lib/python3.12/site-packages/airflow/example_dags/example_inlet_event_extra.py
[2024-09-29T08:29:35.943-0500] {logging_mixin.py:190} INFO - [2024-09-29T08:29:35.943-0500] {dag.py:3239} INFO - Sync 2 DAGs
[2024-09-29T08:29:35.969-0500] {logging_mixin.py:190} INFO - [2024-09-29T08:29:35.969-0500] {dag.py:4180} INFO - Setting next_dagrun for read_dataset_event to 2024-09-28 00:00:00+00:00, run_after=2024-09-29 00:00:00+00:00
[2024-09-29T08:29:35.974-0500] {logging_mixin.py:190} INFO - [2024-09-29T08:29:35.974-0500] {dag.py:4180} INFO - Setting next_dagrun for read_dataset_event_from_classic to 2024-09-28 00:00:00+00:00, run_after=2024-09-29 00:00:00+00:00
[2024-09-29T08:29:36.058-0500] {processor.py:208} INFO - Processing /home/d-salamanca/airflow-env/lib/python3.12/site-packages/airflow/example_dags/example_inlet_event_extra.py took 0.163 seconds
[2024-09-29T08:31:08.128-0500] {processor.py:186} INFO - Started process (PID=30352) to work on /home/d-salamanca/airflow-env/lib/python3.12/site-packages/airflow/example_dags/example_inlet_event_extra.py
[2024-09-29T08:31:08.129-0500] {processor.py:914} INFO - Processing file /home/d-salamanca/airflow-env/lib/python3.12/site-packages/airflow/example_dags/example_inlet_event_extra.py for tasks to queue
[2024-09-29T08:31:08.132-0500] {logging_mixin.py:190} INFO - [2024-09-29T08:31:08.131-0500] {dagbag.py:588} INFO - Filling up the DagBag from /home/d-salamanca/airflow-env/lib/python3.12/site-packages/airflow/example_dags/example_inlet_event_extra.py
[2024-09-29T08:31:08.147-0500] {processor.py:925} INFO - DAG(s) 'read_dataset_event_from_classic', 'read_dataset_event' retrieved from /home/d-salamanca/airflow-env/lib/python3.12/site-packages/airflow/example_dags/example_inlet_event_extra.py
[2024-09-29T08:31:08.167-0500] {logging_mixin.py:190} INFO - [2024-09-29T08:31:08.166-0500] {dag.py:3239} INFO - Sync 2 DAGs
[2024-09-29T08:31:08.192-0500] {logging_mixin.py:190} INFO - [2024-09-29T08:31:08.191-0500] {dag.py:4180} INFO - Setting next_dagrun for read_dataset_event to 2024-09-28 00:00:00+00:00, run_after=2024-09-29 00:00:00+00:00
[2024-09-29T08:31:08.197-0500] {logging_mixin.py:190} INFO - [2024-09-29T08:31:08.196-0500] {dag.py:4180} INFO - Setting next_dagrun for read_dataset_event_from_classic to 2024-09-28 00:00:00+00:00, run_after=2024-09-29 00:00:00+00:00
[2024-09-29T08:31:08.245-0500] {processor.py:208} INFO - Processing /home/d-salamanca/airflow-env/lib/python3.12/site-packages/airflow/example_dags/example_inlet_event_extra.py took 0.124 seconds
[2024-09-29T08:32:45.974-0500] {processor.py:186} INFO - Started process (PID=30437) to work on /home/d-salamanca/airflow-env/lib/python3.12/site-packages/airflow/example_dags/example_inlet_event_extra.py
[2024-09-29T08:32:45.988-0500] {processor.py:914} INFO - Processing file /home/d-salamanca/airflow-env/lib/python3.12/site-packages/airflow/example_dags/example_inlet_event_extra.py for tasks to queue
[2024-09-29T08:32:45.992-0500] {logging_mixin.py:190} INFO - [2024-09-29T08:32:45.991-0500] {dagbag.py:588} INFO - Filling up the DagBag from /home/d-salamanca/airflow-env/lib/python3.12/site-packages/airflow/example_dags/example_inlet_event_extra.py
[2024-09-29T08:32:46.012-0500] {processor.py:925} INFO - DAG(s) 'read_dataset_event', 'read_dataset_event_from_classic' retrieved from /home/d-salamanca/airflow-env/lib/python3.12/site-packages/airflow/example_dags/example_inlet_event_extra.py
[2024-09-29T08:32:46.033-0500] {logging_mixin.py:190} INFO - [2024-09-29T08:32:46.033-0500] {dag.py:3239} INFO - Sync 2 DAGs
[2024-09-29T08:32:46.059-0500] {logging_mixin.py:190} INFO - [2024-09-29T08:32:46.058-0500] {dag.py:4180} INFO - Setting next_dagrun for read_dataset_event to 2024-09-28 00:00:00+00:00, run_after=2024-09-29 00:00:00+00:00
[2024-09-29T08:32:46.064-0500] {logging_mixin.py:190} INFO - [2024-09-29T08:32:46.063-0500] {dag.py:4180} INFO - Setting next_dagrun for read_dataset_event_from_classic to 2024-09-28 00:00:00+00:00, run_after=2024-09-29 00:00:00+00:00
[2024-09-29T08:32:46.143-0500] {processor.py:208} INFO - Processing /home/d-salamanca/airflow-env/lib/python3.12/site-packages/airflow/example_dags/example_inlet_event_extra.py took 0.176 seconds
[2024-09-29T08:34:04.678-0500] {processor.py:186} INFO - Started process (PID=30505) to work on /home/d-salamanca/airflow-env/lib/python3.12/site-packages/airflow/example_dags/example_inlet_event_extra.py
[2024-09-29T08:34:04.711-0500] {processor.py:914} INFO - Processing file /home/d-salamanca/airflow-env/lib/python3.12/site-packages/airflow/example_dags/example_inlet_event_extra.py for tasks to queue
[2024-09-29T08:34:04.716-0500] {logging_mixin.py:190} INFO - [2024-09-29T08:34:04.715-0500] {dagbag.py:588} INFO - Filling up the DagBag from /home/d-salamanca/airflow-env/lib/python3.12/site-packages/airflow/example_dags/example_inlet_event_extra.py
[2024-09-29T08:34:04.740-0500] {processor.py:925} INFO - DAG(s) 'read_dataset_event_from_classic', 'read_dataset_event' retrieved from /home/d-salamanca/airflow-env/lib/python3.12/site-packages/airflow/example_dags/example_inlet_event_extra.py
[2024-09-29T08:34:04.762-0500] {logging_mixin.py:190} INFO - [2024-09-29T08:34:04.761-0500] {dag.py:3239} INFO - Sync 2 DAGs
[2024-09-29T08:34:04.789-0500] {logging_mixin.py:190} INFO - [2024-09-29T08:34:04.788-0500] {dag.py:4180} INFO - Setting next_dagrun for read_dataset_event to 2024-09-28 00:00:00+00:00, run_after=2024-09-29 00:00:00+00:00
[2024-09-29T08:34:04.793-0500] {logging_mixin.py:190} INFO - [2024-09-29T08:34:04.793-0500] {dag.py:4180} INFO - Setting next_dagrun for read_dataset_event_from_classic to 2024-09-28 00:00:00+00:00, run_after=2024-09-29 00:00:00+00:00
[2024-09-29T08:34:04.819-0500] {processor.py:208} INFO - Processing /home/d-salamanca/airflow-env/lib/python3.12/site-packages/airflow/example_dags/example_inlet_event_extra.py took 0.148 seconds
[2024-09-29T08:36:01.109-0500] {processor.py:186} INFO - Started process (PID=30767) to work on /home/d-salamanca/airflow-env/lib/python3.12/site-packages/airflow/example_dags/example_inlet_event_extra.py
[2024-09-29T08:36:01.134-0500] {processor.py:914} INFO - Processing file /home/d-salamanca/airflow-env/lib/python3.12/site-packages/airflow/example_dags/example_inlet_event_extra.py for tasks to queue
[2024-09-29T08:36:01.143-0500] {logging_mixin.py:190} INFO - [2024-09-29T08:36:01.141-0500] {dagbag.py:588} INFO - Filling up the DagBag from /home/d-salamanca/airflow-env/lib/python3.12/site-packages/airflow/example_dags/example_inlet_event_extra.py
[2024-09-29T08:36:01.233-0500] {processor.py:925} INFO - DAG(s) 'read_dataset_event', 'read_dataset_event_from_classic' retrieved from /home/d-salamanca/airflow-env/lib/python3.12/site-packages/airflow/example_dags/example_inlet_event_extra.py
[2024-09-29T08:36:01.254-0500] {logging_mixin.py:190} INFO - [2024-09-29T08:36:01.254-0500] {dag.py:3239} INFO - Sync 2 DAGs
[2024-09-29T08:36:01.282-0500] {logging_mixin.py:190} INFO - [2024-09-29T08:36:01.282-0500] {dag.py:4180} INFO - Setting next_dagrun for read_dataset_event to 2024-09-28 00:00:00+00:00, run_after=2024-09-29 00:00:00+00:00
[2024-09-29T08:36:01.294-0500] {logging_mixin.py:190} INFO - [2024-09-29T08:36:01.293-0500] {dag.py:4180} INFO - Setting next_dagrun for read_dataset_event_from_classic to 2024-09-28 00:00:00+00:00, run_after=2024-09-29 00:00:00+00:00
[2024-09-29T08:36:01.594-0500] {processor.py:208} INFO - Processing /home/d-salamanca/airflow-env/lib/python3.12/site-packages/airflow/example_dags/example_inlet_event_extra.py took 0.497 seconds
[2024-09-29T08:38:09.367-0500] {processor.py:186} INFO - Started process (PID=31055) to work on /home/d-salamanca/airflow-env/lib/python3.12/site-packages/airflow/example_dags/example_inlet_event_extra.py
[2024-09-29T08:38:09.393-0500] {processor.py:914} INFO - Processing file /home/d-salamanca/airflow-env/lib/python3.12/site-packages/airflow/example_dags/example_inlet_event_extra.py for tasks to queue
[2024-09-29T08:38:09.396-0500] {logging_mixin.py:190} INFO - [2024-09-29T08:38:09.395-0500] {dagbag.py:588} INFO - Filling up the DagBag from /home/d-salamanca/airflow-env/lib/python3.12/site-packages/airflow/example_dags/example_inlet_event_extra.py
[2024-09-29T08:38:09.430-0500] {processor.py:925} INFO - DAG(s) 'read_dataset_event_from_classic', 'read_dataset_event' retrieved from /home/d-salamanca/airflow-env/lib/python3.12/site-packages/airflow/example_dags/example_inlet_event_extra.py
[2024-09-29T08:38:09.452-0500] {logging_mixin.py:190} INFO - [2024-09-29T08:38:09.452-0500] {dag.py:3239} INFO - Sync 2 DAGs
[2024-09-29T08:38:09.479-0500] {logging_mixin.py:190} INFO - [2024-09-29T08:38:09.478-0500] {dag.py:4180} INFO - Setting next_dagrun for read_dataset_event to 2024-09-28 00:00:00+00:00, run_after=2024-09-29 00:00:00+00:00
[2024-09-29T08:38:09.484-0500] {logging_mixin.py:190} INFO - [2024-09-29T08:38:09.484-0500] {dag.py:4180} INFO - Setting next_dagrun for read_dataset_event_from_classic to 2024-09-28 00:00:00+00:00, run_after=2024-09-29 00:00:00+00:00
[2024-09-29T08:38:09.516-0500] {processor.py:208} INFO - Processing /home/d-salamanca/airflow-env/lib/python3.12/site-packages/airflow/example_dags/example_inlet_event_extra.py took 0.158 seconds
[2024-09-29T08:39:35.765-0500] {processor.py:186} INFO - Started process (PID=31127) to work on /home/d-salamanca/airflow-env/lib/python3.12/site-packages/airflow/example_dags/example_inlet_event_extra.py
[2024-09-29T08:39:35.803-0500] {processor.py:914} INFO - Processing file /home/d-salamanca/airflow-env/lib/python3.12/site-packages/airflow/example_dags/example_inlet_event_extra.py for tasks to queue
[2024-09-29T08:39:35.810-0500] {logging_mixin.py:190} INFO - [2024-09-29T08:39:35.808-0500] {dagbag.py:588} INFO - Filling up the DagBag from /home/d-salamanca/airflow-env/lib/python3.12/site-packages/airflow/example_dags/example_inlet_event_extra.py
[2024-09-29T08:39:35.848-0500] {processor.py:925} INFO - DAG(s) 'read_dataset_event_from_classic', 'read_dataset_event' retrieved from /home/d-salamanca/airflow-env/lib/python3.12/site-packages/airflow/example_dags/example_inlet_event_extra.py
[2024-09-29T08:39:35.870-0500] {logging_mixin.py:190} INFO - [2024-09-29T08:39:35.870-0500] {dag.py:3239} INFO - Sync 2 DAGs
[2024-09-29T08:39:35.896-0500] {logging_mixin.py:190} INFO - [2024-09-29T08:39:35.896-0500] {dag.py:4180} INFO - Setting next_dagrun for read_dataset_event to 2024-09-28 00:00:00+00:00, run_after=2024-09-29 00:00:00+00:00
[2024-09-29T08:39:35.901-0500] {logging_mixin.py:190} INFO - [2024-09-29T08:39:35.901-0500] {dag.py:4180} INFO - Setting next_dagrun for read_dataset_event_from_classic to 2024-09-28 00:00:00+00:00, run_after=2024-09-29 00:00:00+00:00
[2024-09-29T08:39:35.975-0500] {processor.py:208} INFO - Processing /home/d-salamanca/airflow-env/lib/python3.12/site-packages/airflow/example_dags/example_inlet_event_extra.py took 0.218 seconds
[2024-09-29T08:41:14.602-0500] {processor.py:186} INFO - Started process (PID=31205) to work on /home/d-salamanca/airflow-env/lib/python3.12/site-packages/airflow/example_dags/example_inlet_event_extra.py
[2024-09-29T08:41:14.644-0500] {processor.py:914} INFO - Processing file /home/d-salamanca/airflow-env/lib/python3.12/site-packages/airflow/example_dags/example_inlet_event_extra.py for tasks to queue
[2024-09-29T08:41:14.650-0500] {logging_mixin.py:190} INFO - [2024-09-29T08:41:14.649-0500] {dagbag.py:588} INFO - Filling up the DagBag from /home/d-salamanca/airflow-env/lib/python3.12/site-packages/airflow/example_dags/example_inlet_event_extra.py
[2024-09-29T08:41:14.670-0500] {processor.py:925} INFO - DAG(s) 'read_dataset_event', 'read_dataset_event_from_classic' retrieved from /home/d-salamanca/airflow-env/lib/python3.12/site-packages/airflow/example_dags/example_inlet_event_extra.py
[2024-09-29T08:41:14.692-0500] {logging_mixin.py:190} INFO - [2024-09-29T08:41:14.691-0500] {dag.py:3239} INFO - Sync 2 DAGs
[2024-09-29T08:41:14.722-0500] {logging_mixin.py:190} INFO - [2024-09-29T08:41:14.722-0500] {dag.py:4180} INFO - Setting next_dagrun for read_dataset_event to 2024-09-28 00:00:00+00:00, run_after=2024-09-29 00:00:00+00:00
[2024-09-29T08:41:14.727-0500] {logging_mixin.py:190} INFO - [2024-09-29T08:41:14.727-0500] {dag.py:4180} INFO - Setting next_dagrun for read_dataset_event_from_classic to 2024-09-28 00:00:00+00:00, run_after=2024-09-29 00:00:00+00:00
[2024-09-29T08:41:14.796-0500] {processor.py:208} INFO - Processing /home/d-salamanca/airflow-env/lib/python3.12/site-packages/airflow/example_dags/example_inlet_event_extra.py took 0.204 seconds
[2024-09-29T08:42:43.318-0500] {processor.py:186} INFO - Started process (PID=31277) to work on /home/d-salamanca/airflow-env/lib/python3.12/site-packages/airflow/example_dags/example_inlet_event_extra.py
[2024-09-29T08:42:43.343-0500] {processor.py:914} INFO - Processing file /home/d-salamanca/airflow-env/lib/python3.12/site-packages/airflow/example_dags/example_inlet_event_extra.py for tasks to queue
[2024-09-29T08:42:43.346-0500] {logging_mixin.py:190} INFO - [2024-09-29T08:42:43.346-0500] {dagbag.py:588} INFO - Filling up the DagBag from /home/d-salamanca/airflow-env/lib/python3.12/site-packages/airflow/example_dags/example_inlet_event_extra.py
[2024-09-29T08:42:43.363-0500] {processor.py:925} INFO - DAG(s) 'read_dataset_event', 'read_dataset_event_from_classic' retrieved from /home/d-salamanca/airflow-env/lib/python3.12/site-packages/airflow/example_dags/example_inlet_event_extra.py
[2024-09-29T08:42:43.385-0500] {logging_mixin.py:190} INFO - [2024-09-29T08:42:43.384-0500] {dag.py:3239} INFO - Sync 2 DAGs
[2024-09-29T08:42:43.414-0500] {logging_mixin.py:190} INFO - [2024-09-29T08:42:43.413-0500] {dag.py:4180} INFO - Setting next_dagrun for read_dataset_event to 2024-09-28 00:00:00+00:00, run_after=2024-09-29 00:00:00+00:00
[2024-09-29T08:42:43.420-0500] {logging_mixin.py:190} INFO - [2024-09-29T08:42:43.420-0500] {dag.py:4180} INFO - Setting next_dagrun for read_dataset_event_from_classic to 2024-09-28 00:00:00+00:00, run_after=2024-09-29 00:00:00+00:00
[2024-09-29T08:42:43.518-0500] {processor.py:208} INFO - Processing /home/d-salamanca/airflow-env/lib/python3.12/site-packages/airflow/example_dags/example_inlet_event_extra.py took 0.207 seconds
[2024-09-29T08:44:11.000-0500] {processor.py:186} INFO - Started process (PID=31348) to work on /home/d-salamanca/airflow-env/lib/python3.12/site-packages/airflow/example_dags/example_inlet_event_extra.py
[2024-09-29T08:44:11.001-0500] {processor.py:914} INFO - Processing file /home/d-salamanca/airflow-env/lib/python3.12/site-packages/airflow/example_dags/example_inlet_event_extra.py for tasks to queue
[2024-09-29T08:44:11.004-0500] {logging_mixin.py:190} INFO - [2024-09-29T08:44:11.003-0500] {dagbag.py:588} INFO - Filling up the DagBag from /home/d-salamanca/airflow-env/lib/python3.12/site-packages/airflow/example_dags/example_inlet_event_extra.py
[2024-09-29T08:44:11.019-0500] {processor.py:925} INFO - DAG(s) 'read_dataset_event_from_classic', 'read_dataset_event' retrieved from /home/d-salamanca/airflow-env/lib/python3.12/site-packages/airflow/example_dags/example_inlet_event_extra.py
[2024-09-29T08:44:11.041-0500] {logging_mixin.py:190} INFO - [2024-09-29T08:44:11.041-0500] {dag.py:3239} INFO - Sync 2 DAGs
[2024-09-29T08:44:11.069-0500] {logging_mixin.py:190} INFO - [2024-09-29T08:44:11.068-0500] {dag.py:4180} INFO - Setting next_dagrun for read_dataset_event to 2024-09-28 00:00:00+00:00, run_after=2024-09-29 00:00:00+00:00
[2024-09-29T08:44:11.074-0500] {logging_mixin.py:190} INFO - [2024-09-29T08:44:11.074-0500] {dag.py:4180} INFO - Setting next_dagrun for read_dataset_event_from_classic to 2024-09-28 00:00:00+00:00, run_after=2024-09-29 00:00:00+00:00
[2024-09-29T08:44:11.132-0500] {processor.py:208} INFO - Processing /home/d-salamanca/airflow-env/lib/python3.12/site-packages/airflow/example_dags/example_inlet_event_extra.py took 0.140 seconds
[2024-09-29T08:45:34.060-0500] {processor.py:186} INFO - Started process (PID=31431) to work on /home/d-salamanca/airflow-env/lib/python3.12/site-packages/airflow/example_dags/example_inlet_event_extra.py
[2024-09-29T08:45:34.166-0500] {processor.py:914} INFO - Processing file /home/d-salamanca/airflow-env/lib/python3.12/site-packages/airflow/example_dags/example_inlet_event_extra.py for tasks to queue
[2024-09-29T08:45:34.172-0500] {logging_mixin.py:190} INFO - [2024-09-29T08:45:34.171-0500] {dagbag.py:588} INFO - Filling up the DagBag from /home/d-salamanca/airflow-env/lib/python3.12/site-packages/airflow/example_dags/example_inlet_event_extra.py
[2024-09-29T08:45:34.196-0500] {processor.py:925} INFO - DAG(s) 'read_dataset_event', 'read_dataset_event_from_classic' retrieved from /home/d-salamanca/airflow-env/lib/python3.12/site-packages/airflow/example_dags/example_inlet_event_extra.py
[2024-09-29T08:45:34.216-0500] {logging_mixin.py:190} INFO - [2024-09-29T08:45:34.216-0500] {dag.py:3239} INFO - Sync 2 DAGs
[2024-09-29T08:45:34.242-0500] {logging_mixin.py:190} INFO - [2024-09-29T08:45:34.241-0500] {dag.py:4180} INFO - Setting next_dagrun for read_dataset_event to 2024-09-28 00:00:00+00:00, run_after=2024-09-29 00:00:00+00:00
[2024-09-29T08:45:34.246-0500] {logging_mixin.py:190} INFO - [2024-09-29T08:45:34.246-0500] {dag.py:4180} INFO - Setting next_dagrun for read_dataset_event_from_classic to 2024-09-28 00:00:00+00:00, run_after=2024-09-29 00:00:00+00:00
[2024-09-29T08:45:34.283-0500] {processor.py:208} INFO - Processing /home/d-salamanca/airflow-env/lib/python3.12/site-packages/airflow/example_dags/example_inlet_event_extra.py took 0.232 seconds
[2024-09-29T08:47:34.798-0500] {processor.py:186} INFO - Started process (PID=31503) to work on /home/d-salamanca/airflow-env/lib/python3.12/site-packages/airflow/example_dags/example_inlet_event_extra.py
[2024-09-29T08:47:34.799-0500] {processor.py:914} INFO - Processing file /home/d-salamanca/airflow-env/lib/python3.12/site-packages/airflow/example_dags/example_inlet_event_extra.py for tasks to queue
[2024-09-29T08:47:34.802-0500] {logging_mixin.py:190} INFO - [2024-09-29T08:47:34.801-0500] {dagbag.py:588} INFO - Filling up the DagBag from /home/d-salamanca/airflow-env/lib/python3.12/site-packages/airflow/example_dags/example_inlet_event_extra.py
[2024-09-29T08:47:34.817-0500] {processor.py:925} INFO - DAG(s) 'read_dataset_event', 'read_dataset_event_from_classic' retrieved from /home/d-salamanca/airflow-env/lib/python3.12/site-packages/airflow/example_dags/example_inlet_event_extra.py
[2024-09-29T08:47:34.837-0500] {logging_mixin.py:190} INFO - [2024-09-29T08:47:34.837-0500] {dag.py:3239} INFO - Sync 2 DAGs
[2024-09-29T08:47:34.863-0500] {logging_mixin.py:190} INFO - [2024-09-29T08:47:34.863-0500] {dag.py:4180} INFO - Setting next_dagrun for read_dataset_event to 2024-09-28 00:00:00+00:00, run_after=2024-09-29 00:00:00+00:00
[2024-09-29T08:47:34.869-0500] {logging_mixin.py:190} INFO - [2024-09-29T08:47:34.869-0500] {dag.py:4180} INFO - Setting next_dagrun for read_dataset_event_from_classic to 2024-09-28 00:00:00+00:00, run_after=2024-09-29 00:00:00+00:00
[2024-09-29T08:47:34.900-0500] {processor.py:208} INFO - Processing /home/d-salamanca/airflow-env/lib/python3.12/site-packages/airflow/example_dags/example_inlet_event_extra.py took 0.110 seconds
[2024-09-29T08:48:59.109-0500] {processor.py:186} INFO - Started process (PID=31591) to work on /home/d-salamanca/airflow-env/lib/python3.12/site-packages/airflow/example_dags/example_inlet_event_extra.py
[2024-09-29T08:48:59.176-0500] {processor.py:914} INFO - Processing file /home/d-salamanca/airflow-env/lib/python3.12/site-packages/airflow/example_dags/example_inlet_event_extra.py for tasks to queue
[2024-09-29T08:48:59.180-0500] {logging_mixin.py:190} INFO - [2024-09-29T08:48:59.179-0500] {dagbag.py:588} INFO - Filling up the DagBag from /home/d-salamanca/airflow-env/lib/python3.12/site-packages/airflow/example_dags/example_inlet_event_extra.py
[2024-09-29T08:48:59.201-0500] {processor.py:925} INFO - DAG(s) 'read_dataset_event_from_classic', 'read_dataset_event' retrieved from /home/d-salamanca/airflow-env/lib/python3.12/site-packages/airflow/example_dags/example_inlet_event_extra.py
[2024-09-29T08:48:59.226-0500] {logging_mixin.py:190} INFO - [2024-09-29T08:48:59.226-0500] {dag.py:3239} INFO - Sync 2 DAGs
[2024-09-29T08:48:59.253-0500] {logging_mixin.py:190} INFO - [2024-09-29T08:48:59.253-0500] {dag.py:4180} INFO - Setting next_dagrun for read_dataset_event to 2024-09-28 00:00:00+00:00, run_after=2024-09-29 00:00:00+00:00
[2024-09-29T08:48:59.258-0500] {logging_mixin.py:190} INFO - [2024-09-29T08:48:59.258-0500] {dag.py:4180} INFO - Setting next_dagrun for read_dataset_event_from_classic to 2024-09-28 00:00:00+00:00, run_after=2024-09-29 00:00:00+00:00
[2024-09-29T08:48:59.306-0500] {processor.py:208} INFO - Processing /home/d-salamanca/airflow-env/lib/python3.12/site-packages/airflow/example_dags/example_inlet_event_extra.py took 0.204 seconds
[2024-09-29T08:50:29.865-0500] {processor.py:186} INFO - Started process (PID=31681) to work on /home/d-salamanca/airflow-env/lib/python3.12/site-packages/airflow/example_dags/example_inlet_event_extra.py
[2024-09-29T08:50:29.881-0500] {processor.py:914} INFO - Processing file /home/d-salamanca/airflow-env/lib/python3.12/site-packages/airflow/example_dags/example_inlet_event_extra.py for tasks to queue
[2024-09-29T08:50:29.884-0500] {logging_mixin.py:190} INFO - [2024-09-29T08:50:29.884-0500] {dagbag.py:588} INFO - Filling up the DagBag from /home/d-salamanca/airflow-env/lib/python3.12/site-packages/airflow/example_dags/example_inlet_event_extra.py
[2024-09-29T08:50:29.900-0500] {processor.py:925} INFO - DAG(s) 'read_dataset_event', 'read_dataset_event_from_classic' retrieved from /home/d-salamanca/airflow-env/lib/python3.12/site-packages/airflow/example_dags/example_inlet_event_extra.py
[2024-09-29T08:50:29.920-0500] {logging_mixin.py:190} INFO - [2024-09-29T08:50:29.920-0500] {dag.py:3239} INFO - Sync 2 DAGs
[2024-09-29T08:50:29.946-0500] {logging_mixin.py:190} INFO - [2024-09-29T08:50:29.945-0500] {dag.py:4180} INFO - Setting next_dagrun for read_dataset_event to 2024-09-28 00:00:00+00:00, run_after=2024-09-29 00:00:00+00:00
[2024-09-29T08:50:29.951-0500] {logging_mixin.py:190} INFO - [2024-09-29T08:50:29.950-0500] {dag.py:4180} INFO - Setting next_dagrun for read_dataset_event_from_classic to 2024-09-28 00:00:00+00:00, run_after=2024-09-29 00:00:00+00:00
[2024-09-29T08:50:30.026-0500] {processor.py:208} INFO - Processing /home/d-salamanca/airflow-env/lib/python3.12/site-packages/airflow/example_dags/example_inlet_event_extra.py took 0.168 seconds
[2024-09-29T08:53:06.988-0500] {processor.py:186} INFO - Started process (PID=31976) to work on /home/d-salamanca/airflow-env/lib/python3.12/site-packages/airflow/example_dags/example_inlet_event_extra.py
[2024-09-29T08:53:07.018-0500] {processor.py:914} INFO - Processing file /home/d-salamanca/airflow-env/lib/python3.12/site-packages/airflow/example_dags/example_inlet_event_extra.py for tasks to queue
[2024-09-29T08:53:07.021-0500] {logging_mixin.py:190} INFO - [2024-09-29T08:53:07.021-0500] {dagbag.py:588} INFO - Filling up the DagBag from /home/d-salamanca/airflow-env/lib/python3.12/site-packages/airflow/example_dags/example_inlet_event_extra.py
[2024-09-29T08:53:07.057-0500] {processor.py:925} INFO - DAG(s) 'read_dataset_event_from_classic', 'read_dataset_event' retrieved from /home/d-salamanca/airflow-env/lib/python3.12/site-packages/airflow/example_dags/example_inlet_event_extra.py
[2024-09-29T08:53:07.079-0500] {logging_mixin.py:190} INFO - [2024-09-29T08:53:07.078-0500] {dag.py:3239} INFO - Sync 2 DAGs
[2024-09-29T08:53:07.105-0500] {logging_mixin.py:190} INFO - [2024-09-29T08:53:07.105-0500] {dag.py:4180} INFO - Setting next_dagrun for read_dataset_event to 2024-09-28 00:00:00+00:00, run_after=2024-09-29 00:00:00+00:00
[2024-09-29T08:53:07.110-0500] {logging_mixin.py:190} INFO - [2024-09-29T08:53:07.110-0500] {dag.py:4180} INFO - Setting next_dagrun for read_dataset_event_from_classic to 2024-09-28 00:00:00+00:00, run_after=2024-09-29 00:00:00+00:00
[2024-09-29T08:53:07.368-0500] {processor.py:208} INFO - Processing /home/d-salamanca/airflow-env/lib/python3.12/site-packages/airflow/example_dags/example_inlet_event_extra.py took 0.389 seconds
[2024-09-29T08:54:41.892-0500] {processor.py:186} INFO - Started process (PID=32053) to work on /home/d-salamanca/airflow-env/lib/python3.12/site-packages/airflow/example_dags/example_inlet_event_extra.py
[2024-09-29T08:54:41.919-0500] {processor.py:914} INFO - Processing file /home/d-salamanca/airflow-env/lib/python3.12/site-packages/airflow/example_dags/example_inlet_event_extra.py for tasks to queue
[2024-09-29T08:54:41.922-0500] {logging_mixin.py:190} INFO - [2024-09-29T08:54:41.921-0500] {dagbag.py:588} INFO - Filling up the DagBag from /home/d-salamanca/airflow-env/lib/python3.12/site-packages/airflow/example_dags/example_inlet_event_extra.py
[2024-09-29T08:54:41.939-0500] {processor.py:925} INFO - DAG(s) 'read_dataset_event', 'read_dataset_event_from_classic' retrieved from /home/d-salamanca/airflow-env/lib/python3.12/site-packages/airflow/example_dags/example_inlet_event_extra.py
[2024-09-29T08:54:41.960-0500] {logging_mixin.py:190} INFO - [2024-09-29T08:54:41.960-0500] {dag.py:3239} INFO - Sync 2 DAGs
[2024-09-29T08:54:41.984-0500] {logging_mixin.py:190} INFO - [2024-09-29T08:54:41.984-0500] {dag.py:4180} INFO - Setting next_dagrun for read_dataset_event to 2024-09-28 00:00:00+00:00, run_after=2024-09-29 00:00:00+00:00
[2024-09-29T08:54:41.989-0500] {logging_mixin.py:190} INFO - [2024-09-29T08:54:41.989-0500] {dag.py:4180} INFO - Setting next_dagrun for read_dataset_event_from_classic to 2024-09-28 00:00:00+00:00, run_after=2024-09-29 00:00:00+00:00
[2024-09-29T08:54:42.027-0500] {processor.py:208} INFO - Processing /home/d-salamanca/airflow-env/lib/python3.12/site-packages/airflow/example_dags/example_inlet_event_extra.py took 0.147 seconds
[2024-09-29T08:56:19.404-0500] {processor.py:186} INFO - Started process (PID=32130) to work on /home/d-salamanca/airflow-env/lib/python3.12/site-packages/airflow/example_dags/example_inlet_event_extra.py
[2024-09-29T08:56:19.612-0500] {processor.py:914} INFO - Processing file /home/d-salamanca/airflow-env/lib/python3.12/site-packages/airflow/example_dags/example_inlet_event_extra.py for tasks to queue
[2024-09-29T08:56:19.618-0500] {logging_mixin.py:190} INFO - [2024-09-29T08:56:19.617-0500] {dagbag.py:588} INFO - Filling up the DagBag from /home/d-salamanca/airflow-env/lib/python3.12/site-packages/airflow/example_dags/example_inlet_event_extra.py
[2024-09-29T08:56:19.663-0500] {processor.py:925} INFO - DAG(s) 'read_dataset_event_from_classic', 'read_dataset_event' retrieved from /home/d-salamanca/airflow-env/lib/python3.12/site-packages/airflow/example_dags/example_inlet_event_extra.py
[2024-09-29T08:56:19.683-0500] {logging_mixin.py:190} INFO - [2024-09-29T08:56:19.683-0500] {dag.py:3239} INFO - Sync 2 DAGs
[2024-09-29T08:56:19.706-0500] {logging_mixin.py:190} INFO - [2024-09-29T08:56:19.706-0500] {dag.py:4180} INFO - Setting next_dagrun for read_dataset_event to 2024-09-28 00:00:00+00:00, run_after=2024-09-29 00:00:00+00:00
[2024-09-29T08:56:19.711-0500] {logging_mixin.py:190} INFO - [2024-09-29T08:56:19.711-0500] {dag.py:4180} INFO - Setting next_dagrun for read_dataset_event_from_classic to 2024-09-28 00:00:00+00:00, run_after=2024-09-29 00:00:00+00:00
[2024-09-29T08:56:20.638-0500] {processor.py:208} INFO - Processing /home/d-salamanca/airflow-env/lib/python3.12/site-packages/airflow/example_dags/example_inlet_event_extra.py took 1.242 seconds
[2024-09-29T08:58:11.580-0500] {processor.py:186} INFO - Started process (PID=32211) to work on /home/d-salamanca/airflow-env/lib/python3.12/site-packages/airflow/example_dags/example_inlet_event_extra.py
[2024-09-29T08:58:11.581-0500] {processor.py:914} INFO - Processing file /home/d-salamanca/airflow-env/lib/python3.12/site-packages/airflow/example_dags/example_inlet_event_extra.py for tasks to queue
[2024-09-29T08:58:11.584-0500] {logging_mixin.py:190} INFO - [2024-09-29T08:58:11.584-0500] {dagbag.py:588} INFO - Filling up the DagBag from /home/d-salamanca/airflow-env/lib/python3.12/site-packages/airflow/example_dags/example_inlet_event_extra.py
[2024-09-29T08:58:11.605-0500] {processor.py:925} INFO - DAG(s) 'read_dataset_event', 'read_dataset_event_from_classic' retrieved from /home/d-salamanca/airflow-env/lib/python3.12/site-packages/airflow/example_dags/example_inlet_event_extra.py
[2024-09-29T08:58:11.625-0500] {logging_mixin.py:190} INFO - [2024-09-29T08:58:11.625-0500] {dag.py:3239} INFO - Sync 2 DAGs
[2024-09-29T08:58:11.649-0500] {logging_mixin.py:190} INFO - [2024-09-29T08:58:11.649-0500] {dag.py:4180} INFO - Setting next_dagrun for read_dataset_event to 2024-09-28 00:00:00+00:00, run_after=2024-09-29 00:00:00+00:00
[2024-09-29T08:58:11.654-0500] {logging_mixin.py:190} INFO - [2024-09-29T08:58:11.654-0500] {dag.py:4180} INFO - Setting next_dagrun for read_dataset_event_from_classic to 2024-09-28 00:00:00+00:00, run_after=2024-09-29 00:00:00+00:00
[2024-09-29T08:58:11.726-0500] {processor.py:208} INFO - Processing /home/d-salamanca/airflow-env/lib/python3.12/site-packages/airflow/example_dags/example_inlet_event_extra.py took 0.153 seconds
[2024-09-29T09:00:06.075-0500] {processor.py:186} INFO - Started process (PID=32464) to work on /home/d-salamanca/airflow-env/lib/python3.12/site-packages/airflow/example_dags/example_inlet_event_extra.py
[2024-09-29T09:00:06.110-0500] {processor.py:914} INFO - Processing file /home/d-salamanca/airflow-env/lib/python3.12/site-packages/airflow/example_dags/example_inlet_event_extra.py for tasks to queue
[2024-09-29T09:00:06.116-0500] {logging_mixin.py:190} INFO - [2024-09-29T09:00:06.115-0500] {dagbag.py:588} INFO - Filling up the DagBag from /home/d-salamanca/airflow-env/lib/python3.12/site-packages/airflow/example_dags/example_inlet_event_extra.py
[2024-09-29T09:00:06.260-0500] {processor.py:925} INFO - DAG(s) 'read_dataset_event_from_classic', 'read_dataset_event' retrieved from /home/d-salamanca/airflow-env/lib/python3.12/site-packages/airflow/example_dags/example_inlet_event_extra.py
[2024-09-29T09:00:06.280-0500] {logging_mixin.py:190} INFO - [2024-09-29T09:00:06.280-0500] {dag.py:3239} INFO - Sync 2 DAGs
[2024-09-29T09:00:06.311-0500] {logging_mixin.py:190} INFO - [2024-09-29T09:00:06.310-0500] {dag.py:4180} INFO - Setting next_dagrun for read_dataset_event to 2024-09-28 00:00:00+00:00, run_after=2024-09-29 00:00:00+00:00
[2024-09-29T09:00:06.315-0500] {logging_mixin.py:190} INFO - [2024-09-29T09:00:06.315-0500] {dag.py:4180} INFO - Setting next_dagrun for read_dataset_event_from_classic to 2024-09-28 00:00:00+00:00, run_after=2024-09-29 00:00:00+00:00
[2024-09-29T09:00:06.343-0500] {processor.py:208} INFO - Processing /home/d-salamanca/airflow-env/lib/python3.12/site-packages/airflow/example_dags/example_inlet_event_extra.py took 0.275 seconds
[2024-09-29T09:01:52.768-0500] {processor.py:186} INFO - Started process (PID=32593) to work on /home/d-salamanca/airflow-env/lib/python3.12/site-packages/airflow/example_dags/example_inlet_event_extra.py
[2024-09-29T09:01:52.799-0500] {processor.py:914} INFO - Processing file /home/d-salamanca/airflow-env/lib/python3.12/site-packages/airflow/example_dags/example_inlet_event_extra.py for tasks to queue
[2024-09-29T09:01:52.804-0500] {logging_mixin.py:190} INFO - [2024-09-29T09:01:52.803-0500] {dagbag.py:588} INFO - Filling up the DagBag from /home/d-salamanca/airflow-env/lib/python3.12/site-packages/airflow/example_dags/example_inlet_event_extra.py
[2024-09-29T09:01:52.845-0500] {processor.py:925} INFO - DAG(s) 'read_dataset_event_from_classic', 'read_dataset_event' retrieved from /home/d-salamanca/airflow-env/lib/python3.12/site-packages/airflow/example_dags/example_inlet_event_extra.py
[2024-09-29T09:01:52.865-0500] {logging_mixin.py:190} INFO - [2024-09-29T09:01:52.865-0500] {dag.py:3239} INFO - Sync 2 DAGs
[2024-09-29T09:01:52.890-0500] {logging_mixin.py:190} INFO - [2024-09-29T09:01:52.890-0500] {dag.py:4180} INFO - Setting next_dagrun for read_dataset_event to 2024-09-28 00:00:00+00:00, run_after=2024-09-29 00:00:00+00:00
[2024-09-29T09:01:52.895-0500] {logging_mixin.py:190} INFO - [2024-09-29T09:01:52.895-0500] {dag.py:4180} INFO - Setting next_dagrun for read_dataset_event_from_classic to 2024-09-28 00:00:00+00:00, run_after=2024-09-29 00:00:00+00:00
[2024-09-29T09:01:52.950-0500] {processor.py:208} INFO - Processing /home/d-salamanca/airflow-env/lib/python3.12/site-packages/airflow/example_dags/example_inlet_event_extra.py took 0.188 seconds
[2024-09-29T09:03:19.633-0500] {processor.py:186} INFO - Started process (PID=32663) to work on /home/d-salamanca/airflow-env/lib/python3.12/site-packages/airflow/example_dags/example_inlet_event_extra.py
[2024-09-29T09:03:19.635-0500] {processor.py:914} INFO - Processing file /home/d-salamanca/airflow-env/lib/python3.12/site-packages/airflow/example_dags/example_inlet_event_extra.py for tasks to queue
[2024-09-29T09:03:19.638-0500] {logging_mixin.py:190} INFO - [2024-09-29T09:03:19.637-0500] {dagbag.py:588} INFO - Filling up the DagBag from /home/d-salamanca/airflow-env/lib/python3.12/site-packages/airflow/example_dags/example_inlet_event_extra.py
[2024-09-29T09:03:19.653-0500] {processor.py:925} INFO - DAG(s) 'read_dataset_event', 'read_dataset_event_from_classic' retrieved from /home/d-salamanca/airflow-env/lib/python3.12/site-packages/airflow/example_dags/example_inlet_event_extra.py
[2024-09-29T09:03:19.673-0500] {logging_mixin.py:190} INFO - [2024-09-29T09:03:19.673-0500] {dag.py:3239} INFO - Sync 2 DAGs
[2024-09-29T09:03:19.699-0500] {logging_mixin.py:190} INFO - [2024-09-29T09:03:19.698-0500] {dag.py:4180} INFO - Setting next_dagrun for read_dataset_event to 2024-09-28 00:00:00+00:00, run_after=2024-09-29 00:00:00+00:00
[2024-09-29T09:03:19.703-0500] {logging_mixin.py:190} INFO - [2024-09-29T09:03:19.703-0500] {dag.py:4180} INFO - Setting next_dagrun for read_dataset_event_from_classic to 2024-09-28 00:00:00+00:00, run_after=2024-09-29 00:00:00+00:00
[2024-09-29T09:03:19.899-0500] {processor.py:208} INFO - Processing /home/d-salamanca/airflow-env/lib/python3.12/site-packages/airflow/example_dags/example_inlet_event_extra.py took 0.275 seconds
[2024-09-29T09:05:01.010-0500] {processor.py:186} INFO - Started process (PID=32907) to work on /home/d-salamanca/airflow-env/lib/python3.12/site-packages/airflow/example_dags/example_inlet_event_extra.py
[2024-09-29T09:05:01.044-0500] {processor.py:914} INFO - Processing file /home/d-salamanca/airflow-env/lib/python3.12/site-packages/airflow/example_dags/example_inlet_event_extra.py for tasks to queue
[2024-09-29T09:05:01.049-0500] {logging_mixin.py:190} INFO - [2024-09-29T09:05:01.048-0500] {dagbag.py:588} INFO - Filling up the DagBag from /home/d-salamanca/airflow-env/lib/python3.12/site-packages/airflow/example_dags/example_inlet_event_extra.py
[2024-09-29T09:05:01.838-0500] {processor.py:925} INFO - DAG(s) 'read_dataset_event', 'read_dataset_event_from_classic' retrieved from /home/d-salamanca/airflow-env/lib/python3.12/site-packages/airflow/example_dags/example_inlet_event_extra.py
[2024-09-29T09:05:01.921-0500] {logging_mixin.py:190} INFO - [2024-09-29T09:05:01.921-0500] {dag.py:3239} INFO - Sync 2 DAGs
[2024-09-29T09:05:02.500-0500] {logging_mixin.py:190} INFO - [2024-09-29T09:05:02.378-0500] {dag.py:4180} INFO - Setting next_dagrun for read_dataset_event to 2024-09-28 00:00:00+00:00, run_after=2024-09-29 00:00:00+00:00
[2024-09-29T09:05:02.512-0500] {logging_mixin.py:190} INFO - [2024-09-29T09:05:02.511-0500] {dag.py:4180} INFO - Setting next_dagrun for read_dataset_event_from_classic to 2024-09-28 00:00:00+00:00, run_after=2024-09-29 00:00:00+00:00
[2024-09-29T09:05:03.152-0500] {processor.py:208} INFO - Processing /home/d-salamanca/airflow-env/lib/python3.12/site-packages/airflow/example_dags/example_inlet_event_extra.py took 2.150 seconds
[2024-09-29T09:07:16.412-0500] {processor.py:186} INFO - Started process (PID=33100) to work on /home/d-salamanca/airflow-env/lib/python3.12/site-packages/airflow/example_dags/example_inlet_event_extra.py
[2024-09-29T09:07:16.424-0500] {processor.py:914} INFO - Processing file /home/d-salamanca/airflow-env/lib/python3.12/site-packages/airflow/example_dags/example_inlet_event_extra.py for tasks to queue
[2024-09-29T09:07:16.431-0500] {logging_mixin.py:190} INFO - [2024-09-29T09:07:16.429-0500] {dagbag.py:588} INFO - Filling up the DagBag from /home/d-salamanca/airflow-env/lib/python3.12/site-packages/airflow/example_dags/example_inlet_event_extra.py
[2024-09-29T09:07:16.452-0500] {processor.py:925} INFO - DAG(s) 'read_dataset_event_from_classic', 'read_dataset_event' retrieved from /home/d-salamanca/airflow-env/lib/python3.12/site-packages/airflow/example_dags/example_inlet_event_extra.py
[2024-09-29T09:07:16.473-0500] {logging_mixin.py:190} INFO - [2024-09-29T09:07:16.473-0500] {dag.py:3239} INFO - Sync 2 DAGs
[2024-09-29T09:07:16.497-0500] {logging_mixin.py:190} INFO - [2024-09-29T09:07:16.497-0500] {dag.py:4180} INFO - Setting next_dagrun for read_dataset_event to 2024-09-28 00:00:00+00:00, run_after=2024-09-29 00:00:00+00:00
[2024-09-29T09:07:16.502-0500] {logging_mixin.py:190} INFO - [2024-09-29T09:07:16.502-0500] {dag.py:4180} INFO - Setting next_dagrun for read_dataset_event_from_classic to 2024-09-28 00:00:00+00:00, run_after=2024-09-29 00:00:00+00:00
[2024-09-29T09:07:16.535-0500] {processor.py:208} INFO - Processing /home/d-salamanca/airflow-env/lib/python3.12/site-packages/airflow/example_dags/example_inlet_event_extra.py took 0.132 seconds
[2024-09-29T09:08:27.651-0500] {processor.py:186} INFO - Started process (PID=33167) to work on /home/d-salamanca/airflow-env/lib/python3.12/site-packages/airflow/example_dags/example_inlet_event_extra.py
[2024-09-29T09:08:27.662-0500] {processor.py:914} INFO - Processing file /home/d-salamanca/airflow-env/lib/python3.12/site-packages/airflow/example_dags/example_inlet_event_extra.py for tasks to queue
[2024-09-29T09:08:27.666-0500] {logging_mixin.py:190} INFO - [2024-09-29T09:08:27.665-0500] {dagbag.py:588} INFO - Filling up the DagBag from /home/d-salamanca/airflow-env/lib/python3.12/site-packages/airflow/example_dags/example_inlet_event_extra.py
[2024-09-29T09:08:27.699-0500] {processor.py:925} INFO - DAG(s) 'read_dataset_event', 'read_dataset_event_from_classic' retrieved from /home/d-salamanca/airflow-env/lib/python3.12/site-packages/airflow/example_dags/example_inlet_event_extra.py
[2024-09-29T09:08:27.794-0500] {logging_mixin.py:190} INFO - [2024-09-29T09:08:27.794-0500] {dag.py:3239} INFO - Sync 2 DAGs
[2024-09-29T09:08:27.819-0500] {logging_mixin.py:190} INFO - [2024-09-29T09:08:27.819-0500] {dag.py:4180} INFO - Setting next_dagrun for read_dataset_event to 2024-09-28 00:00:00+00:00, run_after=2024-09-29 00:00:00+00:00
[2024-09-29T09:08:27.825-0500] {logging_mixin.py:190} INFO - [2024-09-29T09:08:27.824-0500] {dag.py:4180} INFO - Setting next_dagrun for read_dataset_event_from_classic to 2024-09-28 00:00:00+00:00, run_after=2024-09-29 00:00:00+00:00
[2024-09-29T09:08:27.960-0500] {processor.py:208} INFO - Processing /home/d-salamanca/airflow-env/lib/python3.12/site-packages/airflow/example_dags/example_inlet_event_extra.py took 0.318 seconds
