[2024-09-29T00:00:58.224-0500] {processor.py:186} INFO - Started process (PID=25814) to work on /home/d-salamanca/airflow-env/lib/python3.12/site-packages/airflow/example_dags/example_outlet_event_extra.py
[2024-09-29T00:00:58.227-0500] {processor.py:914} INFO - Processing file /home/d-salamanca/airflow-env/lib/python3.12/site-packages/airflow/example_dags/example_outlet_event_extra.py for tasks to queue
[2024-09-29T00:00:58.232-0500] {logging_mixin.py:190} INFO - [2024-09-29T00:00:58.231-0500] {dagbag.py:588} INFO - Filling up the DagBag from /home/d-salamanca/airflow-env/lib/python3.12/site-packages/airflow/example_dags/example_outlet_event_extra.py
[2024-09-29T00:00:59.338-0500] {processor.py:925} INFO - DAG(s) 'dataset_with_extra_by_context', 'dataset_with_extra_from_classic_operator', 'dataset_with_extra_by_yield' retrieved from /home/d-salamanca/airflow-env/lib/python3.12/site-packages/airflow/example_dags/example_outlet_event_extra.py
[2024-09-29T00:01:20.988-0500] {logging_mixin.py:190} INFO - [2024-09-29T00:01:20.582-0500] {override.py:1901} INFO - Created Permission View: can edit on DAG:dataset_with_extra_by_context
[2024-09-29T00:01:31.059-0500] {logging_mixin.py:190} INFO - [2024-09-29T00:01:31.058-0500] {override.py:1901} INFO - Created Permission View: can read on DAG:dataset_with_extra_by_context
[2024-09-29T00:01:32.688-0500] {logging_mixin.py:190} INFO - [2024-09-29T00:01:32.687-0500] {override.py:1901} INFO - Created Permission View: can delete on DAG:dataset_with_extra_by_context
[2024-09-29T00:01:34.276-0500] {logging_mixin.py:190} INFO - [2024-09-29T00:01:34.120-0500] {override.py:1901} INFO - Created Permission View: menu access on DAG Run:dataset_with_extra_by_context
[2024-09-29T00:01:34.806-0500] {logging_mixin.py:190} INFO - [2024-09-29T00:01:34.805-0500] {override.py:1901} INFO - Created Permission View: can read on DAG Run:dataset_with_extra_by_context
[2024-09-29T00:01:35.994-0500] {logging_mixin.py:190} INFO - [2024-09-29T00:01:35.993-0500] {override.py:1901} INFO - Created Permission View: can delete on DAG Run:dataset_with_extra_by_context
[2024-09-29T00:01:37.192-0500] {logging_mixin.py:190} INFO - [2024-09-29T00:01:37.191-0500] {override.py:1901} INFO - Created Permission View: can create on DAG Run:dataset_with_extra_by_context
[2024-09-29T00:01:41.746-0500] {logging_mixin.py:190} INFO - [2024-09-29T00:01:41.745-0500] {override.py:1901} INFO - Created Permission View: can edit on DAG:dataset_with_extra_from_classic_operator
[2024-09-29T00:01:42.280-0500] {logging_mixin.py:190} INFO - [2024-09-29T00:01:42.280-0500] {override.py:1901} INFO - Created Permission View: can read on DAG:dataset_with_extra_from_classic_operator
[2024-09-29T00:01:48.344-0500] {logging_mixin.py:190} INFO - [2024-09-29T00:01:48.078-0500] {override.py:1901} INFO - Created Permission View: can delete on DAG:dataset_with_extra_from_classic_operator
[2024-09-29T00:01:54.308-0500] {logging_mixin.py:190} INFO - [2024-09-29T00:01:54.307-0500] {override.py:1901} INFO - Created Permission View: menu access on DAG Run:dataset_with_extra_from_classic_operator
[2024-09-29T00:01:55.358-0500] {logging_mixin.py:190} INFO - [2024-09-29T00:01:55.357-0500] {override.py:1901} INFO - Created Permission View: can read on DAG Run:dataset_with_extra_from_classic_operator
[2024-09-29T00:01:57.436-0500] {logging_mixin.py:190} INFO - [2024-09-29T00:01:57.435-0500] {override.py:1901} INFO - Created Permission View: can delete on DAG Run:dataset_with_extra_from_classic_operator
[2024-09-29T00:01:57.766-0500] {logging_mixin.py:190} INFO - [2024-09-29T00:01:57.765-0500] {override.py:1901} INFO - Created Permission View: can create on DAG Run:dataset_with_extra_from_classic_operator
[2024-09-29T00:01:59.283-0500] {logging_mixin.py:190} INFO - [2024-09-29T00:01:59.247-0500] {override.py:1901} INFO - Created Permission View: can edit on DAG:dataset_with_extra_by_yield
[2024-09-29T00:01:59.839-0500] {logging_mixin.py:190} INFO - [2024-09-29T00:01:59.838-0500] {override.py:1901} INFO - Created Permission View: can read on DAG:dataset_with_extra_by_yield
[2024-09-29T00:02:00.643-0500] {logging_mixin.py:190} INFO - [2024-09-29T00:02:00.642-0500] {override.py:1901} INFO - Created Permission View: can delete on DAG:dataset_with_extra_by_yield
[2024-09-29T00:02:01.579-0500] {logging_mixin.py:190} INFO - [2024-09-29T00:02:01.578-0500] {override.py:1901} INFO - Created Permission View: menu access on DAG Run:dataset_with_extra_by_yield
[2024-09-29T00:02:02.152-0500] {logging_mixin.py:190} INFO - [2024-09-29T00:02:02.151-0500] {override.py:1901} INFO - Created Permission View: can read on DAG Run:dataset_with_extra_by_yield
[2024-09-29T00:02:02.525-0500] {logging_mixin.py:190} INFO - [2024-09-29T00:02:02.524-0500] {override.py:1901} INFO - Created Permission View: can delete on DAG Run:dataset_with_extra_by_yield
[2024-09-29T00:02:02.806-0500] {logging_mixin.py:190} INFO - [2024-09-29T00:02:02.805-0500] {override.py:1901} INFO - Created Permission View: can create on DAG Run:dataset_with_extra_by_yield
[2024-09-29T00:02:02.807-0500] {logging_mixin.py:190} INFO - [2024-09-29T00:02:02.807-0500] {dag.py:3239} INFO - Sync 3 DAGs
[2024-09-29T00:02:03.193-0500] {logging_mixin.py:190} INFO - [2024-09-29T00:02:03.193-0500] {dag.py:3262} INFO - Creating ORM DAG for dataset_with_extra_by_context
[2024-09-29T00:02:03.195-0500] {logging_mixin.py:190} INFO - [2024-09-29T00:02:03.195-0500] {dag.py:3262} INFO - Creating ORM DAG for dataset_with_extra_by_yield
[2024-09-29T00:02:03.196-0500] {logging_mixin.py:190} INFO - [2024-09-29T00:02:03.196-0500] {dag.py:3262} INFO - Creating ORM DAG for dataset_with_extra_from_classic_operator
[2024-09-29T00:02:03.235-0500] {logging_mixin.py:190} INFO - [2024-09-29T00:02:03.235-0500] {dag.py:4180} INFO - Setting next_dagrun for dataset_with_extra_by_context to 2024-09-28 00:00:00+00:00, run_after=2024-09-29 00:00:00+00:00
[2024-09-29T00:02:03.237-0500] {logging_mixin.py:190} INFO - [2024-09-29T00:02:03.236-0500] {dag.py:4180} INFO - Setting next_dagrun for dataset_with_extra_by_yield to 2024-09-28 00:00:00+00:00, run_after=2024-09-29 00:00:00+00:00
[2024-09-29T00:02:03.238-0500] {logging_mixin.py:190} INFO - [2024-09-29T00:02:03.238-0500] {dag.py:4180} INFO - Setting next_dagrun for dataset_with_extra_from_classic_operator to 2024-09-28 00:00:00+00:00, run_after=2024-09-29 00:00:00+00:00
[2024-09-29T00:02:04.961-0500] {processor.py:208} INFO - Processing /home/d-salamanca/airflow-env/lib/python3.12/site-packages/airflow/example_dags/example_outlet_event_extra.py took 66.994 seconds
[2024-09-29T00:19:15.213-0500] {processor.py:186} INFO - Started process (PID=28625) to work on /home/d-salamanca/airflow-env/lib/python3.12/site-packages/airflow/example_dags/example_outlet_event_extra.py
[2024-09-29T00:19:15.236-0500] {processor.py:914} INFO - Processing file /home/d-salamanca/airflow-env/lib/python3.12/site-packages/airflow/example_dags/example_outlet_event_extra.py for tasks to queue
[2024-09-29T00:19:15.239-0500] {logging_mixin.py:190} INFO - [2024-09-29T00:19:15.239-0500] {dagbag.py:588} INFO - Filling up the DagBag from /home/d-salamanca/airflow-env/lib/python3.12/site-packages/airflow/example_dags/example_outlet_event_extra.py
[2024-09-29T00:19:15.326-0500] {processor.py:925} INFO - DAG(s) 'dataset_with_extra_from_classic_operator', 'dataset_with_extra_by_context', 'dataset_with_extra_by_yield' retrieved from /home/d-salamanca/airflow-env/lib/python3.12/site-packages/airflow/example_dags/example_outlet_event_extra.py
[2024-09-29T00:19:15.357-0500] {logging_mixin.py:190} INFO - [2024-09-29T00:19:15.356-0500] {dag.py:3239} INFO - Sync 3 DAGs
[2024-09-29T00:19:15.411-0500] {logging_mixin.py:190} INFO - [2024-09-29T00:19:15.411-0500] {dag.py:4180} INFO - Setting next_dagrun for dataset_with_extra_by_context to 2024-09-28 00:00:00+00:00, run_after=2024-09-29 00:00:00+00:00
[2024-09-29T00:19:15.416-0500] {logging_mixin.py:190} INFO - [2024-09-29T00:19:15.416-0500] {dag.py:4180} INFO - Setting next_dagrun for dataset_with_extra_by_yield to 2024-09-28 00:00:00+00:00, run_after=2024-09-29 00:00:00+00:00
[2024-09-29T00:19:15.418-0500] {logging_mixin.py:190} INFO - [2024-09-29T00:19:15.418-0500] {dag.py:4180} INFO - Setting next_dagrun for dataset_with_extra_from_classic_operator to 2024-09-28 00:00:00+00:00, run_after=2024-09-29 00:00:00+00:00
[2024-09-29T00:19:15.636-0500] {processor.py:208} INFO - Processing /home/d-salamanca/airflow-env/lib/python3.12/site-packages/airflow/example_dags/example_outlet_event_extra.py took 0.432 seconds
[2024-09-29T00:20:42.081-0500] {processor.py:186} INFO - Started process (PID=28701) to work on /home/d-salamanca/airflow-env/lib/python3.12/site-packages/airflow/example_dags/example_outlet_event_extra.py
[2024-09-29T00:20:42.146-0500] {processor.py:914} INFO - Processing file /home/d-salamanca/airflow-env/lib/python3.12/site-packages/airflow/example_dags/example_outlet_event_extra.py for tasks to queue
[2024-09-29T00:20:42.151-0500] {logging_mixin.py:190} INFO - [2024-09-29T00:20:42.150-0500] {dagbag.py:588} INFO - Filling up the DagBag from /home/d-salamanca/airflow-env/lib/python3.12/site-packages/airflow/example_dags/example_outlet_event_extra.py
[2024-09-29T00:20:42.172-0500] {processor.py:925} INFO - DAG(s) 'dataset_with_extra_by_context', 'dataset_with_extra_by_yield', 'dataset_with_extra_from_classic_operator' retrieved from /home/d-salamanca/airflow-env/lib/python3.12/site-packages/airflow/example_dags/example_outlet_event_extra.py
[2024-09-29T00:20:42.196-0500] {logging_mixin.py:190} INFO - [2024-09-29T00:20:42.196-0500] {dag.py:3239} INFO - Sync 3 DAGs
[2024-09-29T00:20:42.220-0500] {logging_mixin.py:190} INFO - [2024-09-29T00:20:42.220-0500] {dag.py:4180} INFO - Setting next_dagrun for dataset_with_extra_by_context to 2024-09-28 00:00:00+00:00, run_after=2024-09-29 00:00:00+00:00
[2024-09-29T00:20:42.225-0500] {logging_mixin.py:190} INFO - [2024-09-29T00:20:42.225-0500] {dag.py:4180} INFO - Setting next_dagrun for dataset_with_extra_by_yield to 2024-09-28 00:00:00+00:00, run_after=2024-09-29 00:00:00+00:00
[2024-09-29T00:20:42.228-0500] {logging_mixin.py:190} INFO - [2024-09-29T00:20:42.228-0500] {dag.py:4180} INFO - Setting next_dagrun for dataset_with_extra_from_classic_operator to 2024-09-28 00:00:00+00:00, run_after=2024-09-29 00:00:00+00:00
[2024-09-29T00:20:42.347-0500] {processor.py:208} INFO - Processing /home/d-salamanca/airflow-env/lib/python3.12/site-packages/airflow/example_dags/example_outlet_event_extra.py took 0.274 seconds
[2024-09-29T00:22:24.918-0500] {processor.py:186} INFO - Started process (PID=28775) to work on /home/d-salamanca/airflow-env/lib/python3.12/site-packages/airflow/example_dags/example_outlet_event_extra.py
[2024-09-29T00:22:24.950-0500] {processor.py:914} INFO - Processing file /home/d-salamanca/airflow-env/lib/python3.12/site-packages/airflow/example_dags/example_outlet_event_extra.py for tasks to queue
[2024-09-29T00:22:24.953-0500] {logging_mixin.py:190} INFO - [2024-09-29T00:22:24.953-0500] {dagbag.py:588} INFO - Filling up the DagBag from /home/d-salamanca/airflow-env/lib/python3.12/site-packages/airflow/example_dags/example_outlet_event_extra.py
[2024-09-29T00:22:24.971-0500] {processor.py:925} INFO - DAG(s) 'dataset_with_extra_by_yield', 'dataset_with_extra_by_context', 'dataset_with_extra_from_classic_operator' retrieved from /home/d-salamanca/airflow-env/lib/python3.12/site-packages/airflow/example_dags/example_outlet_event_extra.py
[2024-09-29T00:22:24.994-0500] {logging_mixin.py:190} INFO - [2024-09-29T00:22:24.994-0500] {dag.py:3239} INFO - Sync 3 DAGs
[2024-09-29T00:22:25.018-0500] {logging_mixin.py:190} INFO - [2024-09-29T00:22:25.017-0500] {dag.py:4180} INFO - Setting next_dagrun for dataset_with_extra_by_context to 2024-09-28 00:00:00+00:00, run_after=2024-09-29 00:00:00+00:00
[2024-09-29T00:22:25.022-0500] {logging_mixin.py:190} INFO - [2024-09-29T00:22:25.022-0500] {dag.py:4180} INFO - Setting next_dagrun for dataset_with_extra_by_yield to 2024-09-28 00:00:00+00:00, run_after=2024-09-29 00:00:00+00:00
[2024-09-29T00:22:25.024-0500] {logging_mixin.py:190} INFO - [2024-09-29T00:22:25.024-0500] {dag.py:4180} INFO - Setting next_dagrun for dataset_with_extra_from_classic_operator to 2024-09-28 00:00:00+00:00, run_after=2024-09-29 00:00:00+00:00
[2024-09-29T00:22:25.137-0500] {processor.py:208} INFO - Processing /home/d-salamanca/airflow-env/lib/python3.12/site-packages/airflow/example_dags/example_outlet_event_extra.py took 0.227 seconds
[2024-09-29T00:23:51.827-0500] {processor.py:186} INFO - Started process (PID=28847) to work on /home/d-salamanca/airflow-env/lib/python3.12/site-packages/airflow/example_dags/example_outlet_event_extra.py
[2024-09-29T00:23:51.989-0500] {processor.py:914} INFO - Processing file /home/d-salamanca/airflow-env/lib/python3.12/site-packages/airflow/example_dags/example_outlet_event_extra.py for tasks to queue
[2024-09-29T00:23:51.994-0500] {logging_mixin.py:190} INFO - [2024-09-29T00:23:51.993-0500] {dagbag.py:588} INFO - Filling up the DagBag from /home/d-salamanca/airflow-env/lib/python3.12/site-packages/airflow/example_dags/example_outlet_event_extra.py
[2024-09-29T00:23:52.016-0500] {processor.py:925} INFO - DAG(s) 'dataset_with_extra_by_context', 'dataset_with_extra_by_yield', 'dataset_with_extra_from_classic_operator' retrieved from /home/d-salamanca/airflow-env/lib/python3.12/site-packages/airflow/example_dags/example_outlet_event_extra.py
[2024-09-29T00:23:52.049-0500] {logging_mixin.py:190} INFO - [2024-09-29T00:23:52.049-0500] {dag.py:3239} INFO - Sync 3 DAGs
[2024-09-29T00:23:52.083-0500] {logging_mixin.py:190} INFO - [2024-09-29T00:23:52.083-0500] {dag.py:4180} INFO - Setting next_dagrun for dataset_with_extra_by_context to 2024-09-28 00:00:00+00:00, run_after=2024-09-29 00:00:00+00:00
[2024-09-29T00:23:52.090-0500] {logging_mixin.py:190} INFO - [2024-09-29T00:23:52.090-0500] {dag.py:4180} INFO - Setting next_dagrun for dataset_with_extra_by_yield to 2024-09-28 00:00:00+00:00, run_after=2024-09-29 00:00:00+00:00
[2024-09-29T00:23:52.093-0500] {logging_mixin.py:190} INFO - [2024-09-29T00:23:52.093-0500] {dag.py:4180} INFO - Setting next_dagrun for dataset_with_extra_from_classic_operator to 2024-09-28 00:00:00+00:00, run_after=2024-09-29 00:00:00+00:00
[2024-09-29T00:23:52.147-0500] {processor.py:208} INFO - Processing /home/d-salamanca/airflow-env/lib/python3.12/site-packages/airflow/example_dags/example_outlet_event_extra.py took 0.328 seconds
[2024-09-29T00:25:12.105-0500] {processor.py:186} INFO - Started process (PID=28918) to work on /home/d-salamanca/airflow-env/lib/python3.12/site-packages/airflow/example_dags/example_outlet_event_extra.py
[2024-09-29T00:25:12.106-0500] {processor.py:914} INFO - Processing file /home/d-salamanca/airflow-env/lib/python3.12/site-packages/airflow/example_dags/example_outlet_event_extra.py for tasks to queue
[2024-09-29T00:25:12.108-0500] {logging_mixin.py:190} INFO - [2024-09-29T00:25:12.108-0500] {dagbag.py:588} INFO - Filling up the DagBag from /home/d-salamanca/airflow-env/lib/python3.12/site-packages/airflow/example_dags/example_outlet_event_extra.py
[2024-09-29T00:25:12.124-0500] {processor.py:925} INFO - DAG(s) 'dataset_with_extra_from_classic_operator', 'dataset_with_extra_by_yield', 'dataset_with_extra_by_context' retrieved from /home/d-salamanca/airflow-env/lib/python3.12/site-packages/airflow/example_dags/example_outlet_event_extra.py
[2024-09-29T00:25:12.147-0500] {logging_mixin.py:190} INFO - [2024-09-29T00:25:12.147-0500] {dag.py:3239} INFO - Sync 3 DAGs
[2024-09-29T00:25:12.296-0500] {logging_mixin.py:190} INFO - [2024-09-29T00:25:12.295-0500] {dag.py:4180} INFO - Setting next_dagrun for dataset_with_extra_by_context to 2024-09-28 00:00:00+00:00, run_after=2024-09-29 00:00:00+00:00
[2024-09-29T00:25:12.300-0500] {logging_mixin.py:190} INFO - [2024-09-29T00:25:12.300-0500] {dag.py:4180} INFO - Setting next_dagrun for dataset_with_extra_by_yield to 2024-09-28 00:00:00+00:00, run_after=2024-09-29 00:00:00+00:00
[2024-09-29T00:25:12.303-0500] {logging_mixin.py:190} INFO - [2024-09-29T00:25:12.302-0500] {dag.py:4180} INFO - Setting next_dagrun for dataset_with_extra_from_classic_operator to 2024-09-28 00:00:00+00:00, run_after=2024-09-29 00:00:00+00:00
[2024-09-29T00:25:12.404-0500] {processor.py:208} INFO - Processing /home/d-salamanca/airflow-env/lib/python3.12/site-packages/airflow/example_dags/example_outlet_event_extra.py took 0.306 seconds
[2024-09-29T00:26:53.373-0500] {processor.py:186} INFO - Started process (PID=29016) to work on /home/d-salamanca/airflow-env/lib/python3.12/site-packages/airflow/example_dags/example_outlet_event_extra.py
[2024-09-29T00:26:53.398-0500] {processor.py:914} INFO - Processing file /home/d-salamanca/airflow-env/lib/python3.12/site-packages/airflow/example_dags/example_outlet_event_extra.py for tasks to queue
[2024-09-29T00:26:53.401-0500] {logging_mixin.py:190} INFO - [2024-09-29T00:26:53.401-0500] {dagbag.py:588} INFO - Filling up the DagBag from /home/d-salamanca/airflow-env/lib/python3.12/site-packages/airflow/example_dags/example_outlet_event_extra.py
[2024-09-29T00:26:53.569-0500] {processor.py:925} INFO - DAG(s) 'dataset_with_extra_by_context', 'dataset_with_extra_by_yield', 'dataset_with_extra_from_classic_operator' retrieved from /home/d-salamanca/airflow-env/lib/python3.12/site-packages/airflow/example_dags/example_outlet_event_extra.py
[2024-09-29T00:26:53.602-0500] {logging_mixin.py:190} INFO - [2024-09-29T00:26:53.601-0500] {dag.py:3239} INFO - Sync 3 DAGs
[2024-09-29T00:26:53.634-0500] {logging_mixin.py:190} INFO - [2024-09-29T00:26:53.634-0500] {dag.py:4180} INFO - Setting next_dagrun for dataset_with_extra_by_context to 2024-09-28 00:00:00+00:00, run_after=2024-09-29 00:00:00+00:00
[2024-09-29T00:26:53.640-0500] {logging_mixin.py:190} INFO - [2024-09-29T00:26:53.639-0500] {dag.py:4180} INFO - Setting next_dagrun for dataset_with_extra_by_yield to 2024-09-28 00:00:00+00:00, run_after=2024-09-29 00:00:00+00:00
[2024-09-29T00:26:53.642-0500] {logging_mixin.py:190} INFO - [2024-09-29T00:26:53.642-0500] {dag.py:4180} INFO - Setting next_dagrun for dataset_with_extra_from_classic_operator to 2024-09-28 00:00:00+00:00, run_after=2024-09-29 00:00:00+00:00
[2024-09-29T00:26:53.897-0500] {processor.py:208} INFO - Processing /home/d-salamanca/airflow-env/lib/python3.12/site-packages/airflow/example_dags/example_outlet_event_extra.py took 0.592 seconds
[2024-09-29T00:28:34.124-0500] {processor.py:186} INFO - Started process (PID=29158) to work on /home/d-salamanca/airflow-env/lib/python3.12/site-packages/airflow/example_dags/example_outlet_event_extra.py
[2024-09-29T00:28:34.160-0500] {processor.py:914} INFO - Processing file /home/d-salamanca/airflow-env/lib/python3.12/site-packages/airflow/example_dags/example_outlet_event_extra.py for tasks to queue
[2024-09-29T00:28:34.165-0500] {logging_mixin.py:190} INFO - [2024-09-29T00:28:34.164-0500] {dagbag.py:588} INFO - Filling up the DagBag from /home/d-salamanca/airflow-env/lib/python3.12/site-packages/airflow/example_dags/example_outlet_event_extra.py
[2024-09-29T00:28:34.229-0500] {processor.py:925} INFO - DAG(s) 'dataset_with_extra_by_context', 'dataset_with_extra_by_yield', 'dataset_with_extra_from_classic_operator' retrieved from /home/d-salamanca/airflow-env/lib/python3.12/site-packages/airflow/example_dags/example_outlet_event_extra.py
[2024-09-29T00:28:34.254-0500] {logging_mixin.py:190} INFO - [2024-09-29T00:28:34.254-0500] {dag.py:3239} INFO - Sync 3 DAGs
[2024-09-29T00:28:34.290-0500] {logging_mixin.py:190} INFO - [2024-09-29T00:28:34.290-0500] {dag.py:4180} INFO - Setting next_dagrun for dataset_with_extra_by_context to 2024-09-28 00:00:00+00:00, run_after=2024-09-29 00:00:00+00:00
[2024-09-29T00:28:34.295-0500] {logging_mixin.py:190} INFO - [2024-09-29T00:28:34.295-0500] {dag.py:4180} INFO - Setting next_dagrun for dataset_with_extra_by_yield to 2024-09-28 00:00:00+00:00, run_after=2024-09-29 00:00:00+00:00
[2024-09-29T00:28:34.297-0500] {logging_mixin.py:190} INFO - [2024-09-29T00:28:34.297-0500] {dag.py:4180} INFO - Setting next_dagrun for dataset_with_extra_from_classic_operator to 2024-09-28 00:00:00+00:00, run_after=2024-09-29 00:00:00+00:00
[2024-09-29T00:28:34.365-0500] {processor.py:208} INFO - Processing /home/d-salamanca/airflow-env/lib/python3.12/site-packages/airflow/example_dags/example_outlet_event_extra.py took 0.249 seconds
[2024-09-29T00:30:59.841-0500] {processor.py:186} INFO - Started process (PID=29296) to work on /home/d-salamanca/airflow-env/lib/python3.12/site-packages/airflow/example_dags/example_outlet_event_extra.py
[2024-09-29T00:30:59.897-0500] {processor.py:914} INFO - Processing file /home/d-salamanca/airflow-env/lib/python3.12/site-packages/airflow/example_dags/example_outlet_event_extra.py for tasks to queue
[2024-09-29T00:30:59.904-0500] {logging_mixin.py:190} INFO - [2024-09-29T00:30:59.903-0500] {dagbag.py:588} INFO - Filling up the DagBag from /home/d-salamanca/airflow-env/lib/python3.12/site-packages/airflow/example_dags/example_outlet_event_extra.py
[2024-09-29T00:30:59.992-0500] {processor.py:925} INFO - DAG(s) 'dataset_with_extra_by_context', 'dataset_with_extra_by_yield', 'dataset_with_extra_from_classic_operator' retrieved from /home/d-salamanca/airflow-env/lib/python3.12/site-packages/airflow/example_dags/example_outlet_event_extra.py
[2024-09-29T00:31:00.015-0500] {logging_mixin.py:190} INFO - [2024-09-29T00:31:00.015-0500] {dag.py:3239} INFO - Sync 3 DAGs
[2024-09-29T00:31:00.067-0500] {logging_mixin.py:190} INFO - [2024-09-29T00:31:00.067-0500] {dag.py:4180} INFO - Setting next_dagrun for dataset_with_extra_by_context to 2024-09-28 00:00:00+00:00, run_after=2024-09-29 00:00:00+00:00
[2024-09-29T00:31:00.072-0500] {logging_mixin.py:190} INFO - [2024-09-29T00:31:00.072-0500] {dag.py:4180} INFO - Setting next_dagrun for dataset_with_extra_by_yield to 2024-09-28 00:00:00+00:00, run_after=2024-09-29 00:00:00+00:00
[2024-09-29T00:31:00.075-0500] {logging_mixin.py:190} INFO - [2024-09-29T00:31:00.075-0500] {dag.py:4180} INFO - Setting next_dagrun for dataset_with_extra_from_classic_operator to 2024-09-28 00:00:00+00:00, run_after=2024-09-29 00:00:00+00:00
[2024-09-29T00:31:00.141-0500] {processor.py:208} INFO - Processing /home/d-salamanca/airflow-env/lib/python3.12/site-packages/airflow/example_dags/example_outlet_event_extra.py took 0.307 seconds
[2024-09-29T00:32:34.853-0500] {processor.py:186} INFO - Started process (PID=29371) to work on /home/d-salamanca/airflow-env/lib/python3.12/site-packages/airflow/example_dags/example_outlet_event_extra.py
[2024-09-29T00:32:34.894-0500] {processor.py:914} INFO - Processing file /home/d-salamanca/airflow-env/lib/python3.12/site-packages/airflow/example_dags/example_outlet_event_extra.py for tasks to queue
[2024-09-29T00:32:34.901-0500] {logging_mixin.py:190} INFO - [2024-09-29T00:32:34.899-0500] {dagbag.py:588} INFO - Filling up the DagBag from /home/d-salamanca/airflow-env/lib/python3.12/site-packages/airflow/example_dags/example_outlet_event_extra.py
[2024-09-29T00:32:34.920-0500] {processor.py:925} INFO - DAG(s) 'dataset_with_extra_from_classic_operator', 'dataset_with_extra_by_yield', 'dataset_with_extra_by_context' retrieved from /home/d-salamanca/airflow-env/lib/python3.12/site-packages/airflow/example_dags/example_outlet_event_extra.py
[2024-09-29T00:32:34.946-0500] {logging_mixin.py:190} INFO - [2024-09-29T00:32:34.945-0500] {dag.py:3239} INFO - Sync 3 DAGs
[2024-09-29T00:32:34.976-0500] {logging_mixin.py:190} INFO - [2024-09-29T00:32:34.976-0500] {dag.py:4180} INFO - Setting next_dagrun for dataset_with_extra_by_context to 2024-09-28 00:00:00+00:00, run_after=2024-09-29 00:00:00+00:00
[2024-09-29T00:32:34.981-0500] {logging_mixin.py:190} INFO - [2024-09-29T00:32:34.981-0500] {dag.py:4180} INFO - Setting next_dagrun for dataset_with_extra_by_yield to 2024-09-28 00:00:00+00:00, run_after=2024-09-29 00:00:00+00:00
[2024-09-29T00:32:34.983-0500] {logging_mixin.py:190} INFO - [2024-09-29T00:32:34.983-0500] {dag.py:4180} INFO - Setting next_dagrun for dataset_with_extra_from_classic_operator to 2024-09-28 00:00:00+00:00, run_after=2024-09-29 00:00:00+00:00
[2024-09-29T00:32:35.056-0500] {processor.py:208} INFO - Processing /home/d-salamanca/airflow-env/lib/python3.12/site-packages/airflow/example_dags/example_outlet_event_extra.py took 0.211 seconds
[2024-09-29T00:34:02.590-0500] {processor.py:186} INFO - Started process (PID=29480) to work on /home/d-salamanca/airflow-env/lib/python3.12/site-packages/airflow/example_dags/example_outlet_event_extra.py
[2024-09-29T00:34:02.649-0500] {processor.py:914} INFO - Processing file /home/d-salamanca/airflow-env/lib/python3.12/site-packages/airflow/example_dags/example_outlet_event_extra.py for tasks to queue
[2024-09-29T00:34:02.654-0500] {logging_mixin.py:190} INFO - [2024-09-29T00:34:02.653-0500] {dagbag.py:588} INFO - Filling up the DagBag from /home/d-salamanca/airflow-env/lib/python3.12/site-packages/airflow/example_dags/example_outlet_event_extra.py
[2024-09-29T00:34:02.768-0500] {processor.py:925} INFO - DAG(s) 'dataset_with_extra_by_yield', 'dataset_with_extra_by_context', 'dataset_with_extra_from_classic_operator' retrieved from /home/d-salamanca/airflow-env/lib/python3.12/site-packages/airflow/example_dags/example_outlet_event_extra.py
[2024-09-29T00:34:02.792-0500] {logging_mixin.py:190} INFO - [2024-09-29T00:34:02.792-0500] {dag.py:3239} INFO - Sync 3 DAGs
[2024-09-29T00:34:02.841-0500] {logging_mixin.py:190} INFO - [2024-09-29T00:34:02.841-0500] {dag.py:4180} INFO - Setting next_dagrun for dataset_with_extra_by_context to 2024-09-28 00:00:00+00:00, run_after=2024-09-29 00:00:00+00:00
[2024-09-29T00:34:02.873-0500] {logging_mixin.py:190} INFO - [2024-09-29T00:34:02.873-0500] {dag.py:4180} INFO - Setting next_dagrun for dataset_with_extra_by_yield to 2024-09-28 00:00:00+00:00, run_after=2024-09-29 00:00:00+00:00
[2024-09-29T00:34:02.878-0500] {logging_mixin.py:190} INFO - [2024-09-29T00:34:02.878-0500] {dag.py:4180} INFO - Setting next_dagrun for dataset_with_extra_from_classic_operator to 2024-09-28 00:00:00+00:00, run_after=2024-09-29 00:00:00+00:00
[2024-09-29T00:34:02.930-0500] {processor.py:208} INFO - Processing /home/d-salamanca/airflow-env/lib/python3.12/site-packages/airflow/example_dags/example_outlet_event_extra.py took 0.347 seconds
[2024-09-29T08:20:31.547-0500] {processor.py:186} INFO - Started process (PID=29778) to work on /home/d-salamanca/airflow-env/lib/python3.12/site-packages/airflow/example_dags/example_outlet_event_extra.py
[2024-09-29T08:20:31.596-0500] {processor.py:914} INFO - Processing file /home/d-salamanca/airflow-env/lib/python3.12/site-packages/airflow/example_dags/example_outlet_event_extra.py for tasks to queue
[2024-09-29T08:20:31.602-0500] {logging_mixin.py:190} INFO - [2024-09-29T08:20:31.601-0500] {dagbag.py:588} INFO - Filling up the DagBag from /home/d-salamanca/airflow-env/lib/python3.12/site-packages/airflow/example_dags/example_outlet_event_extra.py
[2024-09-29T08:20:31.641-0500] {processor.py:925} INFO - DAG(s) 'dataset_with_extra_from_classic_operator', 'dataset_with_extra_by_context', 'dataset_with_extra_by_yield' retrieved from /home/d-salamanca/airflow-env/lib/python3.12/site-packages/airflow/example_dags/example_outlet_event_extra.py
[2024-09-29T08:20:31.669-0500] {logging_mixin.py:190} INFO - [2024-09-29T08:20:31.669-0500] {dag.py:3239} INFO - Sync 3 DAGs
[2024-09-29T08:20:31.695-0500] {logging_mixin.py:190} INFO - [2024-09-29T08:20:31.695-0500] {dag.py:4180} INFO - Setting next_dagrun for dataset_with_extra_by_context to 2024-09-28 00:00:00+00:00, run_after=2024-09-29 00:00:00+00:00
[2024-09-29T08:20:31.700-0500] {logging_mixin.py:190} INFO - [2024-09-29T08:20:31.700-0500] {dag.py:4180} INFO - Setting next_dagrun for dataset_with_extra_by_yield to 2024-09-28 00:00:00+00:00, run_after=2024-09-29 00:00:00+00:00
[2024-09-29T08:20:31.702-0500] {logging_mixin.py:190} INFO - [2024-09-29T08:20:31.702-0500] {dag.py:4180} INFO - Setting next_dagrun for dataset_with_extra_from_classic_operator to 2024-09-28 00:00:00+00:00, run_after=2024-09-29 00:00:00+00:00
[2024-09-29T08:20:31.739-0500] {processor.py:208} INFO - Processing /home/d-salamanca/airflow-env/lib/python3.12/site-packages/airflow/example_dags/example_outlet_event_extra.py took 0.201 seconds
[2024-09-29T08:22:34.718-0500] {processor.py:186} INFO - Started process (PID=29886) to work on /home/d-salamanca/airflow-env/lib/python3.12/site-packages/airflow/example_dags/example_outlet_event_extra.py
[2024-09-29T08:22:34.782-0500] {processor.py:914} INFO - Processing file /home/d-salamanca/airflow-env/lib/python3.12/site-packages/airflow/example_dags/example_outlet_event_extra.py for tasks to queue
[2024-09-29T08:22:34.788-0500] {logging_mixin.py:190} INFO - [2024-09-29T08:22:34.787-0500] {dagbag.py:588} INFO - Filling up the DagBag from /home/d-salamanca/airflow-env/lib/python3.12/site-packages/airflow/example_dags/example_outlet_event_extra.py
[2024-09-29T08:22:34.868-0500] {processor.py:925} INFO - DAG(s) 'dataset_with_extra_from_classic_operator', 'dataset_with_extra_by_yield', 'dataset_with_extra_by_context' retrieved from /home/d-salamanca/airflow-env/lib/python3.12/site-packages/airflow/example_dags/example_outlet_event_extra.py
[2024-09-29T08:22:34.891-0500] {logging_mixin.py:190} INFO - [2024-09-29T08:22:34.891-0500] {dag.py:3239} INFO - Sync 3 DAGs
[2024-09-29T08:22:34.917-0500] {logging_mixin.py:190} INFO - [2024-09-29T08:22:34.916-0500] {dag.py:4180} INFO - Setting next_dagrun for dataset_with_extra_by_context to 2024-09-28 00:00:00+00:00, run_after=2024-09-29 00:00:00+00:00
[2024-09-29T08:22:34.922-0500] {logging_mixin.py:190} INFO - [2024-09-29T08:22:34.922-0500] {dag.py:4180} INFO - Setting next_dagrun for dataset_with_extra_by_yield to 2024-09-28 00:00:00+00:00, run_after=2024-09-29 00:00:00+00:00
[2024-09-29T08:22:34.924-0500] {logging_mixin.py:190} INFO - [2024-09-29T08:22:34.924-0500] {dag.py:4180} INFO - Setting next_dagrun for dataset_with_extra_from_classic_operator to 2024-09-28 00:00:00+00:00, run_after=2024-09-29 00:00:00+00:00
[2024-09-29T08:22:34.996-0500] {processor.py:208} INFO - Processing /home/d-salamanca/airflow-env/lib/python3.12/site-packages/airflow/example_dags/example_outlet_event_extra.py took 0.287 seconds
[2024-09-29T08:24:09.771-0500] {processor.py:186} INFO - Started process (PID=29961) to work on /home/d-salamanca/airflow-env/lib/python3.12/site-packages/airflow/example_dags/example_outlet_event_extra.py
[2024-09-29T08:24:09.822-0500] {processor.py:914} INFO - Processing file /home/d-salamanca/airflow-env/lib/python3.12/site-packages/airflow/example_dags/example_outlet_event_extra.py for tasks to queue
[2024-09-29T08:24:09.828-0500] {logging_mixin.py:190} INFO - [2024-09-29T08:24:09.827-0500] {dagbag.py:588} INFO - Filling up the DagBag from /home/d-salamanca/airflow-env/lib/python3.12/site-packages/airflow/example_dags/example_outlet_event_extra.py
[2024-09-29T08:24:09.852-0500] {processor.py:925} INFO - DAG(s) 'dataset_with_extra_from_classic_operator', 'dataset_with_extra_by_context', 'dataset_with_extra_by_yield' retrieved from /home/d-salamanca/airflow-env/lib/python3.12/site-packages/airflow/example_dags/example_outlet_event_extra.py
[2024-09-29T08:24:09.877-0500] {logging_mixin.py:190} INFO - [2024-09-29T08:24:09.877-0500] {dag.py:3239} INFO - Sync 3 DAGs
[2024-09-29T08:24:09.905-0500] {logging_mixin.py:190} INFO - [2024-09-29T08:24:09.905-0500] {dag.py:4180} INFO - Setting next_dagrun for dataset_with_extra_by_context to 2024-09-28 00:00:00+00:00, run_after=2024-09-29 00:00:00+00:00
[2024-09-29T08:24:09.911-0500] {logging_mixin.py:190} INFO - [2024-09-29T08:24:09.911-0500] {dag.py:4180} INFO - Setting next_dagrun for dataset_with_extra_by_yield to 2024-09-28 00:00:00+00:00, run_after=2024-09-29 00:00:00+00:00
[2024-09-29T08:24:09.914-0500] {logging_mixin.py:190} INFO - [2024-09-29T08:24:09.913-0500] {dag.py:4180} INFO - Setting next_dagrun for dataset_with_extra_from_classic_operator to 2024-09-28 00:00:00+00:00, run_after=2024-09-29 00:00:00+00:00
[2024-09-29T08:24:09.964-0500] {processor.py:208} INFO - Processing /home/d-salamanca/airflow-env/lib/python3.12/site-packages/airflow/example_dags/example_outlet_event_extra.py took 0.199 seconds
[2024-09-29T08:25:30.412-0500] {processor.py:186} INFO - Started process (PID=30064) to work on /home/d-salamanca/airflow-env/lib/python3.12/site-packages/airflow/example_dags/example_outlet_event_extra.py
[2024-09-29T08:25:30.436-0500] {processor.py:914} INFO - Processing file /home/d-salamanca/airflow-env/lib/python3.12/site-packages/airflow/example_dags/example_outlet_event_extra.py for tasks to queue
[2024-09-29T08:25:30.441-0500] {logging_mixin.py:190} INFO - [2024-09-29T08:25:30.440-0500] {dagbag.py:588} INFO - Filling up the DagBag from /home/d-salamanca/airflow-env/lib/python3.12/site-packages/airflow/example_dags/example_outlet_event_extra.py
[2024-09-29T08:25:30.463-0500] {processor.py:925} INFO - DAG(s) 'dataset_with_extra_by_yield', 'dataset_with_extra_from_classic_operator', 'dataset_with_extra_by_context' retrieved from /home/d-salamanca/airflow-env/lib/python3.12/site-packages/airflow/example_dags/example_outlet_event_extra.py
[2024-09-29T08:25:30.488-0500] {logging_mixin.py:190} INFO - [2024-09-29T08:25:30.488-0500] {dag.py:3239} INFO - Sync 3 DAGs
[2024-09-29T08:25:30.514-0500] {logging_mixin.py:190} INFO - [2024-09-29T08:25:30.514-0500] {dag.py:4180} INFO - Setting next_dagrun for dataset_with_extra_by_context to 2024-09-28 00:00:00+00:00, run_after=2024-09-29 00:00:00+00:00
[2024-09-29T08:25:30.519-0500] {logging_mixin.py:190} INFO - [2024-09-29T08:25:30.519-0500] {dag.py:4180} INFO - Setting next_dagrun for dataset_with_extra_by_yield to 2024-09-28 00:00:00+00:00, run_after=2024-09-29 00:00:00+00:00
[2024-09-29T08:25:30.521-0500] {logging_mixin.py:190} INFO - [2024-09-29T08:25:30.521-0500] {dag.py:4180} INFO - Setting next_dagrun for dataset_with_extra_from_classic_operator to 2024-09-28 00:00:00+00:00, run_after=2024-09-29 00:00:00+00:00
[2024-09-29T08:25:30.563-0500] {processor.py:208} INFO - Processing /home/d-salamanca/airflow-env/lib/python3.12/site-packages/airflow/example_dags/example_outlet_event_extra.py took 0.159 seconds
[2024-09-29T08:26:57.404-0500] {processor.py:186} INFO - Started process (PID=30133) to work on /home/d-salamanca/airflow-env/lib/python3.12/site-packages/airflow/example_dags/example_outlet_event_extra.py
[2024-09-29T08:26:57.586-0500] {processor.py:914} INFO - Processing file /home/d-salamanca/airflow-env/lib/python3.12/site-packages/airflow/example_dags/example_outlet_event_extra.py for tasks to queue
[2024-09-29T08:26:57.592-0500] {logging_mixin.py:190} INFO - [2024-09-29T08:26:57.591-0500] {dagbag.py:588} INFO - Filling up the DagBag from /home/d-salamanca/airflow-env/lib/python3.12/site-packages/airflow/example_dags/example_outlet_event_extra.py
[2024-09-29T08:26:57.621-0500] {processor.py:925} INFO - DAG(s) 'dataset_with_extra_from_classic_operator', 'dataset_with_extra_by_context', 'dataset_with_extra_by_yield' retrieved from /home/d-salamanca/airflow-env/lib/python3.12/site-packages/airflow/example_dags/example_outlet_event_extra.py
[2024-09-29T08:26:57.644-0500] {logging_mixin.py:190} INFO - [2024-09-29T08:26:57.644-0500] {dag.py:3239} INFO - Sync 3 DAGs
[2024-09-29T08:26:57.670-0500] {logging_mixin.py:190} INFO - [2024-09-29T08:26:57.669-0500] {dag.py:4180} INFO - Setting next_dagrun for dataset_with_extra_by_context to 2024-09-28 00:00:00+00:00, run_after=2024-09-29 00:00:00+00:00
[2024-09-29T08:26:57.674-0500] {logging_mixin.py:190} INFO - [2024-09-29T08:26:57.674-0500] {dag.py:4180} INFO - Setting next_dagrun for dataset_with_extra_by_yield to 2024-09-28 00:00:00+00:00, run_after=2024-09-29 00:00:00+00:00
[2024-09-29T08:26:57.677-0500] {logging_mixin.py:190} INFO - [2024-09-29T08:26:57.677-0500] {dag.py:4180} INFO - Setting next_dagrun for dataset_with_extra_from_classic_operator to 2024-09-28 00:00:00+00:00, run_after=2024-09-29 00:00:00+00:00
[2024-09-29T08:26:57.730-0500] {processor.py:208} INFO - Processing /home/d-salamanca/airflow-env/lib/python3.12/site-packages/airflow/example_dags/example_outlet_event_extra.py took 0.334 seconds
[2024-09-29T08:28:11.675-0500] {processor.py:186} INFO - Started process (PID=30200) to work on /home/d-salamanca/airflow-env/lib/python3.12/site-packages/airflow/example_dags/example_outlet_event_extra.py
[2024-09-29T08:28:11.676-0500] {processor.py:914} INFO - Processing file /home/d-salamanca/airflow-env/lib/python3.12/site-packages/airflow/example_dags/example_outlet_event_extra.py for tasks to queue
[2024-09-29T08:28:11.679-0500] {logging_mixin.py:190} INFO - [2024-09-29T08:28:11.679-0500] {dagbag.py:588} INFO - Filling up the DagBag from /home/d-salamanca/airflow-env/lib/python3.12/site-packages/airflow/example_dags/example_outlet_event_extra.py
[2024-09-29T08:28:11.696-0500] {processor.py:925} INFO - DAG(s) 'dataset_with_extra_by_context', 'dataset_with_extra_from_classic_operator', 'dataset_with_extra_by_yield' retrieved from /home/d-salamanca/airflow-env/lib/python3.12/site-packages/airflow/example_dags/example_outlet_event_extra.py
[2024-09-29T08:28:11.719-0500] {logging_mixin.py:190} INFO - [2024-09-29T08:28:11.719-0500] {dag.py:3239} INFO - Sync 3 DAGs
[2024-09-29T08:28:11.744-0500] {logging_mixin.py:190} INFO - [2024-09-29T08:28:11.743-0500] {dag.py:4180} INFO - Setting next_dagrun for dataset_with_extra_by_context to 2024-09-28 00:00:00+00:00, run_after=2024-09-29 00:00:00+00:00
[2024-09-29T08:28:11.748-0500] {logging_mixin.py:190} INFO - [2024-09-29T08:28:11.748-0500] {dag.py:4180} INFO - Setting next_dagrun for dataset_with_extra_by_yield to 2024-09-28 00:00:00+00:00, run_after=2024-09-29 00:00:00+00:00
[2024-09-29T08:28:11.751-0500] {logging_mixin.py:190} INFO - [2024-09-29T08:28:11.751-0500] {dag.py:4180} INFO - Setting next_dagrun for dataset_with_extra_from_classic_operator to 2024-09-28 00:00:00+00:00, run_after=2024-09-29 00:00:00+00:00
[2024-09-29T08:28:11.919-0500] {processor.py:208} INFO - Processing /home/d-salamanca/airflow-env/lib/python3.12/site-packages/airflow/example_dags/example_outlet_event_extra.py took 0.251 seconds
[2024-09-29T08:29:31.576-0500] {processor.py:186} INFO - Started process (PID=30270) to work on /home/d-salamanca/airflow-env/lib/python3.12/site-packages/airflow/example_dags/example_outlet_event_extra.py
[2024-09-29T08:29:31.578-0500] {processor.py:914} INFO - Processing file /home/d-salamanca/airflow-env/lib/python3.12/site-packages/airflow/example_dags/example_outlet_event_extra.py for tasks to queue
[2024-09-29T08:29:31.580-0500] {logging_mixin.py:190} INFO - [2024-09-29T08:29:31.580-0500] {dagbag.py:588} INFO - Filling up the DagBag from /home/d-salamanca/airflow-env/lib/python3.12/site-packages/airflow/example_dags/example_outlet_event_extra.py
[2024-09-29T08:29:31.597-0500] {processor.py:925} INFO - DAG(s) 'dataset_with_extra_by_yield', 'dataset_with_extra_by_context', 'dataset_with_extra_from_classic_operator' retrieved from /home/d-salamanca/airflow-env/lib/python3.12/site-packages/airflow/example_dags/example_outlet_event_extra.py
[2024-09-29T08:29:31.621-0500] {logging_mixin.py:190} INFO - [2024-09-29T08:29:31.620-0500] {dag.py:3239} INFO - Sync 3 DAGs
[2024-09-29T08:29:31.646-0500] {logging_mixin.py:190} INFO - [2024-09-29T08:29:31.645-0500] {dag.py:4180} INFO - Setting next_dagrun for dataset_with_extra_by_context to 2024-09-28 00:00:00+00:00, run_after=2024-09-29 00:00:00+00:00
[2024-09-29T08:29:31.650-0500] {logging_mixin.py:190} INFO - [2024-09-29T08:29:31.650-0500] {dag.py:4180} INFO - Setting next_dagrun for dataset_with_extra_by_yield to 2024-09-28 00:00:00+00:00, run_after=2024-09-29 00:00:00+00:00
[2024-09-29T08:29:31.653-0500] {logging_mixin.py:190} INFO - [2024-09-29T08:29:31.653-0500] {dag.py:4180} INFO - Setting next_dagrun for dataset_with_extra_from_classic_operator to 2024-09-28 00:00:00+00:00, run_after=2024-09-29 00:00:00+00:00
[2024-09-29T08:29:31.721-0500] {processor.py:208} INFO - Processing /home/d-salamanca/airflow-env/lib/python3.12/site-packages/airflow/example_dags/example_outlet_event_extra.py took 0.152 seconds
[2024-09-29T08:31:04.725-0500] {processor.py:186} INFO - Started process (PID=30349) to work on /home/d-salamanca/airflow-env/lib/python3.12/site-packages/airflow/example_dags/example_outlet_event_extra.py
[2024-09-29T08:31:04.726-0500] {processor.py:914} INFO - Processing file /home/d-salamanca/airflow-env/lib/python3.12/site-packages/airflow/example_dags/example_outlet_event_extra.py for tasks to queue
[2024-09-29T08:31:04.729-0500] {logging_mixin.py:190} INFO - [2024-09-29T08:31:04.729-0500] {dagbag.py:588} INFO - Filling up the DagBag from /home/d-salamanca/airflow-env/lib/python3.12/site-packages/airflow/example_dags/example_outlet_event_extra.py
[2024-09-29T08:31:04.745-0500] {processor.py:925} INFO - DAG(s) 'dataset_with_extra_by_context', 'dataset_with_extra_from_classic_operator', 'dataset_with_extra_by_yield' retrieved from /home/d-salamanca/airflow-env/lib/python3.12/site-packages/airflow/example_dags/example_outlet_event_extra.py
[2024-09-29T08:31:04.769-0500] {logging_mixin.py:190} INFO - [2024-09-29T08:31:04.769-0500] {dag.py:3239} INFO - Sync 3 DAGs
[2024-09-29T08:31:04.794-0500] {logging_mixin.py:190} INFO - [2024-09-29T08:31:04.794-0500] {dag.py:4180} INFO - Setting next_dagrun for dataset_with_extra_by_context to 2024-09-28 00:00:00+00:00, run_after=2024-09-29 00:00:00+00:00
[2024-09-29T08:31:04.799-0500] {logging_mixin.py:190} INFO - [2024-09-29T08:31:04.799-0500] {dag.py:4180} INFO - Setting next_dagrun for dataset_with_extra_by_yield to 2024-09-28 00:00:00+00:00, run_after=2024-09-29 00:00:00+00:00
[2024-09-29T08:31:04.801-0500] {logging_mixin.py:190} INFO - [2024-09-29T08:31:04.801-0500] {dag.py:4180} INFO - Setting next_dagrun for dataset_with_extra_from_classic_operator to 2024-09-28 00:00:00+00:00, run_after=2024-09-29 00:00:00+00:00
[2024-09-29T08:31:04.844-0500] {processor.py:208} INFO - Processing /home/d-salamanca/airflow-env/lib/python3.12/site-packages/airflow/example_dags/example_outlet_event_extra.py took 0.126 seconds
[2024-09-29T08:32:40.463-0500] {processor.py:186} INFO - Started process (PID=30432) to work on /home/d-salamanca/airflow-env/lib/python3.12/site-packages/airflow/example_dags/example_outlet_event_extra.py
[2024-09-29T08:32:40.514-0500] {processor.py:914} INFO - Processing file /home/d-salamanca/airflow-env/lib/python3.12/site-packages/airflow/example_dags/example_outlet_event_extra.py for tasks to queue
[2024-09-29T08:32:40.521-0500] {logging_mixin.py:190} INFO - [2024-09-29T08:32:40.519-0500] {dagbag.py:588} INFO - Filling up the DagBag from /home/d-salamanca/airflow-env/lib/python3.12/site-packages/airflow/example_dags/example_outlet_event_extra.py
[2024-09-29T08:32:41.289-0500] {processor.py:925} INFO - DAG(s) 'dataset_with_extra_by_yield', 'dataset_with_extra_by_context', 'dataset_with_extra_from_classic_operator' retrieved from /home/d-salamanca/airflow-env/lib/python3.12/site-packages/airflow/example_dags/example_outlet_event_extra.py
[2024-09-29T08:32:41.329-0500] {logging_mixin.py:190} INFO - [2024-09-29T08:32:41.329-0500] {dag.py:3239} INFO - Sync 3 DAGs
[2024-09-29T08:32:41.354-0500] {logging_mixin.py:190} INFO - [2024-09-29T08:32:41.354-0500] {dag.py:4180} INFO - Setting next_dagrun for dataset_with_extra_by_context to 2024-09-28 00:00:00+00:00, run_after=2024-09-29 00:00:00+00:00
[2024-09-29T08:32:41.359-0500] {logging_mixin.py:190} INFO - [2024-09-29T08:32:41.359-0500] {dag.py:4180} INFO - Setting next_dagrun for dataset_with_extra_by_yield to 2024-09-28 00:00:00+00:00, run_after=2024-09-29 00:00:00+00:00
[2024-09-29T08:32:41.361-0500] {logging_mixin.py:190} INFO - [2024-09-29T08:32:41.361-0500] {dag.py:4180} INFO - Setting next_dagrun for dataset_with_extra_from_classic_operator to 2024-09-28 00:00:00+00:00, run_after=2024-09-29 00:00:00+00:00
[2024-09-29T08:32:41.489-0500] {processor.py:208} INFO - Processing /home/d-salamanca/airflow-env/lib/python3.12/site-packages/airflow/example_dags/example_outlet_event_extra.py took 1.381 seconds
[2024-09-29T08:34:00.395-0500] {processor.py:186} INFO - Started process (PID=30502) to work on /home/d-salamanca/airflow-env/lib/python3.12/site-packages/airflow/example_dags/example_outlet_event_extra.py
[2024-09-29T08:34:00.397-0500] {processor.py:914} INFO - Processing file /home/d-salamanca/airflow-env/lib/python3.12/site-packages/airflow/example_dags/example_outlet_event_extra.py for tasks to queue
[2024-09-29T08:34:00.401-0500] {logging_mixin.py:190} INFO - [2024-09-29T08:34:00.401-0500] {dagbag.py:588} INFO - Filling up the DagBag from /home/d-salamanca/airflow-env/lib/python3.12/site-packages/airflow/example_dags/example_outlet_event_extra.py
[2024-09-29T08:34:00.418-0500] {processor.py:925} INFO - DAG(s) 'dataset_with_extra_from_classic_operator', 'dataset_with_extra_by_context', 'dataset_with_extra_by_yield' retrieved from /home/d-salamanca/airflow-env/lib/python3.12/site-packages/airflow/example_dags/example_outlet_event_extra.py
[2024-09-29T08:34:00.442-0500] {logging_mixin.py:190} INFO - [2024-09-29T08:34:00.442-0500] {dag.py:3239} INFO - Sync 3 DAGs
[2024-09-29T08:34:00.467-0500] {logging_mixin.py:190} INFO - [2024-09-29T08:34:00.466-0500] {dag.py:4180} INFO - Setting next_dagrun for dataset_with_extra_by_context to 2024-09-28 00:00:00+00:00, run_after=2024-09-29 00:00:00+00:00
[2024-09-29T08:34:00.472-0500] {logging_mixin.py:190} INFO - [2024-09-29T08:34:00.472-0500] {dag.py:4180} INFO - Setting next_dagrun for dataset_with_extra_by_yield to 2024-09-28 00:00:00+00:00, run_after=2024-09-29 00:00:00+00:00
[2024-09-29T08:34:00.476-0500] {logging_mixin.py:190} INFO - [2024-09-29T08:34:00.475-0500] {dag.py:4180} INFO - Setting next_dagrun for dataset_with_extra_from_classic_operator to 2024-09-28 00:00:00+00:00, run_after=2024-09-29 00:00:00+00:00
[2024-09-29T08:34:00.524-0500] {processor.py:208} INFO - Processing /home/d-salamanca/airflow-env/lib/python3.12/site-packages/airflow/example_dags/example_outlet_event_extra.py took 0.139 seconds
[2024-09-29T08:35:45.972-0500] {processor.py:186} INFO - Started process (PID=30728) to work on /home/d-salamanca/airflow-env/lib/python3.12/site-packages/airflow/example_dags/example_outlet_event_extra.py
[2024-09-29T08:35:46.034-0500] {processor.py:914} INFO - Processing file /home/d-salamanca/airflow-env/lib/python3.12/site-packages/airflow/example_dags/example_outlet_event_extra.py for tasks to queue
[2024-09-29T08:35:46.040-0500] {logging_mixin.py:190} INFO - [2024-09-29T08:35:46.039-0500] {dagbag.py:588} INFO - Filling up the DagBag from /home/d-salamanca/airflow-env/lib/python3.12/site-packages/airflow/example_dags/example_outlet_event_extra.py
[2024-09-29T08:35:47.283-0500] {processor.py:925} INFO - DAG(s) 'dataset_with_extra_from_classic_operator', 'dataset_with_extra_by_yield', 'dataset_with_extra_by_context' retrieved from /home/d-salamanca/airflow-env/lib/python3.12/site-packages/airflow/example_dags/example_outlet_event_extra.py
[2024-09-29T08:35:47.918-0500] {logging_mixin.py:190} INFO - [2024-09-29T08:35:47.917-0500] {dag.py:3239} INFO - Sync 3 DAGs
[2024-09-29T08:35:47.973-0500] {logging_mixin.py:190} INFO - [2024-09-29T08:35:47.973-0500] {dag.py:4180} INFO - Setting next_dagrun for dataset_with_extra_by_context to 2024-09-28 00:00:00+00:00, run_after=2024-09-29 00:00:00+00:00
[2024-09-29T08:35:47.978-0500] {logging_mixin.py:190} INFO - [2024-09-29T08:35:47.978-0500] {dag.py:4180} INFO - Setting next_dagrun for dataset_with_extra_by_yield to 2024-09-28 00:00:00+00:00, run_after=2024-09-29 00:00:00+00:00
[2024-09-29T08:35:47.981-0500] {logging_mixin.py:190} INFO - [2024-09-29T08:35:47.980-0500] {dag.py:4180} INFO - Setting next_dagrun for dataset_with_extra_from_classic_operator to 2024-09-28 00:00:00+00:00, run_after=2024-09-29 00:00:00+00:00
[2024-09-29T08:35:48.389-0500] {processor.py:208} INFO - Processing /home/d-salamanca/airflow-env/lib/python3.12/site-packages/airflow/example_dags/example_outlet_event_extra.py took 2.513 seconds
[2024-09-29T08:37:27.045-0500] {processor.py:186} INFO - Started process (PID=31019) to work on /home/d-salamanca/airflow-env/lib/python3.12/site-packages/airflow/example_dags/example_outlet_event_extra.py
[2024-09-29T08:37:27.144-0500] {processor.py:914} INFO - Processing file /home/d-salamanca/airflow-env/lib/python3.12/site-packages/airflow/example_dags/example_outlet_event_extra.py for tasks to queue
[2024-09-29T08:37:27.148-0500] {logging_mixin.py:190} INFO - [2024-09-29T08:37:27.147-0500] {dagbag.py:588} INFO - Filling up the DagBag from /home/d-salamanca/airflow-env/lib/python3.12/site-packages/airflow/example_dags/example_outlet_event_extra.py
[2024-09-29T08:37:27.433-0500] {processor.py:925} INFO - DAG(s) 'dataset_with_extra_from_classic_operator', 'dataset_with_extra_by_yield', 'dataset_with_extra_by_context' retrieved from /home/d-salamanca/airflow-env/lib/python3.12/site-packages/airflow/example_dags/example_outlet_event_extra.py
[2024-09-29T08:37:27.465-0500] {logging_mixin.py:190} INFO - [2024-09-29T08:37:27.465-0500] {dag.py:3239} INFO - Sync 3 DAGs
[2024-09-29T08:37:27.535-0500] {logging_mixin.py:190} INFO - [2024-09-29T08:37:27.535-0500] {dag.py:4180} INFO - Setting next_dagrun for dataset_with_extra_by_context to 2024-09-28 00:00:00+00:00, run_after=2024-09-29 00:00:00+00:00
[2024-09-29T08:37:27.541-0500] {logging_mixin.py:190} INFO - [2024-09-29T08:37:27.540-0500] {dag.py:4180} INFO - Setting next_dagrun for dataset_with_extra_by_yield to 2024-09-28 00:00:00+00:00, run_after=2024-09-29 00:00:00+00:00
[2024-09-29T08:37:27.544-0500] {logging_mixin.py:190} INFO - [2024-09-29T08:37:27.543-0500] {dag.py:4180} INFO - Setting next_dagrun for dataset_with_extra_from_classic_operator to 2024-09-28 00:00:00+00:00, run_after=2024-09-29 00:00:00+00:00
[2024-09-29T08:37:27.626-0500] {processor.py:208} INFO - Processing /home/d-salamanca/airflow-env/lib/python3.12/site-packages/airflow/example_dags/example_outlet_event_extra.py took 0.588 seconds
[2024-09-29T08:38:48.225-0500] {processor.py:186} INFO - Started process (PID=31090) to work on /home/d-salamanca/airflow-env/lib/python3.12/site-packages/airflow/example_dags/example_outlet_event_extra.py
[2024-09-29T08:38:48.227-0500] {processor.py:914} INFO - Processing file /home/d-salamanca/airflow-env/lib/python3.12/site-packages/airflow/example_dags/example_outlet_event_extra.py for tasks to queue
[2024-09-29T08:38:48.230-0500] {logging_mixin.py:190} INFO - [2024-09-29T08:38:48.229-0500] {dagbag.py:588} INFO - Filling up the DagBag from /home/d-salamanca/airflow-env/lib/python3.12/site-packages/airflow/example_dags/example_outlet_event_extra.py
[2024-09-29T08:38:48.322-0500] {processor.py:925} INFO - DAG(s) 'dataset_with_extra_by_yield', 'dataset_with_extra_by_context', 'dataset_with_extra_from_classic_operator' retrieved from /home/d-salamanca/airflow-env/lib/python3.12/site-packages/airflow/example_dags/example_outlet_event_extra.py
[2024-09-29T08:38:48.346-0500] {logging_mixin.py:190} INFO - [2024-09-29T08:38:48.346-0500] {dag.py:3239} INFO - Sync 3 DAGs
[2024-09-29T08:38:48.371-0500] {logging_mixin.py:190} INFO - [2024-09-29T08:38:48.371-0500] {dag.py:4180} INFO - Setting next_dagrun for dataset_with_extra_by_context to 2024-09-28 00:00:00+00:00, run_after=2024-09-29 00:00:00+00:00
[2024-09-29T08:38:48.377-0500] {logging_mixin.py:190} INFO - [2024-09-29T08:38:48.376-0500] {dag.py:4180} INFO - Setting next_dagrun for dataset_with_extra_by_yield to 2024-09-28 00:00:00+00:00, run_after=2024-09-29 00:00:00+00:00
[2024-09-29T08:38:48.379-0500] {logging_mixin.py:190} INFO - [2024-09-29T08:38:48.379-0500] {dag.py:4180} INFO - Setting next_dagrun for dataset_with_extra_from_classic_operator to 2024-09-28 00:00:00+00:00, run_after=2024-09-29 00:00:00+00:00
[2024-09-29T08:38:48.418-0500] {processor.py:208} INFO - Processing /home/d-salamanca/airflow-env/lib/python3.12/site-packages/airflow/example_dags/example_outlet_event_extra.py took 0.201 seconds
[2024-09-29T08:40:23.468-0500] {processor.py:186} INFO - Started process (PID=31168) to work on /home/d-salamanca/airflow-env/lib/python3.12/site-packages/airflow/example_dags/example_outlet_event_extra.py
[2024-09-29T08:40:23.469-0500] {processor.py:914} INFO - Processing file /home/d-salamanca/airflow-env/lib/python3.12/site-packages/airflow/example_dags/example_outlet_event_extra.py for tasks to queue
[2024-09-29T08:40:23.472-0500] {logging_mixin.py:190} INFO - [2024-09-29T08:40:23.471-0500] {dagbag.py:588} INFO - Filling up the DagBag from /home/d-salamanca/airflow-env/lib/python3.12/site-packages/airflow/example_dags/example_outlet_event_extra.py
[2024-09-29T08:40:23.489-0500] {processor.py:925} INFO - DAG(s) 'dataset_with_extra_by_context', 'dataset_with_extra_by_yield', 'dataset_with_extra_from_classic_operator' retrieved from /home/d-salamanca/airflow-env/lib/python3.12/site-packages/airflow/example_dags/example_outlet_event_extra.py
[2024-09-29T08:40:23.513-0500] {logging_mixin.py:190} INFO - [2024-09-29T08:40:23.513-0500] {dag.py:3239} INFO - Sync 3 DAGs
[2024-09-29T08:40:23.540-0500] {logging_mixin.py:190} INFO - [2024-09-29T08:40:23.540-0500] {dag.py:4180} INFO - Setting next_dagrun for dataset_with_extra_by_context to 2024-09-28 00:00:00+00:00, run_after=2024-09-29 00:00:00+00:00
[2024-09-29T08:40:23.545-0500] {logging_mixin.py:190} INFO - [2024-09-29T08:40:23.545-0500] {dag.py:4180} INFO - Setting next_dagrun for dataset_with_extra_by_yield to 2024-09-28 00:00:00+00:00, run_after=2024-09-29 00:00:00+00:00
[2024-09-29T08:40:23.547-0500] {logging_mixin.py:190} INFO - [2024-09-29T08:40:23.547-0500] {dag.py:4180} INFO - Setting next_dagrun for dataset_with_extra_from_classic_operator to 2024-09-28 00:00:00+00:00, run_after=2024-09-29 00:00:00+00:00
[2024-09-29T08:40:23.599-0500] {processor.py:208} INFO - Processing /home/d-salamanca/airflow-env/lib/python3.12/site-packages/airflow/example_dags/example_outlet_event_extra.py took 0.138 seconds
[2024-09-29T08:41:54.651-0500] {processor.py:186} INFO - Started process (PID=31239) to work on /home/d-salamanca/airflow-env/lib/python3.12/site-packages/airflow/example_dags/example_outlet_event_extra.py
[2024-09-29T08:41:54.670-0500] {processor.py:914} INFO - Processing file /home/d-salamanca/airflow-env/lib/python3.12/site-packages/airflow/example_dags/example_outlet_event_extra.py for tasks to queue
[2024-09-29T08:41:54.673-0500] {logging_mixin.py:190} INFO - [2024-09-29T08:41:54.672-0500] {dagbag.py:588} INFO - Filling up the DagBag from /home/d-salamanca/airflow-env/lib/python3.12/site-packages/airflow/example_dags/example_outlet_event_extra.py
[2024-09-29T08:41:54.690-0500] {processor.py:925} INFO - DAG(s) 'dataset_with_extra_by_yield', 'dataset_with_extra_by_context', 'dataset_with_extra_from_classic_operator' retrieved from /home/d-salamanca/airflow-env/lib/python3.12/site-packages/airflow/example_dags/example_outlet_event_extra.py
[2024-09-29T08:41:54.715-0500] {logging_mixin.py:190} INFO - [2024-09-29T08:41:54.715-0500] {dag.py:3239} INFO - Sync 3 DAGs
[2024-09-29T08:41:54.740-0500] {logging_mixin.py:190} INFO - [2024-09-29T08:41:54.740-0500] {dag.py:4180} INFO - Setting next_dagrun for dataset_with_extra_by_context to 2024-09-28 00:00:00+00:00, run_after=2024-09-29 00:00:00+00:00
[2024-09-29T08:41:54.746-0500] {logging_mixin.py:190} INFO - [2024-09-29T08:41:54.745-0500] {dag.py:4180} INFO - Setting next_dagrun for dataset_with_extra_by_yield to 2024-09-28 00:00:00+00:00, run_after=2024-09-29 00:00:00+00:00
[2024-09-29T08:41:54.748-0500] {logging_mixin.py:190} INFO - [2024-09-29T08:41:54.748-0500] {dag.py:4180} INFO - Setting next_dagrun for dataset_with_extra_from_classic_operator to 2024-09-28 00:00:00+00:00, run_after=2024-09-29 00:00:00+00:00
[2024-09-29T08:41:54.895-0500] {processor.py:208} INFO - Processing /home/d-salamanca/airflow-env/lib/python3.12/site-packages/airflow/example_dags/example_outlet_event_extra.py took 0.252 seconds
[2024-09-29T08:43:28.274-0500] {processor.py:186} INFO - Started process (PID=31313) to work on /home/d-salamanca/airflow-env/lib/python3.12/site-packages/airflow/example_dags/example_outlet_event_extra.py
[2024-09-29T08:43:28.294-0500] {processor.py:914} INFO - Processing file /home/d-salamanca/airflow-env/lib/python3.12/site-packages/airflow/example_dags/example_outlet_event_extra.py for tasks to queue
[2024-09-29T08:43:28.297-0500] {logging_mixin.py:190} INFO - [2024-09-29T08:43:28.296-0500] {dagbag.py:588} INFO - Filling up the DagBag from /home/d-salamanca/airflow-env/lib/python3.12/site-packages/airflow/example_dags/example_outlet_event_extra.py
[2024-09-29T08:43:28.315-0500] {processor.py:925} INFO - DAG(s) 'dataset_with_extra_by_context', 'dataset_with_extra_from_classic_operator', 'dataset_with_extra_by_yield' retrieved from /home/d-salamanca/airflow-env/lib/python3.12/site-packages/airflow/example_dags/example_outlet_event_extra.py
[2024-09-29T08:43:28.339-0500] {logging_mixin.py:190} INFO - [2024-09-29T08:43:28.339-0500] {dag.py:3239} INFO - Sync 3 DAGs
[2024-09-29T08:43:28.364-0500] {logging_mixin.py:190} INFO - [2024-09-29T08:43:28.363-0500] {dag.py:4180} INFO - Setting next_dagrun for dataset_with_extra_by_context to 2024-09-28 00:00:00+00:00, run_after=2024-09-29 00:00:00+00:00
[2024-09-29T08:43:28.368-0500] {logging_mixin.py:190} INFO - [2024-09-29T08:43:28.368-0500] {dag.py:4180} INFO - Setting next_dagrun for dataset_with_extra_by_yield to 2024-09-28 00:00:00+00:00, run_after=2024-09-29 00:00:00+00:00
[2024-09-29T08:43:28.371-0500] {logging_mixin.py:190} INFO - [2024-09-29T08:43:28.371-0500] {dag.py:4180} INFO - Setting next_dagrun for dataset_with_extra_from_classic_operator to 2024-09-28 00:00:00+00:00, run_after=2024-09-29 00:00:00+00:00
[2024-09-29T08:43:28.439-0500] {processor.py:208} INFO - Processing /home/d-salamanca/airflow-env/lib/python3.12/site-packages/airflow/example_dags/example_outlet_event_extra.py took 0.173 seconds
[2024-09-29T08:44:50.798-0500] {processor.py:186} INFO - Started process (PID=31389) to work on /home/d-salamanca/airflow-env/lib/python3.12/site-packages/airflow/example_dags/example_outlet_event_extra.py
[2024-09-29T08:44:50.821-0500] {processor.py:914} INFO - Processing file /home/d-salamanca/airflow-env/lib/python3.12/site-packages/airflow/example_dags/example_outlet_event_extra.py for tasks to queue
[2024-09-29T08:44:50.826-0500] {logging_mixin.py:190} INFO - [2024-09-29T08:44:50.825-0500] {dagbag.py:588} INFO - Filling up the DagBag from /home/d-salamanca/airflow-env/lib/python3.12/site-packages/airflow/example_dags/example_outlet_event_extra.py
[2024-09-29T08:44:50.846-0500] {processor.py:925} INFO - DAG(s) 'dataset_with_extra_by_yield', 'dataset_with_extra_by_context', 'dataset_with_extra_from_classic_operator' retrieved from /home/d-salamanca/airflow-env/lib/python3.12/site-packages/airflow/example_dags/example_outlet_event_extra.py
[2024-09-29T08:44:50.871-0500] {logging_mixin.py:190} INFO - [2024-09-29T08:44:50.871-0500] {dag.py:3239} INFO - Sync 3 DAGs
[2024-09-29T08:44:50.896-0500] {logging_mixin.py:190} INFO - [2024-09-29T08:44:50.896-0500] {dag.py:4180} INFO - Setting next_dagrun for dataset_with_extra_by_context to 2024-09-28 00:00:00+00:00, run_after=2024-09-29 00:00:00+00:00
[2024-09-29T08:44:50.901-0500] {logging_mixin.py:190} INFO - [2024-09-29T08:44:50.901-0500] {dag.py:4180} INFO - Setting next_dagrun for dataset_with_extra_by_yield to 2024-09-28 00:00:00+00:00, run_after=2024-09-29 00:00:00+00:00
[2024-09-29T08:44:50.904-0500] {logging_mixin.py:190} INFO - [2024-09-29T08:44:50.903-0500] {dag.py:4180} INFO - Setting next_dagrun for dataset_with_extra_from_classic_operator to 2024-09-28 00:00:00+00:00, run_after=2024-09-29 00:00:00+00:00
[2024-09-29T08:44:50.961-0500] {processor.py:208} INFO - Processing /home/d-salamanca/airflow-env/lib/python3.12/site-packages/airflow/example_dags/example_outlet_event_extra.py took 0.171 seconds
[2024-09-29T08:46:46.419-0500] {processor.py:186} INFO - Started process (PID=31466) to work on /home/d-salamanca/airflow-env/lib/python3.12/site-packages/airflow/example_dags/example_outlet_event_extra.py
[2024-09-29T08:46:46.444-0500] {processor.py:914} INFO - Processing file /home/d-salamanca/airflow-env/lib/python3.12/site-packages/airflow/example_dags/example_outlet_event_extra.py for tasks to queue
[2024-09-29T08:46:46.449-0500] {logging_mixin.py:190} INFO - [2024-09-29T08:46:46.448-0500] {dagbag.py:588} INFO - Filling up the DagBag from /home/d-salamanca/airflow-env/lib/python3.12/site-packages/airflow/example_dags/example_outlet_event_extra.py
[2024-09-29T08:46:46.584-0500] {processor.py:925} INFO - DAG(s) 'dataset_with_extra_by_context', 'dataset_with_extra_from_classic_operator', 'dataset_with_extra_by_yield' retrieved from /home/d-salamanca/airflow-env/lib/python3.12/site-packages/airflow/example_dags/example_outlet_event_extra.py
[2024-09-29T08:46:46.608-0500] {logging_mixin.py:190} INFO - [2024-09-29T08:46:46.608-0500] {dag.py:3239} INFO - Sync 3 DAGs
[2024-09-29T08:46:46.633-0500] {logging_mixin.py:190} INFO - [2024-09-29T08:46:46.633-0500] {dag.py:4180} INFO - Setting next_dagrun for dataset_with_extra_by_context to 2024-09-28 00:00:00+00:00, run_after=2024-09-29 00:00:00+00:00
[2024-09-29T08:46:46.638-0500] {logging_mixin.py:190} INFO - [2024-09-29T08:46:46.638-0500] {dag.py:4180} INFO - Setting next_dagrun for dataset_with_extra_by_yield to 2024-09-28 00:00:00+00:00, run_after=2024-09-29 00:00:00+00:00
[2024-09-29T08:46:46.641-0500] {logging_mixin.py:190} INFO - [2024-09-29T08:46:46.641-0500] {dag.py:4180} INFO - Setting next_dagrun for dataset_with_extra_from_classic_operator to 2024-09-28 00:00:00+00:00, run_after=2024-09-29 00:00:00+00:00
[2024-09-29T08:46:47.228-0500] {processor.py:208} INFO - Processing /home/d-salamanca/airflow-env/lib/python3.12/site-packages/airflow/example_dags/example_outlet_event_extra.py took 0.816 seconds
[2024-09-29T08:48:18.312-0500] {processor.py:186} INFO - Started process (PID=31552) to work on /home/d-salamanca/airflow-env/lib/python3.12/site-packages/airflow/example_dags/example_outlet_event_extra.py
[2024-09-29T08:48:18.324-0500] {processor.py:914} INFO - Processing file /home/d-salamanca/airflow-env/lib/python3.12/site-packages/airflow/example_dags/example_outlet_event_extra.py for tasks to queue
[2024-09-29T08:48:18.327-0500] {logging_mixin.py:190} INFO - [2024-09-29T08:48:18.326-0500] {dagbag.py:588} INFO - Filling up the DagBag from /home/d-salamanca/airflow-env/lib/python3.12/site-packages/airflow/example_dags/example_outlet_event_extra.py
[2024-09-29T08:48:18.344-0500] {processor.py:925} INFO - DAG(s) 'dataset_with_extra_from_classic_operator', 'dataset_with_extra_by_context', 'dataset_with_extra_by_yield' retrieved from /home/d-salamanca/airflow-env/lib/python3.12/site-packages/airflow/example_dags/example_outlet_event_extra.py
[2024-09-29T08:48:18.368-0500] {logging_mixin.py:190} INFO - [2024-09-29T08:48:18.367-0500] {dag.py:3239} INFO - Sync 3 DAGs
[2024-09-29T08:48:18.392-0500] {logging_mixin.py:190} INFO - [2024-09-29T08:48:18.392-0500] {dag.py:4180} INFO - Setting next_dagrun for dataset_with_extra_by_context to 2024-09-28 00:00:00+00:00, run_after=2024-09-29 00:00:00+00:00
[2024-09-29T08:48:18.397-0500] {logging_mixin.py:190} INFO - [2024-09-29T08:48:18.397-0500] {dag.py:4180} INFO - Setting next_dagrun for dataset_with_extra_by_yield to 2024-09-28 00:00:00+00:00, run_after=2024-09-29 00:00:00+00:00
[2024-09-29T08:48:18.399-0500] {logging_mixin.py:190} INFO - [2024-09-29T08:48:18.399-0500] {dag.py:4180} INFO - Setting next_dagrun for dataset_with_extra_from_classic_operator to 2024-09-28 00:00:00+00:00, run_after=2024-09-29 00:00:00+00:00
[2024-09-29T08:48:18.432-0500] {processor.py:208} INFO - Processing /home/d-salamanca/airflow-env/lib/python3.12/site-packages/airflow/example_dags/example_outlet_event_extra.py took 0.127 seconds
[2024-09-29T08:49:40.858-0500] {processor.py:186} INFO - Started process (PID=31624) to work on /home/d-salamanca/airflow-env/lib/python3.12/site-packages/airflow/example_dags/example_outlet_event_extra.py
[2024-09-29T08:49:40.872-0500] {processor.py:914} INFO - Processing file /home/d-salamanca/airflow-env/lib/python3.12/site-packages/airflow/example_dags/example_outlet_event_extra.py for tasks to queue
[2024-09-29T08:49:40.875-0500] {logging_mixin.py:190} INFO - [2024-09-29T08:49:40.874-0500] {dagbag.py:588} INFO - Filling up the DagBag from /home/d-salamanca/airflow-env/lib/python3.12/site-packages/airflow/example_dags/example_outlet_event_extra.py
[2024-09-29T08:49:40.894-0500] {processor.py:925} INFO - DAG(s) 'dataset_with_extra_by_context', 'dataset_with_extra_from_classic_operator', 'dataset_with_extra_by_yield' retrieved from /home/d-salamanca/airflow-env/lib/python3.12/site-packages/airflow/example_dags/example_outlet_event_extra.py
[2024-09-29T08:49:40.921-0500] {logging_mixin.py:190} INFO - [2024-09-29T08:49:40.920-0500] {dag.py:3239} INFO - Sync 3 DAGs
[2024-09-29T08:49:40.947-0500] {logging_mixin.py:190} INFO - [2024-09-29T08:49:40.947-0500] {dag.py:4180} INFO - Setting next_dagrun for dataset_with_extra_by_context to 2024-09-28 00:00:00+00:00, run_after=2024-09-29 00:00:00+00:00
[2024-09-29T08:49:40.952-0500] {logging_mixin.py:190} INFO - [2024-09-29T08:49:40.952-0500] {dag.py:4180} INFO - Setting next_dagrun for dataset_with_extra_by_yield to 2024-09-28 00:00:00+00:00, run_after=2024-09-29 00:00:00+00:00
[2024-09-29T08:49:40.954-0500] {logging_mixin.py:190} INFO - [2024-09-29T08:49:40.954-0500] {dag.py:4180} INFO - Setting next_dagrun for dataset_with_extra_from_classic_operator to 2024-09-28 00:00:00+00:00, run_after=2024-09-29 00:00:00+00:00
[2024-09-29T08:49:40.984-0500] {processor.py:208} INFO - Processing /home/d-salamanca/airflow-env/lib/python3.12/site-packages/airflow/example_dags/example_outlet_event_extra.py took 0.134 seconds
[2024-09-29T08:51:26.844-0500] {processor.py:186} INFO - Started process (PID=31877) to work on /home/d-salamanca/airflow-env/lib/python3.12/site-packages/airflow/example_dags/example_outlet_event_extra.py
[2024-09-29T08:51:26.883-0500] {processor.py:914} INFO - Processing file /home/d-salamanca/airflow-env/lib/python3.12/site-packages/airflow/example_dags/example_outlet_event_extra.py for tasks to queue
[2024-09-29T08:51:26.890-0500] {logging_mixin.py:190} INFO - [2024-09-29T08:51:26.889-0500] {dagbag.py:588} INFO - Filling up the DagBag from /home/d-salamanca/airflow-env/lib/python3.12/site-packages/airflow/example_dags/example_outlet_event_extra.py
[2024-09-29T08:51:27.750-0500] {processor.py:925} INFO - DAG(s) 'dataset_with_extra_by_yield', 'dataset_with_extra_from_classic_operator', 'dataset_with_extra_by_context' retrieved from /home/d-salamanca/airflow-env/lib/python3.12/site-packages/airflow/example_dags/example_outlet_event_extra.py
[2024-09-29T08:51:27.778-0500] {logging_mixin.py:190} INFO - [2024-09-29T08:51:27.778-0500] {dag.py:3239} INFO - Sync 3 DAGs
[2024-09-29T08:51:27.871-0500] {logging_mixin.py:190} INFO - [2024-09-29T08:51:27.870-0500] {dag.py:4180} INFO - Setting next_dagrun for dataset_with_extra_by_context to 2024-09-28 00:00:00+00:00, run_after=2024-09-29 00:00:00+00:00
[2024-09-29T08:51:27.876-0500] {logging_mixin.py:190} INFO - [2024-09-29T08:51:27.875-0500] {dag.py:4180} INFO - Setting next_dagrun for dataset_with_extra_by_yield to 2024-09-28 00:00:00+00:00, run_after=2024-09-29 00:00:00+00:00
[2024-09-29T08:51:27.878-0500] {logging_mixin.py:190} INFO - [2024-09-29T08:51:27.878-0500] {dag.py:4180} INFO - Setting next_dagrun for dataset_with_extra_from_classic_operator to 2024-09-28 00:00:00+00:00, run_after=2024-09-29 00:00:00+00:00
[2024-09-29T08:51:28.080-0500] {processor.py:208} INFO - Processing /home/d-salamanca/airflow-env/lib/python3.12/site-packages/airflow/example_dags/example_outlet_event_extra.py took 1.245 seconds
[2024-09-29T08:53:03.204-0500] {processor.py:186} INFO - Started process (PID=31972) to work on /home/d-salamanca/airflow-env/lib/python3.12/site-packages/airflow/example_dags/example_outlet_event_extra.py
[2024-09-29T08:53:03.247-0500] {processor.py:914} INFO - Processing file /home/d-salamanca/airflow-env/lib/python3.12/site-packages/airflow/example_dags/example_outlet_event_extra.py for tasks to queue
[2024-09-29T08:53:03.253-0500] {logging_mixin.py:190} INFO - [2024-09-29T08:53:03.252-0500] {dagbag.py:588} INFO - Filling up the DagBag from /home/d-salamanca/airflow-env/lib/python3.12/site-packages/airflow/example_dags/example_outlet_event_extra.py
[2024-09-29T08:53:03.284-0500] {processor.py:925} INFO - DAG(s) 'dataset_with_extra_from_classic_operator', 'dataset_with_extra_by_yield', 'dataset_with_extra_by_context' retrieved from /home/d-salamanca/airflow-env/lib/python3.12/site-packages/airflow/example_dags/example_outlet_event_extra.py
[2024-09-29T08:53:03.320-0500] {logging_mixin.py:190} INFO - [2024-09-29T08:53:03.320-0500] {dag.py:3239} INFO - Sync 3 DAGs
[2024-09-29T08:53:03.349-0500] {logging_mixin.py:190} INFO - [2024-09-29T08:53:03.349-0500] {dag.py:4180} INFO - Setting next_dagrun for dataset_with_extra_by_context to 2024-09-28 00:00:00+00:00, run_after=2024-09-29 00:00:00+00:00
[2024-09-29T08:53:03.356-0500] {logging_mixin.py:190} INFO - [2024-09-29T08:53:03.355-0500] {dag.py:4180} INFO - Setting next_dagrun for dataset_with_extra_by_yield to 2024-09-28 00:00:00+00:00, run_after=2024-09-29 00:00:00+00:00
[2024-09-29T08:53:03.358-0500] {logging_mixin.py:190} INFO - [2024-09-29T08:53:03.358-0500] {dag.py:4180} INFO - Setting next_dagrun for dataset_with_extra_from_classic_operator to 2024-09-28 00:00:00+00:00, run_after=2024-09-29 00:00:00+00:00
[2024-09-29T08:53:03.408-0500] {processor.py:208} INFO - Processing /home/d-salamanca/airflow-env/lib/python3.12/site-packages/airflow/example_dags/example_outlet_event_extra.py took 0.212 seconds
[2024-09-29T08:54:38.301-0500] {processor.py:186} INFO - Started process (PID=32049) to work on /home/d-salamanca/airflow-env/lib/python3.12/site-packages/airflow/example_dags/example_outlet_event_extra.py
[2024-09-29T08:54:38.315-0500] {processor.py:914} INFO - Processing file /home/d-salamanca/airflow-env/lib/python3.12/site-packages/airflow/example_dags/example_outlet_event_extra.py for tasks to queue
[2024-09-29T08:54:38.318-0500] {logging_mixin.py:190} INFO - [2024-09-29T08:54:38.318-0500] {dagbag.py:588} INFO - Filling up the DagBag from /home/d-salamanca/airflow-env/lib/python3.12/site-packages/airflow/example_dags/example_outlet_event_extra.py
[2024-09-29T08:54:38.356-0500] {processor.py:925} INFO - DAG(s) 'dataset_with_extra_by_context', 'dataset_with_extra_by_yield', 'dataset_with_extra_from_classic_operator' retrieved from /home/d-salamanca/airflow-env/lib/python3.12/site-packages/airflow/example_dags/example_outlet_event_extra.py
[2024-09-29T08:54:38.381-0500] {logging_mixin.py:190} INFO - [2024-09-29T08:54:38.381-0500] {dag.py:3239} INFO - Sync 3 DAGs
[2024-09-29T08:54:38.407-0500] {logging_mixin.py:190} INFO - [2024-09-29T08:54:38.406-0500] {dag.py:4180} INFO - Setting next_dagrun for dataset_with_extra_by_context to 2024-09-28 00:00:00+00:00, run_after=2024-09-29 00:00:00+00:00
[2024-09-29T08:54:38.412-0500] {logging_mixin.py:190} INFO - [2024-09-29T08:54:38.411-0500] {dag.py:4180} INFO - Setting next_dagrun for dataset_with_extra_by_yield to 2024-09-28 00:00:00+00:00, run_after=2024-09-29 00:00:00+00:00
[2024-09-29T08:54:38.414-0500] {logging_mixin.py:190} INFO - [2024-09-29T08:54:38.414-0500] {dag.py:4180} INFO - Setting next_dagrun for dataset_with_extra_from_classic_operator to 2024-09-28 00:00:00+00:00, run_after=2024-09-29 00:00:00+00:00
[2024-09-29T08:54:38.465-0500] {processor.py:208} INFO - Processing /home/d-salamanca/airflow-env/lib/python3.12/site-packages/airflow/example_dags/example_outlet_event_extra.py took 0.172 seconds
[2024-09-29T08:56:14.740-0500] {processor.py:186} INFO - Started process (PID=32127) to work on /home/d-salamanca/airflow-env/lib/python3.12/site-packages/airflow/example_dags/example_outlet_event_extra.py
[2024-09-29T08:56:14.742-0500] {processor.py:914} INFO - Processing file /home/d-salamanca/airflow-env/lib/python3.12/site-packages/airflow/example_dags/example_outlet_event_extra.py for tasks to queue
[2024-09-29T08:56:14.744-0500] {logging_mixin.py:190} INFO - [2024-09-29T08:56:14.744-0500] {dagbag.py:588} INFO - Filling up the DagBag from /home/d-salamanca/airflow-env/lib/python3.12/site-packages/airflow/example_dags/example_outlet_event_extra.py
[2024-09-29T08:56:14.807-0500] {processor.py:925} INFO - DAG(s) 'dataset_with_extra_by_context', 'dataset_with_extra_from_classic_operator', 'dataset_with_extra_by_yield' retrieved from /home/d-salamanca/airflow-env/lib/python3.12/site-packages/airflow/example_dags/example_outlet_event_extra.py
[2024-09-29T08:56:14.835-0500] {logging_mixin.py:190} INFO - [2024-09-29T08:56:14.835-0500] {dag.py:3239} INFO - Sync 3 DAGs
[2024-09-29T08:56:14.864-0500] {logging_mixin.py:190} INFO - [2024-09-29T08:56:14.864-0500] {dag.py:4180} INFO - Setting next_dagrun for dataset_with_extra_by_context to 2024-09-28 00:00:00+00:00, run_after=2024-09-29 00:00:00+00:00
[2024-09-29T08:56:14.869-0500] {logging_mixin.py:190} INFO - [2024-09-29T08:56:14.869-0500] {dag.py:4180} INFO - Setting next_dagrun for dataset_with_extra_by_yield to 2024-09-28 00:00:00+00:00, run_after=2024-09-29 00:00:00+00:00
[2024-09-29T08:56:14.872-0500] {logging_mixin.py:190} INFO - [2024-09-29T08:56:14.872-0500] {dag.py:4180} INFO - Setting next_dagrun for dataset_with_extra_from_classic_operator to 2024-09-28 00:00:00+00:00, run_after=2024-09-29 00:00:00+00:00
[2024-09-29T08:56:14.907-0500] {processor.py:208} INFO - Processing /home/d-salamanca/airflow-env/lib/python3.12/site-packages/airflow/example_dags/example_outlet_event_extra.py took 0.179 seconds
[2024-09-29T08:57:29.625-0500] {processor.py:186} INFO - Started process (PID=32181) to work on /home/d-salamanca/airflow-env/lib/python3.12/site-packages/airflow/example_dags/example_outlet_event_extra.py
[2024-09-29T08:57:29.627-0500] {processor.py:914} INFO - Processing file /home/d-salamanca/airflow-env/lib/python3.12/site-packages/airflow/example_dags/example_outlet_event_extra.py for tasks to queue
[2024-09-29T08:57:29.629-0500] {logging_mixin.py:190} INFO - [2024-09-29T08:57:29.629-0500] {dagbag.py:588} INFO - Filling up the DagBag from /home/d-salamanca/airflow-env/lib/python3.12/site-packages/airflow/example_dags/example_outlet_event_extra.py
[2024-09-29T08:57:29.647-0500] {processor.py:925} INFO - DAG(s) 'dataset_with_extra_from_classic_operator', 'dataset_with_extra_by_context', 'dataset_with_extra_by_yield' retrieved from /home/d-salamanca/airflow-env/lib/python3.12/site-packages/airflow/example_dags/example_outlet_event_extra.py
[2024-09-29T08:57:29.670-0500] {logging_mixin.py:190} INFO - [2024-09-29T08:57:29.669-0500] {dag.py:3239} INFO - Sync 3 DAGs
[2024-09-29T08:57:29.695-0500] {logging_mixin.py:190} INFO - [2024-09-29T08:57:29.695-0500] {dag.py:4180} INFO - Setting next_dagrun for dataset_with_extra_by_context to 2024-09-28 00:00:00+00:00, run_after=2024-09-29 00:00:00+00:00
[2024-09-29T08:57:29.700-0500] {logging_mixin.py:190} INFO - [2024-09-29T08:57:29.699-0500] {dag.py:4180} INFO - Setting next_dagrun for dataset_with_extra_by_yield to 2024-09-28 00:00:00+00:00, run_after=2024-09-29 00:00:00+00:00
[2024-09-29T08:57:29.702-0500] {logging_mixin.py:190} INFO - [2024-09-29T08:57:29.702-0500] {dag.py:4180} INFO - Setting next_dagrun for dataset_with_extra_from_classic_operator to 2024-09-28 00:00:00+00:00, run_after=2024-09-29 00:00:00+00:00
[2024-09-29T08:57:29.875-0500] {processor.py:208} INFO - Processing /home/d-salamanca/airflow-env/lib/python3.12/site-packages/airflow/example_dags/example_outlet_event_extra.py took 0.257 seconds
[2024-09-29T08:59:11.188-0500] {processor.py:186} INFO - Started process (PID=32287) to work on /home/d-salamanca/airflow-env/lib/python3.12/site-packages/airflow/example_dags/example_outlet_event_extra.py
[2024-09-29T08:59:11.190-0500] {processor.py:914} INFO - Processing file /home/d-salamanca/airflow-env/lib/python3.12/site-packages/airflow/example_dags/example_outlet_event_extra.py for tasks to queue
[2024-09-29T08:59:11.195-0500] {logging_mixin.py:190} INFO - [2024-09-29T08:59:11.193-0500] {dagbag.py:588} INFO - Filling up the DagBag from /home/d-salamanca/airflow-env/lib/python3.12/site-packages/airflow/example_dags/example_outlet_event_extra.py
[2024-09-29T08:59:11.215-0500] {processor.py:925} INFO - DAG(s) 'dataset_with_extra_from_classic_operator', 'dataset_with_extra_by_context', 'dataset_with_extra_by_yield' retrieved from /home/d-salamanca/airflow-env/lib/python3.12/site-packages/airflow/example_dags/example_outlet_event_extra.py
[2024-09-29T08:59:11.243-0500] {logging_mixin.py:190} INFO - [2024-09-29T08:59:11.243-0500] {dag.py:3239} INFO - Sync 3 DAGs
[2024-09-29T08:59:11.270-0500] {logging_mixin.py:190} INFO - [2024-09-29T08:59:11.270-0500] {dag.py:4180} INFO - Setting next_dagrun for dataset_with_extra_by_context to 2024-09-28 00:00:00+00:00, run_after=2024-09-29 00:00:00+00:00
[2024-09-29T08:59:11.276-0500] {logging_mixin.py:190} INFO - [2024-09-29T08:59:11.276-0500] {dag.py:4180} INFO - Setting next_dagrun for dataset_with_extra_by_yield to 2024-09-28 00:00:00+00:00, run_after=2024-09-29 00:00:00+00:00
[2024-09-29T08:59:11.279-0500] {logging_mixin.py:190} INFO - [2024-09-29T08:59:11.279-0500] {dag.py:4180} INFO - Setting next_dagrun for dataset_with_extra_from_classic_operator to 2024-09-28 00:00:00+00:00, run_after=2024-09-29 00:00:00+00:00
[2024-09-29T08:59:11.405-0500] {processor.py:208} INFO - Processing /home/d-salamanca/airflow-env/lib/python3.12/site-packages/airflow/example_dags/example_outlet_event_extra.py took 0.227 seconds
[2024-09-29T09:01:08.193-0500] {processor.py:186} INFO - Started process (PID=32560) to work on /home/d-salamanca/airflow-env/lib/python3.12/site-packages/airflow/example_dags/example_outlet_event_extra.py
[2024-09-29T09:01:08.238-0500] {processor.py:914} INFO - Processing file /home/d-salamanca/airflow-env/lib/python3.12/site-packages/airflow/example_dags/example_outlet_event_extra.py for tasks to queue
[2024-09-29T09:01:08.245-0500] {logging_mixin.py:190} INFO - [2024-09-29T09:01:08.244-0500] {dagbag.py:588} INFO - Filling up the DagBag from /home/d-salamanca/airflow-env/lib/python3.12/site-packages/airflow/example_dags/example_outlet_event_extra.py
[2024-09-29T09:01:08.415-0500] {processor.py:925} INFO - DAG(s) 'dataset_with_extra_from_classic_operator', 'dataset_with_extra_by_yield', 'dataset_with_extra_by_context' retrieved from /home/d-salamanca/airflow-env/lib/python3.12/site-packages/airflow/example_dags/example_outlet_event_extra.py
[2024-09-29T09:01:08.441-0500] {logging_mixin.py:190} INFO - [2024-09-29T09:01:08.441-0500] {dag.py:3239} INFO - Sync 3 DAGs
[2024-09-29T09:01:08.484-0500] {logging_mixin.py:190} INFO - [2024-09-29T09:01:08.484-0500] {dag.py:4180} INFO - Setting next_dagrun for dataset_with_extra_by_context to 2024-09-28 00:00:00+00:00, run_after=2024-09-29 00:00:00+00:00
[2024-09-29T09:01:08.489-0500] {logging_mixin.py:190} INFO - [2024-09-29T09:01:08.488-0500] {dag.py:4180} INFO - Setting next_dagrun for dataset_with_extra_by_yield to 2024-09-28 00:00:00+00:00, run_after=2024-09-29 00:00:00+00:00
[2024-09-29T09:01:08.491-0500] {logging_mixin.py:190} INFO - [2024-09-29T09:01:08.491-0500] {dag.py:4180} INFO - Setting next_dagrun for dataset_with_extra_from_classic_operator to 2024-09-28 00:00:00+00:00, run_after=2024-09-29 00:00:00+00:00
[2024-09-29T09:01:08.666-0500] {processor.py:208} INFO - Processing /home/d-salamanca/airflow-env/lib/python3.12/site-packages/airflow/example_dags/example_outlet_event_extra.py took 0.480 seconds
[2024-09-29T09:02:45.988-0500] {processor.py:186} INFO - Started process (PID=32635) to work on /home/d-salamanca/airflow-env/lib/python3.12/site-packages/airflow/example_dags/example_outlet_event_extra.py
[2024-09-29T09:02:46.008-0500] {processor.py:914} INFO - Processing file /home/d-salamanca/airflow-env/lib/python3.12/site-packages/airflow/example_dags/example_outlet_event_extra.py for tasks to queue
[2024-09-29T09:02:46.011-0500] {logging_mixin.py:190} INFO - [2024-09-29T09:02:46.010-0500] {dagbag.py:588} INFO - Filling up the DagBag from /home/d-salamanca/airflow-env/lib/python3.12/site-packages/airflow/example_dags/example_outlet_event_extra.py
[2024-09-29T09:02:46.029-0500] {processor.py:925} INFO - DAG(s) 'dataset_with_extra_from_classic_operator', 'dataset_with_extra_by_context', 'dataset_with_extra_by_yield' retrieved from /home/d-salamanca/airflow-env/lib/python3.12/site-packages/airflow/example_dags/example_outlet_event_extra.py
[2024-09-29T09:02:46.052-0500] {logging_mixin.py:190} INFO - [2024-09-29T09:02:46.052-0500] {dag.py:3239} INFO - Sync 3 DAGs
[2024-09-29T09:02:46.077-0500] {logging_mixin.py:190} INFO - [2024-09-29T09:02:46.076-0500] {dag.py:4180} INFO - Setting next_dagrun for dataset_with_extra_by_context to 2024-09-28 00:00:00+00:00, run_after=2024-09-29 00:00:00+00:00
[2024-09-29T09:02:46.082-0500] {logging_mixin.py:190} INFO - [2024-09-29T09:02:46.081-0500] {dag.py:4180} INFO - Setting next_dagrun for dataset_with_extra_by_yield to 2024-09-28 00:00:00+00:00, run_after=2024-09-29 00:00:00+00:00
[2024-09-29T09:02:46.084-0500] {logging_mixin.py:190} INFO - [2024-09-29T09:02:46.084-0500] {dag.py:4180} INFO - Setting next_dagrun for dataset_with_extra_from_classic_operator to 2024-09-28 00:00:00+00:00, run_after=2024-09-29 00:00:00+00:00
[2024-09-29T09:02:46.170-0500] {processor.py:208} INFO - Processing /home/d-salamanca/airflow-env/lib/python3.12/site-packages/airflow/example_dags/example_outlet_event_extra.py took 0.189 seconds
[2024-09-29T09:04:06.290-0500] {processor.py:186} INFO - Started process (PID=32705) to work on /home/d-salamanca/airflow-env/lib/python3.12/site-packages/airflow/example_dags/example_outlet_event_extra.py
[2024-09-29T09:04:06.306-0500] {processor.py:914} INFO - Processing file /home/d-salamanca/airflow-env/lib/python3.12/site-packages/airflow/example_dags/example_outlet_event_extra.py for tasks to queue
[2024-09-29T09:04:06.309-0500] {logging_mixin.py:190} INFO - [2024-09-29T09:04:06.309-0500] {dagbag.py:588} INFO - Filling up the DagBag from /home/d-salamanca/airflow-env/lib/python3.12/site-packages/airflow/example_dags/example_outlet_event_extra.py
[2024-09-29T09:04:06.327-0500] {processor.py:925} INFO - DAG(s) 'dataset_with_extra_by_yield', 'dataset_with_extra_by_context', 'dataset_with_extra_from_classic_operator' retrieved from /home/d-salamanca/airflow-env/lib/python3.12/site-packages/airflow/example_dags/example_outlet_event_extra.py
[2024-09-29T09:04:06.350-0500] {logging_mixin.py:190} INFO - [2024-09-29T09:04:06.350-0500] {dag.py:3239} INFO - Sync 3 DAGs
[2024-09-29T09:04:06.374-0500] {logging_mixin.py:190} INFO - [2024-09-29T09:04:06.373-0500] {dag.py:4180} INFO - Setting next_dagrun for dataset_with_extra_by_context to 2024-09-28 00:00:00+00:00, run_after=2024-09-29 00:00:00+00:00
[2024-09-29T09:04:06.379-0500] {logging_mixin.py:190} INFO - [2024-09-29T09:04:06.378-0500] {dag.py:4180} INFO - Setting next_dagrun for dataset_with_extra_by_yield to 2024-09-28 00:00:00+00:00, run_after=2024-09-29 00:00:00+00:00
[2024-09-29T09:04:06.381-0500] {logging_mixin.py:190} INFO - [2024-09-29T09:04:06.381-0500] {dag.py:4180} INFO - Setting next_dagrun for dataset_with_extra_from_classic_operator to 2024-09-28 00:00:00+00:00, run_after=2024-09-29 00:00:00+00:00
[2024-09-29T09:04:06.728-0500] {processor.py:208} INFO - Processing /home/d-salamanca/airflow-env/lib/python3.12/site-packages/airflow/example_dags/example_outlet_event_extra.py took 0.447 seconds
[2024-09-29T09:06:23.240-0500] {processor.py:186} INFO - Started process (PID=33063) to work on /home/d-salamanca/airflow-env/lib/python3.12/site-packages/airflow/example_dags/example_outlet_event_extra.py
[2024-09-29T09:06:23.242-0500] {processor.py:914} INFO - Processing file /home/d-salamanca/airflow-env/lib/python3.12/site-packages/airflow/example_dags/example_outlet_event_extra.py for tasks to queue
[2024-09-29T09:06:23.244-0500] {logging_mixin.py:190} INFO - [2024-09-29T09:06:23.244-0500] {dagbag.py:588} INFO - Filling up the DagBag from /home/d-salamanca/airflow-env/lib/python3.12/site-packages/airflow/example_dags/example_outlet_event_extra.py
[2024-09-29T09:06:23.682-0500] {processor.py:925} INFO - DAG(s) 'dataset_with_extra_by_context', 'dataset_with_extra_from_classic_operator', 'dataset_with_extra_by_yield' retrieved from /home/d-salamanca/airflow-env/lib/python3.12/site-packages/airflow/example_dags/example_outlet_event_extra.py
[2024-09-29T09:06:23.712-0500] {logging_mixin.py:190} INFO - [2024-09-29T09:06:23.712-0500] {dag.py:3239} INFO - Sync 3 DAGs
[2024-09-29T09:06:23.760-0500] {logging_mixin.py:190} INFO - [2024-09-29T09:06:23.760-0500] {dag.py:4180} INFO - Setting next_dagrun for dataset_with_extra_by_context to 2024-09-28 00:00:00+00:00, run_after=2024-09-29 00:00:00+00:00
[2024-09-29T09:06:23.765-0500] {logging_mixin.py:190} INFO - [2024-09-29T09:06:23.765-0500] {dag.py:4180} INFO - Setting next_dagrun for dataset_with_extra_by_yield to 2024-09-28 00:00:00+00:00, run_after=2024-09-29 00:00:00+00:00
[2024-09-29T09:06:23.767-0500] {logging_mixin.py:190} INFO - [2024-09-29T09:06:23.767-0500] {dag.py:4180} INFO - Setting next_dagrun for dataset_with_extra_from_classic_operator to 2024-09-28 00:00:00+00:00, run_after=2024-09-29 00:00:00+00:00
[2024-09-29T09:06:23.877-0500] {processor.py:208} INFO - Processing /home/d-salamanca/airflow-env/lib/python3.12/site-packages/airflow/example_dags/example_outlet_event_extra.py took 0.645 seconds
[2024-09-29T09:07:56.711-0500] {processor.py:186} INFO - Started process (PID=33138) to work on /home/d-salamanca/airflow-env/lib/python3.12/site-packages/airflow/example_dags/example_outlet_event_extra.py
[2024-09-29T09:07:56.742-0500] {processor.py:914} INFO - Processing file /home/d-salamanca/airflow-env/lib/python3.12/site-packages/airflow/example_dags/example_outlet_event_extra.py for tasks to queue
[2024-09-29T09:07:56.749-0500] {logging_mixin.py:190} INFO - [2024-09-29T09:07:56.747-0500] {dagbag.py:588} INFO - Filling up the DagBag from /home/d-salamanca/airflow-env/lib/python3.12/site-packages/airflow/example_dags/example_outlet_event_extra.py
[2024-09-29T09:07:57.648-0500] {processor.py:925} INFO - DAG(s) 'dataset_with_extra_by_yield', 'dataset_with_extra_by_context', 'dataset_with_extra_from_classic_operator' retrieved from /home/d-salamanca/airflow-env/lib/python3.12/site-packages/airflow/example_dags/example_outlet_event_extra.py
[2024-09-29T09:07:57.675-0500] {logging_mixin.py:190} INFO - [2024-09-29T09:07:57.675-0500] {dag.py:3239} INFO - Sync 3 DAGs
[2024-09-29T09:07:57.825-0500] {logging_mixin.py:190} INFO - [2024-09-29T09:07:57.825-0500] {dag.py:4180} INFO - Setting next_dagrun for dataset_with_extra_by_context to 2024-09-28 00:00:00+00:00, run_after=2024-09-29 00:00:00+00:00
[2024-09-29T09:07:57.830-0500] {logging_mixin.py:190} INFO - [2024-09-29T09:07:57.830-0500] {dag.py:4180} INFO - Setting next_dagrun for dataset_with_extra_by_yield to 2024-09-28 00:00:00+00:00, run_after=2024-09-29 00:00:00+00:00
[2024-09-29T09:07:57.833-0500] {logging_mixin.py:190} INFO - [2024-09-29T09:07:57.832-0500] {dag.py:4180} INFO - Setting next_dagrun for dataset_with_extra_from_classic_operator to 2024-09-28 00:00:00+00:00, run_after=2024-09-29 00:00:00+00:00
[2024-09-29T09:07:58.263-0500] {processor.py:208} INFO - Processing /home/d-salamanca/airflow-env/lib/python3.12/site-packages/airflow/example_dags/example_outlet_event_extra.py took 1.563 seconds
