[2024-09-29T00:20:00.729-0500] {processor.py:186} INFO - Started process (PID=28654) to work on /home/d-salamanca/airflow-env/lib/python3.12/site-packages/airflow/example_dags/example_dataset_alias.py
[2024-09-29T00:20:00.730-0500] {processor.py:914} INFO - Processing file /home/d-salamanca/airflow-env/lib/python3.12/site-packages/airflow/example_dags/example_dataset_alias.py for tasks to queue
[2024-09-29T00:20:00.733-0500] {logging_mixin.py:190} INFO - [2024-09-29T00:20:00.732-0500] {dagbag.py:588} INFO - Filling up the DagBag from /home/d-salamanca/airflow-env/lib/python3.12/site-packages/airflow/example_dags/example_dataset_alias.py
[2024-09-29T00:20:01.080-0500] {processor.py:925} INFO - DAG(s) 'dataset_alias_example_alias_consumer', 'dataset_s3_bucket_consumer', 'dataset_s3_bucket_producer', 'dataset_alias_example_alias_producer' retrieved from /home/d-salamanca/airflow-env/lib/python3.12/site-packages/airflow/example_dags/example_dataset_alias.py
[2024-09-29T00:20:01.280-0500] {logging_mixin.py:190} INFO - [2024-09-29T00:20:01.278-0500] {override.py:1901} INFO - Created Permission View: can edit on DAG:dataset_alias_example_alias_consumer
[2024-09-29T00:20:01.313-0500] {logging_mixin.py:190} INFO - [2024-09-29T00:20:01.312-0500] {override.py:1901} INFO - Created Permission View: can read on DAG:dataset_alias_example_alias_consumer
[2024-09-29T00:20:01.479-0500] {logging_mixin.py:190} INFO - [2024-09-29T00:20:01.479-0500] {override.py:1901} INFO - Created Permission View: can delete on DAG:dataset_alias_example_alias_consumer
[2024-09-29T00:20:01.672-0500] {logging_mixin.py:190} INFO - [2024-09-29T00:20:01.671-0500] {override.py:1901} INFO - Created Permission View: can create on DAG Run:dataset_alias_example_alias_consumer
[2024-09-29T00:20:01.694-0500] {logging_mixin.py:190} INFO - [2024-09-29T00:20:01.693-0500] {override.py:1901} INFO - Created Permission View: can read on DAG Run:dataset_alias_example_alias_consumer
[2024-09-29T00:20:01.757-0500] {logging_mixin.py:190} INFO - [2024-09-29T00:20:01.756-0500] {override.py:1901} INFO - Created Permission View: can delete on DAG Run:dataset_alias_example_alias_consumer
[2024-09-29T00:20:01.813-0500] {logging_mixin.py:190} INFO - [2024-09-29T00:20:01.812-0500] {override.py:1901} INFO - Created Permission View: menu access on DAG Run:dataset_alias_example_alias_consumer
[2024-09-29T00:20:01.858-0500] {logging_mixin.py:190} INFO - [2024-09-29T00:20:01.857-0500] {override.py:1901} INFO - Created Permission View: can edit on DAG:dataset_s3_bucket_consumer
[2024-09-29T00:20:01.874-0500] {logging_mixin.py:190} INFO - [2024-09-29T00:20:01.874-0500] {override.py:1901} INFO - Created Permission View: can read on DAG:dataset_s3_bucket_consumer
[2024-09-29T00:20:01.896-0500] {logging_mixin.py:190} INFO - [2024-09-29T00:20:01.895-0500] {override.py:1901} INFO - Created Permission View: can delete on DAG:dataset_s3_bucket_consumer
[2024-09-29T00:20:01.920-0500] {logging_mixin.py:190} INFO - [2024-09-29T00:20:01.920-0500] {override.py:1901} INFO - Created Permission View: can create on DAG Run:dataset_s3_bucket_consumer
[2024-09-29T00:20:01.934-0500] {logging_mixin.py:190} INFO - [2024-09-29T00:20:01.934-0500] {override.py:1901} INFO - Created Permission View: can read on DAG Run:dataset_s3_bucket_consumer
[2024-09-29T00:20:01.946-0500] {logging_mixin.py:190} INFO - [2024-09-29T00:20:01.946-0500] {override.py:1901} INFO - Created Permission View: can delete on DAG Run:dataset_s3_bucket_consumer
[2024-09-29T00:20:01.962-0500] {logging_mixin.py:190} INFO - [2024-09-29T00:20:01.961-0500] {override.py:1901} INFO - Created Permission View: menu access on DAG Run:dataset_s3_bucket_consumer
[2024-09-29T00:20:01.997-0500] {logging_mixin.py:190} INFO - [2024-09-29T00:20:01.997-0500] {override.py:1901} INFO - Created Permission View: can edit on DAG:dataset_s3_bucket_producer
[2024-09-29T00:20:02.022-0500] {logging_mixin.py:190} INFO - [2024-09-29T00:20:02.022-0500] {override.py:1901} INFO - Created Permission View: can read on DAG:dataset_s3_bucket_producer
[2024-09-29T00:20:02.086-0500] {logging_mixin.py:190} INFO - [2024-09-29T00:20:02.085-0500] {override.py:1901} INFO - Created Permission View: can delete on DAG:dataset_s3_bucket_producer
[2024-09-29T00:20:02.143-0500] {logging_mixin.py:190} INFO - [2024-09-29T00:20:02.142-0500] {override.py:1901} INFO - Created Permission View: can create on DAG Run:dataset_s3_bucket_producer
[2024-09-29T00:20:02.189-0500] {logging_mixin.py:190} INFO - [2024-09-29T00:20:02.188-0500] {override.py:1901} INFO - Created Permission View: can read on DAG Run:dataset_s3_bucket_producer
[2024-09-29T00:20:02.213-0500] {logging_mixin.py:190} INFO - [2024-09-29T00:20:02.212-0500] {override.py:1901} INFO - Created Permission View: can delete on DAG Run:dataset_s3_bucket_producer
[2024-09-29T00:20:02.240-0500] {logging_mixin.py:190} INFO - [2024-09-29T00:20:02.239-0500] {override.py:1901} INFO - Created Permission View: menu access on DAG Run:dataset_s3_bucket_producer
[2024-09-29T00:20:02.292-0500] {logging_mixin.py:190} INFO - [2024-09-29T00:20:02.291-0500] {override.py:1901} INFO - Created Permission View: can edit on DAG:dataset_alias_example_alias_producer
[2024-09-29T00:20:02.309-0500] {logging_mixin.py:190} INFO - [2024-09-29T00:20:02.308-0500] {override.py:1901} INFO - Created Permission View: can read on DAG:dataset_alias_example_alias_producer
[2024-09-29T00:20:02.348-0500] {logging_mixin.py:190} INFO - [2024-09-29T00:20:02.348-0500] {override.py:1901} INFO - Created Permission View: can delete on DAG:dataset_alias_example_alias_producer
[2024-09-29T00:20:02.419-0500] {logging_mixin.py:190} INFO - [2024-09-29T00:20:02.418-0500] {override.py:1901} INFO - Created Permission View: can create on DAG Run:dataset_alias_example_alias_producer
[2024-09-29T00:20:02.447-0500] {logging_mixin.py:190} INFO - [2024-09-29T00:20:02.446-0500] {override.py:1901} INFO - Created Permission View: can read on DAG Run:dataset_alias_example_alias_producer
[2024-09-29T00:20:02.550-0500] {logging_mixin.py:190} INFO - [2024-09-29T00:20:02.549-0500] {override.py:1901} INFO - Created Permission View: can delete on DAG Run:dataset_alias_example_alias_producer
[2024-09-29T00:20:02.572-0500] {logging_mixin.py:190} INFO - [2024-09-29T00:20:02.571-0500] {override.py:1901} INFO - Created Permission View: menu access on DAG Run:dataset_alias_example_alias_producer
[2024-09-29T00:20:02.572-0500] {logging_mixin.py:190} INFO - [2024-09-29T00:20:02.572-0500] {dag.py:3239} INFO - Sync 4 DAGs
[2024-09-29T00:20:02.586-0500] {logging_mixin.py:190} INFO - [2024-09-29T00:20:02.586-0500] {dag.py:3262} INFO - Creating ORM DAG for dataset_s3_bucket_consumer
[2024-09-29T00:20:02.587-0500] {logging_mixin.py:190} INFO - [2024-09-29T00:20:02.587-0500] {dag.py:3262} INFO - Creating ORM DAG for dataset_alias_example_alias_producer
[2024-09-29T00:20:02.588-0500] {logging_mixin.py:190} INFO - [2024-09-29T00:20:02.588-0500] {dag.py:3262} INFO - Creating ORM DAG for dataset_alias_example_alias_consumer
[2024-09-29T00:20:02.589-0500] {logging_mixin.py:190} INFO - [2024-09-29T00:20:02.588-0500] {dag.py:3262} INFO - Creating ORM DAG for dataset_s3_bucket_producer
[2024-09-29T00:20:02.598-0500] {logging_mixin.py:190} INFO - [2024-09-29T00:20:02.597-0500] {dag.py:4180} INFO - Setting next_dagrun for dataset_alias_example_alias_consumer to None, run_after=None
[2024-09-29T00:20:02.598-0500] {logging_mixin.py:190} INFO - [2024-09-29T00:20:02.598-0500] {dag.py:4180} INFO - Setting next_dagrun for dataset_alias_example_alias_producer to None, run_after=None
[2024-09-29T00:20:02.599-0500] {logging_mixin.py:190} INFO - [2024-09-29T00:20:02.599-0500] {dag.py:4180} INFO - Setting next_dagrun for dataset_s3_bucket_consumer to None, run_after=None
[2024-09-29T00:20:02.599-0500] {logging_mixin.py:190} INFO - [2024-09-29T00:20:02.599-0500] {dag.py:4180} INFO - Setting next_dagrun for dataset_s3_bucket_producer to None, run_after=None
[2024-09-29T00:20:02.645-0500] {processor.py:208} INFO - Processing /home/d-salamanca/airflow-env/lib/python3.12/site-packages/airflow/example_dags/example_dataset_alias.py took 1.922 seconds
[2024-09-29T00:21:44.591-0500] {processor.py:186} INFO - Started process (PID=28743) to work on /home/d-salamanca/airflow-env/lib/python3.12/site-packages/airflow/example_dags/example_dataset_alias.py
[2024-09-29T00:21:44.605-0500] {processor.py:914} INFO - Processing file /home/d-salamanca/airflow-env/lib/python3.12/site-packages/airflow/example_dags/example_dataset_alias.py for tasks to queue
[2024-09-29T00:21:44.608-0500] {logging_mixin.py:190} INFO - [2024-09-29T00:21:44.608-0500] {dagbag.py:588} INFO - Filling up the DagBag from /home/d-salamanca/airflow-env/lib/python3.12/site-packages/airflow/example_dags/example_dataset_alias.py
[2024-09-29T00:21:44.640-0500] {processor.py:925} INFO - DAG(s) 'dataset_s3_bucket_producer', 'dataset_alias_example_alias_consumer', 'dataset_alias_example_alias_producer', 'dataset_s3_bucket_consumer' retrieved from /home/d-salamanca/airflow-env/lib/python3.12/site-packages/airflow/example_dags/example_dataset_alias.py
[2024-09-29T00:21:44.664-0500] {logging_mixin.py:190} INFO - [2024-09-29T00:21:44.664-0500] {dag.py:3239} INFO - Sync 4 DAGs
[2024-09-29T00:21:44.713-0500] {logging_mixin.py:190} INFO - [2024-09-29T00:21:44.713-0500] {dag.py:4180} INFO - Setting next_dagrun for dataset_alias_example_alias_consumer to None, run_after=None
[2024-09-29T00:21:44.717-0500] {logging_mixin.py:190} INFO - [2024-09-29T00:21:44.716-0500] {dag.py:4180} INFO - Setting next_dagrun for dataset_alias_example_alias_producer to None, run_after=None
[2024-09-29T00:21:44.718-0500] {logging_mixin.py:190} INFO - [2024-09-29T00:21:44.718-0500] {dag.py:4180} INFO - Setting next_dagrun for dataset_s3_bucket_consumer to None, run_after=None
[2024-09-29T00:21:44.719-0500] {logging_mixin.py:190} INFO - [2024-09-29T00:21:44.719-0500] {dag.py:4180} INFO - Setting next_dagrun for dataset_s3_bucket_producer to None, run_after=None
[2024-09-29T00:21:45.518-0500] {processor.py:208} INFO - Processing /home/d-salamanca/airflow-env/lib/python3.12/site-packages/airflow/example_dags/example_dataset_alias.py took 0.935 seconds
[2024-09-29T00:23:19.137-0500] {processor.py:186} INFO - Started process (PID=28819) to work on /home/d-salamanca/airflow-env/lib/python3.12/site-packages/airflow/example_dags/example_dataset_alias.py
[2024-09-29T00:23:19.138-0500] {processor.py:914} INFO - Processing file /home/d-salamanca/airflow-env/lib/python3.12/site-packages/airflow/example_dags/example_dataset_alias.py for tasks to queue
[2024-09-29T00:23:19.141-0500] {logging_mixin.py:190} INFO - [2024-09-29T00:23:19.140-0500] {dagbag.py:588} INFO - Filling up the DagBag from /home/d-salamanca/airflow-env/lib/python3.12/site-packages/airflow/example_dags/example_dataset_alias.py
[2024-09-29T00:23:19.171-0500] {processor.py:925} INFO - DAG(s) 'dataset_s3_bucket_producer', 'dataset_s3_bucket_consumer', 'dataset_alias_example_alias_producer', 'dataset_alias_example_alias_consumer' retrieved from /home/d-salamanca/airflow-env/lib/python3.12/site-packages/airflow/example_dags/example_dataset_alias.py
[2024-09-29T00:23:19.194-0500] {logging_mixin.py:190} INFO - [2024-09-29T00:23:19.193-0500] {dag.py:3239} INFO - Sync 4 DAGs
[2024-09-29T00:23:19.216-0500] {logging_mixin.py:190} INFO - [2024-09-29T00:23:19.216-0500] {dag.py:4180} INFO - Setting next_dagrun for dataset_alias_example_alias_consumer to None, run_after=None
[2024-09-29T00:23:19.219-0500] {logging_mixin.py:190} INFO - [2024-09-29T00:23:19.218-0500] {dag.py:4180} INFO - Setting next_dagrun for dataset_alias_example_alias_producer to None, run_after=None
[2024-09-29T00:23:19.220-0500] {logging_mixin.py:190} INFO - [2024-09-29T00:23:19.220-0500] {dag.py:4180} INFO - Setting next_dagrun for dataset_s3_bucket_consumer to None, run_after=None
[2024-09-29T00:23:19.221-0500] {logging_mixin.py:190} INFO - [2024-09-29T00:23:19.221-0500] {dag.py:4180} INFO - Setting next_dagrun for dataset_s3_bucket_producer to None, run_after=None
[2024-09-29T00:23:19.264-0500] {processor.py:208} INFO - Processing /home/d-salamanca/airflow-env/lib/python3.12/site-packages/airflow/example_dags/example_dataset_alias.py took 0.135 seconds
[2024-09-29T00:24:44.565-0500] {processor.py:186} INFO - Started process (PID=28890) to work on /home/d-salamanca/airflow-env/lib/python3.12/site-packages/airflow/example_dags/example_dataset_alias.py
[2024-09-29T00:24:44.566-0500] {processor.py:914} INFO - Processing file /home/d-salamanca/airflow-env/lib/python3.12/site-packages/airflow/example_dags/example_dataset_alias.py for tasks to queue
[2024-09-29T00:24:44.568-0500] {logging_mixin.py:190} INFO - [2024-09-29T00:24:44.568-0500] {dagbag.py:588} INFO - Filling up the DagBag from /home/d-salamanca/airflow-env/lib/python3.12/site-packages/airflow/example_dags/example_dataset_alias.py
[2024-09-29T00:24:44.597-0500] {processor.py:925} INFO - DAG(s) 'dataset_s3_bucket_consumer', 'dataset_alias_example_alias_producer', 'dataset_alias_example_alias_consumer', 'dataset_s3_bucket_producer' retrieved from /home/d-salamanca/airflow-env/lib/python3.12/site-packages/airflow/example_dags/example_dataset_alias.py
[2024-09-29T00:24:44.620-0500] {logging_mixin.py:190} INFO - [2024-09-29T00:24:44.620-0500] {dag.py:3239} INFO - Sync 4 DAGs
[2024-09-29T00:24:44.642-0500] {logging_mixin.py:190} INFO - [2024-09-29T00:24:44.642-0500] {dag.py:4180} INFO - Setting next_dagrun for dataset_alias_example_alias_consumer to None, run_after=None
[2024-09-29T00:24:44.645-0500] {logging_mixin.py:190} INFO - [2024-09-29T00:24:44.644-0500] {dag.py:4180} INFO - Setting next_dagrun for dataset_alias_example_alias_producer to None, run_after=None
[2024-09-29T00:24:44.646-0500] {logging_mixin.py:190} INFO - [2024-09-29T00:24:44.645-0500] {dag.py:4180} INFO - Setting next_dagrun for dataset_s3_bucket_consumer to None, run_after=None
[2024-09-29T00:24:44.647-0500] {logging_mixin.py:190} INFO - [2024-09-29T00:24:44.647-0500] {dag.py:4180} INFO - Setting next_dagrun for dataset_s3_bucket_producer to None, run_after=None
[2024-09-29T00:24:44.675-0500] {processor.py:208} INFO - Processing /home/d-salamanca/airflow-env/lib/python3.12/site-packages/airflow/example_dags/example_dataset_alias.py took 0.117 seconds
[2024-09-29T00:26:19.411-0500] {processor.py:186} INFO - Started process (PID=28964) to work on /home/d-salamanca/airflow-env/lib/python3.12/site-packages/airflow/example_dags/example_dataset_alias.py
[2024-09-29T00:26:19.413-0500] {processor.py:914} INFO - Processing file /home/d-salamanca/airflow-env/lib/python3.12/site-packages/airflow/example_dags/example_dataset_alias.py for tasks to queue
[2024-09-29T00:26:19.415-0500] {logging_mixin.py:190} INFO - [2024-09-29T00:26:19.415-0500] {dagbag.py:588} INFO - Filling up the DagBag from /home/d-salamanca/airflow-env/lib/python3.12/site-packages/airflow/example_dags/example_dataset_alias.py
[2024-09-29T00:26:19.445-0500] {processor.py:925} INFO - DAG(s) 'dataset_s3_bucket_producer', 'dataset_alias_example_alias_consumer', 'dataset_alias_example_alias_producer', 'dataset_s3_bucket_consumer' retrieved from /home/d-salamanca/airflow-env/lib/python3.12/site-packages/airflow/example_dags/example_dataset_alias.py
[2024-09-29T00:26:19.470-0500] {logging_mixin.py:190} INFO - [2024-09-29T00:26:19.470-0500] {dag.py:3239} INFO - Sync 4 DAGs
[2024-09-29T00:26:19.496-0500] {logging_mixin.py:190} INFO - [2024-09-29T00:26:19.496-0500] {dag.py:4180} INFO - Setting next_dagrun for dataset_alias_example_alias_consumer to None, run_after=None
[2024-09-29T00:26:19.499-0500] {logging_mixin.py:190} INFO - [2024-09-29T00:26:19.498-0500] {dag.py:4180} INFO - Setting next_dagrun for dataset_alias_example_alias_producer to None, run_after=None
[2024-09-29T00:26:19.500-0500] {logging_mixin.py:190} INFO - [2024-09-29T00:26:19.500-0500] {dag.py:4180} INFO - Setting next_dagrun for dataset_s3_bucket_consumer to None, run_after=None
[2024-09-29T00:26:19.501-0500] {logging_mixin.py:190} INFO - [2024-09-29T00:26:19.501-0500] {dag.py:4180} INFO - Setting next_dagrun for dataset_s3_bucket_producer to None, run_after=None
[2024-09-29T00:26:19.565-0500] {processor.py:208} INFO - Processing /home/d-salamanca/airflow-env/lib/python3.12/site-packages/airflow/example_dags/example_dataset_alias.py took 0.162 seconds
[2024-09-29T00:27:52.975-0500] {processor.py:186} INFO - Started process (PID=29124) to work on /home/d-salamanca/airflow-env/lib/python3.12/site-packages/airflow/example_dags/example_dataset_alias.py
[2024-09-29T00:27:52.979-0500] {processor.py:914} INFO - Processing file /home/d-salamanca/airflow-env/lib/python3.12/site-packages/airflow/example_dags/example_dataset_alias.py for tasks to queue
[2024-09-29T00:27:52.984-0500] {logging_mixin.py:190} INFO - [2024-09-29T00:27:52.984-0500] {dagbag.py:588} INFO - Filling up the DagBag from /home/d-salamanca/airflow-env/lib/python3.12/site-packages/airflow/example_dags/example_dataset_alias.py
[2024-09-29T00:27:53.074-0500] {processor.py:925} INFO - DAG(s) 'dataset_alias_example_alias_consumer', 'dataset_s3_bucket_consumer', 'dataset_alias_example_alias_producer', 'dataset_s3_bucket_producer' retrieved from /home/d-salamanca/airflow-env/lib/python3.12/site-packages/airflow/example_dags/example_dataset_alias.py
[2024-09-29T00:27:53.120-0500] {logging_mixin.py:190} INFO - [2024-09-29T00:27:53.120-0500] {dag.py:3239} INFO - Sync 4 DAGs
[2024-09-29T00:27:53.159-0500] {logging_mixin.py:190} INFO - [2024-09-29T00:27:53.159-0500] {dag.py:4180} INFO - Setting next_dagrun for dataset_alias_example_alias_consumer to None, run_after=None
[2024-09-29T00:27:53.165-0500] {logging_mixin.py:190} INFO - [2024-09-29T00:27:53.165-0500] {dag.py:4180} INFO - Setting next_dagrun for dataset_alias_example_alias_producer to None, run_after=None
[2024-09-29T00:27:53.167-0500] {logging_mixin.py:190} INFO - [2024-09-29T00:27:53.167-0500] {dag.py:4180} INFO - Setting next_dagrun for dataset_s3_bucket_consumer to None, run_after=None
[2024-09-29T00:27:53.169-0500] {logging_mixin.py:190} INFO - [2024-09-29T00:27:53.169-0500] {dag.py:4180} INFO - Setting next_dagrun for dataset_s3_bucket_producer to None, run_after=None
[2024-09-29T00:27:53.671-0500] {processor.py:208} INFO - Processing /home/d-salamanca/airflow-env/lib/python3.12/site-packages/airflow/example_dags/example_dataset_alias.py took 0.706 seconds
[2024-09-29T00:30:11.324-0500] {processor.py:186} INFO - Started process (PID=29259) to work on /home/d-salamanca/airflow-env/lib/python3.12/site-packages/airflow/example_dags/example_dataset_alias.py
[2024-09-29T00:30:11.325-0500] {processor.py:914} INFO - Processing file /home/d-salamanca/airflow-env/lib/python3.12/site-packages/airflow/example_dags/example_dataset_alias.py for tasks to queue
[2024-09-29T00:30:11.331-0500] {logging_mixin.py:190} INFO - [2024-09-29T00:30:11.330-0500] {dagbag.py:588} INFO - Filling up the DagBag from /home/d-salamanca/airflow-env/lib/python3.12/site-packages/airflow/example_dags/example_dataset_alias.py
[2024-09-29T00:30:11.893-0500] {processor.py:925} INFO - DAG(s) 'dataset_s3_bucket_producer', 'dataset_alias_example_alias_producer', 'dataset_s3_bucket_consumer', 'dataset_alias_example_alias_consumer' retrieved from /home/d-salamanca/airflow-env/lib/python3.12/site-packages/airflow/example_dags/example_dataset_alias.py
[2024-09-29T00:30:11.972-0500] {logging_mixin.py:190} INFO - [2024-09-29T00:30:11.971-0500] {dag.py:3239} INFO - Sync 4 DAGs
[2024-09-29T00:30:12.047-0500] {logging_mixin.py:190} INFO - [2024-09-29T00:30:12.047-0500] {dag.py:4180} INFO - Setting next_dagrun for dataset_alias_example_alias_consumer to None, run_after=None
[2024-09-29T00:30:12.056-0500] {logging_mixin.py:190} INFO - [2024-09-29T00:30:12.056-0500] {dag.py:4180} INFO - Setting next_dagrun for dataset_alias_example_alias_producer to None, run_after=None
[2024-09-29T00:30:12.057-0500] {logging_mixin.py:190} INFO - [2024-09-29T00:30:12.057-0500] {dag.py:4180} INFO - Setting next_dagrun for dataset_s3_bucket_consumer to None, run_after=None
[2024-09-29T00:30:12.058-0500] {logging_mixin.py:190} INFO - [2024-09-29T00:30:12.058-0500] {dag.py:4180} INFO - Setting next_dagrun for dataset_s3_bucket_producer to None, run_after=None
[2024-09-29T00:30:12.178-0500] {processor.py:208} INFO - Processing /home/d-salamanca/airflow-env/lib/python3.12/site-packages/airflow/example_dags/example_dataset_alias.py took 0.895 seconds
[2024-09-29T00:32:12.511-0500] {processor.py:186} INFO - Started process (PID=29350) to work on /home/d-salamanca/airflow-env/lib/python3.12/site-packages/airflow/example_dags/example_dataset_alias.py
[2024-09-29T00:32:12.526-0500] {processor.py:914} INFO - Processing file /home/d-salamanca/airflow-env/lib/python3.12/site-packages/airflow/example_dags/example_dataset_alias.py for tasks to queue
[2024-09-29T00:32:12.530-0500] {logging_mixin.py:190} INFO - [2024-09-29T00:32:12.529-0500] {dagbag.py:588} INFO - Filling up the DagBag from /home/d-salamanca/airflow-env/lib/python3.12/site-packages/airflow/example_dags/example_dataset_alias.py
[2024-09-29T00:32:12.586-0500] {processor.py:925} INFO - DAG(s) 'dataset_alias_example_alias_producer', 'dataset_s3_bucket_consumer', 'dataset_s3_bucket_producer', 'dataset_alias_example_alias_consumer' retrieved from /home/d-salamanca/airflow-env/lib/python3.12/site-packages/airflow/example_dags/example_dataset_alias.py
[2024-09-29T00:32:12.615-0500] {logging_mixin.py:190} INFO - [2024-09-29T00:32:12.614-0500] {dag.py:3239} INFO - Sync 4 DAGs
[2024-09-29T00:32:12.641-0500] {logging_mixin.py:190} INFO - [2024-09-29T00:32:12.641-0500] {dag.py:4180} INFO - Setting next_dagrun for dataset_alias_example_alias_consumer to None, run_after=None
[2024-09-29T00:32:12.644-0500] {logging_mixin.py:190} INFO - [2024-09-29T00:32:12.644-0500] {dag.py:4180} INFO - Setting next_dagrun for dataset_alias_example_alias_producer to None, run_after=None
[2024-09-29T00:32:12.646-0500] {logging_mixin.py:190} INFO - [2024-09-29T00:32:12.645-0500] {dag.py:4180} INFO - Setting next_dagrun for dataset_s3_bucket_consumer to None, run_after=None
[2024-09-29T00:32:12.647-0500] {logging_mixin.py:190} INFO - [2024-09-29T00:32:12.647-0500] {dag.py:4180} INFO - Setting next_dagrun for dataset_s3_bucket_producer to None, run_after=None
[2024-09-29T00:32:12.769-0500] {processor.py:208} INFO - Processing /home/d-salamanca/airflow-env/lib/python3.12/site-packages/airflow/example_dags/example_dataset_alias.py took 0.265 seconds
[2024-09-29T00:33:33.679-0500] {processor.py:186} INFO - Started process (PID=29430) to work on /home/d-salamanca/airflow-env/lib/python3.12/site-packages/airflow/example_dags/example_dataset_alias.py
[2024-09-29T00:33:33.715-0500] {processor.py:914} INFO - Processing file /home/d-salamanca/airflow-env/lib/python3.12/site-packages/airflow/example_dags/example_dataset_alias.py for tasks to queue
[2024-09-29T00:33:33.720-0500] {logging_mixin.py:190} INFO - [2024-09-29T00:33:33.719-0500] {dagbag.py:588} INFO - Filling up the DagBag from /home/d-salamanca/airflow-env/lib/python3.12/site-packages/airflow/example_dags/example_dataset_alias.py
[2024-09-29T00:33:33.932-0500] {processor.py:925} INFO - DAG(s) 'dataset_s3_bucket_consumer', 'dataset_alias_example_alias_consumer', 'dataset_s3_bucket_producer', 'dataset_alias_example_alias_producer' retrieved from /home/d-salamanca/airflow-env/lib/python3.12/site-packages/airflow/example_dags/example_dataset_alias.py
[2024-09-29T00:33:33.955-0500] {logging_mixin.py:190} INFO - [2024-09-29T00:33:33.955-0500] {dag.py:3239} INFO - Sync 4 DAGs
[2024-09-29T00:33:33.994-0500] {logging_mixin.py:190} INFO - [2024-09-29T00:33:33.994-0500] {dag.py:4180} INFO - Setting next_dagrun for dataset_alias_example_alias_consumer to None, run_after=None
[2024-09-29T00:33:33.998-0500] {logging_mixin.py:190} INFO - [2024-09-29T00:33:33.997-0500] {dag.py:4180} INFO - Setting next_dagrun for dataset_alias_example_alias_producer to None, run_after=None
[2024-09-29T00:33:33.999-0500] {logging_mixin.py:190} INFO - [2024-09-29T00:33:33.999-0500] {dag.py:4180} INFO - Setting next_dagrun for dataset_s3_bucket_consumer to None, run_after=None
[2024-09-29T00:33:34.002-0500] {logging_mixin.py:190} INFO - [2024-09-29T00:33:34.001-0500] {dag.py:4180} INFO - Setting next_dagrun for dataset_s3_bucket_producer to None, run_after=None
[2024-09-29T00:33:34.206-0500] {processor.py:208} INFO - Processing /home/d-salamanca/airflow-env/lib/python3.12/site-packages/airflow/example_dags/example_dataset_alias.py took 0.535 seconds
[2024-09-29T08:19:50.054-0500] {processor.py:186} INFO - Started process (PID=29697) to work on /home/d-salamanca/airflow-env/lib/python3.12/site-packages/airflow/example_dags/example_dataset_alias.py
[2024-09-29T08:19:50.122-0500] {processor.py:914} INFO - Processing file /home/d-salamanca/airflow-env/lib/python3.12/site-packages/airflow/example_dags/example_dataset_alias.py for tasks to queue
[2024-09-29T08:19:50.129-0500] {logging_mixin.py:190} INFO - [2024-09-29T08:19:50.127-0500] {dagbag.py:588} INFO - Filling up the DagBag from /home/d-salamanca/airflow-env/lib/python3.12/site-packages/airflow/example_dags/example_dataset_alias.py
[2024-09-29T08:19:50.479-0500] {processor.py:925} INFO - DAG(s) 'dataset_s3_bucket_consumer', 'dataset_s3_bucket_producer', 'dataset_alias_example_alias_consumer', 'dataset_alias_example_alias_producer' retrieved from /home/d-salamanca/airflow-env/lib/python3.12/site-packages/airflow/example_dags/example_dataset_alias.py
[2024-09-29T08:19:50.511-0500] {logging_mixin.py:190} INFO - [2024-09-29T08:19:50.511-0500] {dag.py:3239} INFO - Sync 4 DAGs
[2024-09-29T08:19:50.608-0500] {logging_mixin.py:190} INFO - [2024-09-29T08:19:50.608-0500] {dag.py:4180} INFO - Setting next_dagrun for dataset_alias_example_alias_consumer to None, run_after=None
[2024-09-29T08:19:50.611-0500] {logging_mixin.py:190} INFO - [2024-09-29T08:19:50.611-0500] {dag.py:4180} INFO - Setting next_dagrun for dataset_alias_example_alias_producer to None, run_after=None
[2024-09-29T08:19:50.612-0500] {logging_mixin.py:190} INFO - [2024-09-29T08:19:50.612-0500] {dag.py:4180} INFO - Setting next_dagrun for dataset_s3_bucket_consumer to None, run_after=None
[2024-09-29T08:19:50.613-0500] {logging_mixin.py:190} INFO - [2024-09-29T08:19:50.613-0500] {dag.py:4180} INFO - Setting next_dagrun for dataset_s3_bucket_producer to None, run_after=None
[2024-09-29T08:19:50.733-0500] {processor.py:208} INFO - Processing /home/d-salamanca/airflow-env/lib/python3.12/site-packages/airflow/example_dags/example_dataset_alias.py took 0.722 seconds
[2024-09-29T08:21:54.331-0500] {processor.py:186} INFO - Started process (PID=29858) to work on /home/d-salamanca/airflow-env/lib/python3.12/site-packages/airflow/example_dags/example_dataset_alias.py
[2024-09-29T08:21:54.542-0500] {processor.py:914} INFO - Processing file /home/d-salamanca/airflow-env/lib/python3.12/site-packages/airflow/example_dags/example_dataset_alias.py for tasks to queue
[2024-09-29T08:21:54.548-0500] {logging_mixin.py:190} INFO - [2024-09-29T08:21:54.547-0500] {dagbag.py:588} INFO - Filling up the DagBag from /home/d-salamanca/airflow-env/lib/python3.12/site-packages/airflow/example_dags/example_dataset_alias.py
[2024-09-29T08:21:55.257-0500] {processor.py:925} INFO - DAG(s) 'dataset_s3_bucket_consumer', 'dataset_s3_bucket_producer', 'dataset_alias_example_alias_producer', 'dataset_alias_example_alias_consumer' retrieved from /home/d-salamanca/airflow-env/lib/python3.12/site-packages/airflow/example_dags/example_dataset_alias.py
[2024-09-29T08:21:55.283-0500] {logging_mixin.py:190} INFO - [2024-09-29T08:21:55.283-0500] {dag.py:3239} INFO - Sync 4 DAGs
[2024-09-29T08:21:55.465-0500] {logging_mixin.py:190} INFO - [2024-09-29T08:21:55.465-0500] {dag.py:4180} INFO - Setting next_dagrun for dataset_alias_example_alias_consumer to None, run_after=None
[2024-09-29T08:21:55.468-0500] {logging_mixin.py:190} INFO - [2024-09-29T08:21:55.468-0500] {dag.py:4180} INFO - Setting next_dagrun for dataset_alias_example_alias_producer to None, run_after=None
[2024-09-29T08:21:55.469-0500] {logging_mixin.py:190} INFO - [2024-09-29T08:21:55.469-0500] {dag.py:4180} INFO - Setting next_dagrun for dataset_s3_bucket_consumer to None, run_after=None
[2024-09-29T08:21:55.470-0500] {logging_mixin.py:190} INFO - [2024-09-29T08:21:55.470-0500] {dag.py:4180} INFO - Setting next_dagrun for dataset_s3_bucket_producer to None, run_after=None
[2024-09-29T08:21:55.529-0500] {processor.py:208} INFO - Processing /home/d-salamanca/airflow-env/lib/python3.12/site-packages/airflow/example_dags/example_dataset_alias.py took 1.207 seconds
[2024-09-29T08:23:41.903-0500] {processor.py:186} INFO - Started process (PID=29938) to work on /home/d-salamanca/airflow-env/lib/python3.12/site-packages/airflow/example_dags/example_dataset_alias.py
[2024-09-29T08:23:41.991-0500] {processor.py:914} INFO - Processing file /home/d-salamanca/airflow-env/lib/python3.12/site-packages/airflow/example_dags/example_dataset_alias.py for tasks to queue
[2024-09-29T08:23:41.998-0500] {logging_mixin.py:190} INFO - [2024-09-29T08:23:41.997-0500] {dagbag.py:588} INFO - Filling up the DagBag from /home/d-salamanca/airflow-env/lib/python3.12/site-packages/airflow/example_dags/example_dataset_alias.py
[2024-09-29T08:23:42.029-0500] {processor.py:925} INFO - DAG(s) 'dataset_s3_bucket_producer', 'dataset_s3_bucket_consumer', 'dataset_alias_example_alias_consumer', 'dataset_alias_example_alias_producer' retrieved from /home/d-salamanca/airflow-env/lib/python3.12/site-packages/airflow/example_dags/example_dataset_alias.py
[2024-09-29T08:23:42.052-0500] {logging_mixin.py:190} INFO - [2024-09-29T08:23:42.052-0500] {dag.py:3239} INFO - Sync 4 DAGs
[2024-09-29T08:23:42.075-0500] {logging_mixin.py:190} INFO - [2024-09-29T08:23:42.075-0500] {dag.py:4180} INFO - Setting next_dagrun for dataset_alias_example_alias_consumer to None, run_after=None
[2024-09-29T08:23:42.078-0500] {logging_mixin.py:190} INFO - [2024-09-29T08:23:42.078-0500] {dag.py:4180} INFO - Setting next_dagrun for dataset_alias_example_alias_producer to None, run_after=None
[2024-09-29T08:23:42.079-0500] {logging_mixin.py:190} INFO - [2024-09-29T08:23:42.079-0500] {dag.py:4180} INFO - Setting next_dagrun for dataset_s3_bucket_consumer to None, run_after=None
[2024-09-29T08:23:42.080-0500] {logging_mixin.py:190} INFO - [2024-09-29T08:23:42.080-0500] {dag.py:4180} INFO - Setting next_dagrun for dataset_s3_bucket_producer to None, run_after=None
[2024-09-29T08:23:42.183-0500] {processor.py:208} INFO - Processing /home/d-salamanca/airflow-env/lib/python3.12/site-packages/airflow/example_dags/example_dataset_alias.py took 0.288 seconds
[2024-09-29T08:25:05.336-0500] {processor.py:186} INFO - Started process (PID=30043) to work on /home/d-salamanca/airflow-env/lib/python3.12/site-packages/airflow/example_dags/example_dataset_alias.py
[2024-09-29T08:25:05.356-0500] {processor.py:914} INFO - Processing file /home/d-salamanca/airflow-env/lib/python3.12/site-packages/airflow/example_dags/example_dataset_alias.py for tasks to queue
[2024-09-29T08:25:05.361-0500] {logging_mixin.py:190} INFO - [2024-09-29T08:25:05.360-0500] {dagbag.py:588} INFO - Filling up the DagBag from /home/d-salamanca/airflow-env/lib/python3.12/site-packages/airflow/example_dags/example_dataset_alias.py
[2024-09-29T08:25:05.395-0500] {processor.py:925} INFO - DAG(s) 'dataset_s3_bucket_producer', 'dataset_s3_bucket_consumer', 'dataset_alias_example_alias_consumer', 'dataset_alias_example_alias_producer' retrieved from /home/d-salamanca/airflow-env/lib/python3.12/site-packages/airflow/example_dags/example_dataset_alias.py
[2024-09-29T08:25:05.424-0500] {logging_mixin.py:190} INFO - [2024-09-29T08:25:05.423-0500] {dag.py:3239} INFO - Sync 4 DAGs
[2024-09-29T08:25:05.448-0500] {logging_mixin.py:190} INFO - [2024-09-29T08:25:05.448-0500] {dag.py:4180} INFO - Setting next_dagrun for dataset_alias_example_alias_consumer to None, run_after=None
[2024-09-29T08:25:05.451-0500] {logging_mixin.py:190} INFO - [2024-09-29T08:25:05.450-0500] {dag.py:4180} INFO - Setting next_dagrun for dataset_alias_example_alias_producer to None, run_after=None
[2024-09-29T08:25:05.452-0500] {logging_mixin.py:190} INFO - [2024-09-29T08:25:05.452-0500] {dag.py:4180} INFO - Setting next_dagrun for dataset_s3_bucket_consumer to None, run_after=None
[2024-09-29T08:25:05.453-0500] {logging_mixin.py:190} INFO - [2024-09-29T08:25:05.453-0500] {dag.py:4180} INFO - Setting next_dagrun for dataset_s3_bucket_producer to None, run_after=None
[2024-09-29T08:25:05.505-0500] {processor.py:208} INFO - Processing /home/d-salamanca/airflow-env/lib/python3.12/site-packages/airflow/example_dags/example_dataset_alias.py took 0.177 seconds
[2024-09-29T08:26:31.841-0500] {processor.py:186} INFO - Started process (PID=30113) to work on /home/d-salamanca/airflow-env/lib/python3.12/site-packages/airflow/example_dags/example_dataset_alias.py
[2024-09-29T08:26:31.866-0500] {processor.py:914} INFO - Processing file /home/d-salamanca/airflow-env/lib/python3.12/site-packages/airflow/example_dags/example_dataset_alias.py for tasks to queue
[2024-09-29T08:26:31.871-0500] {logging_mixin.py:190} INFO - [2024-09-29T08:26:31.870-0500] {dagbag.py:588} INFO - Filling up the DagBag from /home/d-salamanca/airflow-env/lib/python3.12/site-packages/airflow/example_dags/example_dataset_alias.py
[2024-09-29T08:26:31.925-0500] {processor.py:925} INFO - DAG(s) 'dataset_alias_example_alias_consumer', 'dataset_alias_example_alias_producer', 'dataset_s3_bucket_producer', 'dataset_s3_bucket_consumer' retrieved from /home/d-salamanca/airflow-env/lib/python3.12/site-packages/airflow/example_dags/example_dataset_alias.py
[2024-09-29T08:26:31.949-0500] {logging_mixin.py:190} INFO - [2024-09-29T08:26:31.949-0500] {dag.py:3239} INFO - Sync 4 DAGs
[2024-09-29T08:26:31.973-0500] {logging_mixin.py:190} INFO - [2024-09-29T08:26:31.972-0500] {dag.py:4180} INFO - Setting next_dagrun for dataset_alias_example_alias_consumer to None, run_after=None
[2024-09-29T08:26:31.975-0500] {logging_mixin.py:190} INFO - [2024-09-29T08:26:31.975-0500] {dag.py:4180} INFO - Setting next_dagrun for dataset_alias_example_alias_producer to None, run_after=None
[2024-09-29T08:26:31.976-0500] {logging_mixin.py:190} INFO - [2024-09-29T08:26:31.976-0500] {dag.py:4180} INFO - Setting next_dagrun for dataset_s3_bucket_consumer to None, run_after=None
[2024-09-29T08:26:31.977-0500] {logging_mixin.py:190} INFO - [2024-09-29T08:26:31.977-0500] {dag.py:4180} INFO - Setting next_dagrun for dataset_s3_bucket_producer to None, run_after=None
[2024-09-29T08:26:32.011-0500] {processor.py:208} INFO - Processing /home/d-salamanca/airflow-env/lib/python3.12/site-packages/airflow/example_dags/example_dataset_alias.py took 0.178 seconds
[2024-09-29T08:27:50.005-0500] {processor.py:186} INFO - Started process (PID=30180) to work on /home/d-salamanca/airflow-env/lib/python3.12/site-packages/airflow/example_dags/example_dataset_alias.py
[2024-09-29T08:27:50.006-0500] {processor.py:914} INFO - Processing file /home/d-salamanca/airflow-env/lib/python3.12/site-packages/airflow/example_dags/example_dataset_alias.py for tasks to queue
[2024-09-29T08:27:50.010-0500] {logging_mixin.py:190} INFO - [2024-09-29T08:27:50.009-0500] {dagbag.py:588} INFO - Filling up the DagBag from /home/d-salamanca/airflow-env/lib/python3.12/site-packages/airflow/example_dags/example_dataset_alias.py
[2024-09-29T08:27:50.045-0500] {processor.py:925} INFO - DAG(s) 'dataset_alias_example_alias_producer', 'dataset_s3_bucket_producer', 'dataset_alias_example_alias_consumer', 'dataset_s3_bucket_consumer' retrieved from /home/d-salamanca/airflow-env/lib/python3.12/site-packages/airflow/example_dags/example_dataset_alias.py
[2024-09-29T08:27:50.067-0500] {logging_mixin.py:190} INFO - [2024-09-29T08:27:50.067-0500] {dag.py:3239} INFO - Sync 4 DAGs
[2024-09-29T08:27:50.089-0500] {logging_mixin.py:190} INFO - [2024-09-29T08:27:50.089-0500] {dag.py:4180} INFO - Setting next_dagrun for dataset_alias_example_alias_consumer to None, run_after=None
[2024-09-29T08:27:50.091-0500] {logging_mixin.py:190} INFO - [2024-09-29T08:27:50.091-0500] {dag.py:4180} INFO - Setting next_dagrun for dataset_alias_example_alias_producer to None, run_after=None
[2024-09-29T08:27:50.092-0500] {logging_mixin.py:190} INFO - [2024-09-29T08:27:50.092-0500] {dag.py:4180} INFO - Setting next_dagrun for dataset_s3_bucket_consumer to None, run_after=None
[2024-09-29T08:27:50.095-0500] {logging_mixin.py:190} INFO - [2024-09-29T08:27:50.095-0500] {dag.py:4180} INFO - Setting next_dagrun for dataset_s3_bucket_producer to None, run_after=None
[2024-09-29T08:27:50.230-0500] {processor.py:208} INFO - Processing /home/d-salamanca/airflow-env/lib/python3.12/site-packages/airflow/example_dags/example_dataset_alias.py took 0.232 seconds
[2024-09-29T08:29:06.328-0500] {processor.py:186} INFO - Started process (PID=30248) to work on /home/d-salamanca/airflow-env/lib/python3.12/site-packages/airflow/example_dags/example_dataset_alias.py
[2024-09-29T08:29:06.329-0500] {processor.py:914} INFO - Processing file /home/d-salamanca/airflow-env/lib/python3.12/site-packages/airflow/example_dags/example_dataset_alias.py for tasks to queue
[2024-09-29T08:29:06.332-0500] {logging_mixin.py:190} INFO - [2024-09-29T08:29:06.331-0500] {dagbag.py:588} INFO - Filling up the DagBag from /home/d-salamanca/airflow-env/lib/python3.12/site-packages/airflow/example_dags/example_dataset_alias.py
[2024-09-29T08:29:06.361-0500] {processor.py:925} INFO - DAG(s) 'dataset_alias_example_alias_consumer', 'dataset_s3_bucket_consumer', 'dataset_s3_bucket_producer', 'dataset_alias_example_alias_producer' retrieved from /home/d-salamanca/airflow-env/lib/python3.12/site-packages/airflow/example_dags/example_dataset_alias.py
[2024-09-29T08:29:06.383-0500] {logging_mixin.py:190} INFO - [2024-09-29T08:29:06.383-0500] {dag.py:3239} INFO - Sync 4 DAGs
[2024-09-29T08:29:06.407-0500] {logging_mixin.py:190} INFO - [2024-09-29T08:29:06.407-0500] {dag.py:4180} INFO - Setting next_dagrun for dataset_alias_example_alias_consumer to None, run_after=None
[2024-09-29T08:29:06.410-0500] {logging_mixin.py:190} INFO - [2024-09-29T08:29:06.410-0500] {dag.py:4180} INFO - Setting next_dagrun for dataset_alias_example_alias_producer to None, run_after=None
[2024-09-29T08:29:06.412-0500] {logging_mixin.py:190} INFO - [2024-09-29T08:29:06.411-0500] {dag.py:4180} INFO - Setting next_dagrun for dataset_s3_bucket_consumer to None, run_after=None
[2024-09-29T08:29:06.414-0500] {logging_mixin.py:190} INFO - [2024-09-29T08:29:06.414-0500] {dag.py:4180} INFO - Setting next_dagrun for dataset_s3_bucket_producer to None, run_after=None
[2024-09-29T08:29:06.550-0500] {processor.py:208} INFO - Processing /home/d-salamanca/airflow-env/lib/python3.12/site-packages/airflow/example_dags/example_dataset_alias.py took 0.230 seconds
[2024-09-29T08:30:34.347-0500] {processor.py:186} INFO - Started process (PID=30326) to work on /home/d-salamanca/airflow-env/lib/python3.12/site-packages/airflow/example_dags/example_dataset_alias.py
[2024-09-29T08:30:34.348-0500] {processor.py:914} INFO - Processing file /home/d-salamanca/airflow-env/lib/python3.12/site-packages/airflow/example_dags/example_dataset_alias.py for tasks to queue
[2024-09-29T08:30:34.351-0500] {logging_mixin.py:190} INFO - [2024-09-29T08:30:34.350-0500] {dagbag.py:588} INFO - Filling up the DagBag from /home/d-salamanca/airflow-env/lib/python3.12/site-packages/airflow/example_dags/example_dataset_alias.py
[2024-09-29T08:30:34.381-0500] {processor.py:925} INFO - DAG(s) 'dataset_s3_bucket_producer', 'dataset_s3_bucket_consumer', 'dataset_alias_example_alias_consumer', 'dataset_alias_example_alias_producer' retrieved from /home/d-salamanca/airflow-env/lib/python3.12/site-packages/airflow/example_dags/example_dataset_alias.py
[2024-09-29T08:30:34.404-0500] {logging_mixin.py:190} INFO - [2024-09-29T08:30:34.404-0500] {dag.py:3239} INFO - Sync 4 DAGs
[2024-09-29T08:30:34.435-0500] {logging_mixin.py:190} INFO - [2024-09-29T08:30:34.434-0500] {dag.py:4180} INFO - Setting next_dagrun for dataset_alias_example_alias_consumer to None, run_after=None
[2024-09-29T08:30:34.439-0500] {logging_mixin.py:190} INFO - [2024-09-29T08:30:34.439-0500] {dag.py:4180} INFO - Setting next_dagrun for dataset_alias_example_alias_producer to None, run_after=None
[2024-09-29T08:30:34.442-0500] {logging_mixin.py:190} INFO - [2024-09-29T08:30:34.441-0500] {dag.py:4180} INFO - Setting next_dagrun for dataset_s3_bucket_consumer to None, run_after=None
[2024-09-29T08:30:34.443-0500] {logging_mixin.py:190} INFO - [2024-09-29T08:30:34.443-0500] {dag.py:4180} INFO - Setting next_dagrun for dataset_s3_bucket_producer to None, run_after=None
[2024-09-29T08:30:34.477-0500] {processor.py:208} INFO - Processing /home/d-salamanca/airflow-env/lib/python3.12/site-packages/airflow/example_dags/example_dataset_alias.py took 0.137 seconds
[2024-09-29T08:32:08.443-0500] {processor.py:186} INFO - Started process (PID=30409) to work on /home/d-salamanca/airflow-env/lib/python3.12/site-packages/airflow/example_dags/example_dataset_alias.py
[2024-09-29T08:32:08.444-0500] {processor.py:914} INFO - Processing file /home/d-salamanca/airflow-env/lib/python3.12/site-packages/airflow/example_dags/example_dataset_alias.py for tasks to queue
[2024-09-29T08:32:08.447-0500] {logging_mixin.py:190} INFO - [2024-09-29T08:32:08.446-0500] {dagbag.py:588} INFO - Filling up the DagBag from /home/d-salamanca/airflow-env/lib/python3.12/site-packages/airflow/example_dags/example_dataset_alias.py
[2024-09-29T08:32:08.476-0500] {processor.py:925} INFO - DAG(s) 'dataset_alias_example_alias_producer', 'dataset_s3_bucket_producer', 'dataset_alias_example_alias_consumer', 'dataset_s3_bucket_consumer' retrieved from /home/d-salamanca/airflow-env/lib/python3.12/site-packages/airflow/example_dags/example_dataset_alias.py
[2024-09-29T08:32:08.500-0500] {logging_mixin.py:190} INFO - [2024-09-29T08:32:08.500-0500] {dag.py:3239} INFO - Sync 4 DAGs
[2024-09-29T08:32:08.523-0500] {logging_mixin.py:190} INFO - [2024-09-29T08:32:08.522-0500] {dag.py:4180} INFO - Setting next_dagrun for dataset_alias_example_alias_consumer to None, run_after=None
[2024-09-29T08:32:08.525-0500] {logging_mixin.py:190} INFO - [2024-09-29T08:32:08.525-0500] {dag.py:4180} INFO - Setting next_dagrun for dataset_alias_example_alias_producer to None, run_after=None
[2024-09-29T08:32:08.526-0500] {logging_mixin.py:190} INFO - [2024-09-29T08:32:08.526-0500] {dag.py:4180} INFO - Setting next_dagrun for dataset_s3_bucket_consumer to None, run_after=None
[2024-09-29T08:32:08.527-0500] {logging_mixin.py:190} INFO - [2024-09-29T08:32:08.527-0500] {dag.py:4180} INFO - Setting next_dagrun for dataset_s3_bucket_producer to None, run_after=None
[2024-09-29T08:32:09.163-0500] {processor.py:208} INFO - Processing /home/d-salamanca/airflow-env/lib/python3.12/site-packages/airflow/example_dags/example_dataset_alias.py took 0.727 seconds
[2024-09-29T08:33:39.302-0500] {processor.py:186} INFO - Started process (PID=30486) to work on /home/d-salamanca/airflow-env/lib/python3.12/site-packages/airflow/example_dags/example_dataset_alias.py
[2024-09-29T08:33:39.303-0500] {processor.py:914} INFO - Processing file /home/d-salamanca/airflow-env/lib/python3.12/site-packages/airflow/example_dags/example_dataset_alias.py for tasks to queue
[2024-09-29T08:33:39.306-0500] {logging_mixin.py:190} INFO - [2024-09-29T08:33:39.306-0500] {dagbag.py:588} INFO - Filling up the DagBag from /home/d-salamanca/airflow-env/lib/python3.12/site-packages/airflow/example_dags/example_dataset_alias.py
[2024-09-29T08:33:39.336-0500] {processor.py:925} INFO - DAG(s) 'dataset_alias_example_alias_producer', 'dataset_s3_bucket_producer', 'dataset_s3_bucket_consumer', 'dataset_alias_example_alias_consumer' retrieved from /home/d-salamanca/airflow-env/lib/python3.12/site-packages/airflow/example_dags/example_dataset_alias.py
[2024-09-29T08:33:39.359-0500] {logging_mixin.py:190} INFO - [2024-09-29T08:33:39.359-0500] {dag.py:3239} INFO - Sync 4 DAGs
[2024-09-29T08:33:39.382-0500] {logging_mixin.py:190} INFO - [2024-09-29T08:33:39.381-0500] {dag.py:4180} INFO - Setting next_dagrun for dataset_alias_example_alias_consumer to None, run_after=None
[2024-09-29T08:33:39.384-0500] {logging_mixin.py:190} INFO - [2024-09-29T08:33:39.384-0500] {dag.py:4180} INFO - Setting next_dagrun for dataset_alias_example_alias_producer to None, run_after=None
[2024-09-29T08:33:39.386-0500] {logging_mixin.py:190} INFO - [2024-09-29T08:33:39.385-0500] {dag.py:4180} INFO - Setting next_dagrun for dataset_s3_bucket_consumer to None, run_after=None
[2024-09-29T08:33:39.387-0500] {logging_mixin.py:190} INFO - [2024-09-29T08:33:39.387-0500] {dag.py:4180} INFO - Setting next_dagrun for dataset_s3_bucket_producer to None, run_after=None
[2024-09-29T08:33:39.438-0500] {processor.py:208} INFO - Processing /home/d-salamanca/airflow-env/lib/python3.12/site-packages/airflow/example_dags/example_dataset_alias.py took 0.143 seconds
[2024-09-29T08:35:06.139-0500] {processor.py:186} INFO - Started process (PID=30566) to work on /home/d-salamanca/airflow-env/lib/python3.12/site-packages/airflow/example_dags/example_dataset_alias.py
[2024-09-29T08:35:06.140-0500] {processor.py:914} INFO - Processing file /home/d-salamanca/airflow-env/lib/python3.12/site-packages/airflow/example_dags/example_dataset_alias.py for tasks to queue
[2024-09-29T08:35:06.143-0500] {logging_mixin.py:190} INFO - [2024-09-29T08:35:06.142-0500] {dagbag.py:588} INFO - Filling up the DagBag from /home/d-salamanca/airflow-env/lib/python3.12/site-packages/airflow/example_dags/example_dataset_alias.py
[2024-09-29T08:35:06.175-0500] {processor.py:925} INFO - DAG(s) 'dataset_s3_bucket_consumer', 'dataset_s3_bucket_producer', 'dataset_alias_example_alias_producer', 'dataset_alias_example_alias_consumer' retrieved from /home/d-salamanca/airflow-env/lib/python3.12/site-packages/airflow/example_dags/example_dataset_alias.py
[2024-09-29T08:35:06.199-0500] {logging_mixin.py:190} INFO - [2024-09-29T08:35:06.199-0500] {dag.py:3239} INFO - Sync 4 DAGs
[2024-09-29T08:35:06.223-0500] {logging_mixin.py:190} INFO - [2024-09-29T08:35:06.223-0500] {dag.py:4180} INFO - Setting next_dagrun for dataset_alias_example_alias_consumer to None, run_after=None
[2024-09-29T08:35:06.226-0500] {logging_mixin.py:190} INFO - [2024-09-29T08:35:06.225-0500] {dag.py:4180} INFO - Setting next_dagrun for dataset_alias_example_alias_producer to None, run_after=None
[2024-09-29T08:35:06.227-0500] {logging_mixin.py:190} INFO - [2024-09-29T08:35:06.227-0500] {dag.py:4180} INFO - Setting next_dagrun for dataset_s3_bucket_consumer to None, run_after=None
[2024-09-29T08:35:06.228-0500] {logging_mixin.py:190} INFO - [2024-09-29T08:35:06.228-0500] {dag.py:4180} INFO - Setting next_dagrun for dataset_s3_bucket_producer to None, run_after=None
[2024-09-29T08:35:06.567-0500] {processor.py:208} INFO - Processing /home/d-salamanca/airflow-env/lib/python3.12/site-packages/airflow/example_dags/example_dataset_alias.py took 0.436 seconds
[2024-09-29T08:37:41.600-0500] {processor.py:186} INFO - Started process (PID=31030) to work on /home/d-salamanca/airflow-env/lib/python3.12/site-packages/airflow/example_dags/example_dataset_alias.py
[2024-09-29T08:37:41.627-0500] {processor.py:914} INFO - Processing file /home/d-salamanca/airflow-env/lib/python3.12/site-packages/airflow/example_dags/example_dataset_alias.py for tasks to queue
[2024-09-29T08:37:41.630-0500] {logging_mixin.py:190} INFO - [2024-09-29T08:37:41.630-0500] {dagbag.py:588} INFO - Filling up the DagBag from /home/d-salamanca/airflow-env/lib/python3.12/site-packages/airflow/example_dags/example_dataset_alias.py
[2024-09-29T08:37:41.702-0500] {processor.py:925} INFO - DAG(s) 'dataset_alias_example_alias_consumer', 'dataset_alias_example_alias_producer', 'dataset_s3_bucket_consumer', 'dataset_s3_bucket_producer' retrieved from /home/d-salamanca/airflow-env/lib/python3.12/site-packages/airflow/example_dags/example_dataset_alias.py
[2024-09-29T08:37:41.726-0500] {logging_mixin.py:190} INFO - [2024-09-29T08:37:41.726-0500] {dag.py:3239} INFO - Sync 4 DAGs
[2024-09-29T08:37:41.772-0500] {logging_mixin.py:190} INFO - [2024-09-29T08:37:41.772-0500] {dag.py:4180} INFO - Setting next_dagrun for dataset_alias_example_alias_consumer to None, run_after=None
[2024-09-29T08:37:41.774-0500] {logging_mixin.py:190} INFO - [2024-09-29T08:37:41.774-0500] {dag.py:4180} INFO - Setting next_dagrun for dataset_alias_example_alias_producer to None, run_after=None
[2024-09-29T08:37:41.775-0500] {logging_mixin.py:190} INFO - [2024-09-29T08:37:41.775-0500] {dag.py:4180} INFO - Setting next_dagrun for dataset_s3_bucket_consumer to None, run_after=None
[2024-09-29T08:37:41.776-0500] {logging_mixin.py:190} INFO - [2024-09-29T08:37:41.776-0500] {dag.py:4180} INFO - Setting next_dagrun for dataset_s3_bucket_producer to None, run_after=None
[2024-09-29T08:37:41.820-0500] {processor.py:208} INFO - Processing /home/d-salamanca/airflow-env/lib/python3.12/site-packages/airflow/example_dags/example_dataset_alias.py took 0.228 seconds
[2024-09-29T08:39:03.805-0500] {processor.py:186} INFO - Started process (PID=31101) to work on /home/d-salamanca/airflow-env/lib/python3.12/site-packages/airflow/example_dags/example_dataset_alias.py
[2024-09-29T08:39:03.808-0500] {processor.py:914} INFO - Processing file /home/d-salamanca/airflow-env/lib/python3.12/site-packages/airflow/example_dags/example_dataset_alias.py for tasks to queue
[2024-09-29T08:39:03.813-0500] {logging_mixin.py:190} INFO - [2024-09-29T08:39:03.813-0500] {dagbag.py:588} INFO - Filling up the DagBag from /home/d-salamanca/airflow-env/lib/python3.12/site-packages/airflow/example_dags/example_dataset_alias.py
[2024-09-29T08:39:03.890-0500] {processor.py:925} INFO - DAG(s) 'dataset_s3_bucket_producer', 'dataset_alias_example_alias_consumer', 'dataset_s3_bucket_consumer', 'dataset_alias_example_alias_producer' retrieved from /home/d-salamanca/airflow-env/lib/python3.12/site-packages/airflow/example_dags/example_dataset_alias.py
[2024-09-29T08:39:03.920-0500] {logging_mixin.py:190} INFO - [2024-09-29T08:39:03.919-0500] {dag.py:3239} INFO - Sync 4 DAGs
[2024-09-29T08:39:03.975-0500] {logging_mixin.py:190} INFO - [2024-09-29T08:39:03.975-0500] {dag.py:4180} INFO - Setting next_dagrun for dataset_alias_example_alias_consumer to None, run_after=None
[2024-09-29T08:39:03.978-0500] {logging_mixin.py:190} INFO - [2024-09-29T08:39:03.978-0500] {dag.py:4180} INFO - Setting next_dagrun for dataset_alias_example_alias_producer to None, run_after=None
[2024-09-29T08:39:03.979-0500] {logging_mixin.py:190} INFO - [2024-09-29T08:39:03.979-0500] {dag.py:4180} INFO - Setting next_dagrun for dataset_s3_bucket_consumer to None, run_after=None
[2024-09-29T08:39:03.980-0500] {logging_mixin.py:190} INFO - [2024-09-29T08:39:03.980-0500] {dag.py:4180} INFO - Setting next_dagrun for dataset_s3_bucket_producer to None, run_after=None
[2024-09-29T08:39:04.019-0500] {processor.py:208} INFO - Processing /home/d-salamanca/airflow-env/lib/python3.12/site-packages/airflow/example_dags/example_dataset_alias.py took 0.222 seconds
[2024-09-29T08:40:38.604-0500] {processor.py:186} INFO - Started process (PID=31179) to work on /home/d-salamanca/airflow-env/lib/python3.12/site-packages/airflow/example_dags/example_dataset_alias.py
[2024-09-29T08:40:38.605-0500] {processor.py:914} INFO - Processing file /home/d-salamanca/airflow-env/lib/python3.12/site-packages/airflow/example_dags/example_dataset_alias.py for tasks to queue
[2024-09-29T08:40:38.608-0500] {logging_mixin.py:190} INFO - [2024-09-29T08:40:38.607-0500] {dagbag.py:588} INFO - Filling up the DagBag from /home/d-salamanca/airflow-env/lib/python3.12/site-packages/airflow/example_dags/example_dataset_alias.py
[2024-09-29T08:40:38.638-0500] {processor.py:925} INFO - DAG(s) 'dataset_s3_bucket_producer', 'dataset_alias_example_alias_producer', 'dataset_s3_bucket_consumer', 'dataset_alias_example_alias_consumer' retrieved from /home/d-salamanca/airflow-env/lib/python3.12/site-packages/airflow/example_dags/example_dataset_alias.py
[2024-09-29T08:40:38.665-0500] {logging_mixin.py:190} INFO - [2024-09-29T08:40:38.665-0500] {dag.py:3239} INFO - Sync 4 DAGs
[2024-09-29T08:40:38.688-0500] {logging_mixin.py:190} INFO - [2024-09-29T08:40:38.688-0500] {dag.py:4180} INFO - Setting next_dagrun for dataset_alias_example_alias_consumer to None, run_after=None
[2024-09-29T08:40:38.690-0500] {logging_mixin.py:190} INFO - [2024-09-29T08:40:38.690-0500] {dag.py:4180} INFO - Setting next_dagrun for dataset_alias_example_alias_producer to None, run_after=None
[2024-09-29T08:40:38.691-0500] {logging_mixin.py:190} INFO - [2024-09-29T08:40:38.691-0500] {dag.py:4180} INFO - Setting next_dagrun for dataset_s3_bucket_consumer to None, run_after=None
[2024-09-29T08:40:38.692-0500] {logging_mixin.py:190} INFO - [2024-09-29T08:40:38.692-0500] {dag.py:4180} INFO - Setting next_dagrun for dataset_s3_bucket_producer to None, run_after=None
[2024-09-29T08:40:38.719-0500] {processor.py:208} INFO - Processing /home/d-salamanca/airflow-env/lib/python3.12/site-packages/airflow/example_dags/example_dataset_alias.py took 0.123 seconds
[2024-09-29T08:42:10.205-0500] {processor.py:186} INFO - Started process (PID=31252) to work on /home/d-salamanca/airflow-env/lib/python3.12/site-packages/airflow/example_dags/example_dataset_alias.py
[2024-09-29T08:42:10.220-0500] {processor.py:914} INFO - Processing file /home/d-salamanca/airflow-env/lib/python3.12/site-packages/airflow/example_dags/example_dataset_alias.py for tasks to queue
[2024-09-29T08:42:10.224-0500] {logging_mixin.py:190} INFO - [2024-09-29T08:42:10.223-0500] {dagbag.py:588} INFO - Filling up the DagBag from /home/d-salamanca/airflow-env/lib/python3.12/site-packages/airflow/example_dags/example_dataset_alias.py
[2024-09-29T08:42:10.259-0500] {processor.py:925} INFO - DAG(s) 'dataset_alias_example_alias_producer', 'dataset_s3_bucket_consumer', 'dataset_s3_bucket_producer', 'dataset_alias_example_alias_consumer' retrieved from /home/d-salamanca/airflow-env/lib/python3.12/site-packages/airflow/example_dags/example_dataset_alias.py
[2024-09-29T08:42:10.284-0500] {logging_mixin.py:190} INFO - [2024-09-29T08:42:10.283-0500] {dag.py:3239} INFO - Sync 4 DAGs
[2024-09-29T08:42:10.307-0500] {logging_mixin.py:190} INFO - [2024-09-29T08:42:10.307-0500] {dag.py:4180} INFO - Setting next_dagrun for dataset_alias_example_alias_consumer to None, run_after=None
[2024-09-29T08:42:10.310-0500] {logging_mixin.py:190} INFO - [2024-09-29T08:42:10.310-0500] {dag.py:4180} INFO - Setting next_dagrun for dataset_alias_example_alias_producer to None, run_after=None
[2024-09-29T08:42:10.311-0500] {logging_mixin.py:190} INFO - [2024-09-29T08:42:10.311-0500] {dag.py:4180} INFO - Setting next_dagrun for dataset_s3_bucket_consumer to None, run_after=None
[2024-09-29T08:42:10.312-0500] {logging_mixin.py:190} INFO - [2024-09-29T08:42:10.312-0500] {dag.py:4180} INFO - Setting next_dagrun for dataset_s3_bucket_producer to None, run_after=None
[2024-09-29T08:42:10.344-0500] {processor.py:208} INFO - Processing /home/d-salamanca/airflow-env/lib/python3.12/site-packages/airflow/example_dags/example_dataset_alias.py took 0.148 seconds
[2024-09-29T08:43:42.529-0500] {processor.py:186} INFO - Started process (PID=31324) to work on /home/d-salamanca/airflow-env/lib/python3.12/site-packages/airflow/example_dags/example_dataset_alias.py
[2024-09-29T08:43:42.552-0500] {processor.py:914} INFO - Processing file /home/d-salamanca/airflow-env/lib/python3.12/site-packages/airflow/example_dags/example_dataset_alias.py for tasks to queue
[2024-09-29T08:43:42.557-0500] {logging_mixin.py:190} INFO - [2024-09-29T08:43:42.556-0500] {dagbag.py:588} INFO - Filling up the DagBag from /home/d-salamanca/airflow-env/lib/python3.12/site-packages/airflow/example_dags/example_dataset_alias.py
[2024-09-29T08:43:42.589-0500] {processor.py:925} INFO - DAG(s) 'dataset_alias_example_alias_producer', 'dataset_alias_example_alias_consumer', 'dataset_s3_bucket_consumer', 'dataset_s3_bucket_producer' retrieved from /home/d-salamanca/airflow-env/lib/python3.12/site-packages/airflow/example_dags/example_dataset_alias.py
[2024-09-29T08:43:42.615-0500] {logging_mixin.py:190} INFO - [2024-09-29T08:43:42.615-0500] {dag.py:3239} INFO - Sync 4 DAGs
[2024-09-29T08:43:42.640-0500] {logging_mixin.py:190} INFO - [2024-09-29T08:43:42.639-0500] {dag.py:4180} INFO - Setting next_dagrun for dataset_alias_example_alias_consumer to None, run_after=None
[2024-09-29T08:43:42.642-0500] {logging_mixin.py:190} INFO - [2024-09-29T08:43:42.642-0500] {dag.py:4180} INFO - Setting next_dagrun for dataset_alias_example_alias_producer to None, run_after=None
[2024-09-29T08:43:42.643-0500] {logging_mixin.py:190} INFO - [2024-09-29T08:43:42.643-0500] {dag.py:4180} INFO - Setting next_dagrun for dataset_s3_bucket_consumer to None, run_after=None
[2024-09-29T08:43:42.644-0500] {logging_mixin.py:190} INFO - [2024-09-29T08:43:42.644-0500] {dag.py:4180} INFO - Setting next_dagrun for dataset_s3_bucket_producer to None, run_after=None
[2024-09-29T08:43:42.722-0500] {processor.py:208} INFO - Processing /home/d-salamanca/airflow-env/lib/python3.12/site-packages/airflow/example_dags/example_dataset_alias.py took 0.201 seconds
[2024-09-29T08:45:04.493-0500] {processor.py:186} INFO - Started process (PID=31403) to work on /home/d-salamanca/airflow-env/lib/python3.12/site-packages/airflow/example_dags/example_dataset_alias.py
[2024-09-29T08:45:04.501-0500] {processor.py:914} INFO - Processing file /home/d-salamanca/airflow-env/lib/python3.12/site-packages/airflow/example_dags/example_dataset_alias.py for tasks to queue
[2024-09-29T08:45:04.504-0500] {logging_mixin.py:190} INFO - [2024-09-29T08:45:04.504-0500] {dagbag.py:588} INFO - Filling up the DagBag from /home/d-salamanca/airflow-env/lib/python3.12/site-packages/airflow/example_dags/example_dataset_alias.py
[2024-09-29T08:45:04.537-0500] {processor.py:925} INFO - DAG(s) 'dataset_alias_example_alias_producer', 'dataset_s3_bucket_producer', 'dataset_s3_bucket_consumer', 'dataset_alias_example_alias_consumer' retrieved from /home/d-salamanca/airflow-env/lib/python3.12/site-packages/airflow/example_dags/example_dataset_alias.py
[2024-09-29T08:45:04.562-0500] {logging_mixin.py:190} INFO - [2024-09-29T08:45:04.562-0500] {dag.py:3239} INFO - Sync 4 DAGs
[2024-09-29T08:45:04.585-0500] {logging_mixin.py:190} INFO - [2024-09-29T08:45:04.585-0500] {dag.py:4180} INFO - Setting next_dagrun for dataset_alias_example_alias_consumer to None, run_after=None
[2024-09-29T08:45:04.588-0500] {logging_mixin.py:190} INFO - [2024-09-29T08:45:04.588-0500] {dag.py:4180} INFO - Setting next_dagrun for dataset_alias_example_alias_producer to None, run_after=None
[2024-09-29T08:45:04.589-0500] {logging_mixin.py:190} INFO - [2024-09-29T08:45:04.589-0500] {dag.py:4180} INFO - Setting next_dagrun for dataset_s3_bucket_consumer to None, run_after=None
[2024-09-29T08:45:04.592-0500] {logging_mixin.py:190} INFO - [2024-09-29T08:45:04.592-0500] {dag.py:4180} INFO - Setting next_dagrun for dataset_s3_bucket_producer to None, run_after=None
[2024-09-29T08:45:04.685-0500] {processor.py:208} INFO - Processing /home/d-salamanca/airflow-env/lib/python3.12/site-packages/airflow/example_dags/example_dataset_alias.py took 0.199 seconds
[2024-09-29T08:47:01.798-0500] {processor.py:186} INFO - Started process (PID=31477) to work on /home/d-salamanca/airflow-env/lib/python3.12/site-packages/airflow/example_dags/example_dataset_alias.py
[2024-09-29T08:47:01.815-0500] {processor.py:914} INFO - Processing file /home/d-salamanca/airflow-env/lib/python3.12/site-packages/airflow/example_dags/example_dataset_alias.py for tasks to queue
[2024-09-29T08:47:01.818-0500] {logging_mixin.py:190} INFO - [2024-09-29T08:47:01.818-0500] {dagbag.py:588} INFO - Filling up the DagBag from /home/d-salamanca/airflow-env/lib/python3.12/site-packages/airflow/example_dags/example_dataset_alias.py
[2024-09-29T08:47:01.848-0500] {processor.py:925} INFO - DAG(s) 'dataset_s3_bucket_consumer', 'dataset_alias_example_alias_producer', 'dataset_s3_bucket_producer', 'dataset_alias_example_alias_consumer' retrieved from /home/d-salamanca/airflow-env/lib/python3.12/site-packages/airflow/example_dags/example_dataset_alias.py
[2024-09-29T08:47:01.870-0500] {logging_mixin.py:190} INFO - [2024-09-29T08:47:01.870-0500] {dag.py:3239} INFO - Sync 4 DAGs
[2024-09-29T08:47:01.891-0500] {logging_mixin.py:190} INFO - [2024-09-29T08:47:01.891-0500] {dag.py:4180} INFO - Setting next_dagrun for dataset_alias_example_alias_consumer to None, run_after=None
[2024-09-29T08:47:01.894-0500] {logging_mixin.py:190} INFO - [2024-09-29T08:47:01.894-0500] {dag.py:4180} INFO - Setting next_dagrun for dataset_alias_example_alias_producer to None, run_after=None
[2024-09-29T08:47:01.895-0500] {logging_mixin.py:190} INFO - [2024-09-29T08:47:01.895-0500] {dag.py:4180} INFO - Setting next_dagrun for dataset_s3_bucket_consumer to None, run_after=None
[2024-09-29T08:47:01.896-0500] {logging_mixin.py:190} INFO - [2024-09-29T08:47:01.896-0500] {dag.py:4180} INFO - Setting next_dagrun for dataset_s3_bucket_producer to None, run_after=None
[2024-09-29T08:47:01.926-0500] {processor.py:208} INFO - Processing /home/d-salamanca/airflow-env/lib/python3.12/site-packages/airflow/example_dags/example_dataset_alias.py took 0.135 seconds
[2024-09-29T08:48:30.860-0500] {processor.py:186} INFO - Started process (PID=31563) to work on /home/d-salamanca/airflow-env/lib/python3.12/site-packages/airflow/example_dags/example_dataset_alias.py
[2024-09-29T08:48:30.883-0500] {processor.py:914} INFO - Processing file /home/d-salamanca/airflow-env/lib/python3.12/site-packages/airflow/example_dags/example_dataset_alias.py for tasks to queue
[2024-09-29T08:48:30.886-0500] {logging_mixin.py:190} INFO - [2024-09-29T08:48:30.885-0500] {dagbag.py:588} INFO - Filling up the DagBag from /home/d-salamanca/airflow-env/lib/python3.12/site-packages/airflow/example_dags/example_dataset_alias.py
[2024-09-29T08:48:30.917-0500] {processor.py:925} INFO - DAG(s) 'dataset_alias_example_alias_consumer', 'dataset_alias_example_alias_producer', 'dataset_s3_bucket_consumer', 'dataset_s3_bucket_producer' retrieved from /home/d-salamanca/airflow-env/lib/python3.12/site-packages/airflow/example_dags/example_dataset_alias.py
[2024-09-29T08:48:30.941-0500] {logging_mixin.py:190} INFO - [2024-09-29T08:48:30.940-0500] {dag.py:3239} INFO - Sync 4 DAGs
[2024-09-29T08:48:30.963-0500] {logging_mixin.py:190} INFO - [2024-09-29T08:48:30.963-0500] {dag.py:4180} INFO - Setting next_dagrun for dataset_alias_example_alias_consumer to None, run_after=None
[2024-09-29T08:48:30.966-0500] {logging_mixin.py:190} INFO - [2024-09-29T08:48:30.965-0500] {dag.py:4180} INFO - Setting next_dagrun for dataset_alias_example_alias_producer to None, run_after=None
[2024-09-29T08:48:30.967-0500] {logging_mixin.py:190} INFO - [2024-09-29T08:48:30.967-0500] {dag.py:4180} INFO - Setting next_dagrun for dataset_s3_bucket_consumer to None, run_after=None
[2024-09-29T08:48:30.968-0500] {logging_mixin.py:190} INFO - [2024-09-29T08:48:30.968-0500] {dag.py:4180} INFO - Setting next_dagrun for dataset_s3_bucket_producer to None, run_after=None
[2024-09-29T08:48:31.019-0500] {processor.py:208} INFO - Processing /home/d-salamanca/airflow-env/lib/python3.12/site-packages/airflow/example_dags/example_dataset_alias.py took 0.166 seconds
[2024-09-29T08:49:57.692-0500] {processor.py:186} INFO - Started process (PID=31637) to work on /home/d-salamanca/airflow-env/lib/python3.12/site-packages/airflow/example_dags/example_dataset_alias.py
[2024-09-29T08:49:57.748-0500] {processor.py:914} INFO - Processing file /home/d-salamanca/airflow-env/lib/python3.12/site-packages/airflow/example_dags/example_dataset_alias.py for tasks to queue
[2024-09-29T08:49:57.754-0500] {logging_mixin.py:190} INFO - [2024-09-29T08:49:57.753-0500] {dagbag.py:588} INFO - Filling up the DagBag from /home/d-salamanca/airflow-env/lib/python3.12/site-packages/airflow/example_dags/example_dataset_alias.py
[2024-09-29T08:49:57.787-0500] {processor.py:925} INFO - DAG(s) 'dataset_s3_bucket_producer', 'dataset_alias_example_alias_consumer', 'dataset_alias_example_alias_producer', 'dataset_s3_bucket_consumer' retrieved from /home/d-salamanca/airflow-env/lib/python3.12/site-packages/airflow/example_dags/example_dataset_alias.py
[2024-09-29T08:49:57.811-0500] {logging_mixin.py:190} INFO - [2024-09-29T08:49:57.810-0500] {dag.py:3239} INFO - Sync 4 DAGs
[2024-09-29T08:49:57.832-0500] {logging_mixin.py:190} INFO - [2024-09-29T08:49:57.832-0500] {dag.py:4180} INFO - Setting next_dagrun for dataset_alias_example_alias_consumer to None, run_after=None
[2024-09-29T08:49:57.834-0500] {logging_mixin.py:190} INFO - [2024-09-29T08:49:57.834-0500] {dag.py:4180} INFO - Setting next_dagrun for dataset_alias_example_alias_producer to None, run_after=None
[2024-09-29T08:49:57.835-0500] {logging_mixin.py:190} INFO - [2024-09-29T08:49:57.835-0500] {dag.py:4180} INFO - Setting next_dagrun for dataset_s3_bucket_consumer to None, run_after=None
[2024-09-29T08:49:57.836-0500] {logging_mixin.py:190} INFO - [2024-09-29T08:49:57.836-0500] {dag.py:4180} INFO - Setting next_dagrun for dataset_s3_bucket_producer to None, run_after=None
[2024-09-29T08:49:57.901-0500] {processor.py:208} INFO - Processing /home/d-salamanca/airflow-env/lib/python3.12/site-packages/airflow/example_dags/example_dataset_alias.py took 0.217 seconds
[2024-09-29T08:52:14.553-0500] {processor.py:186} INFO - Started process (PID=31938) to work on /home/d-salamanca/airflow-env/lib/python3.12/site-packages/airflow/example_dags/example_dataset_alias.py
[2024-09-29T08:52:14.723-0500] {processor.py:914} INFO - Processing file /home/d-salamanca/airflow-env/lib/python3.12/site-packages/airflow/example_dags/example_dataset_alias.py for tasks to queue
[2024-09-29T08:52:14.728-0500] {logging_mixin.py:190} INFO - [2024-09-29T08:52:14.728-0500] {dagbag.py:588} INFO - Filling up the DagBag from /home/d-salamanca/airflow-env/lib/python3.12/site-packages/airflow/example_dags/example_dataset_alias.py
[2024-09-29T08:52:15.910-0500] {processor.py:925} INFO - DAG(s) 'dataset_s3_bucket_producer', 'dataset_alias_example_alias_consumer', 'dataset_s3_bucket_consumer', 'dataset_alias_example_alias_producer' retrieved from /home/d-salamanca/airflow-env/lib/python3.12/site-packages/airflow/example_dags/example_dataset_alias.py
[2024-09-29T08:52:16.228-0500] {logging_mixin.py:190} INFO - [2024-09-29T08:52:16.227-0500] {dag.py:3239} INFO - Sync 4 DAGs
[2024-09-29T08:52:16.332-0500] {logging_mixin.py:190} INFO - [2024-09-29T08:52:16.332-0500] {dag.py:4180} INFO - Setting next_dagrun for dataset_alias_example_alias_consumer to None, run_after=None
[2024-09-29T08:52:16.335-0500] {logging_mixin.py:190} INFO - [2024-09-29T08:52:16.335-0500] {dag.py:4180} INFO - Setting next_dagrun for dataset_alias_example_alias_producer to None, run_after=None
[2024-09-29T08:52:16.336-0500] {logging_mixin.py:190} INFO - [2024-09-29T08:52:16.336-0500] {dag.py:4180} INFO - Setting next_dagrun for dataset_s3_bucket_consumer to None, run_after=None
[2024-09-29T08:52:16.338-0500] {logging_mixin.py:190} INFO - [2024-09-29T08:52:16.337-0500] {dag.py:4180} INFO - Setting next_dagrun for dataset_s3_bucket_producer to None, run_after=None
[2024-09-29T08:52:16.681-0500] {processor.py:208} INFO - Processing /home/d-salamanca/airflow-env/lib/python3.12/site-packages/airflow/example_dags/example_dataset_alias.py took 2.158 seconds
[2024-09-29T08:54:15.735-0500] {processor.py:186} INFO - Started process (PID=32030) to work on /home/d-salamanca/airflow-env/lib/python3.12/site-packages/airflow/example_dags/example_dataset_alias.py
[2024-09-29T08:54:15.766-0500] {processor.py:914} INFO - Processing file /home/d-salamanca/airflow-env/lib/python3.12/site-packages/airflow/example_dags/example_dataset_alias.py for tasks to queue
[2024-09-29T08:54:15.772-0500] {logging_mixin.py:190} INFO - [2024-09-29T08:54:15.771-0500] {dagbag.py:588} INFO - Filling up the DagBag from /home/d-salamanca/airflow-env/lib/python3.12/site-packages/airflow/example_dags/example_dataset_alias.py
[2024-09-29T08:54:15.831-0500] {processor.py:925} INFO - DAG(s) 'dataset_s3_bucket_consumer', 'dataset_alias_example_alias_consumer', 'dataset_s3_bucket_producer', 'dataset_alias_example_alias_producer' retrieved from /home/d-salamanca/airflow-env/lib/python3.12/site-packages/airflow/example_dags/example_dataset_alias.py
[2024-09-29T08:54:15.854-0500] {logging_mixin.py:190} INFO - [2024-09-29T08:54:15.854-0500] {dag.py:3239} INFO - Sync 4 DAGs
[2024-09-29T08:54:15.877-0500] {logging_mixin.py:190} INFO - [2024-09-29T08:54:15.876-0500] {dag.py:4180} INFO - Setting next_dagrun for dataset_alias_example_alias_consumer to None, run_after=None
[2024-09-29T08:54:15.879-0500] {logging_mixin.py:190} INFO - [2024-09-29T08:54:15.879-0500] {dag.py:4180} INFO - Setting next_dagrun for dataset_alias_example_alias_producer to None, run_after=None
[2024-09-29T08:54:15.880-0500] {logging_mixin.py:190} INFO - [2024-09-29T08:54:15.880-0500] {dag.py:4180} INFO - Setting next_dagrun for dataset_s3_bucket_consumer to None, run_after=None
[2024-09-29T08:54:15.881-0500] {logging_mixin.py:190} INFO - [2024-09-29T08:54:15.881-0500] {dag.py:4180} INFO - Setting next_dagrun for dataset_s3_bucket_producer to None, run_after=None
[2024-09-29T08:54:16.111-0500] {processor.py:208} INFO - Processing /home/d-salamanca/airflow-env/lib/python3.12/site-packages/airflow/example_dags/example_dataset_alias.py took 0.388 seconds
[2024-09-29T08:55:48.839-0500] {processor.py:186} INFO - Started process (PID=32107) to work on /home/d-salamanca/airflow-env/lib/python3.12/site-packages/airflow/example_dags/example_dataset_alias.py
[2024-09-29T08:55:48.872-0500] {processor.py:914} INFO - Processing file /home/d-salamanca/airflow-env/lib/python3.12/site-packages/airflow/example_dags/example_dataset_alias.py for tasks to queue
[2024-09-29T08:55:48.878-0500] {logging_mixin.py:190} INFO - [2024-09-29T08:55:48.877-0500] {dagbag.py:588} INFO - Filling up the DagBag from /home/d-salamanca/airflow-env/lib/python3.12/site-packages/airflow/example_dags/example_dataset_alias.py
[2024-09-29T08:55:48.989-0500] {processor.py:925} INFO - DAG(s) 'dataset_alias_example_alias_producer', 'dataset_alias_example_alias_consumer', 'dataset_s3_bucket_consumer', 'dataset_s3_bucket_producer' retrieved from /home/d-salamanca/airflow-env/lib/python3.12/site-packages/airflow/example_dags/example_dataset_alias.py
[2024-09-29T08:55:49.013-0500] {logging_mixin.py:190} INFO - [2024-09-29T08:55:49.012-0500] {dag.py:3239} INFO - Sync 4 DAGs
[2024-09-29T08:55:49.044-0500] {logging_mixin.py:190} INFO - [2024-09-29T08:55:49.044-0500] {dag.py:4180} INFO - Setting next_dagrun for dataset_alias_example_alias_consumer to None, run_after=None
[2024-09-29T08:55:49.047-0500] {logging_mixin.py:190} INFO - [2024-09-29T08:55:49.046-0500] {dag.py:4180} INFO - Setting next_dagrun for dataset_alias_example_alias_producer to None, run_after=None
[2024-09-29T08:55:49.048-0500] {logging_mixin.py:190} INFO - [2024-09-29T08:55:49.047-0500] {dag.py:4180} INFO - Setting next_dagrun for dataset_s3_bucket_consumer to None, run_after=None
[2024-09-29T08:55:49.049-0500] {logging_mixin.py:190} INFO - [2024-09-29T08:55:49.048-0500] {dag.py:4180} INFO - Setting next_dagrun for dataset_s3_bucket_producer to None, run_after=None
[2024-09-29T08:55:49.120-0500] {processor.py:208} INFO - Processing /home/d-salamanca/airflow-env/lib/python3.12/site-packages/airflow/example_dags/example_dataset_alias.py took 0.288 seconds
[2024-09-29T08:57:40.529-0500] {processor.py:186} INFO - Started process (PID=32189) to work on /home/d-salamanca/airflow-env/lib/python3.12/site-packages/airflow/example_dags/example_dataset_alias.py
[2024-09-29T08:57:40.530-0500] {processor.py:914} INFO - Processing file /home/d-salamanca/airflow-env/lib/python3.12/site-packages/airflow/example_dags/example_dataset_alias.py for tasks to queue
[2024-09-29T08:57:40.532-0500] {logging_mixin.py:190} INFO - [2024-09-29T08:57:40.532-0500] {dagbag.py:588} INFO - Filling up the DagBag from /home/d-salamanca/airflow-env/lib/python3.12/site-packages/airflow/example_dags/example_dataset_alias.py
[2024-09-29T08:57:40.561-0500] {processor.py:925} INFO - DAG(s) 'dataset_s3_bucket_producer', 'dataset_alias_example_alias_consumer', 'dataset_s3_bucket_consumer', 'dataset_alias_example_alias_producer' retrieved from /home/d-salamanca/airflow-env/lib/python3.12/site-packages/airflow/example_dags/example_dataset_alias.py
[2024-09-29T08:57:40.588-0500] {logging_mixin.py:190} INFO - [2024-09-29T08:57:40.588-0500] {dag.py:3239} INFO - Sync 4 DAGs
[2024-09-29T08:57:40.616-0500] {logging_mixin.py:190} INFO - [2024-09-29T08:57:40.615-0500] {dag.py:4180} INFO - Setting next_dagrun for dataset_alias_example_alias_consumer to None, run_after=None
[2024-09-29T08:57:40.618-0500] {logging_mixin.py:190} INFO - [2024-09-29T08:57:40.618-0500] {dag.py:4180} INFO - Setting next_dagrun for dataset_alias_example_alias_producer to None, run_after=None
[2024-09-29T08:57:40.619-0500] {logging_mixin.py:190} INFO - [2024-09-29T08:57:40.619-0500] {dag.py:4180} INFO - Setting next_dagrun for dataset_s3_bucket_consumer to None, run_after=None
[2024-09-29T08:57:40.620-0500] {logging_mixin.py:190} INFO - [2024-09-29T08:57:40.620-0500] {dag.py:4180} INFO - Setting next_dagrun for dataset_s3_bucket_producer to None, run_after=None
[2024-09-29T08:57:40.694-0500] {processor.py:208} INFO - Processing /home/d-salamanca/airflow-env/lib/python3.12/site-packages/airflow/example_dags/example_dataset_alias.py took 0.173 seconds
[2024-09-29T08:59:26.274-0500] {processor.py:186} INFO - Started process (PID=32382) to work on /home/d-salamanca/airflow-env/lib/python3.12/site-packages/airflow/example_dags/example_dataset_alias.py
[2024-09-29T08:59:26.276-0500] {processor.py:914} INFO - Processing file /home/d-salamanca/airflow-env/lib/python3.12/site-packages/airflow/example_dags/example_dataset_alias.py for tasks to queue
[2024-09-29T08:59:26.278-0500] {logging_mixin.py:190} INFO - [2024-09-29T08:59:26.278-0500] {dagbag.py:588} INFO - Filling up the DagBag from /home/d-salamanca/airflow-env/lib/python3.12/site-packages/airflow/example_dags/example_dataset_alias.py
[2024-09-29T08:59:26.554-0500] {processor.py:925} INFO - DAG(s) 'dataset_alias_example_alias_producer', 'dataset_alias_example_alias_consumer', 'dataset_s3_bucket_producer', 'dataset_s3_bucket_consumer' retrieved from /home/d-salamanca/airflow-env/lib/python3.12/site-packages/airflow/example_dags/example_dataset_alias.py
[2024-09-29T08:59:26.661-0500] {logging_mixin.py:190} INFO - [2024-09-29T08:59:26.660-0500] {dag.py:3239} INFO - Sync 4 DAGs
[2024-09-29T08:59:26.733-0500] {logging_mixin.py:190} INFO - [2024-09-29T08:59:26.732-0500] {dag.py:4180} INFO - Setting next_dagrun for dataset_alias_example_alias_consumer to None, run_after=None
[2024-09-29T08:59:26.735-0500] {logging_mixin.py:190} INFO - [2024-09-29T08:59:26.735-0500] {dag.py:4180} INFO - Setting next_dagrun for dataset_alias_example_alias_producer to None, run_after=None
[2024-09-29T08:59:26.737-0500] {logging_mixin.py:190} INFO - [2024-09-29T08:59:26.736-0500] {dag.py:4180} INFO - Setting next_dagrun for dataset_s3_bucket_consumer to None, run_after=None
[2024-09-29T08:59:26.738-0500] {logging_mixin.py:190} INFO - [2024-09-29T08:59:26.738-0500] {dag.py:4180} INFO - Setting next_dagrun for dataset_s3_bucket_producer to None, run_after=None
[2024-09-29T08:59:26.846-0500] {processor.py:208} INFO - Processing /home/d-salamanca/airflow-env/lib/python3.12/site-packages/airflow/example_dags/example_dataset_alias.py took 0.656 seconds
[2024-09-29T09:01:22.149-0500] {processor.py:186} INFO - Started process (PID=32569) to work on /home/d-salamanca/airflow-env/lib/python3.12/site-packages/airflow/example_dags/example_dataset_alias.py
[2024-09-29T09:01:22.151-0500] {processor.py:914} INFO - Processing file /home/d-salamanca/airflow-env/lib/python3.12/site-packages/airflow/example_dags/example_dataset_alias.py for tasks to queue
[2024-09-29T09:01:22.153-0500] {logging_mixin.py:190} INFO - [2024-09-29T09:01:22.153-0500] {dagbag.py:588} INFO - Filling up the DagBag from /home/d-salamanca/airflow-env/lib/python3.12/site-packages/airflow/example_dags/example_dataset_alias.py
[2024-09-29T09:01:22.234-0500] {processor.py:925} INFO - DAG(s) 'dataset_s3_bucket_consumer', 'dataset_alias_example_alias_producer', 'dataset_s3_bucket_producer', 'dataset_alias_example_alias_consumer' retrieved from /home/d-salamanca/airflow-env/lib/python3.12/site-packages/airflow/example_dags/example_dataset_alias.py
[2024-09-29T09:01:22.256-0500] {logging_mixin.py:190} INFO - [2024-09-29T09:01:22.256-0500] {dag.py:3239} INFO - Sync 4 DAGs
[2024-09-29T09:01:22.280-0500] {logging_mixin.py:190} INFO - [2024-09-29T09:01:22.280-0500] {dag.py:4180} INFO - Setting next_dagrun for dataset_alias_example_alias_consumer to None, run_after=None
[2024-09-29T09:01:22.282-0500] {logging_mixin.py:190} INFO - [2024-09-29T09:01:22.282-0500] {dag.py:4180} INFO - Setting next_dagrun for dataset_alias_example_alias_producer to None, run_after=None
[2024-09-29T09:01:22.283-0500] {logging_mixin.py:190} INFO - [2024-09-29T09:01:22.283-0500] {dag.py:4180} INFO - Setting next_dagrun for dataset_s3_bucket_consumer to None, run_after=None
[2024-09-29T09:01:22.284-0500] {logging_mixin.py:190} INFO - [2024-09-29T09:01:22.284-0500] {dag.py:4180} INFO - Setting next_dagrun for dataset_s3_bucket_producer to None, run_after=None
[2024-09-29T09:01:22.331-0500] {processor.py:208} INFO - Processing /home/d-salamanca/airflow-env/lib/python3.12/site-packages/airflow/example_dags/example_dataset_alias.py took 0.193 seconds
[2024-09-29T09:02:55.257-0500] {processor.py:186} INFO - Started process (PID=32643) to work on /home/d-salamanca/airflow-env/lib/python3.12/site-packages/airflow/example_dags/example_dataset_alias.py
[2024-09-29T09:02:55.309-0500] {processor.py:914} INFO - Processing file /home/d-salamanca/airflow-env/lib/python3.12/site-packages/airflow/example_dags/example_dataset_alias.py for tasks to queue
[2024-09-29T09:02:55.314-0500] {logging_mixin.py:190} INFO - [2024-09-29T09:02:55.313-0500] {dagbag.py:588} INFO - Filling up the DagBag from /home/d-salamanca/airflow-env/lib/python3.12/site-packages/airflow/example_dags/example_dataset_alias.py
[2024-09-29T09:02:55.349-0500] {processor.py:925} INFO - DAG(s) 'dataset_s3_bucket_producer', 'dataset_alias_example_alias_consumer', 'dataset_s3_bucket_consumer', 'dataset_alias_example_alias_producer' retrieved from /home/d-salamanca/airflow-env/lib/python3.12/site-packages/airflow/example_dags/example_dataset_alias.py
[2024-09-29T09:02:55.375-0500] {logging_mixin.py:190} INFO - [2024-09-29T09:02:55.375-0500] {dag.py:3239} INFO - Sync 4 DAGs
[2024-09-29T09:02:55.403-0500] {logging_mixin.py:190} INFO - [2024-09-29T09:02:55.402-0500] {dag.py:4180} INFO - Setting next_dagrun for dataset_alias_example_alias_consumer to None, run_after=None
[2024-09-29T09:02:55.405-0500] {logging_mixin.py:190} INFO - [2024-09-29T09:02:55.405-0500] {dag.py:4180} INFO - Setting next_dagrun for dataset_alias_example_alias_producer to None, run_after=None
[2024-09-29T09:02:55.406-0500] {logging_mixin.py:190} INFO - [2024-09-29T09:02:55.406-0500] {dag.py:4180} INFO - Setting next_dagrun for dataset_s3_bucket_consumer to None, run_after=None
[2024-09-29T09:02:55.407-0500] {logging_mixin.py:190} INFO - [2024-09-29T09:02:55.407-0500] {dag.py:4180} INFO - Setting next_dagrun for dataset_s3_bucket_producer to None, run_after=None
[2024-09-29T09:02:55.498-0500] {processor.py:208} INFO - Processing /home/d-salamanca/airflow-env/lib/python3.12/site-packages/airflow/example_dags/example_dataset_alias.py took 0.250 seconds
[2024-09-29T09:04:19.211-0500] {processor.py:186} INFO - Started process (PID=32728) to work on /home/d-salamanca/airflow-env/lib/python3.12/site-packages/airflow/example_dags/example_dataset_alias.py
[2024-09-29T09:04:19.212-0500] {processor.py:914} INFO - Processing file /home/d-salamanca/airflow-env/lib/python3.12/site-packages/airflow/example_dags/example_dataset_alias.py for tasks to queue
[2024-09-29T09:04:19.215-0500] {logging_mixin.py:190} INFO - [2024-09-29T09:04:19.214-0500] {dagbag.py:588} INFO - Filling up the DagBag from /home/d-salamanca/airflow-env/lib/python3.12/site-packages/airflow/example_dags/example_dataset_alias.py
[2024-09-29T09:04:19.243-0500] {processor.py:925} INFO - DAG(s) 'dataset_s3_bucket_producer', 'dataset_s3_bucket_consumer', 'dataset_alias_example_alias_consumer', 'dataset_alias_example_alias_producer' retrieved from /home/d-salamanca/airflow-env/lib/python3.12/site-packages/airflow/example_dags/example_dataset_alias.py
[2024-09-29T09:04:19.265-0500] {logging_mixin.py:190} INFO - [2024-09-29T09:04:19.265-0500] {dag.py:3239} INFO - Sync 4 DAGs
[2024-09-29T09:04:19.287-0500] {logging_mixin.py:190} INFO - [2024-09-29T09:04:19.287-0500] {dag.py:4180} INFO - Setting next_dagrun for dataset_alias_example_alias_consumer to None, run_after=None
[2024-09-29T09:04:19.290-0500] {logging_mixin.py:190} INFO - [2024-09-29T09:04:19.290-0500] {dag.py:4180} INFO - Setting next_dagrun for dataset_alias_example_alias_producer to None, run_after=None
[2024-09-29T09:04:19.291-0500] {logging_mixin.py:190} INFO - [2024-09-29T09:04:19.291-0500] {dag.py:4180} INFO - Setting next_dagrun for dataset_s3_bucket_consumer to None, run_after=None
[2024-09-29T09:04:19.292-0500] {logging_mixin.py:190} INFO - [2024-09-29T09:04:19.292-0500] {dag.py:4180} INFO - Setting next_dagrun for dataset_s3_bucket_producer to None, run_after=None
[2024-09-29T09:04:19.540-0500] {processor.py:208} INFO - Processing /home/d-salamanca/airflow-env/lib/python3.12/site-packages/airflow/example_dags/example_dataset_alias.py took 0.343 seconds
[2024-09-29T09:06:39.546-0500] {processor.py:186} INFO - Started process (PID=33072) to work on /home/d-salamanca/airflow-env/lib/python3.12/site-packages/airflow/example_dags/example_dataset_alias.py
[2024-09-29T09:06:39.582-0500] {processor.py:914} INFO - Processing file /home/d-salamanca/airflow-env/lib/python3.12/site-packages/airflow/example_dags/example_dataset_alias.py for tasks to queue
[2024-09-29T09:06:39.587-0500] {logging_mixin.py:190} INFO - [2024-09-29T09:06:39.586-0500] {dagbag.py:588} INFO - Filling up the DagBag from /home/d-salamanca/airflow-env/lib/python3.12/site-packages/airflow/example_dags/example_dataset_alias.py
[2024-09-29T09:06:39.864-0500] {processor.py:925} INFO - DAG(s) 'dataset_alias_example_alias_producer', 'dataset_s3_bucket_consumer', 'dataset_s3_bucket_producer', 'dataset_alias_example_alias_consumer' retrieved from /home/d-salamanca/airflow-env/lib/python3.12/site-packages/airflow/example_dags/example_dataset_alias.py
[2024-09-29T09:06:39.956-0500] {logging_mixin.py:190} INFO - [2024-09-29T09:06:39.956-0500] {dag.py:3239} INFO - Sync 4 DAGs
[2024-09-29T09:06:40.003-0500] {logging_mixin.py:190} INFO - [2024-09-29T09:06:40.002-0500] {dag.py:4180} INFO - Setting next_dagrun for dataset_alias_example_alias_consumer to None, run_after=None
[2024-09-29T09:06:40.008-0500] {logging_mixin.py:190} INFO - [2024-09-29T09:06:40.007-0500] {dag.py:4180} INFO - Setting next_dagrun for dataset_alias_example_alias_producer to None, run_after=None
[2024-09-29T09:06:40.010-0500] {logging_mixin.py:190} INFO - [2024-09-29T09:06:40.010-0500] {dag.py:4180} INFO - Setting next_dagrun for dataset_s3_bucket_consumer to None, run_after=None
[2024-09-29T09:06:40.012-0500] {logging_mixin.py:190} INFO - [2024-09-29T09:06:40.012-0500] {dag.py:4180} INFO - Setting next_dagrun for dataset_s3_bucket_producer to None, run_after=None
[2024-09-29T09:06:42.026-0500] {processor.py:208} INFO - Processing /home/d-salamanca/airflow-env/lib/python3.12/site-packages/airflow/example_dags/example_dataset_alias.py took 2.768 seconds
[2024-09-29T09:08:06.988-0500] {processor.py:186} INFO - Started process (PID=33147) to work on /home/d-salamanca/airflow-env/lib/python3.12/site-packages/airflow/example_dags/example_dataset_alias.py
[2024-09-29T09:08:07.003-0500] {processor.py:914} INFO - Processing file /home/d-salamanca/airflow-env/lib/python3.12/site-packages/airflow/example_dags/example_dataset_alias.py for tasks to queue
[2024-09-29T09:08:07.006-0500] {logging_mixin.py:190} INFO - [2024-09-29T09:08:07.005-0500] {dagbag.py:588} INFO - Filling up the DagBag from /home/d-salamanca/airflow-env/lib/python3.12/site-packages/airflow/example_dags/example_dataset_alias.py
[2024-09-29T09:08:07.051-0500] {processor.py:925} INFO - DAG(s) 'dataset_alias_example_alias_consumer', 'dataset_alias_example_alias_producer', 'dataset_s3_bucket_producer', 'dataset_s3_bucket_consumer' retrieved from /home/d-salamanca/airflow-env/lib/python3.12/site-packages/airflow/example_dags/example_dataset_alias.py
[2024-09-29T09:08:07.078-0500] {logging_mixin.py:190} INFO - [2024-09-29T09:08:07.078-0500] {dag.py:3239} INFO - Sync 4 DAGs
[2024-09-29T09:08:07.111-0500] {logging_mixin.py:190} INFO - [2024-09-29T09:08:07.111-0500] {dag.py:4180} INFO - Setting next_dagrun for dataset_alias_example_alias_consumer to None, run_after=None
[2024-09-29T09:08:07.114-0500] {logging_mixin.py:190} INFO - [2024-09-29T09:08:07.114-0500] {dag.py:4180} INFO - Setting next_dagrun for dataset_alias_example_alias_producer to None, run_after=None
[2024-09-29T09:08:07.116-0500] {logging_mixin.py:190} INFO - [2024-09-29T09:08:07.115-0500] {dag.py:4180} INFO - Setting next_dagrun for dataset_s3_bucket_consumer to None, run_after=None
[2024-09-29T09:08:07.118-0500] {logging_mixin.py:190} INFO - [2024-09-29T09:08:07.117-0500] {dag.py:4180} INFO - Setting next_dagrun for dataset_s3_bucket_producer to None, run_after=None
[2024-09-29T09:08:07.150-0500] {processor.py:208} INFO - Processing /home/d-salamanca/airflow-env/lib/python3.12/site-packages/airflow/example_dags/example_dataset_alias.py took 0.173 seconds
