[2024-09-29T00:19:46.675-0500] {processor.py:186} INFO - Started process (PID=28642) to work on /home/d-salamanca/airflow-env/lib/python3.12/site-packages/airflow/example_dags/example_branch_operator.py
[2024-09-29T00:19:46.676-0500] {processor.py:914} INFO - Processing file /home/d-salamanca/airflow-env/lib/python3.12/site-packages/airflow/example_dags/example_branch_operator.py for tasks to queue
[2024-09-29T00:19:46.679-0500] {logging_mixin.py:190} INFO - [2024-09-29T00:19:46.678-0500] {dagbag.py:588} INFO - Filling up the DagBag from /home/d-salamanca/airflow-env/lib/python3.12/site-packages/airflow/example_dags/example_branch_operator.py
[2024-09-29T00:19:46.701-0500] {processor.py:927} WARNING - No viable dags retrieved from /home/d-salamanca/airflow-env/lib/python3.12/site-packages/airflow/example_dags/example_branch_operator.py
[2024-09-29T00:19:46.718-0500] {processor.py:208} INFO - Processing /home/d-salamanca/airflow-env/lib/python3.12/site-packages/airflow/example_dags/example_branch_operator.py took 0.050 seconds
[2024-09-29T00:21:27.436-0500] {processor.py:186} INFO - Started process (PID=28735) to work on /home/d-salamanca/airflow-env/lib/python3.12/site-packages/airflow/example_dags/example_branch_operator.py
[2024-09-29T00:21:27.628-0500] {processor.py:914} INFO - Processing file /home/d-salamanca/airflow-env/lib/python3.12/site-packages/airflow/example_dags/example_branch_operator.py for tasks to queue
[2024-09-29T00:21:27.635-0500] {logging_mixin.py:190} INFO - [2024-09-29T00:21:27.633-0500] {dagbag.py:588} INFO - Filling up the DagBag from /home/d-salamanca/airflow-env/lib/python3.12/site-packages/airflow/example_dags/example_branch_operator.py
[2024-09-29T00:21:27.642-0500] {processor.py:927} WARNING - No viable dags retrieved from /home/d-salamanca/airflow-env/lib/python3.12/site-packages/airflow/example_dags/example_branch_operator.py
[2024-09-29T00:21:27.662-0500] {processor.py:208} INFO - Processing /home/d-salamanca/airflow-env/lib/python3.12/site-packages/airflow/example_dags/example_branch_operator.py took 0.235 seconds
[2024-09-29T00:23:07.752-0500] {processor.py:186} INFO - Started process (PID=28810) to work on /home/d-salamanca/airflow-env/lib/python3.12/site-packages/airflow/example_dags/example_branch_operator.py
[2024-09-29T00:23:07.793-0500] {processor.py:914} INFO - Processing file /home/d-salamanca/airflow-env/lib/python3.12/site-packages/airflow/example_dags/example_branch_operator.py for tasks to queue
[2024-09-29T00:23:07.799-0500] {logging_mixin.py:190} INFO - [2024-09-29T00:23:07.798-0500] {dagbag.py:588} INFO - Filling up the DagBag from /home/d-salamanca/airflow-env/lib/python3.12/site-packages/airflow/example_dags/example_branch_operator.py
[2024-09-29T00:23:07.805-0500] {processor.py:927} WARNING - No viable dags retrieved from /home/d-salamanca/airflow-env/lib/python3.12/site-packages/airflow/example_dags/example_branch_operator.py
[2024-09-29T00:23:07.817-0500] {processor.py:208} INFO - Processing /home/d-salamanca/airflow-env/lib/python3.12/site-packages/airflow/example_dags/example_branch_operator.py took 0.073 seconds
[2024-09-29T00:24:34.183-0500] {processor.py:186} INFO - Started process (PID=28882) to work on /home/d-salamanca/airflow-env/lib/python3.12/site-packages/airflow/example_dags/example_branch_operator.py
[2024-09-29T00:24:34.184-0500] {processor.py:914} INFO - Processing file /home/d-salamanca/airflow-env/lib/python3.12/site-packages/airflow/example_dags/example_branch_operator.py for tasks to queue
[2024-09-29T00:24:34.187-0500] {logging_mixin.py:190} INFO - [2024-09-29T00:24:34.187-0500] {dagbag.py:588} INFO - Filling up the DagBag from /home/d-salamanca/airflow-env/lib/python3.12/site-packages/airflow/example_dags/example_branch_operator.py
[2024-09-29T00:24:34.191-0500] {processor.py:927} WARNING - No viable dags retrieved from /home/d-salamanca/airflow-env/lib/python3.12/site-packages/airflow/example_dags/example_branch_operator.py
[2024-09-29T00:24:34.208-0500] {processor.py:208} INFO - Processing /home/d-salamanca/airflow-env/lib/python3.12/site-packages/airflow/example_dags/example_branch_operator.py took 0.034 seconds
[2024-09-29T00:26:06.614-0500] {processor.py:186} INFO - Started process (PID=28955) to work on /home/d-salamanca/airflow-env/lib/python3.12/site-packages/airflow/example_dags/example_branch_operator.py
[2024-09-29T00:26:06.615-0500] {processor.py:914} INFO - Processing file /home/d-salamanca/airflow-env/lib/python3.12/site-packages/airflow/example_dags/example_branch_operator.py for tasks to queue
[2024-09-29T00:26:06.617-0500] {logging_mixin.py:190} INFO - [2024-09-29T00:26:06.617-0500] {dagbag.py:588} INFO - Filling up the DagBag from /home/d-salamanca/airflow-env/lib/python3.12/site-packages/airflow/example_dags/example_branch_operator.py
[2024-09-29T00:26:06.620-0500] {processor.py:927} WARNING - No viable dags retrieved from /home/d-salamanca/airflow-env/lib/python3.12/site-packages/airflow/example_dags/example_branch_operator.py
[2024-09-29T00:26:06.633-0500] {processor.py:208} INFO - Processing /home/d-salamanca/airflow-env/lib/python3.12/site-packages/airflow/example_dags/example_branch_operator.py took 0.027 seconds
[2024-09-29T00:27:35.928-0500] {processor.py:186} INFO - Started process (PID=29103) to work on /home/d-salamanca/airflow-env/lib/python3.12/site-packages/airflow/example_dags/example_branch_operator.py
[2024-09-29T00:27:35.929-0500] {processor.py:914} INFO - Processing file /home/d-salamanca/airflow-env/lib/python3.12/site-packages/airflow/example_dags/example_branch_operator.py for tasks to queue
[2024-09-29T00:27:35.931-0500] {logging_mixin.py:190} INFO - [2024-09-29T00:27:35.931-0500] {dagbag.py:588} INFO - Filling up the DagBag from /home/d-salamanca/airflow-env/lib/python3.12/site-packages/airflow/example_dags/example_branch_operator.py
[2024-09-29T00:27:35.934-0500] {processor.py:927} WARNING - No viable dags retrieved from /home/d-salamanca/airflow-env/lib/python3.12/site-packages/airflow/example_dags/example_branch_operator.py
[2024-09-29T00:27:35.948-0500] {processor.py:208} INFO - Processing /home/d-salamanca/airflow-env/lib/python3.12/site-packages/airflow/example_dags/example_branch_operator.py took 0.028 seconds
[2024-09-29T00:29:48.135-0500] {processor.py:186} INFO - Started process (PID=29246) to work on /home/d-salamanca/airflow-env/lib/python3.12/site-packages/airflow/example_dags/example_branch_operator.py
[2024-09-29T00:29:48.223-0500] {processor.py:914} INFO - Processing file /home/d-salamanca/airflow-env/lib/python3.12/site-packages/airflow/example_dags/example_branch_operator.py for tasks to queue
[2024-09-29T00:29:48.229-0500] {logging_mixin.py:190} INFO - [2024-09-29T00:29:48.228-0500] {dagbag.py:588} INFO - Filling up the DagBag from /home/d-salamanca/airflow-env/lib/python3.12/site-packages/airflow/example_dags/example_branch_operator.py
[2024-09-29T00:29:48.260-0500] {processor.py:927} WARNING - No viable dags retrieved from /home/d-salamanca/airflow-env/lib/python3.12/site-packages/airflow/example_dags/example_branch_operator.py
[2024-09-29T00:29:48.276-0500] {processor.py:208} INFO - Processing /home/d-salamanca/airflow-env/lib/python3.12/site-packages/airflow/example_dags/example_branch_operator.py took 0.150 seconds
[2024-09-29T00:32:02.148-0500] {processor.py:186} INFO - Started process (PID=29342) to work on /home/d-salamanca/airflow-env/lib/python3.12/site-packages/airflow/example_dags/example_branch_operator.py
[2024-09-29T00:32:02.149-0500] {processor.py:914} INFO - Processing file /home/d-salamanca/airflow-env/lib/python3.12/site-packages/airflow/example_dags/example_branch_operator.py for tasks to queue
[2024-09-29T00:32:02.151-0500] {logging_mixin.py:190} INFO - [2024-09-29T00:32:02.151-0500] {dagbag.py:588} INFO - Filling up the DagBag from /home/d-salamanca/airflow-env/lib/python3.12/site-packages/airflow/example_dags/example_branch_operator.py
[2024-09-29T00:32:02.157-0500] {processor.py:927} WARNING - No viable dags retrieved from /home/d-salamanca/airflow-env/lib/python3.12/site-packages/airflow/example_dags/example_branch_operator.py
[2024-09-29T00:32:02.172-0500] {processor.py:208} INFO - Processing /home/d-salamanca/airflow-env/lib/python3.12/site-packages/airflow/example_dags/example_branch_operator.py took 0.033 seconds
[2024-09-29T00:33:22.161-0500] {processor.py:186} INFO - Started process (PID=29422) to work on /home/d-salamanca/airflow-env/lib/python3.12/site-packages/airflow/example_dags/example_branch_operator.py
[2024-09-29T00:33:22.162-0500] {processor.py:914} INFO - Processing file /home/d-salamanca/airflow-env/lib/python3.12/site-packages/airflow/example_dags/example_branch_operator.py for tasks to queue
[2024-09-29T00:33:22.166-0500] {logging_mixin.py:190} INFO - [2024-09-29T00:33:22.165-0500] {dagbag.py:588} INFO - Filling up the DagBag from /home/d-salamanca/airflow-env/lib/python3.12/site-packages/airflow/example_dags/example_branch_operator.py
[2024-09-29T00:33:22.229-0500] {processor.py:927} WARNING - No viable dags retrieved from /home/d-salamanca/airflow-env/lib/python3.12/site-packages/airflow/example_dags/example_branch_operator.py
[2024-09-29T00:33:22.251-0500] {processor.py:208} INFO - Processing /home/d-salamanca/airflow-env/lib/python3.12/site-packages/airflow/example_dags/example_branch_operator.py took 0.099 seconds
[2024-09-29T08:19:36.514-0500] {processor.py:186} INFO - Started process (PID=29538) to work on /home/d-salamanca/airflow-env/lib/python3.12/site-packages/airflow/example_dags/example_branch_operator.py
[2024-09-29T08:19:36.515-0500] {processor.py:914} INFO - Processing file /home/d-salamanca/airflow-env/lib/python3.12/site-packages/airflow/example_dags/example_branch_operator.py for tasks to queue
[2024-09-29T08:19:36.517-0500] {logging_mixin.py:190} INFO - [2024-09-29T08:19:36.517-0500] {dagbag.py:588} INFO - Filling up the DagBag from /home/d-salamanca/airflow-env/lib/python3.12/site-packages/airflow/example_dags/example_branch_operator.py
[2024-09-29T08:19:36.520-0500] {processor.py:927} WARNING - No viable dags retrieved from /home/d-salamanca/airflow-env/lib/python3.12/site-packages/airflow/example_dags/example_branch_operator.py
[2024-09-29T08:19:36.534-0500] {processor.py:208} INFO - Processing /home/d-salamanca/airflow-env/lib/python3.12/site-packages/airflow/example_dags/example_branch_operator.py took 0.028 seconds
[2024-09-29T08:21:41.391-0500] {processor.py:186} INFO - Started process (PID=29850) to work on /home/d-salamanca/airflow-env/lib/python3.12/site-packages/airflow/example_dags/example_branch_operator.py
[2024-09-29T08:21:41.393-0500] {processor.py:914} INFO - Processing file /home/d-salamanca/airflow-env/lib/python3.12/site-packages/airflow/example_dags/example_branch_operator.py for tasks to queue
[2024-09-29T08:21:41.396-0500] {logging_mixin.py:190} INFO - [2024-09-29T08:21:41.395-0500] {dagbag.py:588} INFO - Filling up the DagBag from /home/d-salamanca/airflow-env/lib/python3.12/site-packages/airflow/example_dags/example_branch_operator.py
[2024-09-29T08:21:41.426-0500] {processor.py:927} WARNING - No viable dags retrieved from /home/d-salamanca/airflow-env/lib/python3.12/site-packages/airflow/example_dags/example_branch_operator.py
[2024-09-29T08:21:41.441-0500] {processor.py:208} INFO - Processing /home/d-salamanca/airflow-env/lib/python3.12/site-packages/airflow/example_dags/example_branch_operator.py took 0.057 seconds
[2024-09-29T08:23:27.880-0500] {processor.py:186} INFO - Started process (PID=29929) to work on /home/d-salamanca/airflow-env/lib/python3.12/site-packages/airflow/example_dags/example_branch_operator.py
[2024-09-29T08:23:27.882-0500] {processor.py:914} INFO - Processing file /home/d-salamanca/airflow-env/lib/python3.12/site-packages/airflow/example_dags/example_branch_operator.py for tasks to queue
[2024-09-29T08:23:27.886-0500] {logging_mixin.py:190} INFO - [2024-09-29T08:23:27.885-0500] {dagbag.py:588} INFO - Filling up the DagBag from /home/d-salamanca/airflow-env/lib/python3.12/site-packages/airflow/example_dags/example_branch_operator.py
[2024-09-29T08:23:27.922-0500] {processor.py:927} WARNING - No viable dags retrieved from /home/d-salamanca/airflow-env/lib/python3.12/site-packages/airflow/example_dags/example_branch_operator.py
[2024-09-29T08:23:27.939-0500] {processor.py:208} INFO - Processing /home/d-salamanca/airflow-env/lib/python3.12/site-packages/airflow/example_dags/example_branch_operator.py took 0.066 seconds
[2024-09-29T08:24:54.022-0500] {processor.py:186} INFO - Started process (PID=30030) to work on /home/d-salamanca/airflow-env/lib/python3.12/site-packages/airflow/example_dags/example_branch_operator.py
[2024-09-29T08:24:54.040-0500] {processor.py:914} INFO - Processing file /home/d-salamanca/airflow-env/lib/python3.12/site-packages/airflow/example_dags/example_branch_operator.py for tasks to queue
[2024-09-29T08:24:54.044-0500] {logging_mixin.py:190} INFO - [2024-09-29T08:24:54.043-0500] {dagbag.py:588} INFO - Filling up the DagBag from /home/d-salamanca/airflow-env/lib/python3.12/site-packages/airflow/example_dags/example_branch_operator.py
[2024-09-29T08:24:54.048-0500] {processor.py:927} WARNING - No viable dags retrieved from /home/d-salamanca/airflow-env/lib/python3.12/site-packages/airflow/example_dags/example_branch_operator.py
[2024-09-29T08:24:54.063-0500] {processor.py:208} INFO - Processing /home/d-salamanca/airflow-env/lib/python3.12/site-packages/airflow/example_dags/example_branch_operator.py took 0.048 seconds
[2024-09-29T08:26:21.490-0500] {processor.py:186} INFO - Started process (PID=30104) to work on /home/d-salamanca/airflow-env/lib/python3.12/site-packages/airflow/example_dags/example_branch_operator.py
[2024-09-29T08:26:21.491-0500] {processor.py:914} INFO - Processing file /home/d-salamanca/airflow-env/lib/python3.12/site-packages/airflow/example_dags/example_branch_operator.py for tasks to queue
[2024-09-29T08:26:21.495-0500] {logging_mixin.py:190} INFO - [2024-09-29T08:26:21.495-0500] {dagbag.py:588} INFO - Filling up the DagBag from /home/d-salamanca/airflow-env/lib/python3.12/site-packages/airflow/example_dags/example_branch_operator.py
[2024-09-29T08:26:21.507-0500] {processor.py:927} WARNING - No viable dags retrieved from /home/d-salamanca/airflow-env/lib/python3.12/site-packages/airflow/example_dags/example_branch_operator.py
[2024-09-29T08:26:21.523-0500] {processor.py:208} INFO - Processing /home/d-salamanca/airflow-env/lib/python3.12/site-packages/airflow/example_dags/example_branch_operator.py took 0.040 seconds
[2024-09-29T08:27:38.818-0500] {processor.py:186} INFO - Started process (PID=30172) to work on /home/d-salamanca/airflow-env/lib/python3.12/site-packages/airflow/example_dags/example_branch_operator.py
[2024-09-29T08:27:38.820-0500] {processor.py:914} INFO - Processing file /home/d-salamanca/airflow-env/lib/python3.12/site-packages/airflow/example_dags/example_branch_operator.py for tasks to queue
[2024-09-29T08:27:38.825-0500] {logging_mixin.py:190} INFO - [2024-09-29T08:27:38.824-0500] {dagbag.py:588} INFO - Filling up the DagBag from /home/d-salamanca/airflow-env/lib/python3.12/site-packages/airflow/example_dags/example_branch_operator.py
[2024-09-29T08:27:38.829-0500] {processor.py:927} WARNING - No viable dags retrieved from /home/d-salamanca/airflow-env/lib/python3.12/site-packages/airflow/example_dags/example_branch_operator.py
[2024-09-29T08:27:38.844-0500] {processor.py:208} INFO - Processing /home/d-salamanca/airflow-env/lib/python3.12/site-packages/airflow/example_dags/example_branch_operator.py took 0.033 seconds
[2024-09-29T08:28:54.404-0500] {processor.py:186} INFO - Started process (PID=30239) to work on /home/d-salamanca/airflow-env/lib/python3.12/site-packages/airflow/example_dags/example_branch_operator.py
[2024-09-29T08:28:54.406-0500] {processor.py:914} INFO - Processing file /home/d-salamanca/airflow-env/lib/python3.12/site-packages/airflow/example_dags/example_branch_operator.py for tasks to queue
[2024-09-29T08:28:54.408-0500] {logging_mixin.py:190} INFO - [2024-09-29T08:28:54.408-0500] {dagbag.py:588} INFO - Filling up the DagBag from /home/d-salamanca/airflow-env/lib/python3.12/site-packages/airflow/example_dags/example_branch_operator.py
[2024-09-29T08:28:54.412-0500] {processor.py:927} WARNING - No viable dags retrieved from /home/d-salamanca/airflow-env/lib/python3.12/site-packages/airflow/example_dags/example_branch_operator.py
[2024-09-29T08:28:54.425-0500] {processor.py:208} INFO - Processing /home/d-salamanca/airflow-env/lib/python3.12/site-packages/airflow/example_dags/example_branch_operator.py took 0.028 seconds
[2024-09-29T08:30:24.029-0500] {processor.py:186} INFO - Started process (PID=30317) to work on /home/d-salamanca/airflow-env/lib/python3.12/site-packages/airflow/example_dags/example_branch_operator.py
[2024-09-29T08:30:24.047-0500] {processor.py:914} INFO - Processing file /home/d-salamanca/airflow-env/lib/python3.12/site-packages/airflow/example_dags/example_branch_operator.py for tasks to queue
[2024-09-29T08:30:24.050-0500] {logging_mixin.py:190} INFO - [2024-09-29T08:30:24.049-0500] {dagbag.py:588} INFO - Filling up the DagBag from /home/d-salamanca/airflow-env/lib/python3.12/site-packages/airflow/example_dags/example_branch_operator.py
[2024-09-29T08:30:24.054-0500] {processor.py:927} WARNING - No viable dags retrieved from /home/d-salamanca/airflow-env/lib/python3.12/site-packages/airflow/example_dags/example_branch_operator.py
[2024-09-29T08:30:24.068-0500] {processor.py:208} INFO - Processing /home/d-salamanca/airflow-env/lib/python3.12/site-packages/airflow/example_dags/example_branch_operator.py took 0.046 seconds
[2024-09-29T08:31:56.620-0500] {processor.py:186} INFO - Started process (PID=30400) to work on /home/d-salamanca/airflow-env/lib/python3.12/site-packages/airflow/example_dags/example_branch_operator.py
[2024-09-29T08:31:56.623-0500] {processor.py:914} INFO - Processing file /home/d-salamanca/airflow-env/lib/python3.12/site-packages/airflow/example_dags/example_branch_operator.py for tasks to queue
[2024-09-29T08:31:56.629-0500] {logging_mixin.py:190} INFO - [2024-09-29T08:31:56.628-0500] {dagbag.py:588} INFO - Filling up the DagBag from /home/d-salamanca/airflow-env/lib/python3.12/site-packages/airflow/example_dags/example_branch_operator.py
[2024-09-29T08:31:56.633-0500] {processor.py:927} WARNING - No viable dags retrieved from /home/d-salamanca/airflow-env/lib/python3.12/site-packages/airflow/example_dags/example_branch_operator.py
[2024-09-29T08:31:56.649-0500] {processor.py:208} INFO - Processing /home/d-salamanca/airflow-env/lib/python3.12/site-packages/airflow/example_dags/example_branch_operator.py took 0.036 seconds
[2024-09-29T08:33:29.294-0500] {processor.py:186} INFO - Started process (PID=30477) to work on /home/d-salamanca/airflow-env/lib/python3.12/site-packages/airflow/example_dags/example_branch_operator.py
[2024-09-29T08:33:29.313-0500] {processor.py:914} INFO - Processing file /home/d-salamanca/airflow-env/lib/python3.12/site-packages/airflow/example_dags/example_branch_operator.py for tasks to queue
[2024-09-29T08:33:29.316-0500] {logging_mixin.py:190} INFO - [2024-09-29T08:33:29.315-0500] {dagbag.py:588} INFO - Filling up the DagBag from /home/d-salamanca/airflow-env/lib/python3.12/site-packages/airflow/example_dags/example_branch_operator.py
[2024-09-29T08:33:29.320-0500] {processor.py:927} WARNING - No viable dags retrieved from /home/d-salamanca/airflow-env/lib/python3.12/site-packages/airflow/example_dags/example_branch_operator.py
[2024-09-29T08:33:29.333-0500] {processor.py:208} INFO - Processing /home/d-salamanca/airflow-env/lib/python3.12/site-packages/airflow/example_dags/example_branch_operator.py took 0.048 seconds
[2024-09-29T08:34:53.508-0500] {processor.py:186} INFO - Started process (PID=30542) to work on /home/d-salamanca/airflow-env/lib/python3.12/site-packages/airflow/example_dags/example_branch_operator.py
[2024-09-29T08:34:53.509-0500] {processor.py:914} INFO - Processing file /home/d-salamanca/airflow-env/lib/python3.12/site-packages/airflow/example_dags/example_branch_operator.py for tasks to queue
[2024-09-29T08:34:53.512-0500] {logging_mixin.py:190} INFO - [2024-09-29T08:34:53.511-0500] {dagbag.py:588} INFO - Filling up the DagBag from /home/d-salamanca/airflow-env/lib/python3.12/site-packages/airflow/example_dags/example_branch_operator.py
[2024-09-29T08:34:53.515-0500] {processor.py:927} WARNING - No viable dags retrieved from /home/d-salamanca/airflow-env/lib/python3.12/site-packages/airflow/example_dags/example_branch_operator.py
[2024-09-29T08:34:53.528-0500] {processor.py:208} INFO - Processing /home/d-salamanca/airflow-env/lib/python3.12/site-packages/airflow/example_dags/example_branch_operator.py took 0.028 seconds
[2024-09-29T08:37:31.019-0500] {processor.py:186} INFO - Started process (PID=31022) to work on /home/d-salamanca/airflow-env/lib/python3.12/site-packages/airflow/example_dags/example_branch_operator.py
[2024-09-29T08:37:31.038-0500] {processor.py:914} INFO - Processing file /home/d-salamanca/airflow-env/lib/python3.12/site-packages/airflow/example_dags/example_branch_operator.py for tasks to queue
[2024-09-29T08:37:31.042-0500] {logging_mixin.py:190} INFO - [2024-09-29T08:37:31.041-0500] {dagbag.py:588} INFO - Filling up the DagBag from /home/d-salamanca/airflow-env/lib/python3.12/site-packages/airflow/example_dags/example_branch_operator.py
[2024-09-29T08:37:31.047-0500] {processor.py:927} WARNING - No viable dags retrieved from /home/d-salamanca/airflow-env/lib/python3.12/site-packages/airflow/example_dags/example_branch_operator.py
[2024-09-29T08:37:31.064-0500] {processor.py:208} INFO - Processing /home/d-salamanca/airflow-env/lib/python3.12/site-packages/airflow/example_dags/example_branch_operator.py took 0.051 seconds
[2024-09-29T08:38:52.659-0500] {processor.py:186} INFO - Started process (PID=31093) to work on /home/d-salamanca/airflow-env/lib/python3.12/site-packages/airflow/example_dags/example_branch_operator.py
[2024-09-29T08:38:52.682-0500] {processor.py:914} INFO - Processing file /home/d-salamanca/airflow-env/lib/python3.12/site-packages/airflow/example_dags/example_branch_operator.py for tasks to queue
[2024-09-29T08:38:52.689-0500] {logging_mixin.py:190} INFO - [2024-09-29T08:38:52.688-0500] {dagbag.py:588} INFO - Filling up the DagBag from /home/d-salamanca/airflow-env/lib/python3.12/site-packages/airflow/example_dags/example_branch_operator.py
[2024-09-29T08:38:52.715-0500] {processor.py:927} WARNING - No viable dags retrieved from /home/d-salamanca/airflow-env/lib/python3.12/site-packages/airflow/example_dags/example_branch_operator.py
[2024-09-29T08:38:52.732-0500] {processor.py:208} INFO - Processing /home/d-salamanca/airflow-env/lib/python3.12/site-packages/airflow/example_dags/example_branch_operator.py took 0.080 seconds
[2024-09-29T08:40:28.492-0500] {processor.py:186} INFO - Started process (PID=31171) to work on /home/d-salamanca/airflow-env/lib/python3.12/site-packages/airflow/example_dags/example_branch_operator.py
[2024-09-29T08:40:28.494-0500] {processor.py:914} INFO - Processing file /home/d-salamanca/airflow-env/lib/python3.12/site-packages/airflow/example_dags/example_branch_operator.py for tasks to queue
[2024-09-29T08:40:28.498-0500] {logging_mixin.py:190} INFO - [2024-09-29T08:40:28.497-0500] {dagbag.py:588} INFO - Filling up the DagBag from /home/d-salamanca/airflow-env/lib/python3.12/site-packages/airflow/example_dags/example_branch_operator.py
[2024-09-29T08:40:28.502-0500] {processor.py:927} WARNING - No viable dags retrieved from /home/d-salamanca/airflow-env/lib/python3.12/site-packages/airflow/example_dags/example_branch_operator.py
[2024-09-29T08:40:28.515-0500] {processor.py:208} INFO - Processing /home/d-salamanca/airflow-env/lib/python3.12/site-packages/airflow/example_dags/example_branch_operator.py took 0.030 seconds
[2024-09-29T08:41:58.708-0500] {processor.py:186} INFO - Started process (PID=31242) to work on /home/d-salamanca/airflow-env/lib/python3.12/site-packages/airflow/example_dags/example_branch_operator.py
[2024-09-29T08:41:58.709-0500] {processor.py:914} INFO - Processing file /home/d-salamanca/airflow-env/lib/python3.12/site-packages/airflow/example_dags/example_branch_operator.py for tasks to queue
[2024-09-29T08:41:58.712-0500] {logging_mixin.py:190} INFO - [2024-09-29T08:41:58.711-0500] {dagbag.py:588} INFO - Filling up the DagBag from /home/d-salamanca/airflow-env/lib/python3.12/site-packages/airflow/example_dags/example_branch_operator.py
[2024-09-29T08:41:58.715-0500] {processor.py:927} WARNING - No viable dags retrieved from /home/d-salamanca/airflow-env/lib/python3.12/site-packages/airflow/example_dags/example_branch_operator.py
[2024-09-29T08:41:58.727-0500] {processor.py:208} INFO - Processing /home/d-salamanca/airflow-env/lib/python3.12/site-packages/airflow/example_dags/example_branch_operator.py took 0.026 seconds
[2024-09-29T08:43:31.718-0500] {processor.py:186} INFO - Started process (PID=31316) to work on /home/d-salamanca/airflow-env/lib/python3.12/site-packages/airflow/example_dags/example_branch_operator.py
[2024-09-29T08:43:31.741-0500] {processor.py:914} INFO - Processing file /home/d-salamanca/airflow-env/lib/python3.12/site-packages/airflow/example_dags/example_branch_operator.py for tasks to queue
[2024-09-29T08:43:31.746-0500] {logging_mixin.py:190} INFO - [2024-09-29T08:43:31.745-0500] {dagbag.py:588} INFO - Filling up the DagBag from /home/d-salamanca/airflow-env/lib/python3.12/site-packages/airflow/example_dags/example_branch_operator.py
[2024-09-29T08:43:31.750-0500] {processor.py:927} WARNING - No viable dags retrieved from /home/d-salamanca/airflow-env/lib/python3.12/site-packages/airflow/example_dags/example_branch_operator.py
[2024-09-29T08:43:31.763-0500] {processor.py:208} INFO - Processing /home/d-salamanca/airflow-env/lib/python3.12/site-packages/airflow/example_dags/example_branch_operator.py took 0.053 seconds
[2024-09-29T08:44:54.216-0500] {processor.py:186} INFO - Started process (PID=31392) to work on /home/d-salamanca/airflow-env/lib/python3.12/site-packages/airflow/example_dags/example_branch_operator.py
[2024-09-29T08:44:54.231-0500] {processor.py:914} INFO - Processing file /home/d-salamanca/airflow-env/lib/python3.12/site-packages/airflow/example_dags/example_branch_operator.py for tasks to queue
[2024-09-29T08:44:54.234-0500] {logging_mixin.py:190} INFO - [2024-09-29T08:44:54.233-0500] {dagbag.py:588} INFO - Filling up the DagBag from /home/d-salamanca/airflow-env/lib/python3.12/site-packages/airflow/example_dags/example_branch_operator.py
[2024-09-29T08:44:54.238-0500] {processor.py:927} WARNING - No viable dags retrieved from /home/d-salamanca/airflow-env/lib/python3.12/site-packages/airflow/example_dags/example_branch_operator.py
[2024-09-29T08:44:54.252-0500] {processor.py:208} INFO - Processing /home/d-salamanca/airflow-env/lib/python3.12/site-packages/airflow/example_dags/example_branch_operator.py took 0.043 seconds
[2024-09-29T08:46:52.289-0500] {processor.py:186} INFO - Started process (PID=31469) to work on /home/d-salamanca/airflow-env/lib/python3.12/site-packages/airflow/example_dags/example_branch_operator.py
[2024-09-29T08:46:52.312-0500] {processor.py:914} INFO - Processing file /home/d-salamanca/airflow-env/lib/python3.12/site-packages/airflow/example_dags/example_branch_operator.py for tasks to queue
[2024-09-29T08:46:52.317-0500] {logging_mixin.py:190} INFO - [2024-09-29T08:46:52.316-0500] {dagbag.py:588} INFO - Filling up the DagBag from /home/d-salamanca/airflow-env/lib/python3.12/site-packages/airflow/example_dags/example_branch_operator.py
[2024-09-29T08:46:52.322-0500] {processor.py:927} WARNING - No viable dags retrieved from /home/d-salamanca/airflow-env/lib/python3.12/site-packages/airflow/example_dags/example_branch_operator.py
[2024-09-29T08:46:52.335-0500] {processor.py:208} INFO - Processing /home/d-salamanca/airflow-env/lib/python3.12/site-packages/airflow/example_dags/example_branch_operator.py took 0.052 seconds
[2024-09-29T08:48:21.208-0500] {processor.py:186} INFO - Started process (PID=31555) to work on /home/d-salamanca/airflow-env/lib/python3.12/site-packages/airflow/example_dags/example_branch_operator.py
[2024-09-29T08:48:21.226-0500] {processor.py:914} INFO - Processing file /home/d-salamanca/airflow-env/lib/python3.12/site-packages/airflow/example_dags/example_branch_operator.py for tasks to queue
[2024-09-29T08:48:21.230-0500] {logging_mixin.py:190} INFO - [2024-09-29T08:48:21.229-0500] {dagbag.py:588} INFO - Filling up the DagBag from /home/d-salamanca/airflow-env/lib/python3.12/site-packages/airflow/example_dags/example_branch_operator.py
[2024-09-29T08:48:21.233-0500] {processor.py:927} WARNING - No viable dags retrieved from /home/d-salamanca/airflow-env/lib/python3.12/site-packages/airflow/example_dags/example_branch_operator.py
[2024-09-29T08:48:21.247-0500] {processor.py:208} INFO - Processing /home/d-salamanca/airflow-env/lib/python3.12/site-packages/airflow/example_dags/example_branch_operator.py took 0.048 seconds
[2024-09-29T08:49:45.791-0500] {processor.py:186} INFO - Started process (PID=31627) to work on /home/d-salamanca/airflow-env/lib/python3.12/site-packages/airflow/example_dags/example_branch_operator.py
[2024-09-29T08:49:45.805-0500] {processor.py:914} INFO - Processing file /home/d-salamanca/airflow-env/lib/python3.12/site-packages/airflow/example_dags/example_branch_operator.py for tasks to queue
[2024-09-29T08:49:45.808-0500] {logging_mixin.py:190} INFO - [2024-09-29T08:49:45.808-0500] {dagbag.py:588} INFO - Filling up the DagBag from /home/d-salamanca/airflow-env/lib/python3.12/site-packages/airflow/example_dags/example_branch_operator.py
[2024-09-29T08:49:45.812-0500] {processor.py:927} WARNING - No viable dags retrieved from /home/d-salamanca/airflow-env/lib/python3.12/site-packages/airflow/example_dags/example_branch_operator.py
[2024-09-29T08:49:45.827-0500] {processor.py:208} INFO - Processing /home/d-salamanca/airflow-env/lib/python3.12/site-packages/airflow/example_dags/example_branch_operator.py took 0.043 seconds
[2024-09-29T08:51:32.984-0500] {processor.py:186} INFO - Started process (PID=31918) to work on /home/d-salamanca/airflow-env/lib/python3.12/site-packages/airflow/example_dags/example_branch_operator.py
[2024-09-29T08:51:33.094-0500] {processor.py:914} INFO - Processing file /home/d-salamanca/airflow-env/lib/python3.12/site-packages/airflow/example_dags/example_branch_operator.py for tasks to queue
[2024-09-29T08:51:33.183-0500] {logging_mixin.py:190} INFO - [2024-09-29T08:51:33.182-0500] {dagbag.py:588} INFO - Filling up the DagBag from /home/d-salamanca/airflow-env/lib/python3.12/site-packages/airflow/example_dags/example_branch_operator.py
[2024-09-29T08:51:34.190-0500] {processor.py:927} WARNING - No viable dags retrieved from /home/d-salamanca/airflow-env/lib/python3.12/site-packages/airflow/example_dags/example_branch_operator.py
[2024-09-29T08:51:34.491-0500] {processor.py:208} INFO - Processing /home/d-salamanca/airflow-env/lib/python3.12/site-packages/airflow/example_dags/example_branch_operator.py took 1.517 seconds
[2024-09-29T08:53:26.478-0500] {processor.py:186} INFO - Started process (PID=31992) to work on /home/d-salamanca/airflow-env/lib/python3.12/site-packages/airflow/example_dags/example_branch_operator.py
[2024-09-29T08:53:26.507-0500] {processor.py:914} INFO - Processing file /home/d-salamanca/airflow-env/lib/python3.12/site-packages/airflow/example_dags/example_branch_operator.py for tasks to queue
[2024-09-29T08:53:26.512-0500] {logging_mixin.py:190} INFO - [2024-09-29T08:53:26.511-0500] {dagbag.py:588} INFO - Filling up the DagBag from /home/d-salamanca/airflow-env/lib/python3.12/site-packages/airflow/example_dags/example_branch_operator.py
[2024-09-29T08:53:26.540-0500] {processor.py:927} WARNING - No viable dags retrieved from /home/d-salamanca/airflow-env/lib/python3.12/site-packages/airflow/example_dags/example_branch_operator.py
[2024-09-29T08:53:26.555-0500] {processor.py:208} INFO - Processing /home/d-salamanca/airflow-env/lib/python3.12/site-packages/airflow/example_dags/example_branch_operator.py took 0.087 seconds
[2024-09-29T08:55:01.489-0500] {processor.py:186} INFO - Started process (PID=32066) to work on /home/d-salamanca/airflow-env/lib/python3.12/site-packages/airflow/example_dags/example_branch_operator.py
[2024-09-29T08:55:01.641-0500] {processor.py:914} INFO - Processing file /home/d-salamanca/airflow-env/lib/python3.12/site-packages/airflow/example_dags/example_branch_operator.py for tasks to queue
[2024-09-29T08:55:01.648-0500] {logging_mixin.py:190} INFO - [2024-09-29T08:55:01.647-0500] {dagbag.py:588} INFO - Filling up the DagBag from /home/d-salamanca/airflow-env/lib/python3.12/site-packages/airflow/example_dags/example_branch_operator.py
[2024-09-29T08:55:01.658-0500] {processor.py:927} WARNING - No viable dags retrieved from /home/d-salamanca/airflow-env/lib/python3.12/site-packages/airflow/example_dags/example_branch_operator.py
[2024-09-29T08:55:01.672-0500] {processor.py:208} INFO - Processing /home/d-salamanca/airflow-env/lib/python3.12/site-packages/airflow/example_dags/example_branch_operator.py took 0.191 seconds
[2024-09-29T08:56:44.082-0500] {processor.py:186} INFO - Started process (PID=32145) to work on /home/d-salamanca/airflow-env/lib/python3.12/site-packages/airflow/example_dags/example_branch_operator.py
[2024-09-29T08:56:44.096-0500] {processor.py:914} INFO - Processing file /home/d-salamanca/airflow-env/lib/python3.12/site-packages/airflow/example_dags/example_branch_operator.py for tasks to queue
[2024-09-29T08:56:44.099-0500] {logging_mixin.py:190} INFO - [2024-09-29T08:56:44.099-0500] {dagbag.py:588} INFO - Filling up the DagBag from /home/d-salamanca/airflow-env/lib/python3.12/site-packages/airflow/example_dags/example_branch_operator.py
[2024-09-29T08:56:44.115-0500] {processor.py:927} WARNING - No viable dags retrieved from /home/d-salamanca/airflow-env/lib/python3.12/site-packages/airflow/example_dags/example_branch_operator.py
[2024-09-29T08:56:44.132-0500] {processor.py:208} INFO - Processing /home/d-salamanca/airflow-env/lib/python3.12/site-packages/airflow/example_dags/example_branch_operator.py took 0.059 seconds
[2024-09-29T08:58:28.872-0500] {processor.py:186} INFO - Started process (PID=32226) to work on /home/d-salamanca/airflow-env/lib/python3.12/site-packages/airflow/example_dags/example_branch_operator.py
[2024-09-29T08:58:28.873-0500] {processor.py:914} INFO - Processing file /home/d-salamanca/airflow-env/lib/python3.12/site-packages/airflow/example_dags/example_branch_operator.py for tasks to queue
[2024-09-29T08:58:28.876-0500] {logging_mixin.py:190} INFO - [2024-09-29T08:58:28.876-0500] {dagbag.py:588} INFO - Filling up the DagBag from /home/d-salamanca/airflow-env/lib/python3.12/site-packages/airflow/example_dags/example_branch_operator.py
[2024-09-29T08:58:28.879-0500] {processor.py:927} WARNING - No viable dags retrieved from /home/d-salamanca/airflow-env/lib/python3.12/site-packages/airflow/example_dags/example_branch_operator.py
[2024-09-29T08:58:28.892-0500] {processor.py:208} INFO - Processing /home/d-salamanca/airflow-env/lib/python3.12/site-packages/airflow/example_dags/example_branch_operator.py took 0.029 seconds
[2024-09-29T09:00:27.071-0500] {processor.py:186} INFO - Started process (PID=32524) to work on /home/d-salamanca/airflow-env/lib/python3.12/site-packages/airflow/example_dags/example_branch_operator.py
[2024-09-29T09:00:27.100-0500] {processor.py:914} INFO - Processing file /home/d-salamanca/airflow-env/lib/python3.12/site-packages/airflow/example_dags/example_branch_operator.py for tasks to queue
[2024-09-29T09:00:27.105-0500] {logging_mixin.py:190} INFO - [2024-09-29T09:00:27.104-0500] {dagbag.py:588} INFO - Filling up the DagBag from /home/d-salamanca/airflow-env/lib/python3.12/site-packages/airflow/example_dags/example_branch_operator.py
[2024-09-29T09:00:27.135-0500] {processor.py:927} WARNING - No viable dags retrieved from /home/d-salamanca/airflow-env/lib/python3.12/site-packages/airflow/example_dags/example_branch_operator.py
[2024-09-29T09:00:27.151-0500] {processor.py:208} INFO - Processing /home/d-salamanca/airflow-env/lib/python3.12/site-packages/airflow/example_dags/example_branch_operator.py took 0.091 seconds
[2024-09-29T09:02:11.203-0500] {processor.py:186} INFO - Started process (PID=32607) to work on /home/d-salamanca/airflow-env/lib/python3.12/site-packages/airflow/example_dags/example_branch_operator.py
[2024-09-29T09:02:11.205-0500] {processor.py:914} INFO - Processing file /home/d-salamanca/airflow-env/lib/python3.12/site-packages/airflow/example_dags/example_branch_operator.py for tasks to queue
[2024-09-29T09:02:11.209-0500] {logging_mixin.py:190} INFO - [2024-09-29T09:02:11.208-0500] {dagbag.py:588} INFO - Filling up the DagBag from /home/d-salamanca/airflow-env/lib/python3.12/site-packages/airflow/example_dags/example_branch_operator.py
[2024-09-29T09:02:11.212-0500] {processor.py:927} WARNING - No viable dags retrieved from /home/d-salamanca/airflow-env/lib/python3.12/site-packages/airflow/example_dags/example_branch_operator.py
[2024-09-29T09:02:11.226-0500] {processor.py:208} INFO - Processing /home/d-salamanca/airflow-env/lib/python3.12/site-packages/airflow/example_dags/example_branch_operator.py took 0.040 seconds
[2024-09-29T09:03:34.920-0500] {processor.py:186} INFO - Started process (PID=32677) to work on /home/d-salamanca/airflow-env/lib/python3.12/site-packages/airflow/example_dags/example_branch_operator.py
[2024-09-29T09:03:34.922-0500] {processor.py:914} INFO - Processing file /home/d-salamanca/airflow-env/lib/python3.12/site-packages/airflow/example_dags/example_branch_operator.py for tasks to queue
[2024-09-29T09:03:34.924-0500] {logging_mixin.py:190} INFO - [2024-09-29T09:03:34.924-0500] {dagbag.py:588} INFO - Filling up the DagBag from /home/d-salamanca/airflow-env/lib/python3.12/site-packages/airflow/example_dags/example_branch_operator.py
[2024-09-29T09:03:34.927-0500] {processor.py:927} WARNING - No viable dags retrieved from /home/d-salamanca/airflow-env/lib/python3.12/site-packages/airflow/example_dags/example_branch_operator.py
[2024-09-29T09:03:34.940-0500] {processor.py:208} INFO - Processing /home/d-salamanca/airflow-env/lib/python3.12/site-packages/airflow/example_dags/example_branch_operator.py took 0.028 seconds
[2024-09-29T09:05:24.551-0500] {processor.py:186} INFO - Started process (PID=33030) to work on /home/d-salamanca/airflow-env/lib/python3.12/site-packages/airflow/example_dags/example_branch_operator.py
[2024-09-29T09:05:24.593-0500] {processor.py:914} INFO - Processing file /home/d-salamanca/airflow-env/lib/python3.12/site-packages/airflow/example_dags/example_branch_operator.py for tasks to queue
[2024-09-29T09:05:24.599-0500] {logging_mixin.py:190} INFO - [2024-09-29T09:05:24.598-0500] {dagbag.py:588} INFO - Filling up the DagBag from /home/d-salamanca/airflow-env/lib/python3.12/site-packages/airflow/example_dags/example_branch_operator.py
[2024-09-29T09:05:24.619-0500] {processor.py:927} WARNING - No viable dags retrieved from /home/d-salamanca/airflow-env/lib/python3.12/site-packages/airflow/example_dags/example_branch_operator.py
[2024-09-29T09:05:24.635-0500] {processor.py:208} INFO - Processing /home/d-salamanca/airflow-env/lib/python3.12/site-packages/airflow/example_dags/example_branch_operator.py took 0.094 seconds
[2024-09-29T09:07:31.914-0500] {processor.py:186} INFO - Started process (PID=33115) to work on /home/d-salamanca/airflow-env/lib/python3.12/site-packages/airflow/example_dags/example_branch_operator.py
[2024-09-29T09:07:31.937-0500] {processor.py:914} INFO - Processing file /home/d-salamanca/airflow-env/lib/python3.12/site-packages/airflow/example_dags/example_branch_operator.py for tasks to queue
[2024-09-29T09:07:31.940-0500] {logging_mixin.py:190} INFO - [2024-09-29T09:07:31.939-0500] {dagbag.py:588} INFO - Filling up the DagBag from /home/d-salamanca/airflow-env/lib/python3.12/site-packages/airflow/example_dags/example_branch_operator.py
[2024-09-29T09:07:31.945-0500] {processor.py:927} WARNING - No viable dags retrieved from /home/d-salamanca/airflow-env/lib/python3.12/site-packages/airflow/example_dags/example_branch_operator.py
[2024-09-29T09:07:31.961-0500] {processor.py:208} INFO - Processing /home/d-salamanca/airflow-env/lib/python3.12/site-packages/airflow/example_dags/example_branch_operator.py took 0.056 seconds
