[2024-09-29T00:20:03.842-0500] {processor.py:186} INFO - Started process (PID=28655) to work on /home/d-salamanca/airflow-env/lib/python3.12/site-packages/airflow/example_dags/example_branch_datetime_operator.py
[2024-09-29T00:20:03.843-0500] {processor.py:914} INFO - Processing file /home/d-salamanca/airflow-env/lib/python3.12/site-packages/airflow/example_dags/example_branch_datetime_operator.py for tasks to queue
[2024-09-29T00:20:03.845-0500] {logging_mixin.py:190} INFO - [2024-09-29T00:20:03.845-0500] {dagbag.py:588} INFO - Filling up the DagBag from /home/d-salamanca/airflow-env/lib/python3.12/site-packages/airflow/example_dags/example_branch_datetime_operator.py
[2024-09-29T00:20:03.879-0500] {processor.py:925} INFO - DAG(s) 'example_branch_datetime_operator', 'example_branch_datetime_operator_3', 'example_branch_datetime_operator_2' retrieved from /home/d-salamanca/airflow-env/lib/python3.12/site-packages/airflow/example_dags/example_branch_datetime_operator.py
[2024-09-29T00:20:04.045-0500] {logging_mixin.py:190} INFO - [2024-09-29T00:20:04.043-0500] {override.py:1901} INFO - Created Permission View: can edit on DAG:example_branch_datetime_operator
[2024-09-29T00:20:04.067-0500] {logging_mixin.py:190} INFO - [2024-09-29T00:20:04.067-0500] {override.py:1901} INFO - Created Permission View: can read on DAG:example_branch_datetime_operator
[2024-09-29T00:20:04.197-0500] {logging_mixin.py:190} INFO - [2024-09-29T00:20:04.196-0500] {override.py:1901} INFO - Created Permission View: can delete on DAG:example_branch_datetime_operator
[2024-09-29T00:20:04.216-0500] {logging_mixin.py:190} INFO - [2024-09-29T00:20:04.216-0500] {override.py:1901} INFO - Created Permission View: can create on DAG Run:example_branch_datetime_operator
[2024-09-29T00:20:04.227-0500] {logging_mixin.py:190} INFO - [2024-09-29T00:20:04.227-0500] {override.py:1901} INFO - Created Permission View: can read on DAG Run:example_branch_datetime_operator
[2024-09-29T00:20:04.243-0500] {logging_mixin.py:190} INFO - [2024-09-29T00:20:04.242-0500] {override.py:1901} INFO - Created Permission View: can delete on DAG Run:example_branch_datetime_operator
[2024-09-29T00:20:04.265-0500] {logging_mixin.py:190} INFO - [2024-09-29T00:20:04.265-0500] {override.py:1901} INFO - Created Permission View: menu access on DAG Run:example_branch_datetime_operator
[2024-09-29T00:20:04.316-0500] {logging_mixin.py:190} INFO - [2024-09-29T00:20:04.315-0500] {override.py:1901} INFO - Created Permission View: can edit on DAG:example_branch_datetime_operator_3
[2024-09-29T00:20:04.334-0500] {logging_mixin.py:190} INFO - [2024-09-29T00:20:04.334-0500] {override.py:1901} INFO - Created Permission View: can read on DAG:example_branch_datetime_operator_3
[2024-09-29T00:20:04.345-0500] {logging_mixin.py:190} INFO - [2024-09-29T00:20:04.344-0500] {override.py:1901} INFO - Created Permission View: can delete on DAG:example_branch_datetime_operator_3
[2024-09-29T00:20:04.371-0500] {logging_mixin.py:190} INFO - [2024-09-29T00:20:04.371-0500] {override.py:1901} INFO - Created Permission View: can create on DAG Run:example_branch_datetime_operator_3
[2024-09-29T00:20:04.381-0500] {logging_mixin.py:190} INFO - [2024-09-29T00:20:04.381-0500] {override.py:1901} INFO - Created Permission View: can read on DAG Run:example_branch_datetime_operator_3
[2024-09-29T00:20:04.391-0500] {logging_mixin.py:190} INFO - [2024-09-29T00:20:04.390-0500] {override.py:1901} INFO - Created Permission View: can delete on DAG Run:example_branch_datetime_operator_3
[2024-09-29T00:20:04.410-0500] {logging_mixin.py:190} INFO - [2024-09-29T00:20:04.410-0500] {override.py:1901} INFO - Created Permission View: menu access on DAG Run:example_branch_datetime_operator_3
[2024-09-29T00:20:04.464-0500] {logging_mixin.py:190} INFO - [2024-09-29T00:20:04.464-0500] {override.py:1901} INFO - Created Permission View: can edit on DAG:example_branch_datetime_operator_2
[2024-09-29T00:20:04.485-0500] {logging_mixin.py:190} INFO - [2024-09-29T00:20:04.483-0500] {override.py:1901} INFO - Created Permission View: can read on DAG:example_branch_datetime_operator_2
[2024-09-29T00:20:04.497-0500] {logging_mixin.py:190} INFO - [2024-09-29T00:20:04.496-0500] {override.py:1901} INFO - Created Permission View: can delete on DAG:example_branch_datetime_operator_2
[2024-09-29T00:20:04.538-0500] {logging_mixin.py:190} INFO - [2024-09-29T00:20:04.537-0500] {override.py:1901} INFO - Created Permission View: can create on DAG Run:example_branch_datetime_operator_2
[2024-09-29T00:20:04.557-0500] {logging_mixin.py:190} INFO - [2024-09-29T00:20:04.556-0500] {override.py:1901} INFO - Created Permission View: can read on DAG Run:example_branch_datetime_operator_2
[2024-09-29T00:20:04.591-0500] {logging_mixin.py:190} INFO - [2024-09-29T00:20:04.591-0500] {override.py:1901} INFO - Created Permission View: can delete on DAG Run:example_branch_datetime_operator_2
[2024-09-29T00:20:04.616-0500] {logging_mixin.py:190} INFO - [2024-09-29T00:20:04.616-0500] {override.py:1901} INFO - Created Permission View: menu access on DAG Run:example_branch_datetime_operator_2
[2024-09-29T00:20:04.617-0500] {logging_mixin.py:190} INFO - [2024-09-29T00:20:04.617-0500] {dag.py:3239} INFO - Sync 3 DAGs
[2024-09-29T00:20:04.635-0500] {logging_mixin.py:190} INFO - [2024-09-29T00:20:04.635-0500] {dag.py:3262} INFO - Creating ORM DAG for example_branch_datetime_operator
[2024-09-29T00:20:04.636-0500] {logging_mixin.py:190} INFO - [2024-09-29T00:20:04.636-0500] {dag.py:3262} INFO - Creating ORM DAG for example_branch_datetime_operator_2
[2024-09-29T00:20:04.637-0500] {logging_mixin.py:190} INFO - [2024-09-29T00:20:04.637-0500] {dag.py:3262} INFO - Creating ORM DAG for example_branch_datetime_operator_3
[2024-09-29T00:20:04.650-0500] {logging_mixin.py:190} INFO - [2024-09-29T00:20:04.650-0500] {dag.py:4180} INFO - Setting next_dagrun for example_branch_datetime_operator to 2024-09-28 00:00:00+00:00, run_after=2024-09-29 00:00:00+00:00
[2024-09-29T00:20:04.652-0500] {logging_mixin.py:190} INFO - [2024-09-29T00:20:04.652-0500] {dag.py:4180} INFO - Setting next_dagrun for example_branch_datetime_operator_2 to 2024-09-28 00:00:00+00:00, run_after=2024-09-29 00:00:00+00:00
[2024-09-29T00:20:04.654-0500] {logging_mixin.py:190} INFO - [2024-09-29T00:20:04.654-0500] {dag.py:4180} INFO - Setting next_dagrun for example_branch_datetime_operator_3 to 2024-09-28 00:00:00+00:00, run_after=2024-09-29 00:00:00+00:00
[2024-09-29T00:20:04.680-0500] {processor.py:208} INFO - Processing /home/d-salamanca/airflow-env/lib/python3.12/site-packages/airflow/example_dags/example_branch_datetime_operator.py took 0.845 seconds
[2024-09-29T00:21:46.670-0500] {processor.py:186} INFO - Started process (PID=28744) to work on /home/d-salamanca/airflow-env/lib/python3.12/site-packages/airflow/example_dags/example_branch_datetime_operator.py
[2024-09-29T00:21:46.705-0500] {processor.py:914} INFO - Processing file /home/d-salamanca/airflow-env/lib/python3.12/site-packages/airflow/example_dags/example_branch_datetime_operator.py for tasks to queue
[2024-09-29T00:21:46.708-0500] {logging_mixin.py:190} INFO - [2024-09-29T00:21:46.708-0500] {dagbag.py:588} INFO - Filling up the DagBag from /home/d-salamanca/airflow-env/lib/python3.12/site-packages/airflow/example_dags/example_branch_datetime_operator.py
[2024-09-29T00:21:46.731-0500] {processor.py:925} INFO - DAG(s) 'example_branch_datetime_operator_2', 'example_branch_datetime_operator', 'example_branch_datetime_operator_3' retrieved from /home/d-salamanca/airflow-env/lib/python3.12/site-packages/airflow/example_dags/example_branch_datetime_operator.py
[2024-09-29T00:21:46.757-0500] {logging_mixin.py:190} INFO - [2024-09-29T00:21:46.756-0500] {dag.py:3239} INFO - Sync 3 DAGs
[2024-09-29T00:21:46.783-0500] {logging_mixin.py:190} INFO - [2024-09-29T00:21:46.783-0500] {dag.py:4180} INFO - Setting next_dagrun for example_branch_datetime_operator to 2024-09-28 00:00:00+00:00, run_after=2024-09-29 00:00:00+00:00
[2024-09-29T00:21:46.790-0500] {logging_mixin.py:190} INFO - [2024-09-29T00:21:46.790-0500] {dag.py:4180} INFO - Setting next_dagrun for example_branch_datetime_operator_2 to 2024-09-28 00:00:00+00:00, run_after=2024-09-29 00:00:00+00:00
[2024-09-29T00:21:46.793-0500] {logging_mixin.py:190} INFO - [2024-09-29T00:21:46.793-0500] {dag.py:4180} INFO - Setting next_dagrun for example_branch_datetime_operator_3 to 2024-09-28 00:00:00+00:00, run_after=2024-09-29 00:00:00+00:00
[2024-09-29T00:21:46.863-0500] {processor.py:208} INFO - Processing /home/d-salamanca/airflow-env/lib/python3.12/site-packages/airflow/example_dags/example_branch_datetime_operator.py took 0.201 seconds
[2024-09-29T00:23:21.371-0500] {processor.py:186} INFO - Started process (PID=28820) to work on /home/d-salamanca/airflow-env/lib/python3.12/site-packages/airflow/example_dags/example_branch_datetime_operator.py
[2024-09-29T00:23:21.372-0500] {processor.py:914} INFO - Processing file /home/d-salamanca/airflow-env/lib/python3.12/site-packages/airflow/example_dags/example_branch_datetime_operator.py for tasks to queue
[2024-09-29T00:23:21.375-0500] {logging_mixin.py:190} INFO - [2024-09-29T00:23:21.375-0500] {dagbag.py:588} INFO - Filling up the DagBag from /home/d-salamanca/airflow-env/lib/python3.12/site-packages/airflow/example_dags/example_branch_datetime_operator.py
[2024-09-29T00:23:21.390-0500] {processor.py:925} INFO - DAG(s) 'example_branch_datetime_operator_2', 'example_branch_datetime_operator_3', 'example_branch_datetime_operator' retrieved from /home/d-salamanca/airflow-env/lib/python3.12/site-packages/airflow/example_dags/example_branch_datetime_operator.py
[2024-09-29T00:23:21.419-0500] {logging_mixin.py:190} INFO - [2024-09-29T00:23:21.419-0500] {dag.py:3239} INFO - Sync 3 DAGs
[2024-09-29T00:23:21.453-0500] {logging_mixin.py:190} INFO - [2024-09-29T00:23:21.452-0500] {dag.py:4180} INFO - Setting next_dagrun for example_branch_datetime_operator to 2024-09-28 00:00:00+00:00, run_after=2024-09-29 00:00:00+00:00
[2024-09-29T00:23:21.460-0500] {logging_mixin.py:190} INFO - [2024-09-29T00:23:21.459-0500] {dag.py:4180} INFO - Setting next_dagrun for example_branch_datetime_operator_2 to 2024-09-28 00:00:00+00:00, run_after=2024-09-29 00:00:00+00:00
[2024-09-29T00:23:21.464-0500] {logging_mixin.py:190} INFO - [2024-09-29T00:23:21.464-0500] {dag.py:4180} INFO - Setting next_dagrun for example_branch_datetime_operator_3 to 2024-09-28 00:00:00+00:00, run_after=2024-09-29 00:00:00+00:00
[2024-09-29T00:23:21.507-0500] {processor.py:208} INFO - Processing /home/d-salamanca/airflow-env/lib/python3.12/site-packages/airflow/example_dags/example_branch_datetime_operator.py took 0.142 seconds
[2024-09-29T00:24:45.840-0500] {processor.py:186} INFO - Started process (PID=28891) to work on /home/d-salamanca/airflow-env/lib/python3.12/site-packages/airflow/example_dags/example_branch_datetime_operator.py
[2024-09-29T00:24:45.842-0500] {processor.py:914} INFO - Processing file /home/d-salamanca/airflow-env/lib/python3.12/site-packages/airflow/example_dags/example_branch_datetime_operator.py for tasks to queue
[2024-09-29T00:24:45.845-0500] {logging_mixin.py:190} INFO - [2024-09-29T00:24:45.844-0500] {dagbag.py:588} INFO - Filling up the DagBag from /home/d-salamanca/airflow-env/lib/python3.12/site-packages/airflow/example_dags/example_branch_datetime_operator.py
[2024-09-29T00:24:45.865-0500] {processor.py:925} INFO - DAG(s) 'example_branch_datetime_operator_2', 'example_branch_datetime_operator', 'example_branch_datetime_operator_3' retrieved from /home/d-salamanca/airflow-env/lib/python3.12/site-packages/airflow/example_dags/example_branch_datetime_operator.py
[2024-09-29T00:24:45.895-0500] {logging_mixin.py:190} INFO - [2024-09-29T00:24:45.894-0500] {dag.py:3239} INFO - Sync 3 DAGs
[2024-09-29T00:24:45.927-0500] {logging_mixin.py:190} INFO - [2024-09-29T00:24:45.926-0500] {dag.py:4180} INFO - Setting next_dagrun for example_branch_datetime_operator to 2024-09-28 00:00:00+00:00, run_after=2024-09-29 00:00:00+00:00
[2024-09-29T00:24:45.932-0500] {logging_mixin.py:190} INFO - [2024-09-29T00:24:45.932-0500] {dag.py:4180} INFO - Setting next_dagrun for example_branch_datetime_operator_2 to 2024-09-28 00:00:00+00:00, run_after=2024-09-29 00:00:00+00:00
[2024-09-29T00:24:45.935-0500] {logging_mixin.py:190} INFO - [2024-09-29T00:24:45.935-0500] {dag.py:4180} INFO - Setting next_dagrun for example_branch_datetime_operator_3 to 2024-09-28 00:00:00+00:00, run_after=2024-09-29 00:00:00+00:00
[2024-09-29T00:24:45.990-0500] {processor.py:208} INFO - Processing /home/d-salamanca/airflow-env/lib/python3.12/site-packages/airflow/example_dags/example_branch_datetime_operator.py took 0.160 seconds
[2024-09-29T00:26:21.009-0500] {processor.py:186} INFO - Started process (PID=28965) to work on /home/d-salamanca/airflow-env/lib/python3.12/site-packages/airflow/example_dags/example_branch_datetime_operator.py
[2024-09-29T00:26:21.013-0500] {processor.py:914} INFO - Processing file /home/d-salamanca/airflow-env/lib/python3.12/site-packages/airflow/example_dags/example_branch_datetime_operator.py for tasks to queue
[2024-09-29T00:26:21.016-0500] {logging_mixin.py:190} INFO - [2024-09-29T00:26:21.015-0500] {dagbag.py:588} INFO - Filling up the DagBag from /home/d-salamanca/airflow-env/lib/python3.12/site-packages/airflow/example_dags/example_branch_datetime_operator.py
[2024-09-29T00:26:21.031-0500] {processor.py:925} INFO - DAG(s) 'example_branch_datetime_operator_3', 'example_branch_datetime_operator', 'example_branch_datetime_operator_2' retrieved from /home/d-salamanca/airflow-env/lib/python3.12/site-packages/airflow/example_dags/example_branch_datetime_operator.py
[2024-09-29T00:26:21.056-0500] {logging_mixin.py:190} INFO - [2024-09-29T00:26:21.055-0500] {dag.py:3239} INFO - Sync 3 DAGs
[2024-09-29T00:26:21.082-0500] {logging_mixin.py:190} INFO - [2024-09-29T00:26:21.082-0500] {dag.py:4180} INFO - Setting next_dagrun for example_branch_datetime_operator to 2024-09-28 00:00:00+00:00, run_after=2024-09-29 00:00:00+00:00
[2024-09-29T00:26:21.087-0500] {logging_mixin.py:190} INFO - [2024-09-29T00:26:21.087-0500] {dag.py:4180} INFO - Setting next_dagrun for example_branch_datetime_operator_2 to 2024-09-28 00:00:00+00:00, run_after=2024-09-29 00:00:00+00:00
[2024-09-29T00:26:21.089-0500] {logging_mixin.py:190} INFO - [2024-09-29T00:26:21.089-0500] {dag.py:4180} INFO - Setting next_dagrun for example_branch_datetime_operator_3 to 2024-09-28 00:00:00+00:00, run_after=2024-09-29 00:00:00+00:00
[2024-09-29T00:26:21.492-0500] {processor.py:208} INFO - Processing /home/d-salamanca/airflow-env/lib/python3.12/site-packages/airflow/example_dags/example_branch_datetime_operator.py took 0.492 seconds
[2024-09-29T00:27:54.852-0500] {processor.py:186} INFO - Started process (PID=29125) to work on /home/d-salamanca/airflow-env/lib/python3.12/site-packages/airflow/example_dags/example_branch_datetime_operator.py
[2024-09-29T00:27:54.853-0500] {processor.py:914} INFO - Processing file /home/d-salamanca/airflow-env/lib/python3.12/site-packages/airflow/example_dags/example_branch_datetime_operator.py for tasks to queue
[2024-09-29T00:27:54.857-0500] {logging_mixin.py:190} INFO - [2024-09-29T00:27:54.857-0500] {dagbag.py:588} INFO - Filling up the DagBag from /home/d-salamanca/airflow-env/lib/python3.12/site-packages/airflow/example_dags/example_branch_datetime_operator.py
[2024-09-29T00:27:54.877-0500] {processor.py:925} INFO - DAG(s) 'example_branch_datetime_operator', 'example_branch_datetime_operator_3', 'example_branch_datetime_operator_2' retrieved from /home/d-salamanca/airflow-env/lib/python3.12/site-packages/airflow/example_dags/example_branch_datetime_operator.py
[2024-09-29T00:27:54.914-0500] {logging_mixin.py:190} INFO - [2024-09-29T00:27:54.913-0500] {dag.py:3239} INFO - Sync 3 DAGs
[2024-09-29T00:27:54.950-0500] {logging_mixin.py:190} INFO - [2024-09-29T00:27:54.950-0500] {dag.py:4180} INFO - Setting next_dagrun for example_branch_datetime_operator to 2024-09-28 00:00:00+00:00, run_after=2024-09-29 00:00:00+00:00
[2024-09-29T00:27:54.956-0500] {logging_mixin.py:190} INFO - [2024-09-29T00:27:54.956-0500] {dag.py:4180} INFO - Setting next_dagrun for example_branch_datetime_operator_2 to 2024-09-28 00:00:00+00:00, run_after=2024-09-29 00:00:00+00:00
[2024-09-29T00:27:54.960-0500] {logging_mixin.py:190} INFO - [2024-09-29T00:27:54.960-0500] {dag.py:4180} INFO - Setting next_dagrun for example_branch_datetime_operator_3 to 2024-09-28 00:00:00+00:00, run_after=2024-09-29 00:00:00+00:00
[2024-09-29T00:27:55.729-0500] {processor.py:208} INFO - Processing /home/d-salamanca/airflow-env/lib/python3.12/site-packages/airflow/example_dags/example_branch_datetime_operator.py took 0.888 seconds
[2024-09-29T00:30:13.615-0500] {processor.py:186} INFO - Started process (PID=29260) to work on /home/d-salamanca/airflow-env/lib/python3.12/site-packages/airflow/example_dags/example_branch_datetime_operator.py
[2024-09-29T00:30:13.620-0500] {processor.py:914} INFO - Processing file /home/d-salamanca/airflow-env/lib/python3.12/site-packages/airflow/example_dags/example_branch_datetime_operator.py for tasks to queue
[2024-09-29T00:30:13.626-0500] {logging_mixin.py:190} INFO - [2024-09-29T00:30:13.625-0500] {dagbag.py:588} INFO - Filling up the DagBag from /home/d-salamanca/airflow-env/lib/python3.12/site-packages/airflow/example_dags/example_branch_datetime_operator.py
[2024-09-29T00:30:13.880-0500] {processor.py:925} INFO - DAG(s) 'example_branch_datetime_operator', 'example_branch_datetime_operator_3', 'example_branch_datetime_operator_2' retrieved from /home/d-salamanca/airflow-env/lib/python3.12/site-packages/airflow/example_dags/example_branch_datetime_operator.py
[2024-09-29T00:30:13.905-0500] {logging_mixin.py:190} INFO - [2024-09-29T00:30:13.905-0500] {dag.py:3239} INFO - Sync 3 DAGs
[2024-09-29T00:30:13.931-0500] {logging_mixin.py:190} INFO - [2024-09-29T00:30:13.930-0500] {dag.py:4180} INFO - Setting next_dagrun for example_branch_datetime_operator to 2024-09-28 00:00:00+00:00, run_after=2024-09-29 00:00:00+00:00
[2024-09-29T00:30:13.936-0500] {logging_mixin.py:190} INFO - [2024-09-29T00:30:13.935-0500] {dag.py:4180} INFO - Setting next_dagrun for example_branch_datetime_operator_2 to 2024-09-28 00:00:00+00:00, run_after=2024-09-29 00:00:00+00:00
[2024-09-29T00:30:13.938-0500] {logging_mixin.py:190} INFO - [2024-09-29T00:30:13.938-0500] {dag.py:4180} INFO - Setting next_dagrun for example_branch_datetime_operator_3 to 2024-09-28 00:00:00+00:00, run_after=2024-09-29 00:00:00+00:00
[2024-09-29T00:30:14.252-0500] {processor.py:208} INFO - Processing /home/d-salamanca/airflow-env/lib/python3.12/site-packages/airflow/example_dags/example_branch_datetime_operator.py took 0.892 seconds
[2024-09-29T00:32:13.938-0500] {processor.py:186} INFO - Started process (PID=29351) to work on /home/d-salamanca/airflow-env/lib/python3.12/site-packages/airflow/example_dags/example_branch_datetime_operator.py
[2024-09-29T00:32:13.939-0500] {processor.py:914} INFO - Processing file /home/d-salamanca/airflow-env/lib/python3.12/site-packages/airflow/example_dags/example_branch_datetime_operator.py for tasks to queue
[2024-09-29T00:32:13.945-0500] {logging_mixin.py:190} INFO - [2024-09-29T00:32:13.944-0500] {dagbag.py:588} INFO - Filling up the DagBag from /home/d-salamanca/airflow-env/lib/python3.12/site-packages/airflow/example_dags/example_branch_datetime_operator.py
[2024-09-29T00:32:13.985-0500] {processor.py:925} INFO - DAG(s) 'example_branch_datetime_operator_2', 'example_branch_datetime_operator_3', 'example_branch_datetime_operator' retrieved from /home/d-salamanca/airflow-env/lib/python3.12/site-packages/airflow/example_dags/example_branch_datetime_operator.py
[2024-09-29T00:32:14.011-0500] {logging_mixin.py:190} INFO - [2024-09-29T00:32:14.011-0500] {dag.py:3239} INFO - Sync 3 DAGs
[2024-09-29T00:32:14.038-0500] {logging_mixin.py:190} INFO - [2024-09-29T00:32:14.038-0500] {dag.py:4180} INFO - Setting next_dagrun for example_branch_datetime_operator to 2024-09-28 00:00:00+00:00, run_after=2024-09-29 00:00:00+00:00
[2024-09-29T00:32:14.044-0500] {logging_mixin.py:190} INFO - [2024-09-29T00:32:14.043-0500] {dag.py:4180} INFO - Setting next_dagrun for example_branch_datetime_operator_2 to 2024-09-28 00:00:00+00:00, run_after=2024-09-29 00:00:00+00:00
[2024-09-29T00:32:14.046-0500] {logging_mixin.py:190} INFO - [2024-09-29T00:32:14.046-0500] {dag.py:4180} INFO - Setting next_dagrun for example_branch_datetime_operator_3 to 2024-09-28 00:00:00+00:00, run_after=2024-09-29 00:00:00+00:00
[2024-09-29T00:32:14.516-0500] {processor.py:208} INFO - Processing /home/d-salamanca/airflow-env/lib/python3.12/site-packages/airflow/example_dags/example_branch_datetime_operator.py took 0.587 seconds
[2024-09-29T00:33:35.632-0500] {processor.py:186} INFO - Started process (PID=29431) to work on /home/d-salamanca/airflow-env/lib/python3.12/site-packages/airflow/example_dags/example_branch_datetime_operator.py
[2024-09-29T00:33:35.633-0500] {processor.py:914} INFO - Processing file /home/d-salamanca/airflow-env/lib/python3.12/site-packages/airflow/example_dags/example_branch_datetime_operator.py for tasks to queue
[2024-09-29T00:33:35.635-0500] {logging_mixin.py:190} INFO - [2024-09-29T00:33:35.635-0500] {dagbag.py:588} INFO - Filling up the DagBag from /home/d-salamanca/airflow-env/lib/python3.12/site-packages/airflow/example_dags/example_branch_datetime_operator.py
[2024-09-29T00:33:35.651-0500] {processor.py:925} INFO - DAG(s) 'example_branch_datetime_operator_2', 'example_branch_datetime_operator_3', 'example_branch_datetime_operator' retrieved from /home/d-salamanca/airflow-env/lib/python3.12/site-packages/airflow/example_dags/example_branch_datetime_operator.py
[2024-09-29T00:33:35.676-0500] {logging_mixin.py:190} INFO - [2024-09-29T00:33:35.676-0500] {dag.py:3239} INFO - Sync 3 DAGs
[2024-09-29T00:33:35.702-0500] {logging_mixin.py:190} INFO - [2024-09-29T00:33:35.702-0500] {dag.py:4180} INFO - Setting next_dagrun for example_branch_datetime_operator to 2024-09-28 00:00:00+00:00, run_after=2024-09-29 00:00:00+00:00
[2024-09-29T00:33:35.707-0500] {logging_mixin.py:190} INFO - [2024-09-29T00:33:35.707-0500] {dag.py:4180} INFO - Setting next_dagrun for example_branch_datetime_operator_2 to 2024-09-28 00:00:00+00:00, run_after=2024-09-29 00:00:00+00:00
[2024-09-29T00:33:35.709-0500] {logging_mixin.py:190} INFO - [2024-09-29T00:33:35.709-0500] {dag.py:4180} INFO - Setting next_dagrun for example_branch_datetime_operator_3 to 2024-09-28 00:00:00+00:00, run_after=2024-09-29 00:00:00+00:00
[2024-09-29T00:33:35.777-0500] {processor.py:208} INFO - Processing /home/d-salamanca/airflow-env/lib/python3.12/site-packages/airflow/example_dags/example_branch_datetime_operator.py took 0.153 seconds
[2024-09-29T08:19:52.018-0500] {processor.py:186} INFO - Started process (PID=29705) to work on /home/d-salamanca/airflow-env/lib/python3.12/site-packages/airflow/example_dags/example_branch_datetime_operator.py
[2024-09-29T08:19:52.037-0500] {processor.py:914} INFO - Processing file /home/d-salamanca/airflow-env/lib/python3.12/site-packages/airflow/example_dags/example_branch_datetime_operator.py for tasks to queue
[2024-09-29T08:19:52.041-0500] {logging_mixin.py:190} INFO - [2024-09-29T08:19:52.040-0500] {dagbag.py:588} INFO - Filling up the DagBag from /home/d-salamanca/airflow-env/lib/python3.12/site-packages/airflow/example_dags/example_branch_datetime_operator.py
[2024-09-29T08:19:52.124-0500] {processor.py:925} INFO - DAG(s) 'example_branch_datetime_operator', 'example_branch_datetime_operator_2', 'example_branch_datetime_operator_3' retrieved from /home/d-salamanca/airflow-env/lib/python3.12/site-packages/airflow/example_dags/example_branch_datetime_operator.py
[2024-09-29T08:19:52.196-0500] {logging_mixin.py:190} INFO - [2024-09-29T08:19:52.196-0500] {dag.py:3239} INFO - Sync 3 DAGs
[2024-09-29T08:19:52.227-0500] {logging_mixin.py:190} INFO - [2024-09-29T08:19:52.226-0500] {dag.py:4180} INFO - Setting next_dagrun for example_branch_datetime_operator to 2024-09-28 00:00:00+00:00, run_after=2024-09-29 00:00:00+00:00
[2024-09-29T08:19:52.234-0500] {logging_mixin.py:190} INFO - [2024-09-29T08:19:52.233-0500] {dag.py:4180} INFO - Setting next_dagrun for example_branch_datetime_operator_2 to 2024-09-28 00:00:00+00:00, run_after=2024-09-29 00:00:00+00:00
[2024-09-29T08:19:52.237-0500] {logging_mixin.py:190} INFO - [2024-09-29T08:19:52.237-0500] {dag.py:4180} INFO - Setting next_dagrun for example_branch_datetime_operator_3 to 2024-09-28 00:00:00+00:00, run_after=2024-09-29 00:00:00+00:00
[2024-09-29T08:19:52.312-0500] {processor.py:208} INFO - Processing /home/d-salamanca/airflow-env/lib/python3.12/site-packages/airflow/example_dags/example_branch_datetime_operator.py took 0.363 seconds
[2024-09-29T08:21:57.181-0500] {processor.py:186} INFO - Started process (PID=29859) to work on /home/d-salamanca/airflow-env/lib/python3.12/site-packages/airflow/example_dags/example_branch_datetime_operator.py
[2024-09-29T08:21:57.183-0500] {processor.py:914} INFO - Processing file /home/d-salamanca/airflow-env/lib/python3.12/site-packages/airflow/example_dags/example_branch_datetime_operator.py for tasks to queue
[2024-09-29T08:21:57.185-0500] {logging_mixin.py:190} INFO - [2024-09-29T08:21:57.185-0500] {dagbag.py:588} INFO - Filling up the DagBag from /home/d-salamanca/airflow-env/lib/python3.12/site-packages/airflow/example_dags/example_branch_datetime_operator.py
[2024-09-29T08:21:57.232-0500] {processor.py:925} INFO - DAG(s) 'example_branch_datetime_operator_3', 'example_branch_datetime_operator', 'example_branch_datetime_operator_2' retrieved from /home/d-salamanca/airflow-env/lib/python3.12/site-packages/airflow/example_dags/example_branch_datetime_operator.py
[2024-09-29T08:21:57.257-0500] {logging_mixin.py:190} INFO - [2024-09-29T08:21:57.256-0500] {dag.py:3239} INFO - Sync 3 DAGs
[2024-09-29T08:21:57.283-0500] {logging_mixin.py:190} INFO - [2024-09-29T08:21:57.283-0500] {dag.py:4180} INFO - Setting next_dagrun for example_branch_datetime_operator to 2024-09-28 00:00:00+00:00, run_after=2024-09-29 00:00:00+00:00
[2024-09-29T08:21:57.289-0500] {logging_mixin.py:190} INFO - [2024-09-29T08:21:57.288-0500] {dag.py:4180} INFO - Setting next_dagrun for example_branch_datetime_operator_2 to 2024-09-28 00:00:00+00:00, run_after=2024-09-29 00:00:00+00:00
[2024-09-29T08:21:57.291-0500] {logging_mixin.py:190} INFO - [2024-09-29T08:21:57.291-0500] {dag.py:4180} INFO - Setting next_dagrun for example_branch_datetime_operator_3 to 2024-09-28 00:00:00+00:00, run_after=2024-09-29 00:00:00+00:00
[2024-09-29T08:21:57.332-0500] {processor.py:208} INFO - Processing /home/d-salamanca/airflow-env/lib/python3.12/site-packages/airflow/example_dags/example_branch_datetime_operator.py took 0.161 seconds
[2024-09-29T08:23:43.208-0500] {processor.py:186} INFO - Started process (PID=29939) to work on /home/d-salamanca/airflow-env/lib/python3.12/site-packages/airflow/example_dags/example_branch_datetime_operator.py
[2024-09-29T08:23:43.228-0500] {processor.py:914} INFO - Processing file /home/d-salamanca/airflow-env/lib/python3.12/site-packages/airflow/example_dags/example_branch_datetime_operator.py for tasks to queue
[2024-09-29T08:23:43.235-0500] {logging_mixin.py:190} INFO - [2024-09-29T08:23:43.234-0500] {dagbag.py:588} INFO - Filling up the DagBag from /home/d-salamanca/airflow-env/lib/python3.12/site-packages/airflow/example_dags/example_branch_datetime_operator.py
[2024-09-29T08:23:43.256-0500] {processor.py:925} INFO - DAG(s) 'example_branch_datetime_operator_3', 'example_branch_datetime_operator_2', 'example_branch_datetime_operator' retrieved from /home/d-salamanca/airflow-env/lib/python3.12/site-packages/airflow/example_dags/example_branch_datetime_operator.py
[2024-09-29T08:23:43.281-0500] {logging_mixin.py:190} INFO - [2024-09-29T08:23:43.281-0500] {dag.py:3239} INFO - Sync 3 DAGs
[2024-09-29T08:23:43.307-0500] {logging_mixin.py:190} INFO - [2024-09-29T08:23:43.307-0500] {dag.py:4180} INFO - Setting next_dagrun for example_branch_datetime_operator to 2024-09-28 00:00:00+00:00, run_after=2024-09-29 00:00:00+00:00
[2024-09-29T08:23:43.313-0500] {logging_mixin.py:190} INFO - [2024-09-29T08:23:43.312-0500] {dag.py:4180} INFO - Setting next_dagrun for example_branch_datetime_operator_2 to 2024-09-28 00:00:00+00:00, run_after=2024-09-29 00:00:00+00:00
[2024-09-29T08:23:43.315-0500] {logging_mixin.py:190} INFO - [2024-09-29T08:23:43.315-0500] {dag.py:4180} INFO - Setting next_dagrun for example_branch_datetime_operator_3 to 2024-09-28 00:00:00+00:00, run_after=2024-09-29 00:00:00+00:00
[2024-09-29T08:23:43.348-0500] {processor.py:208} INFO - Processing /home/d-salamanca/airflow-env/lib/python3.12/site-packages/airflow/example_dags/example_branch_datetime_operator.py took 0.147 seconds
[2024-09-29T08:25:06.101-0500] {processor.py:186} INFO - Started process (PID=30044) to work on /home/d-salamanca/airflow-env/lib/python3.12/site-packages/airflow/example_dags/example_branch_datetime_operator.py
[2024-09-29T08:25:06.140-0500] {processor.py:914} INFO - Processing file /home/d-salamanca/airflow-env/lib/python3.12/site-packages/airflow/example_dags/example_branch_datetime_operator.py for tasks to queue
[2024-09-29T08:25:06.145-0500] {logging_mixin.py:190} INFO - [2024-09-29T08:25:06.144-0500] {dagbag.py:588} INFO - Filling up the DagBag from /home/d-salamanca/airflow-env/lib/python3.12/site-packages/airflow/example_dags/example_branch_datetime_operator.py
[2024-09-29T08:25:06.163-0500] {processor.py:925} INFO - DAG(s) 'example_branch_datetime_operator_3', 'example_branch_datetime_operator', 'example_branch_datetime_operator_2' retrieved from /home/d-salamanca/airflow-env/lib/python3.12/site-packages/airflow/example_dags/example_branch_datetime_operator.py
[2024-09-29T08:25:06.189-0500] {logging_mixin.py:190} INFO - [2024-09-29T08:25:06.188-0500] {dag.py:3239} INFO - Sync 3 DAGs
[2024-09-29T08:25:06.213-0500] {logging_mixin.py:190} INFO - [2024-09-29T08:25:06.213-0500] {dag.py:4180} INFO - Setting next_dagrun for example_branch_datetime_operator to 2024-09-28 00:00:00+00:00, run_after=2024-09-29 00:00:00+00:00
[2024-09-29T08:25:06.219-0500] {logging_mixin.py:190} INFO - [2024-09-29T08:25:06.219-0500] {dag.py:4180} INFO - Setting next_dagrun for example_branch_datetime_operator_2 to 2024-09-28 00:00:00+00:00, run_after=2024-09-29 00:00:00+00:00
[2024-09-29T08:25:06.222-0500] {logging_mixin.py:190} INFO - [2024-09-29T08:25:06.221-0500] {dag.py:4180} INFO - Setting next_dagrun for example_branch_datetime_operator_3 to 2024-09-28 00:00:00+00:00, run_after=2024-09-29 00:00:00+00:00
[2024-09-29T08:25:06.306-0500] {processor.py:208} INFO - Processing /home/d-salamanca/airflow-env/lib/python3.12/site-packages/airflow/example_dags/example_branch_datetime_operator.py took 0.212 seconds
[2024-09-29T08:26:33.204-0500] {processor.py:186} INFO - Started process (PID=30114) to work on /home/d-salamanca/airflow-env/lib/python3.12/site-packages/airflow/example_dags/example_branch_datetime_operator.py
[2024-09-29T08:26:33.222-0500] {processor.py:914} INFO - Processing file /home/d-salamanca/airflow-env/lib/python3.12/site-packages/airflow/example_dags/example_branch_datetime_operator.py for tasks to queue
[2024-09-29T08:26:33.225-0500] {logging_mixin.py:190} INFO - [2024-09-29T08:26:33.224-0500] {dagbag.py:588} INFO - Filling up the DagBag from /home/d-salamanca/airflow-env/lib/python3.12/site-packages/airflow/example_dags/example_branch_datetime_operator.py
[2024-09-29T08:26:33.244-0500] {processor.py:925} INFO - DAG(s) 'example_branch_datetime_operator_3', 'example_branch_datetime_operator', 'example_branch_datetime_operator_2' retrieved from /home/d-salamanca/airflow-env/lib/python3.12/site-packages/airflow/example_dags/example_branch_datetime_operator.py
[2024-09-29T08:26:33.268-0500] {logging_mixin.py:190} INFO - [2024-09-29T08:26:33.267-0500] {dag.py:3239} INFO - Sync 3 DAGs
[2024-09-29T08:26:33.292-0500] {logging_mixin.py:190} INFO - [2024-09-29T08:26:33.292-0500] {dag.py:4180} INFO - Setting next_dagrun for example_branch_datetime_operator to 2024-09-28 00:00:00+00:00, run_after=2024-09-29 00:00:00+00:00
[2024-09-29T08:26:33.297-0500] {logging_mixin.py:190} INFO - [2024-09-29T08:26:33.297-0500] {dag.py:4180} INFO - Setting next_dagrun for example_branch_datetime_operator_2 to 2024-09-28 00:00:00+00:00, run_after=2024-09-29 00:00:00+00:00
[2024-09-29T08:26:33.299-0500] {logging_mixin.py:190} INFO - [2024-09-29T08:26:33.299-0500] {dag.py:4180} INFO - Setting next_dagrun for example_branch_datetime_operator_3 to 2024-09-28 00:00:00+00:00, run_after=2024-09-29 00:00:00+00:00
[2024-09-29T08:26:33.325-0500] {processor.py:208} INFO - Processing /home/d-salamanca/airflow-env/lib/python3.12/site-packages/airflow/example_dags/example_branch_datetime_operator.py took 0.128 seconds
[2024-09-29T08:27:50.669-0500] {processor.py:186} INFO - Started process (PID=30181) to work on /home/d-salamanca/airflow-env/lib/python3.12/site-packages/airflow/example_dags/example_branch_datetime_operator.py
[2024-09-29T08:27:50.684-0500] {processor.py:914} INFO - Processing file /home/d-salamanca/airflow-env/lib/python3.12/site-packages/airflow/example_dags/example_branch_datetime_operator.py for tasks to queue
[2024-09-29T08:27:50.687-0500] {logging_mixin.py:190} INFO - [2024-09-29T08:27:50.687-0500] {dagbag.py:588} INFO - Filling up the DagBag from /home/d-salamanca/airflow-env/lib/python3.12/site-packages/airflow/example_dags/example_branch_datetime_operator.py
[2024-09-29T08:27:50.703-0500] {processor.py:925} INFO - DAG(s) 'example_branch_datetime_operator_2', 'example_branch_datetime_operator', 'example_branch_datetime_operator_3' retrieved from /home/d-salamanca/airflow-env/lib/python3.12/site-packages/airflow/example_dags/example_branch_datetime_operator.py
[2024-09-29T08:27:50.727-0500] {logging_mixin.py:190} INFO - [2024-09-29T08:27:50.727-0500] {dag.py:3239} INFO - Sync 3 DAGs
[2024-09-29T08:27:50.752-0500] {logging_mixin.py:190} INFO - [2024-09-29T08:27:50.752-0500] {dag.py:4180} INFO - Setting next_dagrun for example_branch_datetime_operator to 2024-09-28 00:00:00+00:00, run_after=2024-09-29 00:00:00+00:00
[2024-09-29T08:27:50.757-0500] {logging_mixin.py:190} INFO - [2024-09-29T08:27:50.757-0500] {dag.py:4180} INFO - Setting next_dagrun for example_branch_datetime_operator_2 to 2024-09-28 00:00:00+00:00, run_after=2024-09-29 00:00:00+00:00
[2024-09-29T08:27:50.759-0500] {logging_mixin.py:190} INFO - [2024-09-29T08:27:50.759-0500] {dag.py:4180} INFO - Setting next_dagrun for example_branch_datetime_operator_3 to 2024-09-28 00:00:00+00:00, run_after=2024-09-29 00:00:00+00:00
[2024-09-29T08:27:50.854-0500] {processor.py:208} INFO - Processing /home/d-salamanca/airflow-env/lib/python3.12/site-packages/airflow/example_dags/example_branch_datetime_operator.py took 0.194 seconds
[2024-09-29T08:29:07.694-0500] {processor.py:186} INFO - Started process (PID=30249) to work on /home/d-salamanca/airflow-env/lib/python3.12/site-packages/airflow/example_dags/example_branch_datetime_operator.py
[2024-09-29T08:29:07.696-0500] {processor.py:914} INFO - Processing file /home/d-salamanca/airflow-env/lib/python3.12/site-packages/airflow/example_dags/example_branch_datetime_operator.py for tasks to queue
[2024-09-29T08:29:07.698-0500] {logging_mixin.py:190} INFO - [2024-09-29T08:29:07.698-0500] {dagbag.py:588} INFO - Filling up the DagBag from /home/d-salamanca/airflow-env/lib/python3.12/site-packages/airflow/example_dags/example_branch_datetime_operator.py
[2024-09-29T08:29:07.713-0500] {processor.py:925} INFO - DAG(s) 'example_branch_datetime_operator', 'example_branch_datetime_operator_3', 'example_branch_datetime_operator_2' retrieved from /home/d-salamanca/airflow-env/lib/python3.12/site-packages/airflow/example_dags/example_branch_datetime_operator.py
[2024-09-29T08:29:07.740-0500] {logging_mixin.py:190} INFO - [2024-09-29T08:29:07.739-0500] {dag.py:3239} INFO - Sync 3 DAGs
[2024-09-29T08:29:07.766-0500] {logging_mixin.py:190} INFO - [2024-09-29T08:29:07.766-0500] {dag.py:4180} INFO - Setting next_dagrun for example_branch_datetime_operator to 2024-09-28 00:00:00+00:00, run_after=2024-09-29 00:00:00+00:00
[2024-09-29T08:29:07.772-0500] {logging_mixin.py:190} INFO - [2024-09-29T08:29:07.771-0500] {dag.py:4180} INFO - Setting next_dagrun for example_branch_datetime_operator_2 to 2024-09-28 00:00:00+00:00, run_after=2024-09-29 00:00:00+00:00
[2024-09-29T08:29:07.774-0500] {logging_mixin.py:190} INFO - [2024-09-29T08:29:07.774-0500] {dag.py:4180} INFO - Setting next_dagrun for example_branch_datetime_operator_3 to 2024-09-28 00:00:00+00:00, run_after=2024-09-29 00:00:00+00:00
[2024-09-29T08:29:08.032-0500] {processor.py:208} INFO - Processing /home/d-salamanca/airflow-env/lib/python3.12/site-packages/airflow/example_dags/example_branch_datetime_operator.py took 0.345 seconds
[2024-09-29T08:30:35.672-0500] {processor.py:186} INFO - Started process (PID=30327) to work on /home/d-salamanca/airflow-env/lib/python3.12/site-packages/airflow/example_dags/example_branch_datetime_operator.py
[2024-09-29T08:30:35.701-0500] {processor.py:914} INFO - Processing file /home/d-salamanca/airflow-env/lib/python3.12/site-packages/airflow/example_dags/example_branch_datetime_operator.py for tasks to queue
[2024-09-29T08:30:35.706-0500] {logging_mixin.py:190} INFO - [2024-09-29T08:30:35.705-0500] {dagbag.py:588} INFO - Filling up the DagBag from /home/d-salamanca/airflow-env/lib/python3.12/site-packages/airflow/example_dags/example_branch_datetime_operator.py
[2024-09-29T08:30:35.724-0500] {processor.py:925} INFO - DAG(s) 'example_branch_datetime_operator_2', 'example_branch_datetime_operator', 'example_branch_datetime_operator_3' retrieved from /home/d-salamanca/airflow-env/lib/python3.12/site-packages/airflow/example_dags/example_branch_datetime_operator.py
[2024-09-29T08:30:35.750-0500] {logging_mixin.py:190} INFO - [2024-09-29T08:30:35.749-0500] {dag.py:3239} INFO - Sync 3 DAGs
[2024-09-29T08:30:35.777-0500] {logging_mixin.py:190} INFO - [2024-09-29T08:30:35.776-0500] {dag.py:4180} INFO - Setting next_dagrun for example_branch_datetime_operator to 2024-09-28 00:00:00+00:00, run_after=2024-09-29 00:00:00+00:00
[2024-09-29T08:30:35.782-0500] {logging_mixin.py:190} INFO - [2024-09-29T08:30:35.782-0500] {dag.py:4180} INFO - Setting next_dagrun for example_branch_datetime_operator_2 to 2024-09-28 00:00:00+00:00, run_after=2024-09-29 00:00:00+00:00
[2024-09-29T08:30:35.785-0500] {logging_mixin.py:190} INFO - [2024-09-29T08:30:35.784-0500] {dag.py:4180} INFO - Setting next_dagrun for example_branch_datetime_operator_3 to 2024-09-28 00:00:00+00:00, run_after=2024-09-29 00:00:00+00:00
[2024-09-29T08:30:35.844-0500] {processor.py:208} INFO - Processing /home/d-salamanca/airflow-env/lib/python3.12/site-packages/airflow/example_dags/example_branch_datetime_operator.py took 0.179 seconds
[2024-09-29T08:32:11.271-0500] {processor.py:186} INFO - Started process (PID=30410) to work on /home/d-salamanca/airflow-env/lib/python3.12/site-packages/airflow/example_dags/example_branch_datetime_operator.py
[2024-09-29T08:32:11.273-0500] {processor.py:914} INFO - Processing file /home/d-salamanca/airflow-env/lib/python3.12/site-packages/airflow/example_dags/example_branch_datetime_operator.py for tasks to queue
[2024-09-29T08:32:11.276-0500] {logging_mixin.py:190} INFO - [2024-09-29T08:32:11.276-0500] {dagbag.py:588} INFO - Filling up the DagBag from /home/d-salamanca/airflow-env/lib/python3.12/site-packages/airflow/example_dags/example_branch_datetime_operator.py
[2024-09-29T08:32:11.292-0500] {processor.py:925} INFO - DAG(s) 'example_branch_datetime_operator_2', 'example_branch_datetime_operator_3', 'example_branch_datetime_operator' retrieved from /home/d-salamanca/airflow-env/lib/python3.12/site-packages/airflow/example_dags/example_branch_datetime_operator.py
[2024-09-29T08:32:11.317-0500] {logging_mixin.py:190} INFO - [2024-09-29T08:32:11.317-0500] {dag.py:3239} INFO - Sync 3 DAGs
[2024-09-29T08:32:11.342-0500] {logging_mixin.py:190} INFO - [2024-09-29T08:32:11.341-0500] {dag.py:4180} INFO - Setting next_dagrun for example_branch_datetime_operator to 2024-09-28 00:00:00+00:00, run_after=2024-09-29 00:00:00+00:00
[2024-09-29T08:32:11.347-0500] {logging_mixin.py:190} INFO - [2024-09-29T08:32:11.347-0500] {dag.py:4180} INFO - Setting next_dagrun for example_branch_datetime_operator_2 to 2024-09-28 00:00:00+00:00, run_after=2024-09-29 00:00:00+00:00
[2024-09-29T08:32:11.349-0500] {logging_mixin.py:190} INFO - [2024-09-29T08:32:11.349-0500] {dag.py:4180} INFO - Setting next_dagrun for example_branch_datetime_operator_3 to 2024-09-28 00:00:00+00:00, run_after=2024-09-29 00:00:00+00:00
[2024-09-29T08:32:12.128-0500] {processor.py:208} INFO - Processing /home/d-salamanca/airflow-env/lib/python3.12/site-packages/airflow/example_dags/example_branch_datetime_operator.py took 0.869 seconds
[2024-09-29T08:33:40.021-0500] {processor.py:186} INFO - Started process (PID=30487) to work on /home/d-salamanca/airflow-env/lib/python3.12/site-packages/airflow/example_dags/example_branch_datetime_operator.py
[2024-09-29T08:33:40.022-0500] {processor.py:914} INFO - Processing file /home/d-salamanca/airflow-env/lib/python3.12/site-packages/airflow/example_dags/example_branch_datetime_operator.py for tasks to queue
[2024-09-29T08:33:40.025-0500] {logging_mixin.py:190} INFO - [2024-09-29T08:33:40.024-0500] {dagbag.py:588} INFO - Filling up the DagBag from /home/d-salamanca/airflow-env/lib/python3.12/site-packages/airflow/example_dags/example_branch_datetime_operator.py
[2024-09-29T08:33:40.039-0500] {processor.py:925} INFO - DAG(s) 'example_branch_datetime_operator_2', 'example_branch_datetime_operator', 'example_branch_datetime_operator_3' retrieved from /home/d-salamanca/airflow-env/lib/python3.12/site-packages/airflow/example_dags/example_branch_datetime_operator.py
[2024-09-29T08:33:40.063-0500] {logging_mixin.py:190} INFO - [2024-09-29T08:33:40.063-0500] {dag.py:3239} INFO - Sync 3 DAGs
[2024-09-29T08:33:40.087-0500] {logging_mixin.py:190} INFO - [2024-09-29T08:33:40.087-0500] {dag.py:4180} INFO - Setting next_dagrun for example_branch_datetime_operator to 2024-09-28 00:00:00+00:00, run_after=2024-09-29 00:00:00+00:00
[2024-09-29T08:33:40.092-0500] {logging_mixin.py:190} INFO - [2024-09-29T08:33:40.092-0500] {dag.py:4180} INFO - Setting next_dagrun for example_branch_datetime_operator_2 to 2024-09-28 00:00:00+00:00, run_after=2024-09-29 00:00:00+00:00
[2024-09-29T08:33:40.094-0500] {logging_mixin.py:190} INFO - [2024-09-29T08:33:40.094-0500] {dag.py:4180} INFO - Setting next_dagrun for example_branch_datetime_operator_3 to 2024-09-28 00:00:00+00:00, run_after=2024-09-29 00:00:00+00:00
[2024-09-29T08:33:40.139-0500] {processor.py:208} INFO - Processing /home/d-salamanca/airflow-env/lib/python3.12/site-packages/airflow/example_dags/example_branch_datetime_operator.py took 0.126 seconds
[2024-09-29T08:35:07.983-0500] {processor.py:186} INFO - Started process (PID=30570) to work on /home/d-salamanca/airflow-env/lib/python3.12/site-packages/airflow/example_dags/example_branch_datetime_operator.py
[2024-09-29T08:35:08.021-0500] {processor.py:914} INFO - Processing file /home/d-salamanca/airflow-env/lib/python3.12/site-packages/airflow/example_dags/example_branch_datetime_operator.py for tasks to queue
[2024-09-29T08:35:08.029-0500] {logging_mixin.py:190} INFO - [2024-09-29T08:35:08.028-0500] {dagbag.py:588} INFO - Filling up the DagBag from /home/d-salamanca/airflow-env/lib/python3.12/site-packages/airflow/example_dags/example_branch_datetime_operator.py
[2024-09-29T08:35:08.048-0500] {processor.py:925} INFO - DAG(s) 'example_branch_datetime_operator_2', 'example_branch_datetime_operator_3', 'example_branch_datetime_operator' retrieved from /home/d-salamanca/airflow-env/lib/python3.12/site-packages/airflow/example_dags/example_branch_datetime_operator.py
[2024-09-29T08:35:08.076-0500] {logging_mixin.py:190} INFO - [2024-09-29T08:35:08.076-0500] {dag.py:3239} INFO - Sync 3 DAGs
[2024-09-29T08:35:08.103-0500] {logging_mixin.py:190} INFO - [2024-09-29T08:35:08.103-0500] {dag.py:4180} INFO - Setting next_dagrun for example_branch_datetime_operator to 2024-09-28 00:00:00+00:00, run_after=2024-09-29 00:00:00+00:00
[2024-09-29T08:35:08.108-0500] {logging_mixin.py:190} INFO - [2024-09-29T08:35:08.108-0500] {dag.py:4180} INFO - Setting next_dagrun for example_branch_datetime_operator_2 to 2024-09-28 00:00:00+00:00, run_after=2024-09-29 00:00:00+00:00
[2024-09-29T08:35:08.111-0500] {logging_mixin.py:190} INFO - [2024-09-29T08:35:08.111-0500] {dag.py:4180} INFO - Setting next_dagrun for example_branch_datetime_operator_3 to 2024-09-28 00:00:00+00:00, run_after=2024-09-29 00:00:00+00:00
[2024-09-29T08:35:09.033-0500] {processor.py:208} INFO - Processing /home/d-salamanca/airflow-env/lib/python3.12/site-packages/airflow/example_dags/example_branch_datetime_operator.py took 1.058 seconds
[2024-09-29T08:37:43.031-0500] {processor.py:186} INFO - Started process (PID=31031) to work on /home/d-salamanca/airflow-env/lib/python3.12/site-packages/airflow/example_dags/example_branch_datetime_operator.py
[2024-09-29T08:37:43.065-0500] {processor.py:914} INFO - Processing file /home/d-salamanca/airflow-env/lib/python3.12/site-packages/airflow/example_dags/example_branch_datetime_operator.py for tasks to queue
[2024-09-29T08:37:43.071-0500] {logging_mixin.py:190} INFO - [2024-09-29T08:37:43.070-0500] {dagbag.py:588} INFO - Filling up the DagBag from /home/d-salamanca/airflow-env/lib/python3.12/site-packages/airflow/example_dags/example_branch_datetime_operator.py
[2024-09-29T08:37:43.123-0500] {processor.py:925} INFO - DAG(s) 'example_branch_datetime_operator_3', 'example_branch_datetime_operator_2', 'example_branch_datetime_operator' retrieved from /home/d-salamanca/airflow-env/lib/python3.12/site-packages/airflow/example_dags/example_branch_datetime_operator.py
[2024-09-29T08:37:43.148-0500] {logging_mixin.py:190} INFO - [2024-09-29T08:37:43.148-0500] {dag.py:3239} INFO - Sync 3 DAGs
[2024-09-29T08:37:43.174-0500] {logging_mixin.py:190} INFO - [2024-09-29T08:37:43.174-0500] {dag.py:4180} INFO - Setting next_dagrun for example_branch_datetime_operator to 2024-09-28 00:00:00+00:00, run_after=2024-09-29 00:00:00+00:00
[2024-09-29T08:37:43.179-0500] {logging_mixin.py:190} INFO - [2024-09-29T08:37:43.179-0500] {dag.py:4180} INFO - Setting next_dagrun for example_branch_datetime_operator_2 to 2024-09-28 00:00:00+00:00, run_after=2024-09-29 00:00:00+00:00
[2024-09-29T08:37:43.181-0500] {logging_mixin.py:190} INFO - [2024-09-29T08:37:43.181-0500] {dag.py:4180} INFO - Setting next_dagrun for example_branch_datetime_operator_3 to 2024-09-28 00:00:00+00:00, run_after=2024-09-29 00:00:00+00:00
[2024-09-29T08:37:43.228-0500] {processor.py:208} INFO - Processing /home/d-salamanca/airflow-env/lib/python3.12/site-packages/airflow/example_dags/example_branch_datetime_operator.py took 0.204 seconds
[2024-09-29T08:39:05.263-0500] {processor.py:186} INFO - Started process (PID=31103) to work on /home/d-salamanca/airflow-env/lib/python3.12/site-packages/airflow/example_dags/example_branch_datetime_operator.py
[2024-09-29T08:39:05.300-0500] {processor.py:914} INFO - Processing file /home/d-salamanca/airflow-env/lib/python3.12/site-packages/airflow/example_dags/example_branch_datetime_operator.py for tasks to queue
[2024-09-29T08:39:05.305-0500] {logging_mixin.py:190} INFO - [2024-09-29T08:39:05.304-0500] {dagbag.py:588} INFO - Filling up the DagBag from /home/d-salamanca/airflow-env/lib/python3.12/site-packages/airflow/example_dags/example_branch_datetime_operator.py
[2024-09-29T08:39:05.336-0500] {processor.py:925} INFO - DAG(s) 'example_branch_datetime_operator', 'example_branch_datetime_operator_2', 'example_branch_datetime_operator_3' retrieved from /home/d-salamanca/airflow-env/lib/python3.12/site-packages/airflow/example_dags/example_branch_datetime_operator.py
[2024-09-29T08:39:05.362-0500] {logging_mixin.py:190} INFO - [2024-09-29T08:39:05.362-0500] {dag.py:3239} INFO - Sync 3 DAGs
[2024-09-29T08:39:05.389-0500] {logging_mixin.py:190} INFO - [2024-09-29T08:39:05.388-0500] {dag.py:4180} INFO - Setting next_dagrun for example_branch_datetime_operator to 2024-09-28 00:00:00+00:00, run_after=2024-09-29 00:00:00+00:00
[2024-09-29T08:39:05.394-0500] {logging_mixin.py:190} INFO - [2024-09-29T08:39:05.394-0500] {dag.py:4180} INFO - Setting next_dagrun for example_branch_datetime_operator_2 to 2024-09-28 00:00:00+00:00, run_after=2024-09-29 00:00:00+00:00
[2024-09-29T08:39:05.396-0500] {logging_mixin.py:190} INFO - [2024-09-29T08:39:05.396-0500] {dag.py:4180} INFO - Setting next_dagrun for example_branch_datetime_operator_3 to 2024-09-28 00:00:00+00:00, run_after=2024-09-29 00:00:00+00:00
[2024-09-29T08:39:05.490-0500] {processor.py:208} INFO - Processing /home/d-salamanca/airflow-env/lib/python3.12/site-packages/airflow/example_dags/example_branch_datetime_operator.py took 0.239 seconds
[2024-09-29T08:40:40.088-0500] {processor.py:186} INFO - Started process (PID=31180) to work on /home/d-salamanca/airflow-env/lib/python3.12/site-packages/airflow/example_dags/example_branch_datetime_operator.py
[2024-09-29T08:40:40.117-0500] {processor.py:914} INFO - Processing file /home/d-salamanca/airflow-env/lib/python3.12/site-packages/airflow/example_dags/example_branch_datetime_operator.py for tasks to queue
[2024-09-29T08:40:40.123-0500] {logging_mixin.py:190} INFO - [2024-09-29T08:40:40.122-0500] {dagbag.py:588} INFO - Filling up the DagBag from /home/d-salamanca/airflow-env/lib/python3.12/site-packages/airflow/example_dags/example_branch_datetime_operator.py
[2024-09-29T08:40:40.139-0500] {processor.py:925} INFO - DAG(s) 'example_branch_datetime_operator', 'example_branch_datetime_operator_3', 'example_branch_datetime_operator_2' retrieved from /home/d-salamanca/airflow-env/lib/python3.12/site-packages/airflow/example_dags/example_branch_datetime_operator.py
[2024-09-29T08:40:40.165-0500] {logging_mixin.py:190} INFO - [2024-09-29T08:40:40.164-0500] {dag.py:3239} INFO - Sync 3 DAGs
[2024-09-29T08:40:40.194-0500] {logging_mixin.py:190} INFO - [2024-09-29T08:40:40.194-0500] {dag.py:4180} INFO - Setting next_dagrun for example_branch_datetime_operator to 2024-09-28 00:00:00+00:00, run_after=2024-09-29 00:00:00+00:00
[2024-09-29T08:40:40.199-0500] {logging_mixin.py:190} INFO - [2024-09-29T08:40:40.199-0500] {dag.py:4180} INFO - Setting next_dagrun for example_branch_datetime_operator_2 to 2024-09-28 00:00:00+00:00, run_after=2024-09-29 00:00:00+00:00
[2024-09-29T08:40:40.202-0500] {logging_mixin.py:190} INFO - [2024-09-29T08:40:40.202-0500] {dag.py:4180} INFO - Setting next_dagrun for example_branch_datetime_operator_3 to 2024-09-28 00:00:00+00:00, run_after=2024-09-29 00:00:00+00:00
[2024-09-29T08:40:40.764-0500] {processor.py:208} INFO - Processing /home/d-salamanca/airflow-env/lib/python3.12/site-packages/airflow/example_dags/example_branch_datetime_operator.py took 0.683 seconds
[2024-09-29T08:42:12.509-0500] {processor.py:186} INFO - Started process (PID=31253) to work on /home/d-salamanca/airflow-env/lib/python3.12/site-packages/airflow/example_dags/example_branch_datetime_operator.py
[2024-09-29T08:42:12.533-0500] {processor.py:914} INFO - Processing file /home/d-salamanca/airflow-env/lib/python3.12/site-packages/airflow/example_dags/example_branch_datetime_operator.py for tasks to queue
[2024-09-29T08:42:12.538-0500] {logging_mixin.py:190} INFO - [2024-09-29T08:42:12.537-0500] {dagbag.py:588} INFO - Filling up the DagBag from /home/d-salamanca/airflow-env/lib/python3.12/site-packages/airflow/example_dags/example_branch_datetime_operator.py
[2024-09-29T08:42:12.556-0500] {processor.py:925} INFO - DAG(s) 'example_branch_datetime_operator_2', 'example_branch_datetime_operator', 'example_branch_datetime_operator_3' retrieved from /home/d-salamanca/airflow-env/lib/python3.12/site-packages/airflow/example_dags/example_branch_datetime_operator.py
[2024-09-29T08:42:12.580-0500] {logging_mixin.py:190} INFO - [2024-09-29T08:42:12.580-0500] {dag.py:3239} INFO - Sync 3 DAGs
[2024-09-29T08:42:12.605-0500] {logging_mixin.py:190} INFO - [2024-09-29T08:42:12.604-0500] {dag.py:4180} INFO - Setting next_dagrun for example_branch_datetime_operator to 2024-09-28 00:00:00+00:00, run_after=2024-09-29 00:00:00+00:00
[2024-09-29T08:42:12.610-0500] {logging_mixin.py:190} INFO - [2024-09-29T08:42:12.610-0500] {dag.py:4180} INFO - Setting next_dagrun for example_branch_datetime_operator_2 to 2024-09-28 00:00:00+00:00, run_after=2024-09-29 00:00:00+00:00
[2024-09-29T08:42:12.612-0500] {logging_mixin.py:190} INFO - [2024-09-29T08:42:12.612-0500] {dag.py:4180} INFO - Setting next_dagrun for example_branch_datetime_operator_3 to 2024-09-28 00:00:00+00:00, run_after=2024-09-29 00:00:00+00:00
[2024-09-29T08:42:12.656-0500] {processor.py:208} INFO - Processing /home/d-salamanca/airflow-env/lib/python3.12/site-packages/airflow/example_dags/example_branch_datetime_operator.py took 0.154 seconds
[2024-09-29T08:43:43.926-0500] {processor.py:186} INFO - Started process (PID=31325) to work on /home/d-salamanca/airflow-env/lib/python3.12/site-packages/airflow/example_dags/example_branch_datetime_operator.py
[2024-09-29T08:43:43.949-0500] {processor.py:914} INFO - Processing file /home/d-salamanca/airflow-env/lib/python3.12/site-packages/airflow/example_dags/example_branch_datetime_operator.py for tasks to queue
[2024-09-29T08:43:43.953-0500] {logging_mixin.py:190} INFO - [2024-09-29T08:43:43.952-0500] {dagbag.py:588} INFO - Filling up the DagBag from /home/d-salamanca/airflow-env/lib/python3.12/site-packages/airflow/example_dags/example_branch_datetime_operator.py
[2024-09-29T08:43:43.970-0500] {processor.py:925} INFO - DAG(s) 'example_branch_datetime_operator_3', 'example_branch_datetime_operator_2', 'example_branch_datetime_operator' retrieved from /home/d-salamanca/airflow-env/lib/python3.12/site-packages/airflow/example_dags/example_branch_datetime_operator.py
[2024-09-29T08:43:44.002-0500] {logging_mixin.py:190} INFO - [2024-09-29T08:43:44.002-0500] {dag.py:3239} INFO - Sync 3 DAGs
[2024-09-29T08:43:44.028-0500] {logging_mixin.py:190} INFO - [2024-09-29T08:43:44.028-0500] {dag.py:4180} INFO - Setting next_dagrun for example_branch_datetime_operator to 2024-09-28 00:00:00+00:00, run_after=2024-09-29 00:00:00+00:00
[2024-09-29T08:43:44.033-0500] {logging_mixin.py:190} INFO - [2024-09-29T08:43:44.033-0500] {dag.py:4180} INFO - Setting next_dagrun for example_branch_datetime_operator_2 to 2024-09-28 00:00:00+00:00, run_after=2024-09-29 00:00:00+00:00
[2024-09-29T08:43:44.036-0500] {logging_mixin.py:190} INFO - [2024-09-29T08:43:44.035-0500] {dag.py:4180} INFO - Setting next_dagrun for example_branch_datetime_operator_3 to 2024-09-28 00:00:00+00:00, run_after=2024-09-29 00:00:00+00:00
[2024-09-29T08:43:44.081-0500] {processor.py:208} INFO - Processing /home/d-salamanca/airflow-env/lib/python3.12/site-packages/airflow/example_dags/example_branch_datetime_operator.py took 0.162 seconds
[2024-09-29T08:45:05.793-0500] {processor.py:186} INFO - Started process (PID=31405) to work on /home/d-salamanca/airflow-env/lib/python3.12/site-packages/airflow/example_dags/example_branch_datetime_operator.py
[2024-09-29T08:45:05.810-0500] {processor.py:914} INFO - Processing file /home/d-salamanca/airflow-env/lib/python3.12/site-packages/airflow/example_dags/example_branch_datetime_operator.py for tasks to queue
[2024-09-29T08:45:05.813-0500] {logging_mixin.py:190} INFO - [2024-09-29T08:45:05.812-0500] {dagbag.py:588} INFO - Filling up the DagBag from /home/d-salamanca/airflow-env/lib/python3.12/site-packages/airflow/example_dags/example_branch_datetime_operator.py
[2024-09-29T08:45:05.829-0500] {processor.py:925} INFO - DAG(s) 'example_branch_datetime_operator', 'example_branch_datetime_operator_3', 'example_branch_datetime_operator_2' retrieved from /home/d-salamanca/airflow-env/lib/python3.12/site-packages/airflow/example_dags/example_branch_datetime_operator.py
[2024-09-29T08:45:05.853-0500] {logging_mixin.py:190} INFO - [2024-09-29T08:45:05.852-0500] {dag.py:3239} INFO - Sync 3 DAGs
[2024-09-29T08:45:05.879-0500] {logging_mixin.py:190} INFO - [2024-09-29T08:45:05.879-0500] {dag.py:4180} INFO - Setting next_dagrun for example_branch_datetime_operator to 2024-09-28 00:00:00+00:00, run_after=2024-09-29 00:00:00+00:00
[2024-09-29T08:45:05.884-0500] {logging_mixin.py:190} INFO - [2024-09-29T08:45:05.884-0500] {dag.py:4180} INFO - Setting next_dagrun for example_branch_datetime_operator_2 to 2024-09-28 00:00:00+00:00, run_after=2024-09-29 00:00:00+00:00
[2024-09-29T08:45:05.886-0500] {logging_mixin.py:190} INFO - [2024-09-29T08:45:05.886-0500] {dag.py:4180} INFO - Setting next_dagrun for example_branch_datetime_operator_3 to 2024-09-28 00:00:00+00:00, run_after=2024-09-29 00:00:00+00:00
[2024-09-29T08:45:05.956-0500] {processor.py:208} INFO - Processing /home/d-salamanca/airflow-env/lib/python3.12/site-packages/airflow/example_dags/example_branch_datetime_operator.py took 0.170 seconds
[2024-09-29T08:47:03.083-0500] {processor.py:186} INFO - Started process (PID=31478) to work on /home/d-salamanca/airflow-env/lib/python3.12/site-packages/airflow/example_dags/example_branch_datetime_operator.py
[2024-09-29T08:47:03.084-0500] {processor.py:914} INFO - Processing file /home/d-salamanca/airflow-env/lib/python3.12/site-packages/airflow/example_dags/example_branch_datetime_operator.py for tasks to queue
[2024-09-29T08:47:03.087-0500] {logging_mixin.py:190} INFO - [2024-09-29T08:47:03.086-0500] {dagbag.py:588} INFO - Filling up the DagBag from /home/d-salamanca/airflow-env/lib/python3.12/site-packages/airflow/example_dags/example_branch_datetime_operator.py
[2024-09-29T08:47:03.101-0500] {processor.py:925} INFO - DAG(s) 'example_branch_datetime_operator_2', 'example_branch_datetime_operator', 'example_branch_datetime_operator_3' retrieved from /home/d-salamanca/airflow-env/lib/python3.12/site-packages/airflow/example_dags/example_branch_datetime_operator.py
[2024-09-29T08:47:03.124-0500] {logging_mixin.py:190} INFO - [2024-09-29T08:47:03.124-0500] {dag.py:3239} INFO - Sync 3 DAGs
[2024-09-29T08:47:03.148-0500] {logging_mixin.py:190} INFO - [2024-09-29T08:47:03.148-0500] {dag.py:4180} INFO - Setting next_dagrun for example_branch_datetime_operator to 2024-09-28 00:00:00+00:00, run_after=2024-09-29 00:00:00+00:00
[2024-09-29T08:47:03.153-0500] {logging_mixin.py:190} INFO - [2024-09-29T08:47:03.153-0500] {dag.py:4180} INFO - Setting next_dagrun for example_branch_datetime_operator_2 to 2024-09-28 00:00:00+00:00, run_after=2024-09-29 00:00:00+00:00
[2024-09-29T08:47:03.155-0500] {logging_mixin.py:190} INFO - [2024-09-29T08:47:03.155-0500] {dag.py:4180} INFO - Setting next_dagrun for example_branch_datetime_operator_3 to 2024-09-28 00:00:00+00:00, run_after=2024-09-29 00:00:00+00:00
[2024-09-29T08:47:03.201-0500] {processor.py:208} INFO - Processing /home/d-salamanca/airflow-env/lib/python3.12/site-packages/airflow/example_dags/example_branch_datetime_operator.py took 0.125 seconds
[2024-09-29T08:48:32.130-0500] {processor.py:186} INFO - Started process (PID=31564) to work on /home/d-salamanca/airflow-env/lib/python3.12/site-packages/airflow/example_dags/example_branch_datetime_operator.py
[2024-09-29T08:48:32.158-0500] {processor.py:914} INFO - Processing file /home/d-salamanca/airflow-env/lib/python3.12/site-packages/airflow/example_dags/example_branch_datetime_operator.py for tasks to queue
[2024-09-29T08:48:32.165-0500] {logging_mixin.py:190} INFO - [2024-09-29T08:48:32.164-0500] {dagbag.py:588} INFO - Filling up the DagBag from /home/d-salamanca/airflow-env/lib/python3.12/site-packages/airflow/example_dags/example_branch_datetime_operator.py
[2024-09-29T08:48:32.180-0500] {processor.py:925} INFO - DAG(s) 'example_branch_datetime_operator', 'example_branch_datetime_operator_3', 'example_branch_datetime_operator_2' retrieved from /home/d-salamanca/airflow-env/lib/python3.12/site-packages/airflow/example_dags/example_branch_datetime_operator.py
[2024-09-29T08:48:32.205-0500] {logging_mixin.py:190} INFO - [2024-09-29T08:48:32.205-0500] {dag.py:3239} INFO - Sync 3 DAGs
[2024-09-29T08:48:32.230-0500] {logging_mixin.py:190} INFO - [2024-09-29T08:48:32.230-0500] {dag.py:4180} INFO - Setting next_dagrun for example_branch_datetime_operator to 2024-09-28 00:00:00+00:00, run_after=2024-09-29 00:00:00+00:00
[2024-09-29T08:48:32.235-0500] {logging_mixin.py:190} INFO - [2024-09-29T08:48:32.235-0500] {dag.py:4180} INFO - Setting next_dagrun for example_branch_datetime_operator_2 to 2024-09-28 00:00:00+00:00, run_after=2024-09-29 00:00:00+00:00
[2024-09-29T08:48:32.238-0500] {logging_mixin.py:190} INFO - [2024-09-29T08:48:32.237-0500] {dag.py:4180} INFO - Setting next_dagrun for example_branch_datetime_operator_3 to 2024-09-28 00:00:00+00:00, run_after=2024-09-29 00:00:00+00:00
[2024-09-29T08:48:32.262-0500] {processor.py:208} INFO - Processing /home/d-salamanca/airflow-env/lib/python3.12/site-packages/airflow/example_dags/example_branch_datetime_operator.py took 0.139 seconds
[2024-09-29T08:49:59.296-0500] {processor.py:186} INFO - Started process (PID=31640) to work on /home/d-salamanca/airflow-env/lib/python3.12/site-packages/airflow/example_dags/example_branch_datetime_operator.py
[2024-09-29T08:49:59.306-0500] {processor.py:914} INFO - Processing file /home/d-salamanca/airflow-env/lib/python3.12/site-packages/airflow/example_dags/example_branch_datetime_operator.py for tasks to queue
[2024-09-29T08:49:59.313-0500] {logging_mixin.py:190} INFO - [2024-09-29T08:49:59.311-0500] {dagbag.py:588} INFO - Filling up the DagBag from /home/d-salamanca/airflow-env/lib/python3.12/site-packages/airflow/example_dags/example_branch_datetime_operator.py
[2024-09-29T08:49:59.330-0500] {processor.py:925} INFO - DAG(s) 'example_branch_datetime_operator', 'example_branch_datetime_operator_3', 'example_branch_datetime_operator_2' retrieved from /home/d-salamanca/airflow-env/lib/python3.12/site-packages/airflow/example_dags/example_branch_datetime_operator.py
[2024-09-29T08:49:59.355-0500] {logging_mixin.py:190} INFO - [2024-09-29T08:49:59.354-0500] {dag.py:3239} INFO - Sync 3 DAGs
[2024-09-29T08:49:59.379-0500] {logging_mixin.py:190} INFO - [2024-09-29T08:49:59.379-0500] {dag.py:4180} INFO - Setting next_dagrun for example_branch_datetime_operator to 2024-09-28 00:00:00+00:00, run_after=2024-09-29 00:00:00+00:00
[2024-09-29T08:49:59.384-0500] {logging_mixin.py:190} INFO - [2024-09-29T08:49:59.384-0500] {dag.py:4180} INFO - Setting next_dagrun for example_branch_datetime_operator_2 to 2024-09-28 00:00:00+00:00, run_after=2024-09-29 00:00:00+00:00
[2024-09-29T08:49:59.386-0500] {logging_mixin.py:190} INFO - [2024-09-29T08:49:59.386-0500] {dag.py:4180} INFO - Setting next_dagrun for example_branch_datetime_operator_3 to 2024-09-28 00:00:00+00:00, run_after=2024-09-29 00:00:00+00:00
[2024-09-29T08:49:59.429-0500] {processor.py:208} INFO - Processing /home/d-salamanca/airflow-env/lib/python3.12/site-packages/airflow/example_dags/example_branch_datetime_operator.py took 0.141 seconds
[2024-09-29T08:52:18.099-0500] {processor.py:186} INFO - Started process (PID=31939) to work on /home/d-salamanca/airflow-env/lib/python3.12/site-packages/airflow/example_dags/example_branch_datetime_operator.py
[2024-09-29T08:52:18.139-0500] {processor.py:914} INFO - Processing file /home/d-salamanca/airflow-env/lib/python3.12/site-packages/airflow/example_dags/example_branch_datetime_operator.py for tasks to queue
[2024-09-29T08:52:18.147-0500] {logging_mixin.py:190} INFO - [2024-09-29T08:52:18.146-0500] {dagbag.py:588} INFO - Filling up the DagBag from /home/d-salamanca/airflow-env/lib/python3.12/site-packages/airflow/example_dags/example_branch_datetime_operator.py
[2024-09-29T08:52:18.241-0500] {processor.py:925} INFO - DAG(s) 'example_branch_datetime_operator_2', 'example_branch_datetime_operator_3', 'example_branch_datetime_operator' retrieved from /home/d-salamanca/airflow-env/lib/python3.12/site-packages/airflow/example_dags/example_branch_datetime_operator.py
[2024-09-29T08:52:18.266-0500] {logging_mixin.py:190} INFO - [2024-09-29T08:52:18.265-0500] {dag.py:3239} INFO - Sync 3 DAGs
[2024-09-29T08:52:18.292-0500] {logging_mixin.py:190} INFO - [2024-09-29T08:52:18.292-0500] {dag.py:4180} INFO - Setting next_dagrun for example_branch_datetime_operator to 2024-09-28 00:00:00+00:00, run_after=2024-09-29 00:00:00+00:00
[2024-09-29T08:52:18.297-0500] {logging_mixin.py:190} INFO - [2024-09-29T08:52:18.297-0500] {dag.py:4180} INFO - Setting next_dagrun for example_branch_datetime_operator_2 to 2024-09-28 00:00:00+00:00, run_after=2024-09-29 00:00:00+00:00
[2024-09-29T08:52:18.299-0500] {logging_mixin.py:190} INFO - [2024-09-29T08:52:18.299-0500] {dag.py:4180} INFO - Setting next_dagrun for example_branch_datetime_operator_3 to 2024-09-28 00:00:00+00:00, run_after=2024-09-29 00:00:00+00:00
[2024-09-29T08:52:18.334-0500] {processor.py:208} INFO - Processing /home/d-salamanca/airflow-env/lib/python3.12/site-packages/airflow/example_dags/example_branch_datetime_operator.py took 0.312 seconds
[2024-09-29T08:54:17.431-0500] {processor.py:186} INFO - Started process (PID=32031) to work on /home/d-salamanca/airflow-env/lib/python3.12/site-packages/airflow/example_dags/example_branch_datetime_operator.py
[2024-09-29T08:54:17.466-0500] {processor.py:914} INFO - Processing file /home/d-salamanca/airflow-env/lib/python3.12/site-packages/airflow/example_dags/example_branch_datetime_operator.py for tasks to queue
[2024-09-29T08:54:17.472-0500] {logging_mixin.py:190} INFO - [2024-09-29T08:54:17.471-0500] {dagbag.py:588} INFO - Filling up the DagBag from /home/d-salamanca/airflow-env/lib/python3.12/site-packages/airflow/example_dags/example_branch_datetime_operator.py
[2024-09-29T08:54:17.518-0500] {processor.py:925} INFO - DAG(s) 'example_branch_datetime_operator', 'example_branch_datetime_operator_2', 'example_branch_datetime_operator_3' retrieved from /home/d-salamanca/airflow-env/lib/python3.12/site-packages/airflow/example_dags/example_branch_datetime_operator.py
[2024-09-29T08:54:17.544-0500] {logging_mixin.py:190} INFO - [2024-09-29T08:54:17.544-0500] {dag.py:3239} INFO - Sync 3 DAGs
[2024-09-29T08:54:17.570-0500] {logging_mixin.py:190} INFO - [2024-09-29T08:54:17.570-0500] {dag.py:4180} INFO - Setting next_dagrun for example_branch_datetime_operator to 2024-09-28 00:00:00+00:00, run_after=2024-09-29 00:00:00+00:00
[2024-09-29T08:54:17.575-0500] {logging_mixin.py:190} INFO - [2024-09-29T08:54:17.575-0500] {dag.py:4180} INFO - Setting next_dagrun for example_branch_datetime_operator_2 to 2024-09-28 00:00:00+00:00, run_after=2024-09-29 00:00:00+00:00
[2024-09-29T08:54:17.577-0500] {logging_mixin.py:190} INFO - [2024-09-29T08:54:17.577-0500] {dag.py:4180} INFO - Setting next_dagrun for example_branch_datetime_operator_3 to 2024-09-28 00:00:00+00:00, run_after=2024-09-29 00:00:00+00:00
[2024-09-29T08:54:17.638-0500] {processor.py:208} INFO - Processing /home/d-salamanca/airflow-env/lib/python3.12/site-packages/airflow/example_dags/example_branch_datetime_operator.py took 0.216 seconds
[2024-09-29T08:55:50.819-0500] {processor.py:186} INFO - Started process (PID=32108) to work on /home/d-salamanca/airflow-env/lib/python3.12/site-packages/airflow/example_dags/example_branch_datetime_operator.py
[2024-09-29T08:55:50.856-0500] {processor.py:914} INFO - Processing file /home/d-salamanca/airflow-env/lib/python3.12/site-packages/airflow/example_dags/example_branch_datetime_operator.py for tasks to queue
[2024-09-29T08:55:50.861-0500] {logging_mixin.py:190} INFO - [2024-09-29T08:55:50.860-0500] {dagbag.py:588} INFO - Filling up the DagBag from /home/d-salamanca/airflow-env/lib/python3.12/site-packages/airflow/example_dags/example_branch_datetime_operator.py
[2024-09-29T08:55:50.892-0500] {processor.py:925} INFO - DAG(s) 'example_branch_datetime_operator_3', 'example_branch_datetime_operator_2', 'example_branch_datetime_operator' retrieved from /home/d-salamanca/airflow-env/lib/python3.12/site-packages/airflow/example_dags/example_branch_datetime_operator.py
[2024-09-29T08:55:50.917-0500] {logging_mixin.py:190} INFO - [2024-09-29T08:55:50.917-0500] {dag.py:3239} INFO - Sync 3 DAGs
[2024-09-29T08:55:50.943-0500] {logging_mixin.py:190} INFO - [2024-09-29T08:55:50.943-0500] {dag.py:4180} INFO - Setting next_dagrun for example_branch_datetime_operator to 2024-09-28 00:00:00+00:00, run_after=2024-09-29 00:00:00+00:00
[2024-09-29T08:55:50.949-0500] {logging_mixin.py:190} INFO - [2024-09-29T08:55:50.949-0500] {dag.py:4180} INFO - Setting next_dagrun for example_branch_datetime_operator_2 to 2024-09-28 00:00:00+00:00, run_after=2024-09-29 00:00:00+00:00
[2024-09-29T08:55:50.952-0500] {logging_mixin.py:190} INFO - [2024-09-29T08:55:50.951-0500] {dag.py:4180} INFO - Setting next_dagrun for example_branch_datetime_operator_3 to 2024-09-28 00:00:00+00:00, run_after=2024-09-29 00:00:00+00:00
[2024-09-29T08:55:51.062-0500] {processor.py:208} INFO - Processing /home/d-salamanca/airflow-env/lib/python3.12/site-packages/airflow/example_dags/example_branch_datetime_operator.py took 0.254 seconds
[2024-09-29T08:57:42.019-0500] {processor.py:186} INFO - Started process (PID=32190) to work on /home/d-salamanca/airflow-env/lib/python3.12/site-packages/airflow/example_dags/example_branch_datetime_operator.py
[2024-09-29T08:57:42.027-0500] {processor.py:914} INFO - Processing file /home/d-salamanca/airflow-env/lib/python3.12/site-packages/airflow/example_dags/example_branch_datetime_operator.py for tasks to queue
[2024-09-29T08:57:42.031-0500] {logging_mixin.py:190} INFO - [2024-09-29T08:57:42.030-0500] {dagbag.py:588} INFO - Filling up the DagBag from /home/d-salamanca/airflow-env/lib/python3.12/site-packages/airflow/example_dags/example_branch_datetime_operator.py
[2024-09-29T08:57:42.046-0500] {processor.py:925} INFO - DAG(s) 'example_branch_datetime_operator_2', 'example_branch_datetime_operator_3', 'example_branch_datetime_operator' retrieved from /home/d-salamanca/airflow-env/lib/python3.12/site-packages/airflow/example_dags/example_branch_datetime_operator.py
[2024-09-29T08:57:42.070-0500] {logging_mixin.py:190} INFO - [2024-09-29T08:57:42.069-0500] {dag.py:3239} INFO - Sync 3 DAGs
[2024-09-29T08:57:42.095-0500] {logging_mixin.py:190} INFO - [2024-09-29T08:57:42.095-0500] {dag.py:4180} INFO - Setting next_dagrun for example_branch_datetime_operator to 2024-09-28 00:00:00+00:00, run_after=2024-09-29 00:00:00+00:00
[2024-09-29T08:57:42.103-0500] {logging_mixin.py:190} INFO - [2024-09-29T08:57:42.102-0500] {dag.py:4180} INFO - Setting next_dagrun for example_branch_datetime_operator_2 to 2024-09-28 00:00:00+00:00, run_after=2024-09-29 00:00:00+00:00
[2024-09-29T08:57:42.105-0500] {logging_mixin.py:190} INFO - [2024-09-29T08:57:42.105-0500] {dag.py:4180} INFO - Setting next_dagrun for example_branch_datetime_operator_3 to 2024-09-28 00:00:00+00:00, run_after=2024-09-29 00:00:00+00:00
[2024-09-29T08:57:42.145-0500] {processor.py:208} INFO - Processing /home/d-salamanca/airflow-env/lib/python3.12/site-packages/airflow/example_dags/example_branch_datetime_operator.py took 0.134 seconds
[2024-09-29T08:59:27.988-0500] {processor.py:186} INFO - Started process (PID=32394) to work on /home/d-salamanca/airflow-env/lib/python3.12/site-packages/airflow/example_dags/example_branch_datetime_operator.py
[2024-09-29T08:59:27.989-0500] {processor.py:914} INFO - Processing file /home/d-salamanca/airflow-env/lib/python3.12/site-packages/airflow/example_dags/example_branch_datetime_operator.py for tasks to queue
[2024-09-29T08:59:27.992-0500] {logging_mixin.py:190} INFO - [2024-09-29T08:59:27.992-0500] {dagbag.py:588} INFO - Filling up the DagBag from /home/d-salamanca/airflow-env/lib/python3.12/site-packages/airflow/example_dags/example_branch_datetime_operator.py
[2024-09-29T08:59:28.044-0500] {processor.py:925} INFO - DAG(s) 'example_branch_datetime_operator', 'example_branch_datetime_operator_3', 'example_branch_datetime_operator_2' retrieved from /home/d-salamanca/airflow-env/lib/python3.12/site-packages/airflow/example_dags/example_branch_datetime_operator.py
[2024-09-29T08:59:28.071-0500] {logging_mixin.py:190} INFO - [2024-09-29T08:59:28.070-0500] {dag.py:3239} INFO - Sync 3 DAGs
[2024-09-29T08:59:28.096-0500] {logging_mixin.py:190} INFO - [2024-09-29T08:59:28.095-0500] {dag.py:4180} INFO - Setting next_dagrun for example_branch_datetime_operator to 2024-09-28 00:00:00+00:00, run_after=2024-09-29 00:00:00+00:00
[2024-09-29T08:59:28.101-0500] {logging_mixin.py:190} INFO - [2024-09-29T08:59:28.101-0500] {dag.py:4180} INFO - Setting next_dagrun for example_branch_datetime_operator_2 to 2024-09-28 00:00:00+00:00, run_after=2024-09-29 00:00:00+00:00
[2024-09-29T08:59:28.103-0500] {logging_mixin.py:190} INFO - [2024-09-29T08:59:28.103-0500] {dag.py:4180} INFO - Setting next_dagrun for example_branch_datetime_operator_3 to 2024-09-28 00:00:00+00:00, run_after=2024-09-29 00:00:00+00:00
[2024-09-29T08:59:28.151-0500] {processor.py:208} INFO - Processing /home/d-salamanca/airflow-env/lib/python3.12/site-packages/airflow/example_dags/example_branch_datetime_operator.py took 0.171 seconds
[2024-09-29T09:01:24.147-0500] {processor.py:186} INFO - Started process (PID=32570) to work on /home/d-salamanca/airflow-env/lib/python3.12/site-packages/airflow/example_dags/example_branch_datetime_operator.py
[2024-09-29T09:01:24.149-0500] {processor.py:914} INFO - Processing file /home/d-salamanca/airflow-env/lib/python3.12/site-packages/airflow/example_dags/example_branch_datetime_operator.py for tasks to queue
[2024-09-29T09:01:24.151-0500] {logging_mixin.py:190} INFO - [2024-09-29T09:01:24.151-0500] {dagbag.py:588} INFO - Filling up the DagBag from /home/d-salamanca/airflow-env/lib/python3.12/site-packages/airflow/example_dags/example_branch_datetime_operator.py
[2024-09-29T09:01:24.193-0500] {processor.py:925} INFO - DAG(s) 'example_branch_datetime_operator', 'example_branch_datetime_operator_3', 'example_branch_datetime_operator_2' retrieved from /home/d-salamanca/airflow-env/lib/python3.12/site-packages/airflow/example_dags/example_branch_datetime_operator.py
[2024-09-29T09:01:24.218-0500] {logging_mixin.py:190} INFO - [2024-09-29T09:01:24.218-0500] {dag.py:3239} INFO - Sync 3 DAGs
[2024-09-29T09:01:24.243-0500] {logging_mixin.py:190} INFO - [2024-09-29T09:01:24.243-0500] {dag.py:4180} INFO - Setting next_dagrun for example_branch_datetime_operator to 2024-09-28 00:00:00+00:00, run_after=2024-09-29 00:00:00+00:00
[2024-09-29T09:01:24.248-0500] {logging_mixin.py:190} INFO - [2024-09-29T09:01:24.248-0500] {dag.py:4180} INFO - Setting next_dagrun for example_branch_datetime_operator_2 to 2024-09-28 00:00:00+00:00, run_after=2024-09-29 00:00:00+00:00
[2024-09-29T09:01:24.250-0500] {logging_mixin.py:190} INFO - [2024-09-29T09:01:24.250-0500] {dag.py:4180} INFO - Setting next_dagrun for example_branch_datetime_operator_3 to 2024-09-28 00:00:00+00:00, run_after=2024-09-29 00:00:00+00:00
[2024-09-29T09:01:24.323-0500] {processor.py:208} INFO - Processing /home/d-salamanca/airflow-env/lib/python3.12/site-packages/airflow/example_dags/example_branch_datetime_operator.py took 0.183 seconds
[2024-09-29T09:02:56.617-0500] {processor.py:186} INFO - Started process (PID=32644) to work on /home/d-salamanca/airflow-env/lib/python3.12/site-packages/airflow/example_dags/example_branch_datetime_operator.py
[2024-09-29T09:02:56.618-0500] {processor.py:914} INFO - Processing file /home/d-salamanca/airflow-env/lib/python3.12/site-packages/airflow/example_dags/example_branch_datetime_operator.py for tasks to queue
[2024-09-29T09:02:56.621-0500] {logging_mixin.py:190} INFO - [2024-09-29T09:02:56.620-0500] {dagbag.py:588} INFO - Filling up the DagBag from /home/d-salamanca/airflow-env/lib/python3.12/site-packages/airflow/example_dags/example_branch_datetime_operator.py
[2024-09-29T09:02:56.635-0500] {processor.py:925} INFO - DAG(s) 'example_branch_datetime_operator_3', 'example_branch_datetime_operator_2', 'example_branch_datetime_operator' retrieved from /home/d-salamanca/airflow-env/lib/python3.12/site-packages/airflow/example_dags/example_branch_datetime_operator.py
[2024-09-29T09:02:56.660-0500] {logging_mixin.py:190} INFO - [2024-09-29T09:02:56.660-0500] {dag.py:3239} INFO - Sync 3 DAGs
[2024-09-29T09:02:56.685-0500] {logging_mixin.py:190} INFO - [2024-09-29T09:02:56.685-0500] {dag.py:4180} INFO - Setting next_dagrun for example_branch_datetime_operator to 2024-09-28 00:00:00+00:00, run_after=2024-09-29 00:00:00+00:00
[2024-09-29T09:02:56.690-0500] {logging_mixin.py:190} INFO - [2024-09-29T09:02:56.690-0500] {dag.py:4180} INFO - Setting next_dagrun for example_branch_datetime_operator_2 to 2024-09-28 00:00:00+00:00, run_after=2024-09-29 00:00:00+00:00
[2024-09-29T09:02:56.693-0500] {logging_mixin.py:190} INFO - [2024-09-29T09:02:56.692-0500] {dag.py:4180} INFO - Setting next_dagrun for example_branch_datetime_operator_3 to 2024-09-28 00:00:00+00:00, run_after=2024-09-29 00:00:00+00:00
[2024-09-29T09:02:56.738-0500] {processor.py:208} INFO - Processing /home/d-salamanca/airflow-env/lib/python3.12/site-packages/airflow/example_dags/example_branch_datetime_operator.py took 0.133 seconds
[2024-09-29T09:04:21.269-0500] {processor.py:186} INFO - Started process (PID=32738) to work on /home/d-salamanca/airflow-env/lib/python3.12/site-packages/airflow/example_dags/example_branch_datetime_operator.py
[2024-09-29T09:04:21.270-0500] {processor.py:914} INFO - Processing file /home/d-salamanca/airflow-env/lib/python3.12/site-packages/airflow/example_dags/example_branch_datetime_operator.py for tasks to queue
[2024-09-29T09:04:21.275-0500] {logging_mixin.py:190} INFO - [2024-09-29T09:04:21.274-0500] {dagbag.py:588} INFO - Filling up the DagBag from /home/d-salamanca/airflow-env/lib/python3.12/site-packages/airflow/example_dags/example_branch_datetime_operator.py
[2024-09-29T09:04:21.292-0500] {processor.py:925} INFO - DAG(s) 'example_branch_datetime_operator_3', 'example_branch_datetime_operator_2', 'example_branch_datetime_operator' retrieved from /home/d-salamanca/airflow-env/lib/python3.12/site-packages/airflow/example_dags/example_branch_datetime_operator.py
[2024-09-29T09:04:21.319-0500] {logging_mixin.py:190} INFO - [2024-09-29T09:04:21.319-0500] {dag.py:3239} INFO - Sync 3 DAGs
[2024-09-29T09:04:21.345-0500] {logging_mixin.py:190} INFO - [2024-09-29T09:04:21.345-0500] {dag.py:4180} INFO - Setting next_dagrun for example_branch_datetime_operator to 2024-09-28 00:00:00+00:00, run_after=2024-09-29 00:00:00+00:00
[2024-09-29T09:04:21.351-0500] {logging_mixin.py:190} INFO - [2024-09-29T09:04:21.351-0500] {dag.py:4180} INFO - Setting next_dagrun for example_branch_datetime_operator_2 to 2024-09-28 00:00:00+00:00, run_after=2024-09-29 00:00:00+00:00
[2024-09-29T09:04:21.354-0500] {logging_mixin.py:190} INFO - [2024-09-29T09:04:21.354-0500] {dag.py:4180} INFO - Setting next_dagrun for example_branch_datetime_operator_3 to 2024-09-28 00:00:00+00:00, run_after=2024-09-29 00:00:00+00:00
[2024-09-29T09:04:21.972-0500] {processor.py:208} INFO - Processing /home/d-salamanca/airflow-env/lib/python3.12/site-packages/airflow/example_dags/example_branch_datetime_operator.py took 0.712 seconds
[2024-09-29T09:06:43.287-0500] {processor.py:186} INFO - Started process (PID=33073) to work on /home/d-salamanca/airflow-env/lib/python3.12/site-packages/airflow/example_dags/example_branch_datetime_operator.py
[2024-09-29T09:06:43.357-0500] {processor.py:914} INFO - Processing file /home/d-salamanca/airflow-env/lib/python3.12/site-packages/airflow/example_dags/example_branch_datetime_operator.py for tasks to queue
[2024-09-29T09:06:43.362-0500] {logging_mixin.py:190} INFO - [2024-09-29T09:06:43.361-0500] {dagbag.py:588} INFO - Filling up the DagBag from /home/d-salamanca/airflow-env/lib/python3.12/site-packages/airflow/example_dags/example_branch_datetime_operator.py
[2024-09-29T09:06:43.482-0500] {processor.py:925} INFO - DAG(s) 'example_branch_datetime_operator_3', 'example_branch_datetime_operator_2', 'example_branch_datetime_operator' retrieved from /home/d-salamanca/airflow-env/lib/python3.12/site-packages/airflow/example_dags/example_branch_datetime_operator.py
[2024-09-29T09:06:43.511-0500] {logging_mixin.py:190} INFO - [2024-09-29T09:06:43.511-0500] {dag.py:3239} INFO - Sync 3 DAGs
[2024-09-29T09:06:43.536-0500] {logging_mixin.py:190} INFO - [2024-09-29T09:06:43.536-0500] {dag.py:4180} INFO - Setting next_dagrun for example_branch_datetime_operator to 2024-09-28 00:00:00+00:00, run_after=2024-09-29 00:00:00+00:00
[2024-09-29T09:06:43.542-0500] {logging_mixin.py:190} INFO - [2024-09-29T09:06:43.541-0500] {dag.py:4180} INFO - Setting next_dagrun for example_branch_datetime_operator_2 to 2024-09-28 00:00:00+00:00, run_after=2024-09-29 00:00:00+00:00
[2024-09-29T09:06:43.544-0500] {logging_mixin.py:190} INFO - [2024-09-29T09:06:43.544-0500] {dag.py:4180} INFO - Setting next_dagrun for example_branch_datetime_operator_3 to 2024-09-28 00:00:00+00:00, run_after=2024-09-29 00:00:00+00:00
[2024-09-29T09:06:43.694-0500] {processor.py:208} INFO - Processing /home/d-salamanca/airflow-env/lib/python3.12/site-packages/airflow/example_dags/example_branch_datetime_operator.py took 0.417 seconds
[2024-09-29T09:08:08.280-0500] {processor.py:186} INFO - Started process (PID=33149) to work on /home/d-salamanca/airflow-env/lib/python3.12/site-packages/airflow/example_dags/example_branch_datetime_operator.py
[2024-09-29T09:08:08.304-0500] {processor.py:914} INFO - Processing file /home/d-salamanca/airflow-env/lib/python3.12/site-packages/airflow/example_dags/example_branch_datetime_operator.py for tasks to queue
[2024-09-29T09:08:08.312-0500] {logging_mixin.py:190} INFO - [2024-09-29T09:08:08.311-0500] {dagbag.py:588} INFO - Filling up the DagBag from /home/d-salamanca/airflow-env/lib/python3.12/site-packages/airflow/example_dags/example_branch_datetime_operator.py
[2024-09-29T09:08:08.547-0500] {processor.py:925} INFO - DAG(s) 'example_branch_datetime_operator_2', 'example_branch_datetime_operator', 'example_branch_datetime_operator_3' retrieved from /home/d-salamanca/airflow-env/lib/python3.12/site-packages/airflow/example_dags/example_branch_datetime_operator.py
[2024-09-29T09:08:08.835-0500] {logging_mixin.py:190} INFO - [2024-09-29T09:08:08.835-0500] {dag.py:3239} INFO - Sync 3 DAGs
[2024-09-29T09:08:08.905-0500] {logging_mixin.py:190} INFO - [2024-09-29T09:08:08.905-0500] {dag.py:4180} INFO - Setting next_dagrun for example_branch_datetime_operator to 2024-09-28 00:00:00+00:00, run_after=2024-09-29 00:00:00+00:00
[2024-09-29T09:08:08.911-0500] {logging_mixin.py:190} INFO - [2024-09-29T09:08:08.910-0500] {dag.py:4180} INFO - Setting next_dagrun for example_branch_datetime_operator_2 to 2024-09-28 00:00:00+00:00, run_after=2024-09-29 00:00:00+00:00
[2024-09-29T09:08:08.913-0500] {logging_mixin.py:190} INFO - [2024-09-29T09:08:08.913-0500] {dag.py:4180} INFO - Setting next_dagrun for example_branch_datetime_operator_3 to 2024-09-28 00:00:00+00:00, run_after=2024-09-29 00:00:00+00:00
[2024-09-29T09:08:08.984-0500] {processor.py:208} INFO - Processing /home/d-salamanca/airflow-env/lib/python3.12/site-packages/airflow/example_dags/example_branch_datetime_operator.py took 0.714 seconds
