[2024-09-29T00:19:54.399-0500] {processor.py:186} INFO - Started process (PID=28646) to work on /home/d-salamanca/airflow-env/lib/python3.12/site-packages/airflow/example_dags/example_branch_python_dop_operator_3.py
[2024-09-29T00:19:54.400-0500] {processor.py:914} INFO - Processing file /home/d-salamanca/airflow-env/lib/python3.12/site-packages/airflow/example_dags/example_branch_python_dop_operator_3.py for tasks to queue
[2024-09-29T00:19:54.402-0500] {logging_mixin.py:190} INFO - [2024-09-29T00:19:54.401-0500] {dagbag.py:588} INFO - Filling up the DagBag from /home/d-salamanca/airflow-env/lib/python3.12/site-packages/airflow/example_dags/example_branch_python_dop_operator_3.py
[2024-09-29T00:19:54.440-0500] {processor.py:925} INFO - DAG(s) 'example_branch_dop_operator_v3' retrieved from /home/d-salamanca/airflow-env/lib/python3.12/site-packages/airflow/example_dags/example_branch_python_dop_operator_3.py
[2024-09-29T00:19:54.573-0500] {logging_mixin.py:190} INFO - [2024-09-29T00:19:54.572-0500] {override.py:1901} INFO - Created Permission View: can edit on DAG:example_branch_dop_operator_v3
[2024-09-29T00:19:54.595-0500] {logging_mixin.py:190} INFO - [2024-09-29T00:19:54.594-0500] {override.py:1901} INFO - Created Permission View: can read on DAG:example_branch_dop_operator_v3
[2024-09-29T00:19:54.610-0500] {logging_mixin.py:190} INFO - [2024-09-29T00:19:54.609-0500] {override.py:1901} INFO - Created Permission View: can delete on DAG:example_branch_dop_operator_v3
[2024-09-29T00:19:54.646-0500] {logging_mixin.py:190} INFO - [2024-09-29T00:19:54.646-0500] {override.py:1901} INFO - Created Permission View: can create on DAG Run:example_branch_dop_operator_v3
[2024-09-29T00:19:54.662-0500] {logging_mixin.py:190} INFO - [2024-09-29T00:19:54.662-0500] {override.py:1901} INFO - Created Permission View: can read on DAG Run:example_branch_dop_operator_v3
[2024-09-29T00:19:54.684-0500] {logging_mixin.py:190} INFO - [2024-09-29T00:19:54.684-0500] {override.py:1901} INFO - Created Permission View: can delete on DAG Run:example_branch_dop_operator_v3
[2024-09-29T00:19:54.697-0500] {logging_mixin.py:190} INFO - [2024-09-29T00:19:54.696-0500] {override.py:1901} INFO - Created Permission View: menu access on DAG Run:example_branch_dop_operator_v3
[2024-09-29T00:19:54.697-0500] {logging_mixin.py:190} INFO - [2024-09-29T00:19:54.697-0500] {dag.py:3239} INFO - Sync 1 DAGs
[2024-09-29T00:19:54.710-0500] {logging_mixin.py:190} INFO - [2024-09-29T00:19:54.710-0500] {dag.py:3262} INFO - Creating ORM DAG for example_branch_dop_operator_v3
[2024-09-29T00:19:54.722-0500] {logging_mixin.py:190} INFO - [2024-09-29T00:19:54.722-0500] {dag.py:4180} INFO - Setting next_dagrun for example_branch_dop_operator_v3 to 2024-09-29 05:18:00+00:00, run_after=2024-09-29 05:19:00+00:00
[2024-09-29T00:19:54.746-0500] {processor.py:208} INFO - Processing /home/d-salamanca/airflow-env/lib/python3.12/site-packages/airflow/example_dags/example_branch_python_dop_operator_3.py took 0.354 seconds
[2024-09-29T00:21:38.753-0500] {processor.py:186} INFO - Started process (PID=28739) to work on /home/d-salamanca/airflow-env/lib/python3.12/site-packages/airflow/example_dags/example_branch_python_dop_operator_3.py
[2024-09-29T00:21:38.816-0500] {processor.py:914} INFO - Processing file /home/d-salamanca/airflow-env/lib/python3.12/site-packages/airflow/example_dags/example_branch_python_dop_operator_3.py for tasks to queue
[2024-09-29T00:21:38.822-0500] {logging_mixin.py:190} INFO - [2024-09-29T00:21:38.820-0500] {dagbag.py:588} INFO - Filling up the DagBag from /home/d-salamanca/airflow-env/lib/python3.12/site-packages/airflow/example_dags/example_branch_python_dop_operator_3.py
[2024-09-29T00:21:38.836-0500] {processor.py:925} INFO - DAG(s) 'example_branch_dop_operator_v3' retrieved from /home/d-salamanca/airflow-env/lib/python3.12/site-packages/airflow/example_dags/example_branch_python_dop_operator_3.py
[2024-09-29T00:21:38.857-0500] {logging_mixin.py:190} INFO - [2024-09-29T00:21:38.856-0500] {dag.py:3239} INFO - Sync 1 DAGs
[2024-09-29T00:21:38.884-0500] {logging_mixin.py:190} INFO - [2024-09-29T00:21:38.884-0500] {dag.py:4180} INFO - Setting next_dagrun for example_branch_dop_operator_v3 to 2024-09-29 05:20:00+00:00, run_after=2024-09-29 05:21:00+00:00
[2024-09-29T00:21:39.147-0500] {processor.py:208} INFO - Processing /home/d-salamanca/airflow-env/lib/python3.12/site-packages/airflow/example_dags/example_branch_python_dop_operator_3.py took 0.401 seconds
[2024-09-29T00:23:13.897-0500] {processor.py:186} INFO - Started process (PID=28814) to work on /home/d-salamanca/airflow-env/lib/python3.12/site-packages/airflow/example_dags/example_branch_python_dop_operator_3.py
[2024-09-29T00:23:13.926-0500] {processor.py:914} INFO - Processing file /home/d-salamanca/airflow-env/lib/python3.12/site-packages/airflow/example_dags/example_branch_python_dop_operator_3.py for tasks to queue
[2024-09-29T00:23:13.930-0500] {logging_mixin.py:190} INFO - [2024-09-29T00:23:13.929-0500] {dagbag.py:588} INFO - Filling up the DagBag from /home/d-salamanca/airflow-env/lib/python3.12/site-packages/airflow/example_dags/example_branch_python_dop_operator_3.py
[2024-09-29T00:23:13.943-0500] {processor.py:925} INFO - DAG(s) 'example_branch_dop_operator_v3' retrieved from /home/d-salamanca/airflow-env/lib/python3.12/site-packages/airflow/example_dags/example_branch_python_dop_operator_3.py
[2024-09-29T00:23:13.962-0500] {logging_mixin.py:190} INFO - [2024-09-29T00:23:13.962-0500] {dag.py:3239} INFO - Sync 1 DAGs
[2024-09-29T00:23:13.988-0500] {logging_mixin.py:190} INFO - [2024-09-29T00:23:13.988-0500] {dag.py:4180} INFO - Setting next_dagrun for example_branch_dop_operator_v3 to 2024-09-29 05:22:00+00:00, run_after=2024-09-29 05:23:00+00:00
[2024-09-29T00:23:14.424-0500] {processor.py:208} INFO - Processing /home/d-salamanca/airflow-env/lib/python3.12/site-packages/airflow/example_dags/example_branch_python_dop_operator_3.py took 0.539 seconds
[2024-09-29T00:24:39.266-0500] {processor.py:186} INFO - Started process (PID=28886) to work on /home/d-salamanca/airflow-env/lib/python3.12/site-packages/airflow/example_dags/example_branch_python_dop_operator_3.py
[2024-09-29T00:24:39.267-0500] {processor.py:914} INFO - Processing file /home/d-salamanca/airflow-env/lib/python3.12/site-packages/airflow/example_dags/example_branch_python_dop_operator_3.py for tasks to queue
[2024-09-29T00:24:39.269-0500] {logging_mixin.py:190} INFO - [2024-09-29T00:24:39.269-0500] {dagbag.py:588} INFO - Filling up the DagBag from /home/d-salamanca/airflow-env/lib/python3.12/site-packages/airflow/example_dags/example_branch_python_dop_operator_3.py
[2024-09-29T00:24:39.281-0500] {processor.py:925} INFO - DAG(s) 'example_branch_dop_operator_v3' retrieved from /home/d-salamanca/airflow-env/lib/python3.12/site-packages/airflow/example_dags/example_branch_python_dop_operator_3.py
[2024-09-29T00:24:39.299-0500] {logging_mixin.py:190} INFO - [2024-09-29T00:24:39.298-0500] {dag.py:3239} INFO - Sync 1 DAGs
[2024-09-29T00:24:39.323-0500] {logging_mixin.py:190} INFO - [2024-09-29T00:24:39.322-0500] {dag.py:4180} INFO - Setting next_dagrun for example_branch_dop_operator_v3 to 2024-09-29 05:23:00+00:00, run_after=2024-09-29 05:24:00+00:00
[2024-09-29T00:24:39.364-0500] {processor.py:208} INFO - Processing /home/d-salamanca/airflow-env/lib/python3.12/site-packages/airflow/example_dags/example_branch_python_dop_operator_3.py took 0.106 seconds
[2024-09-29T00:26:13.243-0500] {processor.py:186} INFO - Started process (PID=28959) to work on /home/d-salamanca/airflow-env/lib/python3.12/site-packages/airflow/example_dags/example_branch_python_dop_operator_3.py
[2024-09-29T00:26:13.245-0500] {processor.py:914} INFO - Processing file /home/d-salamanca/airflow-env/lib/python3.12/site-packages/airflow/example_dags/example_branch_python_dop_operator_3.py for tasks to queue
[2024-09-29T00:26:13.247-0500] {logging_mixin.py:190} INFO - [2024-09-29T00:26:13.247-0500] {dagbag.py:588} INFO - Filling up the DagBag from /home/d-salamanca/airflow-env/lib/python3.12/site-packages/airflow/example_dags/example_branch_python_dop_operator_3.py
[2024-09-29T00:26:13.390-0500] {processor.py:925} INFO - DAG(s) 'example_branch_dop_operator_v3' retrieved from /home/d-salamanca/airflow-env/lib/python3.12/site-packages/airflow/example_dags/example_branch_python_dop_operator_3.py
[2024-09-29T00:26:13.403-0500] {logging_mixin.py:190} INFO - [2024-09-29T00:26:13.403-0500] {dag.py:3239} INFO - Sync 1 DAGs
[2024-09-29T00:26:13.425-0500] {logging_mixin.py:190} INFO - [2024-09-29T00:26:13.425-0500] {dag.py:4180} INFO - Setting next_dagrun for example_branch_dop_operator_v3 to 2024-09-29 05:25:00+00:00, run_after=2024-09-29 05:26:00+00:00
[2024-09-29T00:26:13.883-0500] {processor.py:208} INFO - Processing /home/d-salamanca/airflow-env/lib/python3.12/site-packages/airflow/example_dags/example_branch_python_dop_operator_3.py took 0.648 seconds
[2024-09-29T00:27:43.361-0500] {processor.py:186} INFO - Started process (PID=29120) to work on /home/d-salamanca/airflow-env/lib/python3.12/site-packages/airflow/example_dags/example_branch_python_dop_operator_3.py
[2024-09-29T00:27:43.417-0500] {processor.py:914} INFO - Processing file /home/d-salamanca/airflow-env/lib/python3.12/site-packages/airflow/example_dags/example_branch_python_dop_operator_3.py for tasks to queue
[2024-09-29T00:27:43.421-0500] {logging_mixin.py:190} INFO - [2024-09-29T00:27:43.421-0500] {dagbag.py:588} INFO - Filling up the DagBag from /home/d-salamanca/airflow-env/lib/python3.12/site-packages/airflow/example_dags/example_branch_python_dop_operator_3.py
[2024-09-29T00:27:43.435-0500] {processor.py:925} INFO - DAG(s) 'example_branch_dop_operator_v3' retrieved from /home/d-salamanca/airflow-env/lib/python3.12/site-packages/airflow/example_dags/example_branch_python_dop_operator_3.py
[2024-09-29T00:27:43.455-0500] {logging_mixin.py:190} INFO - [2024-09-29T00:27:43.455-0500] {dag.py:3239} INFO - Sync 1 DAGs
[2024-09-29T00:27:43.484-0500] {logging_mixin.py:190} INFO - [2024-09-29T00:27:43.484-0500] {dag.py:4180} INFO - Setting next_dagrun for example_branch_dop_operator_v3 to 2024-09-29 05:26:00+00:00, run_after=2024-09-29 05:27:00+00:00
[2024-09-29T00:27:43.545-0500] {processor.py:208} INFO - Processing /home/d-salamanca/airflow-env/lib/python3.12/site-packages/airflow/example_dags/example_branch_python_dop_operator_3.py took 0.192 seconds
[2024-09-29T00:29:57.129-0500] {processor.py:186} INFO - Started process (PID=29250) to work on /home/d-salamanca/airflow-env/lib/python3.12/site-packages/airflow/example_dags/example_branch_python_dop_operator_3.py
[2024-09-29T00:29:57.163-0500] {processor.py:914} INFO - Processing file /home/d-salamanca/airflow-env/lib/python3.12/site-packages/airflow/example_dags/example_branch_python_dop_operator_3.py for tasks to queue
[2024-09-29T00:29:57.170-0500] {logging_mixin.py:190} INFO - [2024-09-29T00:29:57.168-0500] {dagbag.py:588} INFO - Filling up the DagBag from /home/d-salamanca/airflow-env/lib/python3.12/site-packages/airflow/example_dags/example_branch_python_dop_operator_3.py
[2024-09-29T00:29:57.291-0500] {processor.py:925} INFO - DAG(s) 'example_branch_dop_operator_v3' retrieved from /home/d-salamanca/airflow-env/lib/python3.12/site-packages/airflow/example_dags/example_branch_python_dop_operator_3.py
[2024-09-29T00:29:57.380-0500] {logging_mixin.py:190} INFO - [2024-09-29T00:29:57.379-0500] {dag.py:3239} INFO - Sync 1 DAGs
[2024-09-29T00:29:57.835-0500] {logging_mixin.py:190} INFO - [2024-09-29T00:29:57.834-0500] {dag.py:4180} INFO - Setting next_dagrun for example_branch_dop_operator_v3 to 2024-09-29 05:28:00+00:00, run_after=2024-09-29 05:29:00+00:00
[2024-09-29T00:29:58.474-0500] {processor.py:208} INFO - Processing /home/d-salamanca/airflow-env/lib/python3.12/site-packages/airflow/example_dags/example_branch_python_dop_operator_3.py took 1.354 seconds
[2024-09-29T00:32:07.177-0500] {processor.py:186} INFO - Started process (PID=29346) to work on /home/d-salamanca/airflow-env/lib/python3.12/site-packages/airflow/example_dags/example_branch_python_dop_operator_3.py
[2024-09-29T00:32:07.199-0500] {processor.py:914} INFO - Processing file /home/d-salamanca/airflow-env/lib/python3.12/site-packages/airflow/example_dags/example_branch_python_dop_operator_3.py for tasks to queue
[2024-09-29T00:32:07.202-0500] {logging_mixin.py:190} INFO - [2024-09-29T00:32:07.201-0500] {dagbag.py:588} INFO - Filling up the DagBag from /home/d-salamanca/airflow-env/lib/python3.12/site-packages/airflow/example_dags/example_branch_python_dop_operator_3.py
[2024-09-29T00:32:07.252-0500] {processor.py:925} INFO - DAG(s) 'example_branch_dop_operator_v3' retrieved from /home/d-salamanca/airflow-env/lib/python3.12/site-packages/airflow/example_dags/example_branch_python_dop_operator_3.py
[2024-09-29T00:32:07.271-0500] {logging_mixin.py:190} INFO - [2024-09-29T00:32:07.271-0500] {dag.py:3239} INFO - Sync 1 DAGs
[2024-09-29T00:32:07.298-0500] {logging_mixin.py:190} INFO - [2024-09-29T00:32:07.297-0500] {dag.py:4180} INFO - Setting next_dagrun for example_branch_dop_operator_v3 to 2024-09-29 05:31:00+00:00, run_after=2024-09-29 05:32:00+00:00
[2024-09-29T00:32:07.324-0500] {processor.py:208} INFO - Processing /home/d-salamanca/airflow-env/lib/python3.12/site-packages/airflow/example_dags/example_branch_python_dop_operator_3.py took 0.155 seconds
[2024-09-29T00:33:27.919-0500] {processor.py:186} INFO - Started process (PID=29426) to work on /home/d-salamanca/airflow-env/lib/python3.12/site-packages/airflow/example_dags/example_branch_python_dop_operator_3.py
[2024-09-29T00:33:27.934-0500] {processor.py:914} INFO - Processing file /home/d-salamanca/airflow-env/lib/python3.12/site-packages/airflow/example_dags/example_branch_python_dop_operator_3.py for tasks to queue
[2024-09-29T00:33:27.938-0500] {logging_mixin.py:190} INFO - [2024-09-29T00:33:27.937-0500] {dagbag.py:588} INFO - Filling up the DagBag from /home/d-salamanca/airflow-env/lib/python3.12/site-packages/airflow/example_dags/example_branch_python_dop_operator_3.py
[2024-09-29T00:33:27.963-0500] {processor.py:925} INFO - DAG(s) 'example_branch_dop_operator_v3' retrieved from /home/d-salamanca/airflow-env/lib/python3.12/site-packages/airflow/example_dags/example_branch_python_dop_operator_3.py
[2024-09-29T00:33:27.982-0500] {logging_mixin.py:190} INFO - [2024-09-29T00:33:27.982-0500] {dag.py:3239} INFO - Sync 1 DAGs
[2024-09-29T00:33:28.009-0500] {logging_mixin.py:190} INFO - [2024-09-29T00:33:28.008-0500] {dag.py:4180} INFO - Setting next_dagrun for example_branch_dop_operator_v3 to 2024-09-29 05:32:00+00:00, run_after=2024-09-29 05:33:00+00:00
[2024-09-29T00:33:28.045-0500] {processor.py:208} INFO - Processing /home/d-salamanca/airflow-env/lib/python3.12/site-packages/airflow/example_dags/example_branch_python_dop_operator_3.py took 0.136 seconds
[2024-09-29T08:19:42.527-0500] {processor.py:186} INFO - Started process (PID=29618) to work on /home/d-salamanca/airflow-env/lib/python3.12/site-packages/airflow/example_dags/example_branch_python_dop_operator_3.py
[2024-09-29T08:19:42.580-0500] {processor.py:914} INFO - Processing file /home/d-salamanca/airflow-env/lib/python3.12/site-packages/airflow/example_dags/example_branch_python_dop_operator_3.py for tasks to queue
[2024-09-29T08:19:42.586-0500] {logging_mixin.py:190} INFO - [2024-09-29T08:19:42.585-0500] {dagbag.py:588} INFO - Filling up the DagBag from /home/d-salamanca/airflow-env/lib/python3.12/site-packages/airflow/example_dags/example_branch_python_dop_operator_3.py
[2024-09-29T08:19:42.605-0500] {processor.py:925} INFO - DAG(s) 'example_branch_dop_operator_v3' retrieved from /home/d-salamanca/airflow-env/lib/python3.12/site-packages/airflow/example_dags/example_branch_python_dop_operator_3.py
[2024-09-29T08:19:42.685-0500] {logging_mixin.py:190} INFO - [2024-09-29T08:19:42.661-0500] {dag.py:3239} INFO - Sync 1 DAGs
[2024-09-29T08:19:42.846-0500] {logging_mixin.py:190} INFO - [2024-09-29T08:19:42.846-0500] {dag.py:4180} INFO - Setting next_dagrun for example_branch_dop_operator_v3 to 2024-09-29 13:18:00+00:00, run_after=2024-09-29 13:19:00+00:00
[2024-09-29T08:19:43.020-0500] {processor.py:208} INFO - Processing /home/d-salamanca/airflow-env/lib/python3.12/site-packages/airflow/example_dags/example_branch_python_dop_operator_3.py took 0.500 seconds
[2024-09-29T08:21:46.590-0500] {processor.py:186} INFO - Started process (PID=29854) to work on /home/d-salamanca/airflow-env/lib/python3.12/site-packages/airflow/example_dags/example_branch_python_dop_operator_3.py
[2024-09-29T08:21:46.607-0500] {processor.py:914} INFO - Processing file /home/d-salamanca/airflow-env/lib/python3.12/site-packages/airflow/example_dags/example_branch_python_dop_operator_3.py for tasks to queue
[2024-09-29T08:21:46.610-0500] {logging_mixin.py:190} INFO - [2024-09-29T08:21:46.609-0500] {dagbag.py:588} INFO - Filling up the DagBag from /home/d-salamanca/airflow-env/lib/python3.12/site-packages/airflow/example_dags/example_branch_python_dop_operator_3.py
[2024-09-29T08:21:46.882-0500] {processor.py:925} INFO - DAG(s) 'example_branch_dop_operator_v3' retrieved from /home/d-salamanca/airflow-env/lib/python3.12/site-packages/airflow/example_dags/example_branch_python_dop_operator_3.py
[2024-09-29T08:21:46.903-0500] {logging_mixin.py:190} INFO - [2024-09-29T08:21:46.902-0500] {dag.py:3239} INFO - Sync 1 DAGs
[2024-09-29T08:21:46.930-0500] {logging_mixin.py:190} INFO - [2024-09-29T08:21:46.930-0500] {dag.py:4180} INFO - Setting next_dagrun for example_branch_dop_operator_v3 to 2024-09-29 13:20:00+00:00, run_after=2024-09-29 13:21:00+00:00
[2024-09-29T08:21:46.963-0500] {processor.py:208} INFO - Processing /home/d-salamanca/airflow-env/lib/python3.12/site-packages/airflow/example_dags/example_branch_python_dop_operator_3.py took 0.385 seconds
[2024-09-29T08:23:33.111-0500] {processor.py:186} INFO - Started process (PID=29934) to work on /home/d-salamanca/airflow-env/lib/python3.12/site-packages/airflow/example_dags/example_branch_python_dop_operator_3.py
[2024-09-29T08:23:33.127-0500] {processor.py:914} INFO - Processing file /home/d-salamanca/airflow-env/lib/python3.12/site-packages/airflow/example_dags/example_branch_python_dop_operator_3.py for tasks to queue
[2024-09-29T08:23:33.131-0500] {logging_mixin.py:190} INFO - [2024-09-29T08:23:33.130-0500] {dagbag.py:588} INFO - Filling up the DagBag from /home/d-salamanca/airflow-env/lib/python3.12/site-packages/airflow/example_dags/example_branch_python_dop_operator_3.py
[2024-09-29T08:23:33.170-0500] {processor.py:925} INFO - DAG(s) 'example_branch_dop_operator_v3' retrieved from /home/d-salamanca/airflow-env/lib/python3.12/site-packages/airflow/example_dags/example_branch_python_dop_operator_3.py
[2024-09-29T08:23:33.189-0500] {logging_mixin.py:190} INFO - [2024-09-29T08:23:33.189-0500] {dag.py:3239} INFO - Sync 1 DAGs
[2024-09-29T08:23:33.225-0500] {logging_mixin.py:190} INFO - [2024-09-29T08:23:33.224-0500] {dag.py:4180} INFO - Setting next_dagrun for example_branch_dop_operator_v3 to 2024-09-29 13:22:00+00:00, run_after=2024-09-29 13:23:00+00:00
[2024-09-29T08:23:33.349-0500] {processor.py:208} INFO - Processing /home/d-salamanca/airflow-env/lib/python3.12/site-packages/airflow/example_dags/example_branch_python_dop_operator_3.py took 0.245 seconds
[2024-09-29T08:24:59.680-0500] {processor.py:186} INFO - Started process (PID=30034) to work on /home/d-salamanca/airflow-env/lib/python3.12/site-packages/airflow/example_dags/example_branch_python_dop_operator_3.py
[2024-09-29T08:24:59.750-0500] {processor.py:914} INFO - Processing file /home/d-salamanca/airflow-env/lib/python3.12/site-packages/airflow/example_dags/example_branch_python_dop_operator_3.py for tasks to queue
[2024-09-29T08:24:59.757-0500] {logging_mixin.py:190} INFO - [2024-09-29T08:24:59.755-0500] {dagbag.py:588} INFO - Filling up the DagBag from /home/d-salamanca/airflow-env/lib/python3.12/site-packages/airflow/example_dags/example_branch_python_dop_operator_3.py
[2024-09-29T08:24:59.771-0500] {processor.py:925} INFO - DAG(s) 'example_branch_dop_operator_v3' retrieved from /home/d-salamanca/airflow-env/lib/python3.12/site-packages/airflow/example_dags/example_branch_python_dop_operator_3.py
[2024-09-29T08:24:59.789-0500] {logging_mixin.py:190} INFO - [2024-09-29T08:24:59.789-0500] {dag.py:3239} INFO - Sync 1 DAGs
[2024-09-29T08:24:59.815-0500] {logging_mixin.py:190} INFO - [2024-09-29T08:24:59.815-0500] {dag.py:4180} INFO - Setting next_dagrun for example_branch_dop_operator_v3 to 2024-09-29 13:23:00+00:00, run_after=2024-09-29 13:24:00+00:00
[2024-09-29T08:25:00.082-0500] {processor.py:208} INFO - Processing /home/d-salamanca/airflow-env/lib/python3.12/site-packages/airflow/example_dags/example_branch_python_dop_operator_3.py took 0.410 seconds
[2024-09-29T08:26:26.572-0500] {processor.py:186} INFO - Started process (PID=30109) to work on /home/d-salamanca/airflow-env/lib/python3.12/site-packages/airflow/example_dags/example_branch_python_dop_operator_3.py
[2024-09-29T08:26:26.573-0500] {processor.py:914} INFO - Processing file /home/d-salamanca/airflow-env/lib/python3.12/site-packages/airflow/example_dags/example_branch_python_dop_operator_3.py for tasks to queue
[2024-09-29T08:26:26.576-0500] {logging_mixin.py:190} INFO - [2024-09-29T08:26:26.575-0500] {dagbag.py:588} INFO - Filling up the DagBag from /home/d-salamanca/airflow-env/lib/python3.12/site-packages/airflow/example_dags/example_branch_python_dop_operator_3.py
[2024-09-29T08:26:26.616-0500] {processor.py:925} INFO - DAG(s) 'example_branch_dop_operator_v3' retrieved from /home/d-salamanca/airflow-env/lib/python3.12/site-packages/airflow/example_dags/example_branch_python_dop_operator_3.py
[2024-09-29T08:26:26.634-0500] {logging_mixin.py:190} INFO - [2024-09-29T08:26:26.634-0500] {dag.py:3239} INFO - Sync 1 DAGs
[2024-09-29T08:26:26.659-0500] {logging_mixin.py:190} INFO - [2024-09-29T08:26:26.659-0500] {dag.py:4180} INFO - Setting next_dagrun for example_branch_dop_operator_v3 to 2024-09-29 13:25:00+00:00, run_after=2024-09-29 13:26:00+00:00
[2024-09-29T08:26:26.696-0500] {processor.py:208} INFO - Processing /home/d-salamanca/airflow-env/lib/python3.12/site-packages/airflow/example_dags/example_branch_python_dop_operator_3.py took 0.135 seconds
[2024-09-29T08:27:46.000-0500] {processor.py:186} INFO - Started process (PID=30176) to work on /home/d-salamanca/airflow-env/lib/python3.12/site-packages/airflow/example_dags/example_branch_python_dop_operator_3.py
[2024-09-29T08:27:46.001-0500] {processor.py:914} INFO - Processing file /home/d-salamanca/airflow-env/lib/python3.12/site-packages/airflow/example_dags/example_branch_python_dop_operator_3.py for tasks to queue
[2024-09-29T08:27:46.004-0500] {logging_mixin.py:190} INFO - [2024-09-29T08:27:46.003-0500] {dagbag.py:588} INFO - Filling up the DagBag from /home/d-salamanca/airflow-env/lib/python3.12/site-packages/airflow/example_dags/example_branch_python_dop_operator_3.py
[2024-09-29T08:27:46.017-0500] {processor.py:925} INFO - DAG(s) 'example_branch_dop_operator_v3' retrieved from /home/d-salamanca/airflow-env/lib/python3.12/site-packages/airflow/example_dags/example_branch_python_dop_operator_3.py
[2024-09-29T08:27:46.035-0500] {logging_mixin.py:190} INFO - [2024-09-29T08:27:46.035-0500] {dag.py:3239} INFO - Sync 1 DAGs
[2024-09-29T08:27:46.061-0500] {logging_mixin.py:190} INFO - [2024-09-29T08:27:46.060-0500] {dag.py:4180} INFO - Setting next_dagrun for example_branch_dop_operator_v3 to 2024-09-29 13:26:00+00:00, run_after=2024-09-29 13:27:00+00:00
[2024-09-29T08:27:46.133-0500] {processor.py:208} INFO - Processing /home/d-salamanca/airflow-env/lib/python3.12/site-packages/airflow/example_dags/example_branch_python_dop_operator_3.py took 0.141 seconds
[2024-09-29T08:29:00.791-0500] {processor.py:186} INFO - Started process (PID=30243) to work on /home/d-salamanca/airflow-env/lib/python3.12/site-packages/airflow/example_dags/example_branch_python_dop_operator_3.py
[2024-09-29T08:29:00.792-0500] {processor.py:914} INFO - Processing file /home/d-salamanca/airflow-env/lib/python3.12/site-packages/airflow/example_dags/example_branch_python_dop_operator_3.py for tasks to queue
[2024-09-29T08:29:00.795-0500] {logging_mixin.py:190} INFO - [2024-09-29T08:29:00.794-0500] {dagbag.py:588} INFO - Filling up the DagBag from /home/d-salamanca/airflow-env/lib/python3.12/site-packages/airflow/example_dags/example_branch_python_dop_operator_3.py
[2024-09-29T08:29:00.808-0500] {processor.py:925} INFO - DAG(s) 'example_branch_dop_operator_v3' retrieved from /home/d-salamanca/airflow-env/lib/python3.12/site-packages/airflow/example_dags/example_branch_python_dop_operator_3.py
[2024-09-29T08:29:00.827-0500] {logging_mixin.py:190} INFO - [2024-09-29T08:29:00.827-0500] {dag.py:3239} INFO - Sync 1 DAGs
[2024-09-29T08:29:00.855-0500] {logging_mixin.py:190} INFO - [2024-09-29T08:29:00.855-0500] {dag.py:4180} INFO - Setting next_dagrun for example_branch_dop_operator_v3 to 2024-09-29 13:28:00+00:00, run_after=2024-09-29 13:29:00+00:00
[2024-09-29T08:29:00.906-0500] {processor.py:208} INFO - Processing /home/d-salamanca/airflow-env/lib/python3.12/site-packages/airflow/example_dags/example_branch_python_dop_operator_3.py took 0.123 seconds
[2024-09-29T08:30:29.252-0500] {processor.py:186} INFO - Started process (PID=30322) to work on /home/d-salamanca/airflow-env/lib/python3.12/site-packages/airflow/example_dags/example_branch_python_dop_operator_3.py
[2024-09-29T08:30:29.264-0500] {processor.py:914} INFO - Processing file /home/d-salamanca/airflow-env/lib/python3.12/site-packages/airflow/example_dags/example_branch_python_dop_operator_3.py for tasks to queue
[2024-09-29T08:30:29.268-0500] {logging_mixin.py:190} INFO - [2024-09-29T08:30:29.268-0500] {dagbag.py:588} INFO - Filling up the DagBag from /home/d-salamanca/airflow-env/lib/python3.12/site-packages/airflow/example_dags/example_branch_python_dop_operator_3.py
[2024-09-29T08:30:29.283-0500] {processor.py:925} INFO - DAG(s) 'example_branch_dop_operator_v3' retrieved from /home/d-salamanca/airflow-env/lib/python3.12/site-packages/airflow/example_dags/example_branch_python_dop_operator_3.py
[2024-09-29T08:30:29.302-0500] {logging_mixin.py:190} INFO - [2024-09-29T08:30:29.301-0500] {dag.py:3239} INFO - Sync 1 DAGs
[2024-09-29T08:30:29.327-0500] {logging_mixin.py:190} INFO - [2024-09-29T08:30:29.327-0500] {dag.py:4180} INFO - Setting next_dagrun for example_branch_dop_operator_v3 to 2024-09-29 13:29:00+00:00, run_after=2024-09-29 13:30:00+00:00
[2024-09-29T08:30:29.359-0500] {processor.py:208} INFO - Processing /home/d-salamanca/airflow-env/lib/python3.12/site-packages/airflow/example_dags/example_branch_python_dop_operator_3.py took 0.116 seconds
[2024-09-29T08:32:02.206-0500] {processor.py:186} INFO - Started process (PID=30404) to work on /home/d-salamanca/airflow-env/lib/python3.12/site-packages/airflow/example_dags/example_branch_python_dop_operator_3.py
[2024-09-29T08:32:02.207-0500] {processor.py:914} INFO - Processing file /home/d-salamanca/airflow-env/lib/python3.12/site-packages/airflow/example_dags/example_branch_python_dop_operator_3.py for tasks to queue
[2024-09-29T08:32:02.209-0500] {logging_mixin.py:190} INFO - [2024-09-29T08:32:02.209-0500] {dagbag.py:588} INFO - Filling up the DagBag from /home/d-salamanca/airflow-env/lib/python3.12/site-packages/airflow/example_dags/example_branch_python_dop_operator_3.py
[2024-09-29T08:32:02.222-0500] {processor.py:925} INFO - DAG(s) 'example_branch_dop_operator_v3' retrieved from /home/d-salamanca/airflow-env/lib/python3.12/site-packages/airflow/example_dags/example_branch_python_dop_operator_3.py
[2024-09-29T08:32:02.240-0500] {logging_mixin.py:190} INFO - [2024-09-29T08:32:02.240-0500] {dag.py:3239} INFO - Sync 1 DAGs
[2024-09-29T08:32:02.266-0500] {logging_mixin.py:190} INFO - [2024-09-29T08:32:02.266-0500] {dag.py:4180} INFO - Setting next_dagrun for example_branch_dop_operator_v3 to 2024-09-29 13:31:00+00:00, run_after=2024-09-29 13:32:00+00:00
[2024-09-29T08:32:02.416-0500] {processor.py:208} INFO - Processing /home/d-salamanca/airflow-env/lib/python3.12/site-packages/airflow/example_dags/example_branch_python_dop_operator_3.py took 0.218 seconds
[2024-09-29T08:33:34.603-0500] {processor.py:186} INFO - Started process (PID=30482) to work on /home/d-salamanca/airflow-env/lib/python3.12/site-packages/airflow/example_dags/example_branch_python_dop_operator_3.py
[2024-09-29T08:33:34.622-0500] {processor.py:914} INFO - Processing file /home/d-salamanca/airflow-env/lib/python3.12/site-packages/airflow/example_dags/example_branch_python_dop_operator_3.py for tasks to queue
[2024-09-29T08:33:34.629-0500] {logging_mixin.py:190} INFO - [2024-09-29T08:33:34.628-0500] {dagbag.py:588} INFO - Filling up the DagBag from /home/d-salamanca/airflow-env/lib/python3.12/site-packages/airflow/example_dags/example_branch_python_dop_operator_3.py
[2024-09-29T08:33:34.644-0500] {processor.py:925} INFO - DAG(s) 'example_branch_dop_operator_v3' retrieved from /home/d-salamanca/airflow-env/lib/python3.12/site-packages/airflow/example_dags/example_branch_python_dop_operator_3.py
[2024-09-29T08:33:34.680-0500] {logging_mixin.py:190} INFO - [2024-09-29T08:33:34.679-0500] {dag.py:3239} INFO - Sync 1 DAGs
[2024-09-29T08:33:34.708-0500] {logging_mixin.py:190} INFO - [2024-09-29T08:33:34.708-0500] {dag.py:4180} INFO - Setting next_dagrun for example_branch_dop_operator_v3 to 2024-09-29 13:32:00+00:00, run_after=2024-09-29 13:33:00+00:00
[2024-09-29T08:33:34.745-0500] {processor.py:208} INFO - Processing /home/d-salamanca/airflow-env/lib/python3.12/site-packages/airflow/example_dags/example_branch_python_dop_operator_3.py took 0.152 seconds
[2024-09-29T08:34:58.846-0500] {processor.py:186} INFO - Started process (PID=30546) to work on /home/d-salamanca/airflow-env/lib/python3.12/site-packages/airflow/example_dags/example_branch_python_dop_operator_3.py
[2024-09-29T08:34:59.141-0500] {processor.py:914} INFO - Processing file /home/d-salamanca/airflow-env/lib/python3.12/site-packages/airflow/example_dags/example_branch_python_dop_operator_3.py for tasks to queue
[2024-09-29T08:34:59.147-0500] {logging_mixin.py:190} INFO - [2024-09-29T08:34:59.146-0500] {dagbag.py:588} INFO - Filling up the DagBag from /home/d-salamanca/airflow-env/lib/python3.12/site-packages/airflow/example_dags/example_branch_python_dop_operator_3.py
[2024-09-29T08:34:59.168-0500] {processor.py:925} INFO - DAG(s) 'example_branch_dop_operator_v3' retrieved from /home/d-salamanca/airflow-env/lib/python3.12/site-packages/airflow/example_dags/example_branch_python_dop_operator_3.py
[2024-09-29T08:34:59.186-0500] {logging_mixin.py:190} INFO - [2024-09-29T08:34:59.185-0500] {dag.py:3239} INFO - Sync 1 DAGs
[2024-09-29T08:34:59.212-0500] {logging_mixin.py:190} INFO - [2024-09-29T08:34:59.212-0500] {dag.py:4180} INFO - Setting next_dagrun for example_branch_dop_operator_v3 to 2024-09-29 13:33:00+00:00, run_after=2024-09-29 13:34:00+00:00
[2024-09-29T08:34:59.521-0500] {processor.py:208} INFO - Processing /home/d-salamanca/airflow-env/lib/python3.12/site-packages/airflow/example_dags/example_branch_python_dop_operator_3.py took 0.683 seconds
[2024-09-29T08:37:36.203-0500] {processor.py:186} INFO - Started process (PID=31026) to work on /home/d-salamanca/airflow-env/lib/python3.12/site-packages/airflow/example_dags/example_branch_python_dop_operator_3.py
[2024-09-29T08:37:36.227-0500] {processor.py:914} INFO - Processing file /home/d-salamanca/airflow-env/lib/python3.12/site-packages/airflow/example_dags/example_branch_python_dop_operator_3.py for tasks to queue
[2024-09-29T08:37:36.232-0500] {logging_mixin.py:190} INFO - [2024-09-29T08:37:36.232-0500] {dagbag.py:588} INFO - Filling up the DagBag from /home/d-salamanca/airflow-env/lib/python3.12/site-packages/airflow/example_dags/example_branch_python_dop_operator_3.py
[2024-09-29T08:37:36.257-0500] {processor.py:925} INFO - DAG(s) 'example_branch_dop_operator_v3' retrieved from /home/d-salamanca/airflow-env/lib/python3.12/site-packages/airflow/example_dags/example_branch_python_dop_operator_3.py
[2024-09-29T08:37:36.277-0500] {logging_mixin.py:190} INFO - [2024-09-29T08:37:36.277-0500] {dag.py:3239} INFO - Sync 1 DAGs
[2024-09-29T08:37:36.305-0500] {logging_mixin.py:190} INFO - [2024-09-29T08:37:36.305-0500] {dag.py:4180} INFO - Setting next_dagrun for example_branch_dop_operator_v3 to 2024-09-29 13:36:00+00:00, run_after=2024-09-29 13:37:00+00:00
[2024-09-29T08:37:36.338-0500] {processor.py:208} INFO - Processing /home/d-salamanca/airflow-env/lib/python3.12/site-packages/airflow/example_dags/example_branch_python_dop_operator_3.py took 0.148 seconds
[2024-09-29T08:38:58.253-0500] {processor.py:186} INFO - Started process (PID=31097) to work on /home/d-salamanca/airflow-env/lib/python3.12/site-packages/airflow/example_dags/example_branch_python_dop_operator_3.py
[2024-09-29T08:38:58.287-0500] {processor.py:914} INFO - Processing file /home/d-salamanca/airflow-env/lib/python3.12/site-packages/airflow/example_dags/example_branch_python_dop_operator_3.py for tasks to queue
[2024-09-29T08:38:58.290-0500] {logging_mixin.py:190} INFO - [2024-09-29T08:38:58.289-0500] {dagbag.py:588} INFO - Filling up the DagBag from /home/d-salamanca/airflow-env/lib/python3.12/site-packages/airflow/example_dags/example_branch_python_dop_operator_3.py
[2024-09-29T08:38:58.317-0500] {processor.py:925} INFO - DAG(s) 'example_branch_dop_operator_v3' retrieved from /home/d-salamanca/airflow-env/lib/python3.12/site-packages/airflow/example_dags/example_branch_python_dop_operator_3.py
[2024-09-29T08:38:58.334-0500] {logging_mixin.py:190} INFO - [2024-09-29T08:38:58.334-0500] {dag.py:3239} INFO - Sync 1 DAGs
[2024-09-29T08:38:58.360-0500] {logging_mixin.py:190} INFO - [2024-09-29T08:38:58.360-0500] {dag.py:4180} INFO - Setting next_dagrun for example_branch_dop_operator_v3 to 2024-09-29 13:37:00+00:00, run_after=2024-09-29 13:38:00+00:00
[2024-09-29T08:38:58.438-0500] {processor.py:208} INFO - Processing /home/d-salamanca/airflow-env/lib/python3.12/site-packages/airflow/example_dags/example_branch_python_dop_operator_3.py took 0.193 seconds
[2024-09-29T08:40:32.860-0500] {processor.py:186} INFO - Started process (PID=31175) to work on /home/d-salamanca/airflow-env/lib/python3.12/site-packages/airflow/example_dags/example_branch_python_dop_operator_3.py
[2024-09-29T08:40:32.884-0500] {processor.py:914} INFO - Processing file /home/d-salamanca/airflow-env/lib/python3.12/site-packages/airflow/example_dags/example_branch_python_dop_operator_3.py for tasks to queue
[2024-09-29T08:40:32.889-0500] {logging_mixin.py:190} INFO - [2024-09-29T08:40:32.888-0500] {dagbag.py:588} INFO - Filling up the DagBag from /home/d-salamanca/airflow-env/lib/python3.12/site-packages/airflow/example_dags/example_branch_python_dop_operator_3.py
[2024-09-29T08:40:32.906-0500] {processor.py:925} INFO - DAG(s) 'example_branch_dop_operator_v3' retrieved from /home/d-salamanca/airflow-env/lib/python3.12/site-packages/airflow/example_dags/example_branch_python_dop_operator_3.py
[2024-09-29T08:40:32.925-0500] {logging_mixin.py:190} INFO - [2024-09-29T08:40:32.924-0500] {dag.py:3239} INFO - Sync 1 DAGs
[2024-09-29T08:40:32.955-0500] {logging_mixin.py:190} INFO - [2024-09-29T08:40:32.954-0500] {dag.py:4180} INFO - Setting next_dagrun for example_branch_dop_operator_v3 to 2024-09-29 13:39:00+00:00, run_after=2024-09-29 13:40:00+00:00
[2024-09-29T08:40:32.986-0500] {processor.py:208} INFO - Processing /home/d-salamanca/airflow-env/lib/python3.12/site-packages/airflow/example_dags/example_branch_python_dop_operator_3.py took 0.134 seconds
[2024-09-29T08:42:03.034-0500] {processor.py:186} INFO - Started process (PID=31246) to work on /home/d-salamanca/airflow-env/lib/python3.12/site-packages/airflow/example_dags/example_branch_python_dop_operator_3.py
[2024-09-29T08:42:03.058-0500] {processor.py:914} INFO - Processing file /home/d-salamanca/airflow-env/lib/python3.12/site-packages/airflow/example_dags/example_branch_python_dop_operator_3.py for tasks to queue
[2024-09-29T08:42:03.063-0500] {logging_mixin.py:190} INFO - [2024-09-29T08:42:03.062-0500] {dagbag.py:588} INFO - Filling up the DagBag from /home/d-salamanca/airflow-env/lib/python3.12/site-packages/airflow/example_dags/example_branch_python_dop_operator_3.py
[2024-09-29T08:42:03.077-0500] {processor.py:925} INFO - DAG(s) 'example_branch_dop_operator_v3' retrieved from /home/d-salamanca/airflow-env/lib/python3.12/site-packages/airflow/example_dags/example_branch_python_dop_operator_3.py
[2024-09-29T08:42:03.095-0500] {logging_mixin.py:190} INFO - [2024-09-29T08:42:03.094-0500] {dag.py:3239} INFO - Sync 1 DAGs
[2024-09-29T08:42:03.126-0500] {logging_mixin.py:190} INFO - [2024-09-29T08:42:03.126-0500] {dag.py:4180} INFO - Setting next_dagrun for example_branch_dop_operator_v3 to 2024-09-29 13:41:00+00:00, run_after=2024-09-29 13:42:00+00:00
[2024-09-29T08:42:03.745-0500] {processor.py:208} INFO - Processing /home/d-salamanca/airflow-env/lib/python3.12/site-packages/airflow/example_dags/example_branch_python_dop_operator_3.py took 0.719 seconds
[2024-09-29T08:43:36.605-0500] {processor.py:186} INFO - Started process (PID=31320) to work on /home/d-salamanca/airflow-env/lib/python3.12/site-packages/airflow/example_dags/example_branch_python_dop_operator_3.py
[2024-09-29T08:43:36.649-0500] {processor.py:914} INFO - Processing file /home/d-salamanca/airflow-env/lib/python3.12/site-packages/airflow/example_dags/example_branch_python_dop_operator_3.py for tasks to queue
[2024-09-29T08:43:36.655-0500] {logging_mixin.py:190} INFO - [2024-09-29T08:43:36.654-0500] {dagbag.py:588} INFO - Filling up the DagBag from /home/d-salamanca/airflow-env/lib/python3.12/site-packages/airflow/example_dags/example_branch_python_dop_operator_3.py
[2024-09-29T08:43:36.669-0500] {processor.py:925} INFO - DAG(s) 'example_branch_dop_operator_v3' retrieved from /home/d-salamanca/airflow-env/lib/python3.12/site-packages/airflow/example_dags/example_branch_python_dop_operator_3.py
[2024-09-29T08:43:36.688-0500] {logging_mixin.py:190} INFO - [2024-09-29T08:43:36.688-0500] {dag.py:3239} INFO - Sync 1 DAGs
[2024-09-29T08:43:36.714-0500] {logging_mixin.py:190} INFO - [2024-09-29T08:43:36.714-0500] {dag.py:4180} INFO - Setting next_dagrun for example_branch_dop_operator_v3 to 2024-09-29 13:42:00+00:00, run_after=2024-09-29 13:43:00+00:00
[2024-09-29T08:43:36.798-0500] {processor.py:208} INFO - Processing /home/d-salamanca/airflow-env/lib/python3.12/site-packages/airflow/example_dags/example_branch_python_dop_operator_3.py took 0.201 seconds
[2024-09-29T08:44:59.120-0500] {processor.py:186} INFO - Started process (PID=31396) to work on /home/d-salamanca/airflow-env/lib/python3.12/site-packages/airflow/example_dags/example_branch_python_dop_operator_3.py
[2024-09-29T08:44:59.121-0500] {processor.py:914} INFO - Processing file /home/d-salamanca/airflow-env/lib/python3.12/site-packages/airflow/example_dags/example_branch_python_dop_operator_3.py for tasks to queue
[2024-09-29T08:44:59.124-0500] {logging_mixin.py:190} INFO - [2024-09-29T08:44:59.123-0500] {dagbag.py:588} INFO - Filling up the DagBag from /home/d-salamanca/airflow-env/lib/python3.12/site-packages/airflow/example_dags/example_branch_python_dop_operator_3.py
[2024-09-29T08:44:59.137-0500] {processor.py:925} INFO - DAG(s) 'example_branch_dop_operator_v3' retrieved from /home/d-salamanca/airflow-env/lib/python3.12/site-packages/airflow/example_dags/example_branch_python_dop_operator_3.py
[2024-09-29T08:44:59.155-0500] {logging_mixin.py:190} INFO - [2024-09-29T08:44:59.154-0500] {dag.py:3239} INFO - Sync 1 DAGs
[2024-09-29T08:44:59.209-0500] {logging_mixin.py:190} INFO - [2024-09-29T08:44:59.208-0500] {dag.py:4180} INFO - Setting next_dagrun for example_branch_dop_operator_v3 to 2024-09-29 13:43:00+00:00, run_after=2024-09-29 13:44:00+00:00
[2024-09-29T08:44:59.270-0500] {processor.py:208} INFO - Processing /home/d-salamanca/airflow-env/lib/python3.12/site-packages/airflow/example_dags/example_branch_python_dop_operator_3.py took 0.157 seconds
[2024-09-29T08:46:57.805-0500] {processor.py:186} INFO - Started process (PID=31473) to work on /home/d-salamanca/airflow-env/lib/python3.12/site-packages/airflow/example_dags/example_branch_python_dop_operator_3.py
[2024-09-29T08:46:57.806-0500] {processor.py:914} INFO - Processing file /home/d-salamanca/airflow-env/lib/python3.12/site-packages/airflow/example_dags/example_branch_python_dop_operator_3.py for tasks to queue
[2024-09-29T08:46:57.809-0500] {logging_mixin.py:190} INFO - [2024-09-29T08:46:57.808-0500] {dagbag.py:588} INFO - Filling up the DagBag from /home/d-salamanca/airflow-env/lib/python3.12/site-packages/airflow/example_dags/example_branch_python_dop_operator_3.py
[2024-09-29T08:46:57.827-0500] {processor.py:925} INFO - DAG(s) 'example_branch_dop_operator_v3' retrieved from /home/d-salamanca/airflow-env/lib/python3.12/site-packages/airflow/example_dags/example_branch_python_dop_operator_3.py
[2024-09-29T08:46:57.845-0500] {logging_mixin.py:190} INFO - [2024-09-29T08:46:57.845-0500] {dag.py:3239} INFO - Sync 1 DAGs
[2024-09-29T08:46:57.872-0500] {logging_mixin.py:190} INFO - [2024-09-29T08:46:57.871-0500] {dag.py:4180} INFO - Setting next_dagrun for example_branch_dop_operator_v3 to 2024-09-29 13:45:00+00:00, run_after=2024-09-29 13:46:00+00:00
[2024-09-29T08:46:58.192-0500] {processor.py:208} INFO - Processing /home/d-salamanca/airflow-env/lib/python3.12/site-packages/airflow/example_dags/example_branch_python_dop_operator_3.py took 0.394 seconds
[2024-09-29T08:48:26.125-0500] {processor.py:186} INFO - Started process (PID=31559) to work on /home/d-salamanca/airflow-env/lib/python3.12/site-packages/airflow/example_dags/example_branch_python_dop_operator_3.py
[2024-09-29T08:48:26.139-0500] {processor.py:914} INFO - Processing file /home/d-salamanca/airflow-env/lib/python3.12/site-packages/airflow/example_dags/example_branch_python_dop_operator_3.py for tasks to queue
[2024-09-29T08:48:26.146-0500] {logging_mixin.py:190} INFO - [2024-09-29T08:48:26.144-0500] {dagbag.py:588} INFO - Filling up the DagBag from /home/d-salamanca/airflow-env/lib/python3.12/site-packages/airflow/example_dags/example_branch_python_dop_operator_3.py
[2024-09-29T08:48:26.161-0500] {processor.py:925} INFO - DAG(s) 'example_branch_dop_operator_v3' retrieved from /home/d-salamanca/airflow-env/lib/python3.12/site-packages/airflow/example_dags/example_branch_python_dop_operator_3.py
[2024-09-29T08:48:26.180-0500] {logging_mixin.py:190} INFO - [2024-09-29T08:48:26.179-0500] {dag.py:3239} INFO - Sync 1 DAGs
[2024-09-29T08:48:26.206-0500] {logging_mixin.py:190} INFO - [2024-09-29T08:48:26.206-0500] {dag.py:4180} INFO - Setting next_dagrun for example_branch_dop_operator_v3 to 2024-09-29 13:47:00+00:00, run_after=2024-09-29 13:48:00+00:00
[2024-09-29T08:48:26.245-0500] {processor.py:208} INFO - Processing /home/d-salamanca/airflow-env/lib/python3.12/site-packages/airflow/example_dags/example_branch_python_dop_operator_3.py took 0.128 seconds
[2024-09-29T08:49:51.076-0500] {processor.py:186} INFO - Started process (PID=31631) to work on /home/d-salamanca/airflow-env/lib/python3.12/site-packages/airflow/example_dags/example_branch_python_dop_operator_3.py
[2024-09-29T08:49:51.104-0500] {processor.py:914} INFO - Processing file /home/d-salamanca/airflow-env/lib/python3.12/site-packages/airflow/example_dags/example_branch_python_dop_operator_3.py for tasks to queue
[2024-09-29T08:49:51.110-0500] {logging_mixin.py:190} INFO - [2024-09-29T08:49:51.108-0500] {dagbag.py:588} INFO - Filling up the DagBag from /home/d-salamanca/airflow-env/lib/python3.12/site-packages/airflow/example_dags/example_branch_python_dop_operator_3.py
[2024-09-29T08:49:51.124-0500] {processor.py:925} INFO - DAG(s) 'example_branch_dop_operator_v3' retrieved from /home/d-salamanca/airflow-env/lib/python3.12/site-packages/airflow/example_dags/example_branch_python_dop_operator_3.py
[2024-09-29T08:49:51.143-0500] {logging_mixin.py:190} INFO - [2024-09-29T08:49:51.143-0500] {dag.py:3239} INFO - Sync 1 DAGs
[2024-09-29T08:49:51.170-0500] {logging_mixin.py:190} INFO - [2024-09-29T08:49:51.170-0500] {dag.py:4180} INFO - Setting next_dagrun for example_branch_dop_operator_v3 to 2024-09-29 13:48:00+00:00, run_after=2024-09-29 13:49:00+00:00
[2024-09-29T08:49:51.221-0500] {processor.py:208} INFO - Processing /home/d-salamanca/airflow-env/lib/python3.12/site-packages/airflow/example_dags/example_branch_python_dop_operator_3.py took 0.153 seconds
[2024-09-29T08:52:02.159-0500] {processor.py:186} INFO - Started process (PID=31925) to work on /home/d-salamanca/airflow-env/lib/python3.12/site-packages/airflow/example_dags/example_branch_python_dop_operator_3.py
[2024-09-29T08:52:02.792-0500] {processor.py:914} INFO - Processing file /home/d-salamanca/airflow-env/lib/python3.12/site-packages/airflow/example_dags/example_branch_python_dop_operator_3.py for tasks to queue
[2024-09-29T08:52:02.798-0500] {logging_mixin.py:190} INFO - [2024-09-29T08:52:02.797-0500] {dagbag.py:588} INFO - Filling up the DagBag from /home/d-salamanca/airflow-env/lib/python3.12/site-packages/airflow/example_dags/example_branch_python_dop_operator_3.py
[2024-09-29T08:52:02.839-0500] {processor.py:925} INFO - DAG(s) 'example_branch_dop_operator_v3' retrieved from /home/d-salamanca/airflow-env/lib/python3.12/site-packages/airflow/example_dags/example_branch_python_dop_operator_3.py
[2024-09-29T08:52:02.859-0500] {logging_mixin.py:190} INFO - [2024-09-29T08:52:02.858-0500] {dag.py:3239} INFO - Sync 1 DAGs
[2024-09-29T08:52:03.054-0500] {logging_mixin.py:190} INFO - [2024-09-29T08:52:03.054-0500] {dag.py:4180} INFO - Setting next_dagrun for example_branch_dop_operator_v3 to 2024-09-29 13:51:00+00:00, run_after=2024-09-29 13:52:00+00:00
[2024-09-29T08:52:04.025-0500] {processor.py:208} INFO - Processing /home/d-salamanca/airflow-env/lib/python3.12/site-packages/airflow/example_dags/example_branch_python_dop_operator_3.py took 1.878 seconds
[2024-09-29T08:54:10.124-0500] {processor.py:186} INFO - Started process (PID=32026) to work on /home/d-salamanca/airflow-env/lib/python3.12/site-packages/airflow/example_dags/example_branch_python_dop_operator_3.py
[2024-09-29T08:54:10.157-0500] {processor.py:914} INFO - Processing file /home/d-salamanca/airflow-env/lib/python3.12/site-packages/airflow/example_dags/example_branch_python_dop_operator_3.py for tasks to queue
[2024-09-29T08:54:10.162-0500] {logging_mixin.py:190} INFO - [2024-09-29T08:54:10.161-0500] {dagbag.py:588} INFO - Filling up the DagBag from /home/d-salamanca/airflow-env/lib/python3.12/site-packages/airflow/example_dags/example_branch_python_dop_operator_3.py
[2024-09-29T08:54:10.230-0500] {processor.py:925} INFO - DAG(s) 'example_branch_dop_operator_v3' retrieved from /home/d-salamanca/airflow-env/lib/python3.12/site-packages/airflow/example_dags/example_branch_python_dop_operator_3.py
[2024-09-29T08:54:10.249-0500] {logging_mixin.py:190} INFO - [2024-09-29T08:54:10.249-0500] {dag.py:3239} INFO - Sync 1 DAGs
[2024-09-29T08:54:10.325-0500] {logging_mixin.py:190} INFO - [2024-09-29T08:54:10.325-0500] {dag.py:4180} INFO - Setting next_dagrun for example_branch_dop_operator_v3 to 2024-09-29 13:53:00+00:00, run_after=2024-09-29 13:54:00+00:00
[2024-09-29T08:54:10.355-0500] {processor.py:208} INFO - Processing /home/d-salamanca/airflow-env/lib/python3.12/site-packages/airflow/example_dags/example_branch_python_dop_operator_3.py took 0.241 seconds
[2024-09-29T08:55:42.737-0500] {processor.py:186} INFO - Started process (PID=32103) to work on /home/d-salamanca/airflow-env/lib/python3.12/site-packages/airflow/example_dags/example_branch_python_dop_operator_3.py
[2024-09-29T08:55:42.750-0500] {processor.py:914} INFO - Processing file /home/d-salamanca/airflow-env/lib/python3.12/site-packages/airflow/example_dags/example_branch_python_dop_operator_3.py for tasks to queue
[2024-09-29T08:55:42.753-0500] {logging_mixin.py:190} INFO - [2024-09-29T08:55:42.752-0500] {dagbag.py:588} INFO - Filling up the DagBag from /home/d-salamanca/airflow-env/lib/python3.12/site-packages/airflow/example_dags/example_branch_python_dop_operator_3.py
[2024-09-29T08:55:42.767-0500] {processor.py:925} INFO - DAG(s) 'example_branch_dop_operator_v3' retrieved from /home/d-salamanca/airflow-env/lib/python3.12/site-packages/airflow/example_dags/example_branch_python_dop_operator_3.py
[2024-09-29T08:55:42.786-0500] {logging_mixin.py:190} INFO - [2024-09-29T08:55:42.786-0500] {dag.py:3239} INFO - Sync 1 DAGs
[2024-09-29T08:55:42.825-0500] {logging_mixin.py:190} INFO - [2024-09-29T08:55:42.824-0500] {dag.py:4180} INFO - Setting next_dagrun for example_branch_dop_operator_v3 to 2024-09-29 13:54:00+00:00, run_after=2024-09-29 13:55:00+00:00
[2024-09-29T08:55:42.866-0500] {processor.py:208} INFO - Processing /home/d-salamanca/airflow-env/lib/python3.12/site-packages/airflow/example_dags/example_branch_python_dop_operator_3.py took 0.137 seconds
[2024-09-29T08:57:35.244-0500] {processor.py:186} INFO - Started process (PID=32185) to work on /home/d-salamanca/airflow-env/lib/python3.12/site-packages/airflow/example_dags/example_branch_python_dop_operator_3.py
[2024-09-29T08:57:35.261-0500] {processor.py:914} INFO - Processing file /home/d-salamanca/airflow-env/lib/python3.12/site-packages/airflow/example_dags/example_branch_python_dop_operator_3.py for tasks to queue
[2024-09-29T08:57:35.268-0500] {logging_mixin.py:190} INFO - [2024-09-29T08:57:35.267-0500] {dagbag.py:588} INFO - Filling up the DagBag from /home/d-salamanca/airflow-env/lib/python3.12/site-packages/airflow/example_dags/example_branch_python_dop_operator_3.py
[2024-09-29T08:57:35.306-0500] {processor.py:925} INFO - DAG(s) 'example_branch_dop_operator_v3' retrieved from /home/d-salamanca/airflow-env/lib/python3.12/site-packages/airflow/example_dags/example_branch_python_dop_operator_3.py
[2024-09-29T08:57:35.324-0500] {logging_mixin.py:190} INFO - [2024-09-29T08:57:35.324-0500] {dag.py:3239} INFO - Sync 1 DAGs
[2024-09-29T08:57:35.353-0500] {logging_mixin.py:190} INFO - [2024-09-29T08:57:35.352-0500] {dag.py:4180} INFO - Setting next_dagrun for example_branch_dop_operator_v3 to 2024-09-29 13:56:00+00:00, run_after=2024-09-29 13:57:00+00:00
[2024-09-29T08:57:35.415-0500] {processor.py:208} INFO - Processing /home/d-salamanca/airflow-env/lib/python3.12/site-packages/airflow/example_dags/example_branch_python_dop_operator_3.py took 0.181 seconds
[2024-09-29T08:59:18.833-0500] {processor.py:186} INFO - Started process (PID=32350) to work on /home/d-salamanca/airflow-env/lib/python3.12/site-packages/airflow/example_dags/example_branch_python_dop_operator_3.py
[2024-09-29T08:59:18.859-0500] {processor.py:914} INFO - Processing file /home/d-salamanca/airflow-env/lib/python3.12/site-packages/airflow/example_dags/example_branch_python_dop_operator_3.py for tasks to queue
[2024-09-29T08:59:18.862-0500] {logging_mixin.py:190} INFO - [2024-09-29T08:59:18.862-0500] {dagbag.py:588} INFO - Filling up the DagBag from /home/d-salamanca/airflow-env/lib/python3.12/site-packages/airflow/example_dags/example_branch_python_dop_operator_3.py
[2024-09-29T08:59:18.877-0500] {processor.py:925} INFO - DAG(s) 'example_branch_dop_operator_v3' retrieved from /home/d-salamanca/airflow-env/lib/python3.12/site-packages/airflow/example_dags/example_branch_python_dop_operator_3.py
[2024-09-29T08:59:18.895-0500] {logging_mixin.py:190} INFO - [2024-09-29T08:59:18.894-0500] {dag.py:3239} INFO - Sync 1 DAGs
[2024-09-29T08:59:19.007-0500] {logging_mixin.py:190} INFO - [2024-09-29T08:59:19.006-0500] {dag.py:4180} INFO - Setting next_dagrun for example_branch_dop_operator_v3 to 2024-09-29 13:58:00+00:00, run_after=2024-09-29 13:59:00+00:00
[2024-09-29T08:59:19.278-0500] {processor.py:208} INFO - Processing /home/d-salamanca/airflow-env/lib/python3.12/site-packages/airflow/example_dags/example_branch_python_dop_operator_3.py took 0.454 seconds
[2024-09-29T09:01:14.454-0500] {processor.py:186} INFO - Started process (PID=32564) to work on /home/d-salamanca/airflow-env/lib/python3.12/site-packages/airflow/example_dags/example_branch_python_dop_operator_3.py
[2024-09-29T09:01:14.519-0500] {processor.py:914} INFO - Processing file /home/d-salamanca/airflow-env/lib/python3.12/site-packages/airflow/example_dags/example_branch_python_dop_operator_3.py for tasks to queue
[2024-09-29T09:01:14.523-0500] {logging_mixin.py:190} INFO - [2024-09-29T09:01:14.522-0500] {dagbag.py:588} INFO - Filling up the DagBag from /home/d-salamanca/airflow-env/lib/python3.12/site-packages/airflow/example_dags/example_branch_python_dop_operator_3.py
[2024-09-29T09:01:14.555-0500] {processor.py:925} INFO - DAG(s) 'example_branch_dop_operator_v3' retrieved from /home/d-salamanca/airflow-env/lib/python3.12/site-packages/airflow/example_dags/example_branch_python_dop_operator_3.py
[2024-09-29T09:01:14.575-0500] {logging_mixin.py:190} INFO - [2024-09-29T09:01:14.574-0500] {dag.py:3239} INFO - Sync 1 DAGs
[2024-09-29T09:01:14.603-0500] {logging_mixin.py:190} INFO - [2024-09-29T09:01:14.602-0500] {dag.py:4180} INFO - Setting next_dagrun for example_branch_dop_operator_v3 to 2024-09-29 14:00:00+00:00, run_after=2024-09-29 14:01:00+00:00
[2024-09-29T09:01:14.665-0500] {processor.py:208} INFO - Processing /home/d-salamanca/airflow-env/lib/python3.12/site-packages/airflow/example_dags/example_branch_python_dop_operator_3.py took 0.219 seconds
[2024-09-29T09:02:50.810-0500] {processor.py:186} INFO - Started process (PID=32639) to work on /home/d-salamanca/airflow-env/lib/python3.12/site-packages/airflow/example_dags/example_branch_python_dop_operator_3.py
[2024-09-29T09:02:50.870-0500] {processor.py:914} INFO - Processing file /home/d-salamanca/airflow-env/lib/python3.12/site-packages/airflow/example_dags/example_branch_python_dop_operator_3.py for tasks to queue
[2024-09-29T09:02:50.875-0500] {logging_mixin.py:190} INFO - [2024-09-29T09:02:50.874-0500] {dagbag.py:588} INFO - Filling up the DagBag from /home/d-salamanca/airflow-env/lib/python3.12/site-packages/airflow/example_dags/example_branch_python_dop_operator_3.py
[2024-09-29T09:02:50.889-0500] {processor.py:925} INFO - DAG(s) 'example_branch_dop_operator_v3' retrieved from /home/d-salamanca/airflow-env/lib/python3.12/site-packages/airflow/example_dags/example_branch_python_dop_operator_3.py
[2024-09-29T09:02:50.908-0500] {logging_mixin.py:190} INFO - [2024-09-29T09:02:50.908-0500] {dag.py:3239} INFO - Sync 1 DAGs
[2024-09-29T09:02:50.934-0500] {logging_mixin.py:190} INFO - [2024-09-29T09:02:50.934-0500] {dag.py:4180} INFO - Setting next_dagrun for example_branch_dop_operator_v3 to 2024-09-29 14:01:00+00:00, run_after=2024-09-29 14:02:00+00:00
[2024-09-29T09:02:50.958-0500] {processor.py:208} INFO - Processing /home/d-salamanca/airflow-env/lib/python3.12/site-packages/airflow/example_dags/example_branch_python_dop_operator_3.py took 0.155 seconds
[2024-09-29T09:04:10.953-0500] {processor.py:186} INFO - Started process (PID=32711) to work on /home/d-salamanca/airflow-env/lib/python3.12/site-packages/airflow/example_dags/example_branch_python_dop_operator_3.py
[2024-09-29T09:04:10.954-0500] {processor.py:914} INFO - Processing file /home/d-salamanca/airflow-env/lib/python3.12/site-packages/airflow/example_dags/example_branch_python_dop_operator_3.py for tasks to queue
[2024-09-29T09:04:10.956-0500] {logging_mixin.py:190} INFO - [2024-09-29T09:04:10.956-0500] {dagbag.py:588} INFO - Filling up the DagBag from /home/d-salamanca/airflow-env/lib/python3.12/site-packages/airflow/example_dags/example_branch_python_dop_operator_3.py
[2024-09-29T09:04:10.969-0500] {processor.py:925} INFO - DAG(s) 'example_branch_dop_operator_v3' retrieved from /home/d-salamanca/airflow-env/lib/python3.12/site-packages/airflow/example_dags/example_branch_python_dop_operator_3.py
[2024-09-29T09:04:10.989-0500] {logging_mixin.py:190} INFO - [2024-09-29T09:04:10.988-0500] {dag.py:3239} INFO - Sync 1 DAGs
[2024-09-29T09:04:11.015-0500] {logging_mixin.py:190} INFO - [2024-09-29T09:04:11.015-0500] {dag.py:4180} INFO - Setting next_dagrun for example_branch_dop_operator_v3 to 2024-09-29 14:03:00+00:00, run_after=2024-09-29 14:04:00+00:00
[2024-09-29T09:04:11.233-0500] {processor.py:208} INFO - Processing /home/d-salamanca/airflow-env/lib/python3.12/site-packages/airflow/example_dags/example_branch_python_dop_operator_3.py took 0.288 seconds
[2024-09-29T09:06:31.769-0500] {processor.py:186} INFO - Started process (PID=33068) to work on /home/d-salamanca/airflow-env/lib/python3.12/site-packages/airflow/example_dags/example_branch_python_dop_operator_3.py
[2024-09-29T09:06:31.875-0500] {processor.py:914} INFO - Processing file /home/d-salamanca/airflow-env/lib/python3.12/site-packages/airflow/example_dags/example_branch_python_dop_operator_3.py for tasks to queue
[2024-09-29T09:06:31.880-0500] {logging_mixin.py:190} INFO - [2024-09-29T09:06:31.879-0500] {dagbag.py:588} INFO - Filling up the DagBag from /home/d-salamanca/airflow-env/lib/python3.12/site-packages/airflow/example_dags/example_branch_python_dop_operator_3.py
[2024-09-29T09:06:31.965-0500] {processor.py:925} INFO - DAG(s) 'example_branch_dop_operator_v3' retrieved from /home/d-salamanca/airflow-env/lib/python3.12/site-packages/airflow/example_dags/example_branch_python_dop_operator_3.py
[2024-09-29T09:06:31.992-0500] {logging_mixin.py:190} INFO - [2024-09-29T09:06:31.992-0500] {dag.py:3239} INFO - Sync 1 DAGs
[2024-09-29T09:06:32.022-0500] {logging_mixin.py:190} INFO - [2024-09-29T09:06:32.021-0500] {dag.py:4180} INFO - Setting next_dagrun for example_branch_dop_operator_v3 to 2024-09-29 14:05:00+00:00, run_after=2024-09-29 14:06:00+00:00
[2024-09-29T09:06:32.372-0500] {processor.py:208} INFO - Processing /home/d-salamanca/airflow-env/lib/python3.12/site-packages/airflow/example_dags/example_branch_python_dop_operator_3.py took 0.616 seconds
[2024-09-29T09:08:03.313-0500] {processor.py:186} INFO - Started process (PID=33143) to work on /home/d-salamanca/airflow-env/lib/python3.12/site-packages/airflow/example_dags/example_branch_python_dop_operator_3.py
[2024-09-29T09:08:03.358-0500] {processor.py:914} INFO - Processing file /home/d-salamanca/airflow-env/lib/python3.12/site-packages/airflow/example_dags/example_branch_python_dop_operator_3.py for tasks to queue
[2024-09-29T09:08:03.364-0500] {logging_mixin.py:190} INFO - [2024-09-29T09:08:03.363-0500] {dagbag.py:588} INFO - Filling up the DagBag from /home/d-salamanca/airflow-env/lib/python3.12/site-packages/airflow/example_dags/example_branch_python_dop_operator_3.py
[2024-09-29T09:08:03.382-0500] {processor.py:925} INFO - DAG(s) 'example_branch_dop_operator_v3' retrieved from /home/d-salamanca/airflow-env/lib/python3.12/site-packages/airflow/example_dags/example_branch_python_dop_operator_3.py
[2024-09-29T09:08:03.402-0500] {logging_mixin.py:190} INFO - [2024-09-29T09:08:03.402-0500] {dag.py:3239} INFO - Sync 1 DAGs
[2024-09-29T09:08:03.431-0500] {logging_mixin.py:190} INFO - [2024-09-29T09:08:03.431-0500] {dag.py:4180} INFO - Setting next_dagrun for example_branch_dop_operator_v3 to 2024-09-29 14:07:00+00:00, run_after=2024-09-29 14:08:00+00:00
[2024-09-29T09:08:03.566-0500] {processor.py:208} INFO - Processing /home/d-salamanca/airflow-env/lib/python3.12/site-packages/airflow/example_dags/example_branch_python_dop_operator_3.py took 0.262 seconds
