[2024-09-29T00:19:47.934-0500] {processor.py:186} INFO - Started process (PID=28643) to work on /home/d-salamanca/airflow-env/lib/python3.12/site-packages/airflow/example_dags/example_branch_day_of_week_operator.py
[2024-09-29T00:19:47.935-0500] {processor.py:914} INFO - Processing file /home/d-salamanca/airflow-env/lib/python3.12/site-packages/airflow/example_dags/example_branch_day_of_week_operator.py for tasks to queue
[2024-09-29T00:19:47.937-0500] {logging_mixin.py:190} INFO - [2024-09-29T00:19:47.937-0500] {dagbag.py:588} INFO - Filling up the DagBag from /home/d-salamanca/airflow-env/lib/python3.12/site-packages/airflow/example_dags/example_branch_day_of_week_operator.py
[2024-09-29T00:19:47.978-0500] {processor.py:925} INFO - DAG(s) 'example_weekday_branch_operator' retrieved from /home/d-salamanca/airflow-env/lib/python3.12/site-packages/airflow/example_dags/example_branch_day_of_week_operator.py
[2024-09-29T00:19:48.111-0500] {logging_mixin.py:190} INFO - [2024-09-29T00:19:48.109-0500] {override.py:1901} INFO - Created Permission View: can edit on DAG:example_weekday_branch_operator
[2024-09-29T00:19:48.138-0500] {logging_mixin.py:190} INFO - [2024-09-29T00:19:48.137-0500] {override.py:1901} INFO - Created Permission View: can read on DAG:example_weekday_branch_operator
[2024-09-29T00:19:48.183-0500] {logging_mixin.py:190} INFO - [2024-09-29T00:19:48.182-0500] {override.py:1901} INFO - Created Permission View: can delete on DAG:example_weekday_branch_operator
[2024-09-29T00:19:48.345-0500] {logging_mixin.py:190} INFO - [2024-09-29T00:19:48.345-0500] {override.py:1901} INFO - Created Permission View: can create on DAG Run:example_weekday_branch_operator
[2024-09-29T00:19:48.590-0500] {logging_mixin.py:190} INFO - [2024-09-29T00:19:48.589-0500] {override.py:1901} INFO - Created Permission View: can read on DAG Run:example_weekday_branch_operator
[2024-09-29T00:19:48.619-0500] {logging_mixin.py:190} INFO - [2024-09-29T00:19:48.619-0500] {override.py:1901} INFO - Created Permission View: can delete on DAG Run:example_weekday_branch_operator
[2024-09-29T00:19:48.663-0500] {logging_mixin.py:190} INFO - [2024-09-29T00:19:48.662-0500] {override.py:1901} INFO - Created Permission View: menu access on DAG Run:example_weekday_branch_operator
[2024-09-29T00:19:48.664-0500] {logging_mixin.py:190} INFO - [2024-09-29T00:19:48.663-0500] {dag.py:3239} INFO - Sync 1 DAGs
[2024-09-29T00:19:48.684-0500] {logging_mixin.py:190} INFO - [2024-09-29T00:19:48.683-0500] {dag.py:3262} INFO - Creating ORM DAG for example_weekday_branch_operator
[2024-09-29T00:19:48.694-0500] {logging_mixin.py:190} INFO - [2024-09-29T00:19:48.693-0500] {dag.py:4180} INFO - Setting next_dagrun for example_weekday_branch_operator to 2024-09-28 00:00:00+00:00, run_after=2024-09-29 00:00:00+00:00
[2024-09-29T00:19:48.718-0500] {processor.py:208} INFO - Processing /home/d-salamanca/airflow-env/lib/python3.12/site-packages/airflow/example_dags/example_branch_day_of_week_operator.py took 0.791 seconds
[2024-09-29T00:21:29.575-0500] {processor.py:186} INFO - Started process (PID=28736) to work on /home/d-salamanca/airflow-env/lib/python3.12/site-packages/airflow/example_dags/example_branch_day_of_week_operator.py
[2024-09-29T00:21:29.881-0500] {processor.py:914} INFO - Processing file /home/d-salamanca/airflow-env/lib/python3.12/site-packages/airflow/example_dags/example_branch_day_of_week_operator.py for tasks to queue
[2024-09-29T00:21:29.887-0500] {logging_mixin.py:190} INFO - [2024-09-29T00:21:29.886-0500] {dagbag.py:588} INFO - Filling up the DagBag from /home/d-salamanca/airflow-env/lib/python3.12/site-packages/airflow/example_dags/example_branch_day_of_week_operator.py
[2024-09-29T00:21:29.905-0500] {processor.py:925} INFO - DAG(s) 'example_weekday_branch_operator' retrieved from /home/d-salamanca/airflow-env/lib/python3.12/site-packages/airflow/example_dags/example_branch_day_of_week_operator.py
[2024-09-29T00:21:29.924-0500] {logging_mixin.py:190} INFO - [2024-09-29T00:21:29.923-0500] {dag.py:3239} INFO - Sync 1 DAGs
[2024-09-29T00:21:29.946-0500] {logging_mixin.py:190} INFO - [2024-09-29T00:21:29.946-0500] {dag.py:4180} INFO - Setting next_dagrun for example_weekday_branch_operator to 2024-09-28 00:00:00+00:00, run_after=2024-09-29 00:00:00+00:00
[2024-09-29T00:21:30.310-0500] {processor.py:208} INFO - Processing /home/d-salamanca/airflow-env/lib/python3.12/site-packages/airflow/example_dags/example_branch_day_of_week_operator.py took 0.742 seconds
[2024-09-29T00:23:08.935-0500] {processor.py:186} INFO - Started process (PID=28811) to work on /home/d-salamanca/airflow-env/lib/python3.12/site-packages/airflow/example_dags/example_branch_day_of_week_operator.py
[2024-09-29T00:23:09.614-0500] {processor.py:914} INFO - Processing file /home/d-salamanca/airflow-env/lib/python3.12/site-packages/airflow/example_dags/example_branch_day_of_week_operator.py for tasks to queue
[2024-09-29T00:23:09.619-0500] {logging_mixin.py:190} INFO - [2024-09-29T00:23:09.619-0500] {dagbag.py:588} INFO - Filling up the DagBag from /home/d-salamanca/airflow-env/lib/python3.12/site-packages/airflow/example_dags/example_branch_day_of_week_operator.py
[2024-09-29T00:23:09.632-0500] {processor.py:925} INFO - DAG(s) 'example_weekday_branch_operator' retrieved from /home/d-salamanca/airflow-env/lib/python3.12/site-packages/airflow/example_dags/example_branch_day_of_week_operator.py
[2024-09-29T00:23:09.659-0500] {logging_mixin.py:190} INFO - [2024-09-29T00:23:09.658-0500] {dag.py:3239} INFO - Sync 1 DAGs
[2024-09-29T00:23:09.706-0500] {logging_mixin.py:190} INFO - [2024-09-29T00:23:09.706-0500] {dag.py:4180} INFO - Setting next_dagrun for example_weekday_branch_operator to 2024-09-28 00:00:00+00:00, run_after=2024-09-29 00:00:00+00:00
[2024-09-29T00:23:09.773-0500] {processor.py:208} INFO - Processing /home/d-salamanca/airflow-env/lib/python3.12/site-packages/airflow/example_dags/example_branch_day_of_week_operator.py took 0.846 seconds
[2024-09-29T00:24:35.372-0500] {processor.py:186} INFO - Started process (PID=28883) to work on /home/d-salamanca/airflow-env/lib/python3.12/site-packages/airflow/example_dags/example_branch_day_of_week_operator.py
[2024-09-29T00:24:35.394-0500] {processor.py:914} INFO - Processing file /home/d-salamanca/airflow-env/lib/python3.12/site-packages/airflow/example_dags/example_branch_day_of_week_operator.py for tasks to queue
[2024-09-29T00:24:35.398-0500] {logging_mixin.py:190} INFO - [2024-09-29T00:24:35.398-0500] {dagbag.py:588} INFO - Filling up the DagBag from /home/d-salamanca/airflow-env/lib/python3.12/site-packages/airflow/example_dags/example_branch_day_of_week_operator.py
[2024-09-29T00:24:35.414-0500] {processor.py:925} INFO - DAG(s) 'example_weekday_branch_operator' retrieved from /home/d-salamanca/airflow-env/lib/python3.12/site-packages/airflow/example_dags/example_branch_day_of_week_operator.py
[2024-09-29T00:24:35.438-0500] {logging_mixin.py:190} INFO - [2024-09-29T00:24:35.438-0500] {dag.py:3239} INFO - Sync 1 DAGs
[2024-09-29T00:24:35.468-0500] {logging_mixin.py:190} INFO - [2024-09-29T00:24:35.468-0500] {dag.py:4180} INFO - Setting next_dagrun for example_weekday_branch_operator to 2024-09-28 00:00:00+00:00, run_after=2024-09-29 00:00:00+00:00
[2024-09-29T00:24:35.530-0500] {processor.py:208} INFO - Processing /home/d-salamanca/airflow-env/lib/python3.12/site-packages/airflow/example_dags/example_branch_day_of_week_operator.py took 0.166 seconds
[2024-09-29T00:26:08.517-0500] {processor.py:186} INFO - Started process (PID=28956) to work on /home/d-salamanca/airflow-env/lib/python3.12/site-packages/airflow/example_dags/example_branch_day_of_week_operator.py
[2024-09-29T00:26:08.518-0500] {processor.py:914} INFO - Processing file /home/d-salamanca/airflow-env/lib/python3.12/site-packages/airflow/example_dags/example_branch_day_of_week_operator.py for tasks to queue
[2024-09-29T00:26:08.521-0500] {logging_mixin.py:190} INFO - [2024-09-29T00:26:08.520-0500] {dagbag.py:588} INFO - Filling up the DagBag from /home/d-salamanca/airflow-env/lib/python3.12/site-packages/airflow/example_dags/example_branch_day_of_week_operator.py
[2024-09-29T00:26:08.664-0500] {processor.py:925} INFO - DAG(s) 'example_weekday_branch_operator' retrieved from /home/d-salamanca/airflow-env/lib/python3.12/site-packages/airflow/example_dags/example_branch_day_of_week_operator.py
[2024-09-29T00:26:08.679-0500] {logging_mixin.py:190} INFO - [2024-09-29T00:26:08.679-0500] {dag.py:3239} INFO - Sync 1 DAGs
[2024-09-29T00:26:08.702-0500] {logging_mixin.py:190} INFO - [2024-09-29T00:26:08.702-0500] {dag.py:4180} INFO - Setting next_dagrun for example_weekday_branch_operator to 2024-09-28 00:00:00+00:00, run_after=2024-09-29 00:00:00+00:00
[2024-09-29T00:26:08.759-0500] {processor.py:208} INFO - Processing /home/d-salamanca/airflow-env/lib/python3.12/site-packages/airflow/example_dags/example_branch_day_of_week_operator.py took 0.249 seconds
[2024-09-29T00:27:38.558-0500] {processor.py:186} INFO - Started process (PID=29104) to work on /home/d-salamanca/airflow-env/lib/python3.12/site-packages/airflow/example_dags/example_branch_day_of_week_operator.py
[2024-09-29T00:27:38.593-0500] {processor.py:914} INFO - Processing file /home/d-salamanca/airflow-env/lib/python3.12/site-packages/airflow/example_dags/example_branch_day_of_week_operator.py for tasks to queue
[2024-09-29T00:27:38.598-0500] {logging_mixin.py:190} INFO - [2024-09-29T00:27:38.597-0500] {dagbag.py:588} INFO - Filling up the DagBag from /home/d-salamanca/airflow-env/lib/python3.12/site-packages/airflow/example_dags/example_branch_day_of_week_operator.py
[2024-09-29T00:27:38.613-0500] {processor.py:925} INFO - DAG(s) 'example_weekday_branch_operator' retrieved from /home/d-salamanca/airflow-env/lib/python3.12/site-packages/airflow/example_dags/example_branch_day_of_week_operator.py
[2024-09-29T00:27:38.633-0500] {logging_mixin.py:190} INFO - [2024-09-29T00:27:38.632-0500] {dag.py:3239} INFO - Sync 1 DAGs
[2024-09-29T00:27:38.657-0500] {logging_mixin.py:190} INFO - [2024-09-29T00:27:38.657-0500] {dag.py:4180} INFO - Setting next_dagrun for example_weekday_branch_operator to 2024-09-28 00:00:00+00:00, run_after=2024-09-29 00:00:00+00:00
[2024-09-29T00:27:38.740-0500] {processor.py:208} INFO - Processing /home/d-salamanca/airflow-env/lib/python3.12/site-packages/airflow/example_dags/example_branch_day_of_week_operator.py took 0.190 seconds
[2024-09-29T00:29:49.640-0500] {processor.py:186} INFO - Started process (PID=29247) to work on /home/d-salamanca/airflow-env/lib/python3.12/site-packages/airflow/example_dags/example_branch_day_of_week_operator.py
[2024-09-29T00:29:49.663-0500] {processor.py:914} INFO - Processing file /home/d-salamanca/airflow-env/lib/python3.12/site-packages/airflow/example_dags/example_branch_day_of_week_operator.py for tasks to queue
[2024-09-29T00:29:49.672-0500] {logging_mixin.py:190} INFO - [2024-09-29T00:29:49.671-0500] {dagbag.py:588} INFO - Filling up the DagBag from /home/d-salamanca/airflow-env/lib/python3.12/site-packages/airflow/example_dags/example_branch_day_of_week_operator.py
[2024-09-29T00:29:49.969-0500] {processor.py:925} INFO - DAG(s) 'example_weekday_branch_operator' retrieved from /home/d-salamanca/airflow-env/lib/python3.12/site-packages/airflow/example_dags/example_branch_day_of_week_operator.py
[2024-09-29T00:29:50.064-0500] {logging_mixin.py:190} INFO - [2024-09-29T00:29:50.064-0500] {dag.py:3239} INFO - Sync 1 DAGs
[2024-09-29T00:29:50.250-0500] {logging_mixin.py:190} INFO - [2024-09-29T00:29:50.226-0500] {dag.py:4180} INFO - Setting next_dagrun for example_weekday_branch_operator to 2024-09-28 00:00:00+00:00, run_after=2024-09-29 00:00:00+00:00
[2024-09-29T00:29:50.675-0500] {processor.py:208} INFO - Processing /home/d-salamanca/airflow-env/lib/python3.12/site-packages/airflow/example_dags/example_branch_day_of_week_operator.py took 1.043 seconds
[2024-09-29T00:32:03.369-0500] {processor.py:186} INFO - Started process (PID=29343) to work on /home/d-salamanca/airflow-env/lib/python3.12/site-packages/airflow/example_dags/example_branch_day_of_week_operator.py
[2024-09-29T00:32:03.382-0500] {processor.py:914} INFO - Processing file /home/d-salamanca/airflow-env/lib/python3.12/site-packages/airflow/example_dags/example_branch_day_of_week_operator.py for tasks to queue
[2024-09-29T00:32:03.385-0500] {logging_mixin.py:190} INFO - [2024-09-29T00:32:03.385-0500] {dagbag.py:588} INFO - Filling up the DagBag from /home/d-salamanca/airflow-env/lib/python3.12/site-packages/airflow/example_dags/example_branch_day_of_week_operator.py
[2024-09-29T00:32:03.424-0500] {processor.py:925} INFO - DAG(s) 'example_weekday_branch_operator' retrieved from /home/d-salamanca/airflow-env/lib/python3.12/site-packages/airflow/example_dags/example_branch_day_of_week_operator.py
[2024-09-29T00:32:03.444-0500] {logging_mixin.py:190} INFO - [2024-09-29T00:32:03.444-0500] {dag.py:3239} INFO - Sync 1 DAGs
[2024-09-29T00:32:03.468-0500] {logging_mixin.py:190} INFO - [2024-09-29T00:32:03.468-0500] {dag.py:4180} INFO - Setting next_dagrun for example_weekday_branch_operator to 2024-09-28 00:00:00+00:00, run_after=2024-09-29 00:00:00+00:00
[2024-09-29T00:32:03.529-0500] {processor.py:208} INFO - Processing /home/d-salamanca/airflow-env/lib/python3.12/site-packages/airflow/example_dags/example_branch_day_of_week_operator.py took 0.168 seconds
[2024-09-29T00:33:22.603-0500] {processor.py:186} INFO - Started process (PID=29423) to work on /home/d-salamanca/airflow-env/lib/python3.12/site-packages/airflow/example_dags/example_branch_day_of_week_operator.py
[2024-09-29T00:33:22.604-0500] {processor.py:914} INFO - Processing file /home/d-salamanca/airflow-env/lib/python3.12/site-packages/airflow/example_dags/example_branch_day_of_week_operator.py for tasks to queue
[2024-09-29T00:33:22.607-0500] {logging_mixin.py:190} INFO - [2024-09-29T00:33:22.607-0500] {dagbag.py:588} INFO - Filling up the DagBag from /home/d-salamanca/airflow-env/lib/python3.12/site-packages/airflow/example_dags/example_branch_day_of_week_operator.py
[2024-09-29T00:33:22.634-0500] {processor.py:925} INFO - DAG(s) 'example_weekday_branch_operator' retrieved from /home/d-salamanca/airflow-env/lib/python3.12/site-packages/airflow/example_dags/example_branch_day_of_week_operator.py
[2024-09-29T00:33:22.696-0500] {logging_mixin.py:190} INFO - [2024-09-29T00:33:22.696-0500] {dag.py:3239} INFO - Sync 1 DAGs
[2024-09-29T00:33:22.721-0500] {logging_mixin.py:190} INFO - [2024-09-29T00:33:22.721-0500] {dag.py:4180} INFO - Setting next_dagrun for example_weekday_branch_operator to 2024-09-28 00:00:00+00:00, run_after=2024-09-29 00:00:00+00:00
[2024-09-29T00:33:22.773-0500] {processor.py:208} INFO - Processing /home/d-salamanca/airflow-env/lib/python3.12/site-packages/airflow/example_dags/example_branch_day_of_week_operator.py took 0.179 seconds
[2024-09-29T08:19:37.551-0500] {processor.py:186} INFO - Started process (PID=29549) to work on /home/d-salamanca/airflow-env/lib/python3.12/site-packages/airflow/example_dags/example_branch_day_of_week_operator.py
[2024-09-29T08:19:37.552-0500] {processor.py:914} INFO - Processing file /home/d-salamanca/airflow-env/lib/python3.12/site-packages/airflow/example_dags/example_branch_day_of_week_operator.py for tasks to queue
[2024-09-29T08:19:37.555-0500] {logging_mixin.py:190} INFO - [2024-09-29T08:19:37.554-0500] {dagbag.py:588} INFO - Filling up the DagBag from /home/d-salamanca/airflow-env/lib/python3.12/site-packages/airflow/example_dags/example_branch_day_of_week_operator.py
[2024-09-29T08:19:37.567-0500] {processor.py:925} INFO - DAG(s) 'example_weekday_branch_operator' retrieved from /home/d-salamanca/airflow-env/lib/python3.12/site-packages/airflow/example_dags/example_branch_day_of_week_operator.py
[2024-09-29T08:19:37.588-0500] {logging_mixin.py:190} INFO - [2024-09-29T08:19:37.587-0500] {dag.py:3239} INFO - Sync 1 DAGs
[2024-09-29T08:19:37.615-0500] {logging_mixin.py:190} INFO - [2024-09-29T08:19:37.614-0500] {dag.py:4180} INFO - Setting next_dagrun for example_weekday_branch_operator to 2024-09-28 00:00:00+00:00, run_after=2024-09-29 00:00:00+00:00
[2024-09-29T08:19:37.981-0500] {processor.py:208} INFO - Processing /home/d-salamanca/airflow-env/lib/python3.12/site-packages/airflow/example_dags/example_branch_day_of_week_operator.py took 0.438 seconds
[2024-09-29T08:21:42.855-0500] {processor.py:186} INFO - Started process (PID=29851) to work on /home/d-salamanca/airflow-env/lib/python3.12/site-packages/airflow/example_dags/example_branch_day_of_week_operator.py
[2024-09-29T08:21:42.858-0500] {processor.py:914} INFO - Processing file /home/d-salamanca/airflow-env/lib/python3.12/site-packages/airflow/example_dags/example_branch_day_of_week_operator.py for tasks to queue
[2024-09-29T08:21:42.860-0500] {logging_mixin.py:190} INFO - [2024-09-29T08:21:42.860-0500] {dagbag.py:588} INFO - Filling up the DagBag from /home/d-salamanca/airflow-env/lib/python3.12/site-packages/airflow/example_dags/example_branch_day_of_week_operator.py
[2024-09-29T08:21:43.002-0500] {processor.py:925} INFO - DAG(s) 'example_weekday_branch_operator' retrieved from /home/d-salamanca/airflow-env/lib/python3.12/site-packages/airflow/example_dags/example_branch_day_of_week_operator.py
[2024-09-29T08:21:43.052-0500] {logging_mixin.py:190} INFO - [2024-09-29T08:21:43.052-0500] {dag.py:3239} INFO - Sync 1 DAGs
[2024-09-29T08:21:43.076-0500] {logging_mixin.py:190} INFO - [2024-09-29T08:21:43.076-0500] {dag.py:4180} INFO - Setting next_dagrun for example_weekday_branch_operator to 2024-09-28 00:00:00+00:00, run_after=2024-09-29 00:00:00+00:00
[2024-09-29T08:21:43.100-0500] {processor.py:208} INFO - Processing /home/d-salamanca/airflow-env/lib/python3.12/site-packages/airflow/example_dags/example_branch_day_of_week_operator.py took 0.257 seconds
[2024-09-29T08:23:29.076-0500] {processor.py:186} INFO - Started process (PID=29930) to work on /home/d-salamanca/airflow-env/lib/python3.12/site-packages/airflow/example_dags/example_branch_day_of_week_operator.py
[2024-09-29T08:23:29.115-0500] {processor.py:914} INFO - Processing file /home/d-salamanca/airflow-env/lib/python3.12/site-packages/airflow/example_dags/example_branch_day_of_week_operator.py for tasks to queue
[2024-09-29T08:23:29.121-0500] {logging_mixin.py:190} INFO - [2024-09-29T08:23:29.120-0500] {dagbag.py:588} INFO - Filling up the DagBag from /home/d-salamanca/airflow-env/lib/python3.12/site-packages/airflow/example_dags/example_branch_day_of_week_operator.py
[2024-09-29T08:23:29.178-0500] {processor.py:925} INFO - DAG(s) 'example_weekday_branch_operator' retrieved from /home/d-salamanca/airflow-env/lib/python3.12/site-packages/airflow/example_dags/example_branch_day_of_week_operator.py
[2024-09-29T08:23:29.197-0500] {logging_mixin.py:190} INFO - [2024-09-29T08:23:29.196-0500] {dag.py:3239} INFO - Sync 1 DAGs
[2024-09-29T08:23:29.220-0500] {logging_mixin.py:190} INFO - [2024-09-29T08:23:29.220-0500] {dag.py:4180} INFO - Setting next_dagrun for example_weekday_branch_operator to 2024-09-28 00:00:00+00:00, run_after=2024-09-29 00:00:00+00:00
[2024-09-29T08:23:29.280-0500] {processor.py:208} INFO - Processing /home/d-salamanca/airflow-env/lib/python3.12/site-packages/airflow/example_dags/example_branch_day_of_week_operator.py took 0.211 seconds
[2024-09-29T08:24:55.246-0500] {processor.py:186} INFO - Started process (PID=30031) to work on /home/d-salamanca/airflow-env/lib/python3.12/site-packages/airflow/example_dags/example_branch_day_of_week_operator.py
[2024-09-29T08:24:55.254-0500] {processor.py:914} INFO - Processing file /home/d-salamanca/airflow-env/lib/python3.12/site-packages/airflow/example_dags/example_branch_day_of_week_operator.py for tasks to queue
[2024-09-29T08:24:55.257-0500] {logging_mixin.py:190} INFO - [2024-09-29T08:24:55.257-0500] {dagbag.py:588} INFO - Filling up the DagBag from /home/d-salamanca/airflow-env/lib/python3.12/site-packages/airflow/example_dags/example_branch_day_of_week_operator.py
[2024-09-29T08:24:55.269-0500] {processor.py:925} INFO - DAG(s) 'example_weekday_branch_operator' retrieved from /home/d-salamanca/airflow-env/lib/python3.12/site-packages/airflow/example_dags/example_branch_day_of_week_operator.py
[2024-09-29T08:24:55.288-0500] {logging_mixin.py:190} INFO - [2024-09-29T08:24:55.288-0500] {dag.py:3239} INFO - Sync 1 DAGs
[2024-09-29T08:24:55.312-0500] {logging_mixin.py:190} INFO - [2024-09-29T08:24:55.312-0500] {dag.py:4180} INFO - Setting next_dagrun for example_weekday_branch_operator to 2024-09-28 00:00:00+00:00, run_after=2024-09-29 00:00:00+00:00
[2024-09-29T08:24:55.387-0500] {processor.py:208} INFO - Processing /home/d-salamanca/airflow-env/lib/python3.12/site-packages/airflow/example_dags/example_branch_day_of_week_operator.py took 0.148 seconds
[2024-09-29T08:26:22.698-0500] {processor.py:186} INFO - Started process (PID=30105) to work on /home/d-salamanca/airflow-env/lib/python3.12/site-packages/airflow/example_dags/example_branch_day_of_week_operator.py
[2024-09-29T08:26:22.719-0500] {processor.py:914} INFO - Processing file /home/d-salamanca/airflow-env/lib/python3.12/site-packages/airflow/example_dags/example_branch_day_of_week_operator.py for tasks to queue
[2024-09-29T08:26:22.723-0500] {logging_mixin.py:190} INFO - [2024-09-29T08:26:22.722-0500] {dagbag.py:588} INFO - Filling up the DagBag from /home/d-salamanca/airflow-env/lib/python3.12/site-packages/airflow/example_dags/example_branch_day_of_week_operator.py
[2024-09-29T08:26:22.743-0500] {processor.py:925} INFO - DAG(s) 'example_weekday_branch_operator' retrieved from /home/d-salamanca/airflow-env/lib/python3.12/site-packages/airflow/example_dags/example_branch_day_of_week_operator.py
[2024-09-29T08:26:22.763-0500] {logging_mixin.py:190} INFO - [2024-09-29T08:26:22.763-0500] {dag.py:3239} INFO - Sync 1 DAGs
[2024-09-29T08:26:22.789-0500] {logging_mixin.py:190} INFO - [2024-09-29T08:26:22.789-0500] {dag.py:4180} INFO - Setting next_dagrun for example_weekday_branch_operator to 2024-09-28 00:00:00+00:00, run_after=2024-09-29 00:00:00+00:00
[2024-09-29T08:26:22.846-0500] {processor.py:208} INFO - Processing /home/d-salamanca/airflow-env/lib/python3.12/site-packages/airflow/example_dags/example_branch_day_of_week_operator.py took 0.159 seconds
[2024-09-29T08:27:39.973-0500] {processor.py:186} INFO - Started process (PID=30173) to work on /home/d-salamanca/airflow-env/lib/python3.12/site-packages/airflow/example_dags/example_branch_day_of_week_operator.py
[2024-09-29T08:27:39.974-0500] {processor.py:914} INFO - Processing file /home/d-salamanca/airflow-env/lib/python3.12/site-packages/airflow/example_dags/example_branch_day_of_week_operator.py for tasks to queue
[2024-09-29T08:27:39.977-0500] {logging_mixin.py:190} INFO - [2024-09-29T08:27:39.976-0500] {dagbag.py:588} INFO - Filling up the DagBag from /home/d-salamanca/airflow-env/lib/python3.12/site-packages/airflow/example_dags/example_branch_day_of_week_operator.py
[2024-09-29T08:27:39.990-0500] {processor.py:925} INFO - DAG(s) 'example_weekday_branch_operator' retrieved from /home/d-salamanca/airflow-env/lib/python3.12/site-packages/airflow/example_dags/example_branch_day_of_week_operator.py
[2024-09-29T08:27:40.010-0500] {logging_mixin.py:190} INFO - [2024-09-29T08:27:40.010-0500] {dag.py:3239} INFO - Sync 1 DAGs
[2024-09-29T08:27:40.037-0500] {logging_mixin.py:190} INFO - [2024-09-29T08:27:40.036-0500] {dag.py:4180} INFO - Setting next_dagrun for example_weekday_branch_operator to 2024-09-28 00:00:00+00:00, run_after=2024-09-29 00:00:00+00:00
[2024-09-29T08:27:40.418-0500] {processor.py:208} INFO - Processing /home/d-salamanca/airflow-env/lib/python3.12/site-packages/airflow/example_dags/example_branch_day_of_week_operator.py took 0.452 seconds
[2024-09-29T08:28:55.678-0500] {processor.py:186} INFO - Started process (PID=30240) to work on /home/d-salamanca/airflow-env/lib/python3.12/site-packages/airflow/example_dags/example_branch_day_of_week_operator.py
[2024-09-29T08:28:55.680-0500] {processor.py:914} INFO - Processing file /home/d-salamanca/airflow-env/lib/python3.12/site-packages/airflow/example_dags/example_branch_day_of_week_operator.py for tasks to queue
[2024-09-29T08:28:55.682-0500] {logging_mixin.py:190} INFO - [2024-09-29T08:28:55.682-0500] {dagbag.py:588} INFO - Filling up the DagBag from /home/d-salamanca/airflow-env/lib/python3.12/site-packages/airflow/example_dags/example_branch_day_of_week_operator.py
[2024-09-29T08:28:55.694-0500] {processor.py:925} INFO - DAG(s) 'example_weekday_branch_operator' retrieved from /home/d-salamanca/airflow-env/lib/python3.12/site-packages/airflow/example_dags/example_branch_day_of_week_operator.py
[2024-09-29T08:28:55.713-0500] {logging_mixin.py:190} INFO - [2024-09-29T08:28:55.712-0500] {dag.py:3239} INFO - Sync 1 DAGs
[2024-09-29T08:28:55.736-0500] {logging_mixin.py:190} INFO - [2024-09-29T08:28:55.735-0500] {dag.py:4180} INFO - Setting next_dagrun for example_weekday_branch_operator to 2024-09-28 00:00:00+00:00, run_after=2024-09-29 00:00:00+00:00
[2024-09-29T08:28:55.810-0500] {processor.py:208} INFO - Processing /home/d-salamanca/airflow-env/lib/python3.12/site-packages/airflow/example_dags/example_branch_day_of_week_operator.py took 0.140 seconds
[2024-09-29T08:30:25.426-0500] {processor.py:186} INFO - Started process (PID=30318) to work on /home/d-salamanca/airflow-env/lib/python3.12/site-packages/airflow/example_dags/example_branch_day_of_week_operator.py
[2024-09-29T08:30:25.427-0500] {processor.py:914} INFO - Processing file /home/d-salamanca/airflow-env/lib/python3.12/site-packages/airflow/example_dags/example_branch_day_of_week_operator.py for tasks to queue
[2024-09-29T08:30:25.430-0500] {logging_mixin.py:190} INFO - [2024-09-29T08:30:25.429-0500] {dagbag.py:588} INFO - Filling up the DagBag from /home/d-salamanca/airflow-env/lib/python3.12/site-packages/airflow/example_dags/example_branch_day_of_week_operator.py
[2024-09-29T08:30:25.441-0500] {processor.py:925} INFO - DAG(s) 'example_weekday_branch_operator' retrieved from /home/d-salamanca/airflow-env/lib/python3.12/site-packages/airflow/example_dags/example_branch_day_of_week_operator.py
[2024-09-29T08:30:25.460-0500] {logging_mixin.py:190} INFO - [2024-09-29T08:30:25.460-0500] {dag.py:3239} INFO - Sync 1 DAGs
[2024-09-29T08:30:25.482-0500] {logging_mixin.py:190} INFO - [2024-09-29T08:30:25.482-0500] {dag.py:4180} INFO - Setting next_dagrun for example_weekday_branch_operator to 2024-09-28 00:00:00+00:00, run_after=2024-09-29 00:00:00+00:00
[2024-09-29T08:30:25.535-0500] {processor.py:208} INFO - Processing /home/d-salamanca/airflow-env/lib/python3.12/site-packages/airflow/example_dags/example_branch_day_of_week_operator.py took 0.117 seconds
[2024-09-29T08:31:58.314-0500] {processor.py:186} INFO - Started process (PID=30401) to work on /home/d-salamanca/airflow-env/lib/python3.12/site-packages/airflow/example_dags/example_branch_day_of_week_operator.py
[2024-09-29T08:31:58.315-0500] {processor.py:914} INFO - Processing file /home/d-salamanca/airflow-env/lib/python3.12/site-packages/airflow/example_dags/example_branch_day_of_week_operator.py for tasks to queue
[2024-09-29T08:31:58.318-0500] {logging_mixin.py:190} INFO - [2024-09-29T08:31:58.317-0500] {dagbag.py:588} INFO - Filling up the DagBag from /home/d-salamanca/airflow-env/lib/python3.12/site-packages/airflow/example_dags/example_branch_day_of_week_operator.py
[2024-09-29T08:31:58.330-0500] {processor.py:925} INFO - DAG(s) 'example_weekday_branch_operator' retrieved from /home/d-salamanca/airflow-env/lib/python3.12/site-packages/airflow/example_dags/example_branch_day_of_week_operator.py
[2024-09-29T08:31:58.349-0500] {logging_mixin.py:190} INFO - [2024-09-29T08:31:58.348-0500] {dag.py:3239} INFO - Sync 1 DAGs
[2024-09-29T08:31:58.372-0500] {logging_mixin.py:190} INFO - [2024-09-29T08:31:58.372-0500] {dag.py:4180} INFO - Setting next_dagrun for example_weekday_branch_operator to 2024-09-28 00:00:00+00:00, run_after=2024-09-29 00:00:00+00:00
[2024-09-29T08:31:58.441-0500] {processor.py:208} INFO - Processing /home/d-salamanca/airflow-env/lib/python3.12/site-packages/airflow/example_dags/example_branch_day_of_week_operator.py took 0.140 seconds
[2024-09-29T08:33:30.716-0500] {processor.py:186} INFO - Started process (PID=30478) to work on /home/d-salamanca/airflow-env/lib/python3.12/site-packages/airflow/example_dags/example_branch_day_of_week_operator.py
[2024-09-29T08:33:30.717-0500] {processor.py:914} INFO - Processing file /home/d-salamanca/airflow-env/lib/python3.12/site-packages/airflow/example_dags/example_branch_day_of_week_operator.py for tasks to queue
[2024-09-29T08:33:30.720-0500] {logging_mixin.py:190} INFO - [2024-09-29T08:33:30.719-0500] {dagbag.py:588} INFO - Filling up the DagBag from /home/d-salamanca/airflow-env/lib/python3.12/site-packages/airflow/example_dags/example_branch_day_of_week_operator.py
[2024-09-29T08:33:30.732-0500] {processor.py:925} INFO - DAG(s) 'example_weekday_branch_operator' retrieved from /home/d-salamanca/airflow-env/lib/python3.12/site-packages/airflow/example_dags/example_branch_day_of_week_operator.py
[2024-09-29T08:33:30.752-0500] {logging_mixin.py:190} INFO - [2024-09-29T08:33:30.752-0500] {dag.py:3239} INFO - Sync 1 DAGs
[2024-09-29T08:33:30.777-0500] {logging_mixin.py:190} INFO - [2024-09-29T08:33:30.777-0500] {dag.py:4180} INFO - Setting next_dagrun for example_weekday_branch_operator to 2024-09-28 00:00:00+00:00, run_after=2024-09-29 00:00:00+00:00
[2024-09-29T08:33:30.823-0500] {processor.py:208} INFO - Processing /home/d-salamanca/airflow-env/lib/python3.12/site-packages/airflow/example_dags/example_branch_day_of_week_operator.py took 0.120 seconds
[2024-09-29T08:34:55.028-0500] {processor.py:186} INFO - Started process (PID=30543) to work on /home/d-salamanca/airflow-env/lib/python3.12/site-packages/airflow/example_dags/example_branch_day_of_week_operator.py
[2024-09-29T08:34:55.157-0500] {processor.py:914} INFO - Processing file /home/d-salamanca/airflow-env/lib/python3.12/site-packages/airflow/example_dags/example_branch_day_of_week_operator.py for tasks to queue
[2024-09-29T08:34:55.164-0500] {logging_mixin.py:190} INFO - [2024-09-29T08:34:55.163-0500] {dagbag.py:588} INFO - Filling up the DagBag from /home/d-salamanca/airflow-env/lib/python3.12/site-packages/airflow/example_dags/example_branch_day_of_week_operator.py
[2024-09-29T08:34:55.177-0500] {processor.py:925} INFO - DAG(s) 'example_weekday_branch_operator' retrieved from /home/d-salamanca/airflow-env/lib/python3.12/site-packages/airflow/example_dags/example_branch_day_of_week_operator.py
[2024-09-29T08:34:55.199-0500] {logging_mixin.py:190} INFO - [2024-09-29T08:34:55.198-0500] {dag.py:3239} INFO - Sync 1 DAGs
[2024-09-29T08:34:55.228-0500] {logging_mixin.py:190} INFO - [2024-09-29T08:34:55.228-0500] {dag.py:4180} INFO - Setting next_dagrun for example_weekday_branch_operator to 2024-09-28 00:00:00+00:00, run_after=2024-09-29 00:00:00+00:00
[2024-09-29T08:34:55.291-0500] {processor.py:208} INFO - Processing /home/d-salamanca/airflow-env/lib/python3.12/site-packages/airflow/example_dags/example_branch_day_of_week_operator.py took 0.270 seconds
[2024-09-29T08:37:32.198-0500] {processor.py:186} INFO - Started process (PID=31023) to work on /home/d-salamanca/airflow-env/lib/python3.12/site-packages/airflow/example_dags/example_branch_day_of_week_operator.py
[2024-09-29T08:37:32.227-0500] {processor.py:914} INFO - Processing file /home/d-salamanca/airflow-env/lib/python3.12/site-packages/airflow/example_dags/example_branch_day_of_week_operator.py for tasks to queue
[2024-09-29T08:37:32.241-0500] {logging_mixin.py:190} INFO - [2024-09-29T08:37:32.240-0500] {dagbag.py:588} INFO - Filling up the DagBag from /home/d-salamanca/airflow-env/lib/python3.12/site-packages/airflow/example_dags/example_branch_day_of_week_operator.py
[2024-09-29T08:37:32.282-0500] {processor.py:925} INFO - DAG(s) 'example_weekday_branch_operator' retrieved from /home/d-salamanca/airflow-env/lib/python3.12/site-packages/airflow/example_dags/example_branch_day_of_week_operator.py
[2024-09-29T08:37:32.302-0500] {logging_mixin.py:190} INFO - [2024-09-29T08:37:32.302-0500] {dag.py:3239} INFO - Sync 1 DAGs
[2024-09-29T08:37:32.327-0500] {logging_mixin.py:190} INFO - [2024-09-29T08:37:32.327-0500] {dag.py:4180} INFO - Setting next_dagrun for example_weekday_branch_operator to 2024-09-28 00:00:00+00:00, run_after=2024-09-29 00:00:00+00:00
[2024-09-29T08:37:32.368-0500] {processor.py:208} INFO - Processing /home/d-salamanca/airflow-env/lib/python3.12/site-packages/airflow/example_dags/example_branch_day_of_week_operator.py took 0.181 seconds
[2024-09-29T08:38:54.023-0500] {processor.py:186} INFO - Started process (PID=31094) to work on /home/d-salamanca/airflow-env/lib/python3.12/site-packages/airflow/example_dags/example_branch_day_of_week_operator.py
[2024-09-29T08:38:54.120-0500] {processor.py:914} INFO - Processing file /home/d-salamanca/airflow-env/lib/python3.12/site-packages/airflow/example_dags/example_branch_day_of_week_operator.py for tasks to queue
[2024-09-29T08:38:54.124-0500] {logging_mixin.py:190} INFO - [2024-09-29T08:38:54.123-0500] {dagbag.py:588} INFO - Filling up the DagBag from /home/d-salamanca/airflow-env/lib/python3.12/site-packages/airflow/example_dags/example_branch_day_of_week_operator.py
[2024-09-29T08:38:54.267-0500] {processor.py:925} INFO - DAG(s) 'example_weekday_branch_operator' retrieved from /home/d-salamanca/airflow-env/lib/python3.12/site-packages/airflow/example_dags/example_branch_day_of_week_operator.py
[2024-09-29T08:38:54.287-0500] {logging_mixin.py:190} INFO - [2024-09-29T08:38:54.286-0500] {dag.py:3239} INFO - Sync 1 DAGs
[2024-09-29T08:38:54.310-0500] {logging_mixin.py:190} INFO - [2024-09-29T08:38:54.310-0500] {dag.py:4180} INFO - Setting next_dagrun for example_weekday_branch_operator to 2024-09-28 00:00:00+00:00, run_after=2024-09-29 00:00:00+00:00
[2024-09-29T08:38:54.391-0500] {processor.py:208} INFO - Processing /home/d-salamanca/airflow-env/lib/python3.12/site-packages/airflow/example_dags/example_branch_day_of_week_operator.py took 0.378 seconds
[2024-09-29T08:40:29.037-0500] {processor.py:186} INFO - Started process (PID=31172) to work on /home/d-salamanca/airflow-env/lib/python3.12/site-packages/airflow/example_dags/example_branch_day_of_week_operator.py
[2024-09-29T08:40:29.217-0500] {processor.py:914} INFO - Processing file /home/d-salamanca/airflow-env/lib/python3.12/site-packages/airflow/example_dags/example_branch_day_of_week_operator.py for tasks to queue
[2024-09-29T08:40:29.224-0500] {logging_mixin.py:190} INFO - [2024-09-29T08:40:29.222-0500] {dagbag.py:588} INFO - Filling up the DagBag from /home/d-salamanca/airflow-env/lib/python3.12/site-packages/airflow/example_dags/example_branch_day_of_week_operator.py
[2024-09-29T08:40:29.243-0500] {processor.py:925} INFO - DAG(s) 'example_weekday_branch_operator' retrieved from /home/d-salamanca/airflow-env/lib/python3.12/site-packages/airflow/example_dags/example_branch_day_of_week_operator.py
[2024-09-29T08:40:29.263-0500] {logging_mixin.py:190} INFO - [2024-09-29T08:40:29.263-0500] {dag.py:3239} INFO - Sync 1 DAGs
[2024-09-29T08:40:29.290-0500] {logging_mixin.py:190} INFO - [2024-09-29T08:40:29.290-0500] {dag.py:4180} INFO - Setting next_dagrun for example_weekday_branch_operator to 2024-09-28 00:00:00+00:00, run_after=2024-09-29 00:00:00+00:00
[2024-09-29T08:40:30.289-0500] {processor.py:208} INFO - Processing /home/d-salamanca/airflow-env/lib/python3.12/site-packages/airflow/example_dags/example_branch_day_of_week_operator.py took 1.260 seconds
[2024-09-29T08:41:59.984-0500] {processor.py:186} INFO - Started process (PID=31243) to work on /home/d-salamanca/airflow-env/lib/python3.12/site-packages/airflow/example_dags/example_branch_day_of_week_operator.py
[2024-09-29T08:42:00.000-0500] {processor.py:914} INFO - Processing file /home/d-salamanca/airflow-env/lib/python3.12/site-packages/airflow/example_dags/example_branch_day_of_week_operator.py for tasks to queue
[2024-09-29T08:42:00.003-0500] {logging_mixin.py:190} INFO - [2024-09-29T08:42:00.002-0500] {dagbag.py:588} INFO - Filling up the DagBag from /home/d-salamanca/airflow-env/lib/python3.12/site-packages/airflow/example_dags/example_branch_day_of_week_operator.py
[2024-09-29T08:42:00.018-0500] {processor.py:925} INFO - DAG(s) 'example_weekday_branch_operator' retrieved from /home/d-salamanca/airflow-env/lib/python3.12/site-packages/airflow/example_dags/example_branch_day_of_week_operator.py
[2024-09-29T08:42:00.038-0500] {logging_mixin.py:190} INFO - [2024-09-29T08:42:00.038-0500] {dag.py:3239} INFO - Sync 1 DAGs
[2024-09-29T08:42:00.063-0500] {logging_mixin.py:190} INFO - [2024-09-29T08:42:00.063-0500] {dag.py:4180} INFO - Setting next_dagrun for example_weekday_branch_operator to 2024-09-28 00:00:00+00:00, run_after=2024-09-29 00:00:00+00:00
[2024-09-29T08:42:00.102-0500] {processor.py:208} INFO - Processing /home/d-salamanca/airflow-env/lib/python3.12/site-packages/airflow/example_dags/example_branch_day_of_week_operator.py took 0.125 seconds
[2024-09-29T08:43:31.980-0500] {processor.py:186} INFO - Started process (PID=31317) to work on /home/d-salamanca/airflow-env/lib/python3.12/site-packages/airflow/example_dags/example_branch_day_of_week_operator.py
[2024-09-29T08:43:31.986-0500] {processor.py:914} INFO - Processing file /home/d-salamanca/airflow-env/lib/python3.12/site-packages/airflow/example_dags/example_branch_day_of_week_operator.py for tasks to queue
[2024-09-29T08:43:31.990-0500] {logging_mixin.py:190} INFO - [2024-09-29T08:43:31.989-0500] {dagbag.py:588} INFO - Filling up the DagBag from /home/d-salamanca/airflow-env/lib/python3.12/site-packages/airflow/example_dags/example_branch_day_of_week_operator.py
[2024-09-29T08:43:32.003-0500] {processor.py:925} INFO - DAG(s) 'example_weekday_branch_operator' retrieved from /home/d-salamanca/airflow-env/lib/python3.12/site-packages/airflow/example_dags/example_branch_day_of_week_operator.py
[2024-09-29T08:43:32.023-0500] {logging_mixin.py:190} INFO - [2024-09-29T08:43:32.022-0500] {dag.py:3239} INFO - Sync 1 DAGs
[2024-09-29T08:43:32.046-0500] {logging_mixin.py:190} INFO - [2024-09-29T08:43:32.045-0500] {dag.py:4180} INFO - Setting next_dagrun for example_weekday_branch_operator to 2024-09-28 00:00:00+00:00, run_after=2024-09-29 00:00:00+00:00
[2024-09-29T08:43:32.205-0500] {processor.py:208} INFO - Processing /home/d-salamanca/airflow-env/lib/python3.12/site-packages/airflow/example_dags/example_branch_day_of_week_operator.py took 0.231 seconds
[2024-09-29T08:44:55.476-0500] {processor.py:186} INFO - Started process (PID=31393) to work on /home/d-salamanca/airflow-env/lib/python3.12/site-packages/airflow/example_dags/example_branch_day_of_week_operator.py
[2024-09-29T08:44:55.497-0500] {processor.py:914} INFO - Processing file /home/d-salamanca/airflow-env/lib/python3.12/site-packages/airflow/example_dags/example_branch_day_of_week_operator.py for tasks to queue
[2024-09-29T08:44:55.502-0500] {logging_mixin.py:190} INFO - [2024-09-29T08:44:55.501-0500] {dagbag.py:588} INFO - Filling up the DagBag from /home/d-salamanca/airflow-env/lib/python3.12/site-packages/airflow/example_dags/example_branch_day_of_week_operator.py
[2024-09-29T08:44:55.520-0500] {processor.py:925} INFO - DAG(s) 'example_weekday_branch_operator' retrieved from /home/d-salamanca/airflow-env/lib/python3.12/site-packages/airflow/example_dags/example_branch_day_of_week_operator.py
[2024-09-29T08:44:55.539-0500] {logging_mixin.py:190} INFO - [2024-09-29T08:44:55.538-0500] {dag.py:3239} INFO - Sync 1 DAGs
[2024-09-29T08:44:55.563-0500] {logging_mixin.py:190} INFO - [2024-09-29T08:44:55.563-0500] {dag.py:4180} INFO - Setting next_dagrun for example_weekday_branch_operator to 2024-09-28 00:00:00+00:00, run_after=2024-09-29 00:00:00+00:00
[2024-09-29T08:44:55.611-0500] {processor.py:208} INFO - Processing /home/d-salamanca/airflow-env/lib/python3.12/site-packages/airflow/example_dags/example_branch_day_of_week_operator.py took 0.142 seconds
[2024-09-29T08:46:53.456-0500] {processor.py:186} INFO - Started process (PID=31470) to work on /home/d-salamanca/airflow-env/lib/python3.12/site-packages/airflow/example_dags/example_branch_day_of_week_operator.py
[2024-09-29T08:46:53.478-0500] {processor.py:914} INFO - Processing file /home/d-salamanca/airflow-env/lib/python3.12/site-packages/airflow/example_dags/example_branch_day_of_week_operator.py for tasks to queue
[2024-09-29T08:46:53.484-0500] {logging_mixin.py:190} INFO - [2024-09-29T08:46:53.483-0500] {dagbag.py:588} INFO - Filling up the DagBag from /home/d-salamanca/airflow-env/lib/python3.12/site-packages/airflow/example_dags/example_branch_day_of_week_operator.py
[2024-09-29T08:46:53.500-0500] {processor.py:925} INFO - DAG(s) 'example_weekday_branch_operator' retrieved from /home/d-salamanca/airflow-env/lib/python3.12/site-packages/airflow/example_dags/example_branch_day_of_week_operator.py
[2024-09-29T08:46:53.520-0500] {logging_mixin.py:190} INFO - [2024-09-29T08:46:53.519-0500] {dag.py:3239} INFO - Sync 1 DAGs
[2024-09-29T08:46:53.544-0500] {logging_mixin.py:190} INFO - [2024-09-29T08:46:53.544-0500] {dag.py:4180} INFO - Setting next_dagrun for example_weekday_branch_operator to 2024-09-28 00:00:00+00:00, run_after=2024-09-29 00:00:00+00:00
[2024-09-29T08:46:53.601-0500] {processor.py:208} INFO - Processing /home/d-salamanca/airflow-env/lib/python3.12/site-packages/airflow/example_dags/example_branch_day_of_week_operator.py took 0.153 seconds
[2024-09-29T08:48:22.425-0500] {processor.py:186} INFO - Started process (PID=31556) to work on /home/d-salamanca/airflow-env/lib/python3.12/site-packages/airflow/example_dags/example_branch_day_of_week_operator.py
[2024-09-29T08:48:22.441-0500] {processor.py:914} INFO - Processing file /home/d-salamanca/airflow-env/lib/python3.12/site-packages/airflow/example_dags/example_branch_day_of_week_operator.py for tasks to queue
[2024-09-29T08:48:22.444-0500] {logging_mixin.py:190} INFO - [2024-09-29T08:48:22.443-0500] {dagbag.py:588} INFO - Filling up the DagBag from /home/d-salamanca/airflow-env/lib/python3.12/site-packages/airflow/example_dags/example_branch_day_of_week_operator.py
[2024-09-29T08:48:22.458-0500] {processor.py:925} INFO - DAG(s) 'example_weekday_branch_operator' retrieved from /home/d-salamanca/airflow-env/lib/python3.12/site-packages/airflow/example_dags/example_branch_day_of_week_operator.py
[2024-09-29T08:48:22.476-0500] {logging_mixin.py:190} INFO - [2024-09-29T08:48:22.476-0500] {dag.py:3239} INFO - Sync 1 DAGs
[2024-09-29T08:48:22.499-0500] {logging_mixin.py:190} INFO - [2024-09-29T08:48:22.498-0500] {dag.py:4180} INFO - Setting next_dagrun for example_weekday_branch_operator to 2024-09-28 00:00:00+00:00, run_after=2024-09-29 00:00:00+00:00
[2024-09-29T08:48:22.532-0500] {processor.py:208} INFO - Processing /home/d-salamanca/airflow-env/lib/python3.12/site-packages/airflow/example_dags/example_branch_day_of_week_operator.py took 0.115 seconds
[2024-09-29T08:49:47.372-0500] {processor.py:186} INFO - Started process (PID=31628) to work on /home/d-salamanca/airflow-env/lib/python3.12/site-packages/airflow/example_dags/example_branch_day_of_week_operator.py
[2024-09-29T08:49:47.389-0500] {processor.py:914} INFO - Processing file /home/d-salamanca/airflow-env/lib/python3.12/site-packages/airflow/example_dags/example_branch_day_of_week_operator.py for tasks to queue
[2024-09-29T08:49:47.393-0500] {logging_mixin.py:190} INFO - [2024-09-29T08:49:47.392-0500] {dagbag.py:588} INFO - Filling up the DagBag from /home/d-salamanca/airflow-env/lib/python3.12/site-packages/airflow/example_dags/example_branch_day_of_week_operator.py
[2024-09-29T08:49:47.406-0500] {processor.py:925} INFO - DAG(s) 'example_weekday_branch_operator' retrieved from /home/d-salamanca/airflow-env/lib/python3.12/site-packages/airflow/example_dags/example_branch_day_of_week_operator.py
[2024-09-29T08:49:47.426-0500] {logging_mixin.py:190} INFO - [2024-09-29T08:49:47.426-0500] {dag.py:3239} INFO - Sync 1 DAGs
[2024-09-29T08:49:47.451-0500] {logging_mixin.py:190} INFO - [2024-09-29T08:49:47.451-0500] {dag.py:4180} INFO - Setting next_dagrun for example_weekday_branch_operator to 2024-09-28 00:00:00+00:00, run_after=2024-09-29 00:00:00+00:00
[2024-09-29T08:49:47.538-0500] {processor.py:208} INFO - Processing /home/d-salamanca/airflow-env/lib/python3.12/site-packages/airflow/example_dags/example_branch_day_of_week_operator.py took 0.174 seconds
[2024-09-29T08:51:36.536-0500] {processor.py:186} INFO - Started process (PID=31919) to work on /home/d-salamanca/airflow-env/lib/python3.12/site-packages/airflow/example_dags/example_branch_day_of_week_operator.py
[2024-09-29T08:51:36.577-0500] {processor.py:914} INFO - Processing file /home/d-salamanca/airflow-env/lib/python3.12/site-packages/airflow/example_dags/example_branch_day_of_week_operator.py for tasks to queue
[2024-09-29T08:51:36.583-0500] {logging_mixin.py:190} INFO - [2024-09-29T08:51:36.581-0500] {dagbag.py:588} INFO - Filling up the DagBag from /home/d-salamanca/airflow-env/lib/python3.12/site-packages/airflow/example_dags/example_branch_day_of_week_operator.py
[2024-09-29T08:51:36.845-0500] {processor.py:925} INFO - DAG(s) 'example_weekday_branch_operator' retrieved from /home/d-salamanca/airflow-env/lib/python3.12/site-packages/airflow/example_dags/example_branch_day_of_week_operator.py
[2024-09-29T08:51:37.148-0500] {logging_mixin.py:190} INFO - [2024-09-29T08:51:37.082-0500] {dag.py:3239} INFO - Sync 1 DAGs
[2024-09-29T08:51:37.229-0500] {logging_mixin.py:190} INFO - [2024-09-29T08:51:37.229-0500] {dag.py:4180} INFO - Setting next_dagrun for example_weekday_branch_operator to 2024-09-28 00:00:00+00:00, run_after=2024-09-29 00:00:00+00:00
[2024-09-29T08:51:37.776-0500] {processor.py:208} INFO - Processing /home/d-salamanca/airflow-env/lib/python3.12/site-packages/airflow/example_dags/example_branch_day_of_week_operator.py took 1.423 seconds
[2024-09-29T08:53:27.678-0500] {processor.py:186} INFO - Started process (PID=31993) to work on /home/d-salamanca/airflow-env/lib/python3.12/site-packages/airflow/example_dags/example_branch_day_of_week_operator.py
[2024-09-29T08:53:27.702-0500] {processor.py:914} INFO - Processing file /home/d-salamanca/airflow-env/lib/python3.12/site-packages/airflow/example_dags/example_branch_day_of_week_operator.py for tasks to queue
[2024-09-29T08:53:27.708-0500] {logging_mixin.py:190} INFO - [2024-09-29T08:53:27.706-0500] {dagbag.py:588} INFO - Filling up the DagBag from /home/d-salamanca/airflow-env/lib/python3.12/site-packages/airflow/example_dags/example_branch_day_of_week_operator.py
[2024-09-29T08:53:27.754-0500] {processor.py:925} INFO - DAG(s) 'example_weekday_branch_operator' retrieved from /home/d-salamanca/airflow-env/lib/python3.12/site-packages/airflow/example_dags/example_branch_day_of_week_operator.py
[2024-09-29T08:53:27.772-0500] {logging_mixin.py:190} INFO - [2024-09-29T08:53:27.772-0500] {dag.py:3239} INFO - Sync 1 DAGs
[2024-09-29T08:53:27.795-0500] {logging_mixin.py:190} INFO - [2024-09-29T08:53:27.795-0500] {dag.py:4180} INFO - Setting next_dagrun for example_weekday_branch_operator to 2024-09-28 00:00:00+00:00, run_after=2024-09-29 00:00:00+00:00
[2024-09-29T08:53:27.840-0500] {processor.py:208} INFO - Processing /home/d-salamanca/airflow-env/lib/python3.12/site-packages/airflow/example_dags/example_branch_day_of_week_operator.py took 0.170 seconds
[2024-09-29T08:55:03.815-0500] {processor.py:186} INFO - Started process (PID=32070) to work on /home/d-salamanca/airflow-env/lib/python3.12/site-packages/airflow/example_dags/example_branch_day_of_week_operator.py
[2024-09-29T08:55:03.827-0500] {processor.py:914} INFO - Processing file /home/d-salamanca/airflow-env/lib/python3.12/site-packages/airflow/example_dags/example_branch_day_of_week_operator.py for tasks to queue
[2024-09-29T08:55:03.831-0500] {logging_mixin.py:190} INFO - [2024-09-29T08:55:03.830-0500] {dagbag.py:588} INFO - Filling up the DagBag from /home/d-salamanca/airflow-env/lib/python3.12/site-packages/airflow/example_dags/example_branch_day_of_week_operator.py
[2024-09-29T08:55:03.845-0500] {processor.py:925} INFO - DAG(s) 'example_weekday_branch_operator' retrieved from /home/d-salamanca/airflow-env/lib/python3.12/site-packages/airflow/example_dags/example_branch_day_of_week_operator.py
[2024-09-29T08:55:03.865-0500] {logging_mixin.py:190} INFO - [2024-09-29T08:55:03.864-0500] {dag.py:3239} INFO - Sync 1 DAGs
[2024-09-29T08:55:03.889-0500] {logging_mixin.py:190} INFO - [2024-09-29T08:55:03.888-0500] {dag.py:4180} INFO - Setting next_dagrun for example_weekday_branch_operator to 2024-09-28 00:00:00+00:00, run_after=2024-09-29 00:00:00+00:00
[2024-09-29T08:55:03.915-0500] {processor.py:208} INFO - Processing /home/d-salamanca/airflow-env/lib/python3.12/site-packages/airflow/example_dags/example_branch_day_of_week_operator.py took 0.108 seconds
[2024-09-29T08:56:44.800-0500] {processor.py:186} INFO - Started process (PID=32146) to work on /home/d-salamanca/airflow-env/lib/python3.12/site-packages/airflow/example_dags/example_branch_day_of_week_operator.py
[2024-09-29T08:56:44.839-0500] {processor.py:914} INFO - Processing file /home/d-salamanca/airflow-env/lib/python3.12/site-packages/airflow/example_dags/example_branch_day_of_week_operator.py for tasks to queue
[2024-09-29T08:56:44.843-0500] {logging_mixin.py:190} INFO - [2024-09-29T08:56:44.842-0500] {dagbag.py:588} INFO - Filling up the DagBag from /home/d-salamanca/airflow-env/lib/python3.12/site-packages/airflow/example_dags/example_branch_day_of_week_operator.py
[2024-09-29T08:56:44.858-0500] {processor.py:925} INFO - DAG(s) 'example_weekday_branch_operator' retrieved from /home/d-salamanca/airflow-env/lib/python3.12/site-packages/airflow/example_dags/example_branch_day_of_week_operator.py
[2024-09-29T08:56:44.878-0500] {logging_mixin.py:190} INFO - [2024-09-29T08:56:44.878-0500] {dag.py:3239} INFO - Sync 1 DAGs
[2024-09-29T08:56:44.902-0500] {logging_mixin.py:190} INFO - [2024-09-29T08:56:44.902-0500] {dag.py:4180} INFO - Setting next_dagrun for example_weekday_branch_operator to 2024-09-28 00:00:00+00:00, run_after=2024-09-29 00:00:00+00:00
[2024-09-29T08:56:44.998-0500] {processor.py:208} INFO - Processing /home/d-salamanca/airflow-env/lib/python3.12/site-packages/airflow/example_dags/example_branch_day_of_week_operator.py took 0.210 seconds
[2024-09-29T08:58:30.494-0500] {processor.py:186} INFO - Started process (PID=32227) to work on /home/d-salamanca/airflow-env/lib/python3.12/site-packages/airflow/example_dags/example_branch_day_of_week_operator.py
[2024-09-29T08:58:30.527-0500] {processor.py:914} INFO - Processing file /home/d-salamanca/airflow-env/lib/python3.12/site-packages/airflow/example_dags/example_branch_day_of_week_operator.py for tasks to queue
[2024-09-29T08:58:30.533-0500] {logging_mixin.py:190} INFO - [2024-09-29T08:58:30.532-0500] {dagbag.py:588} INFO - Filling up the DagBag from /home/d-salamanca/airflow-env/lib/python3.12/site-packages/airflow/example_dags/example_branch_day_of_week_operator.py
[2024-09-29T08:58:30.546-0500] {processor.py:925} INFO - DAG(s) 'example_weekday_branch_operator' retrieved from /home/d-salamanca/airflow-env/lib/python3.12/site-packages/airflow/example_dags/example_branch_day_of_week_operator.py
[2024-09-29T08:58:30.570-0500] {logging_mixin.py:190} INFO - [2024-09-29T08:58:30.569-0500] {dag.py:3239} INFO - Sync 1 DAGs
[2024-09-29T08:58:30.594-0500] {logging_mixin.py:190} INFO - [2024-09-29T08:58:30.594-0500] {dag.py:4180} INFO - Setting next_dagrun for example_weekday_branch_operator to 2024-09-28 00:00:00+00:00, run_after=2024-09-29 00:00:00+00:00
[2024-09-29T08:58:30.673-0500] {processor.py:208} INFO - Processing /home/d-salamanca/airflow-env/lib/python3.12/site-packages/airflow/example_dags/example_branch_day_of_week_operator.py took 0.186 seconds
[2024-09-29T09:00:28.487-0500] {processor.py:186} INFO - Started process (PID=32530) to work on /home/d-salamanca/airflow-env/lib/python3.12/site-packages/airflow/example_dags/example_branch_day_of_week_operator.py
[2024-09-29T09:00:28.553-0500] {processor.py:914} INFO - Processing file /home/d-salamanca/airflow-env/lib/python3.12/site-packages/airflow/example_dags/example_branch_day_of_week_operator.py for tasks to queue
[2024-09-29T09:00:28.560-0500] {logging_mixin.py:190} INFO - [2024-09-29T09:00:28.559-0500] {dagbag.py:588} INFO - Filling up the DagBag from /home/d-salamanca/airflow-env/lib/python3.12/site-packages/airflow/example_dags/example_branch_day_of_week_operator.py
[2024-09-29T09:00:28.677-0500] {processor.py:925} INFO - DAG(s) 'example_weekday_branch_operator' retrieved from /home/d-salamanca/airflow-env/lib/python3.12/site-packages/airflow/example_dags/example_branch_day_of_week_operator.py
[2024-09-29T09:00:28.714-0500] {logging_mixin.py:190} INFO - [2024-09-29T09:00:28.713-0500] {dag.py:3239} INFO - Sync 1 DAGs
[2024-09-29T09:00:28.814-0500] {logging_mixin.py:190} INFO - [2024-09-29T09:00:28.803-0500] {dag.py:4180} INFO - Setting next_dagrun for example_weekday_branch_operator to 2024-09-28 00:00:00+00:00, run_after=2024-09-29 00:00:00+00:00
[2024-09-29T09:00:28.977-0500] {processor.py:208} INFO - Processing /home/d-salamanca/airflow-env/lib/python3.12/site-packages/airflow/example_dags/example_branch_day_of_week_operator.py took 0.498 seconds
[2024-09-29T09:02:12.568-0500] {processor.py:186} INFO - Started process (PID=32608) to work on /home/d-salamanca/airflow-env/lib/python3.12/site-packages/airflow/example_dags/example_branch_day_of_week_operator.py
[2024-09-29T09:02:12.618-0500] {processor.py:914} INFO - Processing file /home/d-salamanca/airflow-env/lib/python3.12/site-packages/airflow/example_dags/example_branch_day_of_week_operator.py for tasks to queue
[2024-09-29T09:02:12.624-0500] {logging_mixin.py:190} INFO - [2024-09-29T09:02:12.623-0500] {dagbag.py:588} INFO - Filling up the DagBag from /home/d-salamanca/airflow-env/lib/python3.12/site-packages/airflow/example_dags/example_branch_day_of_week_operator.py
[2024-09-29T09:02:12.643-0500] {processor.py:925} INFO - DAG(s) 'example_weekday_branch_operator' retrieved from /home/d-salamanca/airflow-env/lib/python3.12/site-packages/airflow/example_dags/example_branch_day_of_week_operator.py
[2024-09-29T09:02:12.662-0500] {logging_mixin.py:190} INFO - [2024-09-29T09:02:12.662-0500] {dag.py:3239} INFO - Sync 1 DAGs
[2024-09-29T09:02:12.685-0500] {logging_mixin.py:190} INFO - [2024-09-29T09:02:12.685-0500] {dag.py:4180} INFO - Setting next_dagrun for example_weekday_branch_operator to 2024-09-28 00:00:00+00:00, run_after=2024-09-29 00:00:00+00:00
[2024-09-29T09:02:12.760-0500] {processor.py:208} INFO - Processing /home/d-salamanca/airflow-env/lib/python3.12/site-packages/airflow/example_dags/example_branch_day_of_week_operator.py took 0.199 seconds
[2024-09-29T09:03:36.751-0500] {processor.py:186} INFO - Started process (PID=32678) to work on /home/d-salamanca/airflow-env/lib/python3.12/site-packages/airflow/example_dags/example_branch_day_of_week_operator.py
[2024-09-29T09:03:36.752-0500] {processor.py:914} INFO - Processing file /home/d-salamanca/airflow-env/lib/python3.12/site-packages/airflow/example_dags/example_branch_day_of_week_operator.py for tasks to queue
[2024-09-29T09:03:36.755-0500] {logging_mixin.py:190} INFO - [2024-09-29T09:03:36.754-0500] {dagbag.py:588} INFO - Filling up the DagBag from /home/d-salamanca/airflow-env/lib/python3.12/site-packages/airflow/example_dags/example_branch_day_of_week_operator.py
[2024-09-29T09:03:36.767-0500] {processor.py:925} INFO - DAG(s) 'example_weekday_branch_operator' retrieved from /home/d-salamanca/airflow-env/lib/python3.12/site-packages/airflow/example_dags/example_branch_day_of_week_operator.py
[2024-09-29T09:03:36.787-0500] {logging_mixin.py:190} INFO - [2024-09-29T09:03:36.786-0500] {dag.py:3239} INFO - Sync 1 DAGs
[2024-09-29T09:03:36.811-0500] {logging_mixin.py:190} INFO - [2024-09-29T09:03:36.811-0500] {dag.py:4180} INFO - Setting next_dagrun for example_weekday_branch_operator to 2024-09-28 00:00:00+00:00, run_after=2024-09-29 00:00:00+00:00
[2024-09-29T09:03:36.855-0500] {processor.py:208} INFO - Processing /home/d-salamanca/airflow-env/lib/python3.12/site-packages/airflow/example_dags/example_branch_day_of_week_operator.py took 0.111 seconds
[2024-09-29T09:05:25.135-0500] {processor.py:186} INFO - Started process (PID=33031) to work on /home/d-salamanca/airflow-env/lib/python3.12/site-packages/airflow/example_dags/example_branch_day_of_week_operator.py
[2024-09-29T09:05:25.176-0500] {processor.py:914} INFO - Processing file /home/d-salamanca/airflow-env/lib/python3.12/site-packages/airflow/example_dags/example_branch_day_of_week_operator.py for tasks to queue
[2024-09-29T09:05:25.181-0500] {logging_mixin.py:190} INFO - [2024-09-29T09:05:25.180-0500] {dagbag.py:588} INFO - Filling up the DagBag from /home/d-salamanca/airflow-env/lib/python3.12/site-packages/airflow/example_dags/example_branch_day_of_week_operator.py
[2024-09-29T09:05:25.243-0500] {processor.py:925} INFO - DAG(s) 'example_weekday_branch_operator' retrieved from /home/d-salamanca/airflow-env/lib/python3.12/site-packages/airflow/example_dags/example_branch_day_of_week_operator.py
[2024-09-29T09:05:25.263-0500] {logging_mixin.py:190} INFO - [2024-09-29T09:05:25.262-0500] {dag.py:3239} INFO - Sync 1 DAGs
[2024-09-29T09:05:25.287-0500] {logging_mixin.py:190} INFO - [2024-09-29T09:05:25.286-0500] {dag.py:4180} INFO - Setting next_dagrun for example_weekday_branch_operator to 2024-09-28 00:00:00+00:00, run_after=2024-09-29 00:00:00+00:00
[2024-09-29T09:05:25.825-0500] {processor.py:208} INFO - Processing /home/d-salamanca/airflow-env/lib/python3.12/site-packages/airflow/example_dags/example_branch_day_of_week_operator.py took 0.702 seconds
[2024-09-29T09:07:32.277-0500] {processor.py:186} INFO - Started process (PID=33116) to work on /home/d-salamanca/airflow-env/lib/python3.12/site-packages/airflow/example_dags/example_branch_day_of_week_operator.py
[2024-09-29T09:07:32.279-0500] {processor.py:914} INFO - Processing file /home/d-salamanca/airflow-env/lib/python3.12/site-packages/airflow/example_dags/example_branch_day_of_week_operator.py for tasks to queue
[2024-09-29T09:07:32.281-0500] {logging_mixin.py:190} INFO - [2024-09-29T09:07:32.281-0500] {dagbag.py:588} INFO - Filling up the DagBag from /home/d-salamanca/airflow-env/lib/python3.12/site-packages/airflow/example_dags/example_branch_day_of_week_operator.py
[2024-09-29T09:07:32.297-0500] {processor.py:925} INFO - DAG(s) 'example_weekday_branch_operator' retrieved from /home/d-salamanca/airflow-env/lib/python3.12/site-packages/airflow/example_dags/example_branch_day_of_week_operator.py
[2024-09-29T09:07:32.316-0500] {logging_mixin.py:190} INFO - [2024-09-29T09:07:32.316-0500] {dag.py:3239} INFO - Sync 1 DAGs
[2024-09-29T09:07:32.346-0500] {logging_mixin.py:190} INFO - [2024-09-29T09:07:32.346-0500] {dag.py:4180} INFO - Setting next_dagrun for example_weekday_branch_operator to 2024-09-28 00:00:00+00:00, run_after=2024-09-29 00:00:00+00:00
[2024-09-29T09:07:32.386-0500] {processor.py:208} INFO - Processing /home/d-salamanca/airflow-env/lib/python3.12/site-packages/airflow/example_dags/example_branch_day_of_week_operator.py took 0.120 seconds
