[2024-09-28T23:58:51.042-0500] {processor.py:186} INFO - Started process (PID=25602) to work on /home/d-salamanca/airflow-env/lib/python3.12/site-packages/airflow/example_dags/example_workday_timetable.py
[2024-09-28T23:58:51.043-0500] {processor.py:914} INFO - Processing file /home/d-salamanca/airflow-env/lib/python3.12/site-packages/airflow/example_dags/example_workday_timetable.py for tasks to queue
[2024-09-28T23:58:51.046-0500] {logging_mixin.py:190} INFO - [2024-09-28T23:58:51.046-0500] {dagbag.py:588} INFO - Filling up the DagBag from /home/d-salamanca/airflow-env/lib/python3.12/site-packages/airflow/example_dags/example_workday_timetable.py
[2024-09-28T23:58:51.331-0500] {processor.py:925} INFO - DAG(s) 'example_workday_timetable' retrieved from /home/d-salamanca/airflow-env/lib/python3.12/site-packages/airflow/example_dags/example_workday_timetable.py
[2024-09-28T23:58:51.676-0500] {logging_mixin.py:190} INFO - [2024-09-28T23:58:51.674-0500] {override.py:1901} INFO - Created Permission View: can edit on DAG:example_workday_timetable
[2024-09-28T23:58:51.780-0500] {logging_mixin.py:190} INFO - [2024-09-28T23:58:51.778-0500] {override.py:1901} INFO - Created Permission View: can read on DAG:example_workday_timetable
[2024-09-28T23:58:51.838-0500] {logging_mixin.py:190} INFO - [2024-09-28T23:58:51.837-0500] {override.py:1901} INFO - Created Permission View: can delete on DAG:example_workday_timetable
[2024-09-28T23:58:52.031-0500] {logging_mixin.py:190} INFO - [2024-09-28T23:58:52.030-0500] {override.py:1901} INFO - Created Permission View: menu access on DAG Run:example_workday_timetable
[2024-09-28T23:58:52.074-0500] {logging_mixin.py:190} INFO - [2024-09-28T23:58:52.073-0500] {override.py:1901} INFO - Created Permission View: can read on DAG Run:example_workday_timetable
[2024-09-28T23:58:52.145-0500] {logging_mixin.py:190} INFO - [2024-09-28T23:58:52.145-0500] {override.py:1901} INFO - Created Permission View: can delete on DAG Run:example_workday_timetable
[2024-09-28T23:58:52.508-0500] {logging_mixin.py:190} INFO - [2024-09-28T23:58:52.477-0500] {override.py:1901} INFO - Created Permission View: can create on DAG Run:example_workday_timetable
[2024-09-28T23:58:52.509-0500] {logging_mixin.py:190} INFO - [2024-09-28T23:58:52.509-0500] {dag.py:3239} INFO - Sync 1 DAGs
[2024-09-28T23:58:52.527-0500] {logging_mixin.py:190} INFO - [2024-09-28T23:58:52.527-0500] {dag.py:3262} INFO - Creating ORM DAG for example_workday_timetable
[2024-09-28T23:58:52.582-0500] {logging_mixin.py:190} INFO - [2024-09-28T23:58:52.582-0500] {dag.py:4180} INFO - Setting next_dagrun for example_workday_timetable to 2021-01-01 00:00:00+00:00, run_after=2021-01-02 00:00:00+00:00
[2024-09-28T23:58:52.777-0500] {processor.py:208} INFO - Processing /home/d-salamanca/airflow-env/lib/python3.12/site-packages/airflow/example_dags/example_workday_timetable.py took 1.743 seconds
[2024-09-29T00:18:51.574-0500] {processor.py:186} INFO - Started process (PID=28580) to work on /home/d-salamanca/airflow-env/lib/python3.12/site-packages/airflow/example_dags/example_workday_timetable.py
[2024-09-29T00:18:51.604-0500] {processor.py:914} INFO - Processing file /home/d-salamanca/airflow-env/lib/python3.12/site-packages/airflow/example_dags/example_workday_timetable.py for tasks to queue
[2024-09-29T00:18:51.622-0500] {logging_mixin.py:190} INFO - [2024-09-29T00:18:51.621-0500] {dagbag.py:588} INFO - Filling up the DagBag from /home/d-salamanca/airflow-env/lib/python3.12/site-packages/airflow/example_dags/example_workday_timetable.py
[2024-09-29T00:18:51.660-0500] {processor.py:925} INFO - DAG(s) 'example_workday_timetable' retrieved from /home/d-salamanca/airflow-env/lib/python3.12/site-packages/airflow/example_dags/example_workday_timetable.py
[2024-09-29T00:18:51.713-0500] {logging_mixin.py:190} INFO - [2024-09-29T00:18:51.712-0500] {dag.py:3239} INFO - Sync 1 DAGs
[2024-09-29T00:18:51.935-0500] {logging_mixin.py:190} INFO - [2024-09-29T00:18:51.934-0500] {dag.py:4180} INFO - Setting next_dagrun for example_workday_timetable to 2021-01-01 00:00:00+00:00, run_after=2021-01-02 00:00:00+00:00
[2024-09-29T00:18:52.106-0500] {processor.py:208} INFO - Processing /home/d-salamanca/airflow-env/lib/python3.12/site-packages/airflow/example_dags/example_workday_timetable.py took 0.546 seconds
[2024-09-29T00:20:23.950-0500] {processor.py:186} INFO - Started process (PID=28686) to work on /home/d-salamanca/airflow-env/lib/python3.12/site-packages/airflow/example_dags/example_workday_timetable.py
[2024-09-29T00:20:23.969-0500] {processor.py:914} INFO - Processing file /home/d-salamanca/airflow-env/lib/python3.12/site-packages/airflow/example_dags/example_workday_timetable.py for tasks to queue
[2024-09-29T00:20:23.973-0500] {logging_mixin.py:190} INFO - [2024-09-29T00:20:23.972-0500] {dagbag.py:588} INFO - Filling up the DagBag from /home/d-salamanca/airflow-env/lib/python3.12/site-packages/airflow/example_dags/example_workday_timetable.py
[2024-09-29T00:20:23.981-0500] {processor.py:925} INFO - DAG(s) 'example_workday_timetable' retrieved from /home/d-salamanca/airflow-env/lib/python3.12/site-packages/airflow/example_dags/example_workday_timetable.py
[2024-09-29T00:20:23.998-0500] {logging_mixin.py:190} INFO - [2024-09-29T00:20:23.998-0500] {dag.py:3239} INFO - Sync 1 DAGs
[2024-09-29T00:20:24.022-0500] {logging_mixin.py:190} INFO - [2024-09-29T00:20:24.021-0500] {dag.py:4180} INFO - Setting next_dagrun for example_workday_timetable to 2021-01-01 00:00:00+00:00, run_after=2021-01-02 00:00:00+00:00
[2024-09-29T00:20:24.217-0500] {processor.py:208} INFO - Processing /home/d-salamanca/airflow-env/lib/python3.12/site-packages/airflow/example_dags/example_workday_timetable.py took 0.275 seconds
[2024-09-29T00:21:17.184-0500] {processor.py:186} INFO - Started process (PID=28727) to work on /home/d-salamanca/airflow-env/lib/python3.12/site-packages/airflow/example_dags/example_workday_timetable.py
[2024-09-29T00:21:17.186-0500] {processor.py:914} INFO - Processing file /home/d-salamanca/airflow-env/lib/python3.12/site-packages/airflow/example_dags/example_workday_timetable.py for tasks to queue
[2024-09-29T00:21:17.193-0500] {logging_mixin.py:190} INFO - [2024-09-29T00:21:17.192-0500] {dagbag.py:588} INFO - Filling up the DagBag from /home/d-salamanca/airflow-env/lib/python3.12/site-packages/airflow/example_dags/example_workday_timetable.py
[2024-09-29T00:21:17.221-0500] {processor.py:925} INFO - DAG(s) 'example_workday_timetable' retrieved from /home/d-salamanca/airflow-env/lib/python3.12/site-packages/airflow/example_dags/example_workday_timetable.py
[2024-09-29T00:21:17.242-0500] {logging_mixin.py:190} INFO - [2024-09-29T00:21:17.241-0500] {dag.py:3239} INFO - Sync 1 DAGs
[2024-09-29T00:21:17.271-0500] {logging_mixin.py:190} INFO - [2024-09-29T00:21:17.270-0500] {dag.py:4180} INFO - Setting next_dagrun for example_workday_timetable to 2021-01-01 00:00:00+00:00, run_after=2021-01-02 00:00:00+00:00
[2024-09-29T00:21:17.471-0500] {processor.py:208} INFO - Processing /home/d-salamanca/airflow-env/lib/python3.12/site-packages/airflow/example_dags/example_workday_timetable.py took 0.296 seconds
[2024-09-29T00:22:05.097-0500] {processor.py:186} INFO - Started process (PID=28760) to work on /home/d-salamanca/airflow-env/lib/python3.12/site-packages/airflow/example_dags/example_workday_timetable.py
[2024-09-29T00:22:05.099-0500] {processor.py:914} INFO - Processing file /home/d-salamanca/airflow-env/lib/python3.12/site-packages/airflow/example_dags/example_workday_timetable.py for tasks to queue
[2024-09-29T00:22:05.102-0500] {logging_mixin.py:190} INFO - [2024-09-29T00:22:05.101-0500] {dagbag.py:588} INFO - Filling up the DagBag from /home/d-salamanca/airflow-env/lib/python3.12/site-packages/airflow/example_dags/example_workday_timetable.py
[2024-09-29T00:22:05.110-0500] {processor.py:925} INFO - DAG(s) 'example_workday_timetable' retrieved from /home/d-salamanca/airflow-env/lib/python3.12/site-packages/airflow/example_dags/example_workday_timetable.py
[2024-09-29T00:22:05.133-0500] {logging_mixin.py:190} INFO - [2024-09-29T00:22:05.133-0500] {dag.py:3239} INFO - Sync 1 DAGs
[2024-09-29T00:22:05.159-0500] {logging_mixin.py:190} INFO - [2024-09-29T00:22:05.159-0500] {dag.py:4180} INFO - Setting next_dagrun for example_workday_timetable to 2021-01-01 00:00:00+00:00, run_after=2021-01-02 00:00:00+00:00
[2024-09-29T00:22:05.696-0500] {processor.py:208} INFO - Processing /home/d-salamanca/airflow-env/lib/python3.12/site-packages/airflow/example_dags/example_workday_timetable.py took 0.608 seconds
[2024-09-29T00:22:56.247-0500] {processor.py:186} INFO - Started process (PID=28801) to work on /home/d-salamanca/airflow-env/lib/python3.12/site-packages/airflow/example_dags/example_workday_timetable.py
[2024-09-29T00:22:56.248-0500] {processor.py:914} INFO - Processing file /home/d-salamanca/airflow-env/lib/python3.12/site-packages/airflow/example_dags/example_workday_timetable.py for tasks to queue
[2024-09-29T00:22:56.251-0500] {logging_mixin.py:190} INFO - [2024-09-29T00:22:56.251-0500] {dagbag.py:588} INFO - Filling up the DagBag from /home/d-salamanca/airflow-env/lib/python3.12/site-packages/airflow/example_dags/example_workday_timetable.py
[2024-09-29T00:22:56.259-0500] {processor.py:925} INFO - DAG(s) 'example_workday_timetable' retrieved from /home/d-salamanca/airflow-env/lib/python3.12/site-packages/airflow/example_dags/example_workday_timetable.py
[2024-09-29T00:22:56.280-0500] {logging_mixin.py:190} INFO - [2024-09-29T00:22:56.279-0500] {dag.py:3239} INFO - Sync 1 DAGs
[2024-09-29T00:22:56.303-0500] {logging_mixin.py:190} INFO - [2024-09-29T00:22:56.303-0500] {dag.py:4180} INFO - Setting next_dagrun for example_workday_timetable to 2021-01-01 00:00:00+00:00, run_after=2021-01-02 00:00:00+00:00
[2024-09-29T00:22:56.353-0500] {processor.py:208} INFO - Processing /home/d-salamanca/airflow-env/lib/python3.12/site-packages/airflow/example_dags/example_workday_timetable.py took 0.114 seconds
[2024-09-29T00:24:24.131-0500] {processor.py:186} INFO - Started process (PID=28873) to work on /home/d-salamanca/airflow-env/lib/python3.12/site-packages/airflow/example_dags/example_workday_timetable.py
[2024-09-29T00:24:24.132-0500] {processor.py:914} INFO - Processing file /home/d-salamanca/airflow-env/lib/python3.12/site-packages/airflow/example_dags/example_workday_timetable.py for tasks to queue
[2024-09-29T00:24:24.135-0500] {logging_mixin.py:190} INFO - [2024-09-29T00:24:24.135-0500] {dagbag.py:588} INFO - Filling up the DagBag from /home/d-salamanca/airflow-env/lib/python3.12/site-packages/airflow/example_dags/example_workday_timetable.py
[2024-09-29T00:24:24.142-0500] {processor.py:925} INFO - DAG(s) 'example_workday_timetable' retrieved from /home/d-salamanca/airflow-env/lib/python3.12/site-packages/airflow/example_dags/example_workday_timetable.py
[2024-09-29T00:24:24.160-0500] {logging_mixin.py:190} INFO - [2024-09-29T00:24:24.159-0500] {dag.py:3239} INFO - Sync 1 DAGs
[2024-09-29T00:24:24.182-0500] {logging_mixin.py:190} INFO - [2024-09-29T00:24:24.181-0500] {dag.py:4180} INFO - Setting next_dagrun for example_workday_timetable to 2021-01-01 00:00:00+00:00, run_after=2021-01-02 00:00:00+00:00
[2024-09-29T00:24:24.213-0500] {processor.py:208} INFO - Processing /home/d-salamanca/airflow-env/lib/python3.12/site-packages/airflow/example_dags/example_workday_timetable.py took 0.091 seconds
[2024-09-29T00:25:49.995-0500] {processor.py:186} INFO - Started process (PID=28945) to work on /home/d-salamanca/airflow-env/lib/python3.12/site-packages/airflow/example_dags/example_workday_timetable.py
[2024-09-29T00:25:49.997-0500] {processor.py:914} INFO - Processing file /home/d-salamanca/airflow-env/lib/python3.12/site-packages/airflow/example_dags/example_workday_timetable.py for tasks to queue
[2024-09-29T00:25:50.000-0500] {logging_mixin.py:190} INFO - [2024-09-29T00:25:49.999-0500] {dagbag.py:588} INFO - Filling up the DagBag from /home/d-salamanca/airflow-env/lib/python3.12/site-packages/airflow/example_dags/example_workday_timetable.py
[2024-09-29T00:25:50.008-0500] {processor.py:925} INFO - DAG(s) 'example_workday_timetable' retrieved from /home/d-salamanca/airflow-env/lib/python3.12/site-packages/airflow/example_dags/example_workday_timetable.py
[2024-09-29T00:25:50.150-0500] {logging_mixin.py:190} INFO - [2024-09-29T00:25:50.150-0500] {dag.py:3239} INFO - Sync 1 DAGs
[2024-09-29T00:25:50.167-0500] {logging_mixin.py:190} INFO - [2024-09-29T00:25:50.167-0500] {dag.py:4180} INFO - Setting next_dagrun for example_workday_timetable to 2021-01-01 00:00:00+00:00, run_after=2021-01-02 00:00:00+00:00
[2024-09-29T00:25:50.335-0500] {processor.py:208} INFO - Processing /home/d-salamanca/airflow-env/lib/python3.12/site-packages/airflow/example_dags/example_workday_timetable.py took 0.347 seconds
[2024-09-29T00:26:39.145-0500] {processor.py:186} INFO - Started process (PID=28993) to work on /home/d-salamanca/airflow-env/lib/python3.12/site-packages/airflow/example_dags/example_workday_timetable.py
[2024-09-29T00:26:39.146-0500] {processor.py:914} INFO - Processing file /home/d-salamanca/airflow-env/lib/python3.12/site-packages/airflow/example_dags/example_workday_timetable.py for tasks to queue
[2024-09-29T00:26:39.149-0500] {logging_mixin.py:190} INFO - [2024-09-29T00:26:39.149-0500] {dagbag.py:588} INFO - Filling up the DagBag from /home/d-salamanca/airflow-env/lib/python3.12/site-packages/airflow/example_dags/example_workday_timetable.py
[2024-09-29T00:26:39.158-0500] {processor.py:925} INFO - DAG(s) 'example_workday_timetable' retrieved from /home/d-salamanca/airflow-env/lib/python3.12/site-packages/airflow/example_dags/example_workday_timetable.py
[2024-09-29T00:26:39.178-0500] {logging_mixin.py:190} INFO - [2024-09-29T00:26:39.178-0500] {dag.py:3239} INFO - Sync 1 DAGs
[2024-09-29T00:26:39.205-0500] {logging_mixin.py:190} INFO - [2024-09-29T00:26:39.205-0500] {dag.py:4180} INFO - Setting next_dagrun for example_workday_timetable to 2021-01-01 00:00:00+00:00, run_after=2021-01-02 00:00:00+00:00
[2024-09-29T00:26:39.260-0500] {processor.py:208} INFO - Processing /home/d-salamanca/airflow-env/lib/python3.12/site-packages/airflow/example_dags/example_workday_timetable.py took 0.123 seconds
[2024-09-29T00:28:14.325-0500] {processor.py:186} INFO - Started process (PID=29142) to work on /home/d-salamanca/airflow-env/lib/python3.12/site-packages/airflow/example_dags/example_workday_timetable.py
[2024-09-29T00:28:14.344-0500] {processor.py:914} INFO - Processing file /home/d-salamanca/airflow-env/lib/python3.12/site-packages/airflow/example_dags/example_workday_timetable.py for tasks to queue
[2024-09-29T00:28:14.348-0500] {logging_mixin.py:190} INFO - [2024-09-29T00:28:14.347-0500] {dagbag.py:588} INFO - Filling up the DagBag from /home/d-salamanca/airflow-env/lib/python3.12/site-packages/airflow/example_dags/example_workday_timetable.py
[2024-09-29T00:28:14.381-0500] {processor.py:925} INFO - DAG(s) 'example_workday_timetable' retrieved from /home/d-salamanca/airflow-env/lib/python3.12/site-packages/airflow/example_dags/example_workday_timetable.py
[2024-09-29T00:28:14.404-0500] {logging_mixin.py:190} INFO - [2024-09-29T00:28:14.403-0500] {dag.py:3239} INFO - Sync 1 DAGs
[2024-09-29T00:28:14.427-0500] {logging_mixin.py:190} INFO - [2024-09-29T00:28:14.427-0500] {dag.py:4180} INFO - Setting next_dagrun for example_workday_timetable to 2021-01-01 00:00:00+00:00, run_after=2021-01-02 00:00:00+00:00
[2024-09-29T00:28:14.453-0500] {processor.py:208} INFO - Processing /home/d-salamanca/airflow-env/lib/python3.12/site-packages/airflow/example_dags/example_workday_timetable.py took 0.137 seconds
[2024-09-29T00:29:20.221-0500] {processor.py:186} INFO - Started process (PID=29224) to work on /home/d-salamanca/airflow-env/lib/python3.12/site-packages/airflow/example_dags/example_workday_timetable.py
[2024-09-29T00:29:20.258-0500] {processor.py:914} INFO - Processing file /home/d-salamanca/airflow-env/lib/python3.12/site-packages/airflow/example_dags/example_workday_timetable.py for tasks to queue
[2024-09-29T00:29:20.262-0500] {logging_mixin.py:190} INFO - [2024-09-29T00:29:20.261-0500] {dagbag.py:588} INFO - Filling up the DagBag from /home/d-salamanca/airflow-env/lib/python3.12/site-packages/airflow/example_dags/example_workday_timetable.py
[2024-09-29T00:29:20.369-0500] {processor.py:925} INFO - DAG(s) 'example_workday_timetable' retrieved from /home/d-salamanca/airflow-env/lib/python3.12/site-packages/airflow/example_dags/example_workday_timetable.py
[2024-09-29T00:29:20.494-0500] {logging_mixin.py:190} INFO - [2024-09-29T00:29:20.494-0500] {dag.py:3239} INFO - Sync 1 DAGs
[2024-09-29T00:29:20.808-0500] {logging_mixin.py:190} INFO - [2024-09-29T00:29:20.808-0500] {dag.py:4180} INFO - Setting next_dagrun for example_workday_timetable to 2021-01-01 00:00:00+00:00, run_after=2021-01-02 00:00:00+00:00
[2024-09-29T00:29:21.875-0500] {processor.py:208} INFO - Processing /home/d-salamanca/airflow-env/lib/python3.12/site-packages/airflow/example_dags/example_workday_timetable.py took 1.663 seconds
[2024-09-29T00:30:39.738-0500] {processor.py:186} INFO - Started process (PID=29278) to work on /home/d-salamanca/airflow-env/lib/python3.12/site-packages/airflow/example_dags/example_workday_timetable.py
[2024-09-29T00:30:39.775-0500] {processor.py:914} INFO - Processing file /home/d-salamanca/airflow-env/lib/python3.12/site-packages/airflow/example_dags/example_workday_timetable.py for tasks to queue
[2024-09-29T00:30:39.783-0500] {logging_mixin.py:190} INFO - [2024-09-29T00:30:39.782-0500] {dagbag.py:588} INFO - Filling up the DagBag from /home/d-salamanca/airflow-env/lib/python3.12/site-packages/airflow/example_dags/example_workday_timetable.py
[2024-09-29T00:30:39.822-0500] {processor.py:925} INFO - DAG(s) 'example_workday_timetable' retrieved from /home/d-salamanca/airflow-env/lib/python3.12/site-packages/airflow/example_dags/example_workday_timetable.py
[2024-09-29T00:30:39.840-0500] {logging_mixin.py:190} INFO - [2024-09-29T00:30:39.840-0500] {dag.py:3239} INFO - Sync 1 DAGs
[2024-09-29T00:30:39.934-0500] {logging_mixin.py:190} INFO - [2024-09-29T00:30:39.933-0500] {dag.py:4180} INFO - Setting next_dagrun for example_workday_timetable to 2021-01-01 00:00:00+00:00, run_after=2021-01-02 00:00:00+00:00
[2024-09-29T00:30:39.992-0500] {processor.py:208} INFO - Processing /home/d-salamanca/airflow-env/lib/python3.12/site-packages/airflow/example_dags/example_workday_timetable.py took 0.263 seconds
[2024-09-29T00:31:45.917-0500] {processor.py:186} INFO - Started process (PID=29329) to work on /home/d-salamanca/airflow-env/lib/python3.12/site-packages/airflow/example_dags/example_workday_timetable.py
[2024-09-29T00:31:45.937-0500] {processor.py:914} INFO - Processing file /home/d-salamanca/airflow-env/lib/python3.12/site-packages/airflow/example_dags/example_workday_timetable.py for tasks to queue
[2024-09-29T00:31:45.941-0500] {logging_mixin.py:190} INFO - [2024-09-29T00:31:45.941-0500] {dagbag.py:588} INFO - Filling up the DagBag from /home/d-salamanca/airflow-env/lib/python3.12/site-packages/airflow/example_dags/example_workday_timetable.py
[2024-09-29T00:31:45.975-0500] {processor.py:925} INFO - DAG(s) 'example_workday_timetable' retrieved from /home/d-salamanca/airflow-env/lib/python3.12/site-packages/airflow/example_dags/example_workday_timetable.py
[2024-09-29T00:31:45.992-0500] {logging_mixin.py:190} INFO - [2024-09-29T00:31:45.992-0500] {dag.py:3239} INFO - Sync 1 DAGs
[2024-09-29T00:31:46.015-0500] {logging_mixin.py:190} INFO - [2024-09-29T00:31:46.015-0500] {dag.py:4180} INFO - Setting next_dagrun for example_workday_timetable to 2021-01-01 00:00:00+00:00, run_after=2021-01-02 00:00:00+00:00
[2024-09-29T00:31:46.051-0500] {processor.py:208} INFO - Processing /home/d-salamanca/airflow-env/lib/python3.12/site-packages/airflow/example_dags/example_workday_timetable.py took 0.142 seconds
[2024-09-29T00:33:04.818-0500] {processor.py:186} INFO - Started process (PID=29408) to work on /home/d-salamanca/airflow-env/lib/python3.12/site-packages/airflow/example_dags/example_workday_timetable.py
[2024-09-29T00:33:04.862-0500] {processor.py:914} INFO - Processing file /home/d-salamanca/airflow-env/lib/python3.12/site-packages/airflow/example_dags/example_workday_timetable.py for tasks to queue
[2024-09-29T00:33:04.868-0500] {logging_mixin.py:190} INFO - [2024-09-29T00:33:04.867-0500] {dagbag.py:588} INFO - Filling up the DagBag from /home/d-salamanca/airflow-env/lib/python3.12/site-packages/airflow/example_dags/example_workday_timetable.py
[2024-09-29T00:33:04.893-0500] {processor.py:925} INFO - DAG(s) 'example_workday_timetable' retrieved from /home/d-salamanca/airflow-env/lib/python3.12/site-packages/airflow/example_dags/example_workday_timetable.py
[2024-09-29T00:33:04.965-0500] {logging_mixin.py:190} INFO - [2024-09-29T00:33:04.939-0500] {dag.py:3239} INFO - Sync 1 DAGs
[2024-09-29T00:33:05.064-0500] {logging_mixin.py:190} INFO - [2024-09-29T00:33:05.063-0500] {dag.py:4180} INFO - Setting next_dagrun for example_workday_timetable to 2021-01-01 00:00:00+00:00, run_after=2021-01-02 00:00:00+00:00
[2024-09-29T00:33:05.143-0500] {processor.py:208} INFO - Processing /home/d-salamanca/airflow-env/lib/python3.12/site-packages/airflow/example_dags/example_workday_timetable.py took 0.336 seconds
[2024-09-29T00:33:55.476-0500] {processor.py:186} INFO - Started process (PID=29475) to work on /home/d-salamanca/airflow-env/lib/python3.12/site-packages/airflow/example_dags/example_workday_timetable.py
[2024-09-29T00:33:55.478-0500] {processor.py:914} INFO - Processing file /home/d-salamanca/airflow-env/lib/python3.12/site-packages/airflow/example_dags/example_workday_timetable.py for tasks to queue
[2024-09-29T00:33:55.481-0500] {logging_mixin.py:190} INFO - [2024-09-29T00:33:55.481-0500] {dagbag.py:588} INFO - Filling up the DagBag from /home/d-salamanca/airflow-env/lib/python3.12/site-packages/airflow/example_dags/example_workday_timetable.py
[2024-09-29T00:33:55.501-0500] {processor.py:925} INFO - DAG(s) 'example_workday_timetable' retrieved from /home/d-salamanca/airflow-env/lib/python3.12/site-packages/airflow/example_dags/example_workday_timetable.py
[2024-09-29T00:33:55.545-0500] {logging_mixin.py:190} INFO - [2024-09-29T00:33:55.544-0500] {dag.py:3239} INFO - Sync 1 DAGs
[2024-09-29T00:33:55.630-0500] {logging_mixin.py:190} INFO - [2024-09-29T00:33:55.629-0500] {dag.py:4180} INFO - Setting next_dagrun for example_workday_timetable to 2021-01-01 00:00:00+00:00, run_after=2021-01-02 00:00:00+00:00
[2024-09-29T00:33:55.713-0500] {processor.py:208} INFO - Processing /home/d-salamanca/airflow-env/lib/python3.12/site-packages/airflow/example_dags/example_workday_timetable.py took 0.245 seconds
[2024-09-29T08:20:16.035-0500] {processor.py:186} INFO - Started process (PID=29763) to work on /home/d-salamanca/airflow-env/lib/python3.12/site-packages/airflow/example_dags/example_workday_timetable.py
[2024-09-29T08:20:16.128-0500] {processor.py:914} INFO - Processing file /home/d-salamanca/airflow-env/lib/python3.12/site-packages/airflow/example_dags/example_workday_timetable.py for tasks to queue
[2024-09-29T08:20:16.137-0500] {logging_mixin.py:190} INFO - [2024-09-29T08:20:16.136-0500] {dagbag.py:588} INFO - Filling up the DagBag from /home/d-salamanca/airflow-env/lib/python3.12/site-packages/airflow/example_dags/example_workday_timetable.py
[2024-09-29T08:20:16.160-0500] {processor.py:925} INFO - DAG(s) 'example_workday_timetable' retrieved from /home/d-salamanca/airflow-env/lib/python3.12/site-packages/airflow/example_dags/example_workday_timetable.py
[2024-09-29T08:20:16.181-0500] {logging_mixin.py:190} INFO - [2024-09-29T08:20:16.181-0500] {dag.py:3239} INFO - Sync 1 DAGs
[2024-09-29T08:20:16.345-0500] {logging_mixin.py:190} INFO - [2024-09-29T08:20:16.345-0500] {dag.py:4180} INFO - Setting next_dagrun for example_workday_timetable to 2021-01-01 00:00:00+00:00, run_after=2021-01-02 00:00:00+00:00
[2024-09-29T08:20:16.412-0500] {processor.py:208} INFO - Processing /home/d-salamanca/airflow-env/lib/python3.12/site-packages/airflow/example_dags/example_workday_timetable.py took 0.388 seconds
[2024-09-29T08:21:24.138-0500] {processor.py:186} INFO - Started process (PID=29839) to work on /home/d-salamanca/airflow-env/lib/python3.12/site-packages/airflow/example_dags/example_workday_timetable.py
[2024-09-29T08:21:24.192-0500] {processor.py:914} INFO - Processing file /home/d-salamanca/airflow-env/lib/python3.12/site-packages/airflow/example_dags/example_workday_timetable.py for tasks to queue
[2024-09-29T08:21:24.201-0500] {logging_mixin.py:190} INFO - [2024-09-29T08:21:24.200-0500] {dagbag.py:588} INFO - Filling up the DagBag from /home/d-salamanca/airflow-env/lib/python3.12/site-packages/airflow/example_dags/example_workday_timetable.py
[2024-09-29T08:21:24.212-0500] {processor.py:925} INFO - DAG(s) 'example_workday_timetable' retrieved from /home/d-salamanca/airflow-env/lib/python3.12/site-packages/airflow/example_dags/example_workday_timetable.py
[2024-09-29T08:21:24.230-0500] {logging_mixin.py:190} INFO - [2024-09-29T08:21:24.230-0500] {dag.py:3239} INFO - Sync 1 DAGs
[2024-09-29T08:21:24.256-0500] {logging_mixin.py:190} INFO - [2024-09-29T08:21:24.256-0500] {dag.py:4180} INFO - Setting next_dagrun for example_workday_timetable to 2021-01-01 00:00:00+00:00, run_after=2021-01-02 00:00:00+00:00
[2024-09-29T08:21:24.405-0500] {processor.py:208} INFO - Processing /home/d-salamanca/airflow-env/lib/python3.12/site-packages/airflow/example_dags/example_workday_timetable.py took 0.275 seconds
[2024-09-29T08:22:22.627-0500] {processor.py:186} INFO - Started process (PID=29877) to work on /home/d-salamanca/airflow-env/lib/python3.12/site-packages/airflow/example_dags/example_workday_timetable.py
[2024-09-29T08:22:22.651-0500] {processor.py:914} INFO - Processing file /home/d-salamanca/airflow-env/lib/python3.12/site-packages/airflow/example_dags/example_workday_timetable.py for tasks to queue
[2024-09-29T08:22:22.658-0500] {logging_mixin.py:190} INFO - [2024-09-29T08:22:22.657-0500] {dagbag.py:588} INFO - Filling up the DagBag from /home/d-salamanca/airflow-env/lib/python3.12/site-packages/airflow/example_dags/example_workday_timetable.py
[2024-09-29T08:22:22.688-0500] {processor.py:925} INFO - DAG(s) 'example_workday_timetable' retrieved from /home/d-salamanca/airflow-env/lib/python3.12/site-packages/airflow/example_dags/example_workday_timetable.py
[2024-09-29T08:22:22.707-0500] {logging_mixin.py:190} INFO - [2024-09-29T08:22:22.707-0500] {dag.py:3239} INFO - Sync 1 DAGs
[2024-09-29T08:22:22.759-0500] {logging_mixin.py:190} INFO - [2024-09-29T08:22:22.759-0500] {dag.py:4180} INFO - Setting next_dagrun for example_workday_timetable to 2021-01-01 00:00:00+00:00, run_after=2021-01-02 00:00:00+00:00
[2024-09-29T08:22:22.819-0500] {processor.py:208} INFO - Processing /home/d-salamanca/airflow-env/lib/python3.12/site-packages/airflow/example_dags/example_workday_timetable.py took 0.200 seconds
[2024-09-29T08:23:14.468-0500] {processor.py:186} INFO - Started process (PID=29918) to work on /home/d-salamanca/airflow-env/lib/python3.12/site-packages/airflow/example_dags/example_workday_timetable.py
[2024-09-29T08:23:14.470-0500] {processor.py:914} INFO - Processing file /home/d-salamanca/airflow-env/lib/python3.12/site-packages/airflow/example_dags/example_workday_timetable.py for tasks to queue
[2024-09-29T08:23:14.476-0500] {logging_mixin.py:190} INFO - [2024-09-29T08:23:14.475-0500] {dagbag.py:588} INFO - Filling up the DagBag from /home/d-salamanca/airflow-env/lib/python3.12/site-packages/airflow/example_dags/example_workday_timetable.py
[2024-09-29T08:23:14.483-0500] {processor.py:925} INFO - DAG(s) 'example_workday_timetable' retrieved from /home/d-salamanca/airflow-env/lib/python3.12/site-packages/airflow/example_dags/example_workday_timetable.py
[2024-09-29T08:23:14.501-0500] {logging_mixin.py:190} INFO - [2024-09-29T08:23:14.501-0500] {dag.py:3239} INFO - Sync 1 DAGs
[2024-09-29T08:23:14.524-0500] {logging_mixin.py:190} INFO - [2024-09-29T08:23:14.524-0500] {dag.py:4180} INFO - Setting next_dagrun for example_workday_timetable to 2021-01-01 00:00:00+00:00, run_after=2021-01-02 00:00:00+00:00
[2024-09-29T08:23:14.557-0500] {processor.py:208} INFO - Processing /home/d-salamanca/airflow-env/lib/python3.12/site-packages/airflow/example_dags/example_workday_timetable.py took 0.097 seconds
[2024-09-29T08:24:39.213-0500] {processor.py:186} INFO - Started process (PID=30018) to work on /home/d-salamanca/airflow-env/lib/python3.12/site-packages/airflow/example_dags/example_workday_timetable.py
[2024-09-29T08:24:39.238-0500] {processor.py:914} INFO - Processing file /home/d-salamanca/airflow-env/lib/python3.12/site-packages/airflow/example_dags/example_workday_timetable.py for tasks to queue
[2024-09-29T08:24:39.244-0500] {logging_mixin.py:190} INFO - [2024-09-29T08:24:39.243-0500] {dagbag.py:588} INFO - Filling up the DagBag from /home/d-salamanca/airflow-env/lib/python3.12/site-packages/airflow/example_dags/example_workday_timetable.py
[2024-09-29T08:24:39.257-0500] {processor.py:925} INFO - DAG(s) 'example_workday_timetable' retrieved from /home/d-salamanca/airflow-env/lib/python3.12/site-packages/airflow/example_dags/example_workday_timetable.py
[2024-09-29T08:24:39.276-0500] {logging_mixin.py:190} INFO - [2024-09-29T08:24:39.275-0500] {dag.py:3239} INFO - Sync 1 DAGs
[2024-09-29T08:24:39.299-0500] {logging_mixin.py:190} INFO - [2024-09-29T08:24:39.298-0500] {dag.py:4180} INFO - Setting next_dagrun for example_workday_timetable to 2021-01-01 00:00:00+00:00, run_after=2021-01-02 00:00:00+00:00
[2024-09-29T08:24:39.332-0500] {processor.py:208} INFO - Processing /home/d-salamanca/airflow-env/lib/python3.12/site-packages/airflow/example_dags/example_workday_timetable.py took 0.126 seconds
[2024-09-29T08:26:06.713-0500] {processor.py:186} INFO - Started process (PID=30093) to work on /home/d-salamanca/airflow-env/lib/python3.12/site-packages/airflow/example_dags/example_workday_timetable.py
[2024-09-29T08:26:06.740-0500] {processor.py:914} INFO - Processing file /home/d-salamanca/airflow-env/lib/python3.12/site-packages/airflow/example_dags/example_workday_timetable.py for tasks to queue
[2024-09-29T08:26:06.750-0500] {logging_mixin.py:190} INFO - [2024-09-29T08:26:06.746-0500] {dagbag.py:588} INFO - Filling up the DagBag from /home/d-salamanca/airflow-env/lib/python3.12/site-packages/airflow/example_dags/example_workday_timetable.py
[2024-09-29T08:26:06.903-0500] {processor.py:925} INFO - DAG(s) 'example_workday_timetable' retrieved from /home/d-salamanca/airflow-env/lib/python3.12/site-packages/airflow/example_dags/example_workday_timetable.py
[2024-09-29T08:26:06.921-0500] {logging_mixin.py:190} INFO - [2024-09-29T08:26:06.920-0500] {dag.py:3239} INFO - Sync 1 DAGs
[2024-09-29T08:26:06.943-0500] {logging_mixin.py:190} INFO - [2024-09-29T08:26:06.943-0500] {dag.py:4180} INFO - Setting next_dagrun for example_workday_timetable to 2021-01-01 00:00:00+00:00, run_after=2021-01-02 00:00:00+00:00
[2024-09-29T08:26:07.055-0500] {processor.py:208} INFO - Processing /home/d-salamanca/airflow-env/lib/python3.12/site-packages/airflow/example_dags/example_workday_timetable.py took 0.350 seconds
[2024-09-29T08:27:26.981-0500] {processor.py:186} INFO - Started process (PID=30161) to work on /home/d-salamanca/airflow-env/lib/python3.12/site-packages/airflow/example_dags/example_workday_timetable.py
[2024-09-29T08:27:26.983-0500] {processor.py:914} INFO - Processing file /home/d-salamanca/airflow-env/lib/python3.12/site-packages/airflow/example_dags/example_workday_timetable.py for tasks to queue
[2024-09-29T08:27:26.987-0500] {logging_mixin.py:190} INFO - [2024-09-29T08:27:26.986-0500] {dagbag.py:588} INFO - Filling up the DagBag from /home/d-salamanca/airflow-env/lib/python3.12/site-packages/airflow/example_dags/example_workday_timetable.py
[2024-09-29T08:27:26.996-0500] {processor.py:925} INFO - DAG(s) 'example_workday_timetable' retrieved from /home/d-salamanca/airflow-env/lib/python3.12/site-packages/airflow/example_dags/example_workday_timetable.py
[2024-09-29T08:27:27.015-0500] {logging_mixin.py:190} INFO - [2024-09-29T08:27:27.014-0500] {dag.py:3239} INFO - Sync 1 DAGs
[2024-09-29T08:27:27.038-0500] {logging_mixin.py:190} INFO - [2024-09-29T08:27:27.038-0500] {dag.py:4180} INFO - Setting next_dagrun for example_workday_timetable to 2021-01-01 00:00:00+00:00, run_after=2021-01-02 00:00:00+00:00
[2024-09-29T08:27:27.081-0500] {processor.py:208} INFO - Processing /home/d-salamanca/airflow-env/lib/python3.12/site-packages/airflow/example_dags/example_workday_timetable.py took 0.109 seconds
[2024-09-29T08:28:41.309-0500] {processor.py:186} INFO - Started process (PID=30228) to work on /home/d-salamanca/airflow-env/lib/python3.12/site-packages/airflow/example_dags/example_workday_timetable.py
[2024-09-29T08:28:41.352-0500] {processor.py:914} INFO - Processing file /home/d-salamanca/airflow-env/lib/python3.12/site-packages/airflow/example_dags/example_workday_timetable.py for tasks to queue
[2024-09-29T08:28:41.358-0500] {logging_mixin.py:190} INFO - [2024-09-29T08:28:41.357-0500] {dagbag.py:588} INFO - Filling up the DagBag from /home/d-salamanca/airflow-env/lib/python3.12/site-packages/airflow/example_dags/example_workday_timetable.py
[2024-09-29T08:28:41.367-0500] {processor.py:925} INFO - DAG(s) 'example_workday_timetable' retrieved from /home/d-salamanca/airflow-env/lib/python3.12/site-packages/airflow/example_dags/example_workday_timetable.py
[2024-09-29T08:28:41.384-0500] {logging_mixin.py:190} INFO - [2024-09-29T08:28:41.384-0500] {dag.py:3239} INFO - Sync 1 DAGs
[2024-09-29T08:28:41.407-0500] {logging_mixin.py:190} INFO - [2024-09-29T08:28:41.407-0500] {dag.py:4180} INFO - Setting next_dagrun for example_workday_timetable to 2021-01-01 00:00:00+00:00, run_after=2021-01-02 00:00:00+00:00
[2024-09-29T08:28:41.467-0500] {processor.py:208} INFO - Processing /home/d-salamanca/airflow-env/lib/python3.12/site-packages/airflow/example_dags/example_workday_timetable.py took 0.166 seconds
[2024-09-29T08:30:07.776-0500] {processor.py:186} INFO - Started process (PID=30303) to work on /home/d-salamanca/airflow-env/lib/python3.12/site-packages/airflow/example_dags/example_workday_timetable.py
[2024-09-29T08:30:07.777-0500] {processor.py:914} INFO - Processing file /home/d-salamanca/airflow-env/lib/python3.12/site-packages/airflow/example_dags/example_workday_timetable.py for tasks to queue
[2024-09-29T08:30:07.781-0500] {logging_mixin.py:190} INFO - [2024-09-29T08:30:07.780-0500] {dagbag.py:588} INFO - Filling up the DagBag from /home/d-salamanca/airflow-env/lib/python3.12/site-packages/airflow/example_dags/example_workday_timetable.py
[2024-09-29T08:30:07.789-0500] {processor.py:925} INFO - DAG(s) 'example_workday_timetable' retrieved from /home/d-salamanca/airflow-env/lib/python3.12/site-packages/airflow/example_dags/example_workday_timetable.py
[2024-09-29T08:30:07.811-0500] {logging_mixin.py:190} INFO - [2024-09-29T08:30:07.810-0500] {dag.py:3239} INFO - Sync 1 DAGs
[2024-09-29T08:30:07.840-0500] {logging_mixin.py:190} INFO - [2024-09-29T08:30:07.840-0500] {dag.py:4180} INFO - Setting next_dagrun for example_workday_timetable to 2021-01-01 00:00:00+00:00, run_after=2021-01-02 00:00:00+00:00
[2024-09-29T08:30:07.880-0500] {processor.py:208} INFO - Processing /home/d-salamanca/airflow-env/lib/python3.12/site-packages/airflow/example_dags/example_workday_timetable.py took 0.117 seconds
[2024-09-29T08:31:42.973-0500] {processor.py:186} INFO - Started process (PID=30389) to work on /home/d-salamanca/airflow-env/lib/python3.12/site-packages/airflow/example_dags/example_workday_timetable.py
[2024-09-29T08:31:42.974-0500] {processor.py:914} INFO - Processing file /home/d-salamanca/airflow-env/lib/python3.12/site-packages/airflow/example_dags/example_workday_timetable.py for tasks to queue
[2024-09-29T08:31:42.978-0500] {logging_mixin.py:190} INFO - [2024-09-29T08:31:42.977-0500] {dagbag.py:588} INFO - Filling up the DagBag from /home/d-salamanca/airflow-env/lib/python3.12/site-packages/airflow/example_dags/example_workday_timetable.py
[2024-09-29T08:31:42.985-0500] {processor.py:925} INFO - DAG(s) 'example_workday_timetable' retrieved from /home/d-salamanca/airflow-env/lib/python3.12/site-packages/airflow/example_dags/example_workday_timetable.py
[2024-09-29T08:31:43.004-0500] {logging_mixin.py:190} INFO - [2024-09-29T08:31:43.003-0500] {dag.py:3239} INFO - Sync 1 DAGs
[2024-09-29T08:31:43.027-0500] {logging_mixin.py:190} INFO - [2024-09-29T08:31:43.027-0500] {dag.py:4180} INFO - Setting next_dagrun for example_workday_timetable to 2021-01-01 00:00:00+00:00, run_after=2021-01-02 00:00:00+00:00
[2024-09-29T08:31:43.120-0500] {processor.py:208} INFO - Processing /home/d-salamanca/airflow-env/lib/python3.12/site-packages/airflow/example_dags/example_workday_timetable.py took 0.154 seconds
[2024-09-29T08:33:18.639-0500] {processor.py:186} INFO - Started process (PID=30465) to work on /home/d-salamanca/airflow-env/lib/python3.12/site-packages/airflow/example_dags/example_workday_timetable.py
[2024-09-29T08:33:18.641-0500] {processor.py:914} INFO - Processing file /home/d-salamanca/airflow-env/lib/python3.12/site-packages/airflow/example_dags/example_workday_timetable.py for tasks to queue
[2024-09-29T08:33:18.647-0500] {logging_mixin.py:190} INFO - [2024-09-29T08:33:18.646-0500] {dagbag.py:588} INFO - Filling up the DagBag from /home/d-salamanca/airflow-env/lib/python3.12/site-packages/airflow/example_dags/example_workday_timetable.py
[2024-09-29T08:33:18.655-0500] {processor.py:925} INFO - DAG(s) 'example_workday_timetable' retrieved from /home/d-salamanca/airflow-env/lib/python3.12/site-packages/airflow/example_dags/example_workday_timetable.py
[2024-09-29T08:33:18.674-0500] {logging_mixin.py:190} INFO - [2024-09-29T08:33:18.673-0500] {dag.py:3239} INFO - Sync 1 DAGs
[2024-09-29T08:33:18.697-0500] {logging_mixin.py:190} INFO - [2024-09-29T08:33:18.696-0500] {dag.py:4180} INFO - Setting next_dagrun for example_workday_timetable to 2021-01-01 00:00:00+00:00, run_after=2021-01-02 00:00:00+00:00
[2024-09-29T08:33:18.728-0500] {processor.py:208} INFO - Processing /home/d-salamanca/airflow-env/lib/python3.12/site-packages/airflow/example_dags/example_workday_timetable.py took 0.095 seconds
[2024-09-29T08:34:38.649-0500] {processor.py:186} INFO - Started process (PID=30531) to work on /home/d-salamanca/airflow-env/lib/python3.12/site-packages/airflow/example_dags/example_workday_timetable.py
[2024-09-29T08:34:38.650-0500] {processor.py:914} INFO - Processing file /home/d-salamanca/airflow-env/lib/python3.12/site-packages/airflow/example_dags/example_workday_timetable.py for tasks to queue
[2024-09-29T08:34:38.653-0500] {logging_mixin.py:190} INFO - [2024-09-29T08:34:38.653-0500] {dagbag.py:588} INFO - Filling up the DagBag from /home/d-salamanca/airflow-env/lib/python3.12/site-packages/airflow/example_dags/example_workday_timetable.py
[2024-09-29T08:34:38.660-0500] {processor.py:925} INFO - DAG(s) 'example_workday_timetable' retrieved from /home/d-salamanca/airflow-env/lib/python3.12/site-packages/airflow/example_dags/example_workday_timetable.py
[2024-09-29T08:34:38.679-0500] {logging_mixin.py:190} INFO - [2024-09-29T08:34:38.679-0500] {dag.py:3239} INFO - Sync 1 DAGs
[2024-09-29T08:34:38.703-0500] {logging_mixin.py:190} INFO - [2024-09-29T08:34:38.703-0500] {dag.py:4180} INFO - Setting next_dagrun for example_workday_timetable to 2021-01-01 00:00:00+00:00, run_after=2021-01-02 00:00:00+00:00
[2024-09-29T08:34:38.895-0500] {processor.py:208} INFO - Processing /home/d-salamanca/airflow-env/lib/python3.12/site-packages/airflow/example_dags/example_workday_timetable.py took 0.254 seconds
[2024-09-29T08:35:33.931-0500] {processor.py:186} INFO - Started process (PID=30670) to work on /home/d-salamanca/airflow-env/lib/python3.12/site-packages/airflow/example_dags/example_workday_timetable.py
[2024-09-29T08:35:33.932-0500] {processor.py:914} INFO - Processing file /home/d-salamanca/airflow-env/lib/python3.12/site-packages/airflow/example_dags/example_workday_timetable.py for tasks to queue
[2024-09-29T08:35:33.935-0500] {logging_mixin.py:190} INFO - [2024-09-29T08:35:33.935-0500] {dagbag.py:588} INFO - Filling up the DagBag from /home/d-salamanca/airflow-env/lib/python3.12/site-packages/airflow/example_dags/example_workday_timetable.py
[2024-09-29T08:35:33.942-0500] {processor.py:925} INFO - DAG(s) 'example_workday_timetable' retrieved from /home/d-salamanca/airflow-env/lib/python3.12/site-packages/airflow/example_dags/example_workday_timetable.py
[2024-09-29T08:35:33.961-0500] {logging_mixin.py:190} INFO - [2024-09-29T08:35:33.960-0500] {dag.py:3239} INFO - Sync 1 DAGs
[2024-09-29T08:35:34.193-0500] {logging_mixin.py:190} INFO - [2024-09-29T08:35:34.192-0500] {dag.py:4180} INFO - Setting next_dagrun for example_workday_timetable to 2021-01-01 00:00:00+00:00, run_after=2021-01-02 00:00:00+00:00
[2024-09-29T08:35:34.454-0500] {processor.py:208} INFO - Processing /home/d-salamanca/airflow-env/lib/python3.12/site-packages/airflow/example_dags/example_workday_timetable.py took 0.531 seconds
[2024-09-29T08:37:07.355-0500] {processor.py:186} INFO - Started process (PID=31003) to work on /home/d-salamanca/airflow-env/lib/python3.12/site-packages/airflow/example_dags/example_workday_timetable.py
[2024-09-29T08:37:07.388-0500] {processor.py:914} INFO - Processing file /home/d-salamanca/airflow-env/lib/python3.12/site-packages/airflow/example_dags/example_workday_timetable.py for tasks to queue
[2024-09-29T08:37:07.395-0500] {logging_mixin.py:190} INFO - [2024-09-29T08:37:07.394-0500] {dagbag.py:588} INFO - Filling up the DagBag from /home/d-salamanca/airflow-env/lib/python3.12/site-packages/airflow/example_dags/example_workday_timetable.py
[2024-09-29T08:37:07.557-0500] {processor.py:925} INFO - DAG(s) 'example_workday_timetable' retrieved from /home/d-salamanca/airflow-env/lib/python3.12/site-packages/airflow/example_dags/example_workday_timetable.py
[2024-09-29T08:37:07.645-0500] {logging_mixin.py:190} INFO - [2024-09-29T08:37:07.645-0500] {dag.py:3239} INFO - Sync 1 DAGs
[2024-09-29T08:37:07.766-0500] {logging_mixin.py:190} INFO - [2024-09-29T08:37:07.765-0500] {dag.py:4180} INFO - Setting next_dagrun for example_workday_timetable to 2021-01-01 00:00:00+00:00, run_after=2021-01-02 00:00:00+00:00
[2024-09-29T08:37:07.820-0500] {processor.py:208} INFO - Processing /home/d-salamanca/airflow-env/lib/python3.12/site-packages/airflow/example_dags/example_workday_timetable.py took 0.882 seconds
[2024-09-29T08:38:02.727-0500] {processor.py:186} INFO - Started process (PID=31048) to work on /home/d-salamanca/airflow-env/lib/python3.12/site-packages/airflow/example_dags/example_workday_timetable.py
[2024-09-29T08:38:02.729-0500] {processor.py:914} INFO - Processing file /home/d-salamanca/airflow-env/lib/python3.12/site-packages/airflow/example_dags/example_workday_timetable.py for tasks to queue
[2024-09-29T08:38:02.733-0500] {logging_mixin.py:190} INFO - [2024-09-29T08:38:02.732-0500] {dagbag.py:588} INFO - Filling up the DagBag from /home/d-salamanca/airflow-env/lib/python3.12/site-packages/airflow/example_dags/example_workday_timetable.py
[2024-09-29T08:38:02.772-0500] {processor.py:925} INFO - DAG(s) 'example_workday_timetable' retrieved from /home/d-salamanca/airflow-env/lib/python3.12/site-packages/airflow/example_dags/example_workday_timetable.py
[2024-09-29T08:38:02.795-0500] {logging_mixin.py:190} INFO - [2024-09-29T08:38:02.795-0500] {dag.py:3239} INFO - Sync 1 DAGs
[2024-09-29T08:38:02.818-0500] {logging_mixin.py:190} INFO - [2024-09-29T08:38:02.818-0500] {dag.py:4180} INFO - Setting next_dagrun for example_workday_timetable to 2021-01-01 00:00:00+00:00, run_after=2021-01-02 00:00:00+00:00
[2024-09-29T08:38:02.844-0500] {processor.py:208} INFO - Processing /home/d-salamanca/airflow-env/lib/python3.12/site-packages/airflow/example_dags/example_workday_timetable.py took 0.124 seconds
[2024-09-29T08:39:25.986-0500] {processor.py:186} INFO - Started process (PID=31119) to work on /home/d-salamanca/airflow-env/lib/python3.12/site-packages/airflow/example_dags/example_workday_timetable.py
[2024-09-29T08:39:25.988-0500] {processor.py:914} INFO - Processing file /home/d-salamanca/airflow-env/lib/python3.12/site-packages/airflow/example_dags/example_workday_timetable.py for tasks to queue
[2024-09-29T08:39:25.993-0500] {logging_mixin.py:190} INFO - [2024-09-29T08:39:25.993-0500] {dagbag.py:588} INFO - Filling up the DagBag from /home/d-salamanca/airflow-env/lib/python3.12/site-packages/airflow/example_dags/example_workday_timetable.py
[2024-09-29T08:39:26.020-0500] {processor.py:925} INFO - DAG(s) 'example_workday_timetable' retrieved from /home/d-salamanca/airflow-env/lib/python3.12/site-packages/airflow/example_dags/example_workday_timetable.py
[2024-09-29T08:39:26.039-0500] {logging_mixin.py:190} INFO - [2024-09-29T08:39:26.038-0500] {dag.py:3239} INFO - Sync 1 DAGs
[2024-09-29T08:39:26.062-0500] {logging_mixin.py:190} INFO - [2024-09-29T08:39:26.061-0500] {dag.py:4180} INFO - Setting next_dagrun for example_workday_timetable to 2021-01-01 00:00:00+00:00, run_after=2021-01-02 00:00:00+00:00
[2024-09-29T08:39:26.090-0500] {processor.py:208} INFO - Processing /home/d-salamanca/airflow-env/lib/python3.12/site-packages/airflow/example_dags/example_workday_timetable.py took 0.112 seconds
[2024-09-29T08:41:02.470-0500] {processor.py:186} INFO - Started process (PID=31196) to work on /home/d-salamanca/airflow-env/lib/python3.12/site-packages/airflow/example_dags/example_workday_timetable.py
[2024-09-29T08:41:02.489-0500] {processor.py:914} INFO - Processing file /home/d-salamanca/airflow-env/lib/python3.12/site-packages/airflow/example_dags/example_workday_timetable.py for tasks to queue
[2024-09-29T08:41:02.493-0500] {logging_mixin.py:190} INFO - [2024-09-29T08:41:02.493-0500] {dagbag.py:588} INFO - Filling up the DagBag from /home/d-salamanca/airflow-env/lib/python3.12/site-packages/airflow/example_dags/example_workday_timetable.py
[2024-09-29T08:41:02.501-0500] {processor.py:925} INFO - DAG(s) 'example_workday_timetable' retrieved from /home/d-salamanca/airflow-env/lib/python3.12/site-packages/airflow/example_dags/example_workday_timetable.py
[2024-09-29T08:41:02.520-0500] {logging_mixin.py:190} INFO - [2024-09-29T08:41:02.519-0500] {dag.py:3239} INFO - Sync 1 DAGs
[2024-09-29T08:41:02.545-0500] {logging_mixin.py:190} INFO - [2024-09-29T08:41:02.545-0500] {dag.py:4180} INFO - Setting next_dagrun for example_workday_timetable to 2021-01-01 00:00:00+00:00, run_after=2021-01-02 00:00:00+00:00
[2024-09-29T08:41:02.620-0500] {processor.py:208} INFO - Processing /home/d-salamanca/airflow-env/lib/python3.12/site-packages/airflow/example_dags/example_workday_timetable.py took 0.159 seconds
[2024-09-29T08:42:31.695-0500] {processor.py:186} INFO - Started process (PID=31269) to work on /home/d-salamanca/airflow-env/lib/python3.12/site-packages/airflow/example_dags/example_workday_timetable.py
[2024-09-29T08:42:31.713-0500] {processor.py:914} INFO - Processing file /home/d-salamanca/airflow-env/lib/python3.12/site-packages/airflow/example_dags/example_workday_timetable.py for tasks to queue
[2024-09-29T08:42:31.717-0500] {logging_mixin.py:190} INFO - [2024-09-29T08:42:31.717-0500] {dagbag.py:588} INFO - Filling up the DagBag from /home/d-salamanca/airflow-env/lib/python3.12/site-packages/airflow/example_dags/example_workday_timetable.py
[2024-09-29T08:42:31.726-0500] {processor.py:925} INFO - DAG(s) 'example_workday_timetable' retrieved from /home/d-salamanca/airflow-env/lib/python3.12/site-packages/airflow/example_dags/example_workday_timetable.py
[2024-09-29T08:42:31.744-0500] {logging_mixin.py:190} INFO - [2024-09-29T08:42:31.743-0500] {dag.py:3239} INFO - Sync 1 DAGs
[2024-09-29T08:42:31.767-0500] {logging_mixin.py:190} INFO - [2024-09-29T08:42:31.766-0500] {dag.py:4180} INFO - Setting next_dagrun for example_workday_timetable to 2021-01-01 00:00:00+00:00, run_after=2021-01-02 00:00:00+00:00
[2024-09-29T08:42:31.790-0500] {processor.py:208} INFO - Processing /home/d-salamanca/airflow-env/lib/python3.12/site-packages/airflow/example_dags/example_workday_timetable.py took 0.102 seconds
[2024-09-29T08:44:01.845-0500] {processor.py:186} INFO - Started process (PID=31339) to work on /home/d-salamanca/airflow-env/lib/python3.12/site-packages/airflow/example_dags/example_workday_timetable.py
[2024-09-29T08:44:01.871-0500] {processor.py:914} INFO - Processing file /home/d-salamanca/airflow-env/lib/python3.12/site-packages/airflow/example_dags/example_workday_timetable.py for tasks to queue
[2024-09-29T08:44:01.877-0500] {logging_mixin.py:190} INFO - [2024-09-29T08:44:01.876-0500] {dagbag.py:588} INFO - Filling up the DagBag from /home/d-salamanca/airflow-env/lib/python3.12/site-packages/airflow/example_dags/example_workday_timetable.py
[2024-09-29T08:44:01.888-0500] {processor.py:925} INFO - DAG(s) 'example_workday_timetable' retrieved from /home/d-salamanca/airflow-env/lib/python3.12/site-packages/airflow/example_dags/example_workday_timetable.py
[2024-09-29T08:44:01.906-0500] {logging_mixin.py:190} INFO - [2024-09-29T08:44:01.906-0500] {dag.py:3239} INFO - Sync 1 DAGs
[2024-09-29T08:44:01.931-0500] {logging_mixin.py:190} INFO - [2024-09-29T08:44:01.931-0500] {dag.py:4180} INFO - Setting next_dagrun for example_workday_timetable to 2021-01-01 00:00:00+00:00, run_after=2021-01-02 00:00:00+00:00
[2024-09-29T08:44:02.084-0500] {processor.py:208} INFO - Processing /home/d-salamanca/airflow-env/lib/python3.12/site-packages/airflow/example_dags/example_workday_timetable.py took 0.246 seconds
[2024-09-29T08:45:23.884-0500] {processor.py:186} INFO - Started process (PID=31423) to work on /home/d-salamanca/airflow-env/lib/python3.12/site-packages/airflow/example_dags/example_workday_timetable.py
[2024-09-29T08:45:23.906-0500] {processor.py:914} INFO - Processing file /home/d-salamanca/airflow-env/lib/python3.12/site-packages/airflow/example_dags/example_workday_timetable.py for tasks to queue
[2024-09-29T08:45:23.911-0500] {logging_mixin.py:190} INFO - [2024-09-29T08:45:23.910-0500] {dagbag.py:588} INFO - Filling up the DagBag from /home/d-salamanca/airflow-env/lib/python3.12/site-packages/airflow/example_dags/example_workday_timetable.py
[2024-09-29T08:45:23.920-0500] {processor.py:925} INFO - DAG(s) 'example_workday_timetable' retrieved from /home/d-salamanca/airflow-env/lib/python3.12/site-packages/airflow/example_dags/example_workday_timetable.py
[2024-09-29T08:45:23.937-0500] {logging_mixin.py:190} INFO - [2024-09-29T08:45:23.937-0500] {dag.py:3239} INFO - Sync 1 DAGs
[2024-09-29T08:45:23.959-0500] {logging_mixin.py:190} INFO - [2024-09-29T08:45:23.959-0500] {dag.py:4180} INFO - Setting next_dagrun for example_workday_timetable to 2021-01-01 00:00:00+00:00, run_after=2021-01-02 00:00:00+00:00
[2024-09-29T08:45:23.989-0500] {processor.py:208} INFO - Processing /home/d-salamanca/airflow-env/lib/python3.12/site-packages/airflow/example_dags/example_workday_timetable.py took 0.114 seconds
[2024-09-29T08:47:25.374-0500] {processor.py:186} INFO - Started process (PID=31495) to work on /home/d-salamanca/airflow-env/lib/python3.12/site-packages/airflow/example_dags/example_workday_timetable.py
[2024-09-29T08:47:25.396-0500] {processor.py:914} INFO - Processing file /home/d-salamanca/airflow-env/lib/python3.12/site-packages/airflow/example_dags/example_workday_timetable.py for tasks to queue
[2024-09-29T08:47:25.405-0500] {logging_mixin.py:190} INFO - [2024-09-29T08:47:25.404-0500] {dagbag.py:588} INFO - Filling up the DagBag from /home/d-salamanca/airflow-env/lib/python3.12/site-packages/airflow/example_dags/example_workday_timetable.py
[2024-09-29T08:47:25.418-0500] {processor.py:925} INFO - DAG(s) 'example_workday_timetable' retrieved from /home/d-salamanca/airflow-env/lib/python3.12/site-packages/airflow/example_dags/example_workday_timetable.py
[2024-09-29T08:47:25.436-0500] {logging_mixin.py:190} INFO - [2024-09-29T08:47:25.436-0500] {dag.py:3239} INFO - Sync 1 DAGs
[2024-09-29T08:47:25.459-0500] {logging_mixin.py:190} INFO - [2024-09-29T08:47:25.459-0500] {dag.py:4180} INFO - Setting next_dagrun for example_workday_timetable to 2021-01-01 00:00:00+00:00, run_after=2021-01-02 00:00:00+00:00
[2024-09-29T08:47:25.492-0500] {processor.py:208} INFO - Processing /home/d-salamanca/airflow-env/lib/python3.12/site-packages/airflow/example_dags/example_workday_timetable.py took 0.125 seconds
[2024-09-29T08:48:50.126-0500] {processor.py:186} INFO - Started process (PID=31583) to work on /home/d-salamanca/airflow-env/lib/python3.12/site-packages/airflow/example_dags/example_workday_timetable.py
[2024-09-29T08:48:50.243-0500] {processor.py:914} INFO - Processing file /home/d-salamanca/airflow-env/lib/python3.12/site-packages/airflow/example_dags/example_workday_timetable.py for tasks to queue
[2024-09-29T08:48:50.248-0500] {logging_mixin.py:190} INFO - [2024-09-29T08:48:50.246-0500] {dagbag.py:588} INFO - Filling up the DagBag from /home/d-salamanca/airflow-env/lib/python3.12/site-packages/airflow/example_dags/example_workday_timetable.py
[2024-09-29T08:48:50.256-0500] {processor.py:925} INFO - DAG(s) 'example_workday_timetable' retrieved from /home/d-salamanca/airflow-env/lib/python3.12/site-packages/airflow/example_dags/example_workday_timetable.py
[2024-09-29T08:48:50.274-0500] {logging_mixin.py:190} INFO - [2024-09-29T08:48:50.274-0500] {dag.py:3239} INFO - Sync 1 DAGs
[2024-09-29T08:48:50.298-0500] {logging_mixin.py:190} INFO - [2024-09-29T08:48:50.298-0500] {dag.py:4180} INFO - Setting next_dagrun for example_workday_timetable to 2021-01-01 00:00:00+00:00, run_after=2021-01-02 00:00:00+00:00
[2024-09-29T08:48:50.346-0500] {processor.py:208} INFO - Processing /home/d-salamanca/airflow-env/lib/python3.12/site-packages/airflow/example_dags/example_workday_timetable.py took 0.228 seconds
[2024-09-29T08:50:18.644-0500] {processor.py:186} INFO - Started process (PID=31671) to work on /home/d-salamanca/airflow-env/lib/python3.12/site-packages/airflow/example_dags/example_workday_timetable.py
[2024-09-29T08:50:18.672-0500] {processor.py:914} INFO - Processing file /home/d-salamanca/airflow-env/lib/python3.12/site-packages/airflow/example_dags/example_workday_timetable.py for tasks to queue
[2024-09-29T08:50:18.680-0500] {logging_mixin.py:190} INFO - [2024-09-29T08:50:18.679-0500] {dagbag.py:588} INFO - Filling up the DagBag from /home/d-salamanca/airflow-env/lib/python3.12/site-packages/airflow/example_dags/example_workday_timetable.py
[2024-09-29T08:50:18.689-0500] {processor.py:925} INFO - DAG(s) 'example_workday_timetable' retrieved from /home/d-salamanca/airflow-env/lib/python3.12/site-packages/airflow/example_dags/example_workday_timetable.py
[2024-09-29T08:50:18.707-0500] {logging_mixin.py:190} INFO - [2024-09-29T08:50:18.707-0500] {dag.py:3239} INFO - Sync 1 DAGs
[2024-09-29T08:50:18.732-0500] {logging_mixin.py:190} INFO - [2024-09-29T08:50:18.732-0500] {dag.py:4180} INFO - Setting next_dagrun for example_workday_timetable to 2021-01-01 00:00:00+00:00, run_after=2021-01-02 00:00:00+00:00
[2024-09-29T08:50:18.780-0500] {processor.py:208} INFO - Processing /home/d-salamanca/airflow-env/lib/python3.12/site-packages/airflow/example_dags/example_workday_timetable.py took 0.144 seconds
[2024-09-29T08:52:41.267-0500] {processor.py:186} INFO - Started process (PID=31957) to work on /home/d-salamanca/airflow-env/lib/python3.12/site-packages/airflow/example_dags/example_workday_timetable.py
[2024-09-29T08:52:41.302-0500] {processor.py:914} INFO - Processing file /home/d-salamanca/airflow-env/lib/python3.12/site-packages/airflow/example_dags/example_workday_timetable.py for tasks to queue
[2024-09-29T08:52:41.310-0500] {logging_mixin.py:190} INFO - [2024-09-29T08:52:41.309-0500] {dagbag.py:588} INFO - Filling up the DagBag from /home/d-salamanca/airflow-env/lib/python3.12/site-packages/airflow/example_dags/example_workday_timetable.py
[2024-09-29T08:52:41.353-0500] {processor.py:925} INFO - DAG(s) 'example_workday_timetable' retrieved from /home/d-salamanca/airflow-env/lib/python3.12/site-packages/airflow/example_dags/example_workday_timetable.py
[2024-09-29T08:52:41.372-0500] {logging_mixin.py:190} INFO - [2024-09-29T08:52:41.371-0500] {dag.py:3239} INFO - Sync 1 DAGs
[2024-09-29T08:52:41.407-0500] {logging_mixin.py:190} INFO - [2024-09-29T08:52:41.407-0500] {dag.py:4180} INFO - Setting next_dagrun for example_workday_timetable to 2021-01-01 00:00:00+00:00, run_after=2021-01-02 00:00:00+00:00
[2024-09-29T08:52:41.434-0500] {processor.py:208} INFO - Processing /home/d-salamanca/airflow-env/lib/python3.12/site-packages/airflow/example_dags/example_workday_timetable.py took 0.178 seconds
[2024-09-29T08:53:48.959-0500] {processor.py:186} INFO - Started process (PID=32011) to work on /home/d-salamanca/airflow-env/lib/python3.12/site-packages/airflow/example_dags/example_workday_timetable.py
[2024-09-29T08:53:48.998-0500] {processor.py:914} INFO - Processing file /home/d-salamanca/airflow-env/lib/python3.12/site-packages/airflow/example_dags/example_workday_timetable.py for tasks to queue
[2024-09-29T08:53:49.006-0500] {logging_mixin.py:190} INFO - [2024-09-29T08:53:49.005-0500] {dagbag.py:588} INFO - Filling up the DagBag from /home/d-salamanca/airflow-env/lib/python3.12/site-packages/airflow/example_dags/example_workday_timetable.py
[2024-09-29T08:53:49.038-0500] {processor.py:925} INFO - DAG(s) 'example_workday_timetable' retrieved from /home/d-salamanca/airflow-env/lib/python3.12/site-packages/airflow/example_dags/example_workday_timetable.py
[2024-09-29T08:53:49.060-0500] {logging_mixin.py:190} INFO - [2024-09-29T08:53:49.060-0500] {dag.py:3239} INFO - Sync 1 DAGs
[2024-09-29T08:53:49.083-0500] {logging_mixin.py:190} INFO - [2024-09-29T08:53:49.082-0500] {dag.py:4180} INFO - Setting next_dagrun for example_workday_timetable to 2021-01-01 00:00:00+00:00, run_after=2021-01-02 00:00:00+00:00
[2024-09-29T08:53:49.109-0500] {processor.py:208} INFO - Processing /home/d-salamanca/airflow-env/lib/python3.12/site-packages/airflow/example_dags/example_workday_timetable.py took 0.163 seconds
[2024-09-29T08:55:24.119-0500] {processor.py:186} INFO - Started process (PID=32089) to work on /home/d-salamanca/airflow-env/lib/python3.12/site-packages/airflow/example_dags/example_workday_timetable.py
[2024-09-29T08:55:24.121-0500] {processor.py:914} INFO - Processing file /home/d-salamanca/airflow-env/lib/python3.12/site-packages/airflow/example_dags/example_workday_timetable.py for tasks to queue
[2024-09-29T08:55:24.124-0500] {logging_mixin.py:190} INFO - [2024-09-29T08:55:24.123-0500] {dagbag.py:588} INFO - Filling up the DagBag from /home/d-salamanca/airflow-env/lib/python3.12/site-packages/airflow/example_dags/example_workday_timetable.py
[2024-09-29T08:55:24.131-0500] {processor.py:925} INFO - DAG(s) 'example_workday_timetable' retrieved from /home/d-salamanca/airflow-env/lib/python3.12/site-packages/airflow/example_dags/example_workday_timetable.py
[2024-09-29T08:55:24.148-0500] {logging_mixin.py:190} INFO - [2024-09-29T08:55:24.148-0500] {dag.py:3239} INFO - Sync 1 DAGs
[2024-09-29T08:55:24.171-0500] {logging_mixin.py:190} INFO - [2024-09-29T08:55:24.170-0500] {dag.py:4180} INFO - Setting next_dagrun for example_workday_timetable to 2021-01-01 00:00:00+00:00, run_after=2021-01-02 00:00:00+00:00
[2024-09-29T08:55:24.300-0500] {processor.py:208} INFO - Processing /home/d-salamanca/airflow-env/lib/python3.12/site-packages/airflow/example_dags/example_workday_timetable.py took 0.188 seconds
[2024-09-29T08:57:09.807-0500] {processor.py:186} INFO - Started process (PID=32165) to work on /home/d-salamanca/airflow-env/lib/python3.12/site-packages/airflow/example_dags/example_workday_timetable.py
[2024-09-29T08:57:09.829-0500] {processor.py:914} INFO - Processing file /home/d-salamanca/airflow-env/lib/python3.12/site-packages/airflow/example_dags/example_workday_timetable.py for tasks to queue
[2024-09-29T08:57:09.836-0500] {logging_mixin.py:190} INFO - [2024-09-29T08:57:09.835-0500] {dagbag.py:588} INFO - Filling up the DagBag from /home/d-salamanca/airflow-env/lib/python3.12/site-packages/airflow/example_dags/example_workday_timetable.py
[2024-09-29T08:57:09.874-0500] {processor.py:925} INFO - DAG(s) 'example_workday_timetable' retrieved from /home/d-salamanca/airflow-env/lib/python3.12/site-packages/airflow/example_dags/example_workday_timetable.py
[2024-09-29T08:57:09.894-0500] {logging_mixin.py:190} INFO - [2024-09-29T08:57:09.893-0500] {dag.py:3239} INFO - Sync 1 DAGs
[2024-09-29T08:57:09.917-0500] {logging_mixin.py:190} INFO - [2024-09-29T08:57:09.917-0500] {dag.py:4180} INFO - Setting next_dagrun for example_workday_timetable to 2021-01-01 00:00:00+00:00, run_after=2021-01-02 00:00:00+00:00
[2024-09-29T08:57:09.975-0500] {processor.py:208} INFO - Processing /home/d-salamanca/airflow-env/lib/python3.12/site-packages/airflow/example_dags/example_workday_timetable.py took 0.177 seconds
[2024-09-29T08:58:06.342-0500] {processor.py:186} INFO - Started process (PID=32206) to work on /home/d-salamanca/airflow-env/lib/python3.12/site-packages/airflow/example_dags/example_workday_timetable.py
[2024-09-29T08:58:06.343-0500] {processor.py:914} INFO - Processing file /home/d-salamanca/airflow-env/lib/python3.12/site-packages/airflow/example_dags/example_workday_timetable.py for tasks to queue
[2024-09-29T08:58:06.347-0500] {logging_mixin.py:190} INFO - [2024-09-29T08:58:06.346-0500] {dagbag.py:588} INFO - Filling up the DagBag from /home/d-salamanca/airflow-env/lib/python3.12/site-packages/airflow/example_dags/example_workday_timetable.py
[2024-09-29T08:58:06.353-0500] {processor.py:925} INFO - DAG(s) 'example_workday_timetable' retrieved from /home/d-salamanca/airflow-env/lib/python3.12/site-packages/airflow/example_dags/example_workday_timetable.py
[2024-09-29T08:58:06.373-0500] {logging_mixin.py:190} INFO - [2024-09-29T08:58:06.373-0500] {dag.py:3239} INFO - Sync 1 DAGs
[2024-09-29T08:58:06.399-0500] {logging_mixin.py:190} INFO - [2024-09-29T08:58:06.398-0500] {dag.py:4180} INFO - Setting next_dagrun for example_workday_timetable to 2021-01-01 00:00:00+00:00, run_after=2021-01-02 00:00:00+00:00
[2024-09-29T08:58:06.459-0500] {processor.py:208} INFO - Processing /home/d-salamanca/airflow-env/lib/python3.12/site-packages/airflow/example_dags/example_workday_timetable.py took 0.126 seconds
[2024-09-29T08:59:51.599-0500] {processor.py:186} INFO - Started process (PID=32452) to work on /home/d-salamanca/airflow-env/lib/python3.12/site-packages/airflow/example_dags/example_workday_timetable.py
[2024-09-29T08:59:51.648-0500] {processor.py:914} INFO - Processing file /home/d-salamanca/airflow-env/lib/python3.12/site-packages/airflow/example_dags/example_workday_timetable.py for tasks to queue
[2024-09-29T08:59:51.655-0500] {logging_mixin.py:190} INFO - [2024-09-29T08:59:51.653-0500] {dagbag.py:588} INFO - Filling up the DagBag from /home/d-salamanca/airflow-env/lib/python3.12/site-packages/airflow/example_dags/example_workday_timetable.py
[2024-09-29T08:59:51.678-0500] {processor.py:925} INFO - DAG(s) 'example_workday_timetable' retrieved from /home/d-salamanca/airflow-env/lib/python3.12/site-packages/airflow/example_dags/example_workday_timetable.py
[2024-09-29T08:59:51.695-0500] {logging_mixin.py:190} INFO - [2024-09-29T08:59:51.695-0500] {dag.py:3239} INFO - Sync 1 DAGs
[2024-09-29T08:59:51.745-0500] {logging_mixin.py:190} INFO - [2024-09-29T08:59:51.744-0500] {dag.py:4180} INFO - Setting next_dagrun for example_workday_timetable to 2021-01-01 00:00:00+00:00, run_after=2021-01-02 00:00:00+00:00
[2024-09-29T08:59:51.786-0500] {processor.py:208} INFO - Processing /home/d-salamanca/airflow-env/lib/python3.12/site-packages/airflow/example_dags/example_workday_timetable.py took 0.195 seconds
[2024-09-29T09:00:50.805-0500] {processor.py:186} INFO - Started process (PID=32547) to work on /home/d-salamanca/airflow-env/lib/python3.12/site-packages/airflow/example_dags/example_workday_timetable.py
[2024-09-29T09:00:50.806-0500] {processor.py:914} INFO - Processing file /home/d-salamanca/airflow-env/lib/python3.12/site-packages/airflow/example_dags/example_workday_timetable.py for tasks to queue
[2024-09-29T09:00:50.810-0500] {logging_mixin.py:190} INFO - [2024-09-29T09:00:50.809-0500] {dagbag.py:588} INFO - Filling up the DagBag from /home/d-salamanca/airflow-env/lib/python3.12/site-packages/airflow/example_dags/example_workday_timetable.py
[2024-09-29T09:00:50.840-0500] {processor.py:925} INFO - DAG(s) 'example_workday_timetable' retrieved from /home/d-salamanca/airflow-env/lib/python3.12/site-packages/airflow/example_dags/example_workday_timetable.py
[2024-09-29T09:00:50.858-0500] {logging_mixin.py:190} INFO - [2024-09-29T09:00:50.858-0500] {dag.py:3239} INFO - Sync 1 DAGs
[2024-09-29T09:00:50.880-0500] {logging_mixin.py:190} INFO - [2024-09-29T09:00:50.880-0500] {dag.py:4180} INFO - Setting next_dagrun for example_workday_timetable to 2021-01-01 00:00:00+00:00, run_after=2021-01-02 00:00:00+00:00
[2024-09-29T09:00:50.968-0500] {processor.py:208} INFO - Processing /home/d-salamanca/airflow-env/lib/python3.12/site-packages/airflow/example_dags/example_workday_timetable.py took 0.170 seconds
[2024-09-29T09:01:44.700-0500] {processor.py:186} INFO - Started process (PID=32586) to work on /home/d-salamanca/airflow-env/lib/python3.12/site-packages/airflow/example_dags/example_workday_timetable.py
[2024-09-29T09:01:44.702-0500] {processor.py:914} INFO - Processing file /home/d-salamanca/airflow-env/lib/python3.12/site-packages/airflow/example_dags/example_workday_timetable.py for tasks to queue
[2024-09-29T09:01:44.706-0500] {logging_mixin.py:190} INFO - [2024-09-29T09:01:44.705-0500] {dagbag.py:588} INFO - Filling up the DagBag from /home/d-salamanca/airflow-env/lib/python3.12/site-packages/airflow/example_dags/example_workday_timetable.py
[2024-09-29T09:01:44.713-0500] {processor.py:925} INFO - DAG(s) 'example_workday_timetable' retrieved from /home/d-salamanca/airflow-env/lib/python3.12/site-packages/airflow/example_dags/example_workday_timetable.py
[2024-09-29T09:01:44.731-0500] {logging_mixin.py:190} INFO - [2024-09-29T09:01:44.731-0500] {dag.py:3239} INFO - Sync 1 DAGs
[2024-09-29T09:01:44.755-0500] {logging_mixin.py:190} INFO - [2024-09-29T09:01:44.755-0500] {dag.py:4180} INFO - Setting next_dagrun for example_workday_timetable to 2021-01-01 00:00:00+00:00, run_after=2021-01-02 00:00:00+00:00
[2024-09-29T09:01:45.060-0500] {processor.py:208} INFO - Processing /home/d-salamanca/airflow-env/lib/python3.12/site-packages/airflow/example_dags/example_workday_timetable.py took 0.368 seconds
[2024-09-29T09:02:34.632-0500] {processor.py:186} INFO - Started process (PID=32626) to work on /home/d-salamanca/airflow-env/lib/python3.12/site-packages/airflow/example_dags/example_workday_timetable.py
[2024-09-29T09:02:34.633-0500] {processor.py:914} INFO - Processing file /home/d-salamanca/airflow-env/lib/python3.12/site-packages/airflow/example_dags/example_workday_timetable.py for tasks to queue
[2024-09-29T09:02:34.636-0500] {logging_mixin.py:190} INFO - [2024-09-29T09:02:34.636-0500] {dagbag.py:588} INFO - Filling up the DagBag from /home/d-salamanca/airflow-env/lib/python3.12/site-packages/airflow/example_dags/example_workday_timetable.py
[2024-09-29T09:02:34.643-0500] {processor.py:925} INFO - DAG(s) 'example_workday_timetable' retrieved from /home/d-salamanca/airflow-env/lib/python3.12/site-packages/airflow/example_dags/example_workday_timetable.py
[2024-09-29T09:02:34.662-0500] {logging_mixin.py:190} INFO - [2024-09-29T09:02:34.662-0500] {dag.py:3239} INFO - Sync 1 DAGs
[2024-09-29T09:02:34.685-0500] {logging_mixin.py:190} INFO - [2024-09-29T09:02:34.685-0500] {dag.py:4180} INFO - Setting next_dagrun for example_workday_timetable to 2021-01-01 00:00:00+00:00, run_after=2021-01-02 00:00:00+00:00
[2024-09-29T09:02:34.726-0500] {processor.py:208} INFO - Processing /home/d-salamanca/airflow-env/lib/python3.12/site-packages/airflow/example_dags/example_workday_timetable.py took 0.102 seconds
[2024-09-29T09:03:53.683-0500] {processor.py:186} INFO - Started process (PID=32696) to work on /home/d-salamanca/airflow-env/lib/python3.12/site-packages/airflow/example_dags/example_workday_timetable.py
[2024-09-29T09:03:53.684-0500] {processor.py:914} INFO - Processing file /home/d-salamanca/airflow-env/lib/python3.12/site-packages/airflow/example_dags/example_workday_timetable.py for tasks to queue
[2024-09-29T09:03:53.687-0500] {logging_mixin.py:190} INFO - [2024-09-29T09:03:53.686-0500] {dagbag.py:588} INFO - Filling up the DagBag from /home/d-salamanca/airflow-env/lib/python3.12/site-packages/airflow/example_dags/example_workday_timetable.py
[2024-09-29T09:03:53.694-0500] {processor.py:925} INFO - DAG(s) 'example_workday_timetable' retrieved from /home/d-salamanca/airflow-env/lib/python3.12/site-packages/airflow/example_dags/example_workday_timetable.py
[2024-09-29T09:03:53.712-0500] {logging_mixin.py:190} INFO - [2024-09-29T09:03:53.711-0500] {dag.py:3239} INFO - Sync 1 DAGs
[2024-09-29T09:03:53.735-0500] {logging_mixin.py:190} INFO - [2024-09-29T09:03:53.735-0500] {dag.py:4180} INFO - Setting next_dagrun for example_workday_timetable to 2021-01-01 00:00:00+00:00, run_after=2021-01-02 00:00:00+00:00
[2024-09-29T09:03:53.761-0500] {processor.py:208} INFO - Processing /home/d-salamanca/airflow-env/lib/python3.12/site-packages/airflow/example_dags/example_workday_timetable.py took 0.086 seconds
[2024-09-29T09:05:57.744-0500] {processor.py:186} INFO - Started process (PID=33048) to work on /home/d-salamanca/airflow-env/lib/python3.12/site-packages/airflow/example_dags/example_workday_timetable.py
[2024-09-29T09:05:57.768-0500] {processor.py:914} INFO - Processing file /home/d-salamanca/airflow-env/lib/python3.12/site-packages/airflow/example_dags/example_workday_timetable.py for tasks to queue
[2024-09-29T09:05:57.775-0500] {logging_mixin.py:190} INFO - [2024-09-29T09:05:57.774-0500] {dagbag.py:588} INFO - Filling up the DagBag from /home/d-salamanca/airflow-env/lib/python3.12/site-packages/airflow/example_dags/example_workday_timetable.py
[2024-09-29T09:05:57.809-0500] {processor.py:925} INFO - DAG(s) 'example_workday_timetable' retrieved from /home/d-salamanca/airflow-env/lib/python3.12/site-packages/airflow/example_dags/example_workday_timetable.py
[2024-09-29T09:05:57.829-0500] {logging_mixin.py:190} INFO - [2024-09-29T09:05:57.829-0500] {dag.py:3239} INFO - Sync 1 DAGs
[2024-09-29T09:05:57.897-0500] {logging_mixin.py:190} INFO - [2024-09-29T09:05:57.896-0500] {dag.py:4180} INFO - Setting next_dagrun for example_workday_timetable to 2021-01-01 00:00:00+00:00, run_after=2021-01-02 00:00:00+00:00
[2024-09-29T09:05:58.154-0500] {processor.py:208} INFO - Processing /home/d-salamanca/airflow-env/lib/python3.12/site-packages/airflow/example_dags/example_workday_timetable.py took 0.423 seconds
[2024-09-29T09:07:04.289-0500] {processor.py:186} INFO - Started process (PID=33089) to work on /home/d-salamanca/airflow-env/lib/python3.12/site-packages/airflow/example_dags/example_workday_timetable.py
[2024-09-29T09:07:04.299-0500] {processor.py:914} INFO - Processing file /home/d-salamanca/airflow-env/lib/python3.12/site-packages/airflow/example_dags/example_workday_timetable.py for tasks to queue
[2024-09-29T09:07:04.303-0500] {logging_mixin.py:190} INFO - [2024-09-29T09:07:04.302-0500] {dagbag.py:588} INFO - Filling up the DagBag from /home/d-salamanca/airflow-env/lib/python3.12/site-packages/airflow/example_dags/example_workday_timetable.py
[2024-09-29T09:07:04.312-0500] {processor.py:925} INFO - DAG(s) 'example_workday_timetable' retrieved from /home/d-salamanca/airflow-env/lib/python3.12/site-packages/airflow/example_dags/example_workday_timetable.py
[2024-09-29T09:07:04.333-0500] {logging_mixin.py:190} INFO - [2024-09-29T09:07:04.333-0500] {dag.py:3239} INFO - Sync 1 DAGs
[2024-09-29T09:07:04.372-0500] {logging_mixin.py:190} INFO - [2024-09-29T09:07:04.371-0500] {dag.py:4180} INFO - Setting next_dagrun for example_workday_timetable to 2021-01-01 00:00:00+00:00, run_after=2021-01-02 00:00:00+00:00
[2024-09-29T09:07:04.556-0500] {processor.py:208} INFO - Processing /home/d-salamanca/airflow-env/lib/python3.12/site-packages/airflow/example_dags/example_workday_timetable.py took 0.275 seconds
[2024-09-29T09:08:14.894-0500] {processor.py:186} INFO - Started process (PID=33155) to work on /home/d-salamanca/airflow-env/lib/python3.12/site-packages/airflow/example_dags/example_workday_timetable.py
[2024-09-29T09:08:14.896-0500] {processor.py:914} INFO - Processing file /home/d-salamanca/airflow-env/lib/python3.12/site-packages/airflow/example_dags/example_workday_timetable.py for tasks to queue
[2024-09-29T09:08:14.898-0500] {logging_mixin.py:190} INFO - [2024-09-29T09:08:14.898-0500] {dagbag.py:588} INFO - Filling up the DagBag from /home/d-salamanca/airflow-env/lib/python3.12/site-packages/airflow/example_dags/example_workday_timetable.py
[2024-09-29T09:08:14.918-0500] {processor.py:925} INFO - DAG(s) 'example_workday_timetable' retrieved from /home/d-salamanca/airflow-env/lib/python3.12/site-packages/airflow/example_dags/example_workday_timetable.py
[2024-09-29T09:08:14.948-0500] {logging_mixin.py:190} INFO - [2024-09-29T09:08:14.948-0500] {dag.py:3239} INFO - Sync 1 DAGs
[2024-09-29T09:08:14.971-0500] {logging_mixin.py:190} INFO - [2024-09-29T09:08:14.970-0500] {dag.py:4180} INFO - Setting next_dagrun for example_workday_timetable to 2021-01-01 00:00:00+00:00, run_after=2021-01-02 00:00:00+00:00
[2024-09-29T09:08:15.029-0500] {processor.py:208} INFO - Processing /home/d-salamanca/airflow-env/lib/python3.12/site-packages/airflow/example_dags/example_workday_timetable.py took 0.142 seconds
