[2024-09-28T23:58:57.967-0500] {processor.py:186} INFO - Started process (PID=25634) to work on /home/d-salamanca/airflow-env/lib/python3.12/site-packages/airflow/example_dags/example_short_circuit_operator.py
[2024-09-28T23:58:57.968-0500] {processor.py:914} INFO - Processing file /home/d-salamanca/airflow-env/lib/python3.12/site-packages/airflow/example_dags/example_short_circuit_operator.py for tasks to queue
[2024-09-28T23:58:57.975-0500] {logging_mixin.py:190} INFO - [2024-09-28T23:58:57.975-0500] {dagbag.py:588} INFO - Filling up the DagBag from /home/d-salamanca/airflow-env/lib/python3.12/site-packages/airflow/example_dags/example_short_circuit_operator.py
[2024-09-28T23:58:58.040-0500] {processor.py:925} INFO - DAG(s) 'example_short_circuit_operator' retrieved from /home/d-salamanca/airflow-env/lib/python3.12/site-packages/airflow/example_dags/example_short_circuit_operator.py
[2024-09-28T23:59:05.135-0500] {logging_mixin.py:190} INFO - [2024-09-28T23:59:05.133-0500] {override.py:1901} INFO - Created Permission View: can edit on DAG:example_short_circuit_operator
[2024-09-28T23:59:05.326-0500] {logging_mixin.py:190} INFO - [2024-09-28T23:59:05.325-0500] {override.py:1901} INFO - Created Permission View: can read on DAG:example_short_circuit_operator
[2024-09-28T23:59:05.436-0500] {logging_mixin.py:190} INFO - [2024-09-28T23:59:05.435-0500] {override.py:1901} INFO - Created Permission View: can delete on DAG:example_short_circuit_operator
[2024-09-28T23:59:05.657-0500] {logging_mixin.py:190} INFO - [2024-09-28T23:59:05.656-0500] {override.py:1901} INFO - Created Permission View: menu access on DAG Run:example_short_circuit_operator
[2024-09-28T23:59:05.730-0500] {logging_mixin.py:190} INFO - [2024-09-28T23:59:05.729-0500] {override.py:1901} INFO - Created Permission View: can read on DAG Run:example_short_circuit_operator
[2024-09-28T23:59:05.806-0500] {logging_mixin.py:190} INFO - [2024-09-28T23:59:05.805-0500] {override.py:1901} INFO - Created Permission View: can delete on DAG Run:example_short_circuit_operator
[2024-09-28T23:59:05.937-0500] {logging_mixin.py:190} INFO - [2024-09-28T23:59:05.937-0500] {override.py:1901} INFO - Created Permission View: can create on DAG Run:example_short_circuit_operator
[2024-09-28T23:59:05.938-0500] {logging_mixin.py:190} INFO - [2024-09-28T23:59:05.938-0500] {dag.py:3239} INFO - Sync 1 DAGs
[2024-09-28T23:59:05.956-0500] {logging_mixin.py:190} INFO - [2024-09-28T23:59:05.956-0500] {dag.py:3262} INFO - Creating ORM DAG for example_short_circuit_operator
[2024-09-28T23:59:05.957-0500] {logging_mixin.py:190} INFO - [2024-09-28T23:59:05.957-0500] {dag.py:4180} INFO - Setting next_dagrun for example_short_circuit_operator to None, run_after=None
[2024-09-28T23:59:06.809-0500] {processor.py:208} INFO - Processing /home/d-salamanca/airflow-env/lib/python3.12/site-packages/airflow/example_dags/example_short_circuit_operator.py took 8.850 seconds
[2024-09-29T00:18:55.138-0500] {processor.py:186} INFO - Started process (PID=28609) to work on /home/d-salamanca/airflow-env/lib/python3.12/site-packages/airflow/example_dags/example_short_circuit_operator.py
[2024-09-29T00:18:55.173-0500] {processor.py:914} INFO - Processing file /home/d-salamanca/airflow-env/lib/python3.12/site-packages/airflow/example_dags/example_short_circuit_operator.py for tasks to queue
[2024-09-29T00:18:55.178-0500] {logging_mixin.py:190} INFO - [2024-09-29T00:18:55.177-0500] {dagbag.py:588} INFO - Filling up the DagBag from /home/d-salamanca/airflow-env/lib/python3.12/site-packages/airflow/example_dags/example_short_circuit_operator.py
[2024-09-29T00:18:55.224-0500] {processor.py:925} INFO - DAG(s) 'example_short_circuit_operator' retrieved from /home/d-salamanca/airflow-env/lib/python3.12/site-packages/airflow/example_dags/example_short_circuit_operator.py
[2024-09-29T00:18:55.934-0500] {logging_mixin.py:190} INFO - [2024-09-29T00:18:55.934-0500] {dag.py:3239} INFO - Sync 1 DAGs
[2024-09-29T00:18:55.953-0500] {logging_mixin.py:190} INFO - [2024-09-29T00:18:55.953-0500] {dag.py:4180} INFO - Setting next_dagrun for example_short_circuit_operator to None, run_after=None
[2024-09-29T00:18:55.998-0500] {processor.py:208} INFO - Processing /home/d-salamanca/airflow-env/lib/python3.12/site-packages/airflow/example_dags/example_short_circuit_operator.py took 0.886 seconds
[2024-09-29T00:20:26.679-0500] {processor.py:186} INFO - Started process (PID=28688) to work on /home/d-salamanca/airflow-env/lib/python3.12/site-packages/airflow/example_dags/example_short_circuit_operator.py
[2024-09-29T00:20:26.720-0500] {processor.py:914} INFO - Processing file /home/d-salamanca/airflow-env/lib/python3.12/site-packages/airflow/example_dags/example_short_circuit_operator.py for tasks to queue
[2024-09-29T00:20:26.726-0500] {logging_mixin.py:190} INFO - [2024-09-29T00:20:26.725-0500] {dagbag.py:588} INFO - Filling up the DagBag from /home/d-salamanca/airflow-env/lib/python3.12/site-packages/airflow/example_dags/example_short_circuit_operator.py
[2024-09-29T00:20:26.739-0500] {processor.py:925} INFO - DAG(s) 'example_short_circuit_operator' retrieved from /home/d-salamanca/airflow-env/lib/python3.12/site-packages/airflow/example_dags/example_short_circuit_operator.py
[2024-09-29T00:20:26.760-0500] {logging_mixin.py:190} INFO - [2024-09-29T00:20:26.760-0500] {dag.py:3239} INFO - Sync 1 DAGs
[2024-09-29T00:20:26.774-0500] {logging_mixin.py:190} INFO - [2024-09-29T00:20:26.773-0500] {dag.py:4180} INFO - Setting next_dagrun for example_short_circuit_operator to None, run_after=None
[2024-09-29T00:20:26.818-0500] {processor.py:208} INFO - Processing /home/d-salamanca/airflow-env/lib/python3.12/site-packages/airflow/example_dags/example_short_circuit_operator.py took 0.146 seconds
[2024-09-29T00:22:06.910-0500] {processor.py:186} INFO - Started process (PID=28761) to work on /home/d-salamanca/airflow-env/lib/python3.12/site-packages/airflow/example_dags/example_short_circuit_operator.py
[2024-09-29T00:22:06.949-0500] {processor.py:914} INFO - Processing file /home/d-salamanca/airflow-env/lib/python3.12/site-packages/airflow/example_dags/example_short_circuit_operator.py for tasks to queue
[2024-09-29T00:22:06.956-0500] {logging_mixin.py:190} INFO - [2024-09-29T00:22:06.955-0500] {dagbag.py:588} INFO - Filling up the DagBag from /home/d-salamanca/airflow-env/lib/python3.12/site-packages/airflow/example_dags/example_short_circuit_operator.py
[2024-09-29T00:22:06.970-0500] {processor.py:925} INFO - DAG(s) 'example_short_circuit_operator' retrieved from /home/d-salamanca/airflow-env/lib/python3.12/site-packages/airflow/example_dags/example_short_circuit_operator.py
[2024-09-29T00:22:06.991-0500] {logging_mixin.py:190} INFO - [2024-09-29T00:22:06.991-0500] {dag.py:3239} INFO - Sync 1 DAGs
[2024-09-29T00:22:07.006-0500] {logging_mixin.py:190} INFO - [2024-09-29T00:22:07.005-0500] {dag.py:4180} INFO - Setting next_dagrun for example_short_circuit_operator to None, run_after=None
[2024-09-29T00:22:07.078-0500] {processor.py:208} INFO - Processing /home/d-salamanca/airflow-env/lib/python3.12/site-packages/airflow/example_dags/example_short_circuit_operator.py took 0.175 seconds
[2024-09-29T00:22:58.669-0500] {processor.py:186} INFO - Started process (PID=28803) to work on /home/d-salamanca/airflow-env/lib/python3.12/site-packages/airflow/example_dags/example_short_circuit_operator.py
[2024-09-29T00:22:58.670-0500] {processor.py:914} INFO - Processing file /home/d-salamanca/airflow-env/lib/python3.12/site-packages/airflow/example_dags/example_short_circuit_operator.py for tasks to queue
[2024-09-29T00:22:58.676-0500] {logging_mixin.py:190} INFO - [2024-09-29T00:22:58.675-0500] {dagbag.py:588} INFO - Filling up the DagBag from /home/d-salamanca/airflow-env/lib/python3.12/site-packages/airflow/example_dags/example_short_circuit_operator.py
[2024-09-29T00:22:58.689-0500] {processor.py:925} INFO - DAG(s) 'example_short_circuit_operator' retrieved from /home/d-salamanca/airflow-env/lib/python3.12/site-packages/airflow/example_dags/example_short_circuit_operator.py
[2024-09-29T00:22:58.716-0500] {logging_mixin.py:190} INFO - [2024-09-29T00:22:58.716-0500] {dag.py:3239} INFO - Sync 1 DAGs
[2024-09-29T00:22:58.735-0500] {logging_mixin.py:190} INFO - [2024-09-29T00:22:58.734-0500] {dag.py:4180} INFO - Setting next_dagrun for example_short_circuit_operator to None, run_after=None
[2024-09-29T00:22:58.806-0500] {processor.py:208} INFO - Processing /home/d-salamanca/airflow-env/lib/python3.12/site-packages/airflow/example_dags/example_short_circuit_operator.py took 0.145 seconds
[2024-09-29T00:24:26.771-0500] {processor.py:186} INFO - Started process (PID=28875) to work on /home/d-salamanca/airflow-env/lib/python3.12/site-packages/airflow/example_dags/example_short_circuit_operator.py
[2024-09-29T00:24:26.782-0500] {processor.py:914} INFO - Processing file /home/d-salamanca/airflow-env/lib/python3.12/site-packages/airflow/example_dags/example_short_circuit_operator.py for tasks to queue
[2024-09-29T00:24:26.786-0500] {logging_mixin.py:190} INFO - [2024-09-29T00:24:26.785-0500] {dagbag.py:588} INFO - Filling up the DagBag from /home/d-salamanca/airflow-env/lib/python3.12/site-packages/airflow/example_dags/example_short_circuit_operator.py
[2024-09-29T00:24:26.796-0500] {processor.py:925} INFO - DAG(s) 'example_short_circuit_operator' retrieved from /home/d-salamanca/airflow-env/lib/python3.12/site-packages/airflow/example_dags/example_short_circuit_operator.py
[2024-09-29T00:24:26.819-0500] {logging_mixin.py:190} INFO - [2024-09-29T00:24:26.818-0500] {dag.py:3239} INFO - Sync 1 DAGs
[2024-09-29T00:24:26.834-0500] {logging_mixin.py:190} INFO - [2024-09-29T00:24:26.834-0500] {dag.py:4180} INFO - Setting next_dagrun for example_short_circuit_operator to None, run_after=None
[2024-09-29T00:24:26.860-0500] {processor.py:208} INFO - Processing /home/d-salamanca/airflow-env/lib/python3.12/site-packages/airflow/example_dags/example_short_circuit_operator.py took 0.097 seconds
[2024-09-29T00:25:53.405-0500] {processor.py:186} INFO - Started process (PID=28947) to work on /home/d-salamanca/airflow-env/lib/python3.12/site-packages/airflow/example_dags/example_short_circuit_operator.py
[2024-09-29T00:25:53.406-0500] {processor.py:914} INFO - Processing file /home/d-salamanca/airflow-env/lib/python3.12/site-packages/airflow/example_dags/example_short_circuit_operator.py for tasks to queue
[2024-09-29T00:25:53.410-0500] {logging_mixin.py:190} INFO - [2024-09-29T00:25:53.409-0500] {dagbag.py:588} INFO - Filling up the DagBag from /home/d-salamanca/airflow-env/lib/python3.12/site-packages/airflow/example_dags/example_short_circuit_operator.py
[2024-09-29T00:25:53.424-0500] {processor.py:925} INFO - DAG(s) 'example_short_circuit_operator' retrieved from /home/d-salamanca/airflow-env/lib/python3.12/site-packages/airflow/example_dags/example_short_circuit_operator.py
[2024-09-29T00:25:53.570-0500] {logging_mixin.py:190} INFO - [2024-09-29T00:25:53.569-0500] {dag.py:3239} INFO - Sync 1 DAGs
[2024-09-29T00:25:53.581-0500] {logging_mixin.py:190} INFO - [2024-09-29T00:25:53.581-0500] {dag.py:4180} INFO - Setting next_dagrun for example_short_circuit_operator to None, run_after=None
[2024-09-29T00:25:53.647-0500] {processor.py:208} INFO - Processing /home/d-salamanca/airflow-env/lib/python3.12/site-packages/airflow/example_dags/example_short_circuit_operator.py took 0.252 seconds
[2024-09-29T00:27:24.798-0500] {processor.py:186} INFO - Started process (PID=29076) to work on /home/d-salamanca/airflow-env/lib/python3.12/site-packages/airflow/example_dags/example_short_circuit_operator.py
[2024-09-29T00:27:24.834-0500] {processor.py:914} INFO - Processing file /home/d-salamanca/airflow-env/lib/python3.12/site-packages/airflow/example_dags/example_short_circuit_operator.py for tasks to queue
[2024-09-29T00:27:24.842-0500] {logging_mixin.py:190} INFO - [2024-09-29T00:27:24.841-0500] {dagbag.py:588} INFO - Filling up the DagBag from /home/d-salamanca/airflow-env/lib/python3.12/site-packages/airflow/example_dags/example_short_circuit_operator.py
[2024-09-29T00:27:24.856-0500] {processor.py:925} INFO - DAG(s) 'example_short_circuit_operator' retrieved from /home/d-salamanca/airflow-env/lib/python3.12/site-packages/airflow/example_dags/example_short_circuit_operator.py
[2024-09-29T00:27:24.879-0500] {logging_mixin.py:190} INFO - [2024-09-29T00:27:24.879-0500] {dag.py:3239} INFO - Sync 1 DAGs
[2024-09-29T00:27:24.894-0500] {logging_mixin.py:190} INFO - [2024-09-29T00:27:24.893-0500] {dag.py:4180} INFO - Setting next_dagrun for example_short_circuit_operator to None, run_after=None
[2024-09-29T00:27:25.053-0500] {processor.py:208} INFO - Processing /home/d-salamanca/airflow-env/lib/python3.12/site-packages/airflow/example_dags/example_short_circuit_operator.py took 0.263 seconds
[2024-09-29T00:28:16.922-0500] {processor.py:186} INFO - Started process (PID=29144) to work on /home/d-salamanca/airflow-env/lib/python3.12/site-packages/airflow/example_dags/example_short_circuit_operator.py
[2024-09-29T00:28:16.971-0500] {processor.py:914} INFO - Processing file /home/d-salamanca/airflow-env/lib/python3.12/site-packages/airflow/example_dags/example_short_circuit_operator.py for tasks to queue
[2024-09-29T00:28:16.975-0500] {logging_mixin.py:190} INFO - [2024-09-29T00:28:16.974-0500] {dagbag.py:588} INFO - Filling up the DagBag from /home/d-salamanca/airflow-env/lib/python3.12/site-packages/airflow/example_dags/example_short_circuit_operator.py
[2024-09-29T00:28:16.986-0500] {processor.py:925} INFO - DAG(s) 'example_short_circuit_operator' retrieved from /home/d-salamanca/airflow-env/lib/python3.12/site-packages/airflow/example_dags/example_short_circuit_operator.py
[2024-09-29T00:28:17.008-0500] {logging_mixin.py:190} INFO - [2024-09-29T00:28:17.008-0500] {dag.py:3239} INFO - Sync 1 DAGs
[2024-09-29T00:28:17.026-0500] {logging_mixin.py:190} INFO - [2024-09-29T00:28:17.026-0500] {dag.py:4180} INFO - Setting next_dagrun for example_short_circuit_operator to None, run_after=None
[2024-09-29T00:28:17.058-0500] {processor.py:208} INFO - Processing /home/d-salamanca/airflow-env/lib/python3.12/site-packages/airflow/example_dags/example_short_circuit_operator.py took 0.144 seconds
[2024-09-29T00:29:27.148-0500] {processor.py:186} INFO - Started process (PID=29236) to work on /home/d-salamanca/airflow-env/lib/python3.12/site-packages/airflow/example_dags/example_short_circuit_operator.py
[2024-09-29T00:29:27.216-0500] {processor.py:914} INFO - Processing file /home/d-salamanca/airflow-env/lib/python3.12/site-packages/airflow/example_dags/example_short_circuit_operator.py for tasks to queue
[2024-09-29T00:29:27.225-0500] {logging_mixin.py:190} INFO - [2024-09-29T00:29:27.224-0500] {dagbag.py:588} INFO - Filling up the DagBag from /home/d-salamanca/airflow-env/lib/python3.12/site-packages/airflow/example_dags/example_short_circuit_operator.py
[2024-09-29T00:29:27.314-0500] {processor.py:925} INFO - DAG(s) 'example_short_circuit_operator' retrieved from /home/d-salamanca/airflow-env/lib/python3.12/site-packages/airflow/example_dags/example_short_circuit_operator.py
[2024-09-29T00:29:27.484-0500] {logging_mixin.py:190} INFO - [2024-09-29T00:29:27.484-0500] {dag.py:3239} INFO - Sync 1 DAGs
[2024-09-29T00:29:27.500-0500] {logging_mixin.py:190} INFO - [2024-09-29T00:29:27.499-0500] {dag.py:4180} INFO - Setting next_dagrun for example_short_circuit_operator to None, run_after=None
[2024-09-29T00:29:27.875-0500] {processor.py:208} INFO - Processing /home/d-salamanca/airflow-env/lib/python3.12/site-packages/airflow/example_dags/example_short_circuit_operator.py took 1.037 seconds
[2024-09-29T00:30:42.541-0500] {processor.py:186} INFO - Started process (PID=29280) to work on /home/d-salamanca/airflow-env/lib/python3.12/site-packages/airflow/example_dags/example_short_circuit_operator.py
[2024-09-29T00:30:42.555-0500] {processor.py:914} INFO - Processing file /home/d-salamanca/airflow-env/lib/python3.12/site-packages/airflow/example_dags/example_short_circuit_operator.py for tasks to queue
[2024-09-29T00:30:42.559-0500] {logging_mixin.py:190} INFO - [2024-09-29T00:30:42.558-0500] {dagbag.py:588} INFO - Filling up the DagBag from /home/d-salamanca/airflow-env/lib/python3.12/site-packages/airflow/example_dags/example_short_circuit_operator.py
[2024-09-29T00:30:42.620-0500] {processor.py:925} INFO - DAG(s) 'example_short_circuit_operator' retrieved from /home/d-salamanca/airflow-env/lib/python3.12/site-packages/airflow/example_dags/example_short_circuit_operator.py
[2024-09-29T00:30:42.644-0500] {logging_mixin.py:190} INFO - [2024-09-29T00:30:42.643-0500] {dag.py:3239} INFO - Sync 1 DAGs
[2024-09-29T00:30:42.658-0500] {logging_mixin.py:190} INFO - [2024-09-29T00:30:42.658-0500] {dag.py:4180} INFO - Setting next_dagrun for example_short_circuit_operator to None, run_after=None
[2024-09-29T00:30:42.722-0500] {processor.py:208} INFO - Processing /home/d-salamanca/airflow-env/lib/python3.12/site-packages/airflow/example_dags/example_short_circuit_operator.py took 0.192 seconds
[2024-09-29T00:31:48.774-0500] {processor.py:186} INFO - Started process (PID=29331) to work on /home/d-salamanca/airflow-env/lib/python3.12/site-packages/airflow/example_dags/example_short_circuit_operator.py
[2024-09-29T00:31:48.775-0500] {processor.py:914} INFO - Processing file /home/d-salamanca/airflow-env/lib/python3.12/site-packages/airflow/example_dags/example_short_circuit_operator.py for tasks to queue
[2024-09-29T00:31:48.778-0500] {logging_mixin.py:190} INFO - [2024-09-29T00:31:48.778-0500] {dagbag.py:588} INFO - Filling up the DagBag from /home/d-salamanca/airflow-env/lib/python3.12/site-packages/airflow/example_dags/example_short_circuit_operator.py
[2024-09-29T00:31:48.807-0500] {processor.py:925} INFO - DAG(s) 'example_short_circuit_operator' retrieved from /home/d-salamanca/airflow-env/lib/python3.12/site-packages/airflow/example_dags/example_short_circuit_operator.py
[2024-09-29T00:31:48.829-0500] {logging_mixin.py:190} INFO - [2024-09-29T00:31:48.829-0500] {dag.py:3239} INFO - Sync 1 DAGs
[2024-09-29T00:31:48.845-0500] {logging_mixin.py:190} INFO - [2024-09-29T00:31:48.844-0500] {dag.py:4180} INFO - Setting next_dagrun for example_short_circuit_operator to None, run_after=None
[2024-09-29T00:31:48.872-0500] {processor.py:208} INFO - Processing /home/d-salamanca/airflow-env/lib/python3.12/site-packages/airflow/example_dags/example_short_circuit_operator.py took 0.106 seconds
[2024-09-29T00:33:07.689-0500] {processor.py:186} INFO - Started process (PID=29410) to work on /home/d-salamanca/airflow-env/lib/python3.12/site-packages/airflow/example_dags/example_short_circuit_operator.py
[2024-09-29T00:33:07.714-0500] {processor.py:914} INFO - Processing file /home/d-salamanca/airflow-env/lib/python3.12/site-packages/airflow/example_dags/example_short_circuit_operator.py for tasks to queue
[2024-09-29T00:33:07.718-0500] {logging_mixin.py:190} INFO - [2024-09-29T00:33:07.717-0500] {dagbag.py:588} INFO - Filling up the DagBag from /home/d-salamanca/airflow-env/lib/python3.12/site-packages/airflow/example_dags/example_short_circuit_operator.py
[2024-09-29T00:33:07.772-0500] {processor.py:925} INFO - DAG(s) 'example_short_circuit_operator' retrieved from /home/d-salamanca/airflow-env/lib/python3.12/site-packages/airflow/example_dags/example_short_circuit_operator.py
[2024-09-29T00:33:07.794-0500] {logging_mixin.py:190} INFO - [2024-09-29T00:33:07.794-0500] {dag.py:3239} INFO - Sync 1 DAGs
[2024-09-29T00:33:07.809-0500] {logging_mixin.py:190} INFO - [2024-09-29T00:33:07.808-0500] {dag.py:4180} INFO - Setting next_dagrun for example_short_circuit_operator to None, run_after=None
[2024-09-29T00:33:07.854-0500] {processor.py:208} INFO - Processing /home/d-salamanca/airflow-env/lib/python3.12/site-packages/airflow/example_dags/example_short_circuit_operator.py took 0.173 seconds
[2024-09-29T00:34:37.399-0500] {processor.py:186} INFO - Started process (PID=29509) to work on /home/d-salamanca/airflow-env/lib/python3.12/site-packages/airflow/example_dags/example_short_circuit_operator.py
[2024-09-29T00:34:37.415-0500] {processor.py:914} INFO - Processing file /home/d-salamanca/airflow-env/lib/python3.12/site-packages/airflow/example_dags/example_short_circuit_operator.py for tasks to queue
[2024-09-29T00:34:37.419-0500] {logging_mixin.py:190} INFO - [2024-09-29T00:34:37.418-0500] {dagbag.py:588} INFO - Filling up the DagBag from /home/d-salamanca/airflow-env/lib/python3.12/site-packages/airflow/example_dags/example_short_circuit_operator.py
[2024-09-29T00:34:37.461-0500] {processor.py:925} INFO - DAG(s) 'example_short_circuit_operator' retrieved from /home/d-salamanca/airflow-env/lib/python3.12/site-packages/airflow/example_dags/example_short_circuit_operator.py
[2024-09-29T00:34:37.484-0500] {logging_mixin.py:190} INFO - [2024-09-29T00:34:37.483-0500] {dag.py:3239} INFO - Sync 1 DAGs
[2024-09-29T00:34:37.498-0500] {logging_mixin.py:190} INFO - [2024-09-29T00:34:37.498-0500] {dag.py:4180} INFO - Setting next_dagrun for example_short_circuit_operator to None, run_after=None
[2024-09-29T00:34:37.551-0500] {processor.py:208} INFO - Processing /home/d-salamanca/airflow-env/lib/python3.12/site-packages/airflow/example_dags/example_short_circuit_operator.py took 0.163 seconds
[2024-09-29T08:20:18.741-0500] {processor.py:186} INFO - Started process (PID=29766) to work on /home/d-salamanca/airflow-env/lib/python3.12/site-packages/airflow/example_dags/example_short_circuit_operator.py
[2024-09-29T08:20:18.767-0500] {processor.py:914} INFO - Processing file /home/d-salamanca/airflow-env/lib/python3.12/site-packages/airflow/example_dags/example_short_circuit_operator.py for tasks to queue
[2024-09-29T08:20:18.772-0500] {logging_mixin.py:190} INFO - [2024-09-29T08:20:18.771-0500] {dagbag.py:588} INFO - Filling up the DagBag from /home/d-salamanca/airflow-env/lib/python3.12/site-packages/airflow/example_dags/example_short_circuit_operator.py
[2024-09-29T08:20:18.833-0500] {processor.py:925} INFO - DAG(s) 'example_short_circuit_operator' retrieved from /home/d-salamanca/airflow-env/lib/python3.12/site-packages/airflow/example_dags/example_short_circuit_operator.py
[2024-09-29T08:20:18.859-0500] {logging_mixin.py:190} INFO - [2024-09-29T08:20:18.858-0500] {dag.py:3239} INFO - Sync 1 DAGs
[2024-09-29T08:20:18.874-0500] {logging_mixin.py:190} INFO - [2024-09-29T08:20:18.874-0500] {dag.py:4180} INFO - Setting next_dagrun for example_short_circuit_operator to None, run_after=None
[2024-09-29T08:20:18.902-0500] {processor.py:208} INFO - Processing /home/d-salamanca/airflow-env/lib/python3.12/site-packages/airflow/example_dags/example_short_circuit_operator.py took 0.169 seconds
[2024-09-29T08:21:26.841-0500] {processor.py:186} INFO - Started process (PID=29841) to work on /home/d-salamanca/airflow-env/lib/python3.12/site-packages/airflow/example_dags/example_short_circuit_operator.py
[2024-09-29T08:21:26.884-0500] {processor.py:914} INFO - Processing file /home/d-salamanca/airflow-env/lib/python3.12/site-packages/airflow/example_dags/example_short_circuit_operator.py for tasks to queue
[2024-09-29T08:21:26.892-0500] {logging_mixin.py:190} INFO - [2024-09-29T08:21:26.891-0500] {dagbag.py:588} INFO - Filling up the DagBag from /home/d-salamanca/airflow-env/lib/python3.12/site-packages/airflow/example_dags/example_short_circuit_operator.py
[2024-09-29T08:21:26.938-0500] {processor.py:925} INFO - DAG(s) 'example_short_circuit_operator' retrieved from /home/d-salamanca/airflow-env/lib/python3.12/site-packages/airflow/example_dags/example_short_circuit_operator.py
[2024-09-29T08:21:26.961-0500] {logging_mixin.py:190} INFO - [2024-09-29T08:21:26.960-0500] {dag.py:3239} INFO - Sync 1 DAGs
[2024-09-29T08:21:26.976-0500] {logging_mixin.py:190} INFO - [2024-09-29T08:21:26.975-0500] {dag.py:4180} INFO - Setting next_dagrun for example_short_circuit_operator to None, run_after=None
[2024-09-29T08:21:27.007-0500] {processor.py:208} INFO - Processing /home/d-salamanca/airflow-env/lib/python3.12/site-packages/airflow/example_dags/example_short_circuit_operator.py took 0.174 seconds
[2024-09-29T08:22:25.133-0500] {processor.py:186} INFO - Started process (PID=29879) to work on /home/d-salamanca/airflow-env/lib/python3.12/site-packages/airflow/example_dags/example_short_circuit_operator.py
[2024-09-29T08:22:25.148-0500] {processor.py:914} INFO - Processing file /home/d-salamanca/airflow-env/lib/python3.12/site-packages/airflow/example_dags/example_short_circuit_operator.py for tasks to queue
[2024-09-29T08:22:25.153-0500] {logging_mixin.py:190} INFO - [2024-09-29T08:22:25.152-0500] {dagbag.py:588} INFO - Filling up the DagBag from /home/d-salamanca/airflow-env/lib/python3.12/site-packages/airflow/example_dags/example_short_circuit_operator.py
[2024-09-29T08:22:25.192-0500] {processor.py:925} INFO - DAG(s) 'example_short_circuit_operator' retrieved from /home/d-salamanca/airflow-env/lib/python3.12/site-packages/airflow/example_dags/example_short_circuit_operator.py
[2024-09-29T08:22:25.218-0500] {logging_mixin.py:190} INFO - [2024-09-29T08:22:25.217-0500] {dag.py:3239} INFO - Sync 1 DAGs
[2024-09-29T08:22:25.233-0500] {logging_mixin.py:190} INFO - [2024-09-29T08:22:25.233-0500] {dag.py:4180} INFO - Setting next_dagrun for example_short_circuit_operator to None, run_after=None
[2024-09-29T08:22:25.806-0500] {processor.py:208} INFO - Processing /home/d-salamanca/airflow-env/lib/python3.12/site-packages/airflow/example_dags/example_short_circuit_operator.py took 0.683 seconds
[2024-09-29T08:23:16.794-0500] {processor.py:186} INFO - Started process (PID=29920) to work on /home/d-salamanca/airflow-env/lib/python3.12/site-packages/airflow/example_dags/example_short_circuit_operator.py
[2024-09-29T08:23:16.795-0500] {processor.py:914} INFO - Processing file /home/d-salamanca/airflow-env/lib/python3.12/site-packages/airflow/example_dags/example_short_circuit_operator.py for tasks to queue
[2024-09-29T08:23:16.799-0500] {logging_mixin.py:190} INFO - [2024-09-29T08:23:16.798-0500] {dagbag.py:588} INFO - Filling up the DagBag from /home/d-salamanca/airflow-env/lib/python3.12/site-packages/airflow/example_dags/example_short_circuit_operator.py
[2024-09-29T08:23:16.809-0500] {processor.py:925} INFO - DAG(s) 'example_short_circuit_operator' retrieved from /home/d-salamanca/airflow-env/lib/python3.12/site-packages/airflow/example_dags/example_short_circuit_operator.py
[2024-09-29T08:23:16.832-0500] {logging_mixin.py:190} INFO - [2024-09-29T08:23:16.832-0500] {dag.py:3239} INFO - Sync 1 DAGs
[2024-09-29T08:23:16.847-0500] {logging_mixin.py:190} INFO - [2024-09-29T08:23:16.846-0500] {dag.py:4180} INFO - Setting next_dagrun for example_short_circuit_operator to None, run_after=None
[2024-09-29T08:23:16.894-0500] {processor.py:208} INFO - Processing /home/d-salamanca/airflow-env/lib/python3.12/site-packages/airflow/example_dags/example_short_circuit_operator.py took 0.108 seconds
[2024-09-29T08:24:42.339-0500] {processor.py:186} INFO - Started process (PID=30020) to work on /home/d-salamanca/airflow-env/lib/python3.12/site-packages/airflow/example_dags/example_short_circuit_operator.py
[2024-09-29T08:24:42.363-0500] {processor.py:914} INFO - Processing file /home/d-salamanca/airflow-env/lib/python3.12/site-packages/airflow/example_dags/example_short_circuit_operator.py for tasks to queue
[2024-09-29T08:24:42.367-0500] {logging_mixin.py:190} INFO - [2024-09-29T08:24:42.366-0500] {dagbag.py:588} INFO - Filling up the DagBag from /home/d-salamanca/airflow-env/lib/python3.12/site-packages/airflow/example_dags/example_short_circuit_operator.py
[2024-09-29T08:24:42.379-0500] {processor.py:925} INFO - DAG(s) 'example_short_circuit_operator' retrieved from /home/d-salamanca/airflow-env/lib/python3.12/site-packages/airflow/example_dags/example_short_circuit_operator.py
[2024-09-29T08:24:42.401-0500] {logging_mixin.py:190} INFO - [2024-09-29T08:24:42.400-0500] {dag.py:3239} INFO - Sync 1 DAGs
[2024-09-29T08:24:42.415-0500] {logging_mixin.py:190} INFO - [2024-09-29T08:24:42.415-0500] {dag.py:4180} INFO - Setting next_dagrun for example_short_circuit_operator to None, run_after=None
[2024-09-29T08:24:42.486-0500] {processor.py:208} INFO - Processing /home/d-salamanca/airflow-env/lib/python3.12/site-packages/airflow/example_dags/example_short_circuit_operator.py took 0.155 seconds
[2024-09-29T08:26:09.787-0500] {processor.py:186} INFO - Started process (PID=30095) to work on /home/d-salamanca/airflow-env/lib/python3.12/site-packages/airflow/example_dags/example_short_circuit_operator.py
[2024-09-29T08:26:09.815-0500] {processor.py:914} INFO - Processing file /home/d-salamanca/airflow-env/lib/python3.12/site-packages/airflow/example_dags/example_short_circuit_operator.py for tasks to queue
[2024-09-29T08:26:09.822-0500] {logging_mixin.py:190} INFO - [2024-09-29T08:26:09.821-0500] {dagbag.py:588} INFO - Filling up the DagBag from /home/d-salamanca/airflow-env/lib/python3.12/site-packages/airflow/example_dags/example_short_circuit_operator.py
[2024-09-29T08:26:09.874-0500] {processor.py:925} INFO - DAG(s) 'example_short_circuit_operator' retrieved from /home/d-salamanca/airflow-env/lib/python3.12/site-packages/airflow/example_dags/example_short_circuit_operator.py
[2024-09-29T08:26:09.895-0500] {logging_mixin.py:190} INFO - [2024-09-29T08:26:09.895-0500] {dag.py:3239} INFO - Sync 1 DAGs
[2024-09-29T08:26:09.910-0500] {logging_mixin.py:190} INFO - [2024-09-29T08:26:09.909-0500] {dag.py:4180} INFO - Setting next_dagrun for example_short_circuit_operator to None, run_after=None
[2024-09-29T08:26:09.966-0500] {processor.py:208} INFO - Processing /home/d-salamanca/airflow-env/lib/python3.12/site-packages/airflow/example_dags/example_short_circuit_operator.py took 0.188 seconds
[2024-09-29T08:27:29.586-0500] {processor.py:186} INFO - Started process (PID=30163) to work on /home/d-salamanca/airflow-env/lib/python3.12/site-packages/airflow/example_dags/example_short_circuit_operator.py
[2024-09-29T08:27:29.605-0500] {processor.py:914} INFO - Processing file /home/d-salamanca/airflow-env/lib/python3.12/site-packages/airflow/example_dags/example_short_circuit_operator.py for tasks to queue
[2024-09-29T08:27:29.609-0500] {logging_mixin.py:190} INFO - [2024-09-29T08:27:29.608-0500] {dagbag.py:588} INFO - Filling up the DagBag from /home/d-salamanca/airflow-env/lib/python3.12/site-packages/airflow/example_dags/example_short_circuit_operator.py
[2024-09-29T08:27:29.620-0500] {processor.py:925} INFO - DAG(s) 'example_short_circuit_operator' retrieved from /home/d-salamanca/airflow-env/lib/python3.12/site-packages/airflow/example_dags/example_short_circuit_operator.py
[2024-09-29T08:27:29.642-0500] {logging_mixin.py:190} INFO - [2024-09-29T08:27:29.641-0500] {dag.py:3239} INFO - Sync 1 DAGs
[2024-09-29T08:27:29.656-0500] {logging_mixin.py:190} INFO - [2024-09-29T08:27:29.655-0500] {dag.py:4180} INFO - Setting next_dagrun for example_short_circuit_operator to None, run_after=None
[2024-09-29T08:27:29.694-0500] {processor.py:208} INFO - Processing /home/d-salamanca/airflow-env/lib/python3.12/site-packages/airflow/example_dags/example_short_circuit_operator.py took 0.121 seconds
[2024-09-29T08:28:43.907-0500] {processor.py:186} INFO - Started process (PID=30230) to work on /home/d-salamanca/airflow-env/lib/python3.12/site-packages/airflow/example_dags/example_short_circuit_operator.py
[2024-09-29T08:28:43.909-0500] {processor.py:914} INFO - Processing file /home/d-salamanca/airflow-env/lib/python3.12/site-packages/airflow/example_dags/example_short_circuit_operator.py for tasks to queue
[2024-09-29T08:28:43.913-0500] {logging_mixin.py:190} INFO - [2024-09-29T08:28:43.912-0500] {dagbag.py:588} INFO - Filling up the DagBag from /home/d-salamanca/airflow-env/lib/python3.12/site-packages/airflow/example_dags/example_short_circuit_operator.py
[2024-09-29T08:28:43.925-0500] {processor.py:925} INFO - DAG(s) 'example_short_circuit_operator' retrieved from /home/d-salamanca/airflow-env/lib/python3.12/site-packages/airflow/example_dags/example_short_circuit_operator.py
[2024-09-29T08:28:43.950-0500] {logging_mixin.py:190} INFO - [2024-09-29T08:28:43.949-0500] {dag.py:3239} INFO - Sync 1 DAGs
[2024-09-29T08:28:43.964-0500] {logging_mixin.py:190} INFO - [2024-09-29T08:28:43.964-0500] {dag.py:4180} INFO - Setting next_dagrun for example_short_circuit_operator to None, run_after=None
[2024-09-29T08:28:44.324-0500] {processor.py:208} INFO - Processing /home/d-salamanca/airflow-env/lib/python3.12/site-packages/airflow/example_dags/example_short_circuit_operator.py took 0.425 seconds
[2024-09-29T08:30:10.789-0500] {processor.py:186} INFO - Started process (PID=30305) to work on /home/d-salamanca/airflow-env/lib/python3.12/site-packages/airflow/example_dags/example_short_circuit_operator.py
[2024-09-29T08:30:10.791-0500] {processor.py:914} INFO - Processing file /home/d-salamanca/airflow-env/lib/python3.12/site-packages/airflow/example_dags/example_short_circuit_operator.py for tasks to queue
[2024-09-29T08:30:10.797-0500] {logging_mixin.py:190} INFO - [2024-09-29T08:30:10.796-0500] {dagbag.py:588} INFO - Filling up the DagBag from /home/d-salamanca/airflow-env/lib/python3.12/site-packages/airflow/example_dags/example_short_circuit_operator.py
[2024-09-29T08:30:10.810-0500] {processor.py:925} INFO - DAG(s) 'example_short_circuit_operator' retrieved from /home/d-salamanca/airflow-env/lib/python3.12/site-packages/airflow/example_dags/example_short_circuit_operator.py
[2024-09-29T08:30:10.925-0500] {logging_mixin.py:190} INFO - [2024-09-29T08:30:10.924-0500] {dag.py:3239} INFO - Sync 1 DAGs
[2024-09-29T08:30:10.939-0500] {logging_mixin.py:190} INFO - [2024-09-29T08:30:10.939-0500] {dag.py:4180} INFO - Setting next_dagrun for example_short_circuit_operator to None, run_after=None
[2024-09-29T08:30:10.989-0500] {processor.py:208} INFO - Processing /home/d-salamanca/airflow-env/lib/python3.12/site-packages/airflow/example_dags/example_short_circuit_operator.py took 0.209 seconds
[2024-09-29T08:31:45.766-0500] {processor.py:186} INFO - Started process (PID=30391) to work on /home/d-salamanca/airflow-env/lib/python3.12/site-packages/airflow/example_dags/example_short_circuit_operator.py
[2024-09-29T08:31:45.798-0500] {processor.py:914} INFO - Processing file /home/d-salamanca/airflow-env/lib/python3.12/site-packages/airflow/example_dags/example_short_circuit_operator.py for tasks to queue
[2024-09-29T08:31:45.807-0500] {logging_mixin.py:190} INFO - [2024-09-29T08:31:45.806-0500] {dagbag.py:588} INFO - Filling up the DagBag from /home/d-salamanca/airflow-env/lib/python3.12/site-packages/airflow/example_dags/example_short_circuit_operator.py
[2024-09-29T08:31:45.823-0500] {processor.py:925} INFO - DAG(s) 'example_short_circuit_operator' retrieved from /home/d-salamanca/airflow-env/lib/python3.12/site-packages/airflow/example_dags/example_short_circuit_operator.py
[2024-09-29T08:31:45.843-0500] {logging_mixin.py:190} INFO - [2024-09-29T08:31:45.843-0500] {dag.py:3239} INFO - Sync 1 DAGs
[2024-09-29T08:31:45.858-0500] {logging_mixin.py:190} INFO - [2024-09-29T08:31:45.858-0500] {dag.py:4180} INFO - Setting next_dagrun for example_short_circuit_operator to None, run_after=None
[2024-09-29T08:31:45.888-0500] {processor.py:208} INFO - Processing /home/d-salamanca/airflow-env/lib/python3.12/site-packages/airflow/example_dags/example_short_circuit_operator.py took 0.129 seconds
[2024-09-29T08:33:20.414-0500] {processor.py:186} INFO - Started process (PID=30467) to work on /home/d-salamanca/airflow-env/lib/python3.12/site-packages/airflow/example_dags/example_short_circuit_operator.py
[2024-09-29T08:33:20.416-0500] {processor.py:914} INFO - Processing file /home/d-salamanca/airflow-env/lib/python3.12/site-packages/airflow/example_dags/example_short_circuit_operator.py for tasks to queue
[2024-09-29T08:33:20.419-0500] {logging_mixin.py:190} INFO - [2024-09-29T08:33:20.418-0500] {dagbag.py:588} INFO - Filling up the DagBag from /home/d-salamanca/airflow-env/lib/python3.12/site-packages/airflow/example_dags/example_short_circuit_operator.py
[2024-09-29T08:33:20.429-0500] {processor.py:925} INFO - DAG(s) 'example_short_circuit_operator' retrieved from /home/d-salamanca/airflow-env/lib/python3.12/site-packages/airflow/example_dags/example_short_circuit_operator.py
[2024-09-29T08:33:20.450-0500] {logging_mixin.py:190} INFO - [2024-09-29T08:33:20.450-0500] {dag.py:3239} INFO - Sync 1 DAGs
[2024-09-29T08:33:20.466-0500] {logging_mixin.py:190} INFO - [2024-09-29T08:33:20.466-0500] {dag.py:4180} INFO - Setting next_dagrun for example_short_circuit_operator to None, run_after=None
[2024-09-29T08:33:20.517-0500] {processor.py:208} INFO - Processing /home/d-salamanca/airflow-env/lib/python3.12/site-packages/airflow/example_dags/example_short_circuit_operator.py took 0.112 seconds
[2024-09-29T08:34:41.268-0500] {processor.py:186} INFO - Started process (PID=30533) to work on /home/d-salamanca/airflow-env/lib/python3.12/site-packages/airflow/example_dags/example_short_circuit_operator.py
[2024-09-29T08:34:41.269-0500] {processor.py:914} INFO - Processing file /home/d-salamanca/airflow-env/lib/python3.12/site-packages/airflow/example_dags/example_short_circuit_operator.py for tasks to queue
[2024-09-29T08:34:41.272-0500] {logging_mixin.py:190} INFO - [2024-09-29T08:34:41.271-0500] {dagbag.py:588} INFO - Filling up the DagBag from /home/d-salamanca/airflow-env/lib/python3.12/site-packages/airflow/example_dags/example_short_circuit_operator.py
[2024-09-29T08:34:41.283-0500] {processor.py:925} INFO - DAG(s) 'example_short_circuit_operator' retrieved from /home/d-salamanca/airflow-env/lib/python3.12/site-packages/airflow/example_dags/example_short_circuit_operator.py
[2024-09-29T08:34:41.306-0500] {logging_mixin.py:190} INFO - [2024-09-29T08:34:41.306-0500] {dag.py:3239} INFO - Sync 1 DAGs
[2024-09-29T08:34:41.321-0500] {logging_mixin.py:190} INFO - [2024-09-29T08:34:41.321-0500] {dag.py:4180} INFO - Setting next_dagrun for example_short_circuit_operator to None, run_after=None
[2024-09-29T08:34:41.345-0500] {processor.py:208} INFO - Processing /home/d-salamanca/airflow-env/lib/python3.12/site-packages/airflow/example_dags/example_short_circuit_operator.py took 0.085 seconds
[2024-09-29T08:37:09.484-0500] {processor.py:186} INFO - Started process (PID=31005) to work on /home/d-salamanca/airflow-env/lib/python3.12/site-packages/airflow/example_dags/example_short_circuit_operator.py
[2024-09-29T08:37:09.502-0500] {processor.py:914} INFO - Processing file /home/d-salamanca/airflow-env/lib/python3.12/site-packages/airflow/example_dags/example_short_circuit_operator.py for tasks to queue
[2024-09-29T08:37:09.512-0500] {logging_mixin.py:190} INFO - [2024-09-29T08:37:09.510-0500] {dagbag.py:588} INFO - Filling up the DagBag from /home/d-salamanca/airflow-env/lib/python3.12/site-packages/airflow/example_dags/example_short_circuit_operator.py
[2024-09-29T08:37:09.710-0500] {processor.py:925} INFO - DAG(s) 'example_short_circuit_operator' retrieved from /home/d-salamanca/airflow-env/lib/python3.12/site-packages/airflow/example_dags/example_short_circuit_operator.py
[2024-09-29T08:37:09.828-0500] {logging_mixin.py:190} INFO - [2024-09-29T08:37:09.828-0500] {dag.py:3239} INFO - Sync 1 DAGs
[2024-09-29T08:37:09.844-0500] {logging_mixin.py:190} INFO - [2024-09-29T08:37:09.843-0500] {dag.py:4180} INFO - Setting next_dagrun for example_short_circuit_operator to None, run_after=None
[2024-09-29T08:37:09.904-0500] {processor.py:208} INFO - Processing /home/d-salamanca/airflow-env/lib/python3.12/site-packages/airflow/example_dags/example_short_circuit_operator.py took 0.500 seconds
[2024-09-29T08:38:05.296-0500] {processor.py:186} INFO - Started process (PID=31051) to work on /home/d-salamanca/airflow-env/lib/python3.12/site-packages/airflow/example_dags/example_short_circuit_operator.py
[2024-09-29T08:38:05.298-0500] {processor.py:914} INFO - Processing file /home/d-salamanca/airflow-env/lib/python3.12/site-packages/airflow/example_dags/example_short_circuit_operator.py for tasks to queue
[2024-09-29T08:38:05.301-0500] {logging_mixin.py:190} INFO - [2024-09-29T08:38:05.300-0500] {dagbag.py:588} INFO - Filling up the DagBag from /home/d-salamanca/airflow-env/lib/python3.12/site-packages/airflow/example_dags/example_short_circuit_operator.py
[2024-09-29T08:38:05.311-0500] {processor.py:925} INFO - DAG(s) 'example_short_circuit_operator' retrieved from /home/d-salamanca/airflow-env/lib/python3.12/site-packages/airflow/example_dags/example_short_circuit_operator.py
[2024-09-29T08:38:05.334-0500] {logging_mixin.py:190} INFO - [2024-09-29T08:38:05.333-0500] {dag.py:3239} INFO - Sync 1 DAGs
[2024-09-29T08:38:05.348-0500] {logging_mixin.py:190} INFO - [2024-09-29T08:38:05.348-0500] {dag.py:4180} INFO - Setting next_dagrun for example_short_circuit_operator to None, run_after=None
[2024-09-29T08:38:05.472-0500] {processor.py:208} INFO - Processing /home/d-salamanca/airflow-env/lib/python3.12/site-packages/airflow/example_dags/example_short_circuit_operator.py took 0.183 seconds
[2024-09-29T08:39:28.495-0500] {processor.py:186} INFO - Started process (PID=31121) to work on /home/d-salamanca/airflow-env/lib/python3.12/site-packages/airflow/example_dags/example_short_circuit_operator.py
[2024-09-29T08:39:28.812-0500] {processor.py:914} INFO - Processing file /home/d-salamanca/airflow-env/lib/python3.12/site-packages/airflow/example_dags/example_short_circuit_operator.py for tasks to queue
[2024-09-29T08:39:28.820-0500] {logging_mixin.py:190} INFO - [2024-09-29T08:39:28.819-0500] {dagbag.py:588} INFO - Filling up the DagBag from /home/d-salamanca/airflow-env/lib/python3.12/site-packages/airflow/example_dags/example_short_circuit_operator.py
[2024-09-29T08:39:28.867-0500] {processor.py:925} INFO - DAG(s) 'example_short_circuit_operator' retrieved from /home/d-salamanca/airflow-env/lib/python3.12/site-packages/airflow/example_dags/example_short_circuit_operator.py
[2024-09-29T08:39:28.890-0500] {logging_mixin.py:190} INFO - [2024-09-29T08:39:28.889-0500] {dag.py:3239} INFO - Sync 1 DAGs
[2024-09-29T08:39:28.908-0500] {logging_mixin.py:190} INFO - [2024-09-29T08:39:28.907-0500] {dag.py:4180} INFO - Setting next_dagrun for example_short_circuit_operator to None, run_after=None
[2024-09-29T08:39:29.059-0500] {processor.py:208} INFO - Processing /home/d-salamanca/airflow-env/lib/python3.12/site-packages/airflow/example_dags/example_short_circuit_operator.py took 0.572 seconds
[2024-09-29T08:41:05.454-0500] {processor.py:186} INFO - Started process (PID=31199) to work on /home/d-salamanca/airflow-env/lib/python3.12/site-packages/airflow/example_dags/example_short_circuit_operator.py
[2024-09-29T08:41:05.537-0500] {processor.py:914} INFO - Processing file /home/d-salamanca/airflow-env/lib/python3.12/site-packages/airflow/example_dags/example_short_circuit_operator.py for tasks to queue
[2024-09-29T08:41:05.543-0500] {logging_mixin.py:190} INFO - [2024-09-29T08:41:05.542-0500] {dagbag.py:588} INFO - Filling up the DagBag from /home/d-salamanca/airflow-env/lib/python3.12/site-packages/airflow/example_dags/example_short_circuit_operator.py
[2024-09-29T08:41:05.555-0500] {processor.py:925} INFO - DAG(s) 'example_short_circuit_operator' retrieved from /home/d-salamanca/airflow-env/lib/python3.12/site-packages/airflow/example_dags/example_short_circuit_operator.py
[2024-09-29T08:41:05.580-0500] {logging_mixin.py:190} INFO - [2024-09-29T08:41:05.580-0500] {dag.py:3239} INFO - Sync 1 DAGs
[2024-09-29T08:41:05.597-0500] {logging_mixin.py:190} INFO - [2024-09-29T08:41:05.597-0500] {dag.py:4180} INFO - Setting next_dagrun for example_short_circuit_operator to None, run_after=None
[2024-09-29T08:41:05.676-0500] {processor.py:208} INFO - Processing /home/d-salamanca/airflow-env/lib/python3.12/site-packages/airflow/example_dags/example_short_circuit_operator.py took 0.230 seconds
[2024-09-29T08:42:35.269-0500] {processor.py:186} INFO - Started process (PID=31271) to work on /home/d-salamanca/airflow-env/lib/python3.12/site-packages/airflow/example_dags/example_short_circuit_operator.py
[2024-09-29T08:42:35.279-0500] {processor.py:914} INFO - Processing file /home/d-salamanca/airflow-env/lib/python3.12/site-packages/airflow/example_dags/example_short_circuit_operator.py for tasks to queue
[2024-09-29T08:42:35.284-0500] {logging_mixin.py:190} INFO - [2024-09-29T08:42:35.283-0500] {dagbag.py:588} INFO - Filling up the DagBag from /home/d-salamanca/airflow-env/lib/python3.12/site-packages/airflow/example_dags/example_short_circuit_operator.py
[2024-09-29T08:42:35.294-0500] {processor.py:925} INFO - DAG(s) 'example_short_circuit_operator' retrieved from /home/d-salamanca/airflow-env/lib/python3.12/site-packages/airflow/example_dags/example_short_circuit_operator.py
[2024-09-29T08:42:35.315-0500] {logging_mixin.py:190} INFO - [2024-09-29T08:42:35.315-0500] {dag.py:3239} INFO - Sync 1 DAGs
[2024-09-29T08:42:35.330-0500] {logging_mixin.py:190} INFO - [2024-09-29T08:42:35.330-0500] {dag.py:4180} INFO - Setting next_dagrun for example_short_circuit_operator to None, run_after=None
[2024-09-29T08:42:35.366-0500] {processor.py:208} INFO - Processing /home/d-salamanca/airflow-env/lib/python3.12/site-packages/airflow/example_dags/example_short_circuit_operator.py took 0.105 seconds
[2024-09-29T08:44:03.814-0500] {processor.py:186} INFO - Started process (PID=31341) to work on /home/d-salamanca/airflow-env/lib/python3.12/site-packages/airflow/example_dags/example_short_circuit_operator.py
[2024-09-29T08:44:03.841-0500] {processor.py:914} INFO - Processing file /home/d-salamanca/airflow-env/lib/python3.12/site-packages/airflow/example_dags/example_short_circuit_operator.py for tasks to queue
[2024-09-29T08:44:03.852-0500] {logging_mixin.py:190} INFO - [2024-09-29T08:44:03.851-0500] {dagbag.py:588} INFO - Filling up the DagBag from /home/d-salamanca/airflow-env/lib/python3.12/site-packages/airflow/example_dags/example_short_circuit_operator.py
[2024-09-29T08:44:03.863-0500] {processor.py:925} INFO - DAG(s) 'example_short_circuit_operator' retrieved from /home/d-salamanca/airflow-env/lib/python3.12/site-packages/airflow/example_dags/example_short_circuit_operator.py
[2024-09-29T08:44:03.884-0500] {logging_mixin.py:190} INFO - [2024-09-29T08:44:03.884-0500] {dag.py:3239} INFO - Sync 1 DAGs
[2024-09-29T08:44:03.899-0500] {logging_mixin.py:190} INFO - [2024-09-29T08:44:03.899-0500] {dag.py:4180} INFO - Setting next_dagrun for example_short_circuit_operator to None, run_after=None
[2024-09-29T08:44:03.930-0500] {processor.py:208} INFO - Processing /home/d-salamanca/airflow-env/lib/python3.12/site-packages/airflow/example_dags/example_short_circuit_operator.py took 0.123 seconds
[2024-09-29T08:45:25.968-0500] {processor.py:186} INFO - Started process (PID=31425) to work on /home/d-salamanca/airflow-env/lib/python3.12/site-packages/airflow/example_dags/example_short_circuit_operator.py
[2024-09-29T08:45:26.006-0500] {processor.py:914} INFO - Processing file /home/d-salamanca/airflow-env/lib/python3.12/site-packages/airflow/example_dags/example_short_circuit_operator.py for tasks to queue
[2024-09-29T08:45:26.013-0500] {logging_mixin.py:190} INFO - [2024-09-29T08:45:26.012-0500] {dagbag.py:588} INFO - Filling up the DagBag from /home/d-salamanca/airflow-env/lib/python3.12/site-packages/airflow/example_dags/example_short_circuit_operator.py
[2024-09-29T08:45:26.028-0500] {processor.py:925} INFO - DAG(s) 'example_short_circuit_operator' retrieved from /home/d-salamanca/airflow-env/lib/python3.12/site-packages/airflow/example_dags/example_short_circuit_operator.py
[2024-09-29T08:45:26.051-0500] {logging_mixin.py:190} INFO - [2024-09-29T08:45:26.050-0500] {dag.py:3239} INFO - Sync 1 DAGs
[2024-09-29T08:45:26.065-0500] {logging_mixin.py:190} INFO - [2024-09-29T08:45:26.065-0500] {dag.py:4180} INFO - Setting next_dagrun for example_short_circuit_operator to None, run_after=None
[2024-09-29T08:45:26.092-0500] {processor.py:208} INFO - Processing /home/d-salamanca/airflow-env/lib/python3.12/site-packages/airflow/example_dags/example_short_circuit_operator.py took 0.132 seconds
[2024-09-29T08:47:27.863-0500] {processor.py:186} INFO - Started process (PID=31497) to work on /home/d-salamanca/airflow-env/lib/python3.12/site-packages/airflow/example_dags/example_short_circuit_operator.py
[2024-09-29T08:47:27.878-0500] {processor.py:914} INFO - Processing file /home/d-salamanca/airflow-env/lib/python3.12/site-packages/airflow/example_dags/example_short_circuit_operator.py for tasks to queue
[2024-09-29T08:47:27.882-0500] {logging_mixin.py:190} INFO - [2024-09-29T08:47:27.882-0500] {dagbag.py:588} INFO - Filling up the DagBag from /home/d-salamanca/airflow-env/lib/python3.12/site-packages/airflow/example_dags/example_short_circuit_operator.py
[2024-09-29T08:47:27.893-0500] {processor.py:925} INFO - DAG(s) 'example_short_circuit_operator' retrieved from /home/d-salamanca/airflow-env/lib/python3.12/site-packages/airflow/example_dags/example_short_circuit_operator.py
[2024-09-29T08:47:27.915-0500] {logging_mixin.py:190} INFO - [2024-09-29T08:47:27.915-0500] {dag.py:3239} INFO - Sync 1 DAGs
[2024-09-29T08:47:27.930-0500] {logging_mixin.py:190} INFO - [2024-09-29T08:47:27.929-0500] {dag.py:4180} INFO - Setting next_dagrun for example_short_circuit_operator to None, run_after=None
[2024-09-29T08:47:28.059-0500] {processor.py:208} INFO - Processing /home/d-salamanca/airflow-env/lib/python3.12/site-packages/airflow/example_dags/example_short_circuit_operator.py took 0.206 seconds
[2024-09-29T08:48:52.620-0500] {processor.py:186} INFO - Started process (PID=31585) to work on /home/d-salamanca/airflow-env/lib/python3.12/site-packages/airflow/example_dags/example_short_circuit_operator.py
[2024-09-29T08:48:52.643-0500] {processor.py:914} INFO - Processing file /home/d-salamanca/airflow-env/lib/python3.12/site-packages/airflow/example_dags/example_short_circuit_operator.py for tasks to queue
[2024-09-29T08:48:52.650-0500] {logging_mixin.py:190} INFO - [2024-09-29T08:48:52.649-0500] {dagbag.py:588} INFO - Filling up the DagBag from /home/d-salamanca/airflow-env/lib/python3.12/site-packages/airflow/example_dags/example_short_circuit_operator.py
[2024-09-29T08:48:52.662-0500] {processor.py:925} INFO - DAG(s) 'example_short_circuit_operator' retrieved from /home/d-salamanca/airflow-env/lib/python3.12/site-packages/airflow/example_dags/example_short_circuit_operator.py
[2024-09-29T08:48:52.685-0500] {logging_mixin.py:190} INFO - [2024-09-29T08:48:52.685-0500] {dag.py:3239} INFO - Sync 1 DAGs
[2024-09-29T08:48:52.703-0500] {logging_mixin.py:190} INFO - [2024-09-29T08:48:52.702-0500] {dag.py:4180} INFO - Setting next_dagrun for example_short_circuit_operator to None, run_after=None
[2024-09-29T08:48:52.768-0500] {processor.py:208} INFO - Processing /home/d-salamanca/airflow-env/lib/python3.12/site-packages/airflow/example_dags/example_short_circuit_operator.py took 0.155 seconds
[2024-09-29T08:50:19.681-0500] {processor.py:186} INFO - Started process (PID=31673) to work on /home/d-salamanca/airflow-env/lib/python3.12/site-packages/airflow/example_dags/example_short_circuit_operator.py
[2024-09-29T08:50:19.698-0500] {processor.py:914} INFO - Processing file /home/d-salamanca/airflow-env/lib/python3.12/site-packages/airflow/example_dags/example_short_circuit_operator.py for tasks to queue
[2024-09-29T08:50:19.703-0500] {logging_mixin.py:190} INFO - [2024-09-29T08:50:19.702-0500] {dagbag.py:588} INFO - Filling up the DagBag from /home/d-salamanca/airflow-env/lib/python3.12/site-packages/airflow/example_dags/example_short_circuit_operator.py
[2024-09-29T08:50:19.714-0500] {processor.py:925} INFO - DAG(s) 'example_short_circuit_operator' retrieved from /home/d-salamanca/airflow-env/lib/python3.12/site-packages/airflow/example_dags/example_short_circuit_operator.py
[2024-09-29T08:50:19.736-0500] {logging_mixin.py:190} INFO - [2024-09-29T08:50:19.736-0500] {dag.py:3239} INFO - Sync 1 DAGs
[2024-09-29T08:50:19.751-0500] {logging_mixin.py:190} INFO - [2024-09-29T08:50:19.751-0500] {dag.py:4180} INFO - Setting next_dagrun for example_short_circuit_operator to None, run_after=None
[2024-09-29T08:50:19.783-0500] {processor.py:208} INFO - Processing /home/d-salamanca/airflow-env/lib/python3.12/site-packages/airflow/example_dags/example_short_circuit_operator.py took 0.109 seconds
[2024-09-29T08:52:44.388-0500] {processor.py:186} INFO - Started process (PID=31959) to work on /home/d-salamanca/airflow-env/lib/python3.12/site-packages/airflow/example_dags/example_short_circuit_operator.py
[2024-09-29T08:52:44.428-0500] {processor.py:914} INFO - Processing file /home/d-salamanca/airflow-env/lib/python3.12/site-packages/airflow/example_dags/example_short_circuit_operator.py for tasks to queue
[2024-09-29T08:52:44.439-0500] {logging_mixin.py:190} INFO - [2024-09-29T08:52:44.437-0500] {dagbag.py:588} INFO - Filling up the DagBag from /home/d-salamanca/airflow-env/lib/python3.12/site-packages/airflow/example_dags/example_short_circuit_operator.py
[2024-09-29T08:52:44.477-0500] {processor.py:925} INFO - DAG(s) 'example_short_circuit_operator' retrieved from /home/d-salamanca/airflow-env/lib/python3.12/site-packages/airflow/example_dags/example_short_circuit_operator.py
[2024-09-29T08:52:44.544-0500] {logging_mixin.py:190} INFO - [2024-09-29T08:52:44.544-0500] {dag.py:3239} INFO - Sync 1 DAGs
[2024-09-29T08:52:44.559-0500] {logging_mixin.py:190} INFO - [2024-09-29T08:52:44.558-0500] {dag.py:4180} INFO - Setting next_dagrun for example_short_circuit_operator to None, run_after=None
[2024-09-29T08:52:44.601-0500] {processor.py:208} INFO - Processing /home/d-salamanca/airflow-env/lib/python3.12/site-packages/airflow/example_dags/example_short_circuit_operator.py took 0.222 seconds
[2024-09-29T08:53:51.662-0500] {processor.py:186} INFO - Started process (PID=32013) to work on /home/d-salamanca/airflow-env/lib/python3.12/site-packages/airflow/example_dags/example_short_circuit_operator.py
[2024-09-29T08:53:51.688-0500] {processor.py:914} INFO - Processing file /home/d-salamanca/airflow-env/lib/python3.12/site-packages/airflow/example_dags/example_short_circuit_operator.py for tasks to queue
[2024-09-29T08:53:51.693-0500] {logging_mixin.py:190} INFO - [2024-09-29T08:53:51.692-0500] {dagbag.py:588} INFO - Filling up the DagBag from /home/d-salamanca/airflow-env/lib/python3.12/site-packages/airflow/example_dags/example_short_circuit_operator.py
[2024-09-29T08:53:51.733-0500] {processor.py:925} INFO - DAG(s) 'example_short_circuit_operator' retrieved from /home/d-salamanca/airflow-env/lib/python3.12/site-packages/airflow/example_dags/example_short_circuit_operator.py
[2024-09-29T08:53:51.758-0500] {logging_mixin.py:190} INFO - [2024-09-29T08:53:51.757-0500] {dag.py:3239} INFO - Sync 1 DAGs
[2024-09-29T08:53:51.775-0500] {logging_mixin.py:190} INFO - [2024-09-29T08:53:51.775-0500] {dag.py:4180} INFO - Setting next_dagrun for example_short_circuit_operator to None, run_after=None
[2024-09-29T08:53:51.859-0500] {processor.py:208} INFO - Processing /home/d-salamanca/airflow-env/lib/python3.12/site-packages/airflow/example_dags/example_short_circuit_operator.py took 0.206 seconds
[2024-09-29T08:55:27.227-0500] {processor.py:186} INFO - Started process (PID=32091) to work on /home/d-salamanca/airflow-env/lib/python3.12/site-packages/airflow/example_dags/example_short_circuit_operator.py
[2024-09-29T08:55:27.247-0500] {processor.py:914} INFO - Processing file /home/d-salamanca/airflow-env/lib/python3.12/site-packages/airflow/example_dags/example_short_circuit_operator.py for tasks to queue
[2024-09-29T08:55:27.256-0500] {logging_mixin.py:190} INFO - [2024-09-29T08:55:27.255-0500] {dagbag.py:588} INFO - Filling up the DagBag from /home/d-salamanca/airflow-env/lib/python3.12/site-packages/airflow/example_dags/example_short_circuit_operator.py
[2024-09-29T08:55:27.276-0500] {processor.py:925} INFO - DAG(s) 'example_short_circuit_operator' retrieved from /home/d-salamanca/airflow-env/lib/python3.12/site-packages/airflow/example_dags/example_short_circuit_operator.py
[2024-09-29T08:55:27.304-0500] {logging_mixin.py:190} INFO - [2024-09-29T08:55:27.304-0500] {dag.py:3239} INFO - Sync 1 DAGs
[2024-09-29T08:55:27.319-0500] {logging_mixin.py:190} INFO - [2024-09-29T08:55:27.319-0500] {dag.py:4180} INFO - Setting next_dagrun for example_short_circuit_operator to None, run_after=None
[2024-09-29T08:55:27.391-0500] {processor.py:208} INFO - Processing /home/d-salamanca/airflow-env/lib/python3.12/site-packages/airflow/example_dags/example_short_circuit_operator.py took 0.172 seconds
[2024-09-29T08:57:11.735-0500] {processor.py:186} INFO - Started process (PID=32168) to work on /home/d-salamanca/airflow-env/lib/python3.12/site-packages/airflow/example_dags/example_short_circuit_operator.py
[2024-09-29T08:57:11.754-0500] {processor.py:914} INFO - Processing file /home/d-salamanca/airflow-env/lib/python3.12/site-packages/airflow/example_dags/example_short_circuit_operator.py for tasks to queue
[2024-09-29T08:57:11.759-0500] {logging_mixin.py:190} INFO - [2024-09-29T08:57:11.758-0500] {dagbag.py:588} INFO - Filling up the DagBag from /home/d-salamanca/airflow-env/lib/python3.12/site-packages/airflow/example_dags/example_short_circuit_operator.py
[2024-09-29T08:57:11.781-0500] {processor.py:925} INFO - DAG(s) 'example_short_circuit_operator' retrieved from /home/d-salamanca/airflow-env/lib/python3.12/site-packages/airflow/example_dags/example_short_circuit_operator.py
[2024-09-29T08:57:11.839-0500] {logging_mixin.py:190} INFO - [2024-09-29T08:57:11.839-0500] {dag.py:3239} INFO - Sync 1 DAGs
[2024-09-29T08:57:11.853-0500] {logging_mixin.py:190} INFO - [2024-09-29T08:57:11.853-0500] {dag.py:4180} INFO - Setting next_dagrun for example_short_circuit_operator to None, run_after=None
[2024-09-29T08:57:11.884-0500] {processor.py:208} INFO - Processing /home/d-salamanca/airflow-env/lib/python3.12/site-packages/airflow/example_dags/example_short_circuit_operator.py took 0.156 seconds
[2024-09-29T08:58:09.170-0500] {processor.py:186} INFO - Started process (PID=32209) to work on /home/d-salamanca/airflow-env/lib/python3.12/site-packages/airflow/example_dags/example_short_circuit_operator.py
[2024-09-29T08:58:09.175-0500] {processor.py:914} INFO - Processing file /home/d-salamanca/airflow-env/lib/python3.12/site-packages/airflow/example_dags/example_short_circuit_operator.py for tasks to queue
[2024-09-29T08:58:09.178-0500] {logging_mixin.py:190} INFO - [2024-09-29T08:58:09.178-0500] {dagbag.py:588} INFO - Filling up the DagBag from /home/d-salamanca/airflow-env/lib/python3.12/site-packages/airflow/example_dags/example_short_circuit_operator.py
[2024-09-29T08:58:09.189-0500] {processor.py:925} INFO - DAG(s) 'example_short_circuit_operator' retrieved from /home/d-salamanca/airflow-env/lib/python3.12/site-packages/airflow/example_dags/example_short_circuit_operator.py
[2024-09-29T08:58:09.213-0500] {logging_mixin.py:190} INFO - [2024-09-29T08:58:09.212-0500] {dag.py:3239} INFO - Sync 1 DAGs
[2024-09-29T08:58:09.228-0500] {logging_mixin.py:190} INFO - [2024-09-29T08:58:09.228-0500] {dag.py:4180} INFO - Setting next_dagrun for example_short_circuit_operator to None, run_after=None
[2024-09-29T08:58:09.433-0500] {processor.py:208} INFO - Processing /home/d-salamanca/airflow-env/lib/python3.12/site-packages/airflow/example_dags/example_short_circuit_operator.py took 0.271 seconds
[2024-09-29T08:59:53.905-0500] {processor.py:186} INFO - Started process (PID=32454) to work on /home/d-salamanca/airflow-env/lib/python3.12/site-packages/airflow/example_dags/example_short_circuit_operator.py
[2024-09-29T08:59:53.936-0500] {processor.py:914} INFO - Processing file /home/d-salamanca/airflow-env/lib/python3.12/site-packages/airflow/example_dags/example_short_circuit_operator.py for tasks to queue
[2024-09-29T08:59:53.941-0500] {logging_mixin.py:190} INFO - [2024-09-29T08:59:53.940-0500] {dagbag.py:588} INFO - Filling up the DagBag from /home/d-salamanca/airflow-env/lib/python3.12/site-packages/airflow/example_dags/example_short_circuit_operator.py
[2024-09-29T08:59:53.983-0500] {processor.py:925} INFO - DAG(s) 'example_short_circuit_operator' retrieved from /home/d-salamanca/airflow-env/lib/python3.12/site-packages/airflow/example_dags/example_short_circuit_operator.py
[2024-09-29T08:59:54.004-0500] {logging_mixin.py:190} INFO - [2024-09-29T08:59:54.004-0500] {dag.py:3239} INFO - Sync 1 DAGs
[2024-09-29T08:59:54.018-0500] {logging_mixin.py:190} INFO - [2024-09-29T08:59:54.018-0500] {dag.py:4180} INFO - Setting next_dagrun for example_short_circuit_operator to None, run_after=None
[2024-09-29T08:59:54.480-0500] {processor.py:208} INFO - Processing /home/d-salamanca/airflow-env/lib/python3.12/site-packages/airflow/example_dags/example_short_circuit_operator.py took 0.587 seconds
[2024-09-29T09:00:53.846-0500] {processor.py:186} INFO - Started process (PID=32549) to work on /home/d-salamanca/airflow-env/lib/python3.12/site-packages/airflow/example_dags/example_short_circuit_operator.py
[2024-09-29T09:00:53.865-0500] {processor.py:914} INFO - Processing file /home/d-salamanca/airflow-env/lib/python3.12/site-packages/airflow/example_dags/example_short_circuit_operator.py for tasks to queue
[2024-09-29T09:00:53.870-0500] {logging_mixin.py:190} INFO - [2024-09-29T09:00:53.869-0500] {dagbag.py:588} INFO - Filling up the DagBag from /home/d-salamanca/airflow-env/lib/python3.12/site-packages/airflow/example_dags/example_short_circuit_operator.py
[2024-09-29T09:00:53.903-0500] {processor.py:925} INFO - DAG(s) 'example_short_circuit_operator' retrieved from /home/d-salamanca/airflow-env/lib/python3.12/site-packages/airflow/example_dags/example_short_circuit_operator.py
[2024-09-29T09:00:53.926-0500] {logging_mixin.py:190} INFO - [2024-09-29T09:00:53.926-0500] {dag.py:3239} INFO - Sync 1 DAGs
[2024-09-29T09:00:53.940-0500] {logging_mixin.py:190} INFO - [2024-09-29T09:00:53.940-0500] {dag.py:4180} INFO - Setting next_dagrun for example_short_circuit_operator to None, run_after=None
[2024-09-29T09:00:53.996-0500] {processor.py:208} INFO - Processing /home/d-salamanca/airflow-env/lib/python3.12/site-packages/airflow/example_dags/example_short_circuit_operator.py took 0.159 seconds
[2024-09-29T09:01:46.843-0500] {processor.py:186} INFO - Started process (PID=32588) to work on /home/d-salamanca/airflow-env/lib/python3.12/site-packages/airflow/example_dags/example_short_circuit_operator.py
[2024-09-29T09:01:46.845-0500] {processor.py:914} INFO - Processing file /home/d-salamanca/airflow-env/lib/python3.12/site-packages/airflow/example_dags/example_short_circuit_operator.py for tasks to queue
[2024-09-29T09:01:46.848-0500] {logging_mixin.py:190} INFO - [2024-09-29T09:01:46.847-0500] {dagbag.py:588} INFO - Filling up the DagBag from /home/d-salamanca/airflow-env/lib/python3.12/site-packages/airflow/example_dags/example_short_circuit_operator.py
[2024-09-29T09:01:46.860-0500] {processor.py:925} INFO - DAG(s) 'example_short_circuit_operator' retrieved from /home/d-salamanca/airflow-env/lib/python3.12/site-packages/airflow/example_dags/example_short_circuit_operator.py
[2024-09-29T09:01:46.885-0500] {logging_mixin.py:190} INFO - [2024-09-29T09:01:46.884-0500] {dag.py:3239} INFO - Sync 1 DAGs
[2024-09-29T09:01:46.899-0500] {logging_mixin.py:190} INFO - [2024-09-29T09:01:46.899-0500] {dag.py:4180} INFO - Setting next_dagrun for example_short_circuit_operator to None, run_after=None
[2024-09-29T09:01:46.924-0500] {processor.py:208} INFO - Processing /home/d-salamanca/airflow-env/lib/python3.12/site-packages/airflow/example_dags/example_short_circuit_operator.py took 0.088 seconds
[2024-09-29T09:03:12.658-0500] {processor.py:186} INFO - Started process (PID=32657) to work on /home/d-salamanca/airflow-env/lib/python3.12/site-packages/airflow/example_dags/example_short_circuit_operator.py
[2024-09-29T09:03:12.659-0500] {processor.py:914} INFO - Processing file /home/d-salamanca/airflow-env/lib/python3.12/site-packages/airflow/example_dags/example_short_circuit_operator.py for tasks to queue
[2024-09-29T09:03:12.661-0500] {logging_mixin.py:190} INFO - [2024-09-29T09:03:12.661-0500] {dagbag.py:588} INFO - Filling up the DagBag from /home/d-salamanca/airflow-env/lib/python3.12/site-packages/airflow/example_dags/example_short_circuit_operator.py
[2024-09-29T09:03:12.672-0500] {processor.py:925} INFO - DAG(s) 'example_short_circuit_operator' retrieved from /home/d-salamanca/airflow-env/lib/python3.12/site-packages/airflow/example_dags/example_short_circuit_operator.py
[2024-09-29T09:03:12.699-0500] {logging_mixin.py:190} INFO - [2024-09-29T09:03:12.699-0500] {dag.py:3239} INFO - Sync 1 DAGs
[2024-09-29T09:03:12.714-0500] {logging_mixin.py:190} INFO - [2024-09-29T09:03:12.714-0500] {dag.py:4180} INFO - Setting next_dagrun for example_short_circuit_operator to None, run_after=None
[2024-09-29T09:03:12.740-0500] {processor.py:208} INFO - Processing /home/d-salamanca/airflow-env/lib/python3.12/site-packages/airflow/example_dags/example_short_circuit_operator.py took 0.089 seconds
[2024-09-29T09:04:53.220-0500] {processor.py:186} INFO - Started process (PID=32864) to work on /home/d-salamanca/airflow-env/lib/python3.12/site-packages/airflow/example_dags/example_short_circuit_operator.py
[2024-09-29T09:04:53.236-0500] {processor.py:914} INFO - Processing file /home/d-salamanca/airflow-env/lib/python3.12/site-packages/airflow/example_dags/example_short_circuit_operator.py for tasks to queue
[2024-09-29T09:04:53.240-0500] {logging_mixin.py:190} INFO - [2024-09-29T09:04:53.239-0500] {dagbag.py:588} INFO - Filling up the DagBag from /home/d-salamanca/airflow-env/lib/python3.12/site-packages/airflow/example_dags/example_short_circuit_operator.py
[2024-09-29T09:04:53.253-0500] {processor.py:925} INFO - DAG(s) 'example_short_circuit_operator' retrieved from /home/d-salamanca/airflow-env/lib/python3.12/site-packages/airflow/example_dags/example_short_circuit_operator.py
[2024-09-29T09:04:53.294-0500] {logging_mixin.py:190} INFO - [2024-09-29T09:04:53.293-0500] {dag.py:3239} INFO - Sync 1 DAGs
[2024-09-29T09:04:53.389-0500] {logging_mixin.py:190} INFO - [2024-09-29T09:04:53.389-0500] {dag.py:4180} INFO - Setting next_dagrun for example_short_circuit_operator to None, run_after=None
[2024-09-29T09:04:53.582-0500] {processor.py:208} INFO - Processing /home/d-salamanca/airflow-env/lib/python3.12/site-packages/airflow/example_dags/example_short_circuit_operator.py took 0.370 seconds
[2024-09-29T09:06:03.628-0500] {processor.py:186} INFO - Started process (PID=33050) to work on /home/d-salamanca/airflow-env/lib/python3.12/site-packages/airflow/example_dags/example_short_circuit_operator.py
[2024-09-29T09:06:03.656-0500] {processor.py:914} INFO - Processing file /home/d-salamanca/airflow-env/lib/python3.12/site-packages/airflow/example_dags/example_short_circuit_operator.py for tasks to queue
[2024-09-29T09:06:03.663-0500] {logging_mixin.py:190} INFO - [2024-09-29T09:06:03.662-0500] {dagbag.py:588} INFO - Filling up the DagBag from /home/d-salamanca/airflow-env/lib/python3.12/site-packages/airflow/example_dags/example_short_circuit_operator.py
[2024-09-29T09:06:03.794-0500] {processor.py:925} INFO - DAG(s) 'example_short_circuit_operator' retrieved from /home/d-salamanca/airflow-env/lib/python3.12/site-packages/airflow/example_dags/example_short_circuit_operator.py
[2024-09-29T09:06:03.816-0500] {logging_mixin.py:190} INFO - [2024-09-29T09:06:03.816-0500] {dag.py:3239} INFO - Sync 1 DAGs
[2024-09-29T09:06:03.831-0500] {logging_mixin.py:190} INFO - [2024-09-29T09:06:03.830-0500] {dag.py:4180} INFO - Setting next_dagrun for example_short_circuit_operator to None, run_after=None
[2024-09-29T09:06:03.972-0500] {processor.py:208} INFO - Processing /home/d-salamanca/airflow-env/lib/python3.12/site-packages/airflow/example_dags/example_short_circuit_operator.py took 0.353 seconds
[2024-09-29T09:07:07.067-0500] {processor.py:186} INFO - Started process (PID=33091) to work on /home/d-salamanca/airflow-env/lib/python3.12/site-packages/airflow/example_dags/example_short_circuit_operator.py
[2024-09-29T09:07:07.068-0500] {processor.py:914} INFO - Processing file /home/d-salamanca/airflow-env/lib/python3.12/site-packages/airflow/example_dags/example_short_circuit_operator.py for tasks to queue
[2024-09-29T09:07:07.072-0500] {logging_mixin.py:190} INFO - [2024-09-29T09:07:07.072-0500] {dagbag.py:588} INFO - Filling up the DagBag from /home/d-salamanca/airflow-env/lib/python3.12/site-packages/airflow/example_dags/example_short_circuit_operator.py
[2024-09-29T09:07:07.083-0500] {processor.py:925} INFO - DAG(s) 'example_short_circuit_operator' retrieved from /home/d-salamanca/airflow-env/lib/python3.12/site-packages/airflow/example_dags/example_short_circuit_operator.py
[2024-09-29T09:07:07.107-0500] {logging_mixin.py:190} INFO - [2024-09-29T09:07:07.106-0500] {dag.py:3239} INFO - Sync 1 DAGs
[2024-09-29T09:07:07.124-0500] {logging_mixin.py:190} INFO - [2024-09-29T09:07:07.124-0500] {dag.py:4180} INFO - Setting next_dagrun for example_short_circuit_operator to None, run_after=None
[2024-09-29T09:07:07.156-0500] {processor.py:208} INFO - Processing /home/d-salamanca/airflow-env/lib/python3.12/site-packages/airflow/example_dags/example_short_circuit_operator.py took 0.096 seconds
[2024-09-29T09:08:17.508-0500] {processor.py:186} INFO - Started process (PID=33158) to work on /home/d-salamanca/airflow-env/lib/python3.12/site-packages/airflow/example_dags/example_short_circuit_operator.py
[2024-09-29T09:08:17.518-0500] {processor.py:914} INFO - Processing file /home/d-salamanca/airflow-env/lib/python3.12/site-packages/airflow/example_dags/example_short_circuit_operator.py for tasks to queue
[2024-09-29T09:08:17.522-0500] {logging_mixin.py:190} INFO - [2024-09-29T09:08:17.521-0500] {dagbag.py:588} INFO - Filling up the DagBag from /home/d-salamanca/airflow-env/lib/python3.12/site-packages/airflow/example_dags/example_short_circuit_operator.py
[2024-09-29T09:08:17.544-0500] {processor.py:925} INFO - DAG(s) 'example_short_circuit_operator' retrieved from /home/d-salamanca/airflow-env/lib/python3.12/site-packages/airflow/example_dags/example_short_circuit_operator.py
[2024-09-29T09:08:17.566-0500] {logging_mixin.py:190} INFO - [2024-09-29T09:08:17.566-0500] {dag.py:3239} INFO - Sync 1 DAGs
[2024-09-29T09:08:17.580-0500] {logging_mixin.py:190} INFO - [2024-09-29T09:08:17.580-0500] {dag.py:4180} INFO - Setting next_dagrun for example_short_circuit_operator to None, run_after=None
[2024-09-29T09:08:17.640-0500] {processor.py:208} INFO - Processing /home/d-salamanca/airflow-env/lib/python3.12/site-packages/airflow/example_dags/example_short_circuit_operator.py took 0.139 seconds
