[2024-09-29T00:19:40.488-0500] {processor.py:186} INFO - Started process (PID=28639) to work on /home/d-salamanca/airflow-env/lib/python3.12/site-packages/airflow/example_dags/example_dynamic_task_mapping.py
[2024-09-29T00:19:40.489-0500] {processor.py:914} INFO - Processing file /home/d-salamanca/airflow-env/lib/python3.12/site-packages/airflow/example_dags/example_dynamic_task_mapping.py for tasks to queue
[2024-09-29T00:19:40.491-0500] {logging_mixin.py:190} INFO - [2024-09-29T00:19:40.491-0500] {dagbag.py:588} INFO - Filling up the DagBag from /home/d-salamanca/airflow-env/lib/python3.12/site-packages/airflow/example_dags/example_dynamic_task_mapping.py
[2024-09-29T00:19:40.528-0500] {processor.py:925} INFO - DAG(s) 'example_dynamic_task_mapping' retrieved from /home/d-salamanca/airflow-env/lib/python3.12/site-packages/airflow/example_dags/example_dynamic_task_mapping.py
[2024-09-29T00:19:40.678-0500] {logging_mixin.py:190} INFO - [2024-09-29T00:19:40.676-0500] {override.py:1901} INFO - Created Permission View: can edit on DAG:example_dynamic_task_mapping
[2024-09-29T00:19:40.719-0500] {logging_mixin.py:190} INFO - [2024-09-29T00:19:40.717-0500] {override.py:1901} INFO - Created Permission View: can read on DAG:example_dynamic_task_mapping
[2024-09-29T00:19:40.769-0500] {logging_mixin.py:190} INFO - [2024-09-29T00:19:40.769-0500] {override.py:1901} INFO - Created Permission View: can delete on DAG:example_dynamic_task_mapping
[2024-09-29T00:19:40.804-0500] {logging_mixin.py:190} INFO - [2024-09-29T00:19:40.803-0500] {override.py:1901} INFO - Created Permission View: can create on DAG Run:example_dynamic_task_mapping
[2024-09-29T00:19:40.817-0500] {logging_mixin.py:190} INFO - [2024-09-29T00:19:40.817-0500] {override.py:1901} INFO - Created Permission View: can read on DAG Run:example_dynamic_task_mapping
[2024-09-29T00:19:40.826-0500] {logging_mixin.py:190} INFO - [2024-09-29T00:19:40.826-0500] {override.py:1901} INFO - Created Permission View: can delete on DAG Run:example_dynamic_task_mapping
[2024-09-29T00:19:40.836-0500] {logging_mixin.py:190} INFO - [2024-09-29T00:19:40.835-0500] {override.py:1901} INFO - Created Permission View: menu access on DAG Run:example_dynamic_task_mapping
[2024-09-29T00:19:40.836-0500] {logging_mixin.py:190} INFO - [2024-09-29T00:19:40.836-0500] {dag.py:3239} INFO - Sync 1 DAGs
[2024-09-29T00:19:40.849-0500] {logging_mixin.py:190} INFO - [2024-09-29T00:19:40.848-0500] {dag.py:3262} INFO - Creating ORM DAG for example_dynamic_task_mapping
[2024-09-29T00:19:40.849-0500] {logging_mixin.py:190} INFO - [2024-09-29T00:19:40.849-0500] {dag.py:4180} INFO - Setting next_dagrun for example_dynamic_task_mapping to None, run_after=None
[2024-09-29T00:19:40.909-0500] {processor.py:208} INFO - Processing /home/d-salamanca/airflow-env/lib/python3.12/site-packages/airflow/example_dags/example_dynamic_task_mapping.py took 0.429 seconds
[2024-09-29T00:21:22.312-0500] {processor.py:186} INFO - Started process (PID=28732) to work on /home/d-salamanca/airflow-env/lib/python3.12/site-packages/airflow/example_dags/example_dynamic_task_mapping.py
[2024-09-29T00:21:22.335-0500] {processor.py:914} INFO - Processing file /home/d-salamanca/airflow-env/lib/python3.12/site-packages/airflow/example_dags/example_dynamic_task_mapping.py for tasks to queue
[2024-09-29T00:21:22.340-0500] {logging_mixin.py:190} INFO - [2024-09-29T00:21:22.339-0500] {dagbag.py:588} INFO - Filling up the DagBag from /home/d-salamanca/airflow-env/lib/python3.12/site-packages/airflow/example_dags/example_dynamic_task_mapping.py
[2024-09-29T00:21:22.353-0500] {processor.py:925} INFO - DAG(s) 'example_dynamic_task_mapping' retrieved from /home/d-salamanca/airflow-env/lib/python3.12/site-packages/airflow/example_dags/example_dynamic_task_mapping.py
[2024-09-29T00:21:22.379-0500] {logging_mixin.py:190} INFO - [2024-09-29T00:21:22.378-0500] {dag.py:3239} INFO - Sync 1 DAGs
[2024-09-29T00:21:22.397-0500] {logging_mixin.py:190} INFO - [2024-09-29T00:21:22.396-0500] {dag.py:4180} INFO - Setting next_dagrun for example_dynamic_task_mapping to None, run_after=None
[2024-09-29T00:21:22.456-0500] {processor.py:208} INFO - Processing /home/d-salamanca/airflow-env/lib/python3.12/site-packages/airflow/example_dags/example_dynamic_task_mapping.py took 0.155 seconds
[2024-09-29T00:23:03.868-0500] {processor.py:186} INFO - Started process (PID=28807) to work on /home/d-salamanca/airflow-env/lib/python3.12/site-packages/airflow/example_dags/example_dynamic_task_mapping.py
[2024-09-29T00:23:03.901-0500] {processor.py:914} INFO - Processing file /home/d-salamanca/airflow-env/lib/python3.12/site-packages/airflow/example_dags/example_dynamic_task_mapping.py for tasks to queue
[2024-09-29T00:23:03.907-0500] {logging_mixin.py:190} INFO - [2024-09-29T00:23:03.906-0500] {dagbag.py:588} INFO - Filling up the DagBag from /home/d-salamanca/airflow-env/lib/python3.12/site-packages/airflow/example_dags/example_dynamic_task_mapping.py
[2024-09-29T00:23:03.921-0500] {processor.py:925} INFO - DAG(s) 'example_dynamic_task_mapping' retrieved from /home/d-salamanca/airflow-env/lib/python3.12/site-packages/airflow/example_dags/example_dynamic_task_mapping.py
[2024-09-29T00:23:03.941-0500] {logging_mixin.py:190} INFO - [2024-09-29T00:23:03.940-0500] {dag.py:3239} INFO - Sync 1 DAGs
[2024-09-29T00:23:03.957-0500] {logging_mixin.py:190} INFO - [2024-09-29T00:23:03.957-0500] {dag.py:4180} INFO - Setting next_dagrun for example_dynamic_task_mapping to None, run_after=None
[2024-09-29T00:23:03.991-0500] {processor.py:208} INFO - Processing /home/d-salamanca/airflow-env/lib/python3.12/site-packages/airflow/example_dags/example_dynamic_task_mapping.py took 0.132 seconds
[2024-09-29T00:24:31.470-0500] {processor.py:186} INFO - Started process (PID=28879) to work on /home/d-salamanca/airflow-env/lib/python3.12/site-packages/airflow/example_dags/example_dynamic_task_mapping.py
[2024-09-29T00:24:31.480-0500] {processor.py:914} INFO - Processing file /home/d-salamanca/airflow-env/lib/python3.12/site-packages/airflow/example_dags/example_dynamic_task_mapping.py for tasks to queue
[2024-09-29T00:24:31.483-0500] {logging_mixin.py:190} INFO - [2024-09-29T00:24:31.483-0500] {dagbag.py:588} INFO - Filling up the DagBag from /home/d-salamanca/airflow-env/lib/python3.12/site-packages/airflow/example_dags/example_dynamic_task_mapping.py
[2024-09-29T00:24:31.494-0500] {processor.py:925} INFO - DAG(s) 'example_dynamic_task_mapping' retrieved from /home/d-salamanca/airflow-env/lib/python3.12/site-packages/airflow/example_dags/example_dynamic_task_mapping.py
[2024-09-29T00:24:31.512-0500] {logging_mixin.py:190} INFO - [2024-09-29T00:24:31.511-0500] {dag.py:3239} INFO - Sync 1 DAGs
[2024-09-29T00:24:31.525-0500] {logging_mixin.py:190} INFO - [2024-09-29T00:24:31.525-0500] {dag.py:4180} INFO - Setting next_dagrun for example_dynamic_task_mapping to None, run_after=None
[2024-09-29T00:24:31.566-0500] {processor.py:208} INFO - Processing /home/d-salamanca/airflow-env/lib/python3.12/site-packages/airflow/example_dags/example_dynamic_task_mapping.py took 0.104 seconds
[2024-09-29T00:26:02.940-0500] {processor.py:186} INFO - Started process (PID=28952) to work on /home/d-salamanca/airflow-env/lib/python3.12/site-packages/airflow/example_dags/example_dynamic_task_mapping.py
[2024-09-29T00:26:02.941-0500] {processor.py:914} INFO - Processing file /home/d-salamanca/airflow-env/lib/python3.12/site-packages/airflow/example_dags/example_dynamic_task_mapping.py for tasks to queue
[2024-09-29T00:26:02.944-0500] {logging_mixin.py:190} INFO - [2024-09-29T00:26:02.943-0500] {dagbag.py:588} INFO - Filling up the DagBag from /home/d-salamanca/airflow-env/lib/python3.12/site-packages/airflow/example_dags/example_dynamic_task_mapping.py
[2024-09-29T00:26:02.954-0500] {processor.py:925} INFO - DAG(s) 'example_dynamic_task_mapping' retrieved from /home/d-salamanca/airflow-env/lib/python3.12/site-packages/airflow/example_dags/example_dynamic_task_mapping.py
[2024-09-29T00:26:03.102-0500] {logging_mixin.py:190} INFO - [2024-09-29T00:26:03.102-0500] {dag.py:3239} INFO - Sync 1 DAGs
[2024-09-29T00:26:03.113-0500] {logging_mixin.py:190} INFO - [2024-09-29T00:26:03.113-0500] {dag.py:4180} INFO - Setting next_dagrun for example_dynamic_task_mapping to None, run_after=None
[2024-09-29T00:26:03.134-0500] {processor.py:208} INFO - Processing /home/d-salamanca/airflow-env/lib/python3.12/site-packages/airflow/example_dags/example_dynamic_task_mapping.py took 0.202 seconds
[2024-09-29T00:27:30.496-0500] {processor.py:186} INFO - Started process (PID=29091) to work on /home/d-salamanca/airflow-env/lib/python3.12/site-packages/airflow/example_dags/example_dynamic_task_mapping.py
[2024-09-29T00:27:30.538-0500] {processor.py:914} INFO - Processing file /home/d-salamanca/airflow-env/lib/python3.12/site-packages/airflow/example_dags/example_dynamic_task_mapping.py for tasks to queue
[2024-09-29T00:27:30.543-0500] {logging_mixin.py:190} INFO - [2024-09-29T00:27:30.542-0500] {dagbag.py:588} INFO - Filling up the DagBag from /home/d-salamanca/airflow-env/lib/python3.12/site-packages/airflow/example_dags/example_dynamic_task_mapping.py
[2024-09-29T00:27:30.557-0500] {processor.py:925} INFO - DAG(s) 'example_dynamic_task_mapping' retrieved from /home/d-salamanca/airflow-env/lib/python3.12/site-packages/airflow/example_dags/example_dynamic_task_mapping.py
[2024-09-29T00:27:30.581-0500] {logging_mixin.py:190} INFO - [2024-09-29T00:27:30.580-0500] {dag.py:3239} INFO - Sync 1 DAGs
[2024-09-29T00:27:30.603-0500] {logging_mixin.py:190} INFO - [2024-09-29T00:27:30.603-0500] {dag.py:4180} INFO - Setting next_dagrun for example_dynamic_task_mapping to None, run_after=None
[2024-09-29T00:27:31.188-0500] {processor.py:208} INFO - Processing /home/d-salamanca/airflow-env/lib/python3.12/site-packages/airflow/example_dags/example_dynamic_task_mapping.py took 0.699 seconds
[2024-09-29T00:29:34.916-0500] {processor.py:186} INFO - Started process (PID=29243) to work on /home/d-salamanca/airflow-env/lib/python3.12/site-packages/airflow/example_dags/example_dynamic_task_mapping.py
[2024-09-29T00:29:34.983-0500] {processor.py:914} INFO - Processing file /home/d-salamanca/airflow-env/lib/python3.12/site-packages/airflow/example_dags/example_dynamic_task_mapping.py for tasks to queue
[2024-09-29T00:29:34.990-0500] {logging_mixin.py:190} INFO - [2024-09-29T00:29:34.989-0500] {dagbag.py:588} INFO - Filling up the DagBag from /home/d-salamanca/airflow-env/lib/python3.12/site-packages/airflow/example_dags/example_dynamic_task_mapping.py
[2024-09-29T00:29:35.240-0500] {processor.py:925} INFO - DAG(s) 'example_dynamic_task_mapping' retrieved from /home/d-salamanca/airflow-env/lib/python3.12/site-packages/airflow/example_dags/example_dynamic_task_mapping.py
[2024-09-29T00:29:35.309-0500] {logging_mixin.py:190} INFO - [2024-09-29T00:29:35.309-0500] {dag.py:3239} INFO - Sync 1 DAGs
[2024-09-29T00:29:35.651-0500] {logging_mixin.py:190} INFO - [2024-09-29T00:29:35.650-0500] {dag.py:4180} INFO - Setting next_dagrun for example_dynamic_task_mapping to None, run_after=None
[2024-09-29T00:29:36.035-0500] {processor.py:208} INFO - Processing /home/d-salamanca/airflow-env/lib/python3.12/site-packages/airflow/example_dags/example_dynamic_task_mapping.py took 1.322 seconds
[2024-09-29T00:31:22.267-0500] {processor.py:186} INFO - Started process (PID=29311) to work on /home/d-salamanca/airflow-env/lib/python3.12/site-packages/airflow/example_dags/example_dynamic_task_mapping.py
[2024-09-29T00:31:22.287-0500] {processor.py:914} INFO - Processing file /home/d-salamanca/airflow-env/lib/python3.12/site-packages/airflow/example_dags/example_dynamic_task_mapping.py for tasks to queue
[2024-09-29T00:31:22.292-0500] {logging_mixin.py:190} INFO - [2024-09-29T00:31:22.291-0500] {dagbag.py:588} INFO - Filling up the DagBag from /home/d-salamanca/airflow-env/lib/python3.12/site-packages/airflow/example_dags/example_dynamic_task_mapping.py
[2024-09-29T00:31:22.324-0500] {processor.py:925} INFO - DAG(s) 'example_dynamic_task_mapping' retrieved from /home/d-salamanca/airflow-env/lib/python3.12/site-packages/airflow/example_dags/example_dynamic_task_mapping.py
[2024-09-29T00:31:22.343-0500] {logging_mixin.py:190} INFO - [2024-09-29T00:31:22.342-0500] {dag.py:3239} INFO - Sync 1 DAGs
[2024-09-29T00:31:22.358-0500] {logging_mixin.py:190} INFO - [2024-09-29T00:31:22.357-0500] {dag.py:4180} INFO - Setting next_dagrun for example_dynamic_task_mapping to None, run_after=None
[2024-09-29T00:31:22.425-0500] {processor.py:208} INFO - Processing /home/d-salamanca/airflow-env/lib/python3.12/site-packages/airflow/example_dags/example_dynamic_task_mapping.py took 0.165 seconds
[2024-09-29T00:32:50.989-0500] {processor.py:186} INFO - Started process (PID=29385) to work on /home/d-salamanca/airflow-env/lib/python3.12/site-packages/airflow/example_dags/example_dynamic_task_mapping.py
[2024-09-29T00:32:50.991-0500] {processor.py:914} INFO - Processing file /home/d-salamanca/airflow-env/lib/python3.12/site-packages/airflow/example_dags/example_dynamic_task_mapping.py for tasks to queue
[2024-09-29T00:32:50.995-0500] {logging_mixin.py:190} INFO - [2024-09-29T00:32:50.995-0500] {dagbag.py:588} INFO - Filling up the DagBag from /home/d-salamanca/airflow-env/lib/python3.12/site-packages/airflow/example_dags/example_dynamic_task_mapping.py
[2024-09-29T00:32:51.008-0500] {processor.py:925} INFO - DAG(s) 'example_dynamic_task_mapping' retrieved from /home/d-salamanca/airflow-env/lib/python3.12/site-packages/airflow/example_dags/example_dynamic_task_mapping.py
[2024-09-29T00:32:51.029-0500] {logging_mixin.py:190} INFO - [2024-09-29T00:32:51.029-0500] {dag.py:3239} INFO - Sync 1 DAGs
[2024-09-29T00:32:51.044-0500] {logging_mixin.py:190} INFO - [2024-09-29T00:32:51.043-0500] {dag.py:4180} INFO - Setting next_dagrun for example_dynamic_task_mapping to None, run_after=None
[2024-09-29T00:32:51.081-0500] {processor.py:208} INFO - Processing /home/d-salamanca/airflow-env/lib/python3.12/site-packages/airflow/example_dags/example_dynamic_task_mapping.py took 0.099 seconds
[2024-09-29T00:34:19.661-0500] {processor.py:186} INFO - Started process (PID=29494) to work on /home/d-salamanca/airflow-env/lib/python3.12/site-packages/airflow/example_dags/example_dynamic_task_mapping.py
[2024-09-29T00:34:19.662-0500] {processor.py:914} INFO - Processing file /home/d-salamanca/airflow-env/lib/python3.12/site-packages/airflow/example_dags/example_dynamic_task_mapping.py for tasks to queue
[2024-09-29T00:34:19.665-0500] {logging_mixin.py:190} INFO - [2024-09-29T00:34:19.664-0500] {dagbag.py:588} INFO - Filling up the DagBag from /home/d-salamanca/airflow-env/lib/python3.12/site-packages/airflow/example_dags/example_dynamic_task_mapping.py
[2024-09-29T00:34:19.684-0500] {processor.py:925} INFO - DAG(s) 'example_dynamic_task_mapping' retrieved from /home/d-salamanca/airflow-env/lib/python3.12/site-packages/airflow/example_dags/example_dynamic_task_mapping.py
[2024-09-29T00:34:19.729-0500] {logging_mixin.py:190} INFO - [2024-09-29T00:34:19.729-0500] {dag.py:3239} INFO - Sync 1 DAGs
[2024-09-29T00:34:19.743-0500] {logging_mixin.py:190} INFO - [2024-09-29T00:34:19.743-0500] {dag.py:4180} INFO - Setting next_dagrun for example_dynamic_task_mapping to None, run_after=None
[2024-09-29T00:34:19.795-0500] {processor.py:208} INFO - Processing /home/d-salamanca/airflow-env/lib/python3.12/site-packages/airflow/example_dags/example_dynamic_task_mapping.py took 0.141 seconds
[2024-09-29T08:20:50.836-0500] {processor.py:186} INFO - Started process (PID=29791) to work on /home/d-salamanca/airflow-env/lib/python3.12/site-packages/airflow/example_dags/example_dynamic_task_mapping.py
[2024-09-29T08:20:50.837-0500] {processor.py:914} INFO - Processing file /home/d-salamanca/airflow-env/lib/python3.12/site-packages/airflow/example_dags/example_dynamic_task_mapping.py for tasks to queue
[2024-09-29T08:20:50.840-0500] {logging_mixin.py:190} INFO - [2024-09-29T08:20:50.839-0500] {dagbag.py:588} INFO - Filling up the DagBag from /home/d-salamanca/airflow-env/lib/python3.12/site-packages/airflow/example_dags/example_dynamic_task_mapping.py
[2024-09-29T08:20:50.942-0500] {processor.py:925} INFO - DAG(s) 'example_dynamic_task_mapping' retrieved from /home/d-salamanca/airflow-env/lib/python3.12/site-packages/airflow/example_dags/example_dynamic_task_mapping.py
[2024-09-29T08:20:50.961-0500] {logging_mixin.py:190} INFO - [2024-09-29T08:20:50.960-0500] {dag.py:3239} INFO - Sync 1 DAGs
[2024-09-29T08:20:50.976-0500] {logging_mixin.py:190} INFO - [2024-09-29T08:20:50.976-0500] {dag.py:4180} INFO - Setting next_dagrun for example_dynamic_task_mapping to None, run_after=None
[2024-09-29T08:20:51.318-0500] {processor.py:208} INFO - Processing /home/d-salamanca/airflow-env/lib/python3.12/site-packages/airflow/example_dags/example_dynamic_task_mapping.py took 0.493 seconds
[2024-09-29T08:22:54.576-0500] {processor.py:186} INFO - Started process (PID=29899) to work on /home/d-salamanca/airflow-env/lib/python3.12/site-packages/airflow/example_dags/example_dynamic_task_mapping.py
[2024-09-29T08:22:54.596-0500] {processor.py:914} INFO - Processing file /home/d-salamanca/airflow-env/lib/python3.12/site-packages/airflow/example_dags/example_dynamic_task_mapping.py for tasks to queue
[2024-09-29T08:22:54.601-0500] {logging_mixin.py:190} INFO - [2024-09-29T08:22:54.600-0500] {dagbag.py:588} INFO - Filling up the DagBag from /home/d-salamanca/airflow-env/lib/python3.12/site-packages/airflow/example_dags/example_dynamic_task_mapping.py
[2024-09-29T08:22:54.635-0500] {processor.py:925} INFO - DAG(s) 'example_dynamic_task_mapping' retrieved from /home/d-salamanca/airflow-env/lib/python3.12/site-packages/airflow/example_dags/example_dynamic_task_mapping.py
[2024-09-29T08:22:54.655-0500] {logging_mixin.py:190} INFO - [2024-09-29T08:22:54.655-0500] {dag.py:3239} INFO - Sync 1 DAGs
[2024-09-29T08:22:54.670-0500] {logging_mixin.py:190} INFO - [2024-09-29T08:22:54.670-0500] {dag.py:4180} INFO - Setting next_dagrun for example_dynamic_task_mapping to None, run_after=None
[2024-09-29T08:22:54.699-0500] {processor.py:208} INFO - Processing /home/d-salamanca/airflow-env/lib/python3.12/site-packages/airflow/example_dags/example_dynamic_task_mapping.py took 0.130 seconds
[2024-09-29T08:24:24.415-0500] {processor.py:186} INFO - Started process (PID=29974) to work on /home/d-salamanca/airflow-env/lib/python3.12/site-packages/airflow/example_dags/example_dynamic_task_mapping.py
[2024-09-29T08:24:24.428-0500] {processor.py:914} INFO - Processing file /home/d-salamanca/airflow-env/lib/python3.12/site-packages/airflow/example_dags/example_dynamic_task_mapping.py for tasks to queue
[2024-09-29T08:24:24.431-0500] {logging_mixin.py:190} INFO - [2024-09-29T08:24:24.430-0500] {dagbag.py:588} INFO - Filling up the DagBag from /home/d-salamanca/airflow-env/lib/python3.12/site-packages/airflow/example_dags/example_dynamic_task_mapping.py
[2024-09-29T08:24:24.443-0500] {processor.py:925} INFO - DAG(s) 'example_dynamic_task_mapping' retrieved from /home/d-salamanca/airflow-env/lib/python3.12/site-packages/airflow/example_dags/example_dynamic_task_mapping.py
[2024-09-29T08:24:24.462-0500] {logging_mixin.py:190} INFO - [2024-09-29T08:24:24.462-0500] {dag.py:3239} INFO - Sync 1 DAGs
[2024-09-29T08:24:24.477-0500] {logging_mixin.py:190} INFO - [2024-09-29T08:24:24.477-0500] {dag.py:4180} INFO - Setting next_dagrun for example_dynamic_task_mapping to None, run_after=None
[2024-09-29T08:24:24.546-0500] {processor.py:208} INFO - Processing /home/d-salamanca/airflow-env/lib/python3.12/site-packages/airflow/example_dags/example_dynamic_task_mapping.py took 0.139 seconds
[2024-09-29T08:25:48.607-0500] {processor.py:186} INFO - Started process (PID=30078) to work on /home/d-salamanca/airflow-env/lib/python3.12/site-packages/airflow/example_dags/example_dynamic_task_mapping.py
[2024-09-29T08:25:48.659-0500] {processor.py:914} INFO - Processing file /home/d-salamanca/airflow-env/lib/python3.12/site-packages/airflow/example_dags/example_dynamic_task_mapping.py for tasks to queue
[2024-09-29T08:25:48.666-0500] {logging_mixin.py:190} INFO - [2024-09-29T08:25:48.664-0500] {dagbag.py:588} INFO - Filling up the DagBag from /home/d-salamanca/airflow-env/lib/python3.12/site-packages/airflow/example_dags/example_dynamic_task_mapping.py
[2024-09-29T08:25:48.729-0500] {processor.py:925} INFO - DAG(s) 'example_dynamic_task_mapping' retrieved from /home/d-salamanca/airflow-env/lib/python3.12/site-packages/airflow/example_dags/example_dynamic_task_mapping.py
[2024-09-29T08:25:48.747-0500] {logging_mixin.py:190} INFO - [2024-09-29T08:25:48.747-0500] {dag.py:3239} INFO - Sync 1 DAGs
[2024-09-29T08:25:48.762-0500] {logging_mixin.py:190} INFO - [2024-09-29T08:25:48.761-0500] {dag.py:4180} INFO - Setting next_dagrun for example_dynamic_task_mapping to None, run_after=None
[2024-09-29T08:25:48.835-0500] {processor.py:208} INFO - Processing /home/d-salamanca/airflow-env/lib/python3.12/site-packages/airflow/example_dags/example_dynamic_task_mapping.py took 0.238 seconds
[2024-09-29T08:27:12.369-0500] {processor.py:186} INFO - Started process (PID=30147) to work on /home/d-salamanca/airflow-env/lib/python3.12/site-packages/airflow/example_dags/example_dynamic_task_mapping.py
[2024-09-29T08:27:12.371-0500] {processor.py:914} INFO - Processing file /home/d-salamanca/airflow-env/lib/python3.12/site-packages/airflow/example_dags/example_dynamic_task_mapping.py for tasks to queue
[2024-09-29T08:27:12.373-0500] {logging_mixin.py:190} INFO - [2024-09-29T08:27:12.373-0500] {dagbag.py:588} INFO - Filling up the DagBag from /home/d-salamanca/airflow-env/lib/python3.12/site-packages/airflow/example_dags/example_dynamic_task_mapping.py
[2024-09-29T08:27:12.384-0500] {processor.py:925} INFO - DAG(s) 'example_dynamic_task_mapping' retrieved from /home/d-salamanca/airflow-env/lib/python3.12/site-packages/airflow/example_dags/example_dynamic_task_mapping.py
[2024-09-29T08:27:12.402-0500] {logging_mixin.py:190} INFO - [2024-09-29T08:27:12.402-0500] {dag.py:3239} INFO - Sync 1 DAGs
[2024-09-29T08:27:12.416-0500] {logging_mixin.py:190} INFO - [2024-09-29T08:27:12.416-0500] {dag.py:4180} INFO - Setting next_dagrun for example_dynamic_task_mapping to None, run_after=None
[2024-09-29T08:27:13.194-0500] {processor.py:208} INFO - Processing /home/d-salamanca/airflow-env/lib/python3.12/site-packages/airflow/example_dags/example_dynamic_task_mapping.py took 0.832 seconds
[2024-09-29T08:28:26.596-0500] {processor.py:186} INFO - Started process (PID=30214) to work on /home/d-salamanca/airflow-env/lib/python3.12/site-packages/airflow/example_dags/example_dynamic_task_mapping.py
[2024-09-29T08:28:26.598-0500] {processor.py:914} INFO - Processing file /home/d-salamanca/airflow-env/lib/python3.12/site-packages/airflow/example_dags/example_dynamic_task_mapping.py for tasks to queue
[2024-09-29T08:28:26.601-0500] {logging_mixin.py:190} INFO - [2024-09-29T08:28:26.600-0500] {dagbag.py:588} INFO - Filling up the DagBag from /home/d-salamanca/airflow-env/lib/python3.12/site-packages/airflow/example_dags/example_dynamic_task_mapping.py
[2024-09-29T08:28:26.611-0500] {processor.py:925} INFO - DAG(s) 'example_dynamic_task_mapping' retrieved from /home/d-salamanca/airflow-env/lib/python3.12/site-packages/airflow/example_dags/example_dynamic_task_mapping.py
[2024-09-29T08:28:26.629-0500] {logging_mixin.py:190} INFO - [2024-09-29T08:28:26.629-0500] {dag.py:3239} INFO - Sync 1 DAGs
[2024-09-29T08:28:26.644-0500] {logging_mixin.py:190} INFO - [2024-09-29T08:28:26.644-0500] {dag.py:4180} INFO - Setting next_dagrun for example_dynamic_task_mapping to None, run_after=None
[2024-09-29T08:28:26.684-0500] {processor.py:208} INFO - Processing /home/d-salamanca/airflow-env/lib/python3.12/site-packages/airflow/example_dags/example_dynamic_task_mapping.py took 0.095 seconds
[2024-09-29T08:29:50.171-0500] {processor.py:186} INFO - Started process (PID=30284) to work on /home/d-salamanca/airflow-env/lib/python3.12/site-packages/airflow/example_dags/example_dynamic_task_mapping.py
[2024-09-29T08:29:50.172-0500] {processor.py:914} INFO - Processing file /home/d-salamanca/airflow-env/lib/python3.12/site-packages/airflow/example_dags/example_dynamic_task_mapping.py for tasks to queue
[2024-09-29T08:29:50.175-0500] {logging_mixin.py:190} INFO - [2024-09-29T08:29:50.174-0500] {dagbag.py:588} INFO - Filling up the DagBag from /home/d-salamanca/airflow-env/lib/python3.12/site-packages/airflow/example_dags/example_dynamic_task_mapping.py
[2024-09-29T08:29:50.185-0500] {processor.py:925} INFO - DAG(s) 'example_dynamic_task_mapping' retrieved from /home/d-salamanca/airflow-env/lib/python3.12/site-packages/airflow/example_dags/example_dynamic_task_mapping.py
[2024-09-29T08:29:50.203-0500] {logging_mixin.py:190} INFO - [2024-09-29T08:29:50.203-0500] {dag.py:3239} INFO - Sync 1 DAGs
[2024-09-29T08:29:50.217-0500] {logging_mixin.py:190} INFO - [2024-09-29T08:29:50.217-0500] {dag.py:4180} INFO - Setting next_dagrun for example_dynamic_task_mapping to None, run_after=None
[2024-09-29T08:29:50.348-0500] {processor.py:208} INFO - Processing /home/d-salamanca/airflow-env/lib/python3.12/site-packages/airflow/example_dags/example_dynamic_task_mapping.py took 0.185 seconds
[2024-09-29T08:31:22.142-0500] {processor.py:186} INFO - Started process (PID=30372) to work on /home/d-salamanca/airflow-env/lib/python3.12/site-packages/airflow/example_dags/example_dynamic_task_mapping.py
[2024-09-29T08:31:22.143-0500] {processor.py:914} INFO - Processing file /home/d-salamanca/airflow-env/lib/python3.12/site-packages/airflow/example_dags/example_dynamic_task_mapping.py for tasks to queue
[2024-09-29T08:31:22.146-0500] {logging_mixin.py:190} INFO - [2024-09-29T08:31:22.145-0500] {dagbag.py:588} INFO - Filling up the DagBag from /home/d-salamanca/airflow-env/lib/python3.12/site-packages/airflow/example_dags/example_dynamic_task_mapping.py
[2024-09-29T08:31:22.159-0500] {processor.py:925} INFO - DAG(s) 'example_dynamic_task_mapping' retrieved from /home/d-salamanca/airflow-env/lib/python3.12/site-packages/airflow/example_dags/example_dynamic_task_mapping.py
[2024-09-29T08:31:22.178-0500] {logging_mixin.py:190} INFO - [2024-09-29T08:31:22.177-0500] {dag.py:3239} INFO - Sync 1 DAGs
[2024-09-29T08:31:22.192-0500] {logging_mixin.py:190} INFO - [2024-09-29T08:31:22.191-0500] {dag.py:4180} INFO - Setting next_dagrun for example_dynamic_task_mapping to None, run_after=None
[2024-09-29T08:31:22.328-0500] {processor.py:208} INFO - Processing /home/d-salamanca/airflow-env/lib/python3.12/site-packages/airflow/example_dags/example_dynamic_task_mapping.py took 0.194 seconds
[2024-09-29T08:32:59.780-0500] {processor.py:186} INFO - Started process (PID=30447) to work on /home/d-salamanca/airflow-env/lib/python3.12/site-packages/airflow/example_dags/example_dynamic_task_mapping.py
[2024-09-29T08:32:59.781-0500] {processor.py:914} INFO - Processing file /home/d-salamanca/airflow-env/lib/python3.12/site-packages/airflow/example_dags/example_dynamic_task_mapping.py for tasks to queue
[2024-09-29T08:32:59.784-0500] {logging_mixin.py:190} INFO - [2024-09-29T08:32:59.783-0500] {dagbag.py:588} INFO - Filling up the DagBag from /home/d-salamanca/airflow-env/lib/python3.12/site-packages/airflow/example_dags/example_dynamic_task_mapping.py
[2024-09-29T08:32:59.796-0500] {processor.py:925} INFO - DAG(s) 'example_dynamic_task_mapping' retrieved from /home/d-salamanca/airflow-env/lib/python3.12/site-packages/airflow/example_dags/example_dynamic_task_mapping.py
[2024-09-29T08:32:59.815-0500] {logging_mixin.py:190} INFO - [2024-09-29T08:32:59.815-0500] {dag.py:3239} INFO - Sync 1 DAGs
[2024-09-29T08:32:59.830-0500] {logging_mixin.py:190} INFO - [2024-09-29T08:32:59.830-0500] {dag.py:4180} INFO - Setting next_dagrun for example_dynamic_task_mapping to None, run_after=None
[2024-09-29T08:32:59.858-0500] {processor.py:208} INFO - Processing /home/d-salamanca/airflow-env/lib/python3.12/site-packages/airflow/example_dags/example_dynamic_task_mapping.py took 0.087 seconds
[2024-09-29T08:34:18.723-0500] {processor.py:186} INFO - Started process (PID=30516) to work on /home/d-salamanca/airflow-env/lib/python3.12/site-packages/airflow/example_dags/example_dynamic_task_mapping.py
[2024-09-29T08:34:18.724-0500] {processor.py:914} INFO - Processing file /home/d-salamanca/airflow-env/lib/python3.12/site-packages/airflow/example_dags/example_dynamic_task_mapping.py for tasks to queue
[2024-09-29T08:34:18.727-0500] {logging_mixin.py:190} INFO - [2024-09-29T08:34:18.726-0500] {dagbag.py:588} INFO - Filling up the DagBag from /home/d-salamanca/airflow-env/lib/python3.12/site-packages/airflow/example_dags/example_dynamic_task_mapping.py
[2024-09-29T08:34:18.738-0500] {processor.py:925} INFO - DAG(s) 'example_dynamic_task_mapping' retrieved from /home/d-salamanca/airflow-env/lib/python3.12/site-packages/airflow/example_dags/example_dynamic_task_mapping.py
[2024-09-29T08:34:18.756-0500] {logging_mixin.py:190} INFO - [2024-09-29T08:34:18.756-0500] {dag.py:3239} INFO - Sync 1 DAGs
[2024-09-29T08:34:18.772-0500] {logging_mixin.py:190} INFO - [2024-09-29T08:34:18.771-0500] {dag.py:4180} INFO - Setting next_dagrun for example_dynamic_task_mapping to None, run_after=None
[2024-09-29T08:34:18.802-0500] {processor.py:208} INFO - Processing /home/d-salamanca/airflow-env/lib/python3.12/site-packages/airflow/example_dags/example_dynamic_task_mapping.py took 0.087 seconds
[2024-09-29T08:36:20.179-0500] {processor.py:186} INFO - Started process (PID=30876) to work on /home/d-salamanca/airflow-env/lib/python3.12/site-packages/airflow/example_dags/example_dynamic_task_mapping.py
[2024-09-29T08:36:20.303-0500] {processor.py:914} INFO - Processing file /home/d-salamanca/airflow-env/lib/python3.12/site-packages/airflow/example_dags/example_dynamic_task_mapping.py for tasks to queue
[2024-09-29T08:36:20.310-0500] {logging_mixin.py:190} INFO - [2024-09-29T08:36:20.309-0500] {dagbag.py:588} INFO - Filling up the DagBag from /home/d-salamanca/airflow-env/lib/python3.12/site-packages/airflow/example_dags/example_dynamic_task_mapping.py
[2024-09-29T08:36:20.369-0500] {processor.py:925} INFO - DAG(s) 'example_dynamic_task_mapping' retrieved from /home/d-salamanca/airflow-env/lib/python3.12/site-packages/airflow/example_dags/example_dynamic_task_mapping.py
[2024-09-29T08:36:20.390-0500] {logging_mixin.py:190} INFO - [2024-09-29T08:36:20.390-0500] {dag.py:3239} INFO - Sync 1 DAGs
[2024-09-29T08:36:20.419-0500] {logging_mixin.py:190} INFO - [2024-09-29T08:36:20.419-0500] {dag.py:4180} INFO - Setting next_dagrun for example_dynamic_task_mapping to None, run_after=None
[2024-09-29T08:36:20.627-0500] {processor.py:208} INFO - Processing /home/d-salamanca/airflow-env/lib/python3.12/site-packages/airflow/example_dags/example_dynamic_task_mapping.py took 0.456 seconds
[2024-09-29T08:38:22.997-0500] {processor.py:186} INFO - Started process (PID=31066) to work on /home/d-salamanca/airflow-env/lib/python3.12/site-packages/airflow/example_dags/example_dynamic_task_mapping.py
[2024-09-29T08:38:23.057-0500] {processor.py:914} INFO - Processing file /home/d-salamanca/airflow-env/lib/python3.12/site-packages/airflow/example_dags/example_dynamic_task_mapping.py for tasks to queue
[2024-09-29T08:38:23.064-0500] {logging_mixin.py:190} INFO - [2024-09-29T08:38:23.062-0500] {dagbag.py:588} INFO - Filling up the DagBag from /home/d-salamanca/airflow-env/lib/python3.12/site-packages/airflow/example_dags/example_dynamic_task_mapping.py
[2024-09-29T08:38:23.089-0500] {processor.py:925} INFO - DAG(s) 'example_dynamic_task_mapping' retrieved from /home/d-salamanca/airflow-env/lib/python3.12/site-packages/airflow/example_dags/example_dynamic_task_mapping.py
[2024-09-29T08:38:23.108-0500] {logging_mixin.py:190} INFO - [2024-09-29T08:38:23.107-0500] {dag.py:3239} INFO - Sync 1 DAGs
[2024-09-29T08:38:23.122-0500] {logging_mixin.py:190} INFO - [2024-09-29T08:38:23.121-0500] {dag.py:4180} INFO - Setting next_dagrun for example_dynamic_task_mapping to None, run_after=None
[2024-09-29T08:38:23.149-0500] {processor.py:208} INFO - Processing /home/d-salamanca/airflow-env/lib/python3.12/site-packages/airflow/example_dags/example_dynamic_task_mapping.py took 0.160 seconds
[2024-09-29T08:39:51.395-0500] {processor.py:186} INFO - Started process (PID=31137) to work on /home/d-salamanca/airflow-env/lib/python3.12/site-packages/airflow/example_dags/example_dynamic_task_mapping.py
[2024-09-29T08:39:51.424-0500] {processor.py:914} INFO - Processing file /home/d-salamanca/airflow-env/lib/python3.12/site-packages/airflow/example_dags/example_dynamic_task_mapping.py for tasks to queue
[2024-09-29T08:39:51.430-0500] {logging_mixin.py:190} INFO - [2024-09-29T08:39:51.429-0500] {dagbag.py:588} INFO - Filling up the DagBag from /home/d-salamanca/airflow-env/lib/python3.12/site-packages/airflow/example_dags/example_dynamic_task_mapping.py
[2024-09-29T08:39:51.443-0500] {processor.py:925} INFO - DAG(s) 'example_dynamic_task_mapping' retrieved from /home/d-salamanca/airflow-env/lib/python3.12/site-packages/airflow/example_dags/example_dynamic_task_mapping.py
[2024-09-29T08:39:51.461-0500] {logging_mixin.py:190} INFO - [2024-09-29T08:39:51.461-0500] {dag.py:3239} INFO - Sync 1 DAGs
[2024-09-29T08:39:51.476-0500] {logging_mixin.py:190} INFO - [2024-09-29T08:39:51.475-0500] {dag.py:4180} INFO - Setting next_dagrun for example_dynamic_task_mapping to None, run_after=None
[2024-09-29T08:39:51.519-0500] {processor.py:208} INFO - Processing /home/d-salamanca/airflow-env/lib/python3.12/site-packages/airflow/example_dags/example_dynamic_task_mapping.py took 0.132 seconds
[2024-09-29T08:41:27.339-0500] {processor.py:186} INFO - Started process (PID=31215) to work on /home/d-salamanca/airflow-env/lib/python3.12/site-packages/airflow/example_dags/example_dynamic_task_mapping.py
[2024-09-29T08:41:27.341-0500] {processor.py:914} INFO - Processing file /home/d-salamanca/airflow-env/lib/python3.12/site-packages/airflow/example_dags/example_dynamic_task_mapping.py for tasks to queue
[2024-09-29T08:41:27.344-0500] {logging_mixin.py:190} INFO - [2024-09-29T08:41:27.343-0500] {dagbag.py:588} INFO - Filling up the DagBag from /home/d-salamanca/airflow-env/lib/python3.12/site-packages/airflow/example_dags/example_dynamic_task_mapping.py
[2024-09-29T08:41:27.354-0500] {processor.py:925} INFO - DAG(s) 'example_dynamic_task_mapping' retrieved from /home/d-salamanca/airflow-env/lib/python3.12/site-packages/airflow/example_dags/example_dynamic_task_mapping.py
[2024-09-29T08:41:27.372-0500] {logging_mixin.py:190} INFO - [2024-09-29T08:41:27.372-0500] {dag.py:3239} INFO - Sync 1 DAGs
[2024-09-29T08:41:27.387-0500] {logging_mixin.py:190} INFO - [2024-09-29T08:41:27.386-0500] {dag.py:4180} INFO - Setting next_dagrun for example_dynamic_task_mapping to None, run_after=None
[2024-09-29T08:41:27.490-0500] {processor.py:208} INFO - Processing /home/d-salamanca/airflow-env/lib/python3.12/site-packages/airflow/example_dags/example_dynamic_task_mapping.py took 0.160 seconds
[2024-09-29T08:42:56.689-0500] {processor.py:186} INFO - Started process (PID=31287) to work on /home/d-salamanca/airflow-env/lib/python3.12/site-packages/airflow/example_dags/example_dynamic_task_mapping.py
[2024-09-29T08:42:56.691-0500] {processor.py:914} INFO - Processing file /home/d-salamanca/airflow-env/lib/python3.12/site-packages/airflow/example_dags/example_dynamic_task_mapping.py for tasks to queue
[2024-09-29T08:42:56.693-0500] {logging_mixin.py:190} INFO - [2024-09-29T08:42:56.693-0500] {dagbag.py:588} INFO - Filling up the DagBag from /home/d-salamanca/airflow-env/lib/python3.12/site-packages/airflow/example_dags/example_dynamic_task_mapping.py
[2024-09-29T08:42:56.704-0500] {processor.py:925} INFO - DAG(s) 'example_dynamic_task_mapping' retrieved from /home/d-salamanca/airflow-env/lib/python3.12/site-packages/airflow/example_dags/example_dynamic_task_mapping.py
[2024-09-29T08:42:56.763-0500] {logging_mixin.py:190} INFO - [2024-09-29T08:42:56.763-0500] {dag.py:3239} INFO - Sync 1 DAGs
[2024-09-29T08:42:56.781-0500] {logging_mixin.py:190} INFO - [2024-09-29T08:42:56.781-0500] {dag.py:4180} INFO - Setting next_dagrun for example_dynamic_task_mapping to None, run_after=None
[2024-09-29T08:42:56.815-0500] {processor.py:208} INFO - Processing /home/d-salamanca/airflow-env/lib/python3.12/site-packages/airflow/example_dags/example_dynamic_task_mapping.py took 0.134 seconds
[2024-09-29T08:44:23.915-0500] {processor.py:186} INFO - Started process (PID=31358) to work on /home/d-salamanca/airflow-env/lib/python3.12/site-packages/airflow/example_dags/example_dynamic_task_mapping.py
[2024-09-29T08:44:23.916-0500] {processor.py:914} INFO - Processing file /home/d-salamanca/airflow-env/lib/python3.12/site-packages/airflow/example_dags/example_dynamic_task_mapping.py for tasks to queue
[2024-09-29T08:44:23.919-0500] {logging_mixin.py:190} INFO - [2024-09-29T08:44:23.918-0500] {dagbag.py:588} INFO - Filling up the DagBag from /home/d-salamanca/airflow-env/lib/python3.12/site-packages/airflow/example_dags/example_dynamic_task_mapping.py
[2024-09-29T08:44:23.929-0500] {processor.py:925} INFO - DAG(s) 'example_dynamic_task_mapping' retrieved from /home/d-salamanca/airflow-env/lib/python3.12/site-packages/airflow/example_dags/example_dynamic_task_mapping.py
[2024-09-29T08:44:23.947-0500] {logging_mixin.py:190} INFO - [2024-09-29T08:44:23.947-0500] {dag.py:3239} INFO - Sync 1 DAGs
[2024-09-29T08:44:23.961-0500] {logging_mixin.py:190} INFO - [2024-09-29T08:44:23.961-0500] {dag.py:4180} INFO - Setting next_dagrun for example_dynamic_task_mapping to None, run_after=None
[2024-09-29T08:44:24.049-0500] {processor.py:208} INFO - Processing /home/d-salamanca/airflow-env/lib/python3.12/site-packages/airflow/example_dags/example_dynamic_task_mapping.py took 0.141 seconds
[2024-09-29T08:45:48.306-0500] {processor.py:186} INFO - Started process (PID=31441) to work on /home/d-salamanca/airflow-env/lib/python3.12/site-packages/airflow/example_dags/example_dynamic_task_mapping.py
[2024-09-29T08:45:48.324-0500] {processor.py:914} INFO - Processing file /home/d-salamanca/airflow-env/lib/python3.12/site-packages/airflow/example_dags/example_dynamic_task_mapping.py for tasks to queue
[2024-09-29T08:45:48.327-0500] {logging_mixin.py:190} INFO - [2024-09-29T08:45:48.326-0500] {dagbag.py:588} INFO - Filling up the DagBag from /home/d-salamanca/airflow-env/lib/python3.12/site-packages/airflow/example_dags/example_dynamic_task_mapping.py
[2024-09-29T08:45:48.339-0500] {processor.py:925} INFO - DAG(s) 'example_dynamic_task_mapping' retrieved from /home/d-salamanca/airflow-env/lib/python3.12/site-packages/airflow/example_dags/example_dynamic_task_mapping.py
[2024-09-29T08:45:48.357-0500] {logging_mixin.py:190} INFO - [2024-09-29T08:45:48.357-0500] {dag.py:3239} INFO - Sync 1 DAGs
[2024-09-29T08:45:48.372-0500] {logging_mixin.py:190} INFO - [2024-09-29T08:45:48.372-0500] {dag.py:4180} INFO - Setting next_dagrun for example_dynamic_task_mapping to None, run_after=None
[2024-09-29T08:45:48.426-0500] {processor.py:208} INFO - Processing /home/d-salamanca/airflow-env/lib/python3.12/site-packages/airflow/example_dags/example_dynamic_task_mapping.py took 0.128 seconds
[2024-09-29T08:47:48.268-0500] {processor.py:186} INFO - Started process (PID=31513) to work on /home/d-salamanca/airflow-env/lib/python3.12/site-packages/airflow/example_dags/example_dynamic_task_mapping.py
[2024-09-29T08:47:48.297-0500] {processor.py:914} INFO - Processing file /home/d-salamanca/airflow-env/lib/python3.12/site-packages/airflow/example_dags/example_dynamic_task_mapping.py for tasks to queue
[2024-09-29T08:47:48.302-0500] {logging_mixin.py:190} INFO - [2024-09-29T08:47:48.301-0500] {dagbag.py:588} INFO - Filling up the DagBag from /home/d-salamanca/airflow-env/lib/python3.12/site-packages/airflow/example_dags/example_dynamic_task_mapping.py
[2024-09-29T08:47:48.314-0500] {processor.py:925} INFO - DAG(s) 'example_dynamic_task_mapping' retrieved from /home/d-salamanca/airflow-env/lib/python3.12/site-packages/airflow/example_dags/example_dynamic_task_mapping.py
[2024-09-29T08:47:48.332-0500] {logging_mixin.py:190} INFO - [2024-09-29T08:47:48.332-0500] {dag.py:3239} INFO - Sync 1 DAGs
[2024-09-29T08:47:48.347-0500] {logging_mixin.py:190} INFO - [2024-09-29T08:47:48.347-0500] {dag.py:4180} INFO - Setting next_dagrun for example_dynamic_task_mapping to None, run_after=None
[2024-09-29T08:47:48.401-0500] {processor.py:208} INFO - Processing /home/d-salamanca/airflow-env/lib/python3.12/site-packages/airflow/example_dags/example_dynamic_task_mapping.py took 0.141 seconds
[2024-09-29T08:49:13.064-0500] {processor.py:186} INFO - Started process (PID=31602) to work on /home/d-salamanca/airflow-env/lib/python3.12/site-packages/airflow/example_dags/example_dynamic_task_mapping.py
[2024-09-29T08:49:13.086-0500] {processor.py:914} INFO - Processing file /home/d-salamanca/airflow-env/lib/python3.12/site-packages/airflow/example_dags/example_dynamic_task_mapping.py for tasks to queue
[2024-09-29T08:49:13.091-0500] {logging_mixin.py:190} INFO - [2024-09-29T08:49:13.090-0500] {dagbag.py:588} INFO - Filling up the DagBag from /home/d-salamanca/airflow-env/lib/python3.12/site-packages/airflow/example_dags/example_dynamic_task_mapping.py
[2024-09-29T08:49:13.106-0500] {processor.py:925} INFO - DAG(s) 'example_dynamic_task_mapping' retrieved from /home/d-salamanca/airflow-env/lib/python3.12/site-packages/airflow/example_dags/example_dynamic_task_mapping.py
[2024-09-29T08:49:13.125-0500] {logging_mixin.py:190} INFO - [2024-09-29T08:49:13.124-0500] {dag.py:3239} INFO - Sync 1 DAGs
[2024-09-29T08:49:13.139-0500] {logging_mixin.py:190} INFO - [2024-09-29T08:49:13.139-0500] {dag.py:4180} INFO - Setting next_dagrun for example_dynamic_task_mapping to None, run_after=None
[2024-09-29T08:49:13.167-0500] {processor.py:208} INFO - Processing /home/d-salamanca/airflow-env/lib/python3.12/site-packages/airflow/example_dags/example_dynamic_task_mapping.py took 0.110 seconds
[2024-09-29T08:50:43.639-0500] {processor.py:186} INFO - Started process (PID=31692) to work on /home/d-salamanca/airflow-env/lib/python3.12/site-packages/airflow/example_dags/example_dynamic_task_mapping.py
[2024-09-29T08:50:43.655-0500] {processor.py:914} INFO - Processing file /home/d-salamanca/airflow-env/lib/python3.12/site-packages/airflow/example_dags/example_dynamic_task_mapping.py for tasks to queue
[2024-09-29T08:50:43.659-0500] {logging_mixin.py:190} INFO - [2024-09-29T08:50:43.658-0500] {dagbag.py:588} INFO - Filling up the DagBag from /home/d-salamanca/airflow-env/lib/python3.12/site-packages/airflow/example_dags/example_dynamic_task_mapping.py
[2024-09-29T08:50:43.676-0500] {processor.py:925} INFO - DAG(s) 'example_dynamic_task_mapping' retrieved from /home/d-salamanca/airflow-env/lib/python3.12/site-packages/airflow/example_dags/example_dynamic_task_mapping.py
[2024-09-29T08:50:43.694-0500] {logging_mixin.py:190} INFO - [2024-09-29T08:50:43.694-0500] {dag.py:3239} INFO - Sync 1 DAGs
[2024-09-29T08:50:43.709-0500] {logging_mixin.py:190} INFO - [2024-09-29T08:50:43.709-0500] {dag.py:4180} INFO - Setting next_dagrun for example_dynamic_task_mapping to None, run_after=None
[2024-09-29T08:50:43.751-0500] {processor.py:208} INFO - Processing /home/d-salamanca/airflow-env/lib/python3.12/site-packages/airflow/example_dags/example_dynamic_task_mapping.py took 0.119 seconds
[2024-09-29T08:53:23.748-0500] {processor.py:186} INFO - Started process (PID=31989) to work on /home/d-salamanca/airflow-env/lib/python3.12/site-packages/airflow/example_dags/example_dynamic_task_mapping.py
[2024-09-29T08:53:23.775-0500] {processor.py:914} INFO - Processing file /home/d-salamanca/airflow-env/lib/python3.12/site-packages/airflow/example_dags/example_dynamic_task_mapping.py for tasks to queue
[2024-09-29T08:53:23.781-0500] {logging_mixin.py:190} INFO - [2024-09-29T08:53:23.780-0500] {dagbag.py:588} INFO - Filling up the DagBag from /home/d-salamanca/airflow-env/lib/python3.12/site-packages/airflow/example_dags/example_dynamic_task_mapping.py
[2024-09-29T08:53:23.820-0500] {processor.py:925} INFO - DAG(s) 'example_dynamic_task_mapping' retrieved from /home/d-salamanca/airflow-env/lib/python3.12/site-packages/airflow/example_dags/example_dynamic_task_mapping.py
[2024-09-29T08:53:23.847-0500] {logging_mixin.py:190} INFO - [2024-09-29T08:53:23.847-0500] {dag.py:3239} INFO - Sync 1 DAGs
[2024-09-29T08:53:23.862-0500] {logging_mixin.py:190} INFO - [2024-09-29T08:53:23.862-0500] {dag.py:4180} INFO - Setting next_dagrun for example_dynamic_task_mapping to None, run_after=None
[2024-09-29T08:53:23.928-0500] {processor.py:208} INFO - Processing /home/d-salamanca/airflow-env/lib/python3.12/site-packages/airflow/example_dags/example_dynamic_task_mapping.py took 0.189 seconds
[2024-09-29T08:54:57.182-0500] {processor.py:186} INFO - Started process (PID=32063) to work on /home/d-salamanca/airflow-env/lib/python3.12/site-packages/airflow/example_dags/example_dynamic_task_mapping.py
[2024-09-29T08:54:57.218-0500] {processor.py:914} INFO - Processing file /home/d-salamanca/airflow-env/lib/python3.12/site-packages/airflow/example_dags/example_dynamic_task_mapping.py for tasks to queue
[2024-09-29T08:54:57.224-0500] {logging_mixin.py:190} INFO - [2024-09-29T08:54:57.223-0500] {dagbag.py:588} INFO - Filling up the DagBag from /home/d-salamanca/airflow-env/lib/python3.12/site-packages/airflow/example_dags/example_dynamic_task_mapping.py
[2024-09-29T08:54:57.241-0500] {processor.py:925} INFO - DAG(s) 'example_dynamic_task_mapping' retrieved from /home/d-salamanca/airflow-env/lib/python3.12/site-packages/airflow/example_dags/example_dynamic_task_mapping.py
[2024-09-29T08:54:57.258-0500] {logging_mixin.py:190} INFO - [2024-09-29T08:54:57.258-0500] {dag.py:3239} INFO - Sync 1 DAGs
[2024-09-29T08:54:57.272-0500] {logging_mixin.py:190} INFO - [2024-09-29T08:54:57.272-0500] {dag.py:4180} INFO - Setting next_dagrun for example_dynamic_task_mapping to None, run_after=None
[2024-09-29T08:54:57.873-0500] {processor.py:208} INFO - Processing /home/d-salamanca/airflow-env/lib/python3.12/site-packages/airflow/example_dags/example_dynamic_task_mapping.py took 0.698 seconds
[2024-09-29T08:56:39.268-0500] {processor.py:186} INFO - Started process (PID=32142) to work on /home/d-salamanca/airflow-env/lib/python3.12/site-packages/airflow/example_dags/example_dynamic_task_mapping.py
[2024-09-29T08:56:39.296-0500] {processor.py:914} INFO - Processing file /home/d-salamanca/airflow-env/lib/python3.12/site-packages/airflow/example_dags/example_dynamic_task_mapping.py for tasks to queue
[2024-09-29T08:56:39.304-0500] {logging_mixin.py:190} INFO - [2024-09-29T08:56:39.302-0500] {dagbag.py:588} INFO - Filling up the DagBag from /home/d-salamanca/airflow-env/lib/python3.12/site-packages/airflow/example_dags/example_dynamic_task_mapping.py
[2024-09-29T08:56:39.318-0500] {processor.py:925} INFO - DAG(s) 'example_dynamic_task_mapping' retrieved from /home/d-salamanca/airflow-env/lib/python3.12/site-packages/airflow/example_dags/example_dynamic_task_mapping.py
[2024-09-29T08:56:39.336-0500] {logging_mixin.py:190} INFO - [2024-09-29T08:56:39.336-0500] {dag.py:3239} INFO - Sync 1 DAGs
[2024-09-29T08:56:39.351-0500] {logging_mixin.py:190} INFO - [2024-09-29T08:56:39.351-0500] {dag.py:4180} INFO - Setting next_dagrun for example_dynamic_task_mapping to None, run_after=None
[2024-09-29T08:56:39.421-0500] {processor.py:208} INFO - Processing /home/d-salamanca/airflow-env/lib/python3.12/site-packages/airflow/example_dags/example_dynamic_task_mapping.py took 0.163 seconds
[2024-09-29T08:58:24.122-0500] {processor.py:186} INFO - Started process (PID=32222) to work on /home/d-salamanca/airflow-env/lib/python3.12/site-packages/airflow/example_dags/example_dynamic_task_mapping.py
[2024-09-29T08:58:24.123-0500] {processor.py:914} INFO - Processing file /home/d-salamanca/airflow-env/lib/python3.12/site-packages/airflow/example_dags/example_dynamic_task_mapping.py for tasks to queue
[2024-09-29T08:58:24.126-0500] {logging_mixin.py:190} INFO - [2024-09-29T08:58:24.125-0500] {dagbag.py:588} INFO - Filling up the DagBag from /home/d-salamanca/airflow-env/lib/python3.12/site-packages/airflow/example_dags/example_dynamic_task_mapping.py
[2024-09-29T08:58:24.136-0500] {processor.py:925} INFO - DAG(s) 'example_dynamic_task_mapping' retrieved from /home/d-salamanca/airflow-env/lib/python3.12/site-packages/airflow/example_dags/example_dynamic_task_mapping.py
[2024-09-29T08:58:24.155-0500] {logging_mixin.py:190} INFO - [2024-09-29T08:58:24.155-0500] {dag.py:3239} INFO - Sync 1 DAGs
[2024-09-29T08:58:24.169-0500] {logging_mixin.py:190} INFO - [2024-09-29T08:58:24.169-0500] {dag.py:4180} INFO - Setting next_dagrun for example_dynamic_task_mapping to None, run_after=None
[2024-09-29T08:58:24.207-0500] {processor.py:208} INFO - Processing /home/d-salamanca/airflow-env/lib/python3.12/site-packages/airflow/example_dags/example_dynamic_task_mapping.py took 0.093 seconds
[2024-09-29T09:00:23.465-0500] {processor.py:186} INFO - Started process (PID=32488) to work on /home/d-salamanca/airflow-env/lib/python3.12/site-packages/airflow/example_dags/example_dynamic_task_mapping.py
[2024-09-29T09:00:23.483-0500] {processor.py:914} INFO - Processing file /home/d-salamanca/airflow-env/lib/python3.12/site-packages/airflow/example_dags/example_dynamic_task_mapping.py for tasks to queue
[2024-09-29T09:00:23.487-0500] {logging_mixin.py:190} INFO - [2024-09-29T09:00:23.486-0500] {dagbag.py:588} INFO - Filling up the DagBag from /home/d-salamanca/airflow-env/lib/python3.12/site-packages/airflow/example_dags/example_dynamic_task_mapping.py
[2024-09-29T09:00:23.699-0500] {processor.py:925} INFO - DAG(s) 'example_dynamic_task_mapping' retrieved from /home/d-salamanca/airflow-env/lib/python3.12/site-packages/airflow/example_dags/example_dynamic_task_mapping.py
[2024-09-29T09:00:23.778-0500] {logging_mixin.py:190} INFO - [2024-09-29T09:00:23.778-0500] {dag.py:3239} INFO - Sync 1 DAGs
[2024-09-29T09:00:23.829-0500] {logging_mixin.py:190} INFO - [2024-09-29T09:00:23.828-0500] {dag.py:4180} INFO - Setting next_dagrun for example_dynamic_task_mapping to None, run_after=None
[2024-09-29T09:00:23.888-0500] {processor.py:208} INFO - Processing /home/d-salamanca/airflow-env/lib/python3.12/site-packages/airflow/example_dags/example_dynamic_task_mapping.py took 1.121 seconds
[2024-09-29T09:02:06.806-0500] {processor.py:186} INFO - Started process (PID=32603) to work on /home/d-salamanca/airflow-env/lib/python3.12/site-packages/airflow/example_dags/example_dynamic_task_mapping.py
[2024-09-29T09:02:06.836-0500] {processor.py:914} INFO - Processing file /home/d-salamanca/airflow-env/lib/python3.12/site-packages/airflow/example_dags/example_dynamic_task_mapping.py for tasks to queue
[2024-09-29T09:02:06.845-0500] {logging_mixin.py:190} INFO - [2024-09-29T09:02:06.843-0500] {dagbag.py:588} INFO - Filling up the DagBag from /home/d-salamanca/airflow-env/lib/python3.12/site-packages/airflow/example_dags/example_dynamic_task_mapping.py
[2024-09-29T09:02:06.882-0500] {processor.py:925} INFO - DAG(s) 'example_dynamic_task_mapping' retrieved from /home/d-salamanca/airflow-env/lib/python3.12/site-packages/airflow/example_dags/example_dynamic_task_mapping.py
[2024-09-29T09:02:06.900-0500] {logging_mixin.py:190} INFO - [2024-09-29T09:02:06.900-0500] {dag.py:3239} INFO - Sync 1 DAGs
[2024-09-29T09:02:06.917-0500] {logging_mixin.py:190} INFO - [2024-09-29T09:02:06.916-0500] {dag.py:4180} INFO - Setting next_dagrun for example_dynamic_task_mapping to None, run_after=None
[2024-09-29T09:02:06.947-0500] {processor.py:208} INFO - Processing /home/d-salamanca/airflow-env/lib/python3.12/site-packages/airflow/example_dags/example_dynamic_task_mapping.py took 0.149 seconds
[2024-09-29T09:03:30.764-0500] {processor.py:186} INFO - Started process (PID=32674) to work on /home/d-salamanca/airflow-env/lib/python3.12/site-packages/airflow/example_dags/example_dynamic_task_mapping.py
[2024-09-29T09:03:30.765-0500] {processor.py:914} INFO - Processing file /home/d-salamanca/airflow-env/lib/python3.12/site-packages/airflow/example_dags/example_dynamic_task_mapping.py for tasks to queue
[2024-09-29T09:03:30.768-0500] {logging_mixin.py:190} INFO - [2024-09-29T09:03:30.767-0500] {dagbag.py:588} INFO - Filling up the DagBag from /home/d-salamanca/airflow-env/lib/python3.12/site-packages/airflow/example_dags/example_dynamic_task_mapping.py
[2024-09-29T09:03:30.779-0500] {processor.py:925} INFO - DAG(s) 'example_dynamic_task_mapping' retrieved from /home/d-salamanca/airflow-env/lib/python3.12/site-packages/airflow/example_dags/example_dynamic_task_mapping.py
[2024-09-29T09:03:30.798-0500] {logging_mixin.py:190} INFO - [2024-09-29T09:03:30.798-0500] {dag.py:3239} INFO - Sync 1 DAGs
[2024-09-29T09:03:30.814-0500] {logging_mixin.py:190} INFO - [2024-09-29T09:03:30.814-0500] {dag.py:4180} INFO - Setting next_dagrun for example_dynamic_task_mapping to None, run_after=None
[2024-09-29T09:03:30.991-0500] {processor.py:208} INFO - Processing /home/d-salamanca/airflow-env/lib/python3.12/site-packages/airflow/example_dags/example_dynamic_task_mapping.py took 0.235 seconds
[2024-09-29T09:05:19.547-0500] {processor.py:186} INFO - Started process (PID=33023) to work on /home/d-salamanca/airflow-env/lib/python3.12/site-packages/airflow/example_dags/example_dynamic_task_mapping.py
[2024-09-29T09:05:19.568-0500] {processor.py:914} INFO - Processing file /home/d-salamanca/airflow-env/lib/python3.12/site-packages/airflow/example_dags/example_dynamic_task_mapping.py for tasks to queue
[2024-09-29T09:05:19.573-0500] {logging_mixin.py:190} INFO - [2024-09-29T09:05:19.572-0500] {dagbag.py:588} INFO - Filling up the DagBag from /home/d-salamanca/airflow-env/lib/python3.12/site-packages/airflow/example_dags/example_dynamic_task_mapping.py
[2024-09-29T09:05:19.615-0500] {processor.py:925} INFO - DAG(s) 'example_dynamic_task_mapping' retrieved from /home/d-salamanca/airflow-env/lib/python3.12/site-packages/airflow/example_dags/example_dynamic_task_mapping.py
[2024-09-29T09:05:19.634-0500] {logging_mixin.py:190} INFO - [2024-09-29T09:05:19.633-0500] {dag.py:3239} INFO - Sync 1 DAGs
[2024-09-29T09:05:19.649-0500] {logging_mixin.py:190} INFO - [2024-09-29T09:05:19.648-0500] {dag.py:4180} INFO - Setting next_dagrun for example_dynamic_task_mapping to None, run_after=None
[2024-09-29T09:05:19.683-0500] {processor.py:208} INFO - Processing /home/d-salamanca/airflow-env/lib/python3.12/site-packages/airflow/example_dags/example_dynamic_task_mapping.py took 0.142 seconds
[2024-09-29T09:07:28.279-0500] {processor.py:186} INFO - Started process (PID=33111) to work on /home/d-salamanca/airflow-env/lib/python3.12/site-packages/airflow/example_dags/example_dynamic_task_mapping.py
[2024-09-29T09:07:28.287-0500] {processor.py:914} INFO - Processing file /home/d-salamanca/airflow-env/lib/python3.12/site-packages/airflow/example_dags/example_dynamic_task_mapping.py for tasks to queue
[2024-09-29T09:07:28.291-0500] {logging_mixin.py:190} INFO - [2024-09-29T09:07:28.290-0500] {dagbag.py:588} INFO - Filling up the DagBag from /home/d-salamanca/airflow-env/lib/python3.12/site-packages/airflow/example_dags/example_dynamic_task_mapping.py
[2024-09-29T09:07:28.306-0500] {processor.py:925} INFO - DAG(s) 'example_dynamic_task_mapping' retrieved from /home/d-salamanca/airflow-env/lib/python3.12/site-packages/airflow/example_dags/example_dynamic_task_mapping.py
[2024-09-29T09:07:28.326-0500] {logging_mixin.py:190} INFO - [2024-09-29T09:07:28.325-0500] {dag.py:3239} INFO - Sync 1 DAGs
[2024-09-29T09:07:28.341-0500] {logging_mixin.py:190} INFO - [2024-09-29T09:07:28.341-0500] {dag.py:4180} INFO - Setting next_dagrun for example_dynamic_task_mapping to None, run_after=None
[2024-09-29T09:07:28.396-0500] {processor.py:208} INFO - Processing /home/d-salamanca/airflow-env/lib/python3.12/site-packages/airflow/example_dags/example_dynamic_task_mapping.py took 0.126 seconds
