[2024-09-29T00:19:45.455-0500] {processor.py:186} INFO - Started process (PID=28641) to work on /home/d-salamanca/airflow-env/lib/python3.12/site-packages/airflow/example_dags/example_branch_operator_decorator.py
[2024-09-29T00:19:45.456-0500] {processor.py:914} INFO - Processing file /home/d-salamanca/airflow-env/lib/python3.12/site-packages/airflow/example_dags/example_branch_operator_decorator.py for tasks to queue
[2024-09-29T00:19:45.459-0500] {logging_mixin.py:190} INFO - [2024-09-29T00:19:45.458-0500] {dagbag.py:588} INFO - Filling up the DagBag from /home/d-salamanca/airflow-env/lib/python3.12/site-packages/airflow/example_dags/example_branch_operator_decorator.py
[2024-09-29T00:19:45.492-0500] {processor.py:927} WARNING - No viable dags retrieved from /home/d-salamanca/airflow-env/lib/python3.12/site-packages/airflow/example_dags/example_branch_operator_decorator.py
[2024-09-29T00:19:45.515-0500] {processor.py:208} INFO - Processing /home/d-salamanca/airflow-env/lib/python3.12/site-packages/airflow/example_dags/example_branch_operator_decorator.py took 0.068 seconds
[2024-09-29T00:21:25.692-0500] {processor.py:186} INFO - Started process (PID=28734) to work on /home/d-salamanca/airflow-env/lib/python3.12/site-packages/airflow/example_dags/example_branch_operator_decorator.py
[2024-09-29T00:21:25.897-0500] {processor.py:914} INFO - Processing file /home/d-salamanca/airflow-env/lib/python3.12/site-packages/airflow/example_dags/example_branch_operator_decorator.py for tasks to queue
[2024-09-29T00:21:25.903-0500] {logging_mixin.py:190} INFO - [2024-09-29T00:21:25.902-0500] {dagbag.py:588} INFO - Filling up the DagBag from /home/d-salamanca/airflow-env/lib/python3.12/site-packages/airflow/example_dags/example_branch_operator_decorator.py
[2024-09-29T00:21:25.908-0500] {processor.py:927} WARNING - No viable dags retrieved from /home/d-salamanca/airflow-env/lib/python3.12/site-packages/airflow/example_dags/example_branch_operator_decorator.py
[2024-09-29T00:21:25.924-0500] {processor.py:208} INFO - Processing /home/d-salamanca/airflow-env/lib/python3.12/site-packages/airflow/example_dags/example_branch_operator_decorator.py took 0.238 seconds
[2024-09-29T00:23:06.433-0500] {processor.py:186} INFO - Started process (PID=28809) to work on /home/d-salamanca/airflow-env/lib/python3.12/site-packages/airflow/example_dags/example_branch_operator_decorator.py
[2024-09-29T00:23:06.443-0500] {processor.py:914} INFO - Processing file /home/d-salamanca/airflow-env/lib/python3.12/site-packages/airflow/example_dags/example_branch_operator_decorator.py for tasks to queue
[2024-09-29T00:23:06.449-0500] {logging_mixin.py:190} INFO - [2024-09-29T00:23:06.448-0500] {dagbag.py:588} INFO - Filling up the DagBag from /home/d-salamanca/airflow-env/lib/python3.12/site-packages/airflow/example_dags/example_branch_operator_decorator.py
[2024-09-29T00:23:06.455-0500] {processor.py:927} WARNING - No viable dags retrieved from /home/d-salamanca/airflow-env/lib/python3.12/site-packages/airflow/example_dags/example_branch_operator_decorator.py
[2024-09-29T00:23:06.468-0500] {processor.py:208} INFO - Processing /home/d-salamanca/airflow-env/lib/python3.12/site-packages/airflow/example_dags/example_branch_operator_decorator.py took 0.042 seconds
[2024-09-29T00:24:33.557-0500] {processor.py:186} INFO - Started process (PID=28881) to work on /home/d-salamanca/airflow-env/lib/python3.12/site-packages/airflow/example_dags/example_branch_operator_decorator.py
[2024-09-29T00:24:33.573-0500] {processor.py:914} INFO - Processing file /home/d-salamanca/airflow-env/lib/python3.12/site-packages/airflow/example_dags/example_branch_operator_decorator.py for tasks to queue
[2024-09-29T00:24:33.577-0500] {logging_mixin.py:190} INFO - [2024-09-29T00:24:33.576-0500] {dagbag.py:588} INFO - Filling up the DagBag from /home/d-salamanca/airflow-env/lib/python3.12/site-packages/airflow/example_dags/example_branch_operator_decorator.py
[2024-09-29T00:24:33.581-0500] {processor.py:927} WARNING - No viable dags retrieved from /home/d-salamanca/airflow-env/lib/python3.12/site-packages/airflow/example_dags/example_branch_operator_decorator.py
[2024-09-29T00:24:33.597-0500] {processor.py:208} INFO - Processing /home/d-salamanca/airflow-env/lib/python3.12/site-packages/airflow/example_dags/example_branch_operator_decorator.py took 0.047 seconds
[2024-09-29T00:26:05.444-0500] {processor.py:186} INFO - Started process (PID=28954) to work on /home/d-salamanca/airflow-env/lib/python3.12/site-packages/airflow/example_dags/example_branch_operator_decorator.py
[2024-09-29T00:26:05.490-0500] {processor.py:914} INFO - Processing file /home/d-salamanca/airflow-env/lib/python3.12/site-packages/airflow/example_dags/example_branch_operator_decorator.py for tasks to queue
[2024-09-29T00:26:05.497-0500] {logging_mixin.py:190} INFO - [2024-09-29T00:26:05.495-0500] {dagbag.py:588} INFO - Filling up the DagBag from /home/d-salamanca/airflow-env/lib/python3.12/site-packages/airflow/example_dags/example_branch_operator_decorator.py
[2024-09-29T00:26:05.501-0500] {processor.py:927} WARNING - No viable dags retrieved from /home/d-salamanca/airflow-env/lib/python3.12/site-packages/airflow/example_dags/example_branch_operator_decorator.py
[2024-09-29T00:26:05.516-0500] {processor.py:208} INFO - Processing /home/d-salamanca/airflow-env/lib/python3.12/site-packages/airflow/example_dags/example_branch_operator_decorator.py took 0.080 seconds
[2024-09-29T00:27:34.503-0500] {processor.py:186} INFO - Started process (PID=29102) to work on /home/d-salamanca/airflow-env/lib/python3.12/site-packages/airflow/example_dags/example_branch_operator_decorator.py
[2024-09-29T00:27:34.505-0500] {processor.py:914} INFO - Processing file /home/d-salamanca/airflow-env/lib/python3.12/site-packages/airflow/example_dags/example_branch_operator_decorator.py for tasks to queue
[2024-09-29T00:27:34.508-0500] {logging_mixin.py:190} INFO - [2024-09-29T00:27:34.507-0500] {dagbag.py:588} INFO - Filling up the DagBag from /home/d-salamanca/airflow-env/lib/python3.12/site-packages/airflow/example_dags/example_branch_operator_decorator.py
[2024-09-29T00:27:34.512-0500] {processor.py:927} WARNING - No viable dags retrieved from /home/d-salamanca/airflow-env/lib/python3.12/site-packages/airflow/example_dags/example_branch_operator_decorator.py
[2024-09-29T00:27:34.527-0500] {processor.py:208} INFO - Processing /home/d-salamanca/airflow-env/lib/python3.12/site-packages/airflow/example_dags/example_branch_operator_decorator.py took 0.032 seconds
[2024-09-29T00:29:44.984-0500] {processor.py:186} INFO - Started process (PID=29245) to work on /home/d-salamanca/airflow-env/lib/python3.12/site-packages/airflow/example_dags/example_branch_operator_decorator.py
[2024-09-29T00:29:45.024-0500] {processor.py:914} INFO - Processing file /home/d-salamanca/airflow-env/lib/python3.12/site-packages/airflow/example_dags/example_branch_operator_decorator.py for tasks to queue
[2024-09-29T00:29:45.028-0500] {logging_mixin.py:190} INFO - [2024-09-29T00:29:45.027-0500] {dagbag.py:588} INFO - Filling up the DagBag from /home/d-salamanca/airflow-env/lib/python3.12/site-packages/airflow/example_dags/example_branch_operator_decorator.py
[2024-09-29T00:29:46.583-0500] {processor.py:927} WARNING - No viable dags retrieved from /home/d-salamanca/airflow-env/lib/python3.12/site-packages/airflow/example_dags/example_branch_operator_decorator.py
[2024-09-29T00:29:46.712-0500] {processor.py:208} INFO - Processing /home/d-salamanca/airflow-env/lib/python3.12/site-packages/airflow/example_dags/example_branch_operator_decorator.py took 2.119 seconds
[2024-09-29T00:32:01.812-0500] {processor.py:186} INFO - Started process (PID=29341) to work on /home/d-salamanca/airflow-env/lib/python3.12/site-packages/airflow/example_dags/example_branch_operator_decorator.py
[2024-09-29T00:32:01.843-0500] {processor.py:914} INFO - Processing file /home/d-salamanca/airflow-env/lib/python3.12/site-packages/airflow/example_dags/example_branch_operator_decorator.py for tasks to queue
[2024-09-29T00:32:01.849-0500] {logging_mixin.py:190} INFO - [2024-09-29T00:32:01.848-0500] {dagbag.py:588} INFO - Filling up the DagBag from /home/d-salamanca/airflow-env/lib/python3.12/site-packages/airflow/example_dags/example_branch_operator_decorator.py
[2024-09-29T00:32:01.864-0500] {processor.py:927} WARNING - No viable dags retrieved from /home/d-salamanca/airflow-env/lib/python3.12/site-packages/airflow/example_dags/example_branch_operator_decorator.py
[2024-09-29T00:32:01.878-0500] {processor.py:208} INFO - Processing /home/d-salamanca/airflow-env/lib/python3.12/site-packages/airflow/example_dags/example_branch_operator_decorator.py took 0.075 seconds
[2024-09-29T00:33:20.629-0500] {processor.py:186} INFO - Started process (PID=29421) to work on /home/d-salamanca/airflow-env/lib/python3.12/site-packages/airflow/example_dags/example_branch_operator_decorator.py
[2024-09-29T00:33:20.786-0500] {processor.py:914} INFO - Processing file /home/d-salamanca/airflow-env/lib/python3.12/site-packages/airflow/example_dags/example_branch_operator_decorator.py for tasks to queue
[2024-09-29T00:33:20.792-0500] {logging_mixin.py:190} INFO - [2024-09-29T00:33:20.791-0500] {dagbag.py:588} INFO - Filling up the DagBag from /home/d-salamanca/airflow-env/lib/python3.12/site-packages/airflow/example_dags/example_branch_operator_decorator.py
[2024-09-29T00:33:20.870-0500] {processor.py:927} WARNING - No viable dags retrieved from /home/d-salamanca/airflow-env/lib/python3.12/site-packages/airflow/example_dags/example_branch_operator_decorator.py
[2024-09-29T00:33:20.890-0500] {processor.py:208} INFO - Processing /home/d-salamanca/airflow-env/lib/python3.12/site-packages/airflow/example_dags/example_branch_operator_decorator.py took 0.272 seconds
[2024-09-29T08:19:35.323-0500] {processor.py:186} INFO - Started process (PID=29533) to work on /home/d-salamanca/airflow-env/lib/python3.12/site-packages/airflow/example_dags/example_branch_operator_decorator.py
[2024-09-29T08:19:35.324-0500] {processor.py:914} INFO - Processing file /home/d-salamanca/airflow-env/lib/python3.12/site-packages/airflow/example_dags/example_branch_operator_decorator.py for tasks to queue
[2024-09-29T08:19:35.327-0500] {logging_mixin.py:190} INFO - [2024-09-29T08:19:35.327-0500] {dagbag.py:588} INFO - Filling up the DagBag from /home/d-salamanca/airflow-env/lib/python3.12/site-packages/airflow/example_dags/example_branch_operator_decorator.py
[2024-09-29T08:19:35.330-0500] {processor.py:927} WARNING - No viable dags retrieved from /home/d-salamanca/airflow-env/lib/python3.12/site-packages/airflow/example_dags/example_branch_operator_decorator.py
[2024-09-29T08:19:35.343-0500] {processor.py:208} INFO - Processing /home/d-salamanca/airflow-env/lib/python3.12/site-packages/airflow/example_dags/example_branch_operator_decorator.py took 0.029 seconds
[2024-09-29T08:21:39.585-0500] {processor.py:186} INFO - Started process (PID=29849) to work on /home/d-salamanca/airflow-env/lib/python3.12/site-packages/airflow/example_dags/example_branch_operator_decorator.py
[2024-09-29T08:21:39.586-0500] {processor.py:914} INFO - Processing file /home/d-salamanca/airflow-env/lib/python3.12/site-packages/airflow/example_dags/example_branch_operator_decorator.py for tasks to queue
[2024-09-29T08:21:39.589-0500] {logging_mixin.py:190} INFO - [2024-09-29T08:21:39.588-0500] {dagbag.py:588} INFO - Filling up the DagBag from /home/d-salamanca/airflow-env/lib/python3.12/site-packages/airflow/example_dags/example_branch_operator_decorator.py
[2024-09-29T08:21:39.840-0500] {processor.py:927} WARNING - No viable dags retrieved from /home/d-salamanca/airflow-env/lib/python3.12/site-packages/airflow/example_dags/example_branch_operator_decorator.py
[2024-09-29T08:21:39.860-0500] {processor.py:208} INFO - Processing /home/d-salamanca/airflow-env/lib/python3.12/site-packages/airflow/example_dags/example_branch_operator_decorator.py took 0.287 seconds
[2024-09-29T08:23:26.858-0500] {processor.py:186} INFO - Started process (PID=29928) to work on /home/d-salamanca/airflow-env/lib/python3.12/site-packages/airflow/example_dags/example_branch_operator_decorator.py
[2024-09-29T08:23:26.860-0500] {processor.py:914} INFO - Processing file /home/d-salamanca/airflow-env/lib/python3.12/site-packages/airflow/example_dags/example_branch_operator_decorator.py for tasks to queue
[2024-09-29T08:23:26.862-0500] {logging_mixin.py:190} INFO - [2024-09-29T08:23:26.862-0500] {dagbag.py:588} INFO - Filling up the DagBag from /home/d-salamanca/airflow-env/lib/python3.12/site-packages/airflow/example_dags/example_branch_operator_decorator.py
[2024-09-29T08:23:26.880-0500] {processor.py:927} WARNING - No viable dags retrieved from /home/d-salamanca/airflow-env/lib/python3.12/site-packages/airflow/example_dags/example_branch_operator_decorator.py
[2024-09-29T08:23:26.894-0500] {processor.py:208} INFO - Processing /home/d-salamanca/airflow-env/lib/python3.12/site-packages/airflow/example_dags/example_branch_operator_decorator.py took 0.044 seconds
[2024-09-29T08:24:52.837-0500] {processor.py:186} INFO - Started process (PID=30029) to work on /home/d-salamanca/airflow-env/lib/python3.12/site-packages/airflow/example_dags/example_branch_operator_decorator.py
[2024-09-29T08:24:52.850-0500] {processor.py:914} INFO - Processing file /home/d-salamanca/airflow-env/lib/python3.12/site-packages/airflow/example_dags/example_branch_operator_decorator.py for tasks to queue
[2024-09-29T08:24:52.853-0500] {logging_mixin.py:190} INFO - [2024-09-29T08:24:52.853-0500] {dagbag.py:588} INFO - Filling up the DagBag from /home/d-salamanca/airflow-env/lib/python3.12/site-packages/airflow/example_dags/example_branch_operator_decorator.py
[2024-09-29T08:24:52.857-0500] {processor.py:927} WARNING - No viable dags retrieved from /home/d-salamanca/airflow-env/lib/python3.12/site-packages/airflow/example_dags/example_branch_operator_decorator.py
[2024-09-29T08:24:52.871-0500] {processor.py:208} INFO - Processing /home/d-salamanca/airflow-env/lib/python3.12/site-packages/airflow/example_dags/example_branch_operator_decorator.py took 0.042 seconds
[2024-09-29T08:26:20.844-0500] {processor.py:186} INFO - Started process (PID=30103) to work on /home/d-salamanca/airflow-env/lib/python3.12/site-packages/airflow/example_dags/example_branch_operator_decorator.py
[2024-09-29T08:26:20.845-0500] {processor.py:914} INFO - Processing file /home/d-salamanca/airflow-env/lib/python3.12/site-packages/airflow/example_dags/example_branch_operator_decorator.py for tasks to queue
[2024-09-29T08:26:20.849-0500] {logging_mixin.py:190} INFO - [2024-09-29T08:26:20.848-0500] {dagbag.py:588} INFO - Filling up the DagBag from /home/d-salamanca/airflow-env/lib/python3.12/site-packages/airflow/example_dags/example_branch_operator_decorator.py
[2024-09-29T08:26:20.892-0500] {processor.py:927} WARNING - No viable dags retrieved from /home/d-salamanca/airflow-env/lib/python3.12/site-packages/airflow/example_dags/example_branch_operator_decorator.py
[2024-09-29T08:26:20.909-0500] {processor.py:208} INFO - Processing /home/d-salamanca/airflow-env/lib/python3.12/site-packages/airflow/example_dags/example_branch_operator_decorator.py took 0.072 seconds
[2024-09-29T08:27:37.617-0500] {processor.py:186} INFO - Started process (PID=30171) to work on /home/d-salamanca/airflow-env/lib/python3.12/site-packages/airflow/example_dags/example_branch_operator_decorator.py
[2024-09-29T08:27:37.619-0500] {processor.py:914} INFO - Processing file /home/d-salamanca/airflow-env/lib/python3.12/site-packages/airflow/example_dags/example_branch_operator_decorator.py for tasks to queue
[2024-09-29T08:27:37.621-0500] {logging_mixin.py:190} INFO - [2024-09-29T08:27:37.621-0500] {dagbag.py:588} INFO - Filling up the DagBag from /home/d-salamanca/airflow-env/lib/python3.12/site-packages/airflow/example_dags/example_branch_operator_decorator.py
[2024-09-29T08:27:37.624-0500] {processor.py:927} WARNING - No viable dags retrieved from /home/d-salamanca/airflow-env/lib/python3.12/site-packages/airflow/example_dags/example_branch_operator_decorator.py
[2024-09-29T08:27:37.637-0500] {processor.py:208} INFO - Processing /home/d-salamanca/airflow-env/lib/python3.12/site-packages/airflow/example_dags/example_branch_operator_decorator.py took 0.027 seconds
[2024-09-29T08:28:53.054-0500] {processor.py:186} INFO - Started process (PID=30238) to work on /home/d-salamanca/airflow-env/lib/python3.12/site-packages/airflow/example_dags/example_branch_operator_decorator.py
[2024-09-29T08:28:53.055-0500] {processor.py:914} INFO - Processing file /home/d-salamanca/airflow-env/lib/python3.12/site-packages/airflow/example_dags/example_branch_operator_decorator.py for tasks to queue
[2024-09-29T08:28:53.058-0500] {logging_mixin.py:190} INFO - [2024-09-29T08:28:53.057-0500] {dagbag.py:588} INFO - Filling up the DagBag from /home/d-salamanca/airflow-env/lib/python3.12/site-packages/airflow/example_dags/example_branch_operator_decorator.py
[2024-09-29T08:28:53.061-0500] {processor.py:927} WARNING - No viable dags retrieved from /home/d-salamanca/airflow-env/lib/python3.12/site-packages/airflow/example_dags/example_branch_operator_decorator.py
[2024-09-29T08:28:53.074-0500] {processor.py:208} INFO - Processing /home/d-salamanca/airflow-env/lib/python3.12/site-packages/airflow/example_dags/example_branch_operator_decorator.py took 0.028 seconds
[2024-09-29T08:30:22.847-0500] {processor.py:186} INFO - Started process (PID=30316) to work on /home/d-salamanca/airflow-env/lib/python3.12/site-packages/airflow/example_dags/example_branch_operator_decorator.py
[2024-09-29T08:30:22.849-0500] {processor.py:914} INFO - Processing file /home/d-salamanca/airflow-env/lib/python3.12/site-packages/airflow/example_dags/example_branch_operator_decorator.py for tasks to queue
[2024-09-29T08:30:22.853-0500] {logging_mixin.py:190} INFO - [2024-09-29T08:30:22.852-0500] {dagbag.py:588} INFO - Filling up the DagBag from /home/d-salamanca/airflow-env/lib/python3.12/site-packages/airflow/example_dags/example_branch_operator_decorator.py
[2024-09-29T08:30:22.857-0500] {processor.py:927} WARNING - No viable dags retrieved from /home/d-salamanca/airflow-env/lib/python3.12/site-packages/airflow/example_dags/example_branch_operator_decorator.py
[2024-09-29T08:30:22.870-0500] {processor.py:208} INFO - Processing /home/d-salamanca/airflow-env/lib/python3.12/site-packages/airflow/example_dags/example_branch_operator_decorator.py took 0.030 seconds
[2024-09-29T08:31:54.950-0500] {processor.py:186} INFO - Started process (PID=30399) to work on /home/d-salamanca/airflow-env/lib/python3.12/site-packages/airflow/example_dags/example_branch_operator_decorator.py
[2024-09-29T08:31:54.951-0500] {processor.py:914} INFO - Processing file /home/d-salamanca/airflow-env/lib/python3.12/site-packages/airflow/example_dags/example_branch_operator_decorator.py for tasks to queue
[2024-09-29T08:31:54.954-0500] {logging_mixin.py:190} INFO - [2024-09-29T08:31:54.953-0500] {dagbag.py:588} INFO - Filling up the DagBag from /home/d-salamanca/airflow-env/lib/python3.12/site-packages/airflow/example_dags/example_branch_operator_decorator.py
[2024-09-29T08:31:54.957-0500] {processor.py:927} WARNING - No viable dags retrieved from /home/d-salamanca/airflow-env/lib/python3.12/site-packages/airflow/example_dags/example_branch_operator_decorator.py
[2024-09-29T08:31:54.973-0500] {processor.py:208} INFO - Processing /home/d-salamanca/airflow-env/lib/python3.12/site-packages/airflow/example_dags/example_branch_operator_decorator.py took 0.032 seconds
[2024-09-29T08:33:28.003-0500] {processor.py:186} INFO - Started process (PID=30476) to work on /home/d-salamanca/airflow-env/lib/python3.12/site-packages/airflow/example_dags/example_branch_operator_decorator.py
[2024-09-29T08:33:28.030-0500] {processor.py:914} INFO - Processing file /home/d-salamanca/airflow-env/lib/python3.12/site-packages/airflow/example_dags/example_branch_operator_decorator.py for tasks to queue
[2024-09-29T08:33:28.035-0500] {logging_mixin.py:190} INFO - [2024-09-29T08:33:28.034-0500] {dagbag.py:588} INFO - Filling up the DagBag from /home/d-salamanca/airflow-env/lib/python3.12/site-packages/airflow/example_dags/example_branch_operator_decorator.py
[2024-09-29T08:33:28.041-0500] {processor.py:927} WARNING - No viable dags retrieved from /home/d-salamanca/airflow-env/lib/python3.12/site-packages/airflow/example_dags/example_branch_operator_decorator.py
[2024-09-29T08:33:28.055-0500] {processor.py:208} INFO - Processing /home/d-salamanca/airflow-env/lib/python3.12/site-packages/airflow/example_dags/example_branch_operator_decorator.py took 0.060 seconds
[2024-09-29T08:34:52.278-0500] {processor.py:186} INFO - Started process (PID=30541) to work on /home/d-salamanca/airflow-env/lib/python3.12/site-packages/airflow/example_dags/example_branch_operator_decorator.py
[2024-09-29T08:34:52.279-0500] {processor.py:914} INFO - Processing file /home/d-salamanca/airflow-env/lib/python3.12/site-packages/airflow/example_dags/example_branch_operator_decorator.py for tasks to queue
[2024-09-29T08:34:52.281-0500] {logging_mixin.py:190} INFO - [2024-09-29T08:34:52.281-0500] {dagbag.py:588} INFO - Filling up the DagBag from /home/d-salamanca/airflow-env/lib/python3.12/site-packages/airflow/example_dags/example_branch_operator_decorator.py
[2024-09-29T08:34:52.284-0500] {processor.py:927} WARNING - No viable dags retrieved from /home/d-salamanca/airflow-env/lib/python3.12/site-packages/airflow/example_dags/example_branch_operator_decorator.py
[2024-09-29T08:34:52.298-0500] {processor.py:208} INFO - Processing /home/d-salamanca/airflow-env/lib/python3.12/site-packages/airflow/example_dags/example_branch_operator_decorator.py took 0.028 seconds
[2024-09-29T08:37:30.505-0500] {processor.py:186} INFO - Started process (PID=31021) to work on /home/d-salamanca/airflow-env/lib/python3.12/site-packages/airflow/example_dags/example_branch_operator_decorator.py
[2024-09-29T08:37:30.518-0500] {processor.py:914} INFO - Processing file /home/d-salamanca/airflow-env/lib/python3.12/site-packages/airflow/example_dags/example_branch_operator_decorator.py for tasks to queue
[2024-09-29T08:37:30.522-0500] {logging_mixin.py:190} INFO - [2024-09-29T08:37:30.521-0500] {dagbag.py:588} INFO - Filling up the DagBag from /home/d-salamanca/airflow-env/lib/python3.12/site-packages/airflow/example_dags/example_branch_operator_decorator.py
[2024-09-29T08:37:30.547-0500] {processor.py:927} WARNING - No viable dags retrieved from /home/d-salamanca/airflow-env/lib/python3.12/site-packages/airflow/example_dags/example_branch_operator_decorator.py
[2024-09-29T08:37:30.562-0500] {processor.py:208} INFO - Processing /home/d-salamanca/airflow-env/lib/python3.12/site-packages/airflow/example_dags/example_branch_operator_decorator.py took 0.065 seconds
[2024-09-29T08:38:51.193-0500] {processor.py:186} INFO - Started process (PID=31092) to work on /home/d-salamanca/airflow-env/lib/python3.12/site-packages/airflow/example_dags/example_branch_operator_decorator.py
[2024-09-29T08:38:51.237-0500] {processor.py:914} INFO - Processing file /home/d-salamanca/airflow-env/lib/python3.12/site-packages/airflow/example_dags/example_branch_operator_decorator.py for tasks to queue
[2024-09-29T08:38:51.243-0500] {logging_mixin.py:190} INFO - [2024-09-29T08:38:51.242-0500] {dagbag.py:588} INFO - Filling up the DagBag from /home/d-salamanca/airflow-env/lib/python3.12/site-packages/airflow/example_dags/example_branch_operator_decorator.py
[2024-09-29T08:38:51.305-0500] {processor.py:927} WARNING - No viable dags retrieved from /home/d-salamanca/airflow-env/lib/python3.12/site-packages/airflow/example_dags/example_branch_operator_decorator.py
[2024-09-29T08:38:51.319-0500] {processor.py:208} INFO - Processing /home/d-salamanca/airflow-env/lib/python3.12/site-packages/airflow/example_dags/example_branch_operator_decorator.py took 0.134 seconds
[2024-09-29T08:40:27.038-0500] {processor.py:186} INFO - Started process (PID=31170) to work on /home/d-salamanca/airflow-env/lib/python3.12/site-packages/airflow/example_dags/example_branch_operator_decorator.py
[2024-09-29T08:40:27.039-0500] {processor.py:914} INFO - Processing file /home/d-salamanca/airflow-env/lib/python3.12/site-packages/airflow/example_dags/example_branch_operator_decorator.py for tasks to queue
[2024-09-29T08:40:27.042-0500] {logging_mixin.py:190} INFO - [2024-09-29T08:40:27.041-0500] {dagbag.py:588} INFO - Filling up the DagBag from /home/d-salamanca/airflow-env/lib/python3.12/site-packages/airflow/example_dags/example_branch_operator_decorator.py
[2024-09-29T08:40:27.048-0500] {processor.py:927} WARNING - No viable dags retrieved from /home/d-salamanca/airflow-env/lib/python3.12/site-packages/airflow/example_dags/example_branch_operator_decorator.py
[2024-09-29T08:40:27.064-0500] {processor.py:208} INFO - Processing /home/d-salamanca/airflow-env/lib/python3.12/site-packages/airflow/example_dags/example_branch_operator_decorator.py took 0.033 seconds
[2024-09-29T08:41:57.392-0500] {processor.py:186} INFO - Started process (PID=31241) to work on /home/d-salamanca/airflow-env/lib/python3.12/site-packages/airflow/example_dags/example_branch_operator_decorator.py
[2024-09-29T08:41:57.412-0500] {processor.py:914} INFO - Processing file /home/d-salamanca/airflow-env/lib/python3.12/site-packages/airflow/example_dags/example_branch_operator_decorator.py for tasks to queue
[2024-09-29T08:41:57.417-0500] {logging_mixin.py:190} INFO - [2024-09-29T08:41:57.416-0500] {dagbag.py:588} INFO - Filling up the DagBag from /home/d-salamanca/airflow-env/lib/python3.12/site-packages/airflow/example_dags/example_branch_operator_decorator.py
[2024-09-29T08:41:57.423-0500] {processor.py:927} WARNING - No viable dags retrieved from /home/d-salamanca/airflow-env/lib/python3.12/site-packages/airflow/example_dags/example_branch_operator_decorator.py
[2024-09-29T08:41:57.487-0500] {processor.py:208} INFO - Processing /home/d-salamanca/airflow-env/lib/python3.12/site-packages/airflow/example_dags/example_branch_operator_decorator.py took 0.103 seconds
[2024-09-29T08:43:30.517-0500] {processor.py:186} INFO - Started process (PID=31315) to work on /home/d-salamanca/airflow-env/lib/python3.12/site-packages/airflow/example_dags/example_branch_operator_decorator.py
[2024-09-29T08:43:30.544-0500] {processor.py:914} INFO - Processing file /home/d-salamanca/airflow-env/lib/python3.12/site-packages/airflow/example_dags/example_branch_operator_decorator.py for tasks to queue
[2024-09-29T08:43:30.547-0500] {logging_mixin.py:190} INFO - [2024-09-29T08:43:30.546-0500] {dagbag.py:588} INFO - Filling up the DagBag from /home/d-salamanca/airflow-env/lib/python3.12/site-packages/airflow/example_dags/example_branch_operator_decorator.py
[2024-09-29T08:43:30.551-0500] {processor.py:927} WARNING - No viable dags retrieved from /home/d-salamanca/airflow-env/lib/python3.12/site-packages/airflow/example_dags/example_branch_operator_decorator.py
[2024-09-29T08:43:30.564-0500] {processor.py:208} INFO - Processing /home/d-salamanca/airflow-env/lib/python3.12/site-packages/airflow/example_dags/example_branch_operator_decorator.py took 0.057 seconds
[2024-09-29T08:44:52.955-0500] {processor.py:186} INFO - Started process (PID=31391) to work on /home/d-salamanca/airflow-env/lib/python3.12/site-packages/airflow/example_dags/example_branch_operator_decorator.py
[2024-09-29T08:44:52.976-0500] {processor.py:914} INFO - Processing file /home/d-salamanca/airflow-env/lib/python3.12/site-packages/airflow/example_dags/example_branch_operator_decorator.py for tasks to queue
[2024-09-29T08:44:52.980-0500] {logging_mixin.py:190} INFO - [2024-09-29T08:44:52.979-0500] {dagbag.py:588} INFO - Filling up the DagBag from /home/d-salamanca/airflow-env/lib/python3.12/site-packages/airflow/example_dags/example_branch_operator_decorator.py
[2024-09-29T08:44:52.986-0500] {processor.py:927} WARNING - No viable dags retrieved from /home/d-salamanca/airflow-env/lib/python3.12/site-packages/airflow/example_dags/example_branch_operator_decorator.py
[2024-09-29T08:44:53.002-0500] {processor.py:208} INFO - Processing /home/d-salamanca/airflow-env/lib/python3.12/site-packages/airflow/example_dags/example_branch_operator_decorator.py took 0.054 seconds
[2024-09-29T08:46:50.935-0500] {processor.py:186} INFO - Started process (PID=31468) to work on /home/d-salamanca/airflow-env/lib/python3.12/site-packages/airflow/example_dags/example_branch_operator_decorator.py
[2024-09-29T08:46:50.965-0500] {processor.py:914} INFO - Processing file /home/d-salamanca/airflow-env/lib/python3.12/site-packages/airflow/example_dags/example_branch_operator_decorator.py for tasks to queue
[2024-09-29T08:46:50.970-0500] {logging_mixin.py:190} INFO - [2024-09-29T08:46:50.969-0500] {dagbag.py:588} INFO - Filling up the DagBag from /home/d-salamanca/airflow-env/lib/python3.12/site-packages/airflow/example_dags/example_branch_operator_decorator.py
[2024-09-29T08:46:50.974-0500] {processor.py:927} WARNING - No viable dags retrieved from /home/d-salamanca/airflow-env/lib/python3.12/site-packages/airflow/example_dags/example_branch_operator_decorator.py
[2024-09-29T08:46:50.988-0500] {processor.py:208} INFO - Processing /home/d-salamanca/airflow-env/lib/python3.12/site-packages/airflow/example_dags/example_branch_operator_decorator.py took 0.060 seconds
[2024-09-29T08:48:20.123-0500] {processor.py:186} INFO - Started process (PID=31554) to work on /home/d-salamanca/airflow-env/lib/python3.12/site-packages/airflow/example_dags/example_branch_operator_decorator.py
[2024-09-29T08:48:20.135-0500] {processor.py:914} INFO - Processing file /home/d-salamanca/airflow-env/lib/python3.12/site-packages/airflow/example_dags/example_branch_operator_decorator.py for tasks to queue
[2024-09-29T08:48:20.138-0500] {logging_mixin.py:190} INFO - [2024-09-29T08:48:20.137-0500] {dagbag.py:588} INFO - Filling up the DagBag from /home/d-salamanca/airflow-env/lib/python3.12/site-packages/airflow/example_dags/example_branch_operator_decorator.py
[2024-09-29T08:48:20.141-0500] {processor.py:927} WARNING - No viable dags retrieved from /home/d-salamanca/airflow-env/lib/python3.12/site-packages/airflow/example_dags/example_branch_operator_decorator.py
[2024-09-29T08:48:20.154-0500] {processor.py:208} INFO - Processing /home/d-salamanca/airflow-env/lib/python3.12/site-packages/airflow/example_dags/example_branch_operator_decorator.py took 0.039 seconds
[2024-09-29T08:49:45.347-0500] {processor.py:186} INFO - Started process (PID=31626) to work on /home/d-salamanca/airflow-env/lib/python3.12/site-packages/airflow/example_dags/example_branch_operator_decorator.py
[2024-09-29T08:49:45.366-0500] {processor.py:914} INFO - Processing file /home/d-salamanca/airflow-env/lib/python3.12/site-packages/airflow/example_dags/example_branch_operator_decorator.py for tasks to queue
[2024-09-29T08:49:45.369-0500] {logging_mixin.py:190} INFO - [2024-09-29T08:49:45.369-0500] {dagbag.py:588} INFO - Filling up the DagBag from /home/d-salamanca/airflow-env/lib/python3.12/site-packages/airflow/example_dags/example_branch_operator_decorator.py
[2024-09-29T08:49:45.373-0500] {processor.py:927} WARNING - No viable dags retrieved from /home/d-salamanca/airflow-env/lib/python3.12/site-packages/airflow/example_dags/example_branch_operator_decorator.py
[2024-09-29T08:49:45.386-0500] {processor.py:208} INFO - Processing /home/d-salamanca/airflow-env/lib/python3.12/site-packages/airflow/example_dags/example_branch_operator_decorator.py took 0.047 seconds
[2024-09-29T08:51:30.720-0500] {processor.py:186} INFO - Started process (PID=31917) to work on /home/d-salamanca/airflow-env/lib/python3.12/site-packages/airflow/example_dags/example_branch_operator_decorator.py
[2024-09-29T08:51:30.830-0500] {processor.py:914} INFO - Processing file /home/d-salamanca/airflow-env/lib/python3.12/site-packages/airflow/example_dags/example_branch_operator_decorator.py for tasks to queue
[2024-09-29T08:51:30.833-0500] {logging_mixin.py:190} INFO - [2024-09-29T08:51:30.833-0500] {dagbag.py:588} INFO - Filling up the DagBag from /home/d-salamanca/airflow-env/lib/python3.12/site-packages/airflow/example_dags/example_branch_operator_decorator.py
[2024-09-29T08:51:30.903-0500] {processor.py:927} WARNING - No viable dags retrieved from /home/d-salamanca/airflow-env/lib/python3.12/site-packages/airflow/example_dags/example_branch_operator_decorator.py
[2024-09-29T08:51:30.922-0500] {processor.py:208} INFO - Processing /home/d-salamanca/airflow-env/lib/python3.12/site-packages/airflow/example_dags/example_branch_operator_decorator.py took 0.212 seconds
[2024-09-29T08:53:25.607-0500] {processor.py:186} INFO - Started process (PID=31991) to work on /home/d-salamanca/airflow-env/lib/python3.12/site-packages/airflow/example_dags/example_branch_operator_decorator.py
[2024-09-29T08:53:25.634-0500] {processor.py:914} INFO - Processing file /home/d-salamanca/airflow-env/lib/python3.12/site-packages/airflow/example_dags/example_branch_operator_decorator.py for tasks to queue
[2024-09-29T08:53:25.637-0500] {logging_mixin.py:190} INFO - [2024-09-29T08:53:25.637-0500] {dagbag.py:588} INFO - Filling up the DagBag from /home/d-salamanca/airflow-env/lib/python3.12/site-packages/airflow/example_dags/example_branch_operator_decorator.py
[2024-09-29T08:53:25.808-0500] {processor.py:927} WARNING - No viable dags retrieved from /home/d-salamanca/airflow-env/lib/python3.12/site-packages/airflow/example_dags/example_branch_operator_decorator.py
[2024-09-29T08:53:25.824-0500] {processor.py:208} INFO - Processing /home/d-salamanca/airflow-env/lib/python3.12/site-packages/airflow/example_dags/example_branch_operator_decorator.py took 0.229 seconds
[2024-09-29T08:55:00.271-0500] {processor.py:186} INFO - Started process (PID=32065) to work on /home/d-salamanca/airflow-env/lib/python3.12/site-packages/airflow/example_dags/example_branch_operator_decorator.py
[2024-09-29T08:55:00.357-0500] {processor.py:914} INFO - Processing file /home/d-salamanca/airflow-env/lib/python3.12/site-packages/airflow/example_dags/example_branch_operator_decorator.py for tasks to queue
[2024-09-29T08:55:00.363-0500] {logging_mixin.py:190} INFO - [2024-09-29T08:55:00.362-0500] {dagbag.py:588} INFO - Filling up the DagBag from /home/d-salamanca/airflow-env/lib/python3.12/site-packages/airflow/example_dags/example_branch_operator_decorator.py
[2024-09-29T08:55:00.369-0500] {processor.py:927} WARNING - No viable dags retrieved from /home/d-salamanca/airflow-env/lib/python3.12/site-packages/airflow/example_dags/example_branch_operator_decorator.py
[2024-09-29T08:55:00.382-0500] {processor.py:208} INFO - Processing /home/d-salamanca/airflow-env/lib/python3.12/site-packages/airflow/example_dags/example_branch_operator_decorator.py took 0.118 seconds
[2024-09-29T08:56:43.413-0500] {processor.py:186} INFO - Started process (PID=32144) to work on /home/d-salamanca/airflow-env/lib/python3.12/site-packages/airflow/example_dags/example_branch_operator_decorator.py
[2024-09-29T08:56:43.414-0500] {processor.py:914} INFO - Processing file /home/d-salamanca/airflow-env/lib/python3.12/site-packages/airflow/example_dags/example_branch_operator_decorator.py for tasks to queue
[2024-09-29T08:56:43.417-0500] {logging_mixin.py:190} INFO - [2024-09-29T08:56:43.416-0500] {dagbag.py:588} INFO - Filling up the DagBag from /home/d-salamanca/airflow-env/lib/python3.12/site-packages/airflow/example_dags/example_branch_operator_decorator.py
[2024-09-29T08:56:43.433-0500] {processor.py:927} WARNING - No viable dags retrieved from /home/d-salamanca/airflow-env/lib/python3.12/site-packages/airflow/example_dags/example_branch_operator_decorator.py
[2024-09-29T08:56:43.447-0500] {processor.py:208} INFO - Processing /home/d-salamanca/airflow-env/lib/python3.12/site-packages/airflow/example_dags/example_branch_operator_decorator.py took 0.042 seconds
[2024-09-29T08:58:27.153-0500] {processor.py:186} INFO - Started process (PID=32224) to work on /home/d-salamanca/airflow-env/lib/python3.12/site-packages/airflow/example_dags/example_branch_operator_decorator.py
[2024-09-29T08:58:27.154-0500] {processor.py:914} INFO - Processing file /home/d-salamanca/airflow-env/lib/python3.12/site-packages/airflow/example_dags/example_branch_operator_decorator.py for tasks to queue
[2024-09-29T08:58:27.159-0500] {logging_mixin.py:190} INFO - [2024-09-29T08:58:27.158-0500] {dagbag.py:588} INFO - Filling up the DagBag from /home/d-salamanca/airflow-env/lib/python3.12/site-packages/airflow/example_dags/example_branch_operator_decorator.py
[2024-09-29T08:58:27.162-0500] {processor.py:927} WARNING - No viable dags retrieved from /home/d-salamanca/airflow-env/lib/python3.12/site-packages/airflow/example_dags/example_branch_operator_decorator.py
[2024-09-29T08:58:27.175-0500] {processor.py:208} INFO - Processing /home/d-salamanca/airflow-env/lib/python3.12/site-packages/airflow/example_dags/example_branch_operator_decorator.py took 0.030 seconds
[2024-09-29T09:00:25.696-0500] {processor.py:186} INFO - Started process (PID=32516) to work on /home/d-salamanca/airflow-env/lib/python3.12/site-packages/airflow/example_dags/example_branch_operator_decorator.py
[2024-09-29T09:00:25.759-0500] {processor.py:914} INFO - Processing file /home/d-salamanca/airflow-env/lib/python3.12/site-packages/airflow/example_dags/example_branch_operator_decorator.py for tasks to queue
[2024-09-29T09:00:25.766-0500] {logging_mixin.py:190} INFO - [2024-09-29T09:00:25.764-0500] {dagbag.py:588} INFO - Filling up the DagBag from /home/d-salamanca/airflow-env/lib/python3.12/site-packages/airflow/example_dags/example_branch_operator_decorator.py
[2024-09-29T09:00:25.803-0500] {processor.py:927} WARNING - No viable dags retrieved from /home/d-salamanca/airflow-env/lib/python3.12/site-packages/airflow/example_dags/example_branch_operator_decorator.py
[2024-09-29T09:00:25.824-0500] {processor.py:208} INFO - Processing /home/d-salamanca/airflow-env/lib/python3.12/site-packages/airflow/example_dags/example_branch_operator_decorator.py took 0.136 seconds
[2024-09-29T09:02:09.864-0500] {processor.py:186} INFO - Started process (PID=32606) to work on /home/d-salamanca/airflow-env/lib/python3.12/site-packages/airflow/example_dags/example_branch_operator_decorator.py
[2024-09-29T09:02:09.886-0500] {processor.py:914} INFO - Processing file /home/d-salamanca/airflow-env/lib/python3.12/site-packages/airflow/example_dags/example_branch_operator_decorator.py for tasks to queue
[2024-09-29T09:02:09.889-0500] {logging_mixin.py:190} INFO - [2024-09-29T09:02:09.888-0500] {dagbag.py:588} INFO - Filling up the DagBag from /home/d-salamanca/airflow-env/lib/python3.12/site-packages/airflow/example_dags/example_branch_operator_decorator.py
[2024-09-29T09:02:09.897-0500] {processor.py:927} WARNING - No viable dags retrieved from /home/d-salamanca/airflow-env/lib/python3.12/site-packages/airflow/example_dags/example_branch_operator_decorator.py
[2024-09-29T09:02:09.916-0500] {processor.py:208} INFO - Processing /home/d-salamanca/airflow-env/lib/python3.12/site-packages/airflow/example_dags/example_branch_operator_decorator.py took 0.063 seconds
[2024-09-29T09:03:33.555-0500] {processor.py:186} INFO - Started process (PID=32676) to work on /home/d-salamanca/airflow-env/lib/python3.12/site-packages/airflow/example_dags/example_branch_operator_decorator.py
[2024-09-29T09:03:33.556-0500] {processor.py:914} INFO - Processing file /home/d-salamanca/airflow-env/lib/python3.12/site-packages/airflow/example_dags/example_branch_operator_decorator.py for tasks to queue
[2024-09-29T09:03:33.558-0500] {logging_mixin.py:190} INFO - [2024-09-29T09:03:33.558-0500] {dagbag.py:588} INFO - Filling up the DagBag from /home/d-salamanca/airflow-env/lib/python3.12/site-packages/airflow/example_dags/example_branch_operator_decorator.py
[2024-09-29T09:03:33.561-0500] {processor.py:927} WARNING - No viable dags retrieved from /home/d-salamanca/airflow-env/lib/python3.12/site-packages/airflow/example_dags/example_branch_operator_decorator.py
[2024-09-29T09:03:33.574-0500] {processor.py:208} INFO - Processing /home/d-salamanca/airflow-env/lib/python3.12/site-packages/airflow/example_dags/example_branch_operator_decorator.py took 0.027 seconds
[2024-09-29T09:05:23.325-0500] {processor.py:186} INFO - Started process (PID=33028) to work on /home/d-salamanca/airflow-env/lib/python3.12/site-packages/airflow/example_dags/example_branch_operator_decorator.py
[2024-09-29T09:05:23.376-0500] {processor.py:914} INFO - Processing file /home/d-salamanca/airflow-env/lib/python3.12/site-packages/airflow/example_dags/example_branch_operator_decorator.py for tasks to queue
[2024-09-29T09:05:23.382-0500] {logging_mixin.py:190} INFO - [2024-09-29T09:05:23.381-0500] {dagbag.py:588} INFO - Filling up the DagBag from /home/d-salamanca/airflow-env/lib/python3.12/site-packages/airflow/example_dags/example_branch_operator_decorator.py
[2024-09-29T09:05:23.725-0500] {processor.py:927} WARNING - No viable dags retrieved from /home/d-salamanca/airflow-env/lib/python3.12/site-packages/airflow/example_dags/example_branch_operator_decorator.py
[2024-09-29T09:05:23.744-0500] {processor.py:208} INFO - Processing /home/d-salamanca/airflow-env/lib/python3.12/site-packages/airflow/example_dags/example_branch_operator_decorator.py took 0.426 seconds
[2024-09-29T09:07:30.822-0500] {processor.py:186} INFO - Started process (PID=33114) to work on /home/d-salamanca/airflow-env/lib/python3.12/site-packages/airflow/example_dags/example_branch_operator_decorator.py
[2024-09-29T09:07:30.829-0500] {processor.py:914} INFO - Processing file /home/d-salamanca/airflow-env/lib/python3.12/site-packages/airflow/example_dags/example_branch_operator_decorator.py for tasks to queue
[2024-09-29T09:07:30.836-0500] {logging_mixin.py:190} INFO - [2024-09-29T09:07:30.834-0500] {dagbag.py:588} INFO - Filling up the DagBag from /home/d-salamanca/airflow-env/lib/python3.12/site-packages/airflow/example_dags/example_branch_operator_decorator.py
[2024-09-29T09:07:30.843-0500] {processor.py:927} WARNING - No viable dags retrieved from /home/d-salamanca/airflow-env/lib/python3.12/site-packages/airflow/example_dags/example_branch_operator_decorator.py
[2024-09-29T09:07:30.857-0500] {processor.py:208} INFO - Processing /home/d-salamanca/airflow-env/lib/python3.12/site-packages/airflow/example_dags/example_branch_operator_decorator.py took 0.046 seconds
