[2024-09-29T00:19:58.821-0500] {processor.py:186} INFO - Started process (PID=28650) to work on /home/d-salamanca/airflow-env/lib/python3.12/site-packages/airflow/example_dags/example_dag_decorator.py
[2024-09-29T00:19:58.822-0500] {processor.py:914} INFO - Processing file /home/d-salamanca/airflow-env/lib/python3.12/site-packages/airflow/example_dags/example_dag_decorator.py for tasks to queue
[2024-09-29T00:19:58.824-0500] {logging_mixin.py:190} INFO - [2024-09-29T00:19:58.824-0500] {dagbag.py:588} INFO - Filling up the DagBag from /home/d-salamanca/airflow-env/lib/python3.12/site-packages/airflow/example_dags/example_dag_decorator.py
[2024-09-29T00:19:58.927-0500] {processor.py:925} INFO - DAG(s) 'example_dag_decorator' retrieved from /home/d-salamanca/airflow-env/lib/python3.12/site-packages/airflow/example_dags/example_dag_decorator.py
[2024-09-29T00:19:59.193-0500] {logging_mixin.py:190} INFO - [2024-09-29T00:19:59.191-0500] {override.py:1901} INFO - Created Permission View: can edit on DAG:example_dag_decorator
[2024-09-29T00:19:59.219-0500] {logging_mixin.py:190} INFO - [2024-09-29T00:19:59.219-0500] {override.py:1901} INFO - Created Permission View: can read on DAG:example_dag_decorator
[2024-09-29T00:19:59.246-0500] {logging_mixin.py:190} INFO - [2024-09-29T00:19:59.246-0500] {override.py:1901} INFO - Created Permission View: can delete on DAG:example_dag_decorator
[2024-09-29T00:19:59.312-0500] {logging_mixin.py:190} INFO - [2024-09-29T00:19:59.312-0500] {override.py:1901} INFO - Created Permission View: can create on DAG Run:example_dag_decorator
[2024-09-29T00:19:59.328-0500] {logging_mixin.py:190} INFO - [2024-09-29T00:19:59.327-0500] {override.py:1901} INFO - Created Permission View: can read on DAG Run:example_dag_decorator
[2024-09-29T00:19:59.386-0500] {logging_mixin.py:190} INFO - [2024-09-29T00:19:59.386-0500] {override.py:1901} INFO - Created Permission View: can delete on DAG Run:example_dag_decorator
[2024-09-29T00:19:59.417-0500] {logging_mixin.py:190} INFO - [2024-09-29T00:19:59.417-0500] {override.py:1901} INFO - Created Permission View: menu access on DAG Run:example_dag_decorator
[2024-09-29T00:19:59.418-0500] {logging_mixin.py:190} INFO - [2024-09-29T00:19:59.418-0500] {dag.py:3239} INFO - Sync 1 DAGs
[2024-09-29T00:19:59.431-0500] {logging_mixin.py:190} INFO - [2024-09-29T00:19:59.431-0500] {dag.py:3262} INFO - Creating ORM DAG for example_dag_decorator
[2024-09-29T00:19:59.432-0500] {logging_mixin.py:190} INFO - [2024-09-29T00:19:59.432-0500] {dag.py:4180} INFO - Setting next_dagrun for example_dag_decorator to None, run_after=None
[2024-09-29T00:19:59.614-0500] {processor.py:208} INFO - Processing /home/d-salamanca/airflow-env/lib/python3.12/site-packages/airflow/example_dags/example_dag_decorator.py took 0.800 seconds
[2024-09-29T00:21:42.624-0500] {processor.py:186} INFO - Started process (PID=28742) to work on /home/d-salamanca/airflow-env/lib/python3.12/site-packages/airflow/example_dags/example_dag_decorator.py
[2024-09-29T00:21:42.647-0500] {processor.py:914} INFO - Processing file /home/d-salamanca/airflow-env/lib/python3.12/site-packages/airflow/example_dags/example_dag_decorator.py for tasks to queue
[2024-09-29T00:21:42.652-0500] {logging_mixin.py:190} INFO - [2024-09-29T00:21:42.651-0500] {dagbag.py:588} INFO - Filling up the DagBag from /home/d-salamanca/airflow-env/lib/python3.12/site-packages/airflow/example_dags/example_dag_decorator.py
[2024-09-29T00:21:42.671-0500] {processor.py:925} INFO - DAG(s) 'example_dag_decorator' retrieved from /home/d-salamanca/airflow-env/lib/python3.12/site-packages/airflow/example_dags/example_dag_decorator.py
[2024-09-29T00:21:42.790-0500] {logging_mixin.py:190} INFO - [2024-09-29T00:21:42.790-0500] {dag.py:3239} INFO - Sync 1 DAGs
[2024-09-29T00:21:42.802-0500] {logging_mixin.py:190} INFO - [2024-09-29T00:21:42.801-0500] {dag.py:4180} INFO - Setting next_dagrun for example_dag_decorator to None, run_after=None
[2024-09-29T00:21:42.955-0500] {processor.py:208} INFO - Processing /home/d-salamanca/airflow-env/lib/python3.12/site-packages/airflow/example_dags/example_dag_decorator.py took 0.340 seconds
[2024-09-29T00:23:17.848-0500] {processor.py:186} INFO - Started process (PID=28817) to work on /home/d-salamanca/airflow-env/lib/python3.12/site-packages/airflow/example_dags/example_dag_decorator.py
[2024-09-29T00:23:17.898-0500] {processor.py:914} INFO - Processing file /home/d-salamanca/airflow-env/lib/python3.12/site-packages/airflow/example_dags/example_dag_decorator.py for tasks to queue
[2024-09-29T00:23:17.903-0500] {logging_mixin.py:190} INFO - [2024-09-29T00:23:17.902-0500] {dagbag.py:588} INFO - Filling up the DagBag from /home/d-salamanca/airflow-env/lib/python3.12/site-packages/airflow/example_dags/example_dag_decorator.py
[2024-09-29T00:23:17.924-0500] {processor.py:925} INFO - DAG(s) 'example_dag_decorator' retrieved from /home/d-salamanca/airflow-env/lib/python3.12/site-packages/airflow/example_dags/example_dag_decorator.py
[2024-09-29T00:23:17.946-0500] {logging_mixin.py:190} INFO - [2024-09-29T00:23:17.946-0500] {dag.py:3239} INFO - Sync 1 DAGs
[2024-09-29T00:23:17.960-0500] {logging_mixin.py:190} INFO - [2024-09-29T00:23:17.959-0500] {dag.py:4180} INFO - Setting next_dagrun for example_dag_decorator to None, run_after=None
[2024-09-29T00:23:18.024-0500] {processor.py:208} INFO - Processing /home/d-salamanca/airflow-env/lib/python3.12/site-packages/airflow/example_dags/example_dag_decorator.py took 0.184 seconds
[2024-09-29T00:24:42.913-0500] {processor.py:186} INFO - Started process (PID=28889) to work on /home/d-salamanca/airflow-env/lib/python3.12/site-packages/airflow/example_dags/example_dag_decorator.py
[2024-09-29T00:24:42.914-0500] {processor.py:914} INFO - Processing file /home/d-salamanca/airflow-env/lib/python3.12/site-packages/airflow/example_dags/example_dag_decorator.py for tasks to queue
[2024-09-29T00:24:42.917-0500] {logging_mixin.py:190} INFO - [2024-09-29T00:24:42.917-0500] {dagbag.py:588} INFO - Filling up the DagBag from /home/d-salamanca/airflow-env/lib/python3.12/site-packages/airflow/example_dags/example_dag_decorator.py
[2024-09-29T00:24:42.934-0500] {processor.py:925} INFO - DAG(s) 'example_dag_decorator' retrieved from /home/d-salamanca/airflow-env/lib/python3.12/site-packages/airflow/example_dags/example_dag_decorator.py
[2024-09-29T00:24:42.958-0500] {logging_mixin.py:190} INFO - [2024-09-29T00:24:42.957-0500] {dag.py:3239} INFO - Sync 1 DAGs
[2024-09-29T00:24:42.972-0500] {logging_mixin.py:190} INFO - [2024-09-29T00:24:42.972-0500] {dag.py:4180} INFO - Setting next_dagrun for example_dag_decorator to None, run_after=None
[2024-09-29T00:24:43.015-0500] {processor.py:208} INFO - Processing /home/d-salamanca/airflow-env/lib/python3.12/site-packages/airflow/example_dags/example_dag_decorator.py took 0.110 seconds
[2024-09-29T00:26:17.637-0500] {processor.py:186} INFO - Started process (PID=28962) to work on /home/d-salamanca/airflow-env/lib/python3.12/site-packages/airflow/example_dags/example_dag_decorator.py
[2024-09-29T00:26:17.638-0500] {processor.py:914} INFO - Processing file /home/d-salamanca/airflow-env/lib/python3.12/site-packages/airflow/example_dags/example_dag_decorator.py for tasks to queue
[2024-09-29T00:26:17.645-0500] {logging_mixin.py:190} INFO - [2024-09-29T00:26:17.644-0500] {dagbag.py:588} INFO - Filling up the DagBag from /home/d-salamanca/airflow-env/lib/python3.12/site-packages/airflow/example_dags/example_dag_decorator.py
[2024-09-29T00:26:17.661-0500] {processor.py:925} INFO - DAG(s) 'example_dag_decorator' retrieved from /home/d-salamanca/airflow-env/lib/python3.12/site-packages/airflow/example_dags/example_dag_decorator.py
[2024-09-29T00:26:17.788-0500] {logging_mixin.py:190} INFO - [2024-09-29T00:26:17.788-0500] {dag.py:3239} INFO - Sync 1 DAGs
[2024-09-29T00:26:17.799-0500] {logging_mixin.py:190} INFO - [2024-09-29T00:26:17.799-0500] {dag.py:4180} INFO - Setting next_dagrun for example_dag_decorator to None, run_after=None
[2024-09-29T00:26:18.315-0500] {processor.py:208} INFO - Processing /home/d-salamanca/airflow-env/lib/python3.12/site-packages/airflow/example_dags/example_dag_decorator.py took 0.690 seconds
[2024-09-29T00:27:48.945-0500] {processor.py:186} INFO - Started process (PID=29123) to work on /home/d-salamanca/airflow-env/lib/python3.12/site-packages/airflow/example_dags/example_dag_decorator.py
[2024-09-29T00:27:49.081-0500] {processor.py:914} INFO - Processing file /home/d-salamanca/airflow-env/lib/python3.12/site-packages/airflow/example_dags/example_dag_decorator.py for tasks to queue
[2024-09-29T00:27:49.087-0500] {logging_mixin.py:190} INFO - [2024-09-29T00:27:49.087-0500] {dagbag.py:588} INFO - Filling up the DagBag from /home/d-salamanca/airflow-env/lib/python3.12/site-packages/airflow/example_dags/example_dag_decorator.py
[2024-09-29T00:27:49.458-0500] {processor.py:925} INFO - DAG(s) 'example_dag_decorator' retrieved from /home/d-salamanca/airflow-env/lib/python3.12/site-packages/airflow/example_dags/example_dag_decorator.py
[2024-09-29T00:27:51.370-0500] {logging_mixin.py:190} INFO - [2024-09-29T00:27:51.370-0500] {dag.py:3239} INFO - Sync 1 DAGs
[2024-09-29T00:27:51.382-0500] {logging_mixin.py:190} INFO - [2024-09-29T00:27:51.382-0500] {dag.py:4180} INFO - Setting next_dagrun for example_dag_decorator to None, run_after=None
[2024-09-29T00:27:51.617-0500] {processor.py:208} INFO - Processing /home/d-salamanca/airflow-env/lib/python3.12/site-packages/airflow/example_dags/example_dag_decorator.py took 2.682 seconds
[2024-09-29T00:30:06.120-0500] {processor.py:186} INFO - Started process (PID=29256) to work on /home/d-salamanca/airflow-env/lib/python3.12/site-packages/airflow/example_dags/example_dag_decorator.py
[2024-09-29T00:30:06.175-0500] {processor.py:914} INFO - Processing file /home/d-salamanca/airflow-env/lib/python3.12/site-packages/airflow/example_dags/example_dag_decorator.py for tasks to queue
[2024-09-29T00:30:06.182-0500] {logging_mixin.py:190} INFO - [2024-09-29T00:30:06.180-0500] {dagbag.py:588} INFO - Filling up the DagBag from /home/d-salamanca/airflow-env/lib/python3.12/site-packages/airflow/example_dags/example_dag_decorator.py
[2024-09-29T00:30:06.464-0500] {processor.py:925} INFO - DAG(s) 'example_dag_decorator' retrieved from /home/d-salamanca/airflow-env/lib/python3.12/site-packages/airflow/example_dags/example_dag_decorator.py
[2024-09-29T00:30:09.872-0500] {logging_mixin.py:190} INFO - [2024-09-29T00:30:09.852-0500] {dag.py:3239} INFO - Sync 1 DAGs
[2024-09-29T00:30:09.892-0500] {logging_mixin.py:190} INFO - [2024-09-29T00:30:09.892-0500] {dag.py:4180} INFO - Setting next_dagrun for example_dag_decorator to None, run_after=None
[2024-09-29T00:30:10.006-0500] {processor.py:208} INFO - Processing /home/d-salamanca/airflow-env/lib/python3.12/site-packages/airflow/example_dags/example_dag_decorator.py took 4.061 seconds
[2024-09-29T00:32:11.313-0500] {processor.py:186} INFO - Started process (PID=29349) to work on /home/d-salamanca/airflow-env/lib/python3.12/site-packages/airflow/example_dags/example_dag_decorator.py
[2024-09-29T00:32:11.328-0500] {processor.py:914} INFO - Processing file /home/d-salamanca/airflow-env/lib/python3.12/site-packages/airflow/example_dags/example_dag_decorator.py for tasks to queue
[2024-09-29T00:32:11.331-0500] {logging_mixin.py:190} INFO - [2024-09-29T00:32:11.331-0500] {dagbag.py:588} INFO - Filling up the DagBag from /home/d-salamanca/airflow-env/lib/python3.12/site-packages/airflow/example_dags/example_dag_decorator.py
[2024-09-29T00:32:11.374-0500] {processor.py:925} INFO - DAG(s) 'example_dag_decorator' retrieved from /home/d-salamanca/airflow-env/lib/python3.12/site-packages/airflow/example_dags/example_dag_decorator.py
[2024-09-29T00:32:11.398-0500] {logging_mixin.py:190} INFO - [2024-09-29T00:32:11.398-0500] {dag.py:3239} INFO - Sync 1 DAGs
[2024-09-29T00:32:11.416-0500] {logging_mixin.py:190} INFO - [2024-09-29T00:32:11.415-0500] {dag.py:4180} INFO - Setting next_dagrun for example_dag_decorator to None, run_after=None
[2024-09-29T00:32:11.461-0500] {processor.py:208} INFO - Processing /home/d-salamanca/airflow-env/lib/python3.12/site-packages/airflow/example_dags/example_dag_decorator.py took 0.158 seconds
[2024-09-29T00:33:32.232-0500] {processor.py:186} INFO - Started process (PID=29429) to work on /home/d-salamanca/airflow-env/lib/python3.12/site-packages/airflow/example_dags/example_dag_decorator.py
[2024-09-29T00:33:32.259-0500] {processor.py:914} INFO - Processing file /home/d-salamanca/airflow-env/lib/python3.12/site-packages/airflow/example_dags/example_dag_decorator.py for tasks to queue
[2024-09-29T00:33:32.264-0500] {logging_mixin.py:190} INFO - [2024-09-29T00:33:32.263-0500] {dagbag.py:588} INFO - Filling up the DagBag from /home/d-salamanca/airflow-env/lib/python3.12/site-packages/airflow/example_dags/example_dag_decorator.py
[2024-09-29T00:33:32.303-0500] {processor.py:925} INFO - DAG(s) 'example_dag_decorator' retrieved from /home/d-salamanca/airflow-env/lib/python3.12/site-packages/airflow/example_dags/example_dag_decorator.py
[2024-09-29T00:33:32.326-0500] {logging_mixin.py:190} INFO - [2024-09-29T00:33:32.326-0500] {dag.py:3239} INFO - Sync 1 DAGs
[2024-09-29T00:33:32.340-0500] {logging_mixin.py:190} INFO - [2024-09-29T00:33:32.340-0500] {dag.py:4180} INFO - Setting next_dagrun for example_dag_decorator to None, run_after=None
[2024-09-29T00:33:32.394-0500] {processor.py:208} INFO - Processing /home/d-salamanca/airflow-env/lib/python3.12/site-packages/airflow/example_dags/example_dag_decorator.py took 0.170 seconds
[2024-09-29T08:19:48.004-0500] {processor.py:186} INFO - Started process (PID=29645) to work on /home/d-salamanca/airflow-env/lib/python3.12/site-packages/airflow/example_dags/example_dag_decorator.py
[2024-09-29T08:19:48.034-0500] {processor.py:914} INFO - Processing file /home/d-salamanca/airflow-env/lib/python3.12/site-packages/airflow/example_dags/example_dag_decorator.py for tasks to queue
[2024-09-29T08:19:48.039-0500] {logging_mixin.py:190} INFO - [2024-09-29T08:19:48.038-0500] {dagbag.py:588} INFO - Filling up the DagBag from /home/d-salamanca/airflow-env/lib/python3.12/site-packages/airflow/example_dags/example_dag_decorator.py
[2024-09-29T08:19:48.113-0500] {processor.py:925} INFO - DAG(s) 'example_dag_decorator' retrieved from /home/d-salamanca/airflow-env/lib/python3.12/site-packages/airflow/example_dags/example_dag_decorator.py
[2024-09-29T08:19:48.138-0500] {logging_mixin.py:190} INFO - [2024-09-29T08:19:48.137-0500] {dag.py:3239} INFO - Sync 1 DAGs
[2024-09-29T08:19:48.157-0500] {logging_mixin.py:190} INFO - [2024-09-29T08:19:48.156-0500] {dag.py:4180} INFO - Setting next_dagrun for example_dag_decorator to None, run_after=None
[2024-09-29T08:19:48.289-0500] {processor.py:208} INFO - Processing /home/d-salamanca/airflow-env/lib/python3.12/site-packages/airflow/example_dags/example_dag_decorator.py took 0.293 seconds
[2024-09-29T08:21:50.842-0500] {processor.py:186} INFO - Started process (PID=29857) to work on /home/d-salamanca/airflow-env/lib/python3.12/site-packages/airflow/example_dags/example_dag_decorator.py
[2024-09-29T08:21:50.870-0500] {processor.py:914} INFO - Processing file /home/d-salamanca/airflow-env/lib/python3.12/site-packages/airflow/example_dags/example_dag_decorator.py for tasks to queue
[2024-09-29T08:21:50.873-0500] {logging_mixin.py:190} INFO - [2024-09-29T08:21:50.872-0500] {dagbag.py:588} INFO - Filling up the DagBag from /home/d-salamanca/airflow-env/lib/python3.12/site-packages/airflow/example_dags/example_dag_decorator.py
[2024-09-29T08:21:50.958-0500] {processor.py:925} INFO - DAG(s) 'example_dag_decorator' retrieved from /home/d-salamanca/airflow-env/lib/python3.12/site-packages/airflow/example_dags/example_dag_decorator.py
[2024-09-29T08:21:52.941-0500] {logging_mixin.py:190} INFO - [2024-09-29T08:21:52.941-0500] {dag.py:3239} INFO - Sync 1 DAGs
[2024-09-29T08:21:52.954-0500] {logging_mixin.py:190} INFO - [2024-09-29T08:21:52.954-0500] {dag.py:4180} INFO - Setting next_dagrun for example_dag_decorator to None, run_after=None
[2024-09-29T08:21:53.027-0500] {processor.py:208} INFO - Processing /home/d-salamanca/airflow-env/lib/python3.12/site-packages/airflow/example_dags/example_dag_decorator.py took 2.194 seconds
[2024-09-29T08:23:39.307-0500] {processor.py:186} INFO - Started process (PID=29937) to work on /home/d-salamanca/airflow-env/lib/python3.12/site-packages/airflow/example_dags/example_dag_decorator.py
[2024-09-29T08:23:39.332-0500] {processor.py:914} INFO - Processing file /home/d-salamanca/airflow-env/lib/python3.12/site-packages/airflow/example_dags/example_dag_decorator.py for tasks to queue
[2024-09-29T08:23:39.337-0500] {logging_mixin.py:190} INFO - [2024-09-29T08:23:39.336-0500] {dagbag.py:588} INFO - Filling up the DagBag from /home/d-salamanca/airflow-env/lib/python3.12/site-packages/airflow/example_dags/example_dag_decorator.py
[2024-09-29T08:23:39.398-0500] {processor.py:925} INFO - DAG(s) 'example_dag_decorator' retrieved from /home/d-salamanca/airflow-env/lib/python3.12/site-packages/airflow/example_dags/example_dag_decorator.py
[2024-09-29T08:23:39.515-0500] {logging_mixin.py:190} INFO - [2024-09-29T08:23:39.515-0500] {dag.py:3239} INFO - Sync 1 DAGs
[2024-09-29T08:23:39.528-0500] {logging_mixin.py:190} INFO - [2024-09-29T08:23:39.528-0500] {dag.py:4180} INFO - Setting next_dagrun for example_dag_decorator to None, run_after=None
[2024-09-29T08:23:39.906-0500] {processor.py:208} INFO - Processing /home/d-salamanca/airflow-env/lib/python3.12/site-packages/airflow/example_dags/example_dag_decorator.py took 0.607 seconds
[2024-09-29T08:25:03.010-0500] {processor.py:186} INFO - Started process (PID=30040) to work on /home/d-salamanca/airflow-env/lib/python3.12/site-packages/airflow/example_dags/example_dag_decorator.py
[2024-09-29T08:25:03.035-0500] {processor.py:914} INFO - Processing file /home/d-salamanca/airflow-env/lib/python3.12/site-packages/airflow/example_dags/example_dag_decorator.py for tasks to queue
[2024-09-29T08:25:03.043-0500] {logging_mixin.py:190} INFO - [2024-09-29T08:25:03.041-0500] {dagbag.py:588} INFO - Filling up the DagBag from /home/d-salamanca/airflow-env/lib/python3.12/site-packages/airflow/example_dags/example_dag_decorator.py
[2024-09-29T08:25:03.059-0500] {processor.py:925} INFO - DAG(s) 'example_dag_decorator' retrieved from /home/d-salamanca/airflow-env/lib/python3.12/site-packages/airflow/example_dags/example_dag_decorator.py
[2024-09-29T08:25:03.822-0500] {logging_mixin.py:190} INFO - [2024-09-29T08:25:03.821-0500] {dag.py:3239} INFO - Sync 1 DAGs
[2024-09-29T08:25:03.836-0500] {logging_mixin.py:190} INFO - [2024-09-29T08:25:03.836-0500] {dag.py:4180} INFO - Setting next_dagrun for example_dag_decorator to None, run_after=None
[2024-09-29T08:25:03.861-0500] {processor.py:208} INFO - Processing /home/d-salamanca/airflow-env/lib/python3.12/site-packages/airflow/example_dags/example_dag_decorator.py took 0.859 seconds
[2024-09-29T08:26:30.025-0500] {processor.py:186} INFO - Started process (PID=30112) to work on /home/d-salamanca/airflow-env/lib/python3.12/site-packages/airflow/example_dags/example_dag_decorator.py
[2024-09-29T08:26:30.039-0500] {processor.py:914} INFO - Processing file /home/d-salamanca/airflow-env/lib/python3.12/site-packages/airflow/example_dags/example_dag_decorator.py for tasks to queue
[2024-09-29T08:26:30.042-0500] {logging_mixin.py:190} INFO - [2024-09-29T08:26:30.042-0500] {dagbag.py:588} INFO - Filling up the DagBag from /home/d-salamanca/airflow-env/lib/python3.12/site-packages/airflow/example_dags/example_dag_decorator.py
[2024-09-29T08:26:30.071-0500] {processor.py:925} INFO - DAG(s) 'example_dag_decorator' retrieved from /home/d-salamanca/airflow-env/lib/python3.12/site-packages/airflow/example_dags/example_dag_decorator.py
[2024-09-29T08:26:30.613-0500] {logging_mixin.py:190} INFO - [2024-09-29T08:26:30.612-0500] {dag.py:3239} INFO - Sync 1 DAGs
[2024-09-29T08:26:30.624-0500] {logging_mixin.py:190} INFO - [2024-09-29T08:26:30.624-0500] {dag.py:4180} INFO - Setting next_dagrun for example_dag_decorator to None, run_after=None
[2024-09-29T08:26:30.739-0500] {processor.py:208} INFO - Processing /home/d-salamanca/airflow-env/lib/python3.12/site-packages/airflow/example_dags/example_dag_decorator.py took 0.721 seconds
[2024-09-29T08:27:48.733-0500] {processor.py:186} INFO - Started process (PID=30179) to work on /home/d-salamanca/airflow-env/lib/python3.12/site-packages/airflow/example_dags/example_dag_decorator.py
[2024-09-29T08:27:48.734-0500] {processor.py:914} INFO - Processing file /home/d-salamanca/airflow-env/lib/python3.12/site-packages/airflow/example_dags/example_dag_decorator.py for tasks to queue
[2024-09-29T08:27:48.736-0500] {logging_mixin.py:190} INFO - [2024-09-29T08:27:48.736-0500] {dagbag.py:588} INFO - Filling up the DagBag from /home/d-salamanca/airflow-env/lib/python3.12/site-packages/airflow/example_dags/example_dag_decorator.py
[2024-09-29T08:27:48.750-0500] {processor.py:925} INFO - DAG(s) 'example_dag_decorator' retrieved from /home/d-salamanca/airflow-env/lib/python3.12/site-packages/airflow/example_dags/example_dag_decorator.py
[2024-09-29T08:27:48.772-0500] {logging_mixin.py:190} INFO - [2024-09-29T08:27:48.772-0500] {dag.py:3239} INFO - Sync 1 DAGs
[2024-09-29T08:27:48.786-0500] {logging_mixin.py:190} INFO - [2024-09-29T08:27:48.786-0500] {dag.py:4180} INFO - Setting next_dagrun for example_dag_decorator to None, run_after=None
[2024-09-29T08:27:48.822-0500] {processor.py:208} INFO - Processing /home/d-salamanca/airflow-env/lib/python3.12/site-packages/airflow/example_dags/example_dag_decorator.py took 0.096 seconds
[2024-09-29T08:29:04.453-0500] {processor.py:186} INFO - Started process (PID=30247) to work on /home/d-salamanca/airflow-env/lib/python3.12/site-packages/airflow/example_dags/example_dag_decorator.py
[2024-09-29T08:29:04.565-0500] {processor.py:914} INFO - Processing file /home/d-salamanca/airflow-env/lib/python3.12/site-packages/airflow/example_dags/example_dag_decorator.py for tasks to queue
[2024-09-29T08:29:04.571-0500] {logging_mixin.py:190} INFO - [2024-09-29T08:29:04.570-0500] {dagbag.py:588} INFO - Filling up the DagBag from /home/d-salamanca/airflow-env/lib/python3.12/site-packages/airflow/example_dags/example_dag_decorator.py
[2024-09-29T08:29:04.592-0500] {processor.py:925} INFO - DAG(s) 'example_dag_decorator' retrieved from /home/d-salamanca/airflow-env/lib/python3.12/site-packages/airflow/example_dags/example_dag_decorator.py
[2024-09-29T08:29:04.616-0500] {logging_mixin.py:190} INFO - [2024-09-29T08:29:04.616-0500] {dag.py:3239} INFO - Sync 1 DAGs
[2024-09-29T08:29:04.631-0500] {logging_mixin.py:190} INFO - [2024-09-29T08:29:04.631-0500] {dag.py:4180} INFO - Setting next_dagrun for example_dag_decorator to None, run_after=None
[2024-09-29T08:29:05.053-0500] {processor.py:208} INFO - Processing /home/d-salamanca/airflow-env/lib/python3.12/site-packages/airflow/example_dags/example_dag_decorator.py took 0.607 seconds
[2024-09-29T08:30:33.061-0500] {processor.py:186} INFO - Started process (PID=30325) to work on /home/d-salamanca/airflow-env/lib/python3.12/site-packages/airflow/example_dags/example_dag_decorator.py
[2024-09-29T08:30:33.062-0500] {processor.py:914} INFO - Processing file /home/d-salamanca/airflow-env/lib/python3.12/site-packages/airflow/example_dags/example_dag_decorator.py for tasks to queue
[2024-09-29T08:30:33.065-0500] {logging_mixin.py:190} INFO - [2024-09-29T08:30:33.064-0500] {dagbag.py:588} INFO - Filling up the DagBag from /home/d-salamanca/airflow-env/lib/python3.12/site-packages/airflow/example_dags/example_dag_decorator.py
[2024-09-29T08:30:33.080-0500] {processor.py:925} INFO - DAG(s) 'example_dag_decorator' retrieved from /home/d-salamanca/airflow-env/lib/python3.12/site-packages/airflow/example_dags/example_dag_decorator.py
[2024-09-29T08:30:33.197-0500] {logging_mixin.py:190} INFO - [2024-09-29T08:30:33.197-0500] {dag.py:3239} INFO - Sync 1 DAGs
[2024-09-29T08:30:33.209-0500] {logging_mixin.py:190} INFO - [2024-09-29T08:30:33.208-0500] {dag.py:4180} INFO - Setting next_dagrun for example_dag_decorator to None, run_after=None
[2024-09-29T08:30:33.252-0500] {processor.py:208} INFO - Processing /home/d-salamanca/airflow-env/lib/python3.12/site-packages/airflow/example_dags/example_dag_decorator.py took 0.199 seconds
[2024-09-29T08:32:06.619-0500] {processor.py:186} INFO - Started process (PID=30408) to work on /home/d-salamanca/airflow-env/lib/python3.12/site-packages/airflow/example_dags/example_dag_decorator.py
[2024-09-29T08:32:06.620-0500] {processor.py:914} INFO - Processing file /home/d-salamanca/airflow-env/lib/python3.12/site-packages/airflow/example_dags/example_dag_decorator.py for tasks to queue
[2024-09-29T08:32:06.623-0500] {logging_mixin.py:190} INFO - [2024-09-29T08:32:06.622-0500] {dagbag.py:588} INFO - Filling up the DagBag from /home/d-salamanca/airflow-env/lib/python3.12/site-packages/airflow/example_dags/example_dag_decorator.py
[2024-09-29T08:32:06.637-0500] {processor.py:925} INFO - DAG(s) 'example_dag_decorator' retrieved from /home/d-salamanca/airflow-env/lib/python3.12/site-packages/airflow/example_dags/example_dag_decorator.py
[2024-09-29T08:32:06.751-0500] {logging_mixin.py:190} INFO - [2024-09-29T08:32:06.751-0500] {dag.py:3239} INFO - Sync 1 DAGs
[2024-09-29T08:32:06.762-0500] {logging_mixin.py:190} INFO - [2024-09-29T08:32:06.762-0500] {dag.py:4180} INFO - Setting next_dagrun for example_dag_decorator to None, run_after=None
[2024-09-29T08:32:07.200-0500] {processor.py:208} INFO - Processing /home/d-salamanca/airflow-env/lib/python3.12/site-packages/airflow/example_dags/example_dag_decorator.py took 0.590 seconds
[2024-09-29T08:33:37.725-0500] {processor.py:186} INFO - Started process (PID=30485) to work on /home/d-salamanca/airflow-env/lib/python3.12/site-packages/airflow/example_dags/example_dag_decorator.py
[2024-09-29T08:33:37.744-0500] {processor.py:914} INFO - Processing file /home/d-salamanca/airflow-env/lib/python3.12/site-packages/airflow/example_dags/example_dag_decorator.py for tasks to queue
[2024-09-29T08:33:37.750-0500] {logging_mixin.py:190} INFO - [2024-09-29T08:33:37.749-0500] {dagbag.py:588} INFO - Filling up the DagBag from /home/d-salamanca/airflow-env/lib/python3.12/site-packages/airflow/example_dags/example_dag_decorator.py
[2024-09-29T08:33:37.766-0500] {processor.py:925} INFO - DAG(s) 'example_dag_decorator' retrieved from /home/d-salamanca/airflow-env/lib/python3.12/site-packages/airflow/example_dags/example_dag_decorator.py
[2024-09-29T08:33:37.789-0500] {logging_mixin.py:190} INFO - [2024-09-29T08:33:37.789-0500] {dag.py:3239} INFO - Sync 1 DAGs
[2024-09-29T08:33:37.804-0500] {logging_mixin.py:190} INFO - [2024-09-29T08:33:37.803-0500] {dag.py:4180} INFO - Setting next_dagrun for example_dag_decorator to None, run_after=None
[2024-09-29T08:33:37.858-0500] {processor.py:208} INFO - Processing /home/d-salamanca/airflow-env/lib/python3.12/site-packages/airflow/example_dags/example_dag_decorator.py took 0.142 seconds
[2024-09-29T08:35:03.728-0500] {processor.py:186} INFO - Started process (PID=30557) to work on /home/d-salamanca/airflow-env/lib/python3.12/site-packages/airflow/example_dags/example_dag_decorator.py
[2024-09-29T08:35:03.730-0500] {processor.py:914} INFO - Processing file /home/d-salamanca/airflow-env/lib/python3.12/site-packages/airflow/example_dags/example_dag_decorator.py for tasks to queue
[2024-09-29T08:35:03.734-0500] {logging_mixin.py:190} INFO - [2024-09-29T08:35:03.733-0500] {dagbag.py:588} INFO - Filling up the DagBag from /home/d-salamanca/airflow-env/lib/python3.12/site-packages/airflow/example_dags/example_dag_decorator.py
[2024-09-29T08:35:03.752-0500] {processor.py:925} INFO - DAG(s) 'example_dag_decorator' retrieved from /home/d-salamanca/airflow-env/lib/python3.12/site-packages/airflow/example_dags/example_dag_decorator.py
[2024-09-29T08:35:04.872-0500] {logging_mixin.py:190} INFO - [2024-09-29T08:35:04.871-0500] {dag.py:3239} INFO - Sync 1 DAGs
[2024-09-29T08:35:04.887-0500] {logging_mixin.py:190} INFO - [2024-09-29T08:35:04.887-0500] {dag.py:4180} INFO - Setting next_dagrun for example_dag_decorator to None, run_after=None
[2024-09-29T08:35:05.189-0500] {processor.py:208} INFO - Processing /home/d-salamanca/airflow-env/lib/python3.12/site-packages/airflow/example_dags/example_dag_decorator.py took 1.469 seconds
[2024-09-29T08:37:40.256-0500] {processor.py:186} INFO - Started process (PID=31029) to work on /home/d-salamanca/airflow-env/lib/python3.12/site-packages/airflow/example_dags/example_dag_decorator.py
[2024-09-29T08:37:40.287-0500] {processor.py:914} INFO - Processing file /home/d-salamanca/airflow-env/lib/python3.12/site-packages/airflow/example_dags/example_dag_decorator.py for tasks to queue
[2024-09-29T08:37:40.294-0500] {logging_mixin.py:190} INFO - [2024-09-29T08:37:40.293-0500] {dagbag.py:588} INFO - Filling up the DagBag from /home/d-salamanca/airflow-env/lib/python3.12/site-packages/airflow/example_dags/example_dag_decorator.py
[2024-09-29T08:37:40.326-0500] {processor.py:925} INFO - DAG(s) 'example_dag_decorator' retrieved from /home/d-salamanca/airflow-env/lib/python3.12/site-packages/airflow/example_dags/example_dag_decorator.py
[2024-09-29T08:37:40.937-0500] {logging_mixin.py:190} INFO - [2024-09-29T08:37:40.936-0500] {dag.py:3239} INFO - Sync 1 DAGs
[2024-09-29T08:37:40.948-0500] {logging_mixin.py:190} INFO - [2024-09-29T08:37:40.948-0500] {dag.py:4180} INFO - Setting next_dagrun for example_dag_decorator to None, run_after=None
[2024-09-29T08:37:40.983-0500] {processor.py:208} INFO - Processing /home/d-salamanca/airflow-env/lib/python3.12/site-packages/airflow/example_dags/example_dag_decorator.py took 0.735 seconds
[2024-09-29T08:39:01.279-0500] {processor.py:186} INFO - Started process (PID=31100) to work on /home/d-salamanca/airflow-env/lib/python3.12/site-packages/airflow/example_dags/example_dag_decorator.py
[2024-09-29T08:39:01.301-0500] {processor.py:914} INFO - Processing file /home/d-salamanca/airflow-env/lib/python3.12/site-packages/airflow/example_dags/example_dag_decorator.py for tasks to queue
[2024-09-29T08:39:01.306-0500] {logging_mixin.py:190} INFO - [2024-09-29T08:39:01.305-0500] {dagbag.py:588} INFO - Filling up the DagBag from /home/d-salamanca/airflow-env/lib/python3.12/site-packages/airflow/example_dags/example_dag_decorator.py
[2024-09-29T08:39:01.367-0500] {processor.py:925} INFO - DAG(s) 'example_dag_decorator' retrieved from /home/d-salamanca/airflow-env/lib/python3.12/site-packages/airflow/example_dags/example_dag_decorator.py
[2024-09-29T08:39:02.314-0500] {logging_mixin.py:190} INFO - [2024-09-29T08:39:02.314-0500] {dag.py:3239} INFO - Sync 1 DAGs
[2024-09-29T08:39:02.326-0500] {logging_mixin.py:190} INFO - [2024-09-29T08:39:02.326-0500] {dag.py:4180} INFO - Setting next_dagrun for example_dag_decorator to None, run_after=None
[2024-09-29T08:39:02.390-0500] {processor.py:208} INFO - Processing /home/d-salamanca/airflow-env/lib/python3.12/site-packages/airflow/example_dags/example_dag_decorator.py took 1.119 seconds
[2024-09-29T08:40:36.235-0500] {processor.py:186} INFO - Started process (PID=31178) to work on /home/d-salamanca/airflow-env/lib/python3.12/site-packages/airflow/example_dags/example_dag_decorator.py
[2024-09-29T08:40:36.237-0500] {processor.py:914} INFO - Processing file /home/d-salamanca/airflow-env/lib/python3.12/site-packages/airflow/example_dags/example_dag_decorator.py for tasks to queue
[2024-09-29T08:40:36.239-0500] {logging_mixin.py:190} INFO - [2024-09-29T08:40:36.239-0500] {dagbag.py:588} INFO - Filling up the DagBag from /home/d-salamanca/airflow-env/lib/python3.12/site-packages/airflow/example_dags/example_dag_decorator.py
[2024-09-29T08:40:36.254-0500] {processor.py:925} INFO - DAG(s) 'example_dag_decorator' retrieved from /home/d-salamanca/airflow-env/lib/python3.12/site-packages/airflow/example_dags/example_dag_decorator.py
[2024-09-29T08:40:36.364-0500] {logging_mixin.py:190} INFO - [2024-09-29T08:40:36.364-0500] {dag.py:3239} INFO - Sync 1 DAGs
[2024-09-29T08:40:36.375-0500] {logging_mixin.py:190} INFO - [2024-09-29T08:40:36.375-0500] {dag.py:4180} INFO - Setting next_dagrun for example_dag_decorator to None, run_after=None
[2024-09-29T08:40:36.424-0500] {processor.py:208} INFO - Processing /home/d-salamanca/airflow-env/lib/python3.12/site-packages/airflow/example_dags/example_dag_decorator.py took 0.196 seconds
[2024-09-29T08:42:08.041-0500] {processor.py:186} INFO - Started process (PID=31251) to work on /home/d-salamanca/airflow-env/lib/python3.12/site-packages/airflow/example_dags/example_dag_decorator.py
[2024-09-29T08:42:08.043-0500] {processor.py:914} INFO - Processing file /home/d-salamanca/airflow-env/lib/python3.12/site-packages/airflow/example_dags/example_dag_decorator.py for tasks to queue
[2024-09-29T08:42:08.045-0500] {logging_mixin.py:190} INFO - [2024-09-29T08:42:08.045-0500] {dagbag.py:588} INFO - Filling up the DagBag from /home/d-salamanca/airflow-env/lib/python3.12/site-packages/airflow/example_dags/example_dag_decorator.py
[2024-09-29T08:42:08.060-0500] {processor.py:925} INFO - DAG(s) 'example_dag_decorator' retrieved from /home/d-salamanca/airflow-env/lib/python3.12/site-packages/airflow/example_dags/example_dag_decorator.py
[2024-09-29T08:42:08.174-0500] {logging_mixin.py:190} INFO - [2024-09-29T08:42:08.173-0500] {dag.py:3239} INFO - Sync 1 DAGs
[2024-09-29T08:42:08.187-0500] {logging_mixin.py:190} INFO - [2024-09-29T08:42:08.186-0500] {dag.py:4180} INFO - Setting next_dagrun for example_dag_decorator to None, run_after=None
[2024-09-29T08:42:08.210-0500] {processor.py:208} INFO - Processing /home/d-salamanca/airflow-env/lib/python3.12/site-packages/airflow/example_dags/example_dag_decorator.py took 0.177 seconds
[2024-09-29T08:43:40.561-0500] {processor.py:186} INFO - Started process (PID=31323) to work on /home/d-salamanca/airflow-env/lib/python3.12/site-packages/airflow/example_dags/example_dag_decorator.py
[2024-09-29T08:43:40.578-0500] {processor.py:914} INFO - Processing file /home/d-salamanca/airflow-env/lib/python3.12/site-packages/airflow/example_dags/example_dag_decorator.py for tasks to queue
[2024-09-29T08:43:40.581-0500] {logging_mixin.py:190} INFO - [2024-09-29T08:43:40.580-0500] {dagbag.py:588} INFO - Filling up the DagBag from /home/d-salamanca/airflow-env/lib/python3.12/site-packages/airflow/example_dags/example_dag_decorator.py
[2024-09-29T08:43:40.601-0500] {processor.py:925} INFO - DAG(s) 'example_dag_decorator' retrieved from /home/d-salamanca/airflow-env/lib/python3.12/site-packages/airflow/example_dags/example_dag_decorator.py
[2024-09-29T08:43:40.718-0500] {logging_mixin.py:190} INFO - [2024-09-29T08:43:40.717-0500] {dag.py:3239} INFO - Sync 1 DAGs
[2024-09-29T08:43:40.729-0500] {logging_mixin.py:190} INFO - [2024-09-29T08:43:40.729-0500] {dag.py:4180} INFO - Setting next_dagrun for example_dag_decorator to None, run_after=None
[2024-09-29T08:43:41.187-0500] {processor.py:208} INFO - Processing /home/d-salamanca/airflow-env/lib/python3.12/site-packages/airflow/example_dags/example_dag_decorator.py took 0.634 seconds
[2024-09-29T08:45:03.097-0500] {processor.py:186} INFO - Started process (PID=31402) to work on /home/d-salamanca/airflow-env/lib/python3.12/site-packages/airflow/example_dags/example_dag_decorator.py
[2024-09-29T08:45:03.127-0500] {processor.py:914} INFO - Processing file /home/d-salamanca/airflow-env/lib/python3.12/site-packages/airflow/example_dags/example_dag_decorator.py for tasks to queue
[2024-09-29T08:45:03.132-0500] {logging_mixin.py:190} INFO - [2024-09-29T08:45:03.131-0500] {dagbag.py:588} INFO - Filling up the DagBag from /home/d-salamanca/airflow-env/lib/python3.12/site-packages/airflow/example_dags/example_dag_decorator.py
[2024-09-29T08:45:03.148-0500] {processor.py:925} INFO - DAG(s) 'example_dag_decorator' retrieved from /home/d-salamanca/airflow-env/lib/python3.12/site-packages/airflow/example_dags/example_dag_decorator.py
[2024-09-29T08:45:03.170-0500] {logging_mixin.py:190} INFO - [2024-09-29T08:45:03.170-0500] {dag.py:3239} INFO - Sync 1 DAGs
[2024-09-29T08:45:03.186-0500] {logging_mixin.py:190} INFO - [2024-09-29T08:45:03.186-0500] {dag.py:4180} INFO - Setting next_dagrun for example_dag_decorator to None, run_after=None
[2024-09-29T08:45:03.222-0500] {processor.py:208} INFO - Processing /home/d-salamanca/airflow-env/lib/python3.12/site-packages/airflow/example_dags/example_dag_decorator.py took 0.133 seconds
[2024-09-29T08:47:01.519-0500] {processor.py:186} INFO - Started process (PID=31476) to work on /home/d-salamanca/airflow-env/lib/python3.12/site-packages/airflow/example_dags/example_dag_decorator.py
[2024-09-29T08:47:01.540-0500] {processor.py:914} INFO - Processing file /home/d-salamanca/airflow-env/lib/python3.12/site-packages/airflow/example_dags/example_dag_decorator.py for tasks to queue
[2024-09-29T08:47:01.544-0500] {logging_mixin.py:190} INFO - [2024-09-29T08:47:01.543-0500] {dagbag.py:588} INFO - Filling up the DagBag from /home/d-salamanca/airflow-env/lib/python3.12/site-packages/airflow/example_dags/example_dag_decorator.py
[2024-09-29T08:47:01.560-0500] {processor.py:925} INFO - DAG(s) 'example_dag_decorator' retrieved from /home/d-salamanca/airflow-env/lib/python3.12/site-packages/airflow/example_dags/example_dag_decorator.py
[2024-09-29T08:47:01.582-0500] {logging_mixin.py:190} INFO - [2024-09-29T08:47:01.582-0500] {dag.py:3239} INFO - Sync 1 DAGs
[2024-09-29T08:47:01.596-0500] {logging_mixin.py:190} INFO - [2024-09-29T08:47:01.596-0500] {dag.py:4180} INFO - Setting next_dagrun for example_dag_decorator to None, run_after=None
[2024-09-29T08:47:01.621-0500] {processor.py:208} INFO - Processing /home/d-salamanca/airflow-env/lib/python3.12/site-packages/airflow/example_dags/example_dag_decorator.py took 0.110 seconds
[2024-09-29T08:48:29.442-0500] {processor.py:186} INFO - Started process (PID=31562) to work on /home/d-salamanca/airflow-env/lib/python3.12/site-packages/airflow/example_dags/example_dag_decorator.py
[2024-09-29T08:48:29.457-0500] {processor.py:914} INFO - Processing file /home/d-salamanca/airflow-env/lib/python3.12/site-packages/airflow/example_dags/example_dag_decorator.py for tasks to queue
[2024-09-29T08:48:29.461-0500] {logging_mixin.py:190} INFO - [2024-09-29T08:48:29.460-0500] {dagbag.py:588} INFO - Filling up the DagBag from /home/d-salamanca/airflow-env/lib/python3.12/site-packages/airflow/example_dags/example_dag_decorator.py
[2024-09-29T08:48:29.477-0500] {processor.py:925} INFO - DAG(s) 'example_dag_decorator' retrieved from /home/d-salamanca/airflow-env/lib/python3.12/site-packages/airflow/example_dags/example_dag_decorator.py
[2024-09-29T08:48:29.500-0500] {logging_mixin.py:190} INFO - [2024-09-29T08:48:29.499-0500] {dag.py:3239} INFO - Sync 1 DAGs
[2024-09-29T08:48:29.515-0500] {logging_mixin.py:190} INFO - [2024-09-29T08:48:29.514-0500] {dag.py:4180} INFO - Setting next_dagrun for example_dag_decorator to None, run_after=None
[2024-09-29T08:48:29.540-0500] {processor.py:208} INFO - Processing /home/d-salamanca/airflow-env/lib/python3.12/site-packages/airflow/example_dags/example_dag_decorator.py took 0.105 seconds
[2024-09-29T08:49:55.621-0500] {processor.py:186} INFO - Started process (PID=31635) to work on /home/d-salamanca/airflow-env/lib/python3.12/site-packages/airflow/example_dags/example_dag_decorator.py
[2024-09-29T08:49:55.639-0500] {processor.py:914} INFO - Processing file /home/d-salamanca/airflow-env/lib/python3.12/site-packages/airflow/example_dags/example_dag_decorator.py for tasks to queue
[2024-09-29T08:49:55.642-0500] {logging_mixin.py:190} INFO - [2024-09-29T08:49:55.641-0500] {dagbag.py:588} INFO - Filling up the DagBag from /home/d-salamanca/airflow-env/lib/python3.12/site-packages/airflow/example_dags/example_dag_decorator.py
[2024-09-29T08:49:55.657-0500] {processor.py:925} INFO - DAG(s) 'example_dag_decorator' retrieved from /home/d-salamanca/airflow-env/lib/python3.12/site-packages/airflow/example_dags/example_dag_decorator.py
[2024-09-29T08:49:55.679-0500] {logging_mixin.py:190} INFO - [2024-09-29T08:49:55.679-0500] {dag.py:3239} INFO - Sync 1 DAGs
[2024-09-29T08:49:55.694-0500] {logging_mixin.py:190} INFO - [2024-09-29T08:49:55.693-0500] {dag.py:4180} INFO - Setting next_dagrun for example_dag_decorator to None, run_after=None
[2024-09-29T08:49:55.738-0500] {processor.py:208} INFO - Processing /home/d-salamanca/airflow-env/lib/python3.12/site-packages/airflow/example_dags/example_dag_decorator.py took 0.125 seconds
[2024-09-29T08:52:10.614-0500] {processor.py:186} INFO - Started process (PID=31933) to work on /home/d-salamanca/airflow-env/lib/python3.12/site-packages/airflow/example_dags/example_dag_decorator.py
[2024-09-29T08:52:10.786-0500] {processor.py:914} INFO - Processing file /home/d-salamanca/airflow-env/lib/python3.12/site-packages/airflow/example_dags/example_dag_decorator.py for tasks to queue
[2024-09-29T08:52:10.791-0500] {logging_mixin.py:190} INFO - [2024-09-29T08:52:10.790-0500] {dagbag.py:588} INFO - Filling up the DagBag from /home/d-salamanca/airflow-env/lib/python3.12/site-packages/airflow/example_dags/example_dag_decorator.py
[2024-09-29T08:52:11.550-0500] {processor.py:925} INFO - DAG(s) 'example_dag_decorator' retrieved from /home/d-salamanca/airflow-env/lib/python3.12/site-packages/airflow/example_dags/example_dag_decorator.py
[2024-09-29T08:52:12.677-0500] {logging_mixin.py:190} INFO - [2024-09-29T08:52:12.666-0500] {dag.py:3239} INFO - Sync 1 DAGs
[2024-09-29T08:52:12.705-0500] {logging_mixin.py:190} INFO - [2024-09-29T08:52:12.704-0500] {dag.py:4180} INFO - Setting next_dagrun for example_dag_decorator to None, run_after=None
[2024-09-29T08:52:12.959-0500] {processor.py:208} INFO - Processing /home/d-salamanca/airflow-env/lib/python3.12/site-packages/airflow/example_dags/example_dag_decorator.py took 2.606 seconds
[2024-09-29T08:54:14.405-0500] {processor.py:186} INFO - Started process (PID=32029) to work on /home/d-salamanca/airflow-env/lib/python3.12/site-packages/airflow/example_dags/example_dag_decorator.py
[2024-09-29T08:54:14.457-0500] {processor.py:914} INFO - Processing file /home/d-salamanca/airflow-env/lib/python3.12/site-packages/airflow/example_dags/example_dag_decorator.py for tasks to queue
[2024-09-29T08:54:14.463-0500] {logging_mixin.py:190} INFO - [2024-09-29T08:54:14.462-0500] {dagbag.py:588} INFO - Filling up the DagBag from /home/d-salamanca/airflow-env/lib/python3.12/site-packages/airflow/example_dags/example_dag_decorator.py
[2024-09-29T08:54:14.510-0500] {processor.py:925} INFO - DAG(s) 'example_dag_decorator' retrieved from /home/d-salamanca/airflow-env/lib/python3.12/site-packages/airflow/example_dags/example_dag_decorator.py
[2024-09-29T08:54:14.534-0500] {logging_mixin.py:190} INFO - [2024-09-29T08:54:14.533-0500] {dag.py:3239} INFO - Sync 1 DAGs
[2024-09-29T08:54:14.553-0500] {logging_mixin.py:190} INFO - [2024-09-29T08:54:14.553-0500] {dag.py:4180} INFO - Setting next_dagrun for example_dag_decorator to None, run_after=None
[2024-09-29T08:54:14.746-0500] {processor.py:208} INFO - Processing /home/d-salamanca/airflow-env/lib/python3.12/site-packages/airflow/example_dags/example_dag_decorator.py took 0.348 seconds
[2024-09-29T08:55:46.198-0500] {processor.py:186} INFO - Started process (PID=32106) to work on /home/d-salamanca/airflow-env/lib/python3.12/site-packages/airflow/example_dags/example_dag_decorator.py
[2024-09-29T08:55:46.225-0500] {processor.py:914} INFO - Processing file /home/d-salamanca/airflow-env/lib/python3.12/site-packages/airflow/example_dags/example_dag_decorator.py for tasks to queue
[2024-09-29T08:55:46.228-0500] {logging_mixin.py:190} INFO - [2024-09-29T08:55:46.227-0500] {dagbag.py:588} INFO - Filling up the DagBag from /home/d-salamanca/airflow-env/lib/python3.12/site-packages/airflow/example_dags/example_dag_decorator.py
[2024-09-29T08:55:46.391-0500] {processor.py:925} INFO - DAG(s) 'example_dag_decorator' retrieved from /home/d-salamanca/airflow-env/lib/python3.12/site-packages/airflow/example_dags/example_dag_decorator.py
[2024-09-29T08:55:47.638-0500] {logging_mixin.py:190} INFO - [2024-09-29T08:55:47.638-0500] {dag.py:3239} INFO - Sync 1 DAGs
[2024-09-29T08:55:47.652-0500] {logging_mixin.py:190} INFO - [2024-09-29T08:55:47.651-0500] {dag.py:4180} INFO - Setting next_dagrun for example_dag_decorator to None, run_after=None
[2024-09-29T08:55:47.701-0500] {processor.py:208} INFO - Processing /home/d-salamanca/airflow-env/lib/python3.12/site-packages/airflow/example_dags/example_dag_decorator.py took 1.512 seconds
[2024-09-29T08:57:38.972-0500] {processor.py:186} INFO - Started process (PID=32188) to work on /home/d-salamanca/airflow-env/lib/python3.12/site-packages/airflow/example_dags/example_dag_decorator.py
[2024-09-29T08:57:38.973-0500] {processor.py:914} INFO - Processing file /home/d-salamanca/airflow-env/lib/python3.12/site-packages/airflow/example_dags/example_dag_decorator.py for tasks to queue
[2024-09-29T08:57:38.976-0500] {logging_mixin.py:190} INFO - [2024-09-29T08:57:38.975-0500] {dagbag.py:588} INFO - Filling up the DagBag from /home/d-salamanca/airflow-env/lib/python3.12/site-packages/airflow/example_dags/example_dag_decorator.py
[2024-09-29T08:57:38.990-0500] {processor.py:925} INFO - DAG(s) 'example_dag_decorator' retrieved from /home/d-salamanca/airflow-env/lib/python3.12/site-packages/airflow/example_dags/example_dag_decorator.py
[2024-09-29T08:57:39.102-0500] {logging_mixin.py:190} INFO - [2024-09-29T08:57:39.102-0500] {dag.py:3239} INFO - Sync 1 DAGs
[2024-09-29T08:57:39.115-0500] {logging_mixin.py:190} INFO - [2024-09-29T08:57:39.115-0500] {dag.py:4180} INFO - Setting next_dagrun for example_dag_decorator to None, run_after=None
[2024-09-29T08:57:39.392-0500] {processor.py:208} INFO - Processing /home/d-salamanca/airflow-env/lib/python3.12/site-packages/airflow/example_dags/example_dag_decorator.py took 0.428 seconds
[2024-09-29T08:59:23.966-0500] {processor.py:186} INFO - Started process (PID=32369) to work on /home/d-salamanca/airflow-env/lib/python3.12/site-packages/airflow/example_dags/example_dag_decorator.py
[2024-09-29T08:59:24.017-0500] {processor.py:914} INFO - Processing file /home/d-salamanca/airflow-env/lib/python3.12/site-packages/airflow/example_dags/example_dag_decorator.py for tasks to queue
[2024-09-29T08:59:24.022-0500] {logging_mixin.py:190} INFO - [2024-09-29T08:59:24.022-0500] {dagbag.py:588} INFO - Filling up the DagBag from /home/d-salamanca/airflow-env/lib/python3.12/site-packages/airflow/example_dags/example_dag_decorator.py
[2024-09-29T08:59:24.175-0500] {processor.py:925} INFO - DAG(s) 'example_dag_decorator' retrieved from /home/d-salamanca/airflow-env/lib/python3.12/site-packages/airflow/example_dags/example_dag_decorator.py
[2024-09-29T08:59:24.206-0500] {logging_mixin.py:190} INFO - [2024-09-29T08:59:24.206-0500] {dag.py:3239} INFO - Sync 1 DAGs
[2024-09-29T08:59:24.221-0500] {logging_mixin.py:190} INFO - [2024-09-29T08:59:24.221-0500] {dag.py:4180} INFO - Setting next_dagrun for example_dag_decorator to None, run_after=None
[2024-09-29T08:59:24.445-0500] {processor.py:208} INFO - Processing /home/d-salamanca/airflow-env/lib/python3.12/site-packages/airflow/example_dags/example_dag_decorator.py took 0.486 seconds
[2024-09-29T09:01:19.780-0500] {processor.py:186} INFO - Started process (PID=32568) to work on /home/d-salamanca/airflow-env/lib/python3.12/site-packages/airflow/example_dags/example_dag_decorator.py
[2024-09-29T09:01:19.869-0500] {processor.py:914} INFO - Processing file /home/d-salamanca/airflow-env/lib/python3.12/site-packages/airflow/example_dags/example_dag_decorator.py for tasks to queue
[2024-09-29T09:01:19.876-0500] {logging_mixin.py:190} INFO - [2024-09-29T09:01:19.875-0500] {dagbag.py:588} INFO - Filling up the DagBag from /home/d-salamanca/airflow-env/lib/python3.12/site-packages/airflow/example_dags/example_dag_decorator.py
[2024-09-29T09:01:19.935-0500] {processor.py:925} INFO - DAG(s) 'example_dag_decorator' retrieved from /home/d-salamanca/airflow-env/lib/python3.12/site-packages/airflow/example_dags/example_dag_decorator.py
[2024-09-29T09:01:19.961-0500] {logging_mixin.py:190} INFO - [2024-09-29T09:01:19.961-0500] {dag.py:3239} INFO - Sync 1 DAGs
[2024-09-29T09:01:19.975-0500] {logging_mixin.py:190} INFO - [2024-09-29T09:01:19.975-0500] {dag.py:4180} INFO - Setting next_dagrun for example_dag_decorator to None, run_after=None
[2024-09-29T09:01:20.015-0500] {processor.py:208} INFO - Processing /home/d-salamanca/airflow-env/lib/python3.12/site-packages/airflow/example_dags/example_dag_decorator.py took 0.244 seconds
[2024-09-29T09:02:53.795-0500] {processor.py:186} INFO - Started process (PID=32642) to work on /home/d-salamanca/airflow-env/lib/python3.12/site-packages/airflow/example_dags/example_dag_decorator.py
[2024-09-29T09:02:53.814-0500] {processor.py:914} INFO - Processing file /home/d-salamanca/airflow-env/lib/python3.12/site-packages/airflow/example_dags/example_dag_decorator.py for tasks to queue
[2024-09-29T09:02:53.819-0500] {logging_mixin.py:190} INFO - [2024-09-29T09:02:53.818-0500] {dagbag.py:588} INFO - Filling up the DagBag from /home/d-salamanca/airflow-env/lib/python3.12/site-packages/airflow/example_dags/example_dag_decorator.py
[2024-09-29T09:02:53.837-0500] {processor.py:925} INFO - DAG(s) 'example_dag_decorator' retrieved from /home/d-salamanca/airflow-env/lib/python3.12/site-packages/airflow/example_dags/example_dag_decorator.py
[2024-09-29T09:02:53.859-0500] {logging_mixin.py:190} INFO - [2024-09-29T09:02:53.858-0500] {dag.py:3239} INFO - Sync 1 DAGs
[2024-09-29T09:02:53.872-0500] {logging_mixin.py:190} INFO - [2024-09-29T09:02:53.872-0500] {dag.py:4180} INFO - Setting next_dagrun for example_dag_decorator to None, run_after=None
[2024-09-29T09:02:53.898-0500] {processor.py:208} INFO - Processing /home/d-salamanca/airflow-env/lib/python3.12/site-packages/airflow/example_dags/example_dag_decorator.py took 0.111 seconds
[2024-09-29T09:04:17.683-0500] {processor.py:186} INFO - Started process (PID=32727) to work on /home/d-salamanca/airflow-env/lib/python3.12/site-packages/airflow/example_dags/example_dag_decorator.py
[2024-09-29T09:04:17.711-0500] {processor.py:914} INFO - Processing file /home/d-salamanca/airflow-env/lib/python3.12/site-packages/airflow/example_dags/example_dag_decorator.py for tasks to queue
[2024-09-29T09:04:17.716-0500] {logging_mixin.py:190} INFO - [2024-09-29T09:04:17.715-0500] {dagbag.py:588} INFO - Filling up the DagBag from /home/d-salamanca/airflow-env/lib/python3.12/site-packages/airflow/example_dags/example_dag_decorator.py
[2024-09-29T09:04:17.733-0500] {processor.py:925} INFO - DAG(s) 'example_dag_decorator' retrieved from /home/d-salamanca/airflow-env/lib/python3.12/site-packages/airflow/example_dags/example_dag_decorator.py
[2024-09-29T09:04:17.760-0500] {logging_mixin.py:190} INFO - [2024-09-29T09:04:17.759-0500] {dag.py:3239} INFO - Sync 1 DAGs
[2024-09-29T09:04:17.776-0500] {logging_mixin.py:190} INFO - [2024-09-29T09:04:17.776-0500] {dag.py:4180} INFO - Setting next_dagrun for example_dag_decorator to None, run_after=None
[2024-09-29T09:04:18.033-0500] {processor.py:208} INFO - Processing /home/d-salamanca/airflow-env/lib/python3.12/site-packages/airflow/example_dags/example_dag_decorator.py took 0.360 seconds
[2024-09-29T09:06:37.384-0500] {processor.py:186} INFO - Started process (PID=33071) to work on /home/d-salamanca/airflow-env/lib/python3.12/site-packages/airflow/example_dags/example_dag_decorator.py
[2024-09-29T09:06:37.407-0500] {processor.py:914} INFO - Processing file /home/d-salamanca/airflow-env/lib/python3.12/site-packages/airflow/example_dags/example_dag_decorator.py for tasks to queue
[2024-09-29T09:06:37.412-0500] {logging_mixin.py:190} INFO - [2024-09-29T09:06:37.411-0500] {dagbag.py:588} INFO - Filling up the DagBag from /home/d-salamanca/airflow-env/lib/python3.12/site-packages/airflow/example_dags/example_dag_decorator.py
[2024-09-29T09:06:37.437-0500] {processor.py:925} INFO - DAG(s) 'example_dag_decorator' retrieved from /home/d-salamanca/airflow-env/lib/python3.12/site-packages/airflow/example_dags/example_dag_decorator.py
[2024-09-29T09:06:37.545-0500] {logging_mixin.py:190} INFO - [2024-09-29T09:06:37.525-0500] {dag.py:3239} INFO - Sync 1 DAGs
[2024-09-29T09:06:37.612-0500] {logging_mixin.py:190} INFO - [2024-09-29T09:06:37.611-0500] {dag.py:4180} INFO - Setting next_dagrun for example_dag_decorator to None, run_after=None
[2024-09-29T09:06:38.063-0500] {processor.py:208} INFO - Processing /home/d-salamanca/airflow-env/lib/python3.12/site-packages/airflow/example_dags/example_dag_decorator.py took 0.687 seconds
[2024-09-29T09:08:05.673-0500] {processor.py:186} INFO - Started process (PID=33146) to work on /home/d-salamanca/airflow-env/lib/python3.12/site-packages/airflow/example_dags/example_dag_decorator.py
[2024-09-29T09:08:05.675-0500] {processor.py:914} INFO - Processing file /home/d-salamanca/airflow-env/lib/python3.12/site-packages/airflow/example_dags/example_dag_decorator.py for tasks to queue
[2024-09-29T09:08:05.679-0500] {logging_mixin.py:190} INFO - [2024-09-29T09:08:05.679-0500] {dagbag.py:588} INFO - Filling up the DagBag from /home/d-salamanca/airflow-env/lib/python3.12/site-packages/airflow/example_dags/example_dag_decorator.py
[2024-09-29T09:08:05.721-0500] {processor.py:925} INFO - DAG(s) 'example_dag_decorator' retrieved from /home/d-salamanca/airflow-env/lib/python3.12/site-packages/airflow/example_dags/example_dag_decorator.py
[2024-09-29T09:08:05.747-0500] {logging_mixin.py:190} INFO - [2024-09-29T09:08:05.747-0500] {dag.py:3239} INFO - Sync 1 DAGs
[2024-09-29T09:08:05.763-0500] {logging_mixin.py:190} INFO - [2024-09-29T09:08:05.763-0500] {dag.py:4180} INFO - Setting next_dagrun for example_dag_decorator to None, run_after=None
[2024-09-29T09:08:05.808-0500] {processor.py:208} INFO - Processing /home/d-salamanca/airflow-env/lib/python3.12/site-packages/airflow/example_dags/example_dag_decorator.py took 0.143 seconds
