[2024-09-28T23:59:37.338-0500] {processor.py:186} INFO - Started process (PID=25689) to work on /home/d-salamanca/airflow-env/lib/python3.12/site-packages/airflow/example_dags/example_short_circuit_decorator.py
[2024-09-28T23:59:37.340-0500] {processor.py:914} INFO - Processing file /home/d-salamanca/airflow-env/lib/python3.12/site-packages/airflow/example_dags/example_short_circuit_decorator.py for tasks to queue
[2024-09-28T23:59:37.342-0500] {logging_mixin.py:190} INFO - [2024-09-28T23:59:37.342-0500] {dagbag.py:588} INFO - Filling up the DagBag from /home/d-salamanca/airflow-env/lib/python3.12/site-packages/airflow/example_dags/example_short_circuit_decorator.py
[2024-09-28T23:59:37.384-0500] {processor.py:925} INFO - DAG(s) 'example_short_circuit_decorator' retrieved from /home/d-salamanca/airflow-env/lib/python3.12/site-packages/airflow/example_dags/example_short_circuit_decorator.py
[2024-09-28T23:59:37.616-0500] {logging_mixin.py:190} INFO - [2024-09-28T23:59:37.614-0500] {override.py:1901} INFO - Created Permission View: can edit on DAG:example_short_circuit_decorator
[2024-09-28T23:59:37.661-0500] {logging_mixin.py:190} INFO - [2024-09-28T23:59:37.660-0500] {override.py:1901} INFO - Created Permission View: can read on DAG:example_short_circuit_decorator
[2024-09-28T23:59:37.685-0500] {logging_mixin.py:190} INFO - [2024-09-28T23:59:37.685-0500] {override.py:1901} INFO - Created Permission View: can delete on DAG:example_short_circuit_decorator
[2024-09-28T23:59:37.707-0500] {logging_mixin.py:190} INFO - [2024-09-28T23:59:37.707-0500] {override.py:1901} INFO - Created Permission View: menu access on DAG Run:example_short_circuit_decorator
[2024-09-28T23:59:37.762-0500] {logging_mixin.py:190} INFO - [2024-09-28T23:59:37.761-0500] {override.py:1901} INFO - Created Permission View: can read on DAG Run:example_short_circuit_decorator
[2024-09-28T23:59:37.814-0500] {logging_mixin.py:190} INFO - [2024-09-28T23:59:37.813-0500] {override.py:1901} INFO - Created Permission View: can delete on DAG Run:example_short_circuit_decorator
[2024-09-28T23:59:37.856-0500] {logging_mixin.py:190} INFO - [2024-09-28T23:59:37.855-0500] {override.py:1901} INFO - Created Permission View: can create on DAG Run:example_short_circuit_decorator
[2024-09-28T23:59:37.856-0500] {logging_mixin.py:190} INFO - [2024-09-28T23:59:37.856-0500] {dag.py:3239} INFO - Sync 1 DAGs
[2024-09-28T23:59:37.872-0500] {logging_mixin.py:190} INFO - [2024-09-28T23:59:37.872-0500] {dag.py:3262} INFO - Creating ORM DAG for example_short_circuit_decorator
[2024-09-28T23:59:37.872-0500] {logging_mixin.py:190} INFO - [2024-09-28T23:59:37.872-0500] {dag.py:4180} INFO - Setting next_dagrun for example_short_circuit_decorator to None, run_after=None
[2024-09-28T23:59:38.348-0500] {processor.py:208} INFO - Processing /home/d-salamanca/airflow-env/lib/python3.12/site-packages/airflow/example_dags/example_short_circuit_decorator.py took 1.017 seconds
[2024-09-29T00:19:04.921-0500] {processor.py:186} INFO - Started process (PID=28618) to work on /home/d-salamanca/airflow-env/lib/python3.12/site-packages/airflow/example_dags/example_short_circuit_decorator.py
[2024-09-29T00:19:04.948-0500] {processor.py:914} INFO - Processing file /home/d-salamanca/airflow-env/lib/python3.12/site-packages/airflow/example_dags/example_short_circuit_decorator.py for tasks to queue
[2024-09-29T00:19:04.952-0500] {logging_mixin.py:190} INFO - [2024-09-29T00:19:04.951-0500] {dagbag.py:588} INFO - Filling up the DagBag from /home/d-salamanca/airflow-env/lib/python3.12/site-packages/airflow/example_dags/example_short_circuit_decorator.py
[2024-09-29T00:19:05.088-0500] {processor.py:925} INFO - DAG(s) 'example_short_circuit_decorator' retrieved from /home/d-salamanca/airflow-env/lib/python3.12/site-packages/airflow/example_dags/example_short_circuit_decorator.py
[2024-09-29T00:19:05.115-0500] {logging_mixin.py:190} INFO - [2024-09-29T00:19:05.114-0500] {dag.py:3239} INFO - Sync 1 DAGs
[2024-09-29T00:19:05.131-0500] {logging_mixin.py:190} INFO - [2024-09-29T00:19:05.131-0500] {dag.py:4180} INFO - Setting next_dagrun for example_short_circuit_decorator to None, run_after=None
[2024-09-29T00:19:05.196-0500] {processor.py:208} INFO - Processing /home/d-salamanca/airflow-env/lib/python3.12/site-packages/airflow/example_dags/example_short_circuit_decorator.py took 0.283 seconds
[2024-09-29T00:20:33.384-0500] {processor.py:186} INFO - Started process (PID=28694) to work on /home/d-salamanca/airflow-env/lib/python3.12/site-packages/airflow/example_dags/example_short_circuit_decorator.py
[2024-09-29T00:20:33.394-0500] {processor.py:914} INFO - Processing file /home/d-salamanca/airflow-env/lib/python3.12/site-packages/airflow/example_dags/example_short_circuit_decorator.py for tasks to queue
[2024-09-29T00:20:33.401-0500] {logging_mixin.py:190} INFO - [2024-09-29T00:20:33.400-0500] {dagbag.py:588} INFO - Filling up the DagBag from /home/d-salamanca/airflow-env/lib/python3.12/site-packages/airflow/example_dags/example_short_circuit_decorator.py
[2024-09-29T00:20:33.415-0500] {processor.py:925} INFO - DAG(s) 'example_short_circuit_decorator' retrieved from /home/d-salamanca/airflow-env/lib/python3.12/site-packages/airflow/example_dags/example_short_circuit_decorator.py
[2024-09-29T00:20:33.437-0500] {logging_mixin.py:190} INFO - [2024-09-29T00:20:33.437-0500] {dag.py:3239} INFO - Sync 1 DAGs
[2024-09-29T00:20:33.453-0500] {logging_mixin.py:190} INFO - [2024-09-29T00:20:33.453-0500] {dag.py:4180} INFO - Setting next_dagrun for example_short_circuit_decorator to None, run_after=None
[2024-09-29T00:20:33.497-0500] {processor.py:208} INFO - Processing /home/d-salamanca/airflow-env/lib/python3.12/site-packages/airflow/example_dags/example_short_circuit_decorator.py took 0.120 seconds
[2024-09-29T00:22:15.957-0500] {processor.py:186} INFO - Started process (PID=28767) to work on /home/d-salamanca/airflow-env/lib/python3.12/site-packages/airflow/example_dags/example_short_circuit_decorator.py
[2024-09-29T00:22:16.007-0500] {processor.py:914} INFO - Processing file /home/d-salamanca/airflow-env/lib/python3.12/site-packages/airflow/example_dags/example_short_circuit_decorator.py for tasks to queue
[2024-09-29T00:22:16.010-0500] {logging_mixin.py:190} INFO - [2024-09-29T00:22:16.010-0500] {dagbag.py:588} INFO - Filling up the DagBag from /home/d-salamanca/airflow-env/lib/python3.12/site-packages/airflow/example_dags/example_short_circuit_decorator.py
[2024-09-29T00:22:16.028-0500] {processor.py:925} INFO - DAG(s) 'example_short_circuit_decorator' retrieved from /home/d-salamanca/airflow-env/lib/python3.12/site-packages/airflow/example_dags/example_short_circuit_decorator.py
[2024-09-29T00:22:16.055-0500] {logging_mixin.py:190} INFO - [2024-09-29T00:22:16.054-0500] {dag.py:3239} INFO - Sync 1 DAGs
[2024-09-29T00:22:16.074-0500] {logging_mixin.py:190} INFO - [2024-09-29T00:22:16.073-0500] {dag.py:4180} INFO - Setting next_dagrun for example_short_circuit_decorator to None, run_after=None
[2024-09-29T00:22:16.529-0500] {processor.py:208} INFO - Processing /home/d-salamanca/airflow-env/lib/python3.12/site-packages/airflow/example_dags/example_short_circuit_decorator.py took 0.581 seconds
[2024-09-29T00:23:43.780-0500] {processor.py:186} INFO - Started process (PID=28837) to work on /home/d-salamanca/airflow-env/lib/python3.12/site-packages/airflow/example_dags/example_short_circuit_decorator.py
[2024-09-29T00:23:43.781-0500] {processor.py:914} INFO - Processing file /home/d-salamanca/airflow-env/lib/python3.12/site-packages/airflow/example_dags/example_short_circuit_decorator.py for tasks to queue
[2024-09-29T00:23:43.784-0500] {logging_mixin.py:190} INFO - [2024-09-29T00:23:43.783-0500] {dagbag.py:588} INFO - Filling up the DagBag from /home/d-salamanca/airflow-env/lib/python3.12/site-packages/airflow/example_dags/example_short_circuit_decorator.py
[2024-09-29T00:23:43.795-0500] {processor.py:925} INFO - DAG(s) 'example_short_circuit_decorator' retrieved from /home/d-salamanca/airflow-env/lib/python3.12/site-packages/airflow/example_dags/example_short_circuit_decorator.py
[2024-09-29T00:23:43.817-0500] {logging_mixin.py:190} INFO - [2024-09-29T00:23:43.816-0500] {dag.py:3239} INFO - Sync 1 DAGs
[2024-09-29T00:23:43.834-0500] {logging_mixin.py:190} INFO - [2024-09-29T00:23:43.833-0500] {dag.py:4180} INFO - Setting next_dagrun for example_short_circuit_decorator to None, run_after=None
[2024-09-29T00:23:43.922-0500] {processor.py:208} INFO - Processing /home/d-salamanca/airflow-env/lib/python3.12/site-packages/airflow/example_dags/example_short_circuit_decorator.py took 0.150 seconds
[2024-09-29T00:25:02.522-0500] {processor.py:186} INFO - Started process (PID=28910) to work on /home/d-salamanca/airflow-env/lib/python3.12/site-packages/airflow/example_dags/example_short_circuit_decorator.py
[2024-09-29T00:25:02.523-0500] {processor.py:914} INFO - Processing file /home/d-salamanca/airflow-env/lib/python3.12/site-packages/airflow/example_dags/example_short_circuit_decorator.py for tasks to queue
[2024-09-29T00:25:02.526-0500] {logging_mixin.py:190} INFO - [2024-09-29T00:25:02.526-0500] {dagbag.py:588} INFO - Filling up the DagBag from /home/d-salamanca/airflow-env/lib/python3.12/site-packages/airflow/example_dags/example_short_circuit_decorator.py
[2024-09-29T00:25:02.538-0500] {processor.py:925} INFO - DAG(s) 'example_short_circuit_decorator' retrieved from /home/d-salamanca/airflow-env/lib/python3.12/site-packages/airflow/example_dags/example_short_circuit_decorator.py
[2024-09-29T00:25:02.560-0500] {logging_mixin.py:190} INFO - [2024-09-29T00:25:02.559-0500] {dag.py:3239} INFO - Sync 1 DAGs
[2024-09-29T00:25:02.573-0500] {logging_mixin.py:190} INFO - [2024-09-29T00:25:02.573-0500] {dag.py:4180} INFO - Setting next_dagrun for example_short_circuit_decorator to None, run_after=None
[2024-09-29T00:25:02.822-0500] {processor.py:208} INFO - Processing /home/d-salamanca/airflow-env/lib/python3.12/site-packages/airflow/example_dags/example_short_circuit_decorator.py took 0.308 seconds
[2024-09-29T00:26:44.390-0500] {processor.py:186} INFO - Started process (PID=28997) to work on /home/d-salamanca/airflow-env/lib/python3.12/site-packages/airflow/example_dags/example_short_circuit_decorator.py
[2024-09-29T00:26:44.392-0500] {processor.py:914} INFO - Processing file /home/d-salamanca/airflow-env/lib/python3.12/site-packages/airflow/example_dags/example_short_circuit_decorator.py for tasks to queue
[2024-09-29T00:26:44.396-0500] {logging_mixin.py:190} INFO - [2024-09-29T00:26:44.395-0500] {dagbag.py:588} INFO - Filling up the DagBag from /home/d-salamanca/airflow-env/lib/python3.12/site-packages/airflow/example_dags/example_short_circuit_decorator.py
[2024-09-29T00:26:44.413-0500] {processor.py:925} INFO - DAG(s) 'example_short_circuit_decorator' retrieved from /home/d-salamanca/airflow-env/lib/python3.12/site-packages/airflow/example_dags/example_short_circuit_decorator.py
[2024-09-29T00:26:44.441-0500] {logging_mixin.py:190} INFO - [2024-09-29T00:26:44.441-0500] {dag.py:3239} INFO - Sync 1 DAGs
[2024-09-29T00:26:44.457-0500] {logging_mixin.py:190} INFO - [2024-09-29T00:26:44.457-0500] {dag.py:4180} INFO - Setting next_dagrun for example_short_circuit_decorator to None, run_after=None
[2024-09-29T00:26:44.536-0500] {processor.py:208} INFO - Processing /home/d-salamanca/airflow-env/lib/python3.12/site-packages/airflow/example_dags/example_short_circuit_decorator.py took 0.156 seconds
[2024-09-29T00:28:25.433-0500] {processor.py:186} INFO - Started process (PID=29151) to work on /home/d-salamanca/airflow-env/lib/python3.12/site-packages/airflow/example_dags/example_short_circuit_decorator.py
[2024-09-29T00:28:25.435-0500] {processor.py:914} INFO - Processing file /home/d-salamanca/airflow-env/lib/python3.12/site-packages/airflow/example_dags/example_short_circuit_decorator.py for tasks to queue
[2024-09-29T00:28:25.437-0500] {logging_mixin.py:190} INFO - [2024-09-29T00:28:25.437-0500] {dagbag.py:588} INFO - Filling up the DagBag from /home/d-salamanca/airflow-env/lib/python3.12/site-packages/airflow/example_dags/example_short_circuit_decorator.py
[2024-09-29T00:28:25.451-0500] {processor.py:925} INFO - DAG(s) 'example_short_circuit_decorator' retrieved from /home/d-salamanca/airflow-env/lib/python3.12/site-packages/airflow/example_dags/example_short_circuit_decorator.py
[2024-09-29T00:28:25.474-0500] {logging_mixin.py:190} INFO - [2024-09-29T00:28:25.473-0500] {dag.py:3239} INFO - Sync 1 DAGs
[2024-09-29T00:28:25.489-0500] {logging_mixin.py:190} INFO - [2024-09-29T00:28:25.489-0500] {dag.py:4180} INFO - Setting next_dagrun for example_short_circuit_decorator to None, run_after=None
[2024-09-29T00:28:25.563-0500] {processor.py:208} INFO - Processing /home/d-salamanca/airflow-env/lib/python3.12/site-packages/airflow/example_dags/example_short_circuit_decorator.py took 0.138 seconds
[2024-09-29T00:30:50.492-0500] {processor.py:186} INFO - Started process (PID=29288) to work on /home/d-salamanca/airflow-env/lib/python3.12/site-packages/airflow/example_dags/example_short_circuit_decorator.py
[2024-09-29T00:30:50.505-0500] {processor.py:914} INFO - Processing file /home/d-salamanca/airflow-env/lib/python3.12/site-packages/airflow/example_dags/example_short_circuit_decorator.py for tasks to queue
[2024-09-29T00:30:50.508-0500] {logging_mixin.py:190} INFO - [2024-09-29T00:30:50.508-0500] {dagbag.py:588} INFO - Filling up the DagBag from /home/d-salamanca/airflow-env/lib/python3.12/site-packages/airflow/example_dags/example_short_circuit_decorator.py
[2024-09-29T00:30:50.537-0500] {processor.py:925} INFO - DAG(s) 'example_short_circuit_decorator' retrieved from /home/d-salamanca/airflow-env/lib/python3.12/site-packages/airflow/example_dags/example_short_circuit_decorator.py
[2024-09-29T00:30:50.558-0500] {logging_mixin.py:190} INFO - [2024-09-29T00:30:50.558-0500] {dag.py:3239} INFO - Sync 1 DAGs
[2024-09-29T00:30:50.573-0500] {logging_mixin.py:190} INFO - [2024-09-29T00:30:50.573-0500] {dag.py:4180} INFO - Setting next_dagrun for example_short_circuit_decorator to None, run_after=None
[2024-09-29T00:30:50.629-0500] {processor.py:208} INFO - Processing /home/d-salamanca/airflow-env/lib/python3.12/site-packages/airflow/example_dags/example_short_circuit_decorator.py took 0.146 seconds
[2024-09-29T00:31:56.644-0500] {processor.py:186} INFO - Started process (PID=29337) to work on /home/d-salamanca/airflow-env/lib/python3.12/site-packages/airflow/example_dags/example_short_circuit_decorator.py
[2024-09-29T00:31:56.646-0500] {processor.py:914} INFO - Processing file /home/d-salamanca/airflow-env/lib/python3.12/site-packages/airflow/example_dags/example_short_circuit_decorator.py for tasks to queue
[2024-09-29T00:31:56.649-0500] {logging_mixin.py:190} INFO - [2024-09-29T00:31:56.648-0500] {dagbag.py:588} INFO - Filling up the DagBag from /home/d-salamanca/airflow-env/lib/python3.12/site-packages/airflow/example_dags/example_short_circuit_decorator.py
[2024-09-29T00:31:56.665-0500] {processor.py:925} INFO - DAG(s) 'example_short_circuit_decorator' retrieved from /home/d-salamanca/airflow-env/lib/python3.12/site-packages/airflow/example_dags/example_short_circuit_decorator.py
[2024-09-29T00:31:56.691-0500] {logging_mixin.py:190} INFO - [2024-09-29T00:31:56.691-0500] {dag.py:3239} INFO - Sync 1 DAGs
[2024-09-29T00:31:56.707-0500] {logging_mixin.py:190} INFO - [2024-09-29T00:31:56.707-0500] {dag.py:4180} INFO - Setting next_dagrun for example_short_circuit_decorator to None, run_after=None
[2024-09-29T00:31:56.972-0500] {processor.py:208} INFO - Processing /home/d-salamanca/airflow-env/lib/python3.12/site-packages/airflow/example_dags/example_short_circuit_decorator.py took 0.337 seconds
[2024-09-29T00:33:15.974-0500] {processor.py:186} INFO - Started process (PID=29416) to work on /home/d-salamanca/airflow-env/lib/python3.12/site-packages/airflow/example_dags/example_short_circuit_decorator.py
[2024-09-29T00:33:15.975-0500] {processor.py:914} INFO - Processing file /home/d-salamanca/airflow-env/lib/python3.12/site-packages/airflow/example_dags/example_short_circuit_decorator.py for tasks to queue
[2024-09-29T00:33:15.979-0500] {logging_mixin.py:190} INFO - [2024-09-29T00:33:15.978-0500] {dagbag.py:588} INFO - Filling up the DagBag from /home/d-salamanca/airflow-env/lib/python3.12/site-packages/airflow/example_dags/example_short_circuit_decorator.py
[2024-09-29T00:33:16.042-0500] {processor.py:925} INFO - DAG(s) 'example_short_circuit_decorator' retrieved from /home/d-salamanca/airflow-env/lib/python3.12/site-packages/airflow/example_dags/example_short_circuit_decorator.py
[2024-09-29T00:33:16.063-0500] {logging_mixin.py:190} INFO - [2024-09-29T00:33:16.063-0500] {dag.py:3239} INFO - Sync 1 DAGs
[2024-09-29T00:33:16.078-0500] {logging_mixin.py:190} INFO - [2024-09-29T00:33:16.078-0500] {dag.py:4180} INFO - Setting next_dagrun for example_short_circuit_decorator to None, run_after=None
[2024-09-29T00:33:16.122-0500] {processor.py:208} INFO - Processing /home/d-salamanca/airflow-env/lib/python3.12/site-packages/airflow/example_dags/example_short_circuit_decorator.py took 0.156 seconds
[2024-09-29T00:34:44.484-0500] {processor.py:186} INFO - Started process (PID=29515) to work on /home/d-salamanca/airflow-env/lib/python3.12/site-packages/airflow/example_dags/example_short_circuit_decorator.py
[2024-09-29T00:34:44.518-0500] {processor.py:914} INFO - Processing file /home/d-salamanca/airflow-env/lib/python3.12/site-packages/airflow/example_dags/example_short_circuit_decorator.py for tasks to queue
[2024-09-29T00:34:44.523-0500] {logging_mixin.py:190} INFO - [2024-09-29T00:34:44.522-0500] {dagbag.py:588} INFO - Filling up the DagBag from /home/d-salamanca/airflow-env/lib/python3.12/site-packages/airflow/example_dags/example_short_circuit_decorator.py
[2024-09-29T00:34:44.544-0500] {processor.py:925} INFO - DAG(s) 'example_short_circuit_decorator' retrieved from /home/d-salamanca/airflow-env/lib/python3.12/site-packages/airflow/example_dags/example_short_circuit_decorator.py
[2024-09-29T00:34:44.565-0500] {logging_mixin.py:190} INFO - [2024-09-29T00:34:44.565-0500] {dag.py:3239} INFO - Sync 1 DAGs
[2024-09-29T00:34:44.580-0500] {logging_mixin.py:190} INFO - [2024-09-29T00:34:44.579-0500] {dag.py:4180} INFO - Setting next_dagrun for example_short_circuit_decorator to None, run_after=None
[2024-09-29T00:34:44.682-0500] {processor.py:208} INFO - Processing /home/d-salamanca/airflow-env/lib/python3.12/site-packages/airflow/example_dags/example_short_circuit_decorator.py took 0.206 seconds
[2024-09-29T08:20:24.030-0500] {processor.py:186} INFO - Started process (PID=29772) to work on /home/d-salamanca/airflow-env/lib/python3.12/site-packages/airflow/example_dags/example_short_circuit_decorator.py
[2024-09-29T08:20:24.045-0500] {processor.py:914} INFO - Processing file /home/d-salamanca/airflow-env/lib/python3.12/site-packages/airflow/example_dags/example_short_circuit_decorator.py for tasks to queue
[2024-09-29T08:20:24.050-0500] {logging_mixin.py:190} INFO - [2024-09-29T08:20:24.049-0500] {dagbag.py:588} INFO - Filling up the DagBag from /home/d-salamanca/airflow-env/lib/python3.12/site-packages/airflow/example_dags/example_short_circuit_decorator.py
[2024-09-29T08:20:24.068-0500] {processor.py:925} INFO - DAG(s) 'example_short_circuit_decorator' retrieved from /home/d-salamanca/airflow-env/lib/python3.12/site-packages/airflow/example_dags/example_short_circuit_decorator.py
[2024-09-29T08:20:24.090-0500] {logging_mixin.py:190} INFO - [2024-09-29T08:20:24.090-0500] {dag.py:3239} INFO - Sync 1 DAGs
[2024-09-29T08:20:24.104-0500] {logging_mixin.py:190} INFO - [2024-09-29T08:20:24.104-0500] {dag.py:4180} INFO - Setting next_dagrun for example_short_circuit_decorator to None, run_after=None
[2024-09-29T08:20:24.171-0500] {processor.py:208} INFO - Processing /home/d-salamanca/airflow-env/lib/python3.12/site-packages/airflow/example_dags/example_short_circuit_decorator.py took 0.152 seconds
[2024-09-29T08:21:35.424-0500] {processor.py:186} INFO - Started process (PID=29847) to work on /home/d-salamanca/airflow-env/lib/python3.12/site-packages/airflow/example_dags/example_short_circuit_decorator.py
[2024-09-29T08:21:35.987-0500] {processor.py:914} INFO - Processing file /home/d-salamanca/airflow-env/lib/python3.12/site-packages/airflow/example_dags/example_short_circuit_decorator.py for tasks to queue
[2024-09-29T08:21:35.994-0500] {logging_mixin.py:190} INFO - [2024-09-29T08:21:35.992-0500] {dagbag.py:588} INFO - Filling up the DagBag from /home/d-salamanca/airflow-env/lib/python3.12/site-packages/airflow/example_dags/example_short_circuit_decorator.py
[2024-09-29T08:21:36.181-0500] {processor.py:925} INFO - DAG(s) 'example_short_circuit_decorator' retrieved from /home/d-salamanca/airflow-env/lib/python3.12/site-packages/airflow/example_dags/example_short_circuit_decorator.py
[2024-09-29T08:21:36.610-0500] {logging_mixin.py:190} INFO - [2024-09-29T08:21:36.610-0500] {dag.py:3239} INFO - Sync 1 DAGs
[2024-09-29T08:21:36.625-0500] {logging_mixin.py:190} INFO - [2024-09-29T08:21:36.625-0500] {dag.py:4180} INFO - Setting next_dagrun for example_short_circuit_decorator to None, run_after=None
[2024-09-29T08:21:36.679-0500] {processor.py:208} INFO - Processing /home/d-salamanca/airflow-env/lib/python3.12/site-packages/airflow/example_dags/example_short_circuit_decorator.py took 1.468 seconds
[2024-09-29T08:23:23.944-0500] {processor.py:186} INFO - Started process (PID=29926) to work on /home/d-salamanca/airflow-env/lib/python3.12/site-packages/airflow/example_dags/example_short_circuit_decorator.py
[2024-09-29T08:23:23.951-0500] {processor.py:914} INFO - Processing file /home/d-salamanca/airflow-env/lib/python3.12/site-packages/airflow/example_dags/example_short_circuit_decorator.py for tasks to queue
[2024-09-29T08:23:23.958-0500] {logging_mixin.py:190} INFO - [2024-09-29T08:23:23.956-0500] {dagbag.py:588} INFO - Filling up the DagBag from /home/d-salamanca/airflow-env/lib/python3.12/site-packages/airflow/example_dags/example_short_circuit_decorator.py
[2024-09-29T08:23:23.976-0500] {processor.py:925} INFO - DAG(s) 'example_short_circuit_decorator' retrieved from /home/d-salamanca/airflow-env/lib/python3.12/site-packages/airflow/example_dags/example_short_circuit_decorator.py
[2024-09-29T08:23:23.997-0500] {logging_mixin.py:190} INFO - [2024-09-29T08:23:23.997-0500] {dag.py:3239} INFO - Sync 1 DAGs
[2024-09-29T08:23:24.012-0500] {logging_mixin.py:190} INFO - [2024-09-29T08:23:24.011-0500] {dag.py:4180} INFO - Setting next_dagrun for example_short_circuit_decorator to None, run_after=None
[2024-09-29T08:23:24.042-0500] {processor.py:208} INFO - Processing /home/d-salamanca/airflow-env/lib/python3.12/site-packages/airflow/example_dags/example_short_circuit_decorator.py took 0.106 seconds
[2024-09-29T08:24:50.230-0500] {processor.py:186} INFO - Started process (PID=30027) to work on /home/d-salamanca/airflow-env/lib/python3.12/site-packages/airflow/example_dags/example_short_circuit_decorator.py
[2024-09-29T08:24:50.231-0500] {processor.py:914} INFO - Processing file /home/d-salamanca/airflow-env/lib/python3.12/site-packages/airflow/example_dags/example_short_circuit_decorator.py for tasks to queue
[2024-09-29T08:24:50.235-0500] {logging_mixin.py:190} INFO - [2024-09-29T08:24:50.234-0500] {dagbag.py:588} INFO - Filling up the DagBag from /home/d-salamanca/airflow-env/lib/python3.12/site-packages/airflow/example_dags/example_short_circuit_decorator.py
[2024-09-29T08:24:50.246-0500] {processor.py:925} INFO - DAG(s) 'example_short_circuit_decorator' retrieved from /home/d-salamanca/airflow-env/lib/python3.12/site-packages/airflow/example_dags/example_short_circuit_decorator.py
[2024-09-29T08:24:50.268-0500] {logging_mixin.py:190} INFO - [2024-09-29T08:24:50.268-0500] {dag.py:3239} INFO - Sync 1 DAGs
[2024-09-29T08:24:50.283-0500] {logging_mixin.py:190} INFO - [2024-09-29T08:24:50.283-0500] {dag.py:4180} INFO - Setting next_dagrun for example_short_circuit_decorator to None, run_after=None
[2024-09-29T08:24:50.320-0500] {processor.py:208} INFO - Processing /home/d-salamanca/airflow-env/lib/python3.12/site-packages/airflow/example_dags/example_short_circuit_decorator.py took 0.098 seconds
[2024-09-29T08:26:17.209-0500] {processor.py:186} INFO - Started process (PID=30101) to work on /home/d-salamanca/airflow-env/lib/python3.12/site-packages/airflow/example_dags/example_short_circuit_decorator.py
[2024-09-29T08:26:17.210-0500] {processor.py:914} INFO - Processing file /home/d-salamanca/airflow-env/lib/python3.12/site-packages/airflow/example_dags/example_short_circuit_decorator.py for tasks to queue
[2024-09-29T08:26:17.213-0500] {logging_mixin.py:190} INFO - [2024-09-29T08:26:17.212-0500] {dagbag.py:588} INFO - Filling up the DagBag from /home/d-salamanca/airflow-env/lib/python3.12/site-packages/airflow/example_dags/example_short_circuit_decorator.py
[2024-09-29T08:26:17.225-0500] {processor.py:925} INFO - DAG(s) 'example_short_circuit_decorator' retrieved from /home/d-salamanca/airflow-env/lib/python3.12/site-packages/airflow/example_dags/example_short_circuit_decorator.py
[2024-09-29T08:26:17.246-0500] {logging_mixin.py:190} INFO - [2024-09-29T08:26:17.246-0500] {dag.py:3239} INFO - Sync 1 DAGs
[2024-09-29T08:26:17.261-0500] {logging_mixin.py:190} INFO - [2024-09-29T08:26:17.260-0500] {dag.py:4180} INFO - Setting next_dagrun for example_short_circuit_decorator to None, run_after=None
[2024-09-29T08:26:17.322-0500] {processor.py:208} INFO - Processing /home/d-salamanca/airflow-env/lib/python3.12/site-packages/airflow/example_dags/example_short_circuit_decorator.py took 0.124 seconds
[2024-09-29T08:27:35.812-0500] {processor.py:186} INFO - Started process (PID=30169) to work on /home/d-salamanca/airflow-env/lib/python3.12/site-packages/airflow/example_dags/example_short_circuit_decorator.py
[2024-09-29T08:27:35.840-0500] {processor.py:914} INFO - Processing file /home/d-salamanca/airflow-env/lib/python3.12/site-packages/airflow/example_dags/example_short_circuit_decorator.py for tasks to queue
[2024-09-29T08:27:35.845-0500] {logging_mixin.py:190} INFO - [2024-09-29T08:27:35.844-0500] {dagbag.py:588} INFO - Filling up the DagBag from /home/d-salamanca/airflow-env/lib/python3.12/site-packages/airflow/example_dags/example_short_circuit_decorator.py
[2024-09-29T08:27:35.861-0500] {processor.py:925} INFO - DAG(s) 'example_short_circuit_decorator' retrieved from /home/d-salamanca/airflow-env/lib/python3.12/site-packages/airflow/example_dags/example_short_circuit_decorator.py
[2024-09-29T08:27:35.883-0500] {logging_mixin.py:190} INFO - [2024-09-29T08:27:35.882-0500] {dag.py:3239} INFO - Sync 1 DAGs
[2024-09-29T08:27:35.897-0500] {logging_mixin.py:190} INFO - [2024-09-29T08:27:35.897-0500] {dag.py:4180} INFO - Setting next_dagrun for example_short_circuit_decorator to None, run_after=None
[2024-09-29T08:27:35.930-0500] {processor.py:208} INFO - Processing /home/d-salamanca/airflow-env/lib/python3.12/site-packages/airflow/example_dags/example_short_circuit_decorator.py took 0.131 seconds
[2024-09-29T08:28:50.976-0500] {processor.py:186} INFO - Started process (PID=30236) to work on /home/d-salamanca/airflow-env/lib/python3.12/site-packages/airflow/example_dags/example_short_circuit_decorator.py
[2024-09-29T08:28:50.977-0500] {processor.py:914} INFO - Processing file /home/d-salamanca/airflow-env/lib/python3.12/site-packages/airflow/example_dags/example_short_circuit_decorator.py for tasks to queue
[2024-09-29T08:28:50.979-0500] {logging_mixin.py:190} INFO - [2024-09-29T08:28:50.979-0500] {dagbag.py:588} INFO - Filling up the DagBag from /home/d-salamanca/airflow-env/lib/python3.12/site-packages/airflow/example_dags/example_short_circuit_decorator.py
[2024-09-29T08:28:50.991-0500] {processor.py:925} INFO - DAG(s) 'example_short_circuit_decorator' retrieved from /home/d-salamanca/airflow-env/lib/python3.12/site-packages/airflow/example_dags/example_short_circuit_decorator.py
[2024-09-29T08:28:51.013-0500] {logging_mixin.py:190} INFO - [2024-09-29T08:28:51.013-0500] {dag.py:3239} INFO - Sync 1 DAGs
[2024-09-29T08:28:51.028-0500] {logging_mixin.py:190} INFO - [2024-09-29T08:28:51.027-0500] {dag.py:4180} INFO - Setting next_dagrun for example_short_circuit_decorator to None, run_after=None
[2024-09-29T08:28:51.114-0500] {processor.py:208} INFO - Processing /home/d-salamanca/airflow-env/lib/python3.12/site-packages/airflow/example_dags/example_short_circuit_decorator.py took 0.146 seconds
[2024-09-29T08:30:20.583-0500] {processor.py:186} INFO - Started process (PID=30314) to work on /home/d-salamanca/airflow-env/lib/python3.12/site-packages/airflow/example_dags/example_short_circuit_decorator.py
[2024-09-29T08:30:20.585-0500] {processor.py:914} INFO - Processing file /home/d-salamanca/airflow-env/lib/python3.12/site-packages/airflow/example_dags/example_short_circuit_decorator.py for tasks to queue
[2024-09-29T08:30:20.587-0500] {logging_mixin.py:190} INFO - [2024-09-29T08:30:20.587-0500] {dagbag.py:588} INFO - Filling up the DagBag from /home/d-salamanca/airflow-env/lib/python3.12/site-packages/airflow/example_dags/example_short_circuit_decorator.py
[2024-09-29T08:30:20.599-0500] {processor.py:925} INFO - DAG(s) 'example_short_circuit_decorator' retrieved from /home/d-salamanca/airflow-env/lib/python3.12/site-packages/airflow/example_dags/example_short_circuit_decorator.py
[2024-09-29T08:30:20.621-0500] {logging_mixin.py:190} INFO - [2024-09-29T08:30:20.621-0500] {dag.py:3239} INFO - Sync 1 DAGs
[2024-09-29T08:30:20.636-0500] {logging_mixin.py:190} INFO - [2024-09-29T08:30:20.635-0500] {dag.py:4180} INFO - Setting next_dagrun for example_short_circuit_decorator to None, run_after=None
[2024-09-29T08:30:20.714-0500] {processor.py:208} INFO - Processing /home/d-salamanca/airflow-env/lib/python3.12/site-packages/airflow/example_dags/example_short_circuit_decorator.py took 0.138 seconds
[2024-09-29T08:31:53.218-0500] {processor.py:186} INFO - Started process (PID=30397) to work on /home/d-salamanca/airflow-env/lib/python3.12/site-packages/airflow/example_dags/example_short_circuit_decorator.py
[2024-09-29T08:31:53.219-0500] {processor.py:914} INFO - Processing file /home/d-salamanca/airflow-env/lib/python3.12/site-packages/airflow/example_dags/example_short_circuit_decorator.py for tasks to queue
[2024-09-29T08:31:53.222-0500] {logging_mixin.py:190} INFO - [2024-09-29T08:31:53.221-0500] {dagbag.py:588} INFO - Filling up the DagBag from /home/d-salamanca/airflow-env/lib/python3.12/site-packages/airflow/example_dags/example_short_circuit_decorator.py
[2024-09-29T08:31:53.233-0500] {processor.py:925} INFO - DAG(s) 'example_short_circuit_decorator' retrieved from /home/d-salamanca/airflow-env/lib/python3.12/site-packages/airflow/example_dags/example_short_circuit_decorator.py
[2024-09-29T08:31:53.254-0500] {logging_mixin.py:190} INFO - [2024-09-29T08:31:53.254-0500] {dag.py:3239} INFO - Sync 1 DAGs
[2024-09-29T08:31:53.268-0500] {logging_mixin.py:190} INFO - [2024-09-29T08:31:53.268-0500] {dag.py:4180} INFO - Setting next_dagrun for example_short_circuit_decorator to None, run_after=None
[2024-09-29T08:31:53.298-0500] {processor.py:208} INFO - Processing /home/d-salamanca/airflow-env/lib/python3.12/site-packages/airflow/example_dags/example_short_circuit_decorator.py took 0.089 seconds
[2024-09-29T08:33:25.933-0500] {processor.py:186} INFO - Started process (PID=30474) to work on /home/d-salamanca/airflow-env/lib/python3.12/site-packages/airflow/example_dags/example_short_circuit_decorator.py
[2024-09-29T08:33:25.959-0500] {processor.py:914} INFO - Processing file /home/d-salamanca/airflow-env/lib/python3.12/site-packages/airflow/example_dags/example_short_circuit_decorator.py for tasks to queue
[2024-09-29T08:33:25.964-0500] {logging_mixin.py:190} INFO - [2024-09-29T08:33:25.963-0500] {dagbag.py:588} INFO - Filling up the DagBag from /home/d-salamanca/airflow-env/lib/python3.12/site-packages/airflow/example_dags/example_short_circuit_decorator.py
[2024-09-29T08:33:25.980-0500] {processor.py:925} INFO - DAG(s) 'example_short_circuit_decorator' retrieved from /home/d-salamanca/airflow-env/lib/python3.12/site-packages/airflow/example_dags/example_short_circuit_decorator.py
[2024-09-29T08:33:26.002-0500] {logging_mixin.py:190} INFO - [2024-09-29T08:33:26.001-0500] {dag.py:3239} INFO - Sync 1 DAGs
[2024-09-29T08:33:26.016-0500] {logging_mixin.py:190} INFO - [2024-09-29T08:33:26.015-0500] {dag.py:4180} INFO - Setting next_dagrun for example_short_circuit_decorator to None, run_after=None
[2024-09-29T08:33:26.067-0500] {processor.py:208} INFO - Processing /home/d-salamanca/airflow-env/lib/python3.12/site-packages/airflow/example_dags/example_short_circuit_decorator.py took 0.146 seconds
[2024-09-29T08:34:48.916-0500] {processor.py:186} INFO - Started process (PID=30539) to work on /home/d-salamanca/airflow-env/lib/python3.12/site-packages/airflow/example_dags/example_short_circuit_decorator.py
[2024-09-29T08:34:48.917-0500] {processor.py:914} INFO - Processing file /home/d-salamanca/airflow-env/lib/python3.12/site-packages/airflow/example_dags/example_short_circuit_decorator.py for tasks to queue
[2024-09-29T08:34:48.921-0500] {logging_mixin.py:190} INFO - [2024-09-29T08:34:48.920-0500] {dagbag.py:588} INFO - Filling up the DagBag from /home/d-salamanca/airflow-env/lib/python3.12/site-packages/airflow/example_dags/example_short_circuit_decorator.py
[2024-09-29T08:34:48.933-0500] {processor.py:925} INFO - DAG(s) 'example_short_circuit_decorator' retrieved from /home/d-salamanca/airflow-env/lib/python3.12/site-packages/airflow/example_dags/example_short_circuit_decorator.py
[2024-09-29T08:34:48.956-0500] {logging_mixin.py:190} INFO - [2024-09-29T08:34:48.956-0500] {dag.py:3239} INFO - Sync 1 DAGs
[2024-09-29T08:34:48.970-0500] {logging_mixin.py:190} INFO - [2024-09-29T08:34:48.970-0500] {dag.py:4180} INFO - Setting next_dagrun for example_short_circuit_decorator to None, run_after=None
[2024-09-29T08:34:49.009-0500] {processor.py:208} INFO - Processing /home/d-salamanca/airflow-env/lib/python3.12/site-packages/airflow/example_dags/example_short_circuit_decorator.py took 0.100 seconds
[2024-09-29T08:37:18.893-0500] {processor.py:186} INFO - Started process (PID=31012) to work on /home/d-salamanca/airflow-env/lib/python3.12/site-packages/airflow/example_dags/example_short_circuit_decorator.py
[2024-09-29T08:37:18.914-0500] {processor.py:914} INFO - Processing file /home/d-salamanca/airflow-env/lib/python3.12/site-packages/airflow/example_dags/example_short_circuit_decorator.py for tasks to queue
[2024-09-29T08:37:18.917-0500] {logging_mixin.py:190} INFO - [2024-09-29T08:37:18.917-0500] {dagbag.py:588} INFO - Filling up the DagBag from /home/d-salamanca/airflow-env/lib/python3.12/site-packages/airflow/example_dags/example_short_circuit_decorator.py
[2024-09-29T08:37:18.949-0500] {processor.py:925} INFO - DAG(s) 'example_short_circuit_decorator' retrieved from /home/d-salamanca/airflow-env/lib/python3.12/site-packages/airflow/example_dags/example_short_circuit_decorator.py
[2024-09-29T08:37:18.970-0500] {logging_mixin.py:190} INFO - [2024-09-29T08:37:18.970-0500] {dag.py:3239} INFO - Sync 1 DAGs
[2024-09-29T08:37:18.985-0500] {logging_mixin.py:190} INFO - [2024-09-29T08:37:18.985-0500] {dag.py:4180} INFO - Setting next_dagrun for example_short_circuit_decorator to None, run_after=None
[2024-09-29T08:37:19.103-0500] {processor.py:208} INFO - Processing /home/d-salamanca/airflow-env/lib/python3.12/site-packages/airflow/example_dags/example_short_circuit_decorator.py took 0.220 seconds
[2024-09-29T08:38:39.223-0500] {processor.py:186} INFO - Started process (PID=31083) to work on /home/d-salamanca/airflow-env/lib/python3.12/site-packages/airflow/example_dags/example_short_circuit_decorator.py
[2024-09-29T08:38:39.232-0500] {processor.py:914} INFO - Processing file /home/d-salamanca/airflow-env/lib/python3.12/site-packages/airflow/example_dags/example_short_circuit_decorator.py for tasks to queue
[2024-09-29T08:38:39.236-0500] {logging_mixin.py:190} INFO - [2024-09-29T08:38:39.235-0500] {dagbag.py:588} INFO - Filling up the DagBag from /home/d-salamanca/airflow-env/lib/python3.12/site-packages/airflow/example_dags/example_short_circuit_decorator.py
[2024-09-29T08:38:39.271-0500] {processor.py:925} INFO - DAG(s) 'example_short_circuit_decorator' retrieved from /home/d-salamanca/airflow-env/lib/python3.12/site-packages/airflow/example_dags/example_short_circuit_decorator.py
[2024-09-29T08:38:39.342-0500] {logging_mixin.py:190} INFO - [2024-09-29T08:38:39.342-0500] {dag.py:3239} INFO - Sync 1 DAGs
[2024-09-29T08:38:39.363-0500] {logging_mixin.py:190} INFO - [2024-09-29T08:38:39.363-0500] {dag.py:4180} INFO - Setting next_dagrun for example_short_circuit_decorator to None, run_after=None
[2024-09-29T08:38:39.413-0500] {processor.py:208} INFO - Processing /home/d-salamanca/airflow-env/lib/python3.12/site-packages/airflow/example_dags/example_short_circuit_decorator.py took 0.200 seconds
[2024-09-29T08:40:14.413-0500] {processor.py:186} INFO - Started process (PID=31157) to work on /home/d-salamanca/airflow-env/lib/python3.12/site-packages/airflow/example_dags/example_short_circuit_decorator.py
[2024-09-29T08:40:14.433-0500] {processor.py:914} INFO - Processing file /home/d-salamanca/airflow-env/lib/python3.12/site-packages/airflow/example_dags/example_short_circuit_decorator.py for tasks to queue
[2024-09-29T08:40:14.437-0500] {logging_mixin.py:190} INFO - [2024-09-29T08:40:14.437-0500] {dagbag.py:588} INFO - Filling up the DagBag from /home/d-salamanca/airflow-env/lib/python3.12/site-packages/airflow/example_dags/example_short_circuit_decorator.py
[2024-09-29T08:40:14.450-0500] {processor.py:925} INFO - DAG(s) 'example_short_circuit_decorator' retrieved from /home/d-salamanca/airflow-env/lib/python3.12/site-packages/airflow/example_dags/example_short_circuit_decorator.py
[2024-09-29T08:40:14.474-0500] {logging_mixin.py:190} INFO - [2024-09-29T08:40:14.474-0500] {dag.py:3239} INFO - Sync 1 DAGs
[2024-09-29T08:40:14.489-0500] {logging_mixin.py:190} INFO - [2024-09-29T08:40:14.489-0500] {dag.py:4180} INFO - Setting next_dagrun for example_short_circuit_decorator to None, run_after=None
[2024-09-29T08:40:14.674-0500] {processor.py:208} INFO - Processing /home/d-salamanca/airflow-env/lib/python3.12/site-packages/airflow/example_dags/example_short_circuit_decorator.py took 0.269 seconds
[2024-09-29T08:41:45.570-0500] {processor.py:186} INFO - Started process (PID=31232) to work on /home/d-salamanca/airflow-env/lib/python3.12/site-packages/airflow/example_dags/example_short_circuit_decorator.py
[2024-09-29T08:41:45.591-0500] {processor.py:914} INFO - Processing file /home/d-salamanca/airflow-env/lib/python3.12/site-packages/airflow/example_dags/example_short_circuit_decorator.py for tasks to queue
[2024-09-29T08:41:45.597-0500] {logging_mixin.py:190} INFO - [2024-09-29T08:41:45.596-0500] {dagbag.py:588} INFO - Filling up the DagBag from /home/d-salamanca/airflow-env/lib/python3.12/site-packages/airflow/example_dags/example_short_circuit_decorator.py
[2024-09-29T08:41:45.610-0500] {processor.py:925} INFO - DAG(s) 'example_short_circuit_decorator' retrieved from /home/d-salamanca/airflow-env/lib/python3.12/site-packages/airflow/example_dags/example_short_circuit_decorator.py
[2024-09-29T08:41:45.635-0500] {logging_mixin.py:190} INFO - [2024-09-29T08:41:45.634-0500] {dag.py:3239} INFO - Sync 1 DAGs
[2024-09-29T08:41:45.651-0500] {logging_mixin.py:190} INFO - [2024-09-29T08:41:45.651-0500] {dag.py:4180} INFO - Setting next_dagrun for example_short_circuit_decorator to None, run_after=None
[2024-09-29T08:41:45.712-0500] {processor.py:208} INFO - Processing /home/d-salamanca/airflow-env/lib/python3.12/site-packages/airflow/example_dags/example_short_circuit_decorator.py took 0.150 seconds
[2024-09-29T08:43:20.147-0500] {processor.py:186} INFO - Started process (PID=31306) to work on /home/d-salamanca/airflow-env/lib/python3.12/site-packages/airflow/example_dags/example_short_circuit_decorator.py
[2024-09-29T08:43:20.165-0500] {processor.py:914} INFO - Processing file /home/d-salamanca/airflow-env/lib/python3.12/site-packages/airflow/example_dags/example_short_circuit_decorator.py for tasks to queue
[2024-09-29T08:43:20.169-0500] {logging_mixin.py:190} INFO - [2024-09-29T08:43:20.169-0500] {dagbag.py:588} INFO - Filling up the DagBag from /home/d-salamanca/airflow-env/lib/python3.12/site-packages/airflow/example_dags/example_short_circuit_decorator.py
[2024-09-29T08:43:20.183-0500] {processor.py:925} INFO - DAG(s) 'example_short_circuit_decorator' retrieved from /home/d-salamanca/airflow-env/lib/python3.12/site-packages/airflow/example_dags/example_short_circuit_decorator.py
[2024-09-29T08:43:20.204-0500] {logging_mixin.py:190} INFO - [2024-09-29T08:43:20.204-0500] {dag.py:3239} INFO - Sync 1 DAGs
[2024-09-29T08:43:20.219-0500] {logging_mixin.py:190} INFO - [2024-09-29T08:43:20.219-0500] {dag.py:4180} INFO - Setting next_dagrun for example_short_circuit_decorator to None, run_after=None
[2024-09-29T08:43:20.249-0500] {processor.py:208} INFO - Processing /home/d-salamanca/airflow-env/lib/python3.12/site-packages/airflow/example_dags/example_short_circuit_decorator.py took 0.110 seconds
[2024-09-29T08:44:41.271-0500] {processor.py:186} INFO - Started process (PID=31376) to work on /home/d-salamanca/airflow-env/lib/python3.12/site-packages/airflow/example_dags/example_short_circuit_decorator.py
[2024-09-29T08:44:41.273-0500] {processor.py:914} INFO - Processing file /home/d-salamanca/airflow-env/lib/python3.12/site-packages/airflow/example_dags/example_short_circuit_decorator.py for tasks to queue
[2024-09-29T08:44:41.275-0500] {logging_mixin.py:190} INFO - [2024-09-29T08:44:41.275-0500] {dagbag.py:588} INFO - Filling up the DagBag from /home/d-salamanca/airflow-env/lib/python3.12/site-packages/airflow/example_dags/example_short_circuit_decorator.py
[2024-09-29T08:44:41.288-0500] {processor.py:925} INFO - DAG(s) 'example_short_circuit_decorator' retrieved from /home/d-salamanca/airflow-env/lib/python3.12/site-packages/airflow/example_dags/example_short_circuit_decorator.py
[2024-09-29T08:44:41.311-0500] {logging_mixin.py:190} INFO - [2024-09-29T08:44:41.310-0500] {dag.py:3239} INFO - Sync 1 DAGs
[2024-09-29T08:44:41.326-0500] {logging_mixin.py:190} INFO - [2024-09-29T08:44:41.325-0500] {dag.py:4180} INFO - Setting next_dagrun for example_short_circuit_decorator to None, run_after=None
[2024-09-29T08:44:41.464-0500] {processor.py:208} INFO - Processing /home/d-salamanca/airflow-env/lib/python3.12/site-packages/airflow/example_dags/example_short_circuit_decorator.py took 0.200 seconds
[2024-09-29T08:46:35.687-0500] {processor.py:186} INFO - Started process (PID=31459) to work on /home/d-salamanca/airflow-env/lib/python3.12/site-packages/airflow/example_dags/example_short_circuit_decorator.py
[2024-09-29T08:46:35.689-0500] {processor.py:914} INFO - Processing file /home/d-salamanca/airflow-env/lib/python3.12/site-packages/airflow/example_dags/example_short_circuit_decorator.py for tasks to queue
[2024-09-29T08:46:35.692-0500] {logging_mixin.py:190} INFO - [2024-09-29T08:46:35.691-0500] {dagbag.py:588} INFO - Filling up the DagBag from /home/d-salamanca/airflow-env/lib/python3.12/site-packages/airflow/example_dags/example_short_circuit_decorator.py
[2024-09-29T08:46:35.703-0500] {processor.py:925} INFO - DAG(s) 'example_short_circuit_decorator' retrieved from /home/d-salamanca/airflow-env/lib/python3.12/site-packages/airflow/example_dags/example_short_circuit_decorator.py
[2024-09-29T08:46:35.727-0500] {logging_mixin.py:190} INFO - [2024-09-29T08:46:35.726-0500] {dag.py:3239} INFO - Sync 1 DAGs
[2024-09-29T08:46:35.742-0500] {logging_mixin.py:190} INFO - [2024-09-29T08:46:35.741-0500] {dag.py:4180} INFO - Setting next_dagrun for example_short_circuit_decorator to None, run_after=None
[2024-09-29T08:46:35.775-0500] {processor.py:208} INFO - Processing /home/d-salamanca/airflow-env/lib/python3.12/site-packages/airflow/example_dags/example_short_circuit_decorator.py took 0.096 seconds
[2024-09-29T08:48:09.453-0500] {processor.py:186} INFO - Started process (PID=31545) to work on /home/d-salamanca/airflow-env/lib/python3.12/site-packages/airflow/example_dags/example_short_circuit_decorator.py
[2024-09-29T08:48:09.455-0500] {processor.py:914} INFO - Processing file /home/d-salamanca/airflow-env/lib/python3.12/site-packages/airflow/example_dags/example_short_circuit_decorator.py for tasks to queue
[2024-09-29T08:48:09.458-0500] {logging_mixin.py:190} INFO - [2024-09-29T08:48:09.458-0500] {dagbag.py:588} INFO - Filling up the DagBag from /home/d-salamanca/airflow-env/lib/python3.12/site-packages/airflow/example_dags/example_short_circuit_decorator.py
[2024-09-29T08:48:09.474-0500] {processor.py:925} INFO - DAG(s) 'example_short_circuit_decorator' retrieved from /home/d-salamanca/airflow-env/lib/python3.12/site-packages/airflow/example_dags/example_short_circuit_decorator.py
[2024-09-29T08:48:09.496-0500] {logging_mixin.py:190} INFO - [2024-09-29T08:48:09.496-0500] {dag.py:3239} INFO - Sync 1 DAGs
[2024-09-29T08:48:09.512-0500] {logging_mixin.py:190} INFO - [2024-09-29T08:48:09.512-0500] {dag.py:4180} INFO - Setting next_dagrun for example_short_circuit_decorator to None, run_after=None
[2024-09-29T08:48:09.599-0500] {processor.py:208} INFO - Processing /home/d-salamanca/airflow-env/lib/python3.12/site-packages/airflow/example_dags/example_short_circuit_decorator.py took 0.155 seconds
[2024-09-29T08:49:31.185-0500] {processor.py:186} INFO - Started process (PID=31617) to work on /home/d-salamanca/airflow-env/lib/python3.12/site-packages/airflow/example_dags/example_short_circuit_decorator.py
[2024-09-29T08:49:31.209-0500] {processor.py:914} INFO - Processing file /home/d-salamanca/airflow-env/lib/python3.12/site-packages/airflow/example_dags/example_short_circuit_decorator.py for tasks to queue
[2024-09-29T08:49:31.214-0500] {logging_mixin.py:190} INFO - [2024-09-29T08:49:31.213-0500] {dagbag.py:588} INFO - Filling up the DagBag from /home/d-salamanca/airflow-env/lib/python3.12/site-packages/airflow/example_dags/example_short_circuit_decorator.py
[2024-09-29T08:49:31.229-0500] {processor.py:925} INFO - DAG(s) 'example_short_circuit_decorator' retrieved from /home/d-salamanca/airflow-env/lib/python3.12/site-packages/airflow/example_dags/example_short_circuit_decorator.py
[2024-09-29T08:49:31.251-0500] {logging_mixin.py:190} INFO - [2024-09-29T08:49:31.251-0500] {dag.py:3239} INFO - Sync 1 DAGs
[2024-09-29T08:49:31.266-0500] {logging_mixin.py:190} INFO - [2024-09-29T08:49:31.265-0500] {dag.py:4180} INFO - Setting next_dagrun for example_short_circuit_decorator to None, run_after=None
[2024-09-29T08:49:31.423-0500] {processor.py:208} INFO - Processing /home/d-salamanca/airflow-env/lib/python3.12/site-packages/airflow/example_dags/example_short_circuit_decorator.py took 0.244 seconds
[2024-09-29T08:51:05.474-0500] {processor.py:186} INFO - Started process (PID=31775) to work on /home/d-salamanca/airflow-env/lib/python3.12/site-packages/airflow/example_dags/example_short_circuit_decorator.py
[2024-09-29T08:51:05.939-0500] {processor.py:914} INFO - Processing file /home/d-salamanca/airflow-env/lib/python3.12/site-packages/airflow/example_dags/example_short_circuit_decorator.py for tasks to queue
[2024-09-29T08:51:05.947-0500] {logging_mixin.py:190} INFO - [2024-09-29T08:51:05.946-0500] {dagbag.py:588} INFO - Filling up the DagBag from /home/d-salamanca/airflow-env/lib/python3.12/site-packages/airflow/example_dags/example_short_circuit_decorator.py
[2024-09-29T08:51:05.960-0500] {processor.py:925} INFO - DAG(s) 'example_short_circuit_decorator' retrieved from /home/d-salamanca/airflow-env/lib/python3.12/site-packages/airflow/example_dags/example_short_circuit_decorator.py
[2024-09-29T08:51:06.106-0500] {logging_mixin.py:190} INFO - [2024-09-29T08:51:06.106-0500] {dag.py:3239} INFO - Sync 1 DAGs
[2024-09-29T08:51:06.121-0500] {logging_mixin.py:190} INFO - [2024-09-29T08:51:06.121-0500] {dag.py:4180} INFO - Setting next_dagrun for example_short_circuit_decorator to None, run_after=None
[2024-09-29T08:51:06.406-0500] {processor.py:208} INFO - Processing /home/d-salamanca/airflow-env/lib/python3.12/site-packages/airflow/example_dags/example_short_circuit_decorator.py took 0.942 seconds
[2024-09-29T08:52:52.071-0500] {processor.py:186} INFO - Started process (PID=31965) to work on /home/d-salamanca/airflow-env/lib/python3.12/site-packages/airflow/example_dags/example_short_circuit_decorator.py
[2024-09-29T08:52:52.104-0500] {processor.py:914} INFO - Processing file /home/d-salamanca/airflow-env/lib/python3.12/site-packages/airflow/example_dags/example_short_circuit_decorator.py for tasks to queue
[2024-09-29T08:52:52.109-0500] {logging_mixin.py:190} INFO - [2024-09-29T08:52:52.108-0500] {dagbag.py:588} INFO - Filling up the DagBag from /home/d-salamanca/airflow-env/lib/python3.12/site-packages/airflow/example_dags/example_short_circuit_decorator.py
[2024-09-29T08:52:52.174-0500] {processor.py:925} INFO - DAG(s) 'example_short_circuit_decorator' retrieved from /home/d-salamanca/airflow-env/lib/python3.12/site-packages/airflow/example_dags/example_short_circuit_decorator.py
[2024-09-29T08:52:52.196-0500] {logging_mixin.py:190} INFO - [2024-09-29T08:52:52.196-0500] {dag.py:3239} INFO - Sync 1 DAGs
[2024-09-29T08:52:52.214-0500] {logging_mixin.py:190} INFO - [2024-09-29T08:52:52.214-0500] {dag.py:4180} INFO - Setting next_dagrun for example_short_circuit_decorator to None, run_after=None
[2024-09-29T08:52:52.269-0500] {processor.py:208} INFO - Processing /home/d-salamanca/airflow-env/lib/python3.12/site-packages/airflow/example_dags/example_short_circuit_decorator.py took 0.205 seconds
[2024-09-29T08:54:02.056-0500] {processor.py:186} INFO - Started process (PID=32019) to work on /home/d-salamanca/airflow-env/lib/python3.12/site-packages/airflow/example_dags/example_short_circuit_decorator.py
[2024-09-29T08:54:02.077-0500] {processor.py:914} INFO - Processing file /home/d-salamanca/airflow-env/lib/python3.12/site-packages/airflow/example_dags/example_short_circuit_decorator.py for tasks to queue
[2024-09-29T08:54:02.083-0500] {logging_mixin.py:190} INFO - [2024-09-29T08:54:02.082-0500] {dagbag.py:588} INFO - Filling up the DagBag from /home/d-salamanca/airflow-env/lib/python3.12/site-packages/airflow/example_dags/example_short_circuit_decorator.py
[2024-09-29T08:54:02.115-0500] {processor.py:925} INFO - DAG(s) 'example_short_circuit_decorator' retrieved from /home/d-salamanca/airflow-env/lib/python3.12/site-packages/airflow/example_dags/example_short_circuit_decorator.py
[2024-09-29T08:54:02.139-0500] {logging_mixin.py:190} INFO - [2024-09-29T08:54:02.138-0500] {dag.py:3239} INFO - Sync 1 DAGs
[2024-09-29T08:54:02.153-0500] {logging_mixin.py:190} INFO - [2024-09-29T08:54:02.152-0500] {dag.py:4180} INFO - Setting next_dagrun for example_short_circuit_decorator to None, run_after=None
[2024-09-29T08:54:02.302-0500] {processor.py:208} INFO - Processing /home/d-salamanca/airflow-env/lib/python3.12/site-packages/airflow/example_dags/example_short_circuit_decorator.py took 0.257 seconds
[2024-09-29T08:55:36.269-0500] {processor.py:186} INFO - Started process (PID=32097) to work on /home/d-salamanca/airflow-env/lib/python3.12/site-packages/airflow/example_dags/example_short_circuit_decorator.py
[2024-09-29T08:55:36.295-0500] {processor.py:914} INFO - Processing file /home/d-salamanca/airflow-env/lib/python3.12/site-packages/airflow/example_dags/example_short_circuit_decorator.py for tasks to queue
[2024-09-29T08:55:36.302-0500] {logging_mixin.py:190} INFO - [2024-09-29T08:55:36.301-0500] {dagbag.py:588} INFO - Filling up the DagBag from /home/d-salamanca/airflow-env/lib/python3.12/site-packages/airflow/example_dags/example_short_circuit_decorator.py
[2024-09-29T08:55:36.318-0500] {processor.py:925} INFO - DAG(s) 'example_short_circuit_decorator' retrieved from /home/d-salamanca/airflow-env/lib/python3.12/site-packages/airflow/example_dags/example_short_circuit_decorator.py
[2024-09-29T08:55:36.340-0500] {logging_mixin.py:190} INFO - [2024-09-29T08:55:36.339-0500] {dag.py:3239} INFO - Sync 1 DAGs
[2024-09-29T08:55:36.354-0500] {logging_mixin.py:190} INFO - [2024-09-29T08:55:36.353-0500] {dag.py:4180} INFO - Setting next_dagrun for example_short_circuit_decorator to None, run_after=None
[2024-09-29T08:55:36.381-0500] {processor.py:208} INFO - Processing /home/d-salamanca/airflow-env/lib/python3.12/site-packages/airflow/example_dags/example_short_circuit_decorator.py took 0.119 seconds
[2024-09-29T08:57:21.373-0500] {processor.py:186} INFO - Started process (PID=32174) to work on /home/d-salamanca/airflow-env/lib/python3.12/site-packages/airflow/example_dags/example_short_circuit_decorator.py
[2024-09-29T08:57:21.374-0500] {processor.py:914} INFO - Processing file /home/d-salamanca/airflow-env/lib/python3.12/site-packages/airflow/example_dags/example_short_circuit_decorator.py for tasks to queue
[2024-09-29T08:57:21.377-0500] {logging_mixin.py:190} INFO - [2024-09-29T08:57:21.376-0500] {dagbag.py:588} INFO - Filling up the DagBag from /home/d-salamanca/airflow-env/lib/python3.12/site-packages/airflow/example_dags/example_short_circuit_decorator.py
[2024-09-29T08:57:21.399-0500] {processor.py:925} INFO - DAG(s) 'example_short_circuit_decorator' retrieved from /home/d-salamanca/airflow-env/lib/python3.12/site-packages/airflow/example_dags/example_short_circuit_decorator.py
[2024-09-29T08:57:21.420-0500] {logging_mixin.py:190} INFO - [2024-09-29T08:57:21.420-0500] {dag.py:3239} INFO - Sync 1 DAGs
[2024-09-29T08:57:21.435-0500] {logging_mixin.py:190} INFO - [2024-09-29T08:57:21.434-0500] {dag.py:4180} INFO - Setting next_dagrun for example_short_circuit_decorator to None, run_after=None
[2024-09-29T08:57:21.490-0500] {processor.py:208} INFO - Processing /home/d-salamanca/airflow-env/lib/python3.12/site-packages/airflow/example_dags/example_short_circuit_decorator.py took 0.125 seconds
[2024-09-29T08:58:55.259-0500] {processor.py:186} INFO - Started process (PID=32259) to work on /home/d-salamanca/airflow-env/lib/python3.12/site-packages/airflow/example_dags/example_short_circuit_decorator.py
[2024-09-29T08:58:55.288-0500] {processor.py:914} INFO - Processing file /home/d-salamanca/airflow-env/lib/python3.12/site-packages/airflow/example_dags/example_short_circuit_decorator.py for tasks to queue
[2024-09-29T08:58:55.295-0500] {logging_mixin.py:190} INFO - [2024-09-29T08:58:55.294-0500] {dagbag.py:588} INFO - Filling up the DagBag from /home/d-salamanca/airflow-env/lib/python3.12/site-packages/airflow/example_dags/example_short_circuit_decorator.py
[2024-09-29T08:58:55.308-0500] {processor.py:925} INFO - DAG(s) 'example_short_circuit_decorator' retrieved from /home/d-salamanca/airflow-env/lib/python3.12/site-packages/airflow/example_dags/example_short_circuit_decorator.py
[2024-09-29T08:58:55.330-0500] {logging_mixin.py:190} INFO - [2024-09-29T08:58:55.330-0500] {dag.py:3239} INFO - Sync 1 DAGs
[2024-09-29T08:58:55.345-0500] {logging_mixin.py:190} INFO - [2024-09-29T08:58:55.344-0500] {dag.py:4180} INFO - Setting next_dagrun for example_short_circuit_decorator to None, run_after=None
[2024-09-29T08:58:55.543-0500] {processor.py:208} INFO - Processing /home/d-salamanca/airflow-env/lib/python3.12/site-packages/airflow/example_dags/example_short_circuit_decorator.py took 0.292 seconds
[2024-09-29T09:00:02.532-0500] {processor.py:186} INFO - Started process (PID=32460) to work on /home/d-salamanca/airflow-env/lib/python3.12/site-packages/airflow/example_dags/example_short_circuit_decorator.py
[2024-09-29T09:00:02.548-0500] {processor.py:914} INFO - Processing file /home/d-salamanca/airflow-env/lib/python3.12/site-packages/airflow/example_dags/example_short_circuit_decorator.py for tasks to queue
[2024-09-29T09:00:02.554-0500] {logging_mixin.py:190} INFO - [2024-09-29T09:00:02.553-0500] {dagbag.py:588} INFO - Filling up the DagBag from /home/d-salamanca/airflow-env/lib/python3.12/site-packages/airflow/example_dags/example_short_circuit_decorator.py
[2024-09-29T09:00:02.652-0500] {processor.py:925} INFO - DAG(s) 'example_short_circuit_decorator' retrieved from /home/d-salamanca/airflow-env/lib/python3.12/site-packages/airflow/example_dags/example_short_circuit_decorator.py
[2024-09-29T09:00:02.675-0500] {logging_mixin.py:190} INFO - [2024-09-29T09:00:02.675-0500] {dag.py:3239} INFO - Sync 1 DAGs
[2024-09-29T09:00:02.691-0500] {logging_mixin.py:190} INFO - [2024-09-29T09:00:02.690-0500] {dag.py:4180} INFO - Setting next_dagrun for example_short_circuit_decorator to None, run_after=None
[2024-09-29T09:00:02.761-0500] {processor.py:208} INFO - Processing /home/d-salamanca/airflow-env/lib/python3.12/site-packages/airflow/example_dags/example_short_circuit_decorator.py took 0.236 seconds
[2024-09-29T09:01:50.875-0500] {processor.py:186} INFO - Started process (PID=32591) to work on /home/d-salamanca/airflow-env/lib/python3.12/site-packages/airflow/example_dags/example_short_circuit_decorator.py
[2024-09-29T09:01:50.892-0500] {processor.py:914} INFO - Processing file /home/d-salamanca/airflow-env/lib/python3.12/site-packages/airflow/example_dags/example_short_circuit_decorator.py for tasks to queue
[2024-09-29T09:01:50.896-0500] {logging_mixin.py:190} INFO - [2024-09-29T09:01:50.895-0500] {dagbag.py:588} INFO - Filling up the DagBag from /home/d-salamanca/airflow-env/lib/python3.12/site-packages/airflow/example_dags/example_short_circuit_decorator.py
[2024-09-29T09:01:50.925-0500] {processor.py:925} INFO - DAG(s) 'example_short_circuit_decorator' retrieved from /home/d-salamanca/airflow-env/lib/python3.12/site-packages/airflow/example_dags/example_short_circuit_decorator.py
[2024-09-29T09:01:50.947-0500] {logging_mixin.py:190} INFO - [2024-09-29T09:01:50.947-0500] {dag.py:3239} INFO - Sync 1 DAGs
[2024-09-29T09:01:50.962-0500] {logging_mixin.py:190} INFO - [2024-09-29T09:01:50.962-0500] {dag.py:4180} INFO - Setting next_dagrun for example_short_circuit_decorator to None, run_after=None
[2024-09-29T09:01:50.996-0500] {processor.py:208} INFO - Processing /home/d-salamanca/airflow-env/lib/python3.12/site-packages/airflow/example_dags/example_short_circuit_decorator.py took 0.133 seconds
[2024-09-29T09:03:16.394-0500] {processor.py:186} INFO - Started process (PID=32661) to work on /home/d-salamanca/airflow-env/lib/python3.12/site-packages/airflow/example_dags/example_short_circuit_decorator.py
[2024-09-29T09:03:16.396-0500] {processor.py:914} INFO - Processing file /home/d-salamanca/airflow-env/lib/python3.12/site-packages/airflow/example_dags/example_short_circuit_decorator.py for tasks to queue
[2024-09-29T09:03:16.399-0500] {logging_mixin.py:190} INFO - [2024-09-29T09:03:16.398-0500] {dagbag.py:588} INFO - Filling up the DagBag from /home/d-salamanca/airflow-env/lib/python3.12/site-packages/airflow/example_dags/example_short_circuit_decorator.py
[2024-09-29T09:03:16.410-0500] {processor.py:925} INFO - DAG(s) 'example_short_circuit_decorator' retrieved from /home/d-salamanca/airflow-env/lib/python3.12/site-packages/airflow/example_dags/example_short_circuit_decorator.py
[2024-09-29T09:03:16.432-0500] {logging_mixin.py:190} INFO - [2024-09-29T09:03:16.432-0500] {dag.py:3239} INFO - Sync 1 DAGs
[2024-09-29T09:03:16.446-0500] {logging_mixin.py:190} INFO - [2024-09-29T09:03:16.446-0500] {dag.py:4180} INFO - Setting next_dagrun for example_short_circuit_decorator to None, run_after=None
[2024-09-29T09:03:16.508-0500] {processor.py:208} INFO - Processing /home/d-salamanca/airflow-env/lib/python3.12/site-packages/airflow/example_dags/example_short_circuit_decorator.py took 0.122 seconds
[2024-09-29T09:04:57.236-0500] {processor.py:186} INFO - Started process (PID=32891) to work on /home/d-salamanca/airflow-env/lib/python3.12/site-packages/airflow/example_dags/example_short_circuit_decorator.py
[2024-09-29T09:04:57.257-0500] {processor.py:914} INFO - Processing file /home/d-salamanca/airflow-env/lib/python3.12/site-packages/airflow/example_dags/example_short_circuit_decorator.py for tasks to queue
[2024-09-29T09:04:57.260-0500] {logging_mixin.py:190} INFO - [2024-09-29T09:04:57.260-0500] {dagbag.py:588} INFO - Filling up the DagBag from /home/d-salamanca/airflow-env/lib/python3.12/site-packages/airflow/example_dags/example_short_circuit_decorator.py
[2024-09-29T09:04:57.300-0500] {processor.py:925} INFO - DAG(s) 'example_short_circuit_decorator' retrieved from /home/d-salamanca/airflow-env/lib/python3.12/site-packages/airflow/example_dags/example_short_circuit_decorator.py
[2024-09-29T09:04:57.363-0500] {logging_mixin.py:190} INFO - [2024-09-29T09:04:57.362-0500] {dag.py:3239} INFO - Sync 1 DAGs
[2024-09-29T09:04:57.379-0500] {logging_mixin.py:190} INFO - [2024-09-29T09:04:57.379-0500] {dag.py:4180} INFO - Setting next_dagrun for example_short_circuit_decorator to None, run_after=None
[2024-09-29T09:04:57.523-0500] {processor.py:208} INFO - Processing /home/d-salamanca/airflow-env/lib/python3.12/site-packages/airflow/example_dags/example_short_circuit_decorator.py took 0.296 seconds
[2024-09-29T09:06:14.548-0500] {processor.py:186} INFO - Started process (PID=33057) to work on /home/d-salamanca/airflow-env/lib/python3.12/site-packages/airflow/example_dags/example_short_circuit_decorator.py
[2024-09-29T09:06:14.578-0500] {processor.py:914} INFO - Processing file /home/d-salamanca/airflow-env/lib/python3.12/site-packages/airflow/example_dags/example_short_circuit_decorator.py for tasks to queue
[2024-09-29T09:06:14.586-0500] {logging_mixin.py:190} INFO - [2024-09-29T09:06:14.584-0500] {dagbag.py:588} INFO - Filling up the DagBag from /home/d-salamanca/airflow-env/lib/python3.12/site-packages/airflow/example_dags/example_short_circuit_decorator.py
[2024-09-29T09:06:14.641-0500] {processor.py:925} INFO - DAG(s) 'example_short_circuit_decorator' retrieved from /home/d-salamanca/airflow-env/lib/python3.12/site-packages/airflow/example_dags/example_short_circuit_decorator.py
[2024-09-29T09:06:14.666-0500] {logging_mixin.py:190} INFO - [2024-09-29T09:06:14.665-0500] {dag.py:3239} INFO - Sync 1 DAGs
[2024-09-29T09:06:14.680-0500] {logging_mixin.py:190} INFO - [2024-09-29T09:06:14.680-0500] {dag.py:4180} INFO - Setting next_dagrun for example_short_circuit_decorator to None, run_after=None
[2024-09-29T09:06:14.760-0500] {processor.py:208} INFO - Processing /home/d-salamanca/airflow-env/lib/python3.12/site-packages/airflow/example_dags/example_short_circuit_decorator.py took 0.222 seconds
[2024-09-29T09:07:14.033-0500] {processor.py:186} INFO - Started process (PID=33098) to work on /home/d-salamanca/airflow-env/lib/python3.12/site-packages/airflow/example_dags/example_short_circuit_decorator.py
[2024-09-29T09:07:14.034-0500] {processor.py:914} INFO - Processing file /home/d-salamanca/airflow-env/lib/python3.12/site-packages/airflow/example_dags/example_short_circuit_decorator.py for tasks to queue
[2024-09-29T09:07:14.037-0500] {logging_mixin.py:190} INFO - [2024-09-29T09:07:14.036-0500] {dagbag.py:588} INFO - Filling up the DagBag from /home/d-salamanca/airflow-env/lib/python3.12/site-packages/airflow/example_dags/example_short_circuit_decorator.py
[2024-09-29T09:07:14.049-0500] {processor.py:925} INFO - DAG(s) 'example_short_circuit_decorator' retrieved from /home/d-salamanca/airflow-env/lib/python3.12/site-packages/airflow/example_dags/example_short_circuit_decorator.py
[2024-09-29T09:07:14.070-0500] {logging_mixin.py:190} INFO - [2024-09-29T09:07:14.070-0500] {dag.py:3239} INFO - Sync 1 DAGs
[2024-09-29T09:07:14.084-0500] {logging_mixin.py:190} INFO - [2024-09-29T09:07:14.084-0500] {dag.py:4180} INFO - Setting next_dagrun for example_short_circuit_decorator to None, run_after=None
[2024-09-29T09:07:14.108-0500] {processor.py:208} INFO - Processing /home/d-salamanca/airflow-env/lib/python3.12/site-packages/airflow/example_dags/example_short_circuit_decorator.py took 0.083 seconds
[2024-09-29T09:08:25.093-0500] {processor.py:186} INFO - Started process (PID=33164) to work on /home/d-salamanca/airflow-env/lib/python3.12/site-packages/airflow/example_dags/example_short_circuit_decorator.py
[2024-09-29T09:08:25.113-0500] {processor.py:914} INFO - Processing file /home/d-salamanca/airflow-env/lib/python3.12/site-packages/airflow/example_dags/example_short_circuit_decorator.py for tasks to queue
[2024-09-29T09:08:25.118-0500] {logging_mixin.py:190} INFO - [2024-09-29T09:08:25.116-0500] {dagbag.py:588} INFO - Filling up the DagBag from /home/d-salamanca/airflow-env/lib/python3.12/site-packages/airflow/example_dags/example_short_circuit_decorator.py
[2024-09-29T09:08:25.131-0500] {processor.py:925} INFO - DAG(s) 'example_short_circuit_decorator' retrieved from /home/d-salamanca/airflow-env/lib/python3.12/site-packages/airflow/example_dags/example_short_circuit_decorator.py
[2024-09-29T09:08:25.153-0500] {logging_mixin.py:190} INFO - [2024-09-29T09:08:25.153-0500] {dag.py:3239} INFO - Sync 1 DAGs
[2024-09-29T09:08:25.167-0500] {logging_mixin.py:190} INFO - [2024-09-29T09:08:25.167-0500] {dag.py:4180} INFO - Setting next_dagrun for example_short_circuit_decorator to None, run_after=None
[2024-09-29T09:08:25.214-0500] {processor.py:208} INFO - Processing /home/d-salamanca/airflow-env/lib/python3.12/site-packages/airflow/example_dags/example_short_circuit_decorator.py took 0.130 seconds
