[2024-09-29T00:19:23.464-0500] {processor.py:186} INFO - Started process (PID=28630) to work on /home/d-salamanca/airflow-env/lib/python3.12/site-packages/airflow/example_dags/example_kubernetes_executor.py
[2024-09-29T00:19:23.465-0500] {processor.py:914} INFO - Processing file /home/d-salamanca/airflow-env/lib/python3.12/site-packages/airflow/example_dags/example_kubernetes_executor.py for tasks to queue
[2024-09-29T00:19:23.468-0500] {logging_mixin.py:190} INFO - [2024-09-29T00:19:23.467-0500] {dagbag.py:588} INFO - Filling up the DagBag from /home/d-salamanca/airflow-env/lib/python3.12/site-packages/airflow/example_dags/example_kubernetes_executor.py
[2024-09-29T00:19:23.488-0500] {logging_mixin.py:190} INFO - [2024-09-29T00:19:23.487-0500] {example_kubernetes_executor.py:39} WARNING - The example_kubernetes_executor example DAG requires the kubernetes provider. Please install it with: pip install apache-airflow[cncf.kubernetes]
[2024-09-29T00:19:23.488-0500] {processor.py:927} WARNING - No viable dags retrieved from /home/d-salamanca/airflow-env/lib/python3.12/site-packages/airflow/example_dags/example_kubernetes_executor.py
[2024-09-29T00:19:23.503-0500] {processor.py:208} INFO - Processing /home/d-salamanca/airflow-env/lib/python3.12/site-packages/airflow/example_dags/example_kubernetes_executor.py took 0.048 seconds
[2024-09-29T00:20:47.345-0500] {processor.py:186} INFO - Started process (PID=28705) to work on /home/d-salamanca/airflow-env/lib/python3.12/site-packages/airflow/example_dags/example_kubernetes_executor.py
[2024-09-29T00:20:47.387-0500] {processor.py:914} INFO - Processing file /home/d-salamanca/airflow-env/lib/python3.12/site-packages/airflow/example_dags/example_kubernetes_executor.py for tasks to queue
[2024-09-29T00:20:47.390-0500] {logging_mixin.py:190} INFO - [2024-09-29T00:20:47.390-0500] {dagbag.py:588} INFO - Filling up the DagBag from /home/d-salamanca/airflow-env/lib/python3.12/site-packages/airflow/example_dags/example_kubernetes_executor.py
[2024-09-29T00:20:47.396-0500] {logging_mixin.py:190} INFO - [2024-09-29T00:20:47.396-0500] {example_kubernetes_executor.py:39} WARNING - The example_kubernetes_executor example DAG requires the kubernetes provider. Please install it with: pip install apache-airflow[cncf.kubernetes]
[2024-09-29T00:20:47.397-0500] {processor.py:927} WARNING - No viable dags retrieved from /home/d-salamanca/airflow-env/lib/python3.12/site-packages/airflow/example_dags/example_kubernetes_executor.py
[2024-09-29T00:20:47.414-0500] {processor.py:208} INFO - Processing /home/d-salamanca/airflow-env/lib/python3.12/site-packages/airflow/example_dags/example_kubernetes_executor.py took 0.078 seconds
[2024-09-29T00:22:29.709-0500] {processor.py:186} INFO - Started process (PID=28779) to work on /home/d-salamanca/airflow-env/lib/python3.12/site-packages/airflow/example_dags/example_kubernetes_executor.py
[2024-09-29T00:22:29.742-0500] {processor.py:914} INFO - Processing file /home/d-salamanca/airflow-env/lib/python3.12/site-packages/airflow/example_dags/example_kubernetes_executor.py for tasks to queue
[2024-09-29T00:22:29.748-0500] {logging_mixin.py:190} INFO - [2024-09-29T00:22:29.747-0500] {dagbag.py:588} INFO - Filling up the DagBag from /home/d-salamanca/airflow-env/lib/python3.12/site-packages/airflow/example_dags/example_kubernetes_executor.py
[2024-09-29T00:22:29.752-0500] {logging_mixin.py:190} INFO - [2024-09-29T00:22:29.752-0500] {example_kubernetes_executor.py:39} WARNING - The example_kubernetes_executor example DAG requires the kubernetes provider. Please install it with: pip install apache-airflow[cncf.kubernetes]
[2024-09-29T00:22:29.752-0500] {processor.py:927} WARNING - No viable dags retrieved from /home/d-salamanca/airflow-env/lib/python3.12/site-packages/airflow/example_dags/example_kubernetes_executor.py
[2024-09-29T00:22:29.765-0500] {processor.py:208} INFO - Processing /home/d-salamanca/airflow-env/lib/python3.12/site-packages/airflow/example_dags/example_kubernetes_executor.py took 0.064 seconds
[2024-09-29T00:23:57.337-0500] {processor.py:186} INFO - Started process (PID=28851) to work on /home/d-salamanca/airflow-env/lib/python3.12/site-packages/airflow/example_dags/example_kubernetes_executor.py
[2024-09-29T00:23:57.363-0500] {processor.py:914} INFO - Processing file /home/d-salamanca/airflow-env/lib/python3.12/site-packages/airflow/example_dags/example_kubernetes_executor.py for tasks to queue
[2024-09-29T00:23:57.367-0500] {logging_mixin.py:190} INFO - [2024-09-29T00:23:57.366-0500] {dagbag.py:588} INFO - Filling up the DagBag from /home/d-salamanca/airflow-env/lib/python3.12/site-packages/airflow/example_dags/example_kubernetes_executor.py
[2024-09-29T00:23:57.373-0500] {logging_mixin.py:190} INFO - [2024-09-29T00:23:57.373-0500] {example_kubernetes_executor.py:39} WARNING - The example_kubernetes_executor example DAG requires the kubernetes provider. Please install it with: pip install apache-airflow[cncf.kubernetes]
[2024-09-29T00:23:57.374-0500] {processor.py:927} WARNING - No viable dags retrieved from /home/d-salamanca/airflow-env/lib/python3.12/site-packages/airflow/example_dags/example_kubernetes_executor.py
[2024-09-29T00:23:57.390-0500] {processor.py:208} INFO - Processing /home/d-salamanca/airflow-env/lib/python3.12/site-packages/airflow/example_dags/example_kubernetes_executor.py took 0.060 seconds
[2024-09-29T00:25:19.708-0500] {processor.py:186} INFO - Started process (PID=28923) to work on /home/d-salamanca/airflow-env/lib/python3.12/site-packages/airflow/example_dags/example_kubernetes_executor.py
[2024-09-29T00:25:19.733-0500] {processor.py:914} INFO - Processing file /home/d-salamanca/airflow-env/lib/python3.12/site-packages/airflow/example_dags/example_kubernetes_executor.py for tasks to queue
[2024-09-29T00:25:19.737-0500] {logging_mixin.py:190} INFO - [2024-09-29T00:25:19.736-0500] {dagbag.py:588} INFO - Filling up the DagBag from /home/d-salamanca/airflow-env/lib/python3.12/site-packages/airflow/example_dags/example_kubernetes_executor.py
[2024-09-29T00:25:19.743-0500] {logging_mixin.py:190} INFO - [2024-09-29T00:25:19.743-0500] {example_kubernetes_executor.py:39} WARNING - The example_kubernetes_executor example DAG requires the kubernetes provider. Please install it with: pip install apache-airflow[cncf.kubernetes]
[2024-09-29T00:25:19.744-0500] {processor.py:927} WARNING - No viable dags retrieved from /home/d-salamanca/airflow-env/lib/python3.12/site-packages/airflow/example_dags/example_kubernetes_executor.py
[2024-09-29T00:25:19.757-0500] {processor.py:208} INFO - Processing /home/d-salamanca/airflow-env/lib/python3.12/site-packages/airflow/example_dags/example_kubernetes_executor.py took 0.057 seconds
[2024-09-29T00:26:57.509-0500] {processor.py:186} INFO - Started process (PID=29032) to work on /home/d-salamanca/airflow-env/lib/python3.12/site-packages/airflow/example_dags/example_kubernetes_executor.py
[2024-09-29T00:26:57.510-0500] {processor.py:914} INFO - Processing file /home/d-salamanca/airflow-env/lib/python3.12/site-packages/airflow/example_dags/example_kubernetes_executor.py for tasks to queue
[2024-09-29T00:26:57.513-0500] {logging_mixin.py:190} INFO - [2024-09-29T00:26:57.512-0500] {dagbag.py:588} INFO - Filling up the DagBag from /home/d-salamanca/airflow-env/lib/python3.12/site-packages/airflow/example_dags/example_kubernetes_executor.py
[2024-09-29T00:26:57.516-0500] {logging_mixin.py:190} INFO - [2024-09-29T00:26:57.516-0500] {example_kubernetes_executor.py:39} WARNING - The example_kubernetes_executor example DAG requires the kubernetes provider. Please install it with: pip install apache-airflow[cncf.kubernetes]
[2024-09-29T00:26:57.517-0500] {processor.py:927} WARNING - No viable dags retrieved from /home/d-salamanca/airflow-env/lib/python3.12/site-packages/airflow/example_dags/example_kubernetes_executor.py
[2024-09-29T00:26:57.530-0500] {processor.py:208} INFO - Processing /home/d-salamanca/airflow-env/lib/python3.12/site-packages/airflow/example_dags/example_kubernetes_executor.py took 0.029 seconds
[2024-09-29T00:28:38.765-0500] {processor.py:186} INFO - Started process (PID=29162) to work on /home/d-salamanca/airflow-env/lib/python3.12/site-packages/airflow/example_dags/example_kubernetes_executor.py
[2024-09-29T00:28:38.767-0500] {processor.py:914} INFO - Processing file /home/d-salamanca/airflow-env/lib/python3.12/site-packages/airflow/example_dags/example_kubernetes_executor.py for tasks to queue
[2024-09-29T00:28:38.770-0500] {logging_mixin.py:190} INFO - [2024-09-29T00:28:38.769-0500] {dagbag.py:588} INFO - Filling up the DagBag from /home/d-salamanca/airflow-env/lib/python3.12/site-packages/airflow/example_dags/example_kubernetes_executor.py
[2024-09-29T00:28:38.776-0500] {logging_mixin.py:190} INFO - [2024-09-29T00:28:38.776-0500] {example_kubernetes_executor.py:39} WARNING - The example_kubernetes_executor example DAG requires the kubernetes provider. Please install it with: pip install apache-airflow[cncf.kubernetes]
[2024-09-29T00:28:38.777-0500] {processor.py:927} WARNING - No viable dags retrieved from /home/d-salamanca/airflow-env/lib/python3.12/site-packages/airflow/example_dags/example_kubernetes_executor.py
[2024-09-29T00:28:38.796-0500] {processor.py:208} INFO - Processing /home/d-salamanca/airflow-env/lib/python3.12/site-packages/airflow/example_dags/example_kubernetes_executor.py took 0.039 seconds
[2024-09-29T00:31:08.778-0500] {processor.py:186} INFO - Started process (PID=29300) to work on /home/d-salamanca/airflow-env/lib/python3.12/site-packages/airflow/example_dags/example_kubernetes_executor.py
[2024-09-29T00:31:08.814-0500] {processor.py:914} INFO - Processing file /home/d-salamanca/airflow-env/lib/python3.12/site-packages/airflow/example_dags/example_kubernetes_executor.py for tasks to queue
[2024-09-29T00:31:08.819-0500] {logging_mixin.py:190} INFO - [2024-09-29T00:31:08.818-0500] {dagbag.py:588} INFO - Filling up the DagBag from /home/d-salamanca/airflow-env/lib/python3.12/site-packages/airflow/example_dags/example_kubernetes_executor.py
[2024-09-29T00:31:08.833-0500] {logging_mixin.py:190} INFO - [2024-09-29T00:31:08.833-0500] {example_kubernetes_executor.py:39} WARNING - The example_kubernetes_executor example DAG requires the kubernetes provider. Please install it with: pip install apache-airflow[cncf.kubernetes]
[2024-09-29T00:31:08.833-0500] {processor.py:927} WARNING - No viable dags retrieved from /home/d-salamanca/airflow-env/lib/python3.12/site-packages/airflow/example_dags/example_kubernetes_executor.py
[2024-09-29T00:31:08.847-0500] {processor.py:208} INFO - Processing /home/d-salamanca/airflow-env/lib/python3.12/site-packages/airflow/example_dags/example_kubernetes_executor.py took 0.078 seconds
[2024-09-29T00:32:39.064-0500] {processor.py:186} INFO - Started process (PID=29375) to work on /home/d-salamanca/airflow-env/lib/python3.12/site-packages/airflow/example_dags/example_kubernetes_executor.py
[2024-09-29T00:32:39.102-0500] {processor.py:914} INFO - Processing file /home/d-salamanca/airflow-env/lib/python3.12/site-packages/airflow/example_dags/example_kubernetes_executor.py for tasks to queue
[2024-09-29T00:32:39.110-0500] {logging_mixin.py:190} INFO - [2024-09-29T00:32:39.108-0500] {dagbag.py:588} INFO - Filling up the DagBag from /home/d-salamanca/airflow-env/lib/python3.12/site-packages/airflow/example_dags/example_kubernetes_executor.py
[2024-09-29T00:32:39.119-0500] {logging_mixin.py:190} INFO - [2024-09-29T00:32:39.119-0500] {example_kubernetes_executor.py:39} WARNING - The example_kubernetes_executor example DAG requires the kubernetes provider. Please install it with: pip install apache-airflow[cncf.kubernetes]
[2024-09-29T00:32:39.120-0500] {processor.py:927} WARNING - No viable dags retrieved from /home/d-salamanca/airflow-env/lib/python3.12/site-packages/airflow/example_dags/example_kubernetes_executor.py
[2024-09-29T00:32:39.133-0500] {processor.py:208} INFO - Processing /home/d-salamanca/airflow-env/lib/python3.12/site-packages/airflow/example_dags/example_kubernetes_executor.py took 0.079 seconds
[2024-09-29T00:34:08.436-0500] {processor.py:186} INFO - Started process (PID=29484) to work on /home/d-salamanca/airflow-env/lib/python3.12/site-packages/airflow/example_dags/example_kubernetes_executor.py
[2024-09-29T00:34:08.465-0500] {processor.py:914} INFO - Processing file /home/d-salamanca/airflow-env/lib/python3.12/site-packages/airflow/example_dags/example_kubernetes_executor.py for tasks to queue
[2024-09-29T00:34:08.470-0500] {logging_mixin.py:190} INFO - [2024-09-29T00:34:08.469-0500] {dagbag.py:588} INFO - Filling up the DagBag from /home/d-salamanca/airflow-env/lib/python3.12/site-packages/airflow/example_dags/example_kubernetes_executor.py
[2024-09-29T00:34:08.478-0500] {logging_mixin.py:190} INFO - [2024-09-29T00:34:08.478-0500] {example_kubernetes_executor.py:39} WARNING - The example_kubernetes_executor example DAG requires the kubernetes provider. Please install it with: pip install apache-airflow[cncf.kubernetes]
[2024-09-29T00:34:08.479-0500] {processor.py:927} WARNING - No viable dags retrieved from /home/d-salamanca/airflow-env/lib/python3.12/site-packages/airflow/example_dags/example_kubernetes_executor.py
[2024-09-29T00:34:08.500-0500] {processor.py:208} INFO - Processing /home/d-salamanca/airflow-env/lib/python3.12/site-packages/airflow/example_dags/example_kubernetes_executor.py took 0.073 seconds
[2024-09-29T08:20:37.384-0500] {processor.py:186} INFO - Started process (PID=29782) to work on /home/d-salamanca/airflow-env/lib/python3.12/site-packages/airflow/example_dags/example_kubernetes_executor.py
[2024-09-29T08:20:37.409-0500] {processor.py:914} INFO - Processing file /home/d-salamanca/airflow-env/lib/python3.12/site-packages/airflow/example_dags/example_kubernetes_executor.py for tasks to queue
[2024-09-29T08:20:37.414-0500] {logging_mixin.py:190} INFO - [2024-09-29T08:20:37.413-0500] {dagbag.py:588} INFO - Filling up the DagBag from /home/d-salamanca/airflow-env/lib/python3.12/site-packages/airflow/example_dags/example_kubernetes_executor.py
[2024-09-29T08:20:37.438-0500] {logging_mixin.py:190} INFO - [2024-09-29T08:20:37.438-0500] {example_kubernetes_executor.py:39} WARNING - The example_kubernetes_executor example DAG requires the kubernetes provider. Please install it with: pip install apache-airflow[cncf.kubernetes]
[2024-09-29T08:20:37.439-0500] {processor.py:927} WARNING - No viable dags retrieved from /home/d-salamanca/airflow-env/lib/python3.12/site-packages/airflow/example_dags/example_kubernetes_executor.py
[2024-09-29T08:20:37.458-0500] {processor.py:208} INFO - Processing /home/d-salamanca/airflow-env/lib/python3.12/site-packages/airflow/example_dags/example_kubernetes_executor.py took 0.082 seconds
[2024-09-29T08:22:41.926-0500] {processor.py:186} INFO - Started process (PID=29890) to work on /home/d-salamanca/airflow-env/lib/python3.12/site-packages/airflow/example_dags/example_kubernetes_executor.py
[2024-09-29T08:22:41.936-0500] {processor.py:914} INFO - Processing file /home/d-salamanca/airflow-env/lib/python3.12/site-packages/airflow/example_dags/example_kubernetes_executor.py for tasks to queue
[2024-09-29T08:22:41.940-0500] {logging_mixin.py:190} INFO - [2024-09-29T08:22:41.939-0500] {dagbag.py:588} INFO - Filling up the DagBag from /home/d-salamanca/airflow-env/lib/python3.12/site-packages/airflow/example_dags/example_kubernetes_executor.py
[2024-09-29T08:22:41.957-0500] {logging_mixin.py:190} INFO - [2024-09-29T08:22:41.956-0500] {example_kubernetes_executor.py:39} WARNING - The example_kubernetes_executor example DAG requires the kubernetes provider. Please install it with: pip install apache-airflow[cncf.kubernetes]
[2024-09-29T08:22:41.957-0500] {processor.py:927} WARNING - No viable dags retrieved from /home/d-salamanca/airflow-env/lib/python3.12/site-packages/airflow/example_dags/example_kubernetes_executor.py
[2024-09-29T08:22:41.972-0500] {processor.py:208} INFO - Processing /home/d-salamanca/airflow-env/lib/python3.12/site-packages/airflow/example_dags/example_kubernetes_executor.py took 0.057 seconds
[2024-09-29T08:24:13.677-0500] {processor.py:186} INFO - Started process (PID=29965) to work on /home/d-salamanca/airflow-env/lib/python3.12/site-packages/airflow/example_dags/example_kubernetes_executor.py
[2024-09-29T08:24:13.692-0500] {processor.py:914} INFO - Processing file /home/d-salamanca/airflow-env/lib/python3.12/site-packages/airflow/example_dags/example_kubernetes_executor.py for tasks to queue
[2024-09-29T08:24:13.695-0500] {logging_mixin.py:190} INFO - [2024-09-29T08:24:13.695-0500] {dagbag.py:588} INFO - Filling up the DagBag from /home/d-salamanca/airflow-env/lib/python3.12/site-packages/airflow/example_dags/example_kubernetes_executor.py
[2024-09-29T08:24:13.699-0500] {logging_mixin.py:190} INFO - [2024-09-29T08:24:13.699-0500] {example_kubernetes_executor.py:39} WARNING - The example_kubernetes_executor example DAG requires the kubernetes provider. Please install it with: pip install apache-airflow[cncf.kubernetes]
[2024-09-29T08:24:13.700-0500] {processor.py:927} WARNING - No viable dags retrieved from /home/d-salamanca/airflow-env/lib/python3.12/site-packages/airflow/example_dags/example_kubernetes_executor.py
[2024-09-29T08:24:13.714-0500] {processor.py:208} INFO - Processing /home/d-salamanca/airflow-env/lib/python3.12/site-packages/airflow/example_dags/example_kubernetes_executor.py took 0.045 seconds
[2024-09-29T08:25:37.296-0500] {processor.py:186} INFO - Started process (PID=30069) to work on /home/d-salamanca/airflow-env/lib/python3.12/site-packages/airflow/example_dags/example_kubernetes_executor.py
[2024-09-29T08:25:37.297-0500] {processor.py:914} INFO - Processing file /home/d-salamanca/airflow-env/lib/python3.12/site-packages/airflow/example_dags/example_kubernetes_executor.py for tasks to queue
[2024-09-29T08:25:37.300-0500] {logging_mixin.py:190} INFO - [2024-09-29T08:25:37.299-0500] {dagbag.py:588} INFO - Filling up the DagBag from /home/d-salamanca/airflow-env/lib/python3.12/site-packages/airflow/example_dags/example_kubernetes_executor.py
[2024-09-29T08:25:37.318-0500] {logging_mixin.py:190} INFO - [2024-09-29T08:25:37.318-0500] {example_kubernetes_executor.py:39} WARNING - The example_kubernetes_executor example DAG requires the kubernetes provider. Please install it with: pip install apache-airflow[cncf.kubernetes]
[2024-09-29T08:25:37.318-0500] {processor.py:927} WARNING - No viable dags retrieved from /home/d-salamanca/airflow-env/lib/python3.12/site-packages/airflow/example_dags/example_kubernetes_executor.py
[2024-09-29T08:25:37.333-0500] {processor.py:208} INFO - Processing /home/d-salamanca/airflow-env/lib/python3.12/site-packages/airflow/example_dags/example_kubernetes_executor.py took 0.047 seconds
[2024-09-29T08:27:02.772-0500] {processor.py:186} INFO - Started process (PID=30137) to work on /home/d-salamanca/airflow-env/lib/python3.12/site-packages/airflow/example_dags/example_kubernetes_executor.py
[2024-09-29T08:27:02.773-0500] {processor.py:914} INFO - Processing file /home/d-salamanca/airflow-env/lib/python3.12/site-packages/airflow/example_dags/example_kubernetes_executor.py for tasks to queue
[2024-09-29T08:27:02.776-0500] {logging_mixin.py:190} INFO - [2024-09-29T08:27:02.775-0500] {dagbag.py:588} INFO - Filling up the DagBag from /home/d-salamanca/airflow-env/lib/python3.12/site-packages/airflow/example_dags/example_kubernetes_executor.py
[2024-09-29T08:27:02.779-0500] {logging_mixin.py:190} INFO - [2024-09-29T08:27:02.779-0500] {example_kubernetes_executor.py:39} WARNING - The example_kubernetes_executor example DAG requires the kubernetes provider. Please install it with: pip install apache-airflow[cncf.kubernetes]
[2024-09-29T08:27:02.780-0500] {processor.py:927} WARNING - No viable dags retrieved from /home/d-salamanca/airflow-env/lib/python3.12/site-packages/airflow/example_dags/example_kubernetes_executor.py
[2024-09-29T08:27:02.793-0500] {processor.py:208} INFO - Processing /home/d-salamanca/airflow-env/lib/python3.12/site-packages/airflow/example_dags/example_kubernetes_executor.py took 0.030 seconds
[2024-09-29T08:28:17.167-0500] {processor.py:186} INFO - Started process (PID=30204) to work on /home/d-salamanca/airflow-env/lib/python3.12/site-packages/airflow/example_dags/example_kubernetes_executor.py
[2024-09-29T08:28:17.168-0500] {processor.py:914} INFO - Processing file /home/d-salamanca/airflow-env/lib/python3.12/site-packages/airflow/example_dags/example_kubernetes_executor.py for tasks to queue
[2024-09-29T08:28:17.171-0500] {logging_mixin.py:190} INFO - [2024-09-29T08:28:17.170-0500] {dagbag.py:588} INFO - Filling up the DagBag from /home/d-salamanca/airflow-env/lib/python3.12/site-packages/airflow/example_dags/example_kubernetes_executor.py
[2024-09-29T08:28:17.174-0500] {logging_mixin.py:190} INFO - [2024-09-29T08:28:17.174-0500] {example_kubernetes_executor.py:39} WARNING - The example_kubernetes_executor example DAG requires the kubernetes provider. Please install it with: pip install apache-airflow[cncf.kubernetes]
[2024-09-29T08:28:17.174-0500] {processor.py:927} WARNING - No viable dags retrieved from /home/d-salamanca/airflow-env/lib/python3.12/site-packages/airflow/example_dags/example_kubernetes_executor.py
[2024-09-29T08:28:17.188-0500] {processor.py:208} INFO - Processing /home/d-salamanca/airflow-env/lib/python3.12/site-packages/airflow/example_dags/example_kubernetes_executor.py took 0.029 seconds
[2024-09-29T08:29:37.017-0500] {processor.py:186} INFO - Started process (PID=30274) to work on /home/d-salamanca/airflow-env/lib/python3.12/site-packages/airflow/example_dags/example_kubernetes_executor.py
[2024-09-29T08:29:37.019-0500] {processor.py:914} INFO - Processing file /home/d-salamanca/airflow-env/lib/python3.12/site-packages/airflow/example_dags/example_kubernetes_executor.py for tasks to queue
[2024-09-29T08:29:37.021-0500] {logging_mixin.py:190} INFO - [2024-09-29T08:29:37.021-0500] {dagbag.py:588} INFO - Filling up the DagBag from /home/d-salamanca/airflow-env/lib/python3.12/site-packages/airflow/example_dags/example_kubernetes_executor.py
[2024-09-29T08:29:37.025-0500] {logging_mixin.py:190} INFO - [2024-09-29T08:29:37.024-0500] {example_kubernetes_executor.py:39} WARNING - The example_kubernetes_executor example DAG requires the kubernetes provider. Please install it with: pip install apache-airflow[cncf.kubernetes]
[2024-09-29T08:29:37.025-0500] {processor.py:927} WARNING - No viable dags retrieved from /home/d-salamanca/airflow-env/lib/python3.12/site-packages/airflow/example_dags/example_kubernetes_executor.py
[2024-09-29T08:29:37.038-0500] {processor.py:208} INFO - Processing /home/d-salamanca/airflow-env/lib/python3.12/site-packages/airflow/example_dags/example_kubernetes_executor.py took 0.028 seconds
[2024-09-29T08:31:09.509-0500] {processor.py:186} INFO - Started process (PID=30353) to work on /home/d-salamanca/airflow-env/lib/python3.12/site-packages/airflow/example_dags/example_kubernetes_executor.py
[2024-09-29T08:31:09.510-0500] {processor.py:914} INFO - Processing file /home/d-salamanca/airflow-env/lib/python3.12/site-packages/airflow/example_dags/example_kubernetes_executor.py for tasks to queue
[2024-09-29T08:31:09.513-0500] {logging_mixin.py:190} INFO - [2024-09-29T08:31:09.513-0500] {dagbag.py:588} INFO - Filling up the DagBag from /home/d-salamanca/airflow-env/lib/python3.12/site-packages/airflow/example_dags/example_kubernetes_executor.py
[2024-09-29T08:31:09.518-0500] {logging_mixin.py:190} INFO - [2024-09-29T08:31:09.517-0500] {example_kubernetes_executor.py:39} WARNING - The example_kubernetes_executor example DAG requires the kubernetes provider. Please install it with: pip install apache-airflow[cncf.kubernetes]
[2024-09-29T08:31:09.518-0500] {processor.py:927} WARNING - No viable dags retrieved from /home/d-salamanca/airflow-env/lib/python3.12/site-packages/airflow/example_dags/example_kubernetes_executor.py
[2024-09-29T08:31:09.533-0500] {processor.py:208} INFO - Processing /home/d-salamanca/airflow-env/lib/python3.12/site-packages/airflow/example_dags/example_kubernetes_executor.py took 0.032 seconds
[2024-09-29T08:32:46.789-0500] {processor.py:186} INFO - Started process (PID=30438) to work on /home/d-salamanca/airflow-env/lib/python3.12/site-packages/airflow/example_dags/example_kubernetes_executor.py
[2024-09-29T08:32:46.790-0500] {processor.py:914} INFO - Processing file /home/d-salamanca/airflow-env/lib/python3.12/site-packages/airflow/example_dags/example_kubernetes_executor.py for tasks to queue
[2024-09-29T08:32:46.793-0500] {logging_mixin.py:190} INFO - [2024-09-29T08:32:46.792-0500] {dagbag.py:588} INFO - Filling up the DagBag from /home/d-salamanca/airflow-env/lib/python3.12/site-packages/airflow/example_dags/example_kubernetes_executor.py
[2024-09-29T08:32:46.796-0500] {logging_mixin.py:190} INFO - [2024-09-29T08:32:46.796-0500] {example_kubernetes_executor.py:39} WARNING - The example_kubernetes_executor example DAG requires the kubernetes provider. Please install it with: pip install apache-airflow[cncf.kubernetes]
[2024-09-29T08:32:46.797-0500] {processor.py:927} WARNING - No viable dags retrieved from /home/d-salamanca/airflow-env/lib/python3.12/site-packages/airflow/example_dags/example_kubernetes_executor.py
[2024-09-29T08:32:46.810-0500] {processor.py:208} INFO - Processing /home/d-salamanca/airflow-env/lib/python3.12/site-packages/airflow/example_dags/example_kubernetes_executor.py took 0.029 seconds
[2024-09-29T08:34:06.333-0500] {processor.py:186} INFO - Started process (PID=30507) to work on /home/d-salamanca/airflow-env/lib/python3.12/site-packages/airflow/example_dags/example_kubernetes_executor.py
[2024-09-29T08:34:06.348-0500] {processor.py:914} INFO - Processing file /home/d-salamanca/airflow-env/lib/python3.12/site-packages/airflow/example_dags/example_kubernetes_executor.py for tasks to queue
[2024-09-29T08:34:06.352-0500] {logging_mixin.py:190} INFO - [2024-09-29T08:34:06.351-0500] {dagbag.py:588} INFO - Filling up the DagBag from /home/d-salamanca/airflow-env/lib/python3.12/site-packages/airflow/example_dags/example_kubernetes_executor.py
[2024-09-29T08:34:06.355-0500] {logging_mixin.py:190} INFO - [2024-09-29T08:34:06.355-0500] {example_kubernetes_executor.py:39} WARNING - The example_kubernetes_executor example DAG requires the kubernetes provider. Please install it with: pip install apache-airflow[cncf.kubernetes]
[2024-09-29T08:34:06.356-0500] {processor.py:927} WARNING - No viable dags retrieved from /home/d-salamanca/airflow-env/lib/python3.12/site-packages/airflow/example_dags/example_kubernetes_executor.py
[2024-09-29T08:34:06.369-0500] {processor.py:208} INFO - Processing /home/d-salamanca/airflow-env/lib/python3.12/site-packages/airflow/example_dags/example_kubernetes_executor.py took 0.043 seconds
[2024-09-29T08:36:02.628-0500] {processor.py:186} INFO - Started process (PID=30769) to work on /home/d-salamanca/airflow-env/lib/python3.12/site-packages/airflow/example_dags/example_kubernetes_executor.py
[2024-09-29T08:36:02.708-0500] {processor.py:914} INFO - Processing file /home/d-salamanca/airflow-env/lib/python3.12/site-packages/airflow/example_dags/example_kubernetes_executor.py for tasks to queue
[2024-09-29T08:36:02.715-0500] {logging_mixin.py:190} INFO - [2024-09-29T08:36:02.714-0500] {dagbag.py:588} INFO - Filling up the DagBag from /home/d-salamanca/airflow-env/lib/python3.12/site-packages/airflow/example_dags/example_kubernetes_executor.py
[2024-09-29T08:36:02.777-0500] {logging_mixin.py:190} INFO - [2024-09-29T08:36:02.777-0500] {example_kubernetes_executor.py:39} WARNING - The example_kubernetes_executor example DAG requires the kubernetes provider. Please install it with: pip install apache-airflow[cncf.kubernetes]
[2024-09-29T08:36:02.778-0500] {processor.py:927} WARNING - No viable dags retrieved from /home/d-salamanca/airflow-env/lib/python3.12/site-packages/airflow/example_dags/example_kubernetes_executor.py
[2024-09-29T08:36:02.796-0500] {processor.py:208} INFO - Processing /home/d-salamanca/airflow-env/lib/python3.12/site-packages/airflow/example_dags/example_kubernetes_executor.py took 0.175 seconds
[2024-09-29T08:38:10.735-0500] {processor.py:186} INFO - Started process (PID=31056) to work on /home/d-salamanca/airflow-env/lib/python3.12/site-packages/airflow/example_dags/example_kubernetes_executor.py
[2024-09-29T08:38:10.762-0500] {processor.py:914} INFO - Processing file /home/d-salamanca/airflow-env/lib/python3.12/site-packages/airflow/example_dags/example_kubernetes_executor.py for tasks to queue
[2024-09-29T08:38:10.768-0500] {logging_mixin.py:190} INFO - [2024-09-29T08:38:10.766-0500] {dagbag.py:588} INFO - Filling up the DagBag from /home/d-salamanca/airflow-env/lib/python3.12/site-packages/airflow/example_dags/example_kubernetes_executor.py
[2024-09-29T08:38:10.816-0500] {logging_mixin.py:190} INFO - [2024-09-29T08:38:10.815-0500] {example_kubernetes_executor.py:39} WARNING - The example_kubernetes_executor example DAG requires the kubernetes provider. Please install it with: pip install apache-airflow[cncf.kubernetes]
[2024-09-29T08:38:10.817-0500] {processor.py:927} WARNING - No viable dags retrieved from /home/d-salamanca/airflow-env/lib/python3.12/site-packages/airflow/example_dags/example_kubernetes_executor.py
[2024-09-29T08:38:10.836-0500] {processor.py:208} INFO - Processing /home/d-salamanca/airflow-env/lib/python3.12/site-packages/airflow/example_dags/example_kubernetes_executor.py took 0.112 seconds
[2024-09-29T08:39:37.387-0500] {processor.py:186} INFO - Started process (PID=31128) to work on /home/d-salamanca/airflow-env/lib/python3.12/site-packages/airflow/example_dags/example_kubernetes_executor.py
[2024-09-29T08:39:37.403-0500] {processor.py:914} INFO - Processing file /home/d-salamanca/airflow-env/lib/python3.12/site-packages/airflow/example_dags/example_kubernetes_executor.py for tasks to queue
[2024-09-29T08:39:37.406-0500] {logging_mixin.py:190} INFO - [2024-09-29T08:39:37.405-0500] {dagbag.py:588} INFO - Filling up the DagBag from /home/d-salamanca/airflow-env/lib/python3.12/site-packages/airflow/example_dags/example_kubernetes_executor.py
[2024-09-29T08:39:37.410-0500] {logging_mixin.py:190} INFO - [2024-09-29T08:39:37.410-0500] {example_kubernetes_executor.py:39} WARNING - The example_kubernetes_executor example DAG requires the kubernetes provider. Please install it with: pip install apache-airflow[cncf.kubernetes]
[2024-09-29T08:39:37.410-0500] {processor.py:927} WARNING - No viable dags retrieved from /home/d-salamanca/airflow-env/lib/python3.12/site-packages/airflow/example_dags/example_kubernetes_executor.py
[2024-09-29T08:39:37.424-0500] {processor.py:208} INFO - Processing /home/d-salamanca/airflow-env/lib/python3.12/site-packages/airflow/example_dags/example_kubernetes_executor.py took 0.044 seconds
[2024-09-29T08:41:16.321-0500] {processor.py:186} INFO - Started process (PID=31206) to work on /home/d-salamanca/airflow-env/lib/python3.12/site-packages/airflow/example_dags/example_kubernetes_executor.py
[2024-09-29T08:41:16.345-0500] {processor.py:914} INFO - Processing file /home/d-salamanca/airflow-env/lib/python3.12/site-packages/airflow/example_dags/example_kubernetes_executor.py for tasks to queue
[2024-09-29T08:41:16.350-0500] {logging_mixin.py:190} INFO - [2024-09-29T08:41:16.349-0500] {dagbag.py:588} INFO - Filling up the DagBag from /home/d-salamanca/airflow-env/lib/python3.12/site-packages/airflow/example_dags/example_kubernetes_executor.py
[2024-09-29T08:41:16.355-0500] {logging_mixin.py:190} INFO - [2024-09-29T08:41:16.355-0500] {example_kubernetes_executor.py:39} WARNING - The example_kubernetes_executor example DAG requires the kubernetes provider. Please install it with: pip install apache-airflow[cncf.kubernetes]
[2024-09-29T08:41:16.356-0500] {processor.py:927} WARNING - No viable dags retrieved from /home/d-salamanca/airflow-env/lib/python3.12/site-packages/airflow/example_dags/example_kubernetes_executor.py
[2024-09-29T08:41:16.369-0500] {processor.py:208} INFO - Processing /home/d-salamanca/airflow-env/lib/python3.12/site-packages/airflow/example_dags/example_kubernetes_executor.py took 0.056 seconds
[2024-09-29T08:42:44.748-0500] {processor.py:186} INFO - Started process (PID=31278) to work on /home/d-salamanca/airflow-env/lib/python3.12/site-packages/airflow/example_dags/example_kubernetes_executor.py
[2024-09-29T08:42:44.769-0500] {processor.py:914} INFO - Processing file /home/d-salamanca/airflow-env/lib/python3.12/site-packages/airflow/example_dags/example_kubernetes_executor.py for tasks to queue
[2024-09-29T08:42:44.774-0500] {logging_mixin.py:190} INFO - [2024-09-29T08:42:44.773-0500] {dagbag.py:588} INFO - Filling up the DagBag from /home/d-salamanca/airflow-env/lib/python3.12/site-packages/airflow/example_dags/example_kubernetes_executor.py
[2024-09-29T08:42:44.781-0500] {logging_mixin.py:190} INFO - [2024-09-29T08:42:44.780-0500] {example_kubernetes_executor.py:39} WARNING - The example_kubernetes_executor example DAG requires the kubernetes provider. Please install it with: pip install apache-airflow[cncf.kubernetes]
[2024-09-29T08:42:44.782-0500] {processor.py:927} WARNING - No viable dags retrieved from /home/d-salamanca/airflow-env/lib/python3.12/site-packages/airflow/example_dags/example_kubernetes_executor.py
[2024-09-29T08:42:44.795-0500] {processor.py:208} INFO - Processing /home/d-salamanca/airflow-env/lib/python3.12/site-packages/airflow/example_dags/example_kubernetes_executor.py took 0.054 seconds
[2024-09-29T08:44:12.238-0500] {processor.py:186} INFO - Started process (PID=31349) to work on /home/d-salamanca/airflow-env/lib/python3.12/site-packages/airflow/example_dags/example_kubernetes_executor.py
[2024-09-29T08:44:12.258-0500] {processor.py:914} INFO - Processing file /home/d-salamanca/airflow-env/lib/python3.12/site-packages/airflow/example_dags/example_kubernetes_executor.py for tasks to queue
[2024-09-29T08:44:12.262-0500] {logging_mixin.py:190} INFO - [2024-09-29T08:44:12.261-0500] {dagbag.py:588} INFO - Filling up the DagBag from /home/d-salamanca/airflow-env/lib/python3.12/site-packages/airflow/example_dags/example_kubernetes_executor.py
[2024-09-29T08:44:12.265-0500] {logging_mixin.py:190} INFO - [2024-09-29T08:44:12.265-0500] {example_kubernetes_executor.py:39} WARNING - The example_kubernetes_executor example DAG requires the kubernetes provider. Please install it with: pip install apache-airflow[cncf.kubernetes]
[2024-09-29T08:44:12.266-0500] {processor.py:927} WARNING - No viable dags retrieved from /home/d-salamanca/airflow-env/lib/python3.12/site-packages/airflow/example_dags/example_kubernetes_executor.py
[2024-09-29T08:44:12.279-0500] {processor.py:208} INFO - Processing /home/d-salamanca/airflow-env/lib/python3.12/site-packages/airflow/example_dags/example_kubernetes_executor.py took 0.054 seconds
[2024-09-29T08:45:35.469-0500] {processor.py:186} INFO - Started process (PID=31432) to work on /home/d-salamanca/airflow-env/lib/python3.12/site-packages/airflow/example_dags/example_kubernetes_executor.py
[2024-09-29T08:45:35.491-0500] {processor.py:914} INFO - Processing file /home/d-salamanca/airflow-env/lib/python3.12/site-packages/airflow/example_dags/example_kubernetes_executor.py for tasks to queue
[2024-09-29T08:45:35.495-0500] {logging_mixin.py:190} INFO - [2024-09-29T08:45:35.494-0500] {dagbag.py:588} INFO - Filling up the DagBag from /home/d-salamanca/airflow-env/lib/python3.12/site-packages/airflow/example_dags/example_kubernetes_executor.py
[2024-09-29T08:45:35.499-0500] {logging_mixin.py:190} INFO - [2024-09-29T08:45:35.499-0500] {example_kubernetes_executor.py:39} WARNING - The example_kubernetes_executor example DAG requires the kubernetes provider. Please install it with: pip install apache-airflow[cncf.kubernetes]
[2024-09-29T08:45:35.500-0500] {processor.py:927} WARNING - No viable dags retrieved from /home/d-salamanca/airflow-env/lib/python3.12/site-packages/airflow/example_dags/example_kubernetes_executor.py
[2024-09-29T08:45:35.514-0500] {processor.py:208} INFO - Processing /home/d-salamanca/airflow-env/lib/python3.12/site-packages/airflow/example_dags/example_kubernetes_executor.py took 0.054 seconds
[2024-09-29T08:47:36.411-0500] {processor.py:186} INFO - Started process (PID=31504) to work on /home/d-salamanca/airflow-env/lib/python3.12/site-packages/airflow/example_dags/example_kubernetes_executor.py
[2024-09-29T08:47:36.429-0500] {processor.py:914} INFO - Processing file /home/d-salamanca/airflow-env/lib/python3.12/site-packages/airflow/example_dags/example_kubernetes_executor.py for tasks to queue
[2024-09-29T08:47:36.433-0500] {logging_mixin.py:190} INFO - [2024-09-29T08:47:36.432-0500] {dagbag.py:588} INFO - Filling up the DagBag from /home/d-salamanca/airflow-env/lib/python3.12/site-packages/airflow/example_dags/example_kubernetes_executor.py
[2024-09-29T08:47:36.437-0500] {logging_mixin.py:190} INFO - [2024-09-29T08:47:36.436-0500] {example_kubernetes_executor.py:39} WARNING - The example_kubernetes_executor example DAG requires the kubernetes provider. Please install it with: pip install apache-airflow[cncf.kubernetes]
[2024-09-29T08:47:36.437-0500] {processor.py:927} WARNING - No viable dags retrieved from /home/d-salamanca/airflow-env/lib/python3.12/site-packages/airflow/example_dags/example_kubernetes_executor.py
[2024-09-29T08:47:36.451-0500] {processor.py:208} INFO - Processing /home/d-salamanca/airflow-env/lib/python3.12/site-packages/airflow/example_dags/example_kubernetes_executor.py took 0.051 seconds
[2024-09-29T08:49:00.396-0500] {processor.py:186} INFO - Started process (PID=31592) to work on /home/d-salamanca/airflow-env/lib/python3.12/site-packages/airflow/example_dags/example_kubernetes_executor.py
[2024-09-29T08:49:00.434-0500] {processor.py:914} INFO - Processing file /home/d-salamanca/airflow-env/lib/python3.12/site-packages/airflow/example_dags/example_kubernetes_executor.py for tasks to queue
[2024-09-29T08:49:00.438-0500] {logging_mixin.py:190} INFO - [2024-09-29T08:49:00.437-0500] {dagbag.py:588} INFO - Filling up the DagBag from /home/d-salamanca/airflow-env/lib/python3.12/site-packages/airflow/example_dags/example_kubernetes_executor.py
[2024-09-29T08:49:00.444-0500] {logging_mixin.py:190} INFO - [2024-09-29T08:49:00.443-0500] {example_kubernetes_executor.py:39} WARNING - The example_kubernetes_executor example DAG requires the kubernetes provider. Please install it with: pip install apache-airflow[cncf.kubernetes]
[2024-09-29T08:49:00.444-0500] {processor.py:927} WARNING - No viable dags retrieved from /home/d-salamanca/airflow-env/lib/python3.12/site-packages/airflow/example_dags/example_kubernetes_executor.py
[2024-09-29T08:49:00.462-0500] {processor.py:208} INFO - Processing /home/d-salamanca/airflow-env/lib/python3.12/site-packages/airflow/example_dags/example_kubernetes_executor.py took 0.074 seconds
[2024-09-29T08:50:30.710-0500] {processor.py:186} INFO - Started process (PID=31683) to work on /home/d-salamanca/airflow-env/lib/python3.12/site-packages/airflow/example_dags/example_kubernetes_executor.py
[2024-09-29T08:50:30.731-0500] {processor.py:914} INFO - Processing file /home/d-salamanca/airflow-env/lib/python3.12/site-packages/airflow/example_dags/example_kubernetes_executor.py for tasks to queue
[2024-09-29T08:50:30.737-0500] {logging_mixin.py:190} INFO - [2024-09-29T08:50:30.736-0500] {dagbag.py:588} INFO - Filling up the DagBag from /home/d-salamanca/airflow-env/lib/python3.12/site-packages/airflow/example_dags/example_kubernetes_executor.py
[2024-09-29T08:50:30.744-0500] {logging_mixin.py:190} INFO - [2024-09-29T08:50:30.743-0500] {example_kubernetes_executor.py:39} WARNING - The example_kubernetes_executor example DAG requires the kubernetes provider. Please install it with: pip install apache-airflow[cncf.kubernetes]
[2024-09-29T08:50:30.744-0500] {processor.py:927} WARNING - No viable dags retrieved from /home/d-salamanca/airflow-env/lib/python3.12/site-packages/airflow/example_dags/example_kubernetes_executor.py
[2024-09-29T08:50:30.757-0500] {processor.py:208} INFO - Processing /home/d-salamanca/airflow-env/lib/python3.12/site-packages/airflow/example_dags/example_kubernetes_executor.py took 0.056 seconds
[2024-09-29T08:53:08.748-0500] {processor.py:186} INFO - Started process (PID=31977) to work on /home/d-salamanca/airflow-env/lib/python3.12/site-packages/airflow/example_dags/example_kubernetes_executor.py
[2024-09-29T08:53:08.785-0500] {processor.py:914} INFO - Processing file /home/d-salamanca/airflow-env/lib/python3.12/site-packages/airflow/example_dags/example_kubernetes_executor.py for tasks to queue
[2024-09-29T08:53:08.791-0500] {logging_mixin.py:190} INFO - [2024-09-29T08:53:08.790-0500] {dagbag.py:588} INFO - Filling up the DagBag from /home/d-salamanca/airflow-env/lib/python3.12/site-packages/airflow/example_dags/example_kubernetes_executor.py
[2024-09-29T08:53:08.817-0500] {logging_mixin.py:190} INFO - [2024-09-29T08:53:08.816-0500] {example_kubernetes_executor.py:39} WARNING - The example_kubernetes_executor example DAG requires the kubernetes provider. Please install it with: pip install apache-airflow[cncf.kubernetes]
[2024-09-29T08:53:08.817-0500] {processor.py:927} WARNING - No viable dags retrieved from /home/d-salamanca/airflow-env/lib/python3.12/site-packages/airflow/example_dags/example_kubernetes_executor.py
[2024-09-29T08:53:08.838-0500] {processor.py:208} INFO - Processing /home/d-salamanca/airflow-env/lib/python3.12/site-packages/airflow/example_dags/example_kubernetes_executor.py took 0.097 seconds
[2024-09-29T08:54:43.219-0500] {processor.py:186} INFO - Started process (PID=32054) to work on /home/d-salamanca/airflow-env/lib/python3.12/site-packages/airflow/example_dags/example_kubernetes_executor.py
[2024-09-29T08:54:43.251-0500] {processor.py:914} INFO - Processing file /home/d-salamanca/airflow-env/lib/python3.12/site-packages/airflow/example_dags/example_kubernetes_executor.py for tasks to queue
[2024-09-29T08:54:43.256-0500] {logging_mixin.py:190} INFO - [2024-09-29T08:54:43.255-0500] {dagbag.py:588} INFO - Filling up the DagBag from /home/d-salamanca/airflow-env/lib/python3.12/site-packages/airflow/example_dags/example_kubernetes_executor.py
[2024-09-29T08:54:43.262-0500] {logging_mixin.py:190} INFO - [2024-09-29T08:54:43.262-0500] {example_kubernetes_executor.py:39} WARNING - The example_kubernetes_executor example DAG requires the kubernetes provider. Please install it with: pip install apache-airflow[cncf.kubernetes]
[2024-09-29T08:54:43.263-0500] {processor.py:927} WARNING - No viable dags retrieved from /home/d-salamanca/airflow-env/lib/python3.12/site-packages/airflow/example_dags/example_kubernetes_executor.py
[2024-09-29T08:54:43.280-0500] {processor.py:208} INFO - Processing /home/d-salamanca/airflow-env/lib/python3.12/site-packages/airflow/example_dags/example_kubernetes_executor.py took 0.068 seconds
[2024-09-29T08:56:22.814-0500] {processor.py:186} INFO - Started process (PID=32131) to work on /home/d-salamanca/airflow-env/lib/python3.12/site-packages/airflow/example_dags/example_kubernetes_executor.py
[2024-09-29T08:56:22.825-0500] {processor.py:914} INFO - Processing file /home/d-salamanca/airflow-env/lib/python3.12/site-packages/airflow/example_dags/example_kubernetes_executor.py for tasks to queue
[2024-09-29T08:56:22.831-0500] {logging_mixin.py:190} INFO - [2024-09-29T08:56:22.830-0500] {dagbag.py:588} INFO - Filling up the DagBag from /home/d-salamanca/airflow-env/lib/python3.12/site-packages/airflow/example_dags/example_kubernetes_executor.py
[2024-09-29T08:56:22.860-0500] {logging_mixin.py:190} INFO - [2024-09-29T08:56:22.859-0500] {example_kubernetes_executor.py:39} WARNING - The example_kubernetes_executor example DAG requires the kubernetes provider. Please install it with: pip install apache-airflow[cncf.kubernetes]
[2024-09-29T08:56:22.860-0500] {processor.py:927} WARNING - No viable dags retrieved from /home/d-salamanca/airflow-env/lib/python3.12/site-packages/airflow/example_dags/example_kubernetes_executor.py
[2024-09-29T08:56:22.875-0500] {processor.py:208} INFO - Processing /home/d-salamanca/airflow-env/lib/python3.12/site-packages/airflow/example_dags/example_kubernetes_executor.py took 0.068 seconds
[2024-09-29T08:58:12.861-0500] {processor.py:186} INFO - Started process (PID=32212) to work on /home/d-salamanca/airflow-env/lib/python3.12/site-packages/airflow/example_dags/example_kubernetes_executor.py
[2024-09-29T08:58:12.862-0500] {processor.py:914} INFO - Processing file /home/d-salamanca/airflow-env/lib/python3.12/site-packages/airflow/example_dags/example_kubernetes_executor.py for tasks to queue
[2024-09-29T08:58:12.865-0500] {logging_mixin.py:190} INFO - [2024-09-29T08:58:12.865-0500] {dagbag.py:588} INFO - Filling up the DagBag from /home/d-salamanca/airflow-env/lib/python3.12/site-packages/airflow/example_dags/example_kubernetes_executor.py
[2024-09-29T08:58:12.869-0500] {logging_mixin.py:190} INFO - [2024-09-29T08:58:12.868-0500] {example_kubernetes_executor.py:39} WARNING - The example_kubernetes_executor example DAG requires the kubernetes provider. Please install it with: pip install apache-airflow[cncf.kubernetes]
[2024-09-29T08:58:12.869-0500] {processor.py:927} WARNING - No viable dags retrieved from /home/d-salamanca/airflow-env/lib/python3.12/site-packages/airflow/example_dags/example_kubernetes_executor.py
[2024-09-29T08:58:12.883-0500] {processor.py:208} INFO - Processing /home/d-salamanca/airflow-env/lib/python3.12/site-packages/airflow/example_dags/example_kubernetes_executor.py took 0.031 seconds
[2024-09-29T09:00:07.513-0500] {processor.py:186} INFO - Started process (PID=32466) to work on /home/d-salamanca/airflow-env/lib/python3.12/site-packages/airflow/example_dags/example_kubernetes_executor.py
[2024-09-29T09:00:07.572-0500] {processor.py:914} INFO - Processing file /home/d-salamanca/airflow-env/lib/python3.12/site-packages/airflow/example_dags/example_kubernetes_executor.py for tasks to queue
[2024-09-29T09:00:07.578-0500] {logging_mixin.py:190} INFO - [2024-09-29T09:00:07.577-0500] {dagbag.py:588} INFO - Filling up the DagBag from /home/d-salamanca/airflow-env/lib/python3.12/site-packages/airflow/example_dags/example_kubernetes_executor.py
[2024-09-29T09:00:07.646-0500] {logging_mixin.py:190} INFO - [2024-09-29T09:00:07.646-0500] {example_kubernetes_executor.py:39} WARNING - The example_kubernetes_executor example DAG requires the kubernetes provider. Please install it with: pip install apache-airflow[cncf.kubernetes]
[2024-09-29T09:00:07.647-0500] {processor.py:927} WARNING - No viable dags retrieved from /home/d-salamanca/airflow-env/lib/python3.12/site-packages/airflow/example_dags/example_kubernetes_executor.py
[2024-09-29T09:00:07.664-0500] {processor.py:208} INFO - Processing /home/d-salamanca/airflow-env/lib/python3.12/site-packages/airflow/example_dags/example_kubernetes_executor.py took 0.162 seconds
[2024-09-29T09:01:54.404-0500] {processor.py:186} INFO - Started process (PID=32594) to work on /home/d-salamanca/airflow-env/lib/python3.12/site-packages/airflow/example_dags/example_kubernetes_executor.py
[2024-09-29T09:01:54.441-0500] {processor.py:914} INFO - Processing file /home/d-salamanca/airflow-env/lib/python3.12/site-packages/airflow/example_dags/example_kubernetes_executor.py for tasks to queue
[2024-09-29T09:01:54.448-0500] {logging_mixin.py:190} INFO - [2024-09-29T09:01:54.446-0500] {dagbag.py:588} INFO - Filling up the DagBag from /home/d-salamanca/airflow-env/lib/python3.12/site-packages/airflow/example_dags/example_kubernetes_executor.py
[2024-09-29T09:01:54.473-0500] {logging_mixin.py:190} INFO - [2024-09-29T09:01:54.473-0500] {example_kubernetes_executor.py:39} WARNING - The example_kubernetes_executor example DAG requires the kubernetes provider. Please install it with: pip install apache-airflow[cncf.kubernetes]
[2024-09-29T09:01:54.474-0500] {processor.py:927} WARNING - No viable dags retrieved from /home/d-salamanca/airflow-env/lib/python3.12/site-packages/airflow/example_dags/example_kubernetes_executor.py
[2024-09-29T09:01:54.492-0500] {processor.py:208} INFO - Processing /home/d-salamanca/airflow-env/lib/python3.12/site-packages/airflow/example_dags/example_kubernetes_executor.py took 0.096 seconds
[2024-09-29T09:03:20.395-0500] {processor.py:186} INFO - Started process (PID=32664) to work on /home/d-salamanca/airflow-env/lib/python3.12/site-packages/airflow/example_dags/example_kubernetes_executor.py
[2024-09-29T09:03:20.411-0500] {processor.py:914} INFO - Processing file /home/d-salamanca/airflow-env/lib/python3.12/site-packages/airflow/example_dags/example_kubernetes_executor.py for tasks to queue
[2024-09-29T09:03:20.415-0500] {logging_mixin.py:190} INFO - [2024-09-29T09:03:20.414-0500] {dagbag.py:588} INFO - Filling up the DagBag from /home/d-salamanca/airflow-env/lib/python3.12/site-packages/airflow/example_dags/example_kubernetes_executor.py
[2024-09-29T09:03:20.420-0500] {logging_mixin.py:190} INFO - [2024-09-29T09:03:20.419-0500] {example_kubernetes_executor.py:39} WARNING - The example_kubernetes_executor example DAG requires the kubernetes provider. Please install it with: pip install apache-airflow[cncf.kubernetes]
[2024-09-29T09:03:20.420-0500] {processor.py:927} WARNING - No viable dags retrieved from /home/d-salamanca/airflow-env/lib/python3.12/site-packages/airflow/example_dags/example_kubernetes_executor.py
[2024-09-29T09:03:20.434-0500] {processor.py:208} INFO - Processing /home/d-salamanca/airflow-env/lib/python3.12/site-packages/airflow/example_dags/example_kubernetes_executor.py took 0.047 seconds
[2024-09-29T09:05:04.083-0500] {processor.py:186} INFO - Started process (PID=32938) to work on /home/d-salamanca/airflow-env/lib/python3.12/site-packages/airflow/example_dags/example_kubernetes_executor.py
[2024-09-29T09:05:04.147-0500] {processor.py:914} INFO - Processing file /home/d-salamanca/airflow-env/lib/python3.12/site-packages/airflow/example_dags/example_kubernetes_executor.py for tasks to queue
[2024-09-29T09:05:04.153-0500] {logging_mixin.py:190} INFO - [2024-09-29T09:05:04.152-0500] {dagbag.py:588} INFO - Filling up the DagBag from /home/d-salamanca/airflow-env/lib/python3.12/site-packages/airflow/example_dags/example_kubernetes_executor.py
[2024-09-29T09:05:04.239-0500] {logging_mixin.py:190} INFO - [2024-09-29T09:05:04.238-0500] {example_kubernetes_executor.py:39} WARNING - The example_kubernetes_executor example DAG requires the kubernetes provider. Please install it with: pip install apache-airflow[cncf.kubernetes]
[2024-09-29T09:05:04.240-0500] {processor.py:927} WARNING - No viable dags retrieved from /home/d-salamanca/airflow-env/lib/python3.12/site-packages/airflow/example_dags/example_kubernetes_executor.py
[2024-09-29T09:05:04.260-0500] {processor.py:208} INFO - Processing /home/d-salamanca/airflow-env/lib/python3.12/site-packages/airflow/example_dags/example_kubernetes_executor.py took 0.419 seconds
[2024-09-29T09:07:17.724-0500] {processor.py:186} INFO - Started process (PID=33101) to work on /home/d-salamanca/airflow-env/lib/python3.12/site-packages/airflow/example_dags/example_kubernetes_executor.py
[2024-09-29T09:07:17.732-0500] {processor.py:914} INFO - Processing file /home/d-salamanca/airflow-env/lib/python3.12/site-packages/airflow/example_dags/example_kubernetes_executor.py for tasks to queue
[2024-09-29T09:07:17.736-0500] {logging_mixin.py:190} INFO - [2024-09-29T09:07:17.735-0500] {dagbag.py:588} INFO - Filling up the DagBag from /home/d-salamanca/airflow-env/lib/python3.12/site-packages/airflow/example_dags/example_kubernetes_executor.py
[2024-09-29T09:07:17.748-0500] {logging_mixin.py:190} INFO - [2024-09-29T09:07:17.748-0500] {example_kubernetes_executor.py:39} WARNING - The example_kubernetes_executor example DAG requires the kubernetes provider. Please install it with: pip install apache-airflow[cncf.kubernetes]
[2024-09-29T09:07:17.748-0500] {processor.py:927} WARNING - No viable dags retrieved from /home/d-salamanca/airflow-env/lib/python3.12/site-packages/airflow/example_dags/example_kubernetes_executor.py
[2024-09-29T09:07:17.764-0500] {processor.py:208} INFO - Processing /home/d-salamanca/airflow-env/lib/python3.12/site-packages/airflow/example_dags/example_kubernetes_executor.py took 0.049 seconds
[2024-09-29T09:08:29.867-0500] {processor.py:186} INFO - Started process (PID=33168) to work on /home/d-salamanca/airflow-env/lib/python3.12/site-packages/airflow/example_dags/example_kubernetes_executor.py
[2024-09-29T09:08:29.879-0500] {processor.py:914} INFO - Processing file /home/d-salamanca/airflow-env/lib/python3.12/site-packages/airflow/example_dags/example_kubernetes_executor.py for tasks to queue
[2024-09-29T09:08:29.882-0500] {logging_mixin.py:190} INFO - [2024-09-29T09:08:29.882-0500] {dagbag.py:588} INFO - Filling up the DagBag from /home/d-salamanca/airflow-env/lib/python3.12/site-packages/airflow/example_dags/example_kubernetes_executor.py
[2024-09-29T09:08:29.887-0500] {logging_mixin.py:190} INFO - [2024-09-29T09:08:29.887-0500] {example_kubernetes_executor.py:39} WARNING - The example_kubernetes_executor example DAG requires the kubernetes provider. Please install it with: pip install apache-airflow[cncf.kubernetes]
[2024-09-29T09:08:29.888-0500] {processor.py:927} WARNING - No viable dags retrieved from /home/d-salamanca/airflow-env/lib/python3.12/site-packages/airflow/example_dags/example_kubernetes_executor.py
[2024-09-29T09:08:29.904-0500] {processor.py:208} INFO - Processing /home/d-salamanca/airflow-env/lib/python3.12/site-packages/airflow/example_dags/example_kubernetes_executor.py took 0.046 seconds
