[2024-09-28T23:58:49.503-0500] {processor.py:186} INFO - Started process (PID=25601) to work on /home/d-salamanca/airflow-env/lib/python3.12/site-packages/airflow/example_dags/example_time_delta_sensor_async.py
[2024-09-28T23:58:49.504-0500] {processor.py:914} INFO - Processing file /home/d-salamanca/airflow-env/lib/python3.12/site-packages/airflow/example_dags/example_time_delta_sensor_async.py for tasks to queue
[2024-09-28T23:58:49.507-0500] {logging_mixin.py:190} INFO - [2024-09-28T23:58:49.507-0500] {dagbag.py:588} INFO - Filling up the DagBag from /home/d-salamanca/airflow-env/lib/python3.12/site-packages/airflow/example_dags/example_time_delta_sensor_async.py
[2024-09-28T23:58:49.516-0500] {processor.py:925} INFO - DAG(s) 'example_time_delta_sensor_async' retrieved from /home/d-salamanca/airflow-env/lib/python3.12/site-packages/airflow/example_dags/example_time_delta_sensor_async.py
[2024-09-28T23:58:49.770-0500] {logging_mixin.py:190} INFO - [2024-09-28T23:58:49.768-0500] {override.py:1901} INFO - Created Permission View: can edit on DAG:example_time_delta_sensor_async
[2024-09-28T23:58:49.829-0500] {logging_mixin.py:190} INFO - [2024-09-28T23:58:49.828-0500] {override.py:1901} INFO - Created Permission View: can read on DAG:example_time_delta_sensor_async
[2024-09-28T23:58:49.865-0500] {logging_mixin.py:190} INFO - [2024-09-28T23:58:49.864-0500] {override.py:1901} INFO - Created Permission View: can delete on DAG:example_time_delta_sensor_async
[2024-09-28T23:58:49.928-0500] {logging_mixin.py:190} INFO - [2024-09-28T23:58:49.927-0500] {override.py:1901} INFO - Created Permission View: menu access on DAG Run:example_time_delta_sensor_async
[2024-09-28T23:58:49.965-0500] {logging_mixin.py:190} INFO - [2024-09-28T23:58:49.964-0500] {override.py:1901} INFO - Created Permission View: can read on DAG Run:example_time_delta_sensor_async
[2024-09-28T23:58:50.001-0500] {logging_mixin.py:190} INFO - [2024-09-28T23:58:50.000-0500] {override.py:1901} INFO - Created Permission View: can delete on DAG Run:example_time_delta_sensor_async
[2024-09-28T23:58:50.064-0500] {logging_mixin.py:190} INFO - [2024-09-28T23:58:50.063-0500] {override.py:1901} INFO - Created Permission View: can create on DAG Run:example_time_delta_sensor_async
[2024-09-28T23:58:50.066-0500] {logging_mixin.py:190} INFO - [2024-09-28T23:58:50.065-0500] {dag.py:3239} INFO - Sync 1 DAGs
[2024-09-28T23:58:50.089-0500] {logging_mixin.py:190} INFO - [2024-09-28T23:58:50.089-0500] {dag.py:3262} INFO - Creating ORM DAG for example_time_delta_sensor_async
[2024-09-28T23:58:50.090-0500] {logging_mixin.py:190} INFO - [2024-09-28T23:58:50.090-0500] {dag.py:4180} INFO - Setting next_dagrun for example_time_delta_sensor_async to None, run_after=None
[2024-09-28T23:58:50.114-0500] {processor.py:208} INFO - Processing /home/d-salamanca/airflow-env/lib/python3.12/site-packages/airflow/example_dags/example_time_delta_sensor_async.py took 0.620 seconds
[2024-09-29T00:18:50.765-0500] {processor.py:186} INFO - Started process (PID=28567) to work on /home/d-salamanca/airflow-env/lib/python3.12/site-packages/airflow/example_dags/example_time_delta_sensor_async.py
[2024-09-29T00:18:50.799-0500] {processor.py:914} INFO - Processing file /home/d-salamanca/airflow-env/lib/python3.12/site-packages/airflow/example_dags/example_time_delta_sensor_async.py for tasks to queue
[2024-09-29T00:18:50.804-0500] {logging_mixin.py:190} INFO - [2024-09-29T00:18:50.803-0500] {dagbag.py:588} INFO - Filling up the DagBag from /home/d-salamanca/airflow-env/lib/python3.12/site-packages/airflow/example_dags/example_time_delta_sensor_async.py
[2024-09-29T00:18:50.828-0500] {processor.py:925} INFO - DAG(s) 'example_time_delta_sensor_async' retrieved from /home/d-salamanca/airflow-env/lib/python3.12/site-packages/airflow/example_dags/example_time_delta_sensor_async.py
[2024-09-29T00:18:50.864-0500] {logging_mixin.py:190} INFO - [2024-09-29T00:18:50.863-0500] {dag.py:3239} INFO - Sync 1 DAGs
[2024-09-29T00:18:50.902-0500] {logging_mixin.py:190} INFO - [2024-09-29T00:18:50.901-0500] {dag.py:4180} INFO - Setting next_dagrun for example_time_delta_sensor_async to None, run_after=None
[2024-09-29T00:18:51.137-0500] {processor.py:208} INFO - Processing /home/d-salamanca/airflow-env/lib/python3.12/site-packages/airflow/example_dags/example_time_delta_sensor_async.py took 0.383 seconds
[2024-09-29T00:20:22.691-0500] {processor.py:186} INFO - Started process (PID=28685) to work on /home/d-salamanca/airflow-env/lib/python3.12/site-packages/airflow/example_dags/example_time_delta_sensor_async.py
[2024-09-29T00:20:22.712-0500] {processor.py:914} INFO - Processing file /home/d-salamanca/airflow-env/lib/python3.12/site-packages/airflow/example_dags/example_time_delta_sensor_async.py for tasks to queue
[2024-09-29T00:20:22.717-0500] {logging_mixin.py:190} INFO - [2024-09-29T00:20:22.716-0500] {dagbag.py:588} INFO - Filling up the DagBag from /home/d-salamanca/airflow-env/lib/python3.12/site-packages/airflow/example_dags/example_time_delta_sensor_async.py
[2024-09-29T00:20:22.729-0500] {processor.py:925} INFO - DAG(s) 'example_time_delta_sensor_async' retrieved from /home/d-salamanca/airflow-env/lib/python3.12/site-packages/airflow/example_dags/example_time_delta_sensor_async.py
[2024-09-29T00:20:22.750-0500] {logging_mixin.py:190} INFO - [2024-09-29T00:20:22.750-0500] {dag.py:3239} INFO - Sync 1 DAGs
[2024-09-29T00:20:22.767-0500] {logging_mixin.py:190} INFO - [2024-09-29T00:20:22.767-0500] {dag.py:4180} INFO - Setting next_dagrun for example_time_delta_sensor_async to None, run_after=None
[2024-09-29T00:20:22.832-0500] {processor.py:208} INFO - Processing /home/d-salamanca/airflow-env/lib/python3.12/site-packages/airflow/example_dags/example_time_delta_sensor_async.py took 0.150 seconds
[2024-09-29T00:21:15.852-0500] {processor.py:186} INFO - Started process (PID=28726) to work on /home/d-salamanca/airflow-env/lib/python3.12/site-packages/airflow/example_dags/example_time_delta_sensor_async.py
[2024-09-29T00:21:15.853-0500] {processor.py:914} INFO - Processing file /home/d-salamanca/airflow-env/lib/python3.12/site-packages/airflow/example_dags/example_time_delta_sensor_async.py for tasks to queue
[2024-09-29T00:21:15.858-0500] {logging_mixin.py:190} INFO - [2024-09-29T00:21:15.857-0500] {dagbag.py:588} INFO - Filling up the DagBag from /home/d-salamanca/airflow-env/lib/python3.12/site-packages/airflow/example_dags/example_time_delta_sensor_async.py
[2024-09-29T00:21:15.888-0500] {processor.py:925} INFO - DAG(s) 'example_time_delta_sensor_async' retrieved from /home/d-salamanca/airflow-env/lib/python3.12/site-packages/airflow/example_dags/example_time_delta_sensor_async.py
[2024-09-29T00:21:15.915-0500] {logging_mixin.py:190} INFO - [2024-09-29T00:21:15.915-0500] {dag.py:3239} INFO - Sync 1 DAGs
[2024-09-29T00:21:15.936-0500] {logging_mixin.py:190} INFO - [2024-09-29T00:21:15.935-0500] {dag.py:4180} INFO - Setting next_dagrun for example_time_delta_sensor_async to None, run_after=None
[2024-09-29T00:21:16.021-0500] {processor.py:208} INFO - Processing /home/d-salamanca/airflow-env/lib/python3.12/site-packages/airflow/example_dags/example_time_delta_sensor_async.py took 0.176 seconds
[2024-09-29T00:22:03.830-0500] {processor.py:186} INFO - Started process (PID=28759) to work on /home/d-salamanca/airflow-env/lib/python3.12/site-packages/airflow/example_dags/example_time_delta_sensor_async.py
[2024-09-29T00:22:03.831-0500] {processor.py:914} INFO - Processing file /home/d-salamanca/airflow-env/lib/python3.12/site-packages/airflow/example_dags/example_time_delta_sensor_async.py for tasks to queue
[2024-09-29T00:22:03.835-0500] {logging_mixin.py:190} INFO - [2024-09-29T00:22:03.834-0500] {dagbag.py:588} INFO - Filling up the DagBag from /home/d-salamanca/airflow-env/lib/python3.12/site-packages/airflow/example_dags/example_time_delta_sensor_async.py
[2024-09-29T00:22:03.848-0500] {processor.py:925} INFO - DAG(s) 'example_time_delta_sensor_async' retrieved from /home/d-salamanca/airflow-env/lib/python3.12/site-packages/airflow/example_dags/example_time_delta_sensor_async.py
[2024-09-29T00:22:03.871-0500] {logging_mixin.py:190} INFO - [2024-09-29T00:22:03.871-0500] {dag.py:3239} INFO - Sync 1 DAGs
[2024-09-29T00:22:03.890-0500] {logging_mixin.py:190} INFO - [2024-09-29T00:22:03.890-0500] {dag.py:4180} INFO - Setting next_dagrun for example_time_delta_sensor_async to None, run_after=None
[2024-09-29T00:22:03.926-0500] {processor.py:208} INFO - Processing /home/d-salamanca/airflow-env/lib/python3.12/site-packages/airflow/example_dags/example_time_delta_sensor_async.py took 0.106 seconds
[2024-09-29T00:22:55.285-0500] {processor.py:186} INFO - Started process (PID=28800) to work on /home/d-salamanca/airflow-env/lib/python3.12/site-packages/airflow/example_dags/example_time_delta_sensor_async.py
[2024-09-29T00:22:55.287-0500] {processor.py:914} INFO - Processing file /home/d-salamanca/airflow-env/lib/python3.12/site-packages/airflow/example_dags/example_time_delta_sensor_async.py for tasks to queue
[2024-09-29T00:22:55.290-0500] {logging_mixin.py:190} INFO - [2024-09-29T00:22:55.289-0500] {dagbag.py:588} INFO - Filling up the DagBag from /home/d-salamanca/airflow-env/lib/python3.12/site-packages/airflow/example_dags/example_time_delta_sensor_async.py
[2024-09-29T00:22:55.297-0500] {processor.py:925} INFO - DAG(s) 'example_time_delta_sensor_async' retrieved from /home/d-salamanca/airflow-env/lib/python3.12/site-packages/airflow/example_dags/example_time_delta_sensor_async.py
[2024-09-29T00:22:55.315-0500] {logging_mixin.py:190} INFO - [2024-09-29T00:22:55.315-0500] {dag.py:3239} INFO - Sync 1 DAGs
[2024-09-29T00:22:55.329-0500] {logging_mixin.py:190} INFO - [2024-09-29T00:22:55.329-0500] {dag.py:4180} INFO - Setting next_dagrun for example_time_delta_sensor_async to None, run_after=None
[2024-09-29T00:22:55.484-0500] {processor.py:208} INFO - Processing /home/d-salamanca/airflow-env/lib/python3.12/site-packages/airflow/example_dags/example_time_delta_sensor_async.py took 0.206 seconds
[2024-09-29T00:24:22.864-0500] {processor.py:186} INFO - Started process (PID=28872) to work on /home/d-salamanca/airflow-env/lib/python3.12/site-packages/airflow/example_dags/example_time_delta_sensor_async.py
[2024-09-29T00:24:22.865-0500] {processor.py:914} INFO - Processing file /home/d-salamanca/airflow-env/lib/python3.12/site-packages/airflow/example_dags/example_time_delta_sensor_async.py for tasks to queue
[2024-09-29T00:24:22.870-0500] {logging_mixin.py:190} INFO - [2024-09-29T00:24:22.869-0500] {dagbag.py:588} INFO - Filling up the DagBag from /home/d-salamanca/airflow-env/lib/python3.12/site-packages/airflow/example_dags/example_time_delta_sensor_async.py
[2024-09-29T00:24:22.880-0500] {processor.py:925} INFO - DAG(s) 'example_time_delta_sensor_async' retrieved from /home/d-salamanca/airflow-env/lib/python3.12/site-packages/airflow/example_dags/example_time_delta_sensor_async.py
[2024-09-29T00:24:22.903-0500] {logging_mixin.py:190} INFO - [2024-09-29T00:24:22.902-0500] {dag.py:3239} INFO - Sync 1 DAGs
[2024-09-29T00:24:22.918-0500] {logging_mixin.py:190} INFO - [2024-09-29T00:24:22.918-0500] {dag.py:4180} INFO - Setting next_dagrun for example_time_delta_sensor_async to None, run_after=None
[2024-09-29T00:24:22.960-0500] {processor.py:208} INFO - Processing /home/d-salamanca/airflow-env/lib/python3.12/site-packages/airflow/example_dags/example_time_delta_sensor_async.py took 0.107 seconds
[2024-09-29T00:25:48.690-0500] {processor.py:186} INFO - Started process (PID=28944) to work on /home/d-salamanca/airflow-env/lib/python3.12/site-packages/airflow/example_dags/example_time_delta_sensor_async.py
[2024-09-29T00:25:48.692-0500] {processor.py:914} INFO - Processing file /home/d-salamanca/airflow-env/lib/python3.12/site-packages/airflow/example_dags/example_time_delta_sensor_async.py for tasks to queue
[2024-09-29T00:25:48.695-0500] {logging_mixin.py:190} INFO - [2024-09-29T00:25:48.694-0500] {dagbag.py:588} INFO - Filling up the DagBag from /home/d-salamanca/airflow-env/lib/python3.12/site-packages/airflow/example_dags/example_time_delta_sensor_async.py
[2024-09-29T00:25:48.702-0500] {processor.py:925} INFO - DAG(s) 'example_time_delta_sensor_async' retrieved from /home/d-salamanca/airflow-env/lib/python3.12/site-packages/airflow/example_dags/example_time_delta_sensor_async.py
[2024-09-29T00:25:48.846-0500] {logging_mixin.py:190} INFO - [2024-09-29T00:25:48.846-0500] {dag.py:3239} INFO - Sync 1 DAGs
[2024-09-29T00:25:48.857-0500] {logging_mixin.py:190} INFO - [2024-09-29T00:25:48.857-0500] {dag.py:4180} INFO - Setting next_dagrun for example_time_delta_sensor_async to None, run_after=None
[2024-09-29T00:25:48.910-0500] {processor.py:208} INFO - Processing /home/d-salamanca/airflow-env/lib/python3.12/site-packages/airflow/example_dags/example_time_delta_sensor_async.py took 0.227 seconds
[2024-09-29T00:26:37.857-0500] {processor.py:186} INFO - Started process (PID=28992) to work on /home/d-salamanca/airflow-env/lib/python3.12/site-packages/airflow/example_dags/example_time_delta_sensor_async.py
[2024-09-29T00:26:37.859-0500] {processor.py:914} INFO - Processing file /home/d-salamanca/airflow-env/lib/python3.12/site-packages/airflow/example_dags/example_time_delta_sensor_async.py for tasks to queue
[2024-09-29T00:26:37.861-0500] {logging_mixin.py:190} INFO - [2024-09-29T00:26:37.861-0500] {dagbag.py:588} INFO - Filling up the DagBag from /home/d-salamanca/airflow-env/lib/python3.12/site-packages/airflow/example_dags/example_time_delta_sensor_async.py
[2024-09-29T00:26:37.870-0500] {processor.py:925} INFO - DAG(s) 'example_time_delta_sensor_async' retrieved from /home/d-salamanca/airflow-env/lib/python3.12/site-packages/airflow/example_dags/example_time_delta_sensor_async.py
[2024-09-29T00:26:37.889-0500] {logging_mixin.py:190} INFO - [2024-09-29T00:26:37.889-0500] {dag.py:3239} INFO - Sync 1 DAGs
[2024-09-29T00:26:37.904-0500] {logging_mixin.py:190} INFO - [2024-09-29T00:26:37.903-0500] {dag.py:4180} INFO - Setting next_dagrun for example_time_delta_sensor_async to None, run_after=None
[2024-09-29T00:26:37.963-0500] {processor.py:208} INFO - Processing /home/d-salamanca/airflow-env/lib/python3.12/site-packages/airflow/example_dags/example_time_delta_sensor_async.py took 0.113 seconds
[2024-09-29T00:28:13.001-0500] {processor.py:186} INFO - Started process (PID=29141) to work on /home/d-salamanca/airflow-env/lib/python3.12/site-packages/airflow/example_dags/example_time_delta_sensor_async.py
[2024-09-29T00:28:13.019-0500] {processor.py:914} INFO - Processing file /home/d-salamanca/airflow-env/lib/python3.12/site-packages/airflow/example_dags/example_time_delta_sensor_async.py for tasks to queue
[2024-09-29T00:28:13.023-0500] {logging_mixin.py:190} INFO - [2024-09-29T00:28:13.022-0500] {dagbag.py:588} INFO - Filling up the DagBag from /home/d-salamanca/airflow-env/lib/python3.12/site-packages/airflow/example_dags/example_time_delta_sensor_async.py
[2024-09-29T00:28:13.042-0500] {processor.py:925} INFO - DAG(s) 'example_time_delta_sensor_async' retrieved from /home/d-salamanca/airflow-env/lib/python3.12/site-packages/airflow/example_dags/example_time_delta_sensor_async.py
[2024-09-29T00:28:13.063-0500] {logging_mixin.py:190} INFO - [2024-09-29T00:28:13.062-0500] {dag.py:3239} INFO - Sync 1 DAGs
[2024-09-29T00:28:13.078-0500] {logging_mixin.py:190} INFO - [2024-09-29T00:28:13.077-0500] {dag.py:4180} INFO - Setting next_dagrun for example_time_delta_sensor_async to None, run_after=None
[2024-09-29T00:28:13.155-0500] {processor.py:208} INFO - Processing /home/d-salamanca/airflow-env/lib/python3.12/site-packages/airflow/example_dags/example_time_delta_sensor_async.py took 0.166 seconds
[2024-09-29T00:29:17.365-0500] {processor.py:186} INFO - Started process (PID=29222) to work on /home/d-salamanca/airflow-env/lib/python3.12/site-packages/airflow/example_dags/example_time_delta_sensor_async.py
[2024-09-29T00:29:17.433-0500] {processor.py:914} INFO - Processing file /home/d-salamanca/airflow-env/lib/python3.12/site-packages/airflow/example_dags/example_time_delta_sensor_async.py for tasks to queue
[2024-09-29T00:29:17.437-0500] {logging_mixin.py:190} INFO - [2024-09-29T00:29:17.436-0500] {dagbag.py:588} INFO - Filling up the DagBag from /home/d-salamanca/airflow-env/lib/python3.12/site-packages/airflow/example_dags/example_time_delta_sensor_async.py
[2024-09-29T00:29:17.978-0500] {processor.py:925} INFO - DAG(s) 'example_time_delta_sensor_async' retrieved from /home/d-salamanca/airflow-env/lib/python3.12/site-packages/airflow/example_dags/example_time_delta_sensor_async.py
[2024-09-29T00:29:18.058-0500] {logging_mixin.py:190} INFO - [2024-09-29T00:29:18.057-0500] {dag.py:3239} INFO - Sync 1 DAGs
[2024-09-29T00:29:18.133-0500] {logging_mixin.py:190} INFO - [2024-09-29T00:29:18.075-0500] {dag.py:4180} INFO - Setting next_dagrun for example_time_delta_sensor_async to None, run_after=None
[2024-09-29T00:29:18.891-0500] {processor.py:208} INFO - Processing /home/d-salamanca/airflow-env/lib/python3.12/site-packages/airflow/example_dags/example_time_delta_sensor_async.py took 1.720 seconds
[2024-09-29T00:30:38.280-0500] {processor.py:186} INFO - Started process (PID=29277) to work on /home/d-salamanca/airflow-env/lib/python3.12/site-packages/airflow/example_dags/example_time_delta_sensor_async.py
[2024-09-29T00:30:38.359-0500] {processor.py:914} INFO - Processing file /home/d-salamanca/airflow-env/lib/python3.12/site-packages/airflow/example_dags/example_time_delta_sensor_async.py for tasks to queue
[2024-09-29T00:30:38.368-0500] {logging_mixin.py:190} INFO - [2024-09-29T00:30:38.367-0500] {dagbag.py:588} INFO - Filling up the DagBag from /home/d-salamanca/airflow-env/lib/python3.12/site-packages/airflow/example_dags/example_time_delta_sensor_async.py
[2024-09-29T00:30:38.408-0500] {processor.py:925} INFO - DAG(s) 'example_time_delta_sensor_async' retrieved from /home/d-salamanca/airflow-env/lib/python3.12/site-packages/airflow/example_dags/example_time_delta_sensor_async.py
[2024-09-29T00:30:38.427-0500] {logging_mixin.py:190} INFO - [2024-09-29T00:30:38.426-0500] {dag.py:3239} INFO - Sync 1 DAGs
[2024-09-29T00:30:38.442-0500] {logging_mixin.py:190} INFO - [2024-09-29T00:30:38.442-0500] {dag.py:4180} INFO - Setting next_dagrun for example_time_delta_sensor_async to None, run_after=None
[2024-09-29T00:30:38.496-0500] {processor.py:208} INFO - Processing /home/d-salamanca/airflow-env/lib/python3.12/site-packages/airflow/example_dags/example_time_delta_sensor_async.py took 0.228 seconds
[2024-09-29T00:31:44.436-0500] {processor.py:186} INFO - Started process (PID=29328) to work on /home/d-salamanca/airflow-env/lib/python3.12/site-packages/airflow/example_dags/example_time_delta_sensor_async.py
[2024-09-29T00:31:44.456-0500] {processor.py:914} INFO - Processing file /home/d-salamanca/airflow-env/lib/python3.12/site-packages/airflow/example_dags/example_time_delta_sensor_async.py for tasks to queue
[2024-09-29T00:31:44.462-0500] {logging_mixin.py:190} INFO - [2024-09-29T00:31:44.461-0500] {dagbag.py:588} INFO - Filling up the DagBag from /home/d-salamanca/airflow-env/lib/python3.12/site-packages/airflow/example_dags/example_time_delta_sensor_async.py
[2024-09-29T00:31:44.488-0500] {processor.py:925} INFO - DAG(s) 'example_time_delta_sensor_async' retrieved from /home/d-salamanca/airflow-env/lib/python3.12/site-packages/airflow/example_dags/example_time_delta_sensor_async.py
[2024-09-29T00:31:44.507-0500] {logging_mixin.py:190} INFO - [2024-09-29T00:31:44.507-0500] {dag.py:3239} INFO - Sync 1 DAGs
[2024-09-29T00:31:44.522-0500] {logging_mixin.py:190} INFO - [2024-09-29T00:31:44.522-0500] {dag.py:4180} INFO - Setting next_dagrun for example_time_delta_sensor_async to None, run_after=None
[2024-09-29T00:31:44.555-0500] {processor.py:208} INFO - Processing /home/d-salamanca/airflow-env/lib/python3.12/site-packages/airflow/example_dags/example_time_delta_sensor_async.py took 0.126 seconds
[2024-09-29T00:32:29.656-0500] {processor.py:186} INFO - Started process (PID=29367) to work on /home/d-salamanca/airflow-env/lib/python3.12/site-packages/airflow/example_dags/example_time_delta_sensor_async.py
[2024-09-29T00:32:29.658-0500] {processor.py:914} INFO - Processing file /home/d-salamanca/airflow-env/lib/python3.12/site-packages/airflow/example_dags/example_time_delta_sensor_async.py for tasks to queue
[2024-09-29T00:32:29.661-0500] {logging_mixin.py:190} INFO - [2024-09-29T00:32:29.661-0500] {dagbag.py:588} INFO - Filling up the DagBag from /home/d-salamanca/airflow-env/lib/python3.12/site-packages/airflow/example_dags/example_time_delta_sensor_async.py
[2024-09-29T00:32:29.670-0500] {processor.py:925} INFO - DAG(s) 'example_time_delta_sensor_async' retrieved from /home/d-salamanca/airflow-env/lib/python3.12/site-packages/airflow/example_dags/example_time_delta_sensor_async.py
[2024-09-29T00:32:29.688-0500] {logging_mixin.py:190} INFO - [2024-09-29T00:32:29.688-0500] {dag.py:3239} INFO - Sync 1 DAGs
[2024-09-29T00:32:29.703-0500] {logging_mixin.py:190} INFO - [2024-09-29T00:32:29.702-0500] {dag.py:4180} INFO - Setting next_dagrun for example_time_delta_sensor_async to None, run_after=None
[2024-09-29T00:32:29.737-0500] {processor.py:208} INFO - Processing /home/d-salamanca/airflow-env/lib/python3.12/site-packages/airflow/example_dags/example_time_delta_sensor_async.py took 0.093 seconds
[2024-09-29T00:33:54.571-0500] {processor.py:186} INFO - Started process (PID=29474) to work on /home/d-salamanca/airflow-env/lib/python3.12/site-packages/airflow/example_dags/example_time_delta_sensor_async.py
[2024-09-29T00:33:54.635-0500] {processor.py:914} INFO - Processing file /home/d-salamanca/airflow-env/lib/python3.12/site-packages/airflow/example_dags/example_time_delta_sensor_async.py for tasks to queue
[2024-09-29T00:33:54.644-0500] {logging_mixin.py:190} INFO - [2024-09-29T00:33:54.643-0500] {dagbag.py:588} INFO - Filling up the DagBag from /home/d-salamanca/airflow-env/lib/python3.12/site-packages/airflow/example_dags/example_time_delta_sensor_async.py
[2024-09-29T00:33:54.689-0500] {processor.py:925} INFO - DAG(s) 'example_time_delta_sensor_async' retrieved from /home/d-salamanca/airflow-env/lib/python3.12/site-packages/airflow/example_dags/example_time_delta_sensor_async.py
[2024-09-29T00:33:54.735-0500] {logging_mixin.py:190} INFO - [2024-09-29T00:33:54.735-0500] {dag.py:3239} INFO - Sync 1 DAGs
[2024-09-29T00:33:54.786-0500] {logging_mixin.py:190} INFO - [2024-09-29T00:33:54.786-0500] {dag.py:4180} INFO - Setting next_dagrun for example_time_delta_sensor_async to None, run_after=None
[2024-09-29T00:33:54.890-0500] {processor.py:208} INFO - Processing /home/d-salamanca/airflow-env/lib/python3.12/site-packages/airflow/example_dags/example_time_delta_sensor_async.py took 0.430 seconds
[2024-09-29T08:20:14.730-0500] {processor.py:186} INFO - Started process (PID=29762) to work on /home/d-salamanca/airflow-env/lib/python3.12/site-packages/airflow/example_dags/example_time_delta_sensor_async.py
[2024-09-29T08:20:14.772-0500] {processor.py:914} INFO - Processing file /home/d-salamanca/airflow-env/lib/python3.12/site-packages/airflow/example_dags/example_time_delta_sensor_async.py for tasks to queue
[2024-09-29T08:20:14.780-0500] {logging_mixin.py:190} INFO - [2024-09-29T08:20:14.779-0500] {dagbag.py:588} INFO - Filling up the DagBag from /home/d-salamanca/airflow-env/lib/python3.12/site-packages/airflow/example_dags/example_time_delta_sensor_async.py
[2024-09-29T08:20:14.812-0500] {processor.py:925} INFO - DAG(s) 'example_time_delta_sensor_async' retrieved from /home/d-salamanca/airflow-env/lib/python3.12/site-packages/airflow/example_dags/example_time_delta_sensor_async.py
[2024-09-29T08:20:14.831-0500] {logging_mixin.py:190} INFO - [2024-09-29T08:20:14.831-0500] {dag.py:3239} INFO - Sync 1 DAGs
[2024-09-29T08:20:14.846-0500] {logging_mixin.py:190} INFO - [2024-09-29T08:20:14.846-0500] {dag.py:4180} INFO - Setting next_dagrun for example_time_delta_sensor_async to None, run_after=None
[2024-09-29T08:20:14.900-0500] {processor.py:208} INFO - Processing /home/d-salamanca/airflow-env/lib/python3.12/site-packages/airflow/example_dags/example_time_delta_sensor_async.py took 0.181 seconds
[2024-09-29T08:21:22.643-0500] {processor.py:186} INFO - Started process (PID=29838) to work on /home/d-salamanca/airflow-env/lib/python3.12/site-packages/airflow/example_dags/example_time_delta_sensor_async.py
[2024-09-29T08:21:22.752-0500] {processor.py:914} INFO - Processing file /home/d-salamanca/airflow-env/lib/python3.12/site-packages/airflow/example_dags/example_time_delta_sensor_async.py for tasks to queue
[2024-09-29T08:21:22.761-0500] {logging_mixin.py:190} INFO - [2024-09-29T08:21:22.760-0500] {dagbag.py:588} INFO - Filling up the DagBag from /home/d-salamanca/airflow-env/lib/python3.12/site-packages/airflow/example_dags/example_time_delta_sensor_async.py
[2024-09-29T08:21:22.773-0500] {processor.py:925} INFO - DAG(s) 'example_time_delta_sensor_async' retrieved from /home/d-salamanca/airflow-env/lib/python3.12/site-packages/airflow/example_dags/example_time_delta_sensor_async.py
[2024-09-29T08:21:22.792-0500] {logging_mixin.py:190} INFO - [2024-09-29T08:21:22.792-0500] {dag.py:3239} INFO - Sync 1 DAGs
[2024-09-29T08:21:22.807-0500] {logging_mixin.py:190} INFO - [2024-09-29T08:21:22.806-0500] {dag.py:4180} INFO - Setting next_dagrun for example_time_delta_sensor_async to None, run_after=None
[2024-09-29T08:21:23.017-0500] {processor.py:208} INFO - Processing /home/d-salamanca/airflow-env/lib/python3.12/site-packages/airflow/example_dags/example_time_delta_sensor_async.py took 0.382 seconds
[2024-09-29T08:22:20.000-0500] {processor.py:186} INFO - Started process (PID=29875) to work on /home/d-salamanca/airflow-env/lib/python3.12/site-packages/airflow/example_dags/example_time_delta_sensor_async.py
[2024-09-29T08:22:20.061-0500] {processor.py:914} INFO - Processing file /home/d-salamanca/airflow-env/lib/python3.12/site-packages/airflow/example_dags/example_time_delta_sensor_async.py for tasks to queue
[2024-09-29T08:22:20.069-0500] {logging_mixin.py:190} INFO - [2024-09-29T08:22:20.068-0500] {dagbag.py:588} INFO - Filling up the DagBag from /home/d-salamanca/airflow-env/lib/python3.12/site-packages/airflow/example_dags/example_time_delta_sensor_async.py
[2024-09-29T08:22:20.188-0500] {processor.py:925} INFO - DAG(s) 'example_time_delta_sensor_async' retrieved from /home/d-salamanca/airflow-env/lib/python3.12/site-packages/airflow/example_dags/example_time_delta_sensor_async.py
[2024-09-29T08:22:20.206-0500] {logging_mixin.py:190} INFO - [2024-09-29T08:22:20.206-0500] {dag.py:3239} INFO - Sync 1 DAGs
[2024-09-29T08:22:20.221-0500] {logging_mixin.py:190} INFO - [2024-09-29T08:22:20.221-0500] {dag.py:4180} INFO - Setting next_dagrun for example_time_delta_sensor_async to None, run_after=None
[2024-09-29T08:22:21.437-0500] {processor.py:208} INFO - Processing /home/d-salamanca/airflow-env/lib/python3.12/site-packages/airflow/example_dags/example_time_delta_sensor_async.py took 1.445 seconds
[2024-09-29T08:23:13.298-0500] {processor.py:186} INFO - Started process (PID=29917) to work on /home/d-salamanca/airflow-env/lib/python3.12/site-packages/airflow/example_dags/example_time_delta_sensor_async.py
[2024-09-29T08:23:13.299-0500] {processor.py:914} INFO - Processing file /home/d-salamanca/airflow-env/lib/python3.12/site-packages/airflow/example_dags/example_time_delta_sensor_async.py for tasks to queue
[2024-09-29T08:23:13.302-0500] {logging_mixin.py:190} INFO - [2024-09-29T08:23:13.302-0500] {dagbag.py:588} INFO - Filling up the DagBag from /home/d-salamanca/airflow-env/lib/python3.12/site-packages/airflow/example_dags/example_time_delta_sensor_async.py
[2024-09-29T08:23:13.310-0500] {processor.py:925} INFO - DAG(s) 'example_time_delta_sensor_async' retrieved from /home/d-salamanca/airflow-env/lib/python3.12/site-packages/airflow/example_dags/example_time_delta_sensor_async.py
[2024-09-29T08:23:13.328-0500] {logging_mixin.py:190} INFO - [2024-09-29T08:23:13.328-0500] {dag.py:3239} INFO - Sync 1 DAGs
[2024-09-29T08:23:13.343-0500] {logging_mixin.py:190} INFO - [2024-09-29T08:23:13.343-0500] {dag.py:4180} INFO - Setting next_dagrun for example_time_delta_sensor_async to None, run_after=None
[2024-09-29T08:23:13.373-0500] {processor.py:208} INFO - Processing /home/d-salamanca/airflow-env/lib/python3.12/site-packages/airflow/example_dags/example_time_delta_sensor_async.py took 0.083 seconds
[2024-09-29T08:24:01.580-0500] {processor.py:186} INFO - Started process (PID=29954) to work on /home/d-salamanca/airflow-env/lib/python3.12/site-packages/airflow/example_dags/example_time_delta_sensor_async.py
[2024-09-29T08:24:01.581-0500] {processor.py:914} INFO - Processing file /home/d-salamanca/airflow-env/lib/python3.12/site-packages/airflow/example_dags/example_time_delta_sensor_async.py for tasks to queue
[2024-09-29T08:24:01.585-0500] {logging_mixin.py:190} INFO - [2024-09-29T08:24:01.585-0500] {dagbag.py:588} INFO - Filling up the DagBag from /home/d-salamanca/airflow-env/lib/python3.12/site-packages/airflow/example_dags/example_time_delta_sensor_async.py
[2024-09-29T08:24:01.593-0500] {processor.py:925} INFO - DAG(s) 'example_time_delta_sensor_async' retrieved from /home/d-salamanca/airflow-env/lib/python3.12/site-packages/airflow/example_dags/example_time_delta_sensor_async.py
[2024-09-29T08:24:01.612-0500] {logging_mixin.py:190} INFO - [2024-09-29T08:24:01.612-0500] {dag.py:3239} INFO - Sync 1 DAGs
[2024-09-29T08:24:01.627-0500] {logging_mixin.py:190} INFO - [2024-09-29T08:24:01.627-0500] {dag.py:4180} INFO - Setting next_dagrun for example_time_delta_sensor_async to None, run_after=None
[2024-09-29T08:24:01.663-0500] {processor.py:208} INFO - Processing /home/d-salamanca/airflow-env/lib/python3.12/site-packages/airflow/example_dags/example_time_delta_sensor_async.py took 0.091 seconds
[2024-09-29T08:25:23.755-0500] {processor.py:186} INFO - Started process (PID=30058) to work on /home/d-salamanca/airflow-env/lib/python3.12/site-packages/airflow/example_dags/example_time_delta_sensor_async.py
[2024-09-29T08:25:23.756-0500] {processor.py:914} INFO - Processing file /home/d-salamanca/airflow-env/lib/python3.12/site-packages/airflow/example_dags/example_time_delta_sensor_async.py for tasks to queue
[2024-09-29T08:25:23.760-0500] {logging_mixin.py:190} INFO - [2024-09-29T08:25:23.759-0500] {dagbag.py:588} INFO - Filling up the DagBag from /home/d-salamanca/airflow-env/lib/python3.12/site-packages/airflow/example_dags/example_time_delta_sensor_async.py
[2024-09-29T08:25:23.769-0500] {processor.py:925} INFO - DAG(s) 'example_time_delta_sensor_async' retrieved from /home/d-salamanca/airflow-env/lib/python3.12/site-packages/airflow/example_dags/example_time_delta_sensor_async.py
[2024-09-29T08:25:23.787-0500] {logging_mixin.py:190} INFO - [2024-09-29T08:25:23.787-0500] {dag.py:3239} INFO - Sync 1 DAGs
[2024-09-29T08:25:23.802-0500] {logging_mixin.py:190} INFO - [2024-09-29T08:25:23.802-0500] {dag.py:4180} INFO - Setting next_dagrun for example_time_delta_sensor_async to None, run_after=None
[2024-09-29T08:25:23.873-0500] {processor.py:208} INFO - Processing /home/d-salamanca/airflow-env/lib/python3.12/site-packages/airflow/example_dags/example_time_delta_sensor_async.py took 0.126 seconds
[2024-09-29T08:26:49.282-0500] {processor.py:186} INFO - Started process (PID=30127) to work on /home/d-salamanca/airflow-env/lib/python3.12/site-packages/airflow/example_dags/example_time_delta_sensor_async.py
[2024-09-29T08:26:49.285-0500] {processor.py:914} INFO - Processing file /home/d-salamanca/airflow-env/lib/python3.12/site-packages/airflow/example_dags/example_time_delta_sensor_async.py for tasks to queue
[2024-09-29T08:26:49.288-0500] {logging_mixin.py:190} INFO - [2024-09-29T08:26:49.287-0500] {dagbag.py:588} INFO - Filling up the DagBag from /home/d-salamanca/airflow-env/lib/python3.12/site-packages/airflow/example_dags/example_time_delta_sensor_async.py
[2024-09-29T08:26:49.306-0500] {processor.py:925} INFO - DAG(s) 'example_time_delta_sensor_async' retrieved from /home/d-salamanca/airflow-env/lib/python3.12/site-packages/airflow/example_dags/example_time_delta_sensor_async.py
[2024-09-29T08:26:49.325-0500] {logging_mixin.py:190} INFO - [2024-09-29T08:26:49.325-0500] {dag.py:3239} INFO - Sync 1 DAGs
[2024-09-29T08:26:49.340-0500] {logging_mixin.py:190} INFO - [2024-09-29T08:26:49.339-0500] {dag.py:4180} INFO - Setting next_dagrun for example_time_delta_sensor_async to None, run_after=None
[2024-09-29T08:26:49.402-0500] {processor.py:208} INFO - Processing /home/d-salamanca/airflow-env/lib/python3.12/site-packages/airflow/example_dags/example_time_delta_sensor_async.py took 0.128 seconds
[2024-09-29T08:28:03.643-0500] {processor.py:186} INFO - Started process (PID=30193) to work on /home/d-salamanca/airflow-env/lib/python3.12/site-packages/airflow/example_dags/example_time_delta_sensor_async.py
[2024-09-29T08:28:03.666-0500] {processor.py:914} INFO - Processing file /home/d-salamanca/airflow-env/lib/python3.12/site-packages/airflow/example_dags/example_time_delta_sensor_async.py for tasks to queue
[2024-09-29T08:28:03.671-0500] {logging_mixin.py:190} INFO - [2024-09-29T08:28:03.670-0500] {dagbag.py:588} INFO - Filling up the DagBag from /home/d-salamanca/airflow-env/lib/python3.12/site-packages/airflow/example_dags/example_time_delta_sensor_async.py
[2024-09-29T08:28:03.684-0500] {processor.py:925} INFO - DAG(s) 'example_time_delta_sensor_async' retrieved from /home/d-salamanca/airflow-env/lib/python3.12/site-packages/airflow/example_dags/example_time_delta_sensor_async.py
[2024-09-29T08:28:03.703-0500] {logging_mixin.py:190} INFO - [2024-09-29T08:28:03.703-0500] {dag.py:3239} INFO - Sync 1 DAGs
[2024-09-29T08:28:03.719-0500] {logging_mixin.py:190} INFO - [2024-09-29T08:28:03.718-0500] {dag.py:4180} INFO - Setting next_dagrun for example_time_delta_sensor_async to None, run_after=None
[2024-09-29T08:28:03.823-0500] {processor.py:208} INFO - Processing /home/d-salamanca/airflow-env/lib/python3.12/site-packages/airflow/example_dags/example_time_delta_sensor_async.py took 0.187 seconds
[2024-09-29T08:29:23.381-0500] {processor.py:186} INFO - Started process (PID=30264) to work on /home/d-salamanca/airflow-env/lib/python3.12/site-packages/airflow/example_dags/example_time_delta_sensor_async.py
[2024-09-29T08:29:23.383-0500] {processor.py:914} INFO - Processing file /home/d-salamanca/airflow-env/lib/python3.12/site-packages/airflow/example_dags/example_time_delta_sensor_async.py for tasks to queue
[2024-09-29T08:29:23.386-0500] {logging_mixin.py:190} INFO - [2024-09-29T08:29:23.385-0500] {dagbag.py:588} INFO - Filling up the DagBag from /home/d-salamanca/airflow-env/lib/python3.12/site-packages/airflow/example_dags/example_time_delta_sensor_async.py
[2024-09-29T08:29:23.394-0500] {processor.py:925} INFO - DAG(s) 'example_time_delta_sensor_async' retrieved from /home/d-salamanca/airflow-env/lib/python3.12/site-packages/airflow/example_dags/example_time_delta_sensor_async.py
[2024-09-29T08:29:23.412-0500] {logging_mixin.py:190} INFO - [2024-09-29T08:29:23.412-0500] {dag.py:3239} INFO - Sync 1 DAGs
[2024-09-29T08:29:23.426-0500] {logging_mixin.py:190} INFO - [2024-09-29T08:29:23.426-0500] {dag.py:4180} INFO - Setting next_dagrun for example_time_delta_sensor_async to None, run_after=None
[2024-09-29T08:29:23.520-0500] {processor.py:208} INFO - Processing /home/d-salamanca/airflow-env/lib/python3.12/site-packages/airflow/example_dags/example_time_delta_sensor_async.py took 0.146 seconds
[2024-09-29T08:30:55.194-0500] {processor.py:186} INFO - Started process (PID=30342) to work on /home/d-salamanca/airflow-env/lib/python3.12/site-packages/airflow/example_dags/example_time_delta_sensor_async.py
[2024-09-29T08:30:55.195-0500] {processor.py:914} INFO - Processing file /home/d-salamanca/airflow-env/lib/python3.12/site-packages/airflow/example_dags/example_time_delta_sensor_async.py for tasks to queue
[2024-09-29T08:30:55.199-0500] {logging_mixin.py:190} INFO - [2024-09-29T08:30:55.198-0500] {dagbag.py:588} INFO - Filling up the DagBag from /home/d-salamanca/airflow-env/lib/python3.12/site-packages/airflow/example_dags/example_time_delta_sensor_async.py
[2024-09-29T08:30:55.207-0500] {processor.py:925} INFO - DAG(s) 'example_time_delta_sensor_async' retrieved from /home/d-salamanca/airflow-env/lib/python3.12/site-packages/airflow/example_dags/example_time_delta_sensor_async.py
[2024-09-29T08:30:55.225-0500] {logging_mixin.py:190} INFO - [2024-09-29T08:30:55.225-0500] {dag.py:3239} INFO - Sync 1 DAGs
[2024-09-29T08:30:55.239-0500] {logging_mixin.py:190} INFO - [2024-09-29T08:30:55.239-0500] {dag.py:4180} INFO - Setting next_dagrun for example_time_delta_sensor_async to None, run_after=None
[2024-09-29T08:30:55.285-0500] {processor.py:208} INFO - Processing /home/d-salamanca/airflow-env/lib/python3.12/site-packages/airflow/example_dags/example_time_delta_sensor_async.py took 0.105 seconds
[2024-09-29T08:32:31.772-0500] {processor.py:186} INFO - Started process (PID=30426) to work on /home/d-salamanca/airflow-env/lib/python3.12/site-packages/airflow/example_dags/example_time_delta_sensor_async.py
[2024-09-29T08:32:31.822-0500] {processor.py:914} INFO - Processing file /home/d-salamanca/airflow-env/lib/python3.12/site-packages/airflow/example_dags/example_time_delta_sensor_async.py for tasks to queue
[2024-09-29T08:32:31.832-0500] {logging_mixin.py:190} INFO - [2024-09-29T08:32:31.830-0500] {dagbag.py:588} INFO - Filling up the DagBag from /home/d-salamanca/airflow-env/lib/python3.12/site-packages/airflow/example_dags/example_time_delta_sensor_async.py
[2024-09-29T08:32:31.844-0500] {processor.py:925} INFO - DAG(s) 'example_time_delta_sensor_async' retrieved from /home/d-salamanca/airflow-env/lib/python3.12/site-packages/airflow/example_dags/example_time_delta_sensor_async.py
[2024-09-29T08:32:31.863-0500] {logging_mixin.py:190} INFO - [2024-09-29T08:32:31.863-0500] {dag.py:3239} INFO - Sync 1 DAGs
[2024-09-29T08:32:31.877-0500] {logging_mixin.py:190} INFO - [2024-09-29T08:32:31.877-0500] {dag.py:4180} INFO - Setting next_dagrun for example_time_delta_sensor_async to None, run_after=None
[2024-09-29T08:32:31.993-0500] {processor.py:208} INFO - Processing /home/d-salamanca/airflow-env/lib/python3.12/site-packages/airflow/example_dags/example_time_delta_sensor_async.py took 0.229 seconds
[2024-09-29T08:33:17.176-0500] {processor.py:186} INFO - Started process (PID=30464) to work on /home/d-salamanca/airflow-env/lib/python3.12/site-packages/airflow/example_dags/example_time_delta_sensor_async.py
[2024-09-29T08:33:17.178-0500] {processor.py:914} INFO - Processing file /home/d-salamanca/airflow-env/lib/python3.12/site-packages/airflow/example_dags/example_time_delta_sensor_async.py for tasks to queue
[2024-09-29T08:33:17.181-0500] {logging_mixin.py:190} INFO - [2024-09-29T08:33:17.181-0500] {dagbag.py:588} INFO - Filling up the DagBag from /home/d-salamanca/airflow-env/lib/python3.12/site-packages/airflow/example_dags/example_time_delta_sensor_async.py
[2024-09-29T08:33:17.190-0500] {processor.py:925} INFO - DAG(s) 'example_time_delta_sensor_async' retrieved from /home/d-salamanca/airflow-env/lib/python3.12/site-packages/airflow/example_dags/example_time_delta_sensor_async.py
[2024-09-29T08:33:17.209-0500] {logging_mixin.py:190} INFO - [2024-09-29T08:33:17.208-0500] {dag.py:3239} INFO - Sync 1 DAGs
[2024-09-29T08:33:17.223-0500] {logging_mixin.py:190} INFO - [2024-09-29T08:33:17.223-0500] {dag.py:4180} INFO - Setting next_dagrun for example_time_delta_sensor_async to None, run_after=None
[2024-09-29T08:33:17.282-0500] {processor.py:208} INFO - Processing /home/d-salamanca/airflow-env/lib/python3.12/site-packages/airflow/example_dags/example_time_delta_sensor_async.py took 0.113 seconds
[2024-09-29T08:34:37.728-0500] {processor.py:186} INFO - Started process (PID=30530) to work on /home/d-salamanca/airflow-env/lib/python3.12/site-packages/airflow/example_dags/example_time_delta_sensor_async.py
[2024-09-29T08:34:37.730-0500] {processor.py:914} INFO - Processing file /home/d-salamanca/airflow-env/lib/python3.12/site-packages/airflow/example_dags/example_time_delta_sensor_async.py for tasks to queue
[2024-09-29T08:34:37.732-0500] {logging_mixin.py:190} INFO - [2024-09-29T08:34:37.732-0500] {dagbag.py:588} INFO - Filling up the DagBag from /home/d-salamanca/airflow-env/lib/python3.12/site-packages/airflow/example_dags/example_time_delta_sensor_async.py
[2024-09-29T08:34:37.741-0500] {processor.py:925} INFO - DAG(s) 'example_time_delta_sensor_async' retrieved from /home/d-salamanca/airflow-env/lib/python3.12/site-packages/airflow/example_dags/example_time_delta_sensor_async.py
[2024-09-29T08:34:37.759-0500] {logging_mixin.py:190} INFO - [2024-09-29T08:34:37.759-0500] {dag.py:3239} INFO - Sync 1 DAGs
[2024-09-29T08:34:37.774-0500] {logging_mixin.py:190} INFO - [2024-09-29T08:34:37.774-0500] {dag.py:4180} INFO - Setting next_dagrun for example_time_delta_sensor_async to None, run_after=None
[2024-09-29T08:34:37.995-0500] {processor.py:208} INFO - Processing /home/d-salamanca/airflow-env/lib/python3.12/site-packages/airflow/example_dags/example_time_delta_sensor_async.py took 0.274 seconds
[2024-09-29T08:35:32.447-0500] {processor.py:186} INFO - Started process (PID=30664) to work on /home/d-salamanca/airflow-env/lib/python3.12/site-packages/airflow/example_dags/example_time_delta_sensor_async.py
[2024-09-29T08:35:32.448-0500] {processor.py:914} INFO - Processing file /home/d-salamanca/airflow-env/lib/python3.12/site-packages/airflow/example_dags/example_time_delta_sensor_async.py for tasks to queue
[2024-09-29T08:35:32.452-0500] {logging_mixin.py:190} INFO - [2024-09-29T08:35:32.451-0500] {dagbag.py:588} INFO - Filling up the DagBag from /home/d-salamanca/airflow-env/lib/python3.12/site-packages/airflow/example_dags/example_time_delta_sensor_async.py
[2024-09-29T08:35:32.460-0500] {processor.py:925} INFO - DAG(s) 'example_time_delta_sensor_async' retrieved from /home/d-salamanca/airflow-env/lib/python3.12/site-packages/airflow/example_dags/example_time_delta_sensor_async.py
[2024-09-29T08:35:32.479-0500] {logging_mixin.py:190} INFO - [2024-09-29T08:35:32.478-0500] {dag.py:3239} INFO - Sync 1 DAGs
[2024-09-29T08:35:32.493-0500] {logging_mixin.py:190} INFO - [2024-09-29T08:35:32.492-0500] {dag.py:4180} INFO - Setting next_dagrun for example_time_delta_sensor_async to None, run_after=None
[2024-09-29T08:35:32.746-0500] {processor.py:208} INFO - Processing /home/d-salamanca/airflow-env/lib/python3.12/site-packages/airflow/example_dags/example_time_delta_sensor_async.py took 0.306 seconds
[2024-09-29T08:37:05.402-0500] {processor.py:186} INFO - Started process (PID=31002) to work on /home/d-salamanca/airflow-env/lib/python3.12/site-packages/airflow/example_dags/example_time_delta_sensor_async.py
[2024-09-29T08:37:05.428-0500] {processor.py:914} INFO - Processing file /home/d-salamanca/airflow-env/lib/python3.12/site-packages/airflow/example_dags/example_time_delta_sensor_async.py for tasks to queue
[2024-09-29T08:37:05.432-0500] {logging_mixin.py:190} INFO - [2024-09-29T08:37:05.432-0500] {dagbag.py:588} INFO - Filling up the DagBag from /home/d-salamanca/airflow-env/lib/python3.12/site-packages/airflow/example_dags/example_time_delta_sensor_async.py
[2024-09-29T08:37:05.522-0500] {processor.py:925} INFO - DAG(s) 'example_time_delta_sensor_async' retrieved from /home/d-salamanca/airflow-env/lib/python3.12/site-packages/airflow/example_dags/example_time_delta_sensor_async.py
[2024-09-29T08:37:05.607-0500] {logging_mixin.py:190} INFO - [2024-09-29T08:37:05.541-0500] {dag.py:3239} INFO - Sync 1 DAGs
[2024-09-29T08:37:05.626-0500] {logging_mixin.py:190} INFO - [2024-09-29T08:37:05.625-0500] {dag.py:4180} INFO - Setting next_dagrun for example_time_delta_sensor_async to None, run_after=None
[2024-09-29T08:37:06.098-0500] {processor.py:208} INFO - Processing /home/d-salamanca/airflow-env/lib/python3.12/site-packages/airflow/example_dags/example_time_delta_sensor_async.py took 0.704 seconds
[2024-09-29T08:38:01.506-0500] {processor.py:186} INFO - Started process (PID=31047) to work on /home/d-salamanca/airflow-env/lib/python3.12/site-packages/airflow/example_dags/example_time_delta_sensor_async.py
[2024-09-29T08:38:01.521-0500] {processor.py:914} INFO - Processing file /home/d-salamanca/airflow-env/lib/python3.12/site-packages/airflow/example_dags/example_time_delta_sensor_async.py for tasks to queue
[2024-09-29T08:38:01.529-0500] {logging_mixin.py:190} INFO - [2024-09-29T08:38:01.528-0500] {dagbag.py:588} INFO - Filling up the DagBag from /home/d-salamanca/airflow-env/lib/python3.12/site-packages/airflow/example_dags/example_time_delta_sensor_async.py
[2024-09-29T08:38:01.567-0500] {processor.py:925} INFO - DAG(s) 'example_time_delta_sensor_async' retrieved from /home/d-salamanca/airflow-env/lib/python3.12/site-packages/airflow/example_dags/example_time_delta_sensor_async.py
[2024-09-29T08:38:01.585-0500] {logging_mixin.py:190} INFO - [2024-09-29T08:38:01.584-0500] {dag.py:3239} INFO - Sync 1 DAGs
[2024-09-29T08:38:01.599-0500] {logging_mixin.py:190} INFO - [2024-09-29T08:38:01.598-0500] {dag.py:4180} INFO - Setting next_dagrun for example_time_delta_sensor_async to None, run_after=None
[2024-09-29T08:38:01.651-0500] {processor.py:208} INFO - Processing /home/d-salamanca/airflow-env/lib/python3.12/site-packages/airflow/example_dags/example_time_delta_sensor_async.py took 0.152 seconds
[2024-09-29T08:39:24.660-0500] {processor.py:186} INFO - Started process (PID=31118) to work on /home/d-salamanca/airflow-env/lib/python3.12/site-packages/airflow/example_dags/example_time_delta_sensor_async.py
[2024-09-29T08:39:24.662-0500] {processor.py:914} INFO - Processing file /home/d-salamanca/airflow-env/lib/python3.12/site-packages/airflow/example_dags/example_time_delta_sensor_async.py for tasks to queue
[2024-09-29T08:39:24.665-0500] {logging_mixin.py:190} INFO - [2024-09-29T08:39:24.664-0500] {dagbag.py:588} INFO - Filling up the DagBag from /home/d-salamanca/airflow-env/lib/python3.12/site-packages/airflow/example_dags/example_time_delta_sensor_async.py
[2024-09-29T08:39:24.691-0500] {processor.py:925} INFO - DAG(s) 'example_time_delta_sensor_async' retrieved from /home/d-salamanca/airflow-env/lib/python3.12/site-packages/airflow/example_dags/example_time_delta_sensor_async.py
[2024-09-29T08:39:24.709-0500] {logging_mixin.py:190} INFO - [2024-09-29T08:39:24.709-0500] {dag.py:3239} INFO - Sync 1 DAGs
[2024-09-29T08:39:24.723-0500] {logging_mixin.py:190} INFO - [2024-09-29T08:39:24.723-0500] {dag.py:4180} INFO - Setting next_dagrun for example_time_delta_sensor_async to None, run_after=None
[2024-09-29T08:39:24.766-0500] {processor.py:208} INFO - Processing /home/d-salamanca/airflow-env/lib/python3.12/site-packages/airflow/example_dags/example_time_delta_sensor_async.py took 0.116 seconds
[2024-09-29T08:41:01.062-0500] {processor.py:186} INFO - Started process (PID=31195) to work on /home/d-salamanca/airflow-env/lib/python3.12/site-packages/airflow/example_dags/example_time_delta_sensor_async.py
[2024-09-29T08:41:01.064-0500] {processor.py:914} INFO - Processing file /home/d-salamanca/airflow-env/lib/python3.12/site-packages/airflow/example_dags/example_time_delta_sensor_async.py for tasks to queue
[2024-09-29T08:41:01.067-0500] {logging_mixin.py:190} INFO - [2024-09-29T08:41:01.066-0500] {dagbag.py:588} INFO - Filling up the DagBag from /home/d-salamanca/airflow-env/lib/python3.12/site-packages/airflow/example_dags/example_time_delta_sensor_async.py
[2024-09-29T08:41:01.075-0500] {processor.py:925} INFO - DAG(s) 'example_time_delta_sensor_async' retrieved from /home/d-salamanca/airflow-env/lib/python3.12/site-packages/airflow/example_dags/example_time_delta_sensor_async.py
[2024-09-29T08:41:01.094-0500] {logging_mixin.py:190} INFO - [2024-09-29T08:41:01.093-0500] {dag.py:3239} INFO - Sync 1 DAGs
[2024-09-29T08:41:01.108-0500] {logging_mixin.py:190} INFO - [2024-09-29T08:41:01.108-0500] {dag.py:4180} INFO - Setting next_dagrun for example_time_delta_sensor_async to None, run_after=None
[2024-09-29T08:41:01.163-0500] {processor.py:208} INFO - Processing /home/d-salamanca/airflow-env/lib/python3.12/site-packages/airflow/example_dags/example_time_delta_sensor_async.py took 0.108 seconds
[2024-09-29T08:42:31.380-0500] {processor.py:186} INFO - Started process (PID=31268) to work on /home/d-salamanca/airflow-env/lib/python3.12/site-packages/airflow/example_dags/example_time_delta_sensor_async.py
[2024-09-29T08:42:31.381-0500] {processor.py:914} INFO - Processing file /home/d-salamanca/airflow-env/lib/python3.12/site-packages/airflow/example_dags/example_time_delta_sensor_async.py for tasks to queue
[2024-09-29T08:42:31.385-0500] {logging_mixin.py:190} INFO - [2024-09-29T08:42:31.384-0500] {dagbag.py:588} INFO - Filling up the DagBag from /home/d-salamanca/airflow-env/lib/python3.12/site-packages/airflow/example_dags/example_time_delta_sensor_async.py
[2024-09-29T08:42:31.394-0500] {processor.py:925} INFO - DAG(s) 'example_time_delta_sensor_async' retrieved from /home/d-salamanca/airflow-env/lib/python3.12/site-packages/airflow/example_dags/example_time_delta_sensor_async.py
[2024-09-29T08:42:31.412-0500] {logging_mixin.py:190} INFO - [2024-09-29T08:42:31.412-0500] {dag.py:3239} INFO - Sync 1 DAGs
[2024-09-29T08:42:31.427-0500] {logging_mixin.py:190} INFO - [2024-09-29T08:42:31.427-0500] {dag.py:4180} INFO - Setting next_dagrun for example_time_delta_sensor_async to None, run_after=None
[2024-09-29T08:42:31.468-0500] {processor.py:208} INFO - Processing /home/d-salamanca/airflow-env/lib/python3.12/site-packages/airflow/example_dags/example_time_delta_sensor_async.py took 0.096 seconds
[2024-09-29T08:44:00.363-0500] {processor.py:186} INFO - Started process (PID=31338) to work on /home/d-salamanca/airflow-env/lib/python3.12/site-packages/airflow/example_dags/example_time_delta_sensor_async.py
[2024-09-29T08:44:00.391-0500] {processor.py:914} INFO - Processing file /home/d-salamanca/airflow-env/lib/python3.12/site-packages/airflow/example_dags/example_time_delta_sensor_async.py for tasks to queue
[2024-09-29T08:44:00.396-0500] {logging_mixin.py:190} INFO - [2024-09-29T08:44:00.395-0500] {dagbag.py:588} INFO - Filling up the DagBag from /home/d-salamanca/airflow-env/lib/python3.12/site-packages/airflow/example_dags/example_time_delta_sensor_async.py
[2024-09-29T08:44:00.408-0500] {processor.py:925} INFO - DAG(s) 'example_time_delta_sensor_async' retrieved from /home/d-salamanca/airflow-env/lib/python3.12/site-packages/airflow/example_dags/example_time_delta_sensor_async.py
[2024-09-29T08:44:00.428-0500] {logging_mixin.py:190} INFO - [2024-09-29T08:44:00.427-0500] {dag.py:3239} INFO - Sync 1 DAGs
[2024-09-29T08:44:00.443-0500] {logging_mixin.py:190} INFO - [2024-09-29T08:44:00.442-0500] {dag.py:4180} INFO - Setting next_dagrun for example_time_delta_sensor_async to None, run_after=None
[2024-09-29T08:44:00.507-0500] {processor.py:208} INFO - Processing /home/d-salamanca/airflow-env/lib/python3.12/site-packages/airflow/example_dags/example_time_delta_sensor_async.py took 0.152 seconds
[2024-09-29T08:45:23.376-0500] {processor.py:186} INFO - Started process (PID=31422) to work on /home/d-salamanca/airflow-env/lib/python3.12/site-packages/airflow/example_dags/example_time_delta_sensor_async.py
[2024-09-29T08:45:23.414-0500] {processor.py:914} INFO - Processing file /home/d-salamanca/airflow-env/lib/python3.12/site-packages/airflow/example_dags/example_time_delta_sensor_async.py for tasks to queue
[2024-09-29T08:45:23.420-0500] {logging_mixin.py:190} INFO - [2024-09-29T08:45:23.419-0500] {dagbag.py:588} INFO - Filling up the DagBag from /home/d-salamanca/airflow-env/lib/python3.12/site-packages/airflow/example_dags/example_time_delta_sensor_async.py
[2024-09-29T08:45:23.434-0500] {processor.py:925} INFO - DAG(s) 'example_time_delta_sensor_async' retrieved from /home/d-salamanca/airflow-env/lib/python3.12/site-packages/airflow/example_dags/example_time_delta_sensor_async.py
[2024-09-29T08:45:23.453-0500] {logging_mixin.py:190} INFO - [2024-09-29T08:45:23.453-0500] {dag.py:3239} INFO - Sync 1 DAGs
[2024-09-29T08:45:23.469-0500] {logging_mixin.py:190} INFO - [2024-09-29T08:45:23.469-0500] {dag.py:4180} INFO - Setting next_dagrun for example_time_delta_sensor_async to None, run_after=None
[2024-09-29T08:45:23.502-0500] {processor.py:208} INFO - Processing /home/d-salamanca/airflow-env/lib/python3.12/site-packages/airflow/example_dags/example_time_delta_sensor_async.py took 0.134 seconds
[2024-09-29T08:47:23.946-0500] {processor.py:186} INFO - Started process (PID=31494) to work on /home/d-salamanca/airflow-env/lib/python3.12/site-packages/airflow/example_dags/example_time_delta_sensor_async.py
[2024-09-29T08:47:23.970-0500] {processor.py:914} INFO - Processing file /home/d-salamanca/airflow-env/lib/python3.12/site-packages/airflow/example_dags/example_time_delta_sensor_async.py for tasks to queue
[2024-09-29T08:47:23.974-0500] {logging_mixin.py:190} INFO - [2024-09-29T08:47:23.974-0500] {dagbag.py:588} INFO - Filling up the DagBag from /home/d-salamanca/airflow-env/lib/python3.12/site-packages/airflow/example_dags/example_time_delta_sensor_async.py
[2024-09-29T08:47:23.983-0500] {processor.py:925} INFO - DAG(s) 'example_time_delta_sensor_async' retrieved from /home/d-salamanca/airflow-env/lib/python3.12/site-packages/airflow/example_dags/example_time_delta_sensor_async.py
[2024-09-29T08:47:24.001-0500] {logging_mixin.py:190} INFO - [2024-09-29T08:47:24.001-0500] {dag.py:3239} INFO - Sync 1 DAGs
[2024-09-29T08:47:24.015-0500] {logging_mixin.py:190} INFO - [2024-09-29T08:47:24.015-0500] {dag.py:4180} INFO - Setting next_dagrun for example_time_delta_sensor_async to None, run_after=None
[2024-09-29T08:47:24.057-0500] {processor.py:208} INFO - Processing /home/d-salamanca/airflow-env/lib/python3.12/site-packages/airflow/example_dags/example_time_delta_sensor_async.py took 0.117 seconds
[2024-09-29T08:48:48.583-0500] {processor.py:186} INFO - Started process (PID=31582) to work on /home/d-salamanca/airflow-env/lib/python3.12/site-packages/airflow/example_dags/example_time_delta_sensor_async.py
[2024-09-29T08:48:48.600-0500] {processor.py:914} INFO - Processing file /home/d-salamanca/airflow-env/lib/python3.12/site-packages/airflow/example_dags/example_time_delta_sensor_async.py for tasks to queue
[2024-09-29T08:48:48.603-0500] {logging_mixin.py:190} INFO - [2024-09-29T08:48:48.603-0500] {dagbag.py:588} INFO - Filling up the DagBag from /home/d-salamanca/airflow-env/lib/python3.12/site-packages/airflow/example_dags/example_time_delta_sensor_async.py
[2024-09-29T08:48:48.614-0500] {processor.py:925} INFO - DAG(s) 'example_time_delta_sensor_async' retrieved from /home/d-salamanca/airflow-env/lib/python3.12/site-packages/airflow/example_dags/example_time_delta_sensor_async.py
[2024-09-29T08:48:48.634-0500] {logging_mixin.py:190} INFO - [2024-09-29T08:48:48.634-0500] {dag.py:3239} INFO - Sync 1 DAGs
[2024-09-29T08:48:48.650-0500] {logging_mixin.py:190} INFO - [2024-09-29T08:48:48.650-0500] {dag.py:4180} INFO - Setting next_dagrun for example_time_delta_sensor_async to None, run_after=None
[2024-09-29T08:48:48.711-0500] {processor.py:208} INFO - Processing /home/d-salamanca/airflow-env/lib/python3.12/site-packages/airflow/example_dags/example_time_delta_sensor_async.py took 0.135 seconds
[2024-09-29T08:50:17.236-0500] {processor.py:186} INFO - Started process (PID=31670) to work on /home/d-salamanca/airflow-env/lib/python3.12/site-packages/airflow/example_dags/example_time_delta_sensor_async.py
[2024-09-29T08:50:17.381-0500] {processor.py:914} INFO - Processing file /home/d-salamanca/airflow-env/lib/python3.12/site-packages/airflow/example_dags/example_time_delta_sensor_async.py for tasks to queue
[2024-09-29T08:50:17.389-0500] {logging_mixin.py:190} INFO - [2024-09-29T08:50:17.388-0500] {dagbag.py:588} INFO - Filling up the DagBag from /home/d-salamanca/airflow-env/lib/python3.12/site-packages/airflow/example_dags/example_time_delta_sensor_async.py
[2024-09-29T08:50:17.400-0500] {processor.py:925} INFO - DAG(s) 'example_time_delta_sensor_async' retrieved from /home/d-salamanca/airflow-env/lib/python3.12/site-packages/airflow/example_dags/example_time_delta_sensor_async.py
[2024-09-29T08:50:17.418-0500] {logging_mixin.py:190} INFO - [2024-09-29T08:50:17.417-0500] {dag.py:3239} INFO - Sync 1 DAGs
[2024-09-29T08:50:17.432-0500] {logging_mixin.py:190} INFO - [2024-09-29T08:50:17.432-0500] {dag.py:4180} INFO - Setting next_dagrun for example_time_delta_sensor_async to None, run_after=None
[2024-09-29T08:50:17.470-0500] {processor.py:208} INFO - Processing /home/d-salamanca/airflow-env/lib/python3.12/site-packages/airflow/example_dags/example_time_delta_sensor_async.py took 0.241 seconds
[2024-09-29T08:52:40.130-0500] {processor.py:186} INFO - Started process (PID=31956) to work on /home/d-salamanca/airflow-env/lib/python3.12/site-packages/airflow/example_dags/example_time_delta_sensor_async.py
[2024-09-29T08:52:40.161-0500] {processor.py:914} INFO - Processing file /home/d-salamanca/airflow-env/lib/python3.12/site-packages/airflow/example_dags/example_time_delta_sensor_async.py for tasks to queue
[2024-09-29T08:52:40.167-0500] {logging_mixin.py:190} INFO - [2024-09-29T08:52:40.167-0500] {dagbag.py:588} INFO - Filling up the DagBag from /home/d-salamanca/airflow-env/lib/python3.12/site-packages/airflow/example_dags/example_time_delta_sensor_async.py
[2024-09-29T08:52:40.208-0500] {processor.py:925} INFO - DAG(s) 'example_time_delta_sensor_async' retrieved from /home/d-salamanca/airflow-env/lib/python3.12/site-packages/airflow/example_dags/example_time_delta_sensor_async.py
[2024-09-29T08:52:40.235-0500] {logging_mixin.py:190} INFO - [2024-09-29T08:52:40.235-0500] {dag.py:3239} INFO - Sync 1 DAGs
[2024-09-29T08:52:40.249-0500] {logging_mixin.py:190} INFO - [2024-09-29T08:52:40.249-0500] {dag.py:4180} INFO - Setting next_dagrun for example_time_delta_sensor_async to None, run_after=None
[2024-09-29T08:52:40.307-0500] {processor.py:208} INFO - Processing /home/d-salamanca/airflow-env/lib/python3.12/site-packages/airflow/example_dags/example_time_delta_sensor_async.py took 0.185 seconds
[2024-09-29T08:53:48.123-0500] {processor.py:186} INFO - Started process (PID=32010) to work on /home/d-salamanca/airflow-env/lib/python3.12/site-packages/airflow/example_dags/example_time_delta_sensor_async.py
[2024-09-29T08:53:48.143-0500] {processor.py:914} INFO - Processing file /home/d-salamanca/airflow-env/lib/python3.12/site-packages/airflow/example_dags/example_time_delta_sensor_async.py for tasks to queue
[2024-09-29T08:53:48.147-0500] {logging_mixin.py:190} INFO - [2024-09-29T08:53:48.147-0500] {dagbag.py:588} INFO - Filling up the DagBag from /home/d-salamanca/airflow-env/lib/python3.12/site-packages/airflow/example_dags/example_time_delta_sensor_async.py
[2024-09-29T08:53:48.182-0500] {processor.py:925} INFO - DAG(s) 'example_time_delta_sensor_async' retrieved from /home/d-salamanca/airflow-env/lib/python3.12/site-packages/airflow/example_dags/example_time_delta_sensor_async.py
[2024-09-29T08:53:48.205-0500] {logging_mixin.py:190} INFO - [2024-09-29T08:53:48.204-0500] {dag.py:3239} INFO - Sync 1 DAGs
[2024-09-29T08:53:48.219-0500] {logging_mixin.py:190} INFO - [2024-09-29T08:53:48.218-0500] {dag.py:4180} INFO - Setting next_dagrun for example_time_delta_sensor_async to None, run_after=None
[2024-09-29T08:53:48.259-0500] {processor.py:208} INFO - Processing /home/d-salamanca/airflow-env/lib/python3.12/site-packages/airflow/example_dags/example_time_delta_sensor_async.py took 0.144 seconds
[2024-09-29T08:54:35.446-0500] {processor.py:186} INFO - Started process (PID=32046) to work on /home/d-salamanca/airflow-env/lib/python3.12/site-packages/airflow/example_dags/example_time_delta_sensor_async.py
[2024-09-29T08:54:35.447-0500] {processor.py:914} INFO - Processing file /home/d-salamanca/airflow-env/lib/python3.12/site-packages/airflow/example_dags/example_time_delta_sensor_async.py for tasks to queue
[2024-09-29T08:54:35.450-0500] {logging_mixin.py:190} INFO - [2024-09-29T08:54:35.450-0500] {dagbag.py:588} INFO - Filling up the DagBag from /home/d-salamanca/airflow-env/lib/python3.12/site-packages/airflow/example_dags/example_time_delta_sensor_async.py
[2024-09-29T08:54:35.458-0500] {processor.py:925} INFO - DAG(s) 'example_time_delta_sensor_async' retrieved from /home/d-salamanca/airflow-env/lib/python3.12/site-packages/airflow/example_dags/example_time_delta_sensor_async.py
[2024-09-29T08:54:35.476-0500] {logging_mixin.py:190} INFO - [2024-09-29T08:54:35.476-0500] {dag.py:3239} INFO - Sync 1 DAGs
[2024-09-29T08:54:35.490-0500] {logging_mixin.py:190} INFO - [2024-09-29T08:54:35.490-0500] {dag.py:4180} INFO - Setting next_dagrun for example_time_delta_sensor_async to None, run_after=None
[2024-09-29T08:54:35.538-0500] {processor.py:208} INFO - Processing /home/d-salamanca/airflow-env/lib/python3.12/site-packages/airflow/example_dags/example_time_delta_sensor_async.py took 0.100 seconds
[2024-09-29T08:55:22.549-0500] {processor.py:186} INFO - Started process (PID=32088) to work on /home/d-salamanca/airflow-env/lib/python3.12/site-packages/airflow/example_dags/example_time_delta_sensor_async.py
[2024-09-29T08:55:22.681-0500] {processor.py:914} INFO - Processing file /home/d-salamanca/airflow-env/lib/python3.12/site-packages/airflow/example_dags/example_time_delta_sensor_async.py for tasks to queue
[2024-09-29T08:55:22.689-0500] {logging_mixin.py:190} INFO - [2024-09-29T08:55:22.688-0500] {dagbag.py:588} INFO - Filling up the DagBag from /home/d-salamanca/airflow-env/lib/python3.12/site-packages/airflow/example_dags/example_time_delta_sensor_async.py
[2024-09-29T08:55:22.698-0500] {processor.py:925} INFO - DAG(s) 'example_time_delta_sensor_async' retrieved from /home/d-salamanca/airflow-env/lib/python3.12/site-packages/airflow/example_dags/example_time_delta_sensor_async.py
[2024-09-29T08:55:22.715-0500] {logging_mixin.py:190} INFO - [2024-09-29T08:55:22.715-0500] {dag.py:3239} INFO - Sync 1 DAGs
[2024-09-29T08:55:22.730-0500] {logging_mixin.py:190} INFO - [2024-09-29T08:55:22.729-0500] {dag.py:4180} INFO - Setting next_dagrun for example_time_delta_sensor_async to None, run_after=None
[2024-09-29T08:55:22.790-0500] {processor.py:208} INFO - Processing /home/d-salamanca/airflow-env/lib/python3.12/site-packages/airflow/example_dags/example_time_delta_sensor_async.py took 0.248 seconds
[2024-09-29T08:57:07.815-0500] {processor.py:186} INFO - Started process (PID=32164) to work on /home/d-salamanca/airflow-env/lib/python3.12/site-packages/airflow/example_dags/example_time_delta_sensor_async.py
[2024-09-29T08:57:07.828-0500] {processor.py:914} INFO - Processing file /home/d-salamanca/airflow-env/lib/python3.12/site-packages/airflow/example_dags/example_time_delta_sensor_async.py for tasks to queue
[2024-09-29T08:57:07.836-0500] {logging_mixin.py:190} INFO - [2024-09-29T08:57:07.835-0500] {dagbag.py:588} INFO - Filling up the DagBag from /home/d-salamanca/airflow-env/lib/python3.12/site-packages/airflow/example_dags/example_time_delta_sensor_async.py
[2024-09-29T08:57:07.917-0500] {processor.py:925} INFO - DAG(s) 'example_time_delta_sensor_async' retrieved from /home/d-salamanca/airflow-env/lib/python3.12/site-packages/airflow/example_dags/example_time_delta_sensor_async.py
[2024-09-29T08:57:07.935-0500] {logging_mixin.py:190} INFO - [2024-09-29T08:57:07.934-0500] {dag.py:3239} INFO - Sync 1 DAGs
[2024-09-29T08:57:07.949-0500] {logging_mixin.py:190} INFO - [2024-09-29T08:57:07.949-0500] {dag.py:4180} INFO - Setting next_dagrun for example_time_delta_sensor_async to None, run_after=None
[2024-09-29T08:57:08.054-0500] {processor.py:208} INFO - Processing /home/d-salamanca/airflow-env/lib/python3.12/site-packages/airflow/example_dags/example_time_delta_sensor_async.py took 0.246 seconds
[2024-09-29T08:58:05.264-0500] {processor.py:186} INFO - Started process (PID=32205) to work on /home/d-salamanca/airflow-env/lib/python3.12/site-packages/airflow/example_dags/example_time_delta_sensor_async.py
[2024-09-29T08:58:05.265-0500] {processor.py:914} INFO - Processing file /home/d-salamanca/airflow-env/lib/python3.12/site-packages/airflow/example_dags/example_time_delta_sensor_async.py for tasks to queue
[2024-09-29T08:58:05.270-0500] {logging_mixin.py:190} INFO - [2024-09-29T08:58:05.269-0500] {dagbag.py:588} INFO - Filling up the DagBag from /home/d-salamanca/airflow-env/lib/python3.12/site-packages/airflow/example_dags/example_time_delta_sensor_async.py
[2024-09-29T08:58:05.279-0500] {processor.py:925} INFO - DAG(s) 'example_time_delta_sensor_async' retrieved from /home/d-salamanca/airflow-env/lib/python3.12/site-packages/airflow/example_dags/example_time_delta_sensor_async.py
[2024-09-29T08:58:05.298-0500] {logging_mixin.py:190} INFO - [2024-09-29T08:58:05.298-0500] {dag.py:3239} INFO - Sync 1 DAGs
[2024-09-29T08:58:05.313-0500] {logging_mixin.py:190} INFO - [2024-09-29T08:58:05.313-0500] {dag.py:4180} INFO - Setting next_dagrun for example_time_delta_sensor_async to None, run_after=None
[2024-09-29T08:58:05.428-0500] {processor.py:208} INFO - Processing /home/d-salamanca/airflow-env/lib/python3.12/site-packages/airflow/example_dags/example_time_delta_sensor_async.py took 0.173 seconds
[2024-09-29T08:59:50.907-0500] {processor.py:186} INFO - Started process (PID=32451) to work on /home/d-salamanca/airflow-env/lib/python3.12/site-packages/airflow/example_dags/example_time_delta_sensor_async.py
[2024-09-29T08:59:50.985-0500] {processor.py:914} INFO - Processing file /home/d-salamanca/airflow-env/lib/python3.12/site-packages/airflow/example_dags/example_time_delta_sensor_async.py for tasks to queue
[2024-09-29T08:59:50.990-0500] {logging_mixin.py:190} INFO - [2024-09-29T08:59:50.990-0500] {dagbag.py:588} INFO - Filling up the DagBag from /home/d-salamanca/airflow-env/lib/python3.12/site-packages/airflow/example_dags/example_time_delta_sensor_async.py
[2024-09-29T08:59:51.021-0500] {processor.py:925} INFO - DAG(s) 'example_time_delta_sensor_async' retrieved from /home/d-salamanca/airflow-env/lib/python3.12/site-packages/airflow/example_dags/example_time_delta_sensor_async.py
[2024-09-29T08:59:51.040-0500] {logging_mixin.py:190} INFO - [2024-09-29T08:59:51.040-0500] {dag.py:3239} INFO - Sync 1 DAGs
[2024-09-29T08:59:51.056-0500] {logging_mixin.py:190} INFO - [2024-09-29T08:59:51.055-0500] {dag.py:4180} INFO - Setting next_dagrun for example_time_delta_sensor_async to None, run_after=None
[2024-09-29T08:59:51.115-0500] {processor.py:208} INFO - Processing /home/d-salamanca/airflow-env/lib/python3.12/site-packages/airflow/example_dags/example_time_delta_sensor_async.py took 0.217 seconds
[2024-09-29T09:00:49.478-0500] {processor.py:186} INFO - Started process (PID=32546) to work on /home/d-salamanca/airflow-env/lib/python3.12/site-packages/airflow/example_dags/example_time_delta_sensor_async.py
[2024-09-29T09:00:49.479-0500] {processor.py:914} INFO - Processing file /home/d-salamanca/airflow-env/lib/python3.12/site-packages/airflow/example_dags/example_time_delta_sensor_async.py for tasks to queue
[2024-09-29T09:00:49.483-0500] {logging_mixin.py:190} INFO - [2024-09-29T09:00:49.482-0500] {dagbag.py:588} INFO - Filling up the DagBag from /home/d-salamanca/airflow-env/lib/python3.12/site-packages/airflow/example_dags/example_time_delta_sensor_async.py
[2024-09-29T09:00:49.524-0500] {processor.py:925} INFO - DAG(s) 'example_time_delta_sensor_async' retrieved from /home/d-salamanca/airflow-env/lib/python3.12/site-packages/airflow/example_dags/example_time_delta_sensor_async.py
[2024-09-29T09:00:49.546-0500] {logging_mixin.py:190} INFO - [2024-09-29T09:00:49.545-0500] {dag.py:3239} INFO - Sync 1 DAGs
[2024-09-29T09:00:49.562-0500] {logging_mixin.py:190} INFO - [2024-09-29T09:00:49.561-0500] {dag.py:4180} INFO - Setting next_dagrun for example_time_delta_sensor_async to None, run_after=None
[2024-09-29T09:00:49.602-0500] {processor.py:208} INFO - Processing /home/d-salamanca/airflow-env/lib/python3.12/site-packages/airflow/example_dags/example_time_delta_sensor_async.py took 0.137 seconds
[2024-09-29T09:01:43.122-0500] {processor.py:186} INFO - Started process (PID=32585) to work on /home/d-salamanca/airflow-env/lib/python3.12/site-packages/airflow/example_dags/example_time_delta_sensor_async.py
[2024-09-29T09:01:43.124-0500] {processor.py:914} INFO - Processing file /home/d-salamanca/airflow-env/lib/python3.12/site-packages/airflow/example_dags/example_time_delta_sensor_async.py for tasks to queue
[2024-09-29T09:01:43.127-0500] {logging_mixin.py:190} INFO - [2024-09-29T09:01:43.127-0500] {dagbag.py:588} INFO - Filling up the DagBag from /home/d-salamanca/airflow-env/lib/python3.12/site-packages/airflow/example_dags/example_time_delta_sensor_async.py
[2024-09-29T09:01:43.135-0500] {processor.py:925} INFO - DAG(s) 'example_time_delta_sensor_async' retrieved from /home/d-salamanca/airflow-env/lib/python3.12/site-packages/airflow/example_dags/example_time_delta_sensor_async.py
[2024-09-29T09:01:43.153-0500] {logging_mixin.py:190} INFO - [2024-09-29T09:01:43.153-0500] {dag.py:3239} INFO - Sync 1 DAGs
[2024-09-29T09:01:43.166-0500] {logging_mixin.py:190} INFO - [2024-09-29T09:01:43.166-0500] {dag.py:4180} INFO - Setting next_dagrun for example_time_delta_sensor_async to None, run_after=None
[2024-09-29T09:01:43.226-0500] {processor.py:208} INFO - Processing /home/d-salamanca/airflow-env/lib/python3.12/site-packages/airflow/example_dags/example_time_delta_sensor_async.py took 0.110 seconds
[2024-09-29T09:02:33.464-0500] {processor.py:186} INFO - Started process (PID=32625) to work on /home/d-salamanca/airflow-env/lib/python3.12/site-packages/airflow/example_dags/example_time_delta_sensor_async.py
[2024-09-29T09:02:33.466-0500] {processor.py:914} INFO - Processing file /home/d-salamanca/airflow-env/lib/python3.12/site-packages/airflow/example_dags/example_time_delta_sensor_async.py for tasks to queue
[2024-09-29T09:02:33.471-0500] {logging_mixin.py:190} INFO - [2024-09-29T09:02:33.470-0500] {dagbag.py:588} INFO - Filling up the DagBag from /home/d-salamanca/airflow-env/lib/python3.12/site-packages/airflow/example_dags/example_time_delta_sensor_async.py
[2024-09-29T09:02:33.481-0500] {processor.py:925} INFO - DAG(s) 'example_time_delta_sensor_async' retrieved from /home/d-salamanca/airflow-env/lib/python3.12/site-packages/airflow/example_dags/example_time_delta_sensor_async.py
[2024-09-29T09:02:33.498-0500] {logging_mixin.py:190} INFO - [2024-09-29T09:02:33.498-0500] {dag.py:3239} INFO - Sync 1 DAGs
[2024-09-29T09:02:33.512-0500] {logging_mixin.py:190} INFO - [2024-09-29T09:02:33.512-0500] {dag.py:4180} INFO - Setting next_dagrun for example_time_delta_sensor_async to None, run_after=None
[2024-09-29T09:02:33.546-0500] {processor.py:208} INFO - Processing /home/d-salamanca/airflow-env/lib/python3.12/site-packages/airflow/example_dags/example_time_delta_sensor_async.py took 0.090 seconds
[2024-09-29T09:03:52.485-0500] {processor.py:186} INFO - Started process (PID=32695) to work on /home/d-salamanca/airflow-env/lib/python3.12/site-packages/airflow/example_dags/example_time_delta_sensor_async.py
[2024-09-29T09:03:52.486-0500] {processor.py:914} INFO - Processing file /home/d-salamanca/airflow-env/lib/python3.12/site-packages/airflow/example_dags/example_time_delta_sensor_async.py for tasks to queue
[2024-09-29T09:03:52.488-0500] {logging_mixin.py:190} INFO - [2024-09-29T09:03:52.488-0500] {dagbag.py:588} INFO - Filling up the DagBag from /home/d-salamanca/airflow-env/lib/python3.12/site-packages/airflow/example_dags/example_time_delta_sensor_async.py
[2024-09-29T09:03:52.497-0500] {processor.py:925} INFO - DAG(s) 'example_time_delta_sensor_async' retrieved from /home/d-salamanca/airflow-env/lib/python3.12/site-packages/airflow/example_dags/example_time_delta_sensor_async.py
[2024-09-29T09:03:52.515-0500] {logging_mixin.py:190} INFO - [2024-09-29T09:03:52.515-0500] {dag.py:3239} INFO - Sync 1 DAGs
[2024-09-29T09:03:52.529-0500] {logging_mixin.py:190} INFO - [2024-09-29T09:03:52.529-0500] {dag.py:4180} INFO - Setting next_dagrun for example_time_delta_sensor_async to None, run_after=None
[2024-09-29T09:03:52.573-0500] {processor.py:208} INFO - Processing /home/d-salamanca/airflow-env/lib/python3.12/site-packages/airflow/example_dags/example_time_delta_sensor_async.py took 0.096 seconds
[2024-09-29T09:04:48.265-0500] {processor.py:186} INFO - Started process (PID=32835) to work on /home/d-salamanca/airflow-env/lib/python3.12/site-packages/airflow/example_dags/example_time_delta_sensor_async.py
[2024-09-29T09:04:48.267-0500] {processor.py:914} INFO - Processing file /home/d-salamanca/airflow-env/lib/python3.12/site-packages/airflow/example_dags/example_time_delta_sensor_async.py for tasks to queue
[2024-09-29T09:04:48.273-0500] {logging_mixin.py:190} INFO - [2024-09-29T09:04:48.271-0500] {dagbag.py:588} INFO - Filling up the DagBag from /home/d-salamanca/airflow-env/lib/python3.12/site-packages/airflow/example_dags/example_time_delta_sensor_async.py
[2024-09-29T09:04:48.727-0500] {processor.py:925} INFO - DAG(s) 'example_time_delta_sensor_async' retrieved from /home/d-salamanca/airflow-env/lib/python3.12/site-packages/airflow/example_dags/example_time_delta_sensor_async.py
[2024-09-29T09:04:49.035-0500] {logging_mixin.py:190} INFO - [2024-09-29T09:04:49.035-0500] {dag.py:3239} INFO - Sync 1 DAGs
[2024-09-29T09:04:49.117-0500] {logging_mixin.py:190} INFO - [2024-09-29T09:04:49.117-0500] {dag.py:4180} INFO - Setting next_dagrun for example_time_delta_sensor_async to None, run_after=None
[2024-09-29T09:04:50.026-0500] {processor.py:208} INFO - Processing /home/d-salamanca/airflow-env/lib/python3.12/site-packages/airflow/example_dags/example_time_delta_sensor_async.py took 2.121 seconds
[2024-09-29T09:05:54.571-0500] {processor.py:186} INFO - Started process (PID=33047) to work on /home/d-salamanca/airflow-env/lib/python3.12/site-packages/airflow/example_dags/example_time_delta_sensor_async.py
[2024-09-29T09:05:54.572-0500] {processor.py:914} INFO - Processing file /home/d-salamanca/airflow-env/lib/python3.12/site-packages/airflow/example_dags/example_time_delta_sensor_async.py for tasks to queue
[2024-09-29T09:05:54.576-0500] {logging_mixin.py:190} INFO - [2024-09-29T09:05:54.575-0500] {dagbag.py:588} INFO - Filling up the DagBag from /home/d-salamanca/airflow-env/lib/python3.12/site-packages/airflow/example_dags/example_time_delta_sensor_async.py
[2024-09-29T09:05:54.713-0500] {processor.py:925} INFO - DAG(s) 'example_time_delta_sensor_async' retrieved from /home/d-salamanca/airflow-env/lib/python3.12/site-packages/airflow/example_dags/example_time_delta_sensor_async.py
[2024-09-29T09:05:54.933-0500] {logging_mixin.py:190} INFO - [2024-09-29T09:05:54.933-0500] {dag.py:3239} INFO - Sync 1 DAGs
[2024-09-29T09:05:54.947-0500] {logging_mixin.py:190} INFO - [2024-09-29T09:05:54.946-0500] {dag.py:4180} INFO - Setting next_dagrun for example_time_delta_sensor_async to None, run_after=None
[2024-09-29T09:05:55.021-0500] {processor.py:208} INFO - Processing /home/d-salamanca/airflow-env/lib/python3.12/site-packages/airflow/example_dags/example_time_delta_sensor_async.py took 0.457 seconds
[2024-09-29T09:07:03.779-0500] {processor.py:186} INFO - Started process (PID=33088) to work on /home/d-salamanca/airflow-env/lib/python3.12/site-packages/airflow/example_dags/example_time_delta_sensor_async.py
[2024-09-29T09:07:03.780-0500] {processor.py:914} INFO - Processing file /home/d-salamanca/airflow-env/lib/python3.12/site-packages/airflow/example_dags/example_time_delta_sensor_async.py for tasks to queue
[2024-09-29T09:07:03.784-0500] {logging_mixin.py:190} INFO - [2024-09-29T09:07:03.784-0500] {dagbag.py:588} INFO - Filling up the DagBag from /home/d-salamanca/airflow-env/lib/python3.12/site-packages/airflow/example_dags/example_time_delta_sensor_async.py
[2024-09-29T09:07:03.793-0500] {processor.py:925} INFO - DAG(s) 'example_time_delta_sensor_async' retrieved from /home/d-salamanca/airflow-env/lib/python3.12/site-packages/airflow/example_dags/example_time_delta_sensor_async.py
[2024-09-29T09:07:03.852-0500] {logging_mixin.py:190} INFO - [2024-09-29T09:07:03.851-0500] {dag.py:3239} INFO - Sync 1 DAGs
[2024-09-29T09:07:03.867-0500] {logging_mixin.py:190} INFO - [2024-09-29T09:07:03.867-0500] {dag.py:4180} INFO - Setting next_dagrun for example_time_delta_sensor_async to None, run_after=None
[2024-09-29T09:07:03.915-0500] {processor.py:208} INFO - Processing /home/d-salamanca/airflow-env/lib/python3.12/site-packages/airflow/example_dags/example_time_delta_sensor_async.py took 0.146 seconds
[2024-09-29T09:07:49.234-0500] {processor.py:186} INFO - Started process (PID=33132) to work on /home/d-salamanca/airflow-env/lib/python3.12/site-packages/airflow/example_dags/example_time_delta_sensor_async.py
[2024-09-29T09:07:49.235-0500] {processor.py:914} INFO - Processing file /home/d-salamanca/airflow-env/lib/python3.12/site-packages/airflow/example_dags/example_time_delta_sensor_async.py for tasks to queue
[2024-09-29T09:07:49.238-0500] {logging_mixin.py:190} INFO - [2024-09-29T09:07:49.238-0500] {dagbag.py:588} INFO - Filling up the DagBag from /home/d-salamanca/airflow-env/lib/python3.12/site-packages/airflow/example_dags/example_time_delta_sensor_async.py
[2024-09-29T09:07:49.247-0500] {processor.py:925} INFO - DAG(s) 'example_time_delta_sensor_async' retrieved from /home/d-salamanca/airflow-env/lib/python3.12/site-packages/airflow/example_dags/example_time_delta_sensor_async.py
[2024-09-29T09:07:49.265-0500] {logging_mixin.py:190} INFO - [2024-09-29T09:07:49.264-0500] {dag.py:3239} INFO - Sync 1 DAGs
[2024-09-29T09:07:49.278-0500] {logging_mixin.py:190} INFO - [2024-09-29T09:07:49.278-0500] {dag.py:4180} INFO - Setting next_dagrun for example_time_delta_sensor_async to None, run_after=None
[2024-09-29T09:07:49.320-0500] {processor.py:208} INFO - Processing /home/d-salamanca/airflow-env/lib/python3.12/site-packages/airflow/example_dags/example_time_delta_sensor_async.py took 0.094 seconds
