[2024-09-29T00:19:30.665-0500] {processor.py:186} INFO - Started process (PID=28635) to work on /home/d-salamanca/airflow-env/lib/python3.12/site-packages/airflow/example_dags/example_external_task_marker_dag.py
[2024-09-29T00:19:30.666-0500] {processor.py:914} INFO - Processing file /home/d-salamanca/airflow-env/lib/python3.12/site-packages/airflow/example_dags/example_external_task_marker_dag.py for tasks to queue
[2024-09-29T00:19:30.669-0500] {logging_mixin.py:190} INFO - [2024-09-29T00:19:30.668-0500] {dagbag.py:588} INFO - Filling up the DagBag from /home/d-salamanca/airflow-env/lib/python3.12/site-packages/airflow/example_dags/example_external_task_marker_dag.py
[2024-09-29T00:19:30.705-0500] {processor.py:925} INFO - DAG(s) 'example_external_task_marker_child', 'example_external_task_marker_parent' retrieved from /home/d-salamanca/airflow-env/lib/python3.12/site-packages/airflow/example_dags/example_external_task_marker_dag.py
[2024-09-29T00:19:30.869-0500] {logging_mixin.py:190} INFO - [2024-09-29T00:19:30.867-0500] {override.py:1901} INFO - Created Permission View: can edit on DAG:example_external_task_marker_child
[2024-09-29T00:19:30.902-0500] {logging_mixin.py:190} INFO - [2024-09-29T00:19:30.901-0500] {override.py:1901} INFO - Created Permission View: can read on DAG:example_external_task_marker_child
[2024-09-29T00:19:30.918-0500] {logging_mixin.py:190} INFO - [2024-09-29T00:19:30.917-0500] {override.py:1901} INFO - Created Permission View: can delete on DAG:example_external_task_marker_child
[2024-09-29T00:19:30.939-0500] {logging_mixin.py:190} INFO - [2024-09-29T00:19:30.938-0500] {override.py:1901} INFO - Created Permission View: can create on DAG Run:example_external_task_marker_child
[2024-09-29T00:19:30.952-0500] {logging_mixin.py:190} INFO - [2024-09-29T00:19:30.952-0500] {override.py:1901} INFO - Created Permission View: can read on DAG Run:example_external_task_marker_child
[2024-09-29T00:19:30.973-0500] {logging_mixin.py:190} INFO - [2024-09-29T00:19:30.973-0500] {override.py:1901} INFO - Created Permission View: can delete on DAG Run:example_external_task_marker_child
[2024-09-29T00:19:30.993-0500] {logging_mixin.py:190} INFO - [2024-09-29T00:19:30.992-0500] {override.py:1901} INFO - Created Permission View: menu access on DAG Run:example_external_task_marker_child
[2024-09-29T00:19:31.020-0500] {logging_mixin.py:190} INFO - [2024-09-29T00:19:31.020-0500] {override.py:1901} INFO - Created Permission View: can edit on DAG:example_external_task_marker_parent
[2024-09-29T00:19:31.043-0500] {logging_mixin.py:190} INFO - [2024-09-29T00:19:31.043-0500] {override.py:1901} INFO - Created Permission View: can read on DAG:example_external_task_marker_parent
[2024-09-29T00:19:31.268-0500] {logging_mixin.py:190} INFO - [2024-09-29T00:19:31.267-0500] {override.py:1901} INFO - Created Permission View: can delete on DAG:example_external_task_marker_parent
[2024-09-29T00:19:31.318-0500] {logging_mixin.py:190} INFO - [2024-09-29T00:19:31.318-0500] {override.py:1901} INFO - Created Permission View: can create on DAG Run:example_external_task_marker_parent
[2024-09-29T00:19:31.565-0500] {logging_mixin.py:190} INFO - [2024-09-29T00:19:31.564-0500] {override.py:1901} INFO - Created Permission View: can read on DAG Run:example_external_task_marker_parent
[2024-09-29T00:19:31.589-0500] {logging_mixin.py:190} INFO - [2024-09-29T00:19:31.589-0500] {override.py:1901} INFO - Created Permission View: can delete on DAG Run:example_external_task_marker_parent
[2024-09-29T00:19:31.605-0500] {logging_mixin.py:190} INFO - [2024-09-29T00:19:31.605-0500] {override.py:1901} INFO - Created Permission View: menu access on DAG Run:example_external_task_marker_parent
[2024-09-29T00:19:31.606-0500] {logging_mixin.py:190} INFO - [2024-09-29T00:19:31.605-0500] {dag.py:3239} INFO - Sync 2 DAGs
[2024-09-29T00:19:31.618-0500] {logging_mixin.py:190} INFO - [2024-09-29T00:19:31.618-0500] {dag.py:3262} INFO - Creating ORM DAG for example_external_task_marker_parent
[2024-09-29T00:19:31.619-0500] {logging_mixin.py:190} INFO - [2024-09-29T00:19:31.618-0500] {dag.py:3262} INFO - Creating ORM DAG for example_external_task_marker_child
[2024-09-29T00:19:31.619-0500] {logging_mixin.py:190} INFO - [2024-09-29T00:19:31.619-0500] {dag.py:4180} INFO - Setting next_dagrun for example_external_task_marker_child to None, run_after=None
[2024-09-29T00:19:31.620-0500] {logging_mixin.py:190} INFO - [2024-09-29T00:19:31.620-0500] {dag.py:4180} INFO - Setting next_dagrun for example_external_task_marker_parent to None, run_after=None
[2024-09-29T00:19:31.642-0500] {processor.py:208} INFO - Processing /home/d-salamanca/airflow-env/lib/python3.12/site-packages/airflow/example_dags/example_external_task_marker_dag.py took 0.985 seconds
[2024-09-29T00:20:52.469-0500] {processor.py:186} INFO - Started process (PID=28710) to work on /home/d-salamanca/airflow-env/lib/python3.12/site-packages/airflow/example_dags/example_external_task_marker_dag.py
[2024-09-29T00:20:52.496-0500] {processor.py:914} INFO - Processing file /home/d-salamanca/airflow-env/lib/python3.12/site-packages/airflow/example_dags/example_external_task_marker_dag.py for tasks to queue
[2024-09-29T00:20:52.501-0500] {logging_mixin.py:190} INFO - [2024-09-29T00:20:52.500-0500] {dagbag.py:588} INFO - Filling up the DagBag from /home/d-salamanca/airflow-env/lib/python3.12/site-packages/airflow/example_dags/example_external_task_marker_dag.py
[2024-09-29T00:20:52.524-0500] {processor.py:925} INFO - DAG(s) 'example_external_task_marker_child', 'example_external_task_marker_parent' retrieved from /home/d-salamanca/airflow-env/lib/python3.12/site-packages/airflow/example_dags/example_external_task_marker_dag.py
[2024-09-29T00:20:52.568-0500] {logging_mixin.py:190} INFO - [2024-09-29T00:20:52.568-0500] {dag.py:3239} INFO - Sync 2 DAGs
[2024-09-29T00:20:52.597-0500] {logging_mixin.py:190} INFO - [2024-09-29T00:20:52.596-0500] {dag.py:4180} INFO - Setting next_dagrun for example_external_task_marker_child to None, run_after=None
[2024-09-29T00:20:52.605-0500] {logging_mixin.py:190} INFO - [2024-09-29T00:20:52.604-0500] {dag.py:4180} INFO - Setting next_dagrun for example_external_task_marker_parent to None, run_after=None
[2024-09-29T00:20:52.777-0500] {processor.py:208} INFO - Processing /home/d-salamanca/airflow-env/lib/python3.12/site-packages/airflow/example_dags/example_external_task_marker_dag.py took 0.319 seconds
[2024-09-29T00:22:36.763-0500] {processor.py:186} INFO - Started process (PID=28784) to work on /home/d-salamanca/airflow-env/lib/python3.12/site-packages/airflow/example_dags/example_external_task_marker_dag.py
[2024-09-29T00:22:36.774-0500] {processor.py:914} INFO - Processing file /home/d-salamanca/airflow-env/lib/python3.12/site-packages/airflow/example_dags/example_external_task_marker_dag.py for tasks to queue
[2024-09-29T00:22:36.777-0500] {logging_mixin.py:190} INFO - [2024-09-29T00:22:36.776-0500] {dagbag.py:588} INFO - Filling up the DagBag from /home/d-salamanca/airflow-env/lib/python3.12/site-packages/airflow/example_dags/example_external_task_marker_dag.py
[2024-09-29T00:22:36.792-0500] {processor.py:925} INFO - DAG(s) 'example_external_task_marker_child', 'example_external_task_marker_parent' retrieved from /home/d-salamanca/airflow-env/lib/python3.12/site-packages/airflow/example_dags/example_external_task_marker_dag.py
[2024-09-29T00:22:36.816-0500] {logging_mixin.py:190} INFO - [2024-09-29T00:22:36.816-0500] {dag.py:3239} INFO - Sync 2 DAGs
[2024-09-29T00:22:36.831-0500] {logging_mixin.py:190} INFO - [2024-09-29T00:22:36.830-0500] {dag.py:4180} INFO - Setting next_dagrun for example_external_task_marker_child to None, run_after=None
[2024-09-29T00:22:36.834-0500] {logging_mixin.py:190} INFO - [2024-09-29T00:22:36.834-0500] {dag.py:4180} INFO - Setting next_dagrun for example_external_task_marker_parent to None, run_after=None
[2024-09-29T00:22:36.985-0500] {processor.py:208} INFO - Processing /home/d-salamanca/airflow-env/lib/python3.12/site-packages/airflow/example_dags/example_external_task_marker_dag.py took 0.229 seconds
[2024-09-29T00:24:02.489-0500] {processor.py:186} INFO - Started process (PID=28856) to work on /home/d-salamanca/airflow-env/lib/python3.12/site-packages/airflow/example_dags/example_external_task_marker_dag.py
[2024-09-29T00:24:02.538-0500] {processor.py:914} INFO - Processing file /home/d-salamanca/airflow-env/lib/python3.12/site-packages/airflow/example_dags/example_external_task_marker_dag.py for tasks to queue
[2024-09-29T00:24:02.544-0500] {logging_mixin.py:190} INFO - [2024-09-29T00:24:02.543-0500] {dagbag.py:588} INFO - Filling up the DagBag from /home/d-salamanca/airflow-env/lib/python3.12/site-packages/airflow/example_dags/example_external_task_marker_dag.py
[2024-09-29T00:24:02.560-0500] {processor.py:925} INFO - DAG(s) 'example_external_task_marker_child', 'example_external_task_marker_parent' retrieved from /home/d-salamanca/airflow-env/lib/python3.12/site-packages/airflow/example_dags/example_external_task_marker_dag.py
[2024-09-29T00:24:02.582-0500] {logging_mixin.py:190} INFO - [2024-09-29T00:24:02.582-0500] {dag.py:3239} INFO - Sync 2 DAGs
[2024-09-29T00:24:02.598-0500] {logging_mixin.py:190} INFO - [2024-09-29T00:24:02.598-0500] {dag.py:4180} INFO - Setting next_dagrun for example_external_task_marker_child to None, run_after=None
[2024-09-29T00:24:02.602-0500] {logging_mixin.py:190} INFO - [2024-09-29T00:24:02.602-0500] {dag.py:4180} INFO - Setting next_dagrun for example_external_task_marker_parent to None, run_after=None
[2024-09-29T00:24:02.651-0500] {processor.py:208} INFO - Processing /home/d-salamanca/airflow-env/lib/python3.12/site-packages/airflow/example_dags/example_external_task_marker_dag.py took 0.170 seconds
[2024-09-29T00:25:26.231-0500] {processor.py:186} INFO - Started process (PID=28928) to work on /home/d-salamanca/airflow-env/lib/python3.12/site-packages/airflow/example_dags/example_external_task_marker_dag.py
[2024-09-29T00:25:26.265-0500] {processor.py:914} INFO - Processing file /home/d-salamanca/airflow-env/lib/python3.12/site-packages/airflow/example_dags/example_external_task_marker_dag.py for tasks to queue
[2024-09-29T00:25:26.270-0500] {logging_mixin.py:190} INFO - [2024-09-29T00:25:26.269-0500] {dagbag.py:588} INFO - Filling up the DagBag from /home/d-salamanca/airflow-env/lib/python3.12/site-packages/airflow/example_dags/example_external_task_marker_dag.py
[2024-09-29T00:25:26.281-0500] {processor.py:925} INFO - DAG(s) 'example_external_task_marker_child', 'example_external_task_marker_parent' retrieved from /home/d-salamanca/airflow-env/lib/python3.12/site-packages/airflow/example_dags/example_external_task_marker_dag.py
[2024-09-29T00:25:26.302-0500] {logging_mixin.py:190} INFO - [2024-09-29T00:25:26.301-0500] {dag.py:3239} INFO - Sync 2 DAGs
[2024-09-29T00:25:26.435-0500] {logging_mixin.py:190} INFO - [2024-09-29T00:25:26.434-0500] {dag.py:4180} INFO - Setting next_dagrun for example_external_task_marker_child to None, run_after=None
[2024-09-29T00:25:26.438-0500] {logging_mixin.py:190} INFO - [2024-09-29T00:25:26.438-0500] {dag.py:4180} INFO - Setting next_dagrun for example_external_task_marker_parent to None, run_after=None
[2024-09-29T00:25:26.576-0500] {processor.py:208} INFO - Processing /home/d-salamanca/airflow-env/lib/python3.12/site-packages/airflow/example_dags/example_external_task_marker_dag.py took 0.353 seconds
[2024-09-29T00:27:03.810-0500] {processor.py:186} INFO - Started process (PID=29049) to work on /home/d-salamanca/airflow-env/lib/python3.12/site-packages/airflow/example_dags/example_external_task_marker_dag.py
[2024-09-29T00:27:03.811-0500] {processor.py:914} INFO - Processing file /home/d-salamanca/airflow-env/lib/python3.12/site-packages/airflow/example_dags/example_external_task_marker_dag.py for tasks to queue
[2024-09-29T00:27:03.814-0500] {logging_mixin.py:190} INFO - [2024-09-29T00:27:03.813-0500] {dagbag.py:588} INFO - Filling up the DagBag from /home/d-salamanca/airflow-env/lib/python3.12/site-packages/airflow/example_dags/example_external_task_marker_dag.py
[2024-09-29T00:27:03.823-0500] {processor.py:925} INFO - DAG(s) 'example_external_task_marker_parent', 'example_external_task_marker_child' retrieved from /home/d-salamanca/airflow-env/lib/python3.12/site-packages/airflow/example_dags/example_external_task_marker_dag.py
[2024-09-29T00:27:03.844-0500] {logging_mixin.py:190} INFO - [2024-09-29T00:27:03.844-0500] {dag.py:3239} INFO - Sync 2 DAGs
[2024-09-29T00:27:03.859-0500] {logging_mixin.py:190} INFO - [2024-09-29T00:27:03.859-0500] {dag.py:4180} INFO - Setting next_dagrun for example_external_task_marker_child to None, run_after=None
[2024-09-29T00:27:03.863-0500] {logging_mixin.py:190} INFO - [2024-09-29T00:27:03.863-0500] {dag.py:4180} INFO - Setting next_dagrun for example_external_task_marker_parent to None, run_after=None
[2024-09-29T00:27:03.919-0500] {processor.py:208} INFO - Processing /home/d-salamanca/airflow-env/lib/python3.12/site-packages/airflow/example_dags/example_external_task_marker_dag.py took 0.116 seconds
[2024-09-29T00:28:45.164-0500] {processor.py:186} INFO - Started process (PID=29178) to work on /home/d-salamanca/airflow-env/lib/python3.12/site-packages/airflow/example_dags/example_external_task_marker_dag.py
[2024-09-29T00:28:45.199-0500] {processor.py:914} INFO - Processing file /home/d-salamanca/airflow-env/lib/python3.12/site-packages/airflow/example_dags/example_external_task_marker_dag.py for tasks to queue
[2024-09-29T00:28:45.205-0500] {logging_mixin.py:190} INFO - [2024-09-29T00:28:45.204-0500] {dagbag.py:588} INFO - Filling up the DagBag from /home/d-salamanca/airflow-env/lib/python3.12/site-packages/airflow/example_dags/example_external_task_marker_dag.py
[2024-09-29T00:28:45.223-0500] {processor.py:925} INFO - DAG(s) 'example_external_task_marker_parent', 'example_external_task_marker_child' retrieved from /home/d-salamanca/airflow-env/lib/python3.12/site-packages/airflow/example_dags/example_external_task_marker_dag.py
[2024-09-29T00:28:45.266-0500] {logging_mixin.py:190} INFO - [2024-09-29T00:28:45.266-0500] {dag.py:3239} INFO - Sync 2 DAGs
[2024-09-29T00:28:45.294-0500] {logging_mixin.py:190} INFO - [2024-09-29T00:28:45.293-0500] {dag.py:4180} INFO - Setting next_dagrun for example_external_task_marker_child to None, run_after=None
[2024-09-29T00:28:45.300-0500] {logging_mixin.py:190} INFO - [2024-09-29T00:28:45.300-0500] {dag.py:4180} INFO - Setting next_dagrun for example_external_task_marker_parent to None, run_after=None
[2024-09-29T00:28:45.379-0500] {processor.py:208} INFO - Processing /home/d-salamanca/airflow-env/lib/python3.12/site-packages/airflow/example_dags/example_external_task_marker_dag.py took 0.232 seconds
[2024-09-29T00:31:15.038-0500] {processor.py:186} INFO - Started process (PID=29306) to work on /home/d-salamanca/airflow-env/lib/python3.12/site-packages/airflow/example_dags/example_external_task_marker_dag.py
[2024-09-29T00:31:15.060-0500] {processor.py:914} INFO - Processing file /home/d-salamanca/airflow-env/lib/python3.12/site-packages/airflow/example_dags/example_external_task_marker_dag.py for tasks to queue
[2024-09-29T00:31:15.066-0500] {logging_mixin.py:190} INFO - [2024-09-29T00:31:15.065-0500] {dagbag.py:588} INFO - Filling up the DagBag from /home/d-salamanca/airflow-env/lib/python3.12/site-packages/airflow/example_dags/example_external_task_marker_dag.py
[2024-09-29T00:31:15.081-0500] {processor.py:925} INFO - DAG(s) 'example_external_task_marker_child', 'example_external_task_marker_parent' retrieved from /home/d-salamanca/airflow-env/lib/python3.12/site-packages/airflow/example_dags/example_external_task_marker_dag.py
[2024-09-29T00:31:15.102-0500] {logging_mixin.py:190} INFO - [2024-09-29T00:31:15.102-0500] {dag.py:3239} INFO - Sync 2 DAGs
[2024-09-29T00:31:15.119-0500] {logging_mixin.py:190} INFO - [2024-09-29T00:31:15.119-0500] {dag.py:4180} INFO - Setting next_dagrun for example_external_task_marker_child to None, run_after=None
[2024-09-29T00:31:15.123-0500] {logging_mixin.py:190} INFO - [2024-09-29T00:31:15.122-0500] {dag.py:4180} INFO - Setting next_dagrun for example_external_task_marker_parent to None, run_after=None
[2024-09-29T00:31:15.201-0500] {processor.py:208} INFO - Processing /home/d-salamanca/airflow-env/lib/python3.12/site-packages/airflow/example_dags/example_external_task_marker_dag.py took 0.170 seconds
[2024-09-29T00:32:45.681-0500] {processor.py:186} INFO - Started process (PID=29381) to work on /home/d-salamanca/airflow-env/lib/python3.12/site-packages/airflow/example_dags/example_external_task_marker_dag.py
[2024-09-29T00:32:45.716-0500] {processor.py:914} INFO - Processing file /home/d-salamanca/airflow-env/lib/python3.12/site-packages/airflow/example_dags/example_external_task_marker_dag.py for tasks to queue
[2024-09-29T00:32:45.723-0500] {logging_mixin.py:190} INFO - [2024-09-29T00:32:45.721-0500] {dagbag.py:588} INFO - Filling up the DagBag from /home/d-salamanca/airflow-env/lib/python3.12/site-packages/airflow/example_dags/example_external_task_marker_dag.py
[2024-09-29T00:32:45.741-0500] {processor.py:925} INFO - DAG(s) 'example_external_task_marker_parent', 'example_external_task_marker_child' retrieved from /home/d-salamanca/airflow-env/lib/python3.12/site-packages/airflow/example_dags/example_external_task_marker_dag.py
[2024-09-29T00:32:45.763-0500] {logging_mixin.py:190} INFO - [2024-09-29T00:32:45.762-0500] {dag.py:3239} INFO - Sync 2 DAGs
[2024-09-29T00:32:45.778-0500] {logging_mixin.py:190} INFO - [2024-09-29T00:32:45.777-0500] {dag.py:4180} INFO - Setting next_dagrun for example_external_task_marker_child to None, run_after=None
[2024-09-29T00:32:45.782-0500] {logging_mixin.py:190} INFO - [2024-09-29T00:32:45.781-0500] {dag.py:4180} INFO - Setting next_dagrun for example_external_task_marker_parent to None, run_after=None
[2024-09-29T00:32:45.834-0500] {processor.py:208} INFO - Processing /home/d-salamanca/airflow-env/lib/python3.12/site-packages/airflow/example_dags/example_external_task_marker_dag.py took 0.160 seconds
[2024-09-29T00:34:14.181-0500] {processor.py:186} INFO - Started process (PID=29489) to work on /home/d-salamanca/airflow-env/lib/python3.12/site-packages/airflow/example_dags/example_external_task_marker_dag.py
[2024-09-29T00:34:14.212-0500] {processor.py:914} INFO - Processing file /home/d-salamanca/airflow-env/lib/python3.12/site-packages/airflow/example_dags/example_external_task_marker_dag.py for tasks to queue
[2024-09-29T00:34:14.218-0500] {logging_mixin.py:190} INFO - [2024-09-29T00:34:14.216-0500] {dagbag.py:588} INFO - Filling up the DagBag from /home/d-salamanca/airflow-env/lib/python3.12/site-packages/airflow/example_dags/example_external_task_marker_dag.py
[2024-09-29T00:34:14.249-0500] {processor.py:925} INFO - DAG(s) 'example_external_task_marker_child', 'example_external_task_marker_parent' retrieved from /home/d-salamanca/airflow-env/lib/python3.12/site-packages/airflow/example_dags/example_external_task_marker_dag.py
[2024-09-29T00:34:14.271-0500] {logging_mixin.py:190} INFO - [2024-09-29T00:34:14.271-0500] {dag.py:3239} INFO - Sync 2 DAGs
[2024-09-29T00:34:14.286-0500] {logging_mixin.py:190} INFO - [2024-09-29T00:34:14.286-0500] {dag.py:4180} INFO - Setting next_dagrun for example_external_task_marker_child to None, run_after=None
[2024-09-29T00:34:14.290-0500] {logging_mixin.py:190} INFO - [2024-09-29T00:34:14.290-0500] {dag.py:4180} INFO - Setting next_dagrun for example_external_task_marker_parent to None, run_after=None
[2024-09-29T00:34:14.317-0500] {processor.py:208} INFO - Processing /home/d-salamanca/airflow-env/lib/python3.12/site-packages/airflow/example_dags/example_external_task_marker_dag.py took 0.145 seconds
[2024-09-29T08:20:43.969-0500] {processor.py:186} INFO - Started process (PID=29787) to work on /home/d-salamanca/airflow-env/lib/python3.12/site-packages/airflow/example_dags/example_external_task_marker_dag.py
[2024-09-29T08:20:43.982-0500] {processor.py:914} INFO - Processing file /home/d-salamanca/airflow-env/lib/python3.12/site-packages/airflow/example_dags/example_external_task_marker_dag.py for tasks to queue
[2024-09-29T08:20:43.985-0500] {logging_mixin.py:190} INFO - [2024-09-29T08:20:43.984-0500] {dagbag.py:588} INFO - Filling up the DagBag from /home/d-salamanca/airflow-env/lib/python3.12/site-packages/airflow/example_dags/example_external_task_marker_dag.py
[2024-09-29T08:20:44.005-0500] {processor.py:925} INFO - DAG(s) 'example_external_task_marker_child', 'example_external_task_marker_parent' retrieved from /home/d-salamanca/airflow-env/lib/python3.12/site-packages/airflow/example_dags/example_external_task_marker_dag.py
[2024-09-29T08:20:44.026-0500] {logging_mixin.py:190} INFO - [2024-09-29T08:20:44.026-0500] {dag.py:3239} INFO - Sync 2 DAGs
[2024-09-29T08:20:44.041-0500] {logging_mixin.py:190} INFO - [2024-09-29T08:20:44.041-0500] {dag.py:4180} INFO - Setting next_dagrun for example_external_task_marker_child to None, run_after=None
[2024-09-29T08:20:44.045-0500] {logging_mixin.py:190} INFO - [2024-09-29T08:20:44.044-0500] {dag.py:4180} INFO - Setting next_dagrun for example_external_task_marker_parent to None, run_after=None
[2024-09-29T08:20:44.130-0500] {processor.py:208} INFO - Processing /home/d-salamanca/airflow-env/lib/python3.12/site-packages/airflow/example_dags/example_external_task_marker_dag.py took 0.172 seconds
[2024-09-29T08:22:48.532-0500] {processor.py:186} INFO - Started process (PID=29895) to work on /home/d-salamanca/airflow-env/lib/python3.12/site-packages/airflow/example_dags/example_external_task_marker_dag.py
[2024-09-29T08:22:48.546-0500] {processor.py:914} INFO - Processing file /home/d-salamanca/airflow-env/lib/python3.12/site-packages/airflow/example_dags/example_external_task_marker_dag.py for tasks to queue
[2024-09-29T08:22:48.549-0500] {logging_mixin.py:190} INFO - [2024-09-29T08:22:48.549-0500] {dagbag.py:588} INFO - Filling up the DagBag from /home/d-salamanca/airflow-env/lib/python3.12/site-packages/airflow/example_dags/example_external_task_marker_dag.py
[2024-09-29T08:22:48.574-0500] {processor.py:925} INFO - DAG(s) 'example_external_task_marker_child', 'example_external_task_marker_parent' retrieved from /home/d-salamanca/airflow-env/lib/python3.12/site-packages/airflow/example_dags/example_external_task_marker_dag.py
[2024-09-29T08:22:48.595-0500] {logging_mixin.py:190} INFO - [2024-09-29T08:22:48.594-0500] {dag.py:3239} INFO - Sync 2 DAGs
[2024-09-29T08:22:48.609-0500] {logging_mixin.py:190} INFO - [2024-09-29T08:22:48.609-0500] {dag.py:4180} INFO - Setting next_dagrun for example_external_task_marker_child to None, run_after=None
[2024-09-29T08:22:48.613-0500] {logging_mixin.py:190} INFO - [2024-09-29T08:22:48.613-0500] {dag.py:4180} INFO - Setting next_dagrun for example_external_task_marker_parent to None, run_after=None
[2024-09-29T08:22:48.662-0500] {processor.py:208} INFO - Processing /home/d-salamanca/airflow-env/lib/python3.12/site-packages/airflow/example_dags/example_external_task_marker_dag.py took 0.137 seconds
[2024-09-29T08:24:18.921-0500] {processor.py:186} INFO - Started process (PID=29970) to work on /home/d-salamanca/airflow-env/lib/python3.12/site-packages/airflow/example_dags/example_external_task_marker_dag.py
[2024-09-29T08:24:18.936-0500] {processor.py:914} INFO - Processing file /home/d-salamanca/airflow-env/lib/python3.12/site-packages/airflow/example_dags/example_external_task_marker_dag.py for tasks to queue
[2024-09-29T08:24:18.939-0500] {logging_mixin.py:190} INFO - [2024-09-29T08:24:18.939-0500] {dagbag.py:588} INFO - Filling up the DagBag from /home/d-salamanca/airflow-env/lib/python3.12/site-packages/airflow/example_dags/example_external_task_marker_dag.py
[2024-09-29T08:24:18.951-0500] {processor.py:925} INFO - DAG(s) 'example_external_task_marker_parent', 'example_external_task_marker_child' retrieved from /home/d-salamanca/airflow-env/lib/python3.12/site-packages/airflow/example_dags/example_external_task_marker_dag.py
[2024-09-29T08:24:18.972-0500] {logging_mixin.py:190} INFO - [2024-09-29T08:24:18.972-0500] {dag.py:3239} INFO - Sync 2 DAGs
[2024-09-29T08:24:18.986-0500] {logging_mixin.py:190} INFO - [2024-09-29T08:24:18.986-0500] {dag.py:4180} INFO - Setting next_dagrun for example_external_task_marker_child to None, run_after=None
[2024-09-29T08:24:18.990-0500] {logging_mixin.py:190} INFO - [2024-09-29T08:24:18.990-0500] {dag.py:4180} INFO - Setting next_dagrun for example_external_task_marker_parent to None, run_after=None
[2024-09-29T08:24:19.508-0500] {processor.py:208} INFO - Processing /home/d-salamanca/airflow-env/lib/python3.12/site-packages/airflow/example_dags/example_external_task_marker_dag.py took 0.596 seconds
[2024-09-29T08:25:43.131-0500] {processor.py:186} INFO - Started process (PID=30074) to work on /home/d-salamanca/airflow-env/lib/python3.12/site-packages/airflow/example_dags/example_external_task_marker_dag.py
[2024-09-29T08:25:43.133-0500] {processor.py:914} INFO - Processing file /home/d-salamanca/airflow-env/lib/python3.12/site-packages/airflow/example_dags/example_external_task_marker_dag.py for tasks to queue
[2024-09-29T08:25:43.135-0500] {logging_mixin.py:190} INFO - [2024-09-29T08:25:43.135-0500] {dagbag.py:588} INFO - Filling up the DagBag from /home/d-salamanca/airflow-env/lib/python3.12/site-packages/airflow/example_dags/example_external_task_marker_dag.py
[2024-09-29T08:25:43.173-0500] {processor.py:925} INFO - DAG(s) 'example_external_task_marker_parent', 'example_external_task_marker_child' retrieved from /home/d-salamanca/airflow-env/lib/python3.12/site-packages/airflow/example_dags/example_external_task_marker_dag.py
[2024-09-29T08:25:43.195-0500] {logging_mixin.py:190} INFO - [2024-09-29T08:25:43.194-0500] {dag.py:3239} INFO - Sync 2 DAGs
[2024-09-29T08:25:43.209-0500] {logging_mixin.py:190} INFO - [2024-09-29T08:25:43.208-0500] {dag.py:4180} INFO - Setting next_dagrun for example_external_task_marker_child to None, run_after=None
[2024-09-29T08:25:43.212-0500] {logging_mixin.py:190} INFO - [2024-09-29T08:25:43.212-0500] {dag.py:4180} INFO - Setting next_dagrun for example_external_task_marker_parent to None, run_after=None
[2024-09-29T08:25:43.281-0500] {processor.py:208} INFO - Processing /home/d-salamanca/airflow-env/lib/python3.12/site-packages/airflow/example_dags/example_external_task_marker_dag.py took 0.160 seconds
[2024-09-29T08:27:08.331-0500] {processor.py:186} INFO - Started process (PID=30143) to work on /home/d-salamanca/airflow-env/lib/python3.12/site-packages/airflow/example_dags/example_external_task_marker_dag.py
[2024-09-29T08:27:08.356-0500] {processor.py:914} INFO - Processing file /home/d-salamanca/airflow-env/lib/python3.12/site-packages/airflow/example_dags/example_external_task_marker_dag.py for tasks to queue
[2024-09-29T08:27:08.364-0500] {logging_mixin.py:190} INFO - [2024-09-29T08:27:08.362-0500] {dagbag.py:588} INFO - Filling up the DagBag from /home/d-salamanca/airflow-env/lib/python3.12/site-packages/airflow/example_dags/example_external_task_marker_dag.py
[2024-09-29T08:27:08.381-0500] {processor.py:925} INFO - DAG(s) 'example_external_task_marker_parent', 'example_external_task_marker_child' retrieved from /home/d-salamanca/airflow-env/lib/python3.12/site-packages/airflow/example_dags/example_external_task_marker_dag.py
[2024-09-29T08:27:08.402-0500] {logging_mixin.py:190} INFO - [2024-09-29T08:27:08.402-0500] {dag.py:3239} INFO - Sync 2 DAGs
[2024-09-29T08:27:08.416-0500] {logging_mixin.py:190} INFO - [2024-09-29T08:27:08.416-0500] {dag.py:4180} INFO - Setting next_dagrun for example_external_task_marker_child to None, run_after=None
[2024-09-29T08:27:08.420-0500] {logging_mixin.py:190} INFO - [2024-09-29T08:27:08.420-0500] {dag.py:4180} INFO - Setting next_dagrun for example_external_task_marker_parent to None, run_after=None
[2024-09-29T08:27:08.453-0500] {processor.py:208} INFO - Processing /home/d-salamanca/airflow-env/lib/python3.12/site-packages/airflow/example_dags/example_external_task_marker_dag.py took 0.134 seconds
[2024-09-29T08:28:22.327-0500] {processor.py:186} INFO - Started process (PID=30209) to work on /home/d-salamanca/airflow-env/lib/python3.12/site-packages/airflow/example_dags/example_external_task_marker_dag.py
[2024-09-29T08:28:22.328-0500] {processor.py:914} INFO - Processing file /home/d-salamanca/airflow-env/lib/python3.12/site-packages/airflow/example_dags/example_external_task_marker_dag.py for tasks to queue
[2024-09-29T08:28:22.331-0500] {logging_mixin.py:190} INFO - [2024-09-29T08:28:22.331-0500] {dagbag.py:588} INFO - Filling up the DagBag from /home/d-salamanca/airflow-env/lib/python3.12/site-packages/airflow/example_dags/example_external_task_marker_dag.py
[2024-09-29T08:28:22.342-0500] {processor.py:925} INFO - DAG(s) 'example_external_task_marker_parent', 'example_external_task_marker_child' retrieved from /home/d-salamanca/airflow-env/lib/python3.12/site-packages/airflow/example_dags/example_external_task_marker_dag.py
[2024-09-29T08:28:22.365-0500] {logging_mixin.py:190} INFO - [2024-09-29T08:28:22.364-0500] {dag.py:3239} INFO - Sync 2 DAGs
[2024-09-29T08:28:22.381-0500] {logging_mixin.py:190} INFO - [2024-09-29T08:28:22.380-0500] {dag.py:4180} INFO - Setting next_dagrun for example_external_task_marker_child to None, run_after=None
[2024-09-29T08:28:22.385-0500] {logging_mixin.py:190} INFO - [2024-09-29T08:28:22.385-0500] {dag.py:4180} INFO - Setting next_dagrun for example_external_task_marker_parent to None, run_after=None
[2024-09-29T08:28:22.433-0500] {processor.py:208} INFO - Processing /home/d-salamanca/airflow-env/lib/python3.12/site-packages/airflow/example_dags/example_external_task_marker_dag.py took 0.118 seconds
[2024-09-29T08:29:43.921-0500] {processor.py:186} INFO - Started process (PID=30280) to work on /home/d-salamanca/airflow-env/lib/python3.12/site-packages/airflow/example_dags/example_external_task_marker_dag.py
[2024-09-29T08:29:43.922-0500] {processor.py:914} INFO - Processing file /home/d-salamanca/airflow-env/lib/python3.12/site-packages/airflow/example_dags/example_external_task_marker_dag.py for tasks to queue
[2024-09-29T08:29:43.924-0500] {logging_mixin.py:190} INFO - [2024-09-29T08:29:43.924-0500] {dagbag.py:588} INFO - Filling up the DagBag from /home/d-salamanca/airflow-env/lib/python3.12/site-packages/airflow/example_dags/example_external_task_marker_dag.py
[2024-09-29T08:29:43.935-0500] {processor.py:925} INFO - DAG(s) 'example_external_task_marker_parent', 'example_external_task_marker_child' retrieved from /home/d-salamanca/airflow-env/lib/python3.12/site-packages/airflow/example_dags/example_external_task_marker_dag.py
[2024-09-29T08:29:43.958-0500] {logging_mixin.py:190} INFO - [2024-09-29T08:29:43.958-0500] {dag.py:3239} INFO - Sync 2 DAGs
[2024-09-29T08:29:43.973-0500] {logging_mixin.py:190} INFO - [2024-09-29T08:29:43.972-0500] {dag.py:4180} INFO - Setting next_dagrun for example_external_task_marker_child to None, run_after=None
[2024-09-29T08:29:43.977-0500] {logging_mixin.py:190} INFO - [2024-09-29T08:29:43.977-0500] {dag.py:4180} INFO - Setting next_dagrun for example_external_task_marker_parent to None, run_after=None
[2024-09-29T08:29:44.277-0500] {processor.py:208} INFO - Processing /home/d-salamanca/airflow-env/lib/python3.12/site-packages/airflow/example_dags/example_external_task_marker_dag.py took 0.364 seconds
[2024-09-29T08:31:14.897-0500] {processor.py:186} INFO - Started process (PID=30365) to work on /home/d-salamanca/airflow-env/lib/python3.12/site-packages/airflow/example_dags/example_external_task_marker_dag.py
[2024-09-29T08:31:14.898-0500] {processor.py:914} INFO - Processing file /home/d-salamanca/airflow-env/lib/python3.12/site-packages/airflow/example_dags/example_external_task_marker_dag.py for tasks to queue
[2024-09-29T08:31:14.901-0500] {logging_mixin.py:190} INFO - [2024-09-29T08:31:14.900-0500] {dagbag.py:588} INFO - Filling up the DagBag from /home/d-salamanca/airflow-env/lib/python3.12/site-packages/airflow/example_dags/example_external_task_marker_dag.py
[2024-09-29T08:31:14.911-0500] {processor.py:925} INFO - DAG(s) 'example_external_task_marker_parent', 'example_external_task_marker_child' retrieved from /home/d-salamanca/airflow-env/lib/python3.12/site-packages/airflow/example_dags/example_external_task_marker_dag.py
[2024-09-29T08:31:14.933-0500] {logging_mixin.py:190} INFO - [2024-09-29T08:31:14.932-0500] {dag.py:3239} INFO - Sync 2 DAGs
[2024-09-29T08:31:14.948-0500] {logging_mixin.py:190} INFO - [2024-09-29T08:31:14.947-0500] {dag.py:4180} INFO - Setting next_dagrun for example_external_task_marker_child to None, run_after=None
[2024-09-29T08:31:14.952-0500] {logging_mixin.py:190} INFO - [2024-09-29T08:31:14.951-0500] {dag.py:4180} INFO - Setting next_dagrun for example_external_task_marker_parent to None, run_after=None
[2024-09-29T08:31:15.090-0500] {processor.py:208} INFO - Processing /home/d-salamanca/airflow-env/lib/python3.12/site-packages/airflow/example_dags/example_external_task_marker_dag.py took 0.201 seconds
[2024-09-29T08:32:53.341-0500] {processor.py:186} INFO - Started process (PID=30443) to work on /home/d-salamanca/airflow-env/lib/python3.12/site-packages/airflow/example_dags/example_external_task_marker_dag.py
[2024-09-29T08:32:53.397-0500] {processor.py:914} INFO - Processing file /home/d-salamanca/airflow-env/lib/python3.12/site-packages/airflow/example_dags/example_external_task_marker_dag.py for tasks to queue
[2024-09-29T08:32:53.403-0500] {logging_mixin.py:190} INFO - [2024-09-29T08:32:53.402-0500] {dagbag.py:588} INFO - Filling up the DagBag from /home/d-salamanca/airflow-env/lib/python3.12/site-packages/airflow/example_dags/example_external_task_marker_dag.py
[2024-09-29T08:32:53.417-0500] {processor.py:925} INFO - DAG(s) 'example_external_task_marker_parent', 'example_external_task_marker_child' retrieved from /home/d-salamanca/airflow-env/lib/python3.12/site-packages/airflow/example_dags/example_external_task_marker_dag.py
[2024-09-29T08:32:53.441-0500] {logging_mixin.py:190} INFO - [2024-09-29T08:32:53.440-0500] {dag.py:3239} INFO - Sync 2 DAGs
[2024-09-29T08:32:53.456-0500] {logging_mixin.py:190} INFO - [2024-09-29T08:32:53.456-0500] {dag.py:4180} INFO - Setting next_dagrun for example_external_task_marker_child to None, run_after=None
[2024-09-29T08:32:53.460-0500] {logging_mixin.py:190} INFO - [2024-09-29T08:32:53.460-0500] {dag.py:4180} INFO - Setting next_dagrun for example_external_task_marker_parent to None, run_after=None
[2024-09-29T08:32:53.774-0500] {processor.py:208} INFO - Processing /home/d-salamanca/airflow-env/lib/python3.12/site-packages/airflow/example_dags/example_external_task_marker_dag.py took 0.441 seconds
[2024-09-29T08:34:12.542-0500] {processor.py:186} INFO - Started process (PID=30512) to work on /home/d-salamanca/airflow-env/lib/python3.12/site-packages/airflow/example_dags/example_external_task_marker_dag.py
[2024-09-29T08:34:12.560-0500] {processor.py:914} INFO - Processing file /home/d-salamanca/airflow-env/lib/python3.12/site-packages/airflow/example_dags/example_external_task_marker_dag.py for tasks to queue
[2024-09-29T08:34:12.563-0500] {logging_mixin.py:190} INFO - [2024-09-29T08:34:12.563-0500] {dagbag.py:588} INFO - Filling up the DagBag from /home/d-salamanca/airflow-env/lib/python3.12/site-packages/airflow/example_dags/example_external_task_marker_dag.py
[2024-09-29T08:34:12.575-0500] {processor.py:925} INFO - DAG(s) 'example_external_task_marker_child', 'example_external_task_marker_parent' retrieved from /home/d-salamanca/airflow-env/lib/python3.12/site-packages/airflow/example_dags/example_external_task_marker_dag.py
[2024-09-29T08:34:12.596-0500] {logging_mixin.py:190} INFO - [2024-09-29T08:34:12.596-0500] {dag.py:3239} INFO - Sync 2 DAGs
[2024-09-29T08:34:12.610-0500] {logging_mixin.py:190} INFO - [2024-09-29T08:34:12.610-0500] {dag.py:4180} INFO - Setting next_dagrun for example_external_task_marker_child to None, run_after=None
[2024-09-29T08:34:12.614-0500] {logging_mixin.py:190} INFO - [2024-09-29T08:34:12.614-0500] {dag.py:4180} INFO - Setting next_dagrun for example_external_task_marker_parent to None, run_after=None
[2024-09-29T08:34:12.642-0500] {processor.py:208} INFO - Processing /home/d-salamanca/airflow-env/lib/python3.12/site-packages/airflow/example_dags/example_external_task_marker_dag.py took 0.107 seconds
[2024-09-29T08:36:12.061-0500] {processor.py:186} INFO - Started process (PID=30835) to work on /home/d-salamanca/airflow-env/lib/python3.12/site-packages/airflow/example_dags/example_external_task_marker_dag.py
[2024-09-29T08:36:12.091-0500] {processor.py:914} INFO - Processing file /home/d-salamanca/airflow-env/lib/python3.12/site-packages/airflow/example_dags/example_external_task_marker_dag.py for tasks to queue
[2024-09-29T08:36:12.097-0500] {logging_mixin.py:190} INFO - [2024-09-29T08:36:12.096-0500] {dagbag.py:588} INFO - Filling up the DagBag from /home/d-salamanca/airflow-env/lib/python3.12/site-packages/airflow/example_dags/example_external_task_marker_dag.py
[2024-09-29T08:36:12.167-0500] {processor.py:925} INFO - DAG(s) 'example_external_task_marker_child', 'example_external_task_marker_parent' retrieved from /home/d-salamanca/airflow-env/lib/python3.12/site-packages/airflow/example_dags/example_external_task_marker_dag.py
[2024-09-29T08:36:12.189-0500] {logging_mixin.py:190} INFO - [2024-09-29T08:36:12.189-0500] {dag.py:3239} INFO - Sync 2 DAGs
[2024-09-29T08:36:12.204-0500] {logging_mixin.py:190} INFO - [2024-09-29T08:36:12.204-0500] {dag.py:4180} INFO - Setting next_dagrun for example_external_task_marker_child to None, run_after=None
[2024-09-29T08:36:12.209-0500] {logging_mixin.py:190} INFO - [2024-09-29T08:36:12.208-0500] {dag.py:4180} INFO - Setting next_dagrun for example_external_task_marker_parent to None, run_after=None
[2024-09-29T08:36:12.348-0500] {processor.py:208} INFO - Processing /home/d-salamanca/airflow-env/lib/python3.12/site-packages/airflow/example_dags/example_external_task_marker_dag.py took 0.296 seconds
[2024-09-29T08:38:17.161-0500] {processor.py:186} INFO - Started process (PID=31061) to work on /home/d-salamanca/airflow-env/lib/python3.12/site-packages/airflow/example_dags/example_external_task_marker_dag.py
[2024-09-29T08:38:17.202-0500] {processor.py:914} INFO - Processing file /home/d-salamanca/airflow-env/lib/python3.12/site-packages/airflow/example_dags/example_external_task_marker_dag.py for tasks to queue
[2024-09-29T08:38:17.209-0500] {logging_mixin.py:190} INFO - [2024-09-29T08:38:17.208-0500] {dagbag.py:588} INFO - Filling up the DagBag from /home/d-salamanca/airflow-env/lib/python3.12/site-packages/airflow/example_dags/example_external_task_marker_dag.py
[2024-09-29T08:38:17.231-0500] {processor.py:925} INFO - DAG(s) 'example_external_task_marker_parent', 'example_external_task_marker_child' retrieved from /home/d-salamanca/airflow-env/lib/python3.12/site-packages/airflow/example_dags/example_external_task_marker_dag.py
[2024-09-29T08:38:17.259-0500] {logging_mixin.py:190} INFO - [2024-09-29T08:38:17.259-0500] {dag.py:3239} INFO - Sync 2 DAGs
[2024-09-29T08:38:17.275-0500] {logging_mixin.py:190} INFO - [2024-09-29T08:38:17.275-0500] {dag.py:4180} INFO - Setting next_dagrun for example_external_task_marker_child to None, run_after=None
[2024-09-29T08:38:17.279-0500] {logging_mixin.py:190} INFO - [2024-09-29T08:38:17.279-0500] {dag.py:4180} INFO - Setting next_dagrun for example_external_task_marker_parent to None, run_after=None
[2024-09-29T08:38:17.317-0500] {processor.py:208} INFO - Processing /home/d-salamanca/airflow-env/lib/python3.12/site-packages/airflow/example_dags/example_external_task_marker_dag.py took 0.163 seconds
[2024-09-29T08:39:44.447-0500] {processor.py:186} INFO - Started process (PID=31133) to work on /home/d-salamanca/airflow-env/lib/python3.12/site-packages/airflow/example_dags/example_external_task_marker_dag.py
[2024-09-29T08:39:44.544-0500] {processor.py:914} INFO - Processing file /home/d-salamanca/airflow-env/lib/python3.12/site-packages/airflow/example_dags/example_external_task_marker_dag.py for tasks to queue
[2024-09-29T08:39:44.551-0500] {logging_mixin.py:190} INFO - [2024-09-29T08:39:44.550-0500] {dagbag.py:588} INFO - Filling up the DagBag from /home/d-salamanca/airflow-env/lib/python3.12/site-packages/airflow/example_dags/example_external_task_marker_dag.py
[2024-09-29T08:39:44.568-0500] {processor.py:925} INFO - DAG(s) 'example_external_task_marker_child', 'example_external_task_marker_parent' retrieved from /home/d-salamanca/airflow-env/lib/python3.12/site-packages/airflow/example_dags/example_external_task_marker_dag.py
[2024-09-29T08:39:44.597-0500] {logging_mixin.py:190} INFO - [2024-09-29T08:39:44.597-0500] {dag.py:3239} INFO - Sync 2 DAGs
[2024-09-29T08:39:44.612-0500] {logging_mixin.py:190} INFO - [2024-09-29T08:39:44.611-0500] {dag.py:4180} INFO - Setting next_dagrun for example_external_task_marker_child to None, run_after=None
[2024-09-29T08:39:44.616-0500] {logging_mixin.py:190} INFO - [2024-09-29T08:39:44.615-0500] {dag.py:4180} INFO - Setting next_dagrun for example_external_task_marker_parent to None, run_after=None
[2024-09-29T08:39:44.659-0500] {processor.py:208} INFO - Processing /home/d-salamanca/airflow-env/lib/python3.12/site-packages/airflow/example_dags/example_external_task_marker_dag.py took 0.226 seconds
[2024-09-29T08:41:23.190-0500] {processor.py:186} INFO - Started process (PID=31211) to work on /home/d-salamanca/airflow-env/lib/python3.12/site-packages/airflow/example_dags/example_external_task_marker_dag.py
[2024-09-29T08:41:23.219-0500] {processor.py:914} INFO - Processing file /home/d-salamanca/airflow-env/lib/python3.12/site-packages/airflow/example_dags/example_external_task_marker_dag.py for tasks to queue
[2024-09-29T08:41:23.225-0500] {logging_mixin.py:190} INFO - [2024-09-29T08:41:23.224-0500] {dagbag.py:588} INFO - Filling up the DagBag from /home/d-salamanca/airflow-env/lib/python3.12/site-packages/airflow/example_dags/example_external_task_marker_dag.py
[2024-09-29T08:41:23.244-0500] {processor.py:925} INFO - DAG(s) 'example_external_task_marker_child', 'example_external_task_marker_parent' retrieved from /home/d-salamanca/airflow-env/lib/python3.12/site-packages/airflow/example_dags/example_external_task_marker_dag.py
[2024-09-29T08:41:23.267-0500] {logging_mixin.py:190} INFO - [2024-09-29T08:41:23.266-0500] {dag.py:3239} INFO - Sync 2 DAGs
[2024-09-29T08:41:23.282-0500] {logging_mixin.py:190} INFO - [2024-09-29T08:41:23.281-0500] {dag.py:4180} INFO - Setting next_dagrun for example_external_task_marker_child to None, run_after=None
[2024-09-29T08:41:23.286-0500] {logging_mixin.py:190} INFO - [2024-09-29T08:41:23.285-0500] {dag.py:4180} INFO - Setting next_dagrun for example_external_task_marker_parent to None, run_after=None
[2024-09-29T08:41:23.333-0500] {processor.py:208} INFO - Processing /home/d-salamanca/airflow-env/lib/python3.12/site-packages/airflow/example_dags/example_external_task_marker_dag.py took 0.150 seconds
[2024-09-29T08:42:51.658-0500] {processor.py:186} INFO - Started process (PID=31283) to work on /home/d-salamanca/airflow-env/lib/python3.12/site-packages/airflow/example_dags/example_external_task_marker_dag.py
[2024-09-29T08:42:51.677-0500] {processor.py:914} INFO - Processing file /home/d-salamanca/airflow-env/lib/python3.12/site-packages/airflow/example_dags/example_external_task_marker_dag.py for tasks to queue
[2024-09-29T08:42:51.682-0500] {logging_mixin.py:190} INFO - [2024-09-29T08:42:51.681-0500] {dagbag.py:588} INFO - Filling up the DagBag from /home/d-salamanca/airflow-env/lib/python3.12/site-packages/airflow/example_dags/example_external_task_marker_dag.py
[2024-09-29T08:42:51.693-0500] {processor.py:925} INFO - DAG(s) 'example_external_task_marker_parent', 'example_external_task_marker_child' retrieved from /home/d-salamanca/airflow-env/lib/python3.12/site-packages/airflow/example_dags/example_external_task_marker_dag.py
[2024-09-29T08:42:51.715-0500] {logging_mixin.py:190} INFO - [2024-09-29T08:42:51.715-0500] {dag.py:3239} INFO - Sync 2 DAGs
[2024-09-29T08:42:51.730-0500] {logging_mixin.py:190} INFO - [2024-09-29T08:42:51.730-0500] {dag.py:4180} INFO - Setting next_dagrun for example_external_task_marker_child to None, run_after=None
[2024-09-29T08:42:51.734-0500] {logging_mixin.py:190} INFO - [2024-09-29T08:42:51.734-0500] {dag.py:4180} INFO - Setting next_dagrun for example_external_task_marker_parent to None, run_after=None
[2024-09-29T08:42:51.762-0500] {processor.py:208} INFO - Processing /home/d-salamanca/airflow-env/lib/python3.12/site-packages/airflow/example_dags/example_external_task_marker_dag.py took 0.112 seconds
[2024-09-29T08:44:19.234-0500] {processor.py:186} INFO - Started process (PID=31354) to work on /home/d-salamanca/airflow-env/lib/python3.12/site-packages/airflow/example_dags/example_external_task_marker_dag.py
[2024-09-29T08:44:19.250-0500] {processor.py:914} INFO - Processing file /home/d-salamanca/airflow-env/lib/python3.12/site-packages/airflow/example_dags/example_external_task_marker_dag.py for tasks to queue
[2024-09-29T08:44:19.253-0500] {logging_mixin.py:190} INFO - [2024-09-29T08:44:19.253-0500] {dagbag.py:588} INFO - Filling up the DagBag from /home/d-salamanca/airflow-env/lib/python3.12/site-packages/airflow/example_dags/example_external_task_marker_dag.py
[2024-09-29T08:44:19.265-0500] {processor.py:925} INFO - DAG(s) 'example_external_task_marker_parent', 'example_external_task_marker_child' retrieved from /home/d-salamanca/airflow-env/lib/python3.12/site-packages/airflow/example_dags/example_external_task_marker_dag.py
[2024-09-29T08:44:19.286-0500] {logging_mixin.py:190} INFO - [2024-09-29T08:44:19.286-0500] {dag.py:3239} INFO - Sync 2 DAGs
[2024-09-29T08:44:19.301-0500] {logging_mixin.py:190} INFO - [2024-09-29T08:44:19.301-0500] {dag.py:4180} INFO - Setting next_dagrun for example_external_task_marker_child to None, run_after=None
[2024-09-29T08:44:19.305-0500] {logging_mixin.py:190} INFO - [2024-09-29T08:44:19.305-0500] {dag.py:4180} INFO - Setting next_dagrun for example_external_task_marker_parent to None, run_after=None
[2024-09-29T08:44:19.382-0500] {processor.py:208} INFO - Processing /home/d-salamanca/airflow-env/lib/python3.12/site-packages/airflow/example_dags/example_external_task_marker_dag.py took 0.155 seconds
[2024-09-29T08:45:40.745-0500] {processor.py:186} INFO - Started process (PID=31437) to work on /home/d-salamanca/airflow-env/lib/python3.12/site-packages/airflow/example_dags/example_external_task_marker_dag.py
[2024-09-29T08:45:40.776-0500] {processor.py:914} INFO - Processing file /home/d-salamanca/airflow-env/lib/python3.12/site-packages/airflow/example_dags/example_external_task_marker_dag.py for tasks to queue
[2024-09-29T08:45:40.782-0500] {logging_mixin.py:190} INFO - [2024-09-29T08:45:40.781-0500] {dagbag.py:588} INFO - Filling up the DagBag from /home/d-salamanca/airflow-env/lib/python3.12/site-packages/airflow/example_dags/example_external_task_marker_dag.py
[2024-09-29T08:45:40.795-0500] {processor.py:925} INFO - DAG(s) 'example_external_task_marker_parent', 'example_external_task_marker_child' retrieved from /home/d-salamanca/airflow-env/lib/python3.12/site-packages/airflow/example_dags/example_external_task_marker_dag.py
[2024-09-29T08:45:40.817-0500] {logging_mixin.py:190} INFO - [2024-09-29T08:45:40.816-0500] {dag.py:3239} INFO - Sync 2 DAGs
[2024-09-29T08:45:40.832-0500] {logging_mixin.py:190} INFO - [2024-09-29T08:45:40.832-0500] {dag.py:4180} INFO - Setting next_dagrun for example_external_task_marker_child to None, run_after=None
[2024-09-29T08:45:40.836-0500] {logging_mixin.py:190} INFO - [2024-09-29T08:45:40.836-0500] {dag.py:4180} INFO - Setting next_dagrun for example_external_task_marker_parent to None, run_after=None
[2024-09-29T08:45:40.867-0500] {processor.py:208} INFO - Processing /home/d-salamanca/airflow-env/lib/python3.12/site-packages/airflow/example_dags/example_external_task_marker_dag.py took 0.130 seconds
[2024-09-29T08:47:42.805-0500] {processor.py:186} INFO - Started process (PID=31509) to work on /home/d-salamanca/airflow-env/lib/python3.12/site-packages/airflow/example_dags/example_external_task_marker_dag.py
[2024-09-29T08:47:42.806-0500] {processor.py:914} INFO - Processing file /home/d-salamanca/airflow-env/lib/python3.12/site-packages/airflow/example_dags/example_external_task_marker_dag.py for tasks to queue
[2024-09-29T08:47:42.808-0500] {logging_mixin.py:190} INFO - [2024-09-29T08:47:42.808-0500] {dagbag.py:588} INFO - Filling up the DagBag from /home/d-salamanca/airflow-env/lib/python3.12/site-packages/airflow/example_dags/example_external_task_marker_dag.py
[2024-09-29T08:47:42.818-0500] {processor.py:925} INFO - DAG(s) 'example_external_task_marker_child', 'example_external_task_marker_parent' retrieved from /home/d-salamanca/airflow-env/lib/python3.12/site-packages/airflow/example_dags/example_external_task_marker_dag.py
[2024-09-29T08:47:42.839-0500] {logging_mixin.py:190} INFO - [2024-09-29T08:47:42.839-0500] {dag.py:3239} INFO - Sync 2 DAGs
[2024-09-29T08:47:42.853-0500] {logging_mixin.py:190} INFO - [2024-09-29T08:47:42.853-0500] {dag.py:4180} INFO - Setting next_dagrun for example_external_task_marker_child to None, run_after=None
[2024-09-29T08:47:42.857-0500] {logging_mixin.py:190} INFO - [2024-09-29T08:47:42.857-0500] {dag.py:4180} INFO - Setting next_dagrun for example_external_task_marker_parent to None, run_after=None
[2024-09-29T08:47:42.928-0500] {processor.py:208} INFO - Processing /home/d-salamanca/airflow-env/lib/python3.12/site-packages/airflow/example_dags/example_external_task_marker_dag.py took 0.130 seconds
[2024-09-29T08:49:07.644-0500] {processor.py:186} INFO - Started process (PID=31598) to work on /home/d-salamanca/airflow-env/lib/python3.12/site-packages/airflow/example_dags/example_external_task_marker_dag.py
[2024-09-29T08:49:07.672-0500] {processor.py:914} INFO - Processing file /home/d-salamanca/airflow-env/lib/python3.12/site-packages/airflow/example_dags/example_external_task_marker_dag.py for tasks to queue
[2024-09-29T08:49:07.680-0500] {logging_mixin.py:190} INFO - [2024-09-29T08:49:07.678-0500] {dagbag.py:588} INFO - Filling up the DagBag from /home/d-salamanca/airflow-env/lib/python3.12/site-packages/airflow/example_dags/example_external_task_marker_dag.py
[2024-09-29T08:49:07.695-0500] {processor.py:925} INFO - DAG(s) 'example_external_task_marker_parent', 'example_external_task_marker_child' retrieved from /home/d-salamanca/airflow-env/lib/python3.12/site-packages/airflow/example_dags/example_external_task_marker_dag.py
[2024-09-29T08:49:07.716-0500] {logging_mixin.py:190} INFO - [2024-09-29T08:49:07.716-0500] {dag.py:3239} INFO - Sync 2 DAGs
[2024-09-29T08:49:07.737-0500] {logging_mixin.py:190} INFO - [2024-09-29T08:49:07.736-0500] {dag.py:4180} INFO - Setting next_dagrun for example_external_task_marker_child to None, run_after=None
[2024-09-29T08:49:07.741-0500] {logging_mixin.py:190} INFO - [2024-09-29T08:49:07.741-0500] {dag.py:4180} INFO - Setting next_dagrun for example_external_task_marker_parent to None, run_after=None
[2024-09-29T08:49:07.929-0500] {processor.py:208} INFO - Processing /home/d-salamanca/airflow-env/lib/python3.12/site-packages/airflow/example_dags/example_external_task_marker_dag.py took 0.292 seconds
[2024-09-29T08:50:37.332-0500] {processor.py:186} INFO - Started process (PID=31688) to work on /home/d-salamanca/airflow-env/lib/python3.12/site-packages/airflow/example_dags/example_external_task_marker_dag.py
[2024-09-29T08:50:37.353-0500] {processor.py:914} INFO - Processing file /home/d-salamanca/airflow-env/lib/python3.12/site-packages/airflow/example_dags/example_external_task_marker_dag.py for tasks to queue
[2024-09-29T08:50:37.357-0500] {logging_mixin.py:190} INFO - [2024-09-29T08:50:37.356-0500] {dagbag.py:588} INFO - Filling up the DagBag from /home/d-salamanca/airflow-env/lib/python3.12/site-packages/airflow/example_dags/example_external_task_marker_dag.py
[2024-09-29T08:50:37.369-0500] {processor.py:925} INFO - DAG(s) 'example_external_task_marker_parent', 'example_external_task_marker_child' retrieved from /home/d-salamanca/airflow-env/lib/python3.12/site-packages/airflow/example_dags/example_external_task_marker_dag.py
[2024-09-29T08:50:37.392-0500] {logging_mixin.py:190} INFO - [2024-09-29T08:50:37.392-0500] {dag.py:3239} INFO - Sync 2 DAGs
[2024-09-29T08:50:37.407-0500] {logging_mixin.py:190} INFO - [2024-09-29T08:50:37.407-0500] {dag.py:4180} INFO - Setting next_dagrun for example_external_task_marker_child to None, run_after=None
[2024-09-29T08:50:37.411-0500] {logging_mixin.py:190} INFO - [2024-09-29T08:50:37.411-0500] {dag.py:4180} INFO - Setting next_dagrun for example_external_task_marker_parent to None, run_after=None
[2024-09-29T08:50:37.568-0500] {processor.py:208} INFO - Processing /home/d-salamanca/airflow-env/lib/python3.12/site-packages/airflow/example_dags/example_external_task_marker_dag.py took 0.244 seconds
[2024-09-29T08:53:17.401-0500] {processor.py:186} INFO - Started process (PID=31985) to work on /home/d-salamanca/airflow-env/lib/python3.12/site-packages/airflow/example_dags/example_external_task_marker_dag.py
[2024-09-29T08:53:17.432-0500] {processor.py:914} INFO - Processing file /home/d-salamanca/airflow-env/lib/python3.12/site-packages/airflow/example_dags/example_external_task_marker_dag.py for tasks to queue
[2024-09-29T08:53:17.439-0500] {logging_mixin.py:190} INFO - [2024-09-29T08:53:17.438-0500] {dagbag.py:588} INFO - Filling up the DagBag from /home/d-salamanca/airflow-env/lib/python3.12/site-packages/airflow/example_dags/example_external_task_marker_dag.py
[2024-09-29T08:53:17.475-0500] {processor.py:925} INFO - DAG(s) 'example_external_task_marker_parent', 'example_external_task_marker_child' retrieved from /home/d-salamanca/airflow-env/lib/python3.12/site-packages/airflow/example_dags/example_external_task_marker_dag.py
[2024-09-29T08:53:17.497-0500] {logging_mixin.py:190} INFO - [2024-09-29T08:53:17.497-0500] {dag.py:3239} INFO - Sync 2 DAGs
[2024-09-29T08:53:17.512-0500] {logging_mixin.py:190} INFO - [2024-09-29T08:53:17.512-0500] {dag.py:4180} INFO - Setting next_dagrun for example_external_task_marker_child to None, run_after=None
[2024-09-29T08:53:17.516-0500] {logging_mixin.py:190} INFO - [2024-09-29T08:53:17.516-0500] {dag.py:4180} INFO - Setting next_dagrun for example_external_task_marker_parent to None, run_after=None
[2024-09-29T08:53:17.718-0500] {processor.py:208} INFO - Processing /home/d-salamanca/airflow-env/lib/python3.12/site-packages/airflow/example_dags/example_external_task_marker_dag.py took 0.330 seconds
[2024-09-29T08:54:50.674-0500] {processor.py:186} INFO - Started process (PID=32059) to work on /home/d-salamanca/airflow-env/lib/python3.12/site-packages/airflow/example_dags/example_external_task_marker_dag.py
[2024-09-29T08:54:50.699-0500] {processor.py:914} INFO - Processing file /home/d-salamanca/airflow-env/lib/python3.12/site-packages/airflow/example_dags/example_external_task_marker_dag.py for tasks to queue
[2024-09-29T08:54:50.704-0500] {logging_mixin.py:190} INFO - [2024-09-29T08:54:50.703-0500] {dagbag.py:588} INFO - Filling up the DagBag from /home/d-salamanca/airflow-env/lib/python3.12/site-packages/airflow/example_dags/example_external_task_marker_dag.py
[2024-09-29T08:54:50.717-0500] {processor.py:925} INFO - DAG(s) 'example_external_task_marker_parent', 'example_external_task_marker_child' retrieved from /home/d-salamanca/airflow-env/lib/python3.12/site-packages/airflow/example_dags/example_external_task_marker_dag.py
[2024-09-29T08:54:50.738-0500] {logging_mixin.py:190} INFO - [2024-09-29T08:54:50.738-0500] {dag.py:3239} INFO - Sync 2 DAGs
[2024-09-29T08:54:50.753-0500] {logging_mixin.py:190} INFO - [2024-09-29T08:54:50.753-0500] {dag.py:4180} INFO - Setting next_dagrun for example_external_task_marker_child to None, run_after=None
[2024-09-29T08:54:50.757-0500] {logging_mixin.py:190} INFO - [2024-09-29T08:54:50.757-0500] {dag.py:4180} INFO - Setting next_dagrun for example_external_task_marker_parent to None, run_after=None
[2024-09-29T08:54:50.780-0500] {processor.py:208} INFO - Processing /home/d-salamanca/airflow-env/lib/python3.12/site-packages/airflow/example_dags/example_external_task_marker_dag.py took 0.114 seconds
[2024-09-29T08:56:33.773-0500] {processor.py:186} INFO - Started process (PID=32138) to work on /home/d-salamanca/airflow-env/lib/python3.12/site-packages/airflow/example_dags/example_external_task_marker_dag.py
[2024-09-29T08:56:33.774-0500] {processor.py:914} INFO - Processing file /home/d-salamanca/airflow-env/lib/python3.12/site-packages/airflow/example_dags/example_external_task_marker_dag.py for tasks to queue
[2024-09-29T08:56:33.777-0500] {logging_mixin.py:190} INFO - [2024-09-29T08:56:33.777-0500] {dagbag.py:588} INFO - Filling up the DagBag from /home/d-salamanca/airflow-env/lib/python3.12/site-packages/airflow/example_dags/example_external_task_marker_dag.py
[2024-09-29T08:56:33.788-0500] {processor.py:925} INFO - DAG(s) 'example_external_task_marker_child', 'example_external_task_marker_parent' retrieved from /home/d-salamanca/airflow-env/lib/python3.12/site-packages/airflow/example_dags/example_external_task_marker_dag.py
[2024-09-29T08:56:33.810-0500] {logging_mixin.py:190} INFO - [2024-09-29T08:56:33.810-0500] {dag.py:3239} INFO - Sync 2 DAGs
[2024-09-29T08:56:33.825-0500] {logging_mixin.py:190} INFO - [2024-09-29T08:56:33.825-0500] {dag.py:4180} INFO - Setting next_dagrun for example_external_task_marker_child to None, run_after=None
[2024-09-29T08:56:33.829-0500] {logging_mixin.py:190} INFO - [2024-09-29T08:56:33.828-0500] {dag.py:4180} INFO - Setting next_dagrun for example_external_task_marker_parent to None, run_after=None
[2024-09-29T08:56:33.881-0500] {processor.py:208} INFO - Processing /home/d-salamanca/airflow-env/lib/python3.12/site-packages/airflow/example_dags/example_external_task_marker_dag.py took 0.116 seconds
[2024-09-29T08:58:18.738-0500] {processor.py:186} INFO - Started process (PID=32218) to work on /home/d-salamanca/airflow-env/lib/python3.12/site-packages/airflow/example_dags/example_external_task_marker_dag.py
[2024-09-29T08:58:18.752-0500] {processor.py:914} INFO - Processing file /home/d-salamanca/airflow-env/lib/python3.12/site-packages/airflow/example_dags/example_external_task_marker_dag.py for tasks to queue
[2024-09-29T08:58:18.755-0500] {logging_mixin.py:190} INFO - [2024-09-29T08:58:18.755-0500] {dagbag.py:588} INFO - Filling up the DagBag from /home/d-salamanca/airflow-env/lib/python3.12/site-packages/airflow/example_dags/example_external_task_marker_dag.py
[2024-09-29T08:58:18.767-0500] {processor.py:925} INFO - DAG(s) 'example_external_task_marker_child', 'example_external_task_marker_parent' retrieved from /home/d-salamanca/airflow-env/lib/python3.12/site-packages/airflow/example_dags/example_external_task_marker_dag.py
[2024-09-29T08:58:18.791-0500] {logging_mixin.py:190} INFO - [2024-09-29T08:58:18.790-0500] {dag.py:3239} INFO - Sync 2 DAGs
[2024-09-29T08:58:18.808-0500] {logging_mixin.py:190} INFO - [2024-09-29T08:58:18.807-0500] {dag.py:4180} INFO - Setting next_dagrun for example_external_task_marker_child to None, run_after=None
[2024-09-29T08:58:18.813-0500] {logging_mixin.py:190} INFO - [2024-09-29T08:58:18.812-0500] {dag.py:4180} INFO - Setting next_dagrun for example_external_task_marker_parent to None, run_after=None
[2024-09-29T08:58:18.897-0500] {processor.py:208} INFO - Processing /home/d-salamanca/airflow-env/lib/python3.12/site-packages/airflow/example_dags/example_external_task_marker_dag.py took 0.167 seconds
[2024-09-29T09:00:14.715-0500] {processor.py:186} INFO - Started process (PID=32472) to work on /home/d-salamanca/airflow-env/lib/python3.12/site-packages/airflow/example_dags/example_external_task_marker_dag.py
[2024-09-29T09:00:14.979-0500] {processor.py:914} INFO - Processing file /home/d-salamanca/airflow-env/lib/python3.12/site-packages/airflow/example_dags/example_external_task_marker_dag.py for tasks to queue
[2024-09-29T09:00:14.985-0500] {logging_mixin.py:190} INFO - [2024-09-29T09:00:14.984-0500] {dagbag.py:588} INFO - Filling up the DagBag from /home/d-salamanca/airflow-env/lib/python3.12/site-packages/airflow/example_dags/example_external_task_marker_dag.py
[2024-09-29T09:00:15.060-0500] {processor.py:925} INFO - DAG(s) 'example_external_task_marker_child', 'example_external_task_marker_parent' retrieved from /home/d-salamanca/airflow-env/lib/python3.12/site-packages/airflow/example_dags/example_external_task_marker_dag.py
[2024-09-29T09:00:15.082-0500] {logging_mixin.py:190} INFO - [2024-09-29T09:00:15.082-0500] {dag.py:3239} INFO - Sync 2 DAGs
[2024-09-29T09:00:15.097-0500] {logging_mixin.py:190} INFO - [2024-09-29T09:00:15.096-0500] {dag.py:4180} INFO - Setting next_dagrun for example_external_task_marker_child to None, run_after=None
[2024-09-29T09:00:15.100-0500] {logging_mixin.py:190} INFO - [2024-09-29T09:00:15.100-0500] {dag.py:4180} INFO - Setting next_dagrun for example_external_task_marker_parent to None, run_after=None
[2024-09-29T09:00:15.836-0500] {processor.py:208} INFO - Processing /home/d-salamanca/airflow-env/lib/python3.12/site-packages/airflow/example_dags/example_external_task_marker_dag.py took 1.128 seconds
[2024-09-29T09:02:02.233-0500] {processor.py:186} INFO - Started process (PID=32599) to work on /home/d-salamanca/airflow-env/lib/python3.12/site-packages/airflow/example_dags/example_external_task_marker_dag.py
[2024-09-29T09:02:02.332-0500] {processor.py:914} INFO - Processing file /home/d-salamanca/airflow-env/lib/python3.12/site-packages/airflow/example_dags/example_external_task_marker_dag.py for tasks to queue
[2024-09-29T09:02:02.336-0500] {logging_mixin.py:190} INFO - [2024-09-29T09:02:02.335-0500] {dagbag.py:588} INFO - Filling up the DagBag from /home/d-salamanca/airflow-env/lib/python3.12/site-packages/airflow/example_dags/example_external_task_marker_dag.py
[2024-09-29T09:02:02.439-0500] {processor.py:925} INFO - DAG(s) 'example_external_task_marker_parent', 'example_external_task_marker_child' retrieved from /home/d-salamanca/airflow-env/lib/python3.12/site-packages/airflow/example_dags/example_external_task_marker_dag.py
[2024-09-29T09:02:02.460-0500] {logging_mixin.py:190} INFO - [2024-09-29T09:02:02.460-0500] {dag.py:3239} INFO - Sync 2 DAGs
[2024-09-29T09:02:02.475-0500] {logging_mixin.py:190} INFO - [2024-09-29T09:02:02.474-0500] {dag.py:4180} INFO - Setting next_dagrun for example_external_task_marker_child to None, run_after=None
[2024-09-29T09:02:02.478-0500] {logging_mixin.py:190} INFO - [2024-09-29T09:02:02.478-0500] {dag.py:4180} INFO - Setting next_dagrun for example_external_task_marker_parent to None, run_after=None
[2024-09-29T09:02:02.551-0500] {processor.py:208} INFO - Processing /home/d-salamanca/airflow-env/lib/python3.12/site-packages/airflow/example_dags/example_external_task_marker_dag.py took 0.326 seconds
[2024-09-29T09:03:25.709-0500] {processor.py:186} INFO - Started process (PID=32669) to work on /home/d-salamanca/airflow-env/lib/python3.12/site-packages/airflow/example_dags/example_external_task_marker_dag.py
[2024-09-29T09:03:25.736-0500] {processor.py:914} INFO - Processing file /home/d-salamanca/airflow-env/lib/python3.12/site-packages/airflow/example_dags/example_external_task_marker_dag.py for tasks to queue
[2024-09-29T09:03:25.741-0500] {logging_mixin.py:190} INFO - [2024-09-29T09:03:25.740-0500] {dagbag.py:588} INFO - Filling up the DagBag from /home/d-salamanca/airflow-env/lib/python3.12/site-packages/airflow/example_dags/example_external_task_marker_dag.py
[2024-09-29T09:03:25.754-0500] {processor.py:925} INFO - DAG(s) 'example_external_task_marker_child', 'example_external_task_marker_parent' retrieved from /home/d-salamanca/airflow-env/lib/python3.12/site-packages/airflow/example_dags/example_external_task_marker_dag.py
[2024-09-29T09:03:25.775-0500] {logging_mixin.py:190} INFO - [2024-09-29T09:03:25.775-0500] {dag.py:3239} INFO - Sync 2 DAGs
[2024-09-29T09:03:25.790-0500] {logging_mixin.py:190} INFO - [2024-09-29T09:03:25.790-0500] {dag.py:4180} INFO - Setting next_dagrun for example_external_task_marker_child to None, run_after=None
[2024-09-29T09:03:25.794-0500] {logging_mixin.py:190} INFO - [2024-09-29T09:03:25.793-0500] {dag.py:4180} INFO - Setting next_dagrun for example_external_task_marker_parent to None, run_after=None
[2024-09-29T09:03:25.874-0500] {processor.py:208} INFO - Processing /home/d-salamanca/airflow-env/lib/python3.12/site-packages/airflow/example_dags/example_external_task_marker_dag.py took 0.173 seconds
[2024-09-29T09:05:12.676-0500] {processor.py:186} INFO - Started process (PID=33019) to work on /home/d-salamanca/airflow-env/lib/python3.12/site-packages/airflow/example_dags/example_external_task_marker_dag.py
[2024-09-29T09:05:12.702-0500] {processor.py:914} INFO - Processing file /home/d-salamanca/airflow-env/lib/python3.12/site-packages/airflow/example_dags/example_external_task_marker_dag.py for tasks to queue
[2024-09-29T09:05:12.708-0500] {logging_mixin.py:190} INFO - [2024-09-29T09:05:12.707-0500] {dagbag.py:588} INFO - Filling up the DagBag from /home/d-salamanca/airflow-env/lib/python3.12/site-packages/airflow/example_dags/example_external_task_marker_dag.py
[2024-09-29T09:05:12.759-0500] {processor.py:925} INFO - DAG(s) 'example_external_task_marker_parent', 'example_external_task_marker_child' retrieved from /home/d-salamanca/airflow-env/lib/python3.12/site-packages/airflow/example_dags/example_external_task_marker_dag.py
[2024-09-29T09:05:12.791-0500] {logging_mixin.py:190} INFO - [2024-09-29T09:05:12.781-0500] {dag.py:3239} INFO - Sync 2 DAGs
[2024-09-29T09:05:12.806-0500] {logging_mixin.py:190} INFO - [2024-09-29T09:05:12.805-0500] {dag.py:4180} INFO - Setting next_dagrun for example_external_task_marker_child to None, run_after=None
[2024-09-29T09:05:12.811-0500] {logging_mixin.py:190} INFO - [2024-09-29T09:05:12.810-0500] {dag.py:4180} INFO - Setting next_dagrun for example_external_task_marker_parent to None, run_after=None
[2024-09-29T09:05:12.929-0500] {processor.py:208} INFO - Processing /home/d-salamanca/airflow-env/lib/python3.12/site-packages/airflow/example_dags/example_external_task_marker_dag.py took 0.260 seconds
[2024-09-29T09:07:22.950-0500] {processor.py:186} INFO - Started process (PID=33106) to work on /home/d-salamanca/airflow-env/lib/python3.12/site-packages/airflow/example_dags/example_external_task_marker_dag.py
[2024-09-29T09:07:22.957-0500] {processor.py:914} INFO - Processing file /home/d-salamanca/airflow-env/lib/python3.12/site-packages/airflow/example_dags/example_external_task_marker_dag.py for tasks to queue
[2024-09-29T09:07:22.960-0500] {logging_mixin.py:190} INFO - [2024-09-29T09:07:22.959-0500] {dagbag.py:588} INFO - Filling up the DagBag from /home/d-salamanca/airflow-env/lib/python3.12/site-packages/airflow/example_dags/example_external_task_marker_dag.py
[2024-09-29T09:07:22.972-0500] {processor.py:925} INFO - DAG(s) 'example_external_task_marker_parent', 'example_external_task_marker_child' retrieved from /home/d-salamanca/airflow-env/lib/python3.12/site-packages/airflow/example_dags/example_external_task_marker_dag.py
[2024-09-29T09:07:22.997-0500] {logging_mixin.py:190} INFO - [2024-09-29T09:07:22.997-0500] {dag.py:3239} INFO - Sync 2 DAGs
[2024-09-29T09:07:23.017-0500] {logging_mixin.py:190} INFO - [2024-09-29T09:07:23.016-0500] {dag.py:4180} INFO - Setting next_dagrun for example_external_task_marker_child to None, run_after=None
[2024-09-29T09:07:23.022-0500] {logging_mixin.py:190} INFO - [2024-09-29T09:07:23.022-0500] {dag.py:4180} INFO - Setting next_dagrun for example_external_task_marker_parent to None, run_after=None
[2024-09-29T09:07:23.064-0500] {processor.py:208} INFO - Processing /home/d-salamanca/airflow-env/lib/python3.12/site-packages/airflow/example_dags/example_external_task_marker_dag.py took 0.123 seconds
[2024-09-29T09:08:35.755-0500] {processor.py:186} INFO - Started process (PID=33173) to work on /home/d-salamanca/airflow-env/lib/python3.12/site-packages/airflow/example_dags/example_external_task_marker_dag.py
[2024-09-29T09:08:35.804-0500] {processor.py:914} INFO - Processing file /home/d-salamanca/airflow-env/lib/python3.12/site-packages/airflow/example_dags/example_external_task_marker_dag.py for tasks to queue
[2024-09-29T09:08:35.807-0500] {logging_mixin.py:190} INFO - [2024-09-29T09:08:35.807-0500] {dagbag.py:588} INFO - Filling up the DagBag from /home/d-salamanca/airflow-env/lib/python3.12/site-packages/airflow/example_dags/example_external_task_marker_dag.py
[2024-09-29T09:08:35.821-0500] {processor.py:925} INFO - DAG(s) 'example_external_task_marker_parent', 'example_external_task_marker_child' retrieved from /home/d-salamanca/airflow-env/lib/python3.12/site-packages/airflow/example_dags/example_external_task_marker_dag.py
[2024-09-29T09:08:35.844-0500] {logging_mixin.py:190} INFO - [2024-09-29T09:08:35.844-0500] {dag.py:3239} INFO - Sync 2 DAGs
[2024-09-29T09:08:35.859-0500] {logging_mixin.py:190} INFO - [2024-09-29T09:08:35.859-0500] {dag.py:4180} INFO - Setting next_dagrun for example_external_task_marker_child to None, run_after=None
[2024-09-29T09:08:35.863-0500] {logging_mixin.py:190} INFO - [2024-09-29T09:08:35.863-0500] {dag.py:4180} INFO - Setting next_dagrun for example_external_task_marker_parent to None, run_after=None
[2024-09-29T09:08:35.940-0500] {processor.py:208} INFO - Processing /home/d-salamanca/airflow-env/lib/python3.12/site-packages/airflow/example_dags/example_external_task_marker_dag.py took 0.192 seconds
