[2024-09-29T00:19:52.730-0500] {processor.py:186} INFO - Started process (PID=28645) to work on /home/d-salamanca/airflow-env/lib/python3.12/site-packages/airflow/example_dags/example_bash_operator.py
[2024-09-29T00:19:52.731-0500] {processor.py:914} INFO - Processing file /home/d-salamanca/airflow-env/lib/python3.12/site-packages/airflow/example_dags/example_bash_operator.py for tasks to queue
[2024-09-29T00:19:52.733-0500] {logging_mixin.py:190} INFO - [2024-09-29T00:19:52.733-0500] {dagbag.py:588} INFO - Filling up the DagBag from /home/d-salamanca/airflow-env/lib/python3.12/site-packages/airflow/example_dags/example_bash_operator.py
[2024-09-29T00:19:52.776-0500] {processor.py:925} INFO - DAG(s) 'example_bash_operator' retrieved from /home/d-salamanca/airflow-env/lib/python3.12/site-packages/airflow/example_dags/example_bash_operator.py
[2024-09-29T00:19:52.913-0500] {logging_mixin.py:190} INFO - [2024-09-29T00:19:52.912-0500] {override.py:1901} INFO - Created Permission View: can edit on DAG:example_bash_operator
[2024-09-29T00:19:52.934-0500] {logging_mixin.py:190} INFO - [2024-09-29T00:19:52.934-0500] {override.py:1901} INFO - Created Permission View: can read on DAG:example_bash_operator
[2024-09-29T00:19:52.952-0500] {logging_mixin.py:190} INFO - [2024-09-29T00:19:52.952-0500] {override.py:1901} INFO - Created Permission View: can delete on DAG:example_bash_operator
[2024-09-29T00:19:52.984-0500] {logging_mixin.py:190} INFO - [2024-09-29T00:19:52.984-0500] {override.py:1901} INFO - Created Permission View: can create on DAG Run:example_bash_operator
[2024-09-29T00:19:53.024-0500] {logging_mixin.py:190} INFO - [2024-09-29T00:19:53.023-0500] {override.py:1901} INFO - Created Permission View: can read on DAG Run:example_bash_operator
[2024-09-29T00:19:53.050-0500] {logging_mixin.py:190} INFO - [2024-09-29T00:19:53.049-0500] {override.py:1901} INFO - Created Permission View: can delete on DAG Run:example_bash_operator
[2024-09-29T00:19:53.069-0500] {logging_mixin.py:190} INFO - [2024-09-29T00:19:53.068-0500] {override.py:1901} INFO - Created Permission View: menu access on DAG Run:example_bash_operator
[2024-09-29T00:19:53.069-0500] {logging_mixin.py:190} INFO - [2024-09-29T00:19:53.069-0500] {dag.py:3239} INFO - Sync 1 DAGs
[2024-09-29T00:19:53.090-0500] {logging_mixin.py:190} INFO - [2024-09-29T00:19:53.090-0500] {dag.py:3262} INFO - Creating ORM DAG for example_bash_operator
[2024-09-29T00:19:53.104-0500] {logging_mixin.py:190} INFO - [2024-09-29T00:19:53.103-0500] {dag.py:4180} INFO - Setting next_dagrun for example_bash_operator to 2024-09-28 00:00:00+00:00, run_after=2024-09-29 00:00:00+00:00
[2024-09-29T00:19:53.134-0500] {processor.py:208} INFO - Processing /home/d-salamanca/airflow-env/lib/python3.12/site-packages/airflow/example_dags/example_bash_operator.py took 0.412 seconds
[2024-09-29T00:21:33.635-0500] {processor.py:186} INFO - Started process (PID=28738) to work on /home/d-salamanca/airflow-env/lib/python3.12/site-packages/airflow/example_dags/example_bash_operator.py
[2024-09-29T00:21:34.365-0500] {processor.py:914} INFO - Processing file /home/d-salamanca/airflow-env/lib/python3.12/site-packages/airflow/example_dags/example_bash_operator.py for tasks to queue
[2024-09-29T00:21:34.369-0500] {logging_mixin.py:190} INFO - [2024-09-29T00:21:34.369-0500] {dagbag.py:588} INFO - Filling up the DagBag from /home/d-salamanca/airflow-env/lib/python3.12/site-packages/airflow/example_dags/example_bash_operator.py
[2024-09-29T00:21:34.390-0500] {processor.py:925} INFO - DAG(s) 'example_bash_operator' retrieved from /home/d-salamanca/airflow-env/lib/python3.12/site-packages/airflow/example_dags/example_bash_operator.py
[2024-09-29T00:21:36.126-0500] {logging_mixin.py:190} INFO - [2024-09-29T00:21:36.125-0500] {dag.py:3239} INFO - Sync 1 DAGs
[2024-09-29T00:21:36.148-0500] {logging_mixin.py:190} INFO - [2024-09-29T00:21:36.148-0500] {dag.py:4180} INFO - Setting next_dagrun for example_bash_operator to 2024-09-28 00:00:00+00:00, run_after=2024-09-29 00:00:00+00:00
[2024-09-29T00:21:37.271-0500] {processor.py:208} INFO - Processing /home/d-salamanca/airflow-env/lib/python3.12/site-packages/airflow/example_dags/example_bash_operator.py took 3.646 seconds
[2024-09-29T00:23:12.344-0500] {processor.py:186} INFO - Started process (PID=28813) to work on /home/d-salamanca/airflow-env/lib/python3.12/site-packages/airflow/example_dags/example_bash_operator.py
[2024-09-29T00:23:12.345-0500] {processor.py:914} INFO - Processing file /home/d-salamanca/airflow-env/lib/python3.12/site-packages/airflow/example_dags/example_bash_operator.py for tasks to queue
[2024-09-29T00:23:12.348-0500] {logging_mixin.py:190} INFO - [2024-09-29T00:23:12.347-0500] {dagbag.py:588} INFO - Filling up the DagBag from /home/d-salamanca/airflow-env/lib/python3.12/site-packages/airflow/example_dags/example_bash_operator.py
[2024-09-29T00:23:12.364-0500] {processor.py:925} INFO - DAG(s) 'example_bash_operator' retrieved from /home/d-salamanca/airflow-env/lib/python3.12/site-packages/airflow/example_dags/example_bash_operator.py
[2024-09-29T00:23:12.389-0500] {logging_mixin.py:190} INFO - [2024-09-29T00:23:12.388-0500] {dag.py:3239} INFO - Sync 1 DAGs
[2024-09-29T00:23:12.413-0500] {logging_mixin.py:190} INFO - [2024-09-29T00:23:12.413-0500] {dag.py:4180} INFO - Setting next_dagrun for example_bash_operator to 2024-09-28 00:00:00+00:00, run_after=2024-09-29 00:00:00+00:00
[2024-09-29T00:23:12.489-0500] {processor.py:208} INFO - Processing /home/d-salamanca/airflow-env/lib/python3.12/site-packages/airflow/example_dags/example_bash_operator.py took 0.153 seconds
[2024-09-29T00:24:38.698-0500] {processor.py:186} INFO - Started process (PID=28885) to work on /home/d-salamanca/airflow-env/lib/python3.12/site-packages/airflow/example_dags/example_bash_operator.py
[2024-09-29T00:24:38.699-0500] {processor.py:914} INFO - Processing file /home/d-salamanca/airflow-env/lib/python3.12/site-packages/airflow/example_dags/example_bash_operator.py for tasks to queue
[2024-09-29T00:24:38.702-0500] {logging_mixin.py:190} INFO - [2024-09-29T00:24:38.701-0500] {dagbag.py:588} INFO - Filling up the DagBag from /home/d-salamanca/airflow-env/lib/python3.12/site-packages/airflow/example_dags/example_bash_operator.py
[2024-09-29T00:24:38.717-0500] {processor.py:925} INFO - DAG(s) 'example_bash_operator' retrieved from /home/d-salamanca/airflow-env/lib/python3.12/site-packages/airflow/example_dags/example_bash_operator.py
[2024-09-29T00:24:38.745-0500] {logging_mixin.py:190} INFO - [2024-09-29T00:24:38.745-0500] {dag.py:3239} INFO - Sync 1 DAGs
[2024-09-29T00:24:38.769-0500] {logging_mixin.py:190} INFO - [2024-09-29T00:24:38.769-0500] {dag.py:4180} INFO - Setting next_dagrun for example_bash_operator to 2024-09-28 00:00:00+00:00, run_after=2024-09-29 00:00:00+00:00
[2024-09-29T00:24:38.835-0500] {processor.py:208} INFO - Processing /home/d-salamanca/airflow-env/lib/python3.12/site-packages/airflow/example_dags/example_bash_operator.py took 0.144 seconds
[2024-09-29T00:26:12.331-0500] {processor.py:186} INFO - Started process (PID=28958) to work on /home/d-salamanca/airflow-env/lib/python3.12/site-packages/airflow/example_dags/example_bash_operator.py
[2024-09-29T00:26:12.333-0500] {processor.py:914} INFO - Processing file /home/d-salamanca/airflow-env/lib/python3.12/site-packages/airflow/example_dags/example_bash_operator.py for tasks to queue
[2024-09-29T00:26:12.335-0500] {logging_mixin.py:190} INFO - [2024-09-29T00:26:12.335-0500] {dagbag.py:588} INFO - Filling up the DagBag from /home/d-salamanca/airflow-env/lib/python3.12/site-packages/airflow/example_dags/example_bash_operator.py
[2024-09-29T00:26:12.478-0500] {processor.py:925} INFO - DAG(s) 'example_bash_operator' retrieved from /home/d-salamanca/airflow-env/lib/python3.12/site-packages/airflow/example_dags/example_bash_operator.py
[2024-09-29T00:26:12.500-0500] {logging_mixin.py:190} INFO - [2024-09-29T00:26:12.500-0500] {dag.py:3239} INFO - Sync 1 DAGs
[2024-09-29T00:26:12.521-0500] {logging_mixin.py:190} INFO - [2024-09-29T00:26:12.520-0500] {dag.py:4180} INFO - Setting next_dagrun for example_bash_operator to 2024-09-28 00:00:00+00:00, run_after=2024-09-29 00:00:00+00:00
[2024-09-29T00:26:12.599-0500] {processor.py:208} INFO - Processing /home/d-salamanca/airflow-env/lib/python3.12/site-packages/airflow/example_dags/example_bash_operator.py took 0.277 seconds
[2024-09-29T00:27:41.916-0500] {processor.py:186} INFO - Started process (PID=29117) to work on /home/d-salamanca/airflow-env/lib/python3.12/site-packages/airflow/example_dags/example_bash_operator.py
[2024-09-29T00:27:41.950-0500] {processor.py:914} INFO - Processing file /home/d-salamanca/airflow-env/lib/python3.12/site-packages/airflow/example_dags/example_bash_operator.py for tasks to queue
[2024-09-29T00:27:41.954-0500] {logging_mixin.py:190} INFO - [2024-09-29T00:27:41.953-0500] {dagbag.py:588} INFO - Filling up the DagBag from /home/d-salamanca/airflow-env/lib/python3.12/site-packages/airflow/example_dags/example_bash_operator.py
[2024-09-29T00:27:42.046-0500] {processor.py:925} INFO - DAG(s) 'example_bash_operator' retrieved from /home/d-salamanca/airflow-env/lib/python3.12/site-packages/airflow/example_dags/example_bash_operator.py
[2024-09-29T00:27:42.096-0500] {logging_mixin.py:190} INFO - [2024-09-29T00:27:42.096-0500] {dag.py:3239} INFO - Sync 1 DAGs
[2024-09-29T00:27:42.129-0500] {logging_mixin.py:190} INFO - [2024-09-29T00:27:42.129-0500] {dag.py:4180} INFO - Setting next_dagrun for example_bash_operator to 2024-09-28 00:00:00+00:00, run_after=2024-09-29 00:00:00+00:00
[2024-09-29T00:27:42.193-0500] {processor.py:208} INFO - Processing /home/d-salamanca/airflow-env/lib/python3.12/site-packages/airflow/example_dags/example_bash_operator.py took 0.305 seconds
[2024-09-29T00:29:55.531-0500] {processor.py:186} INFO - Started process (PID=29249) to work on /home/d-salamanca/airflow-env/lib/python3.12/site-packages/airflow/example_dags/example_bash_operator.py
[2024-09-29T00:29:55.571-0500] {processor.py:914} INFO - Processing file /home/d-salamanca/airflow-env/lib/python3.12/site-packages/airflow/example_dags/example_bash_operator.py for tasks to queue
[2024-09-29T00:29:55.577-0500] {logging_mixin.py:190} INFO - [2024-09-29T00:29:55.576-0500] {dagbag.py:588} INFO - Filling up the DagBag from /home/d-salamanca/airflow-env/lib/python3.12/site-packages/airflow/example_dags/example_bash_operator.py
[2024-09-29T00:29:55.700-0500] {processor.py:925} INFO - DAG(s) 'example_bash_operator' retrieved from /home/d-salamanca/airflow-env/lib/python3.12/site-packages/airflow/example_dags/example_bash_operator.py
[2024-09-29T00:29:55.728-0500] {logging_mixin.py:190} INFO - [2024-09-29T00:29:55.728-0500] {dag.py:3239} INFO - Sync 1 DAGs
[2024-09-29T00:29:55.756-0500] {logging_mixin.py:190} INFO - [2024-09-29T00:29:55.756-0500] {dag.py:4180} INFO - Setting next_dagrun for example_bash_operator to 2024-09-28 00:00:00+00:00, run_after=2024-09-29 00:00:00+00:00
[2024-09-29T00:29:56.290-0500] {processor.py:208} INFO - Processing /home/d-salamanca/airflow-env/lib/python3.12/site-packages/airflow/example_dags/example_bash_operator.py took 0.769 seconds
[2024-09-29T00:32:06.092-0500] {processor.py:186} INFO - Started process (PID=29345) to work on /home/d-salamanca/airflow-env/lib/python3.12/site-packages/airflow/example_dags/example_bash_operator.py
[2024-09-29T00:32:06.141-0500] {processor.py:914} INFO - Processing file /home/d-salamanca/airflow-env/lib/python3.12/site-packages/airflow/example_dags/example_bash_operator.py for tasks to queue
[2024-09-29T00:32:06.147-0500] {logging_mixin.py:190} INFO - [2024-09-29T00:32:06.146-0500] {dagbag.py:588} INFO - Filling up the DagBag from /home/d-salamanca/airflow-env/lib/python3.12/site-packages/airflow/example_dags/example_bash_operator.py
[2024-09-29T00:32:06.180-0500] {processor.py:925} INFO - DAG(s) 'example_bash_operator' retrieved from /home/d-salamanca/airflow-env/lib/python3.12/site-packages/airflow/example_dags/example_bash_operator.py
[2024-09-29T00:32:06.207-0500] {logging_mixin.py:190} INFO - [2024-09-29T00:32:06.207-0500] {dag.py:3239} INFO - Sync 1 DAGs
[2024-09-29T00:32:06.232-0500] {logging_mixin.py:190} INFO - [2024-09-29T00:32:06.232-0500] {dag.py:4180} INFO - Setting next_dagrun for example_bash_operator to 2024-09-28 00:00:00+00:00, run_after=2024-09-29 00:00:00+00:00
[2024-09-29T00:32:06.259-0500] {processor.py:208} INFO - Processing /home/d-salamanca/airflow-env/lib/python3.12/site-packages/airflow/example_dags/example_bash_operator.py took 0.178 seconds
[2024-09-29T00:33:27.525-0500] {processor.py:186} INFO - Started process (PID=29425) to work on /home/d-salamanca/airflow-env/lib/python3.12/site-packages/airflow/example_dags/example_bash_operator.py
[2024-09-29T00:33:27.543-0500] {processor.py:914} INFO - Processing file /home/d-salamanca/airflow-env/lib/python3.12/site-packages/airflow/example_dags/example_bash_operator.py for tasks to queue
[2024-09-29T00:33:27.546-0500] {logging_mixin.py:190} INFO - [2024-09-29T00:33:27.546-0500] {dagbag.py:588} INFO - Filling up the DagBag from /home/d-salamanca/airflow-env/lib/python3.12/site-packages/airflow/example_dags/example_bash_operator.py
[2024-09-29T00:33:27.584-0500] {processor.py:925} INFO - DAG(s) 'example_bash_operator' retrieved from /home/d-salamanca/airflow-env/lib/python3.12/site-packages/airflow/example_dags/example_bash_operator.py
[2024-09-29T00:33:27.614-0500] {logging_mixin.py:190} INFO - [2024-09-29T00:33:27.614-0500] {dag.py:3239} INFO - Sync 1 DAGs
[2024-09-29T00:33:27.646-0500] {logging_mixin.py:190} INFO - [2024-09-29T00:33:27.646-0500] {dag.py:4180} INFO - Setting next_dagrun for example_bash_operator to 2024-09-28 00:00:00+00:00, run_after=2024-09-29 00:00:00+00:00
[2024-09-29T00:33:27.674-0500] {processor.py:208} INFO - Processing /home/d-salamanca/airflow-env/lib/python3.12/site-packages/airflow/example_dags/example_bash_operator.py took 0.158 seconds
[2024-09-29T08:19:40.823-0500] {processor.py:186} INFO - Started process (PID=29593) to work on /home/d-salamanca/airflow-env/lib/python3.12/site-packages/airflow/example_dags/example_bash_operator.py
[2024-09-29T08:19:40.847-0500] {processor.py:914} INFO - Processing file /home/d-salamanca/airflow-env/lib/python3.12/site-packages/airflow/example_dags/example_bash_operator.py for tasks to queue
[2024-09-29T08:19:40.852-0500] {logging_mixin.py:190} INFO - [2024-09-29T08:19:40.851-0500] {dagbag.py:588} INFO - Filling up the DagBag from /home/d-salamanca/airflow-env/lib/python3.12/site-packages/airflow/example_dags/example_bash_operator.py
[2024-09-29T08:19:41.012-0500] {processor.py:925} INFO - DAG(s) 'example_bash_operator' retrieved from /home/d-salamanca/airflow-env/lib/python3.12/site-packages/airflow/example_dags/example_bash_operator.py
[2024-09-29T08:19:41.105-0500] {logging_mixin.py:190} INFO - [2024-09-29T08:19:41.104-0500] {dag.py:3239} INFO - Sync 1 DAGs
[2024-09-29T08:19:41.167-0500] {logging_mixin.py:190} INFO - [2024-09-29T08:19:41.167-0500] {dag.py:4180} INFO - Setting next_dagrun for example_bash_operator to 2024-09-28 00:00:00+00:00, run_after=2024-09-29 00:00:00+00:00
[2024-09-29T08:19:41.370-0500] {processor.py:208} INFO - Processing /home/d-salamanca/airflow-env/lib/python3.12/site-packages/airflow/example_dags/example_bash_operator.py took 0.615 seconds
[2024-09-29T08:21:45.195-0500] {processor.py:186} INFO - Started process (PID=29853) to work on /home/d-salamanca/airflow-env/lib/python3.12/site-packages/airflow/example_dags/example_bash_operator.py
[2024-09-29T08:21:45.208-0500] {processor.py:914} INFO - Processing file /home/d-salamanca/airflow-env/lib/python3.12/site-packages/airflow/example_dags/example_bash_operator.py for tasks to queue
[2024-09-29T08:21:45.212-0500] {logging_mixin.py:190} INFO - [2024-09-29T08:21:45.211-0500] {dagbag.py:588} INFO - Filling up the DagBag from /home/d-salamanca/airflow-env/lib/python3.12/site-packages/airflow/example_dags/example_bash_operator.py
[2024-09-29T08:21:45.260-0500] {processor.py:925} INFO - DAG(s) 'example_bash_operator' retrieved from /home/d-salamanca/airflow-env/lib/python3.12/site-packages/airflow/example_dags/example_bash_operator.py
[2024-09-29T08:21:45.286-0500] {logging_mixin.py:190} INFO - [2024-09-29T08:21:45.286-0500] {dag.py:3239} INFO - Sync 1 DAGs
[2024-09-29T08:21:45.310-0500] {logging_mixin.py:190} INFO - [2024-09-29T08:21:45.310-0500] {dag.py:4180} INFO - Setting next_dagrun for example_bash_operator to 2024-09-28 00:00:00+00:00, run_after=2024-09-29 00:00:00+00:00
[2024-09-29T08:21:45.380-0500] {processor.py:208} INFO - Processing /home/d-salamanca/airflow-env/lib/python3.12/site-packages/airflow/example_dags/example_bash_operator.py took 0.197 seconds
[2024-09-29T08:23:31.644-0500] {processor.py:186} INFO - Started process (PID=29932) to work on /home/d-salamanca/airflow-env/lib/python3.12/site-packages/airflow/example_dags/example_bash_operator.py
[2024-09-29T08:23:31.665-0500] {processor.py:914} INFO - Processing file /home/d-salamanca/airflow-env/lib/python3.12/site-packages/airflow/example_dags/example_bash_operator.py for tasks to queue
[2024-09-29T08:23:31.668-0500] {logging_mixin.py:190} INFO - [2024-09-29T08:23:31.667-0500] {dagbag.py:588} INFO - Filling up the DagBag from /home/d-salamanca/airflow-env/lib/python3.12/site-packages/airflow/example_dags/example_bash_operator.py
[2024-09-29T08:23:31.732-0500] {processor.py:925} INFO - DAG(s) 'example_bash_operator' retrieved from /home/d-salamanca/airflow-env/lib/python3.12/site-packages/airflow/example_dags/example_bash_operator.py
[2024-09-29T08:23:31.760-0500] {logging_mixin.py:190} INFO - [2024-09-29T08:23:31.760-0500] {dag.py:3239} INFO - Sync 1 DAGs
[2024-09-29T08:23:31.789-0500] {logging_mixin.py:190} INFO - [2024-09-29T08:23:31.789-0500] {dag.py:4180} INFO - Setting next_dagrun for example_bash_operator to 2024-09-28 00:00:00+00:00, run_after=2024-09-29 00:00:00+00:00
[2024-09-29T08:23:31.946-0500] {processor.py:208} INFO - Processing /home/d-salamanca/airflow-env/lib/python3.12/site-packages/airflow/example_dags/example_bash_operator.py took 0.311 seconds
[2024-09-29T08:24:58.129-0500] {processor.py:186} INFO - Started process (PID=30033) to work on /home/d-salamanca/airflow-env/lib/python3.12/site-packages/airflow/example_dags/example_bash_operator.py
[2024-09-29T08:24:58.155-0500] {processor.py:914} INFO - Processing file /home/d-salamanca/airflow-env/lib/python3.12/site-packages/airflow/example_dags/example_bash_operator.py for tasks to queue
[2024-09-29T08:24:58.162-0500] {logging_mixin.py:190} INFO - [2024-09-29T08:24:58.161-0500] {dagbag.py:588} INFO - Filling up the DagBag from /home/d-salamanca/airflow-env/lib/python3.12/site-packages/airflow/example_dags/example_bash_operator.py
[2024-09-29T08:24:58.183-0500] {processor.py:925} INFO - DAG(s) 'example_bash_operator' retrieved from /home/d-salamanca/airflow-env/lib/python3.12/site-packages/airflow/example_dags/example_bash_operator.py
[2024-09-29T08:24:58.209-0500] {logging_mixin.py:190} INFO - [2024-09-29T08:24:58.209-0500] {dag.py:3239} INFO - Sync 1 DAGs
[2024-09-29T08:24:58.234-0500] {logging_mixin.py:190} INFO - [2024-09-29T08:24:58.234-0500] {dag.py:4180} INFO - Setting next_dagrun for example_bash_operator to 2024-09-28 00:00:00+00:00, run_after=2024-09-29 00:00:00+00:00
[2024-09-29T08:24:58.263-0500] {processor.py:208} INFO - Processing /home/d-salamanca/airflow-env/lib/python3.12/site-packages/airflow/example_dags/example_bash_operator.py took 0.148 seconds
[2024-09-29T08:26:24.980-0500] {processor.py:186} INFO - Started process (PID=30108) to work on /home/d-salamanca/airflow-env/lib/python3.12/site-packages/airflow/example_dags/example_bash_operator.py
[2024-09-29T08:26:25.013-0500] {processor.py:914} INFO - Processing file /home/d-salamanca/airflow-env/lib/python3.12/site-packages/airflow/example_dags/example_bash_operator.py for tasks to queue
[2024-09-29T08:26:25.017-0500] {logging_mixin.py:190} INFO - [2024-09-29T08:26:25.016-0500] {dagbag.py:588} INFO - Filling up the DagBag from /home/d-salamanca/airflow-env/lib/python3.12/site-packages/airflow/example_dags/example_bash_operator.py
[2024-09-29T08:26:25.056-0500] {processor.py:925} INFO - DAG(s) 'example_bash_operator' retrieved from /home/d-salamanca/airflow-env/lib/python3.12/site-packages/airflow/example_dags/example_bash_operator.py
[2024-09-29T08:26:25.080-0500] {logging_mixin.py:190} INFO - [2024-09-29T08:26:25.080-0500] {dag.py:3239} INFO - Sync 1 DAGs
[2024-09-29T08:26:25.103-0500] {logging_mixin.py:190} INFO - [2024-09-29T08:26:25.103-0500] {dag.py:4180} INFO - Setting next_dagrun for example_bash_operator to 2024-09-28 00:00:00+00:00, run_after=2024-09-29 00:00:00+00:00
[2024-09-29T08:26:25.488-0500] {processor.py:208} INFO - Processing /home/d-salamanca/airflow-env/lib/python3.12/site-packages/airflow/example_dags/example_bash_operator.py took 0.521 seconds
[2024-09-29T08:27:44.715-0500] {processor.py:186} INFO - Started process (PID=30175) to work on /home/d-salamanca/airflow-env/lib/python3.12/site-packages/airflow/example_dags/example_bash_operator.py
[2024-09-29T08:27:44.728-0500] {processor.py:914} INFO - Processing file /home/d-salamanca/airflow-env/lib/python3.12/site-packages/airflow/example_dags/example_bash_operator.py for tasks to queue
[2024-09-29T08:27:44.731-0500] {logging_mixin.py:190} INFO - [2024-09-29T08:27:44.730-0500] {dagbag.py:588} INFO - Filling up the DagBag from /home/d-salamanca/airflow-env/lib/python3.12/site-packages/airflow/example_dags/example_bash_operator.py
[2024-09-29T08:27:44.748-0500] {processor.py:925} INFO - DAG(s) 'example_bash_operator' retrieved from /home/d-salamanca/airflow-env/lib/python3.12/site-packages/airflow/example_dags/example_bash_operator.py
[2024-09-29T08:27:44.774-0500] {logging_mixin.py:190} INFO - [2024-09-29T08:27:44.774-0500] {dag.py:3239} INFO - Sync 1 DAGs
[2024-09-29T08:27:44.800-0500] {logging_mixin.py:190} INFO - [2024-09-29T08:27:44.800-0500] {dag.py:4180} INFO - Setting next_dagrun for example_bash_operator to 2024-09-28 00:00:00+00:00, run_after=2024-09-29 00:00:00+00:00
[2024-09-29T08:27:44.833-0500] {processor.py:208} INFO - Processing /home/d-salamanca/airflow-env/lib/python3.12/site-packages/airflow/example_dags/example_bash_operator.py took 0.126 seconds
[2024-09-29T08:28:58.422-0500] {processor.py:186} INFO - Started process (PID=30242) to work on /home/d-salamanca/airflow-env/lib/python3.12/site-packages/airflow/example_dags/example_bash_operator.py
[2024-09-29T08:28:58.424-0500] {processor.py:914} INFO - Processing file /home/d-salamanca/airflow-env/lib/python3.12/site-packages/airflow/example_dags/example_bash_operator.py for tasks to queue
[2024-09-29T08:28:58.426-0500] {logging_mixin.py:190} INFO - [2024-09-29T08:28:58.426-0500] {dagbag.py:588} INFO - Filling up the DagBag from /home/d-salamanca/airflow-env/lib/python3.12/site-packages/airflow/example_dags/example_bash_operator.py
[2024-09-29T08:28:58.442-0500] {processor.py:925} INFO - DAG(s) 'example_bash_operator' retrieved from /home/d-salamanca/airflow-env/lib/python3.12/site-packages/airflow/example_dags/example_bash_operator.py
[2024-09-29T08:28:58.467-0500] {logging_mixin.py:190} INFO - [2024-09-29T08:28:58.466-0500] {dag.py:3239} INFO - Sync 1 DAGs
[2024-09-29T08:28:58.490-0500] {logging_mixin.py:190} INFO - [2024-09-29T08:28:58.490-0500] {dag.py:4180} INFO - Setting next_dagrun for example_bash_operator to 2024-09-28 00:00:00+00:00, run_after=2024-09-29 00:00:00+00:00
[2024-09-29T08:28:59.191-0500] {processor.py:208} INFO - Processing /home/d-salamanca/airflow-env/lib/python3.12/site-packages/airflow/example_dags/example_bash_operator.py took 0.776 seconds
[2024-09-29T08:30:27.929-0500] {processor.py:186} INFO - Started process (PID=30321) to work on /home/d-salamanca/airflow-env/lib/python3.12/site-packages/airflow/example_dags/example_bash_operator.py
[2024-09-29T08:30:27.930-0500] {processor.py:914} INFO - Processing file /home/d-salamanca/airflow-env/lib/python3.12/site-packages/airflow/example_dags/example_bash_operator.py for tasks to queue
[2024-09-29T08:30:27.932-0500] {logging_mixin.py:190} INFO - [2024-09-29T08:30:27.932-0500] {dagbag.py:588} INFO - Filling up the DagBag from /home/d-salamanca/airflow-env/lib/python3.12/site-packages/airflow/example_dags/example_bash_operator.py
[2024-09-29T08:30:27.948-0500] {processor.py:925} INFO - DAG(s) 'example_bash_operator' retrieved from /home/d-salamanca/airflow-env/lib/python3.12/site-packages/airflow/example_dags/example_bash_operator.py
[2024-09-29T08:30:27.972-0500] {logging_mixin.py:190} INFO - [2024-09-29T08:30:27.972-0500] {dag.py:3239} INFO - Sync 1 DAGs
[2024-09-29T08:30:27.995-0500] {logging_mixin.py:190} INFO - [2024-09-29T08:30:27.995-0500] {dag.py:4180} INFO - Setting next_dagrun for example_bash_operator to 2024-09-28 00:00:00+00:00, run_after=2024-09-29 00:00:00+00:00
[2024-09-29T08:30:28.022-0500] {processor.py:208} INFO - Processing /home/d-salamanca/airflow-env/lib/python3.12/site-packages/airflow/example_dags/example_bash_operator.py took 0.100 seconds
[2024-09-29T08:32:00.525-0500] {processor.py:186} INFO - Started process (PID=30403) to work on /home/d-salamanca/airflow-env/lib/python3.12/site-packages/airflow/example_dags/example_bash_operator.py
[2024-09-29T08:32:00.539-0500] {processor.py:914} INFO - Processing file /home/d-salamanca/airflow-env/lib/python3.12/site-packages/airflow/example_dags/example_bash_operator.py for tasks to queue
[2024-09-29T08:32:00.543-0500] {logging_mixin.py:190} INFO - [2024-09-29T08:32:00.542-0500] {dagbag.py:588} INFO - Filling up the DagBag from /home/d-salamanca/airflow-env/lib/python3.12/site-packages/airflow/example_dags/example_bash_operator.py
[2024-09-29T08:32:00.560-0500] {processor.py:925} INFO - DAG(s) 'example_bash_operator' retrieved from /home/d-salamanca/airflow-env/lib/python3.12/site-packages/airflow/example_dags/example_bash_operator.py
[2024-09-29T08:32:00.585-0500] {logging_mixin.py:190} INFO - [2024-09-29T08:32:00.585-0500] {dag.py:3239} INFO - Sync 1 DAGs
[2024-09-29T08:32:00.610-0500] {logging_mixin.py:190} INFO - [2024-09-29T08:32:00.610-0500] {dag.py:4180} INFO - Setting next_dagrun for example_bash_operator to 2024-09-28 00:00:00+00:00, run_after=2024-09-29 00:00:00+00:00
[2024-09-29T08:32:00.719-0500] {processor.py:208} INFO - Processing /home/d-salamanca/airflow-env/lib/python3.12/site-packages/airflow/example_dags/example_bash_operator.py took 0.201 seconds
[2024-09-29T08:33:33.779-0500] {processor.py:186} INFO - Started process (PID=30481) to work on /home/d-salamanca/airflow-env/lib/python3.12/site-packages/airflow/example_dags/example_bash_operator.py
[2024-09-29T08:33:33.780-0500] {processor.py:914} INFO - Processing file /home/d-salamanca/airflow-env/lib/python3.12/site-packages/airflow/example_dags/example_bash_operator.py for tasks to queue
[2024-09-29T08:33:33.784-0500] {logging_mixin.py:190} INFO - [2024-09-29T08:33:33.783-0500] {dagbag.py:588} INFO - Filling up the DagBag from /home/d-salamanca/airflow-env/lib/python3.12/site-packages/airflow/example_dags/example_bash_operator.py
[2024-09-29T08:33:33.805-0500] {processor.py:925} INFO - DAG(s) 'example_bash_operator' retrieved from /home/d-salamanca/airflow-env/lib/python3.12/site-packages/airflow/example_dags/example_bash_operator.py
[2024-09-29T08:33:33.831-0500] {logging_mixin.py:190} INFO - [2024-09-29T08:33:33.831-0500] {dag.py:3239} INFO - Sync 1 DAGs
[2024-09-29T08:33:33.855-0500] {logging_mixin.py:190} INFO - [2024-09-29T08:33:33.855-0500] {dag.py:4180} INFO - Setting next_dagrun for example_bash_operator to 2024-09-28 00:00:00+00:00, run_after=2024-09-29 00:00:00+00:00
[2024-09-29T08:33:33.916-0500] {processor.py:208} INFO - Processing /home/d-salamanca/airflow-env/lib/python3.12/site-packages/airflow/example_dags/example_bash_operator.py took 0.149 seconds
[2024-09-29T08:34:57.032-0500] {processor.py:186} INFO - Started process (PID=30545) to work on /home/d-salamanca/airflow-env/lib/python3.12/site-packages/airflow/example_dags/example_bash_operator.py
[2024-09-29T08:34:57.033-0500] {processor.py:914} INFO - Processing file /home/d-salamanca/airflow-env/lib/python3.12/site-packages/airflow/example_dags/example_bash_operator.py for tasks to queue
[2024-09-29T08:34:57.037-0500] {logging_mixin.py:190} INFO - [2024-09-29T08:34:57.037-0500] {dagbag.py:588} INFO - Filling up the DagBag from /home/d-salamanca/airflow-env/lib/python3.12/site-packages/airflow/example_dags/example_bash_operator.py
[2024-09-29T08:34:57.056-0500] {processor.py:925} INFO - DAG(s) 'example_bash_operator' retrieved from /home/d-salamanca/airflow-env/lib/python3.12/site-packages/airflow/example_dags/example_bash_operator.py
[2024-09-29T08:34:57.081-0500] {logging_mixin.py:190} INFO - [2024-09-29T08:34:57.081-0500] {dag.py:3239} INFO - Sync 1 DAGs
[2024-09-29T08:34:57.104-0500] {logging_mixin.py:190} INFO - [2024-09-29T08:34:57.104-0500] {dag.py:4180} INFO - Setting next_dagrun for example_bash_operator to 2024-09-28 00:00:00+00:00, run_after=2024-09-29 00:00:00+00:00
[2024-09-29T08:34:57.152-0500] {processor.py:208} INFO - Processing /home/d-salamanca/airflow-env/lib/python3.12/site-packages/airflow/example_dags/example_bash_operator.py took 0.127 seconds
[2024-09-29T08:37:35.212-0500] {processor.py:186} INFO - Started process (PID=31025) to work on /home/d-salamanca/airflow-env/lib/python3.12/site-packages/airflow/example_dags/example_bash_operator.py
[2024-09-29T08:37:35.277-0500] {processor.py:914} INFO - Processing file /home/d-salamanca/airflow-env/lib/python3.12/site-packages/airflow/example_dags/example_bash_operator.py for tasks to queue
[2024-09-29T08:37:35.281-0500] {logging_mixin.py:190} INFO - [2024-09-29T08:37:35.280-0500] {dagbag.py:588} INFO - Filling up the DagBag from /home/d-salamanca/airflow-env/lib/python3.12/site-packages/airflow/example_dags/example_bash_operator.py
[2024-09-29T08:37:35.313-0500] {processor.py:925} INFO - DAG(s) 'example_bash_operator' retrieved from /home/d-salamanca/airflow-env/lib/python3.12/site-packages/airflow/example_dags/example_bash_operator.py
[2024-09-29T08:37:35.341-0500] {logging_mixin.py:190} INFO - [2024-09-29T08:37:35.341-0500] {dag.py:3239} INFO - Sync 1 DAGs
[2024-09-29T08:37:35.365-0500] {logging_mixin.py:190} INFO - [2024-09-29T08:37:35.365-0500] {dag.py:4180} INFO - Setting next_dagrun for example_bash_operator to 2024-09-28 00:00:00+00:00, run_after=2024-09-29 00:00:00+00:00
[2024-09-29T08:37:35.545-0500] {processor.py:208} INFO - Processing /home/d-salamanca/airflow-env/lib/python3.12/site-packages/airflow/example_dags/example_bash_operator.py took 0.345 seconds
[2024-09-29T08:38:56.706-0500] {processor.py:186} INFO - Started process (PID=31096) to work on /home/d-salamanca/airflow-env/lib/python3.12/site-packages/airflow/example_dags/example_bash_operator.py
[2024-09-29T08:38:56.888-0500] {processor.py:914} INFO - Processing file /home/d-salamanca/airflow-env/lib/python3.12/site-packages/airflow/example_dags/example_bash_operator.py for tasks to queue
[2024-09-29T08:38:56.894-0500] {logging_mixin.py:190} INFO - [2024-09-29T08:38:56.893-0500] {dagbag.py:588} INFO - Filling up the DagBag from /home/d-salamanca/airflow-env/lib/python3.12/site-packages/airflow/example_dags/example_bash_operator.py
[2024-09-29T08:38:56.948-0500] {processor.py:925} INFO - DAG(s) 'example_bash_operator' retrieved from /home/d-salamanca/airflow-env/lib/python3.12/site-packages/airflow/example_dags/example_bash_operator.py
[2024-09-29T08:38:56.973-0500] {logging_mixin.py:190} INFO - [2024-09-29T08:38:56.973-0500] {dag.py:3239} INFO - Sync 1 DAGs
[2024-09-29T08:38:56.997-0500] {logging_mixin.py:190} INFO - [2024-09-29T08:38:56.997-0500] {dag.py:4180} INFO - Setting next_dagrun for example_bash_operator to 2024-09-28 00:00:00+00:00, run_after=2024-09-29 00:00:00+00:00
[2024-09-29T08:38:57.048-0500] {processor.py:208} INFO - Processing /home/d-salamanca/airflow-env/lib/python3.12/site-packages/airflow/example_dags/example_bash_operator.py took 0.349 seconds
[2024-09-29T08:40:31.249-0500] {processor.py:186} INFO - Started process (PID=31174) to work on /home/d-salamanca/airflow-env/lib/python3.12/site-packages/airflow/example_dags/example_bash_operator.py
[2024-09-29T08:40:31.250-0500] {processor.py:914} INFO - Processing file /home/d-salamanca/airflow-env/lib/python3.12/site-packages/airflow/example_dags/example_bash_operator.py for tasks to queue
[2024-09-29T08:40:31.253-0500] {logging_mixin.py:190} INFO - [2024-09-29T08:40:31.253-0500] {dagbag.py:588} INFO - Filling up the DagBag from /home/d-salamanca/airflow-env/lib/python3.12/site-packages/airflow/example_dags/example_bash_operator.py
[2024-09-29T08:40:31.269-0500] {processor.py:925} INFO - DAG(s) 'example_bash_operator' retrieved from /home/d-salamanca/airflow-env/lib/python3.12/site-packages/airflow/example_dags/example_bash_operator.py
[2024-09-29T08:40:31.294-0500] {logging_mixin.py:190} INFO - [2024-09-29T08:40:31.294-0500] {dag.py:3239} INFO - Sync 1 DAGs
[2024-09-29T08:40:31.317-0500] {logging_mixin.py:190} INFO - [2024-09-29T08:40:31.317-0500] {dag.py:4180} INFO - Setting next_dagrun for example_bash_operator to 2024-09-28 00:00:00+00:00, run_after=2024-09-29 00:00:00+00:00
[2024-09-29T08:40:31.372-0500] {processor.py:208} INFO - Processing /home/d-salamanca/airflow-env/lib/python3.12/site-packages/airflow/example_dags/example_bash_operator.py took 0.130 seconds
[2024-09-29T08:42:02.008-0500] {processor.py:186} INFO - Started process (PID=31245) to work on /home/d-salamanca/airflow-env/lib/python3.12/site-packages/airflow/example_dags/example_bash_operator.py
[2024-09-29T08:42:02.045-0500] {processor.py:914} INFO - Processing file /home/d-salamanca/airflow-env/lib/python3.12/site-packages/airflow/example_dags/example_bash_operator.py for tasks to queue
[2024-09-29T08:42:02.050-0500] {logging_mixin.py:190} INFO - [2024-09-29T08:42:02.049-0500] {dagbag.py:588} INFO - Filling up the DagBag from /home/d-salamanca/airflow-env/lib/python3.12/site-packages/airflow/example_dags/example_bash_operator.py
[2024-09-29T08:42:02.071-0500] {processor.py:925} INFO - DAG(s) 'example_bash_operator' retrieved from /home/d-salamanca/airflow-env/lib/python3.12/site-packages/airflow/example_dags/example_bash_operator.py
[2024-09-29T08:42:02.097-0500] {logging_mixin.py:190} INFO - [2024-09-29T08:42:02.096-0500] {dag.py:3239} INFO - Sync 1 DAGs
[2024-09-29T08:42:02.121-0500] {logging_mixin.py:190} INFO - [2024-09-29T08:42:02.121-0500] {dag.py:4180} INFO - Setting next_dagrun for example_bash_operator to 2024-09-28 00:00:00+00:00, run_after=2024-09-29 00:00:00+00:00
[2024-09-29T08:42:02.260-0500] {processor.py:208} INFO - Processing /home/d-salamanca/airflow-env/lib/python3.12/site-packages/airflow/example_dags/example_bash_operator.py took 0.260 seconds
[2024-09-29T08:43:35.227-0500] {processor.py:186} INFO - Started process (PID=31319) to work on /home/d-salamanca/airflow-env/lib/python3.12/site-packages/airflow/example_dags/example_bash_operator.py
[2024-09-29T08:43:35.269-0500] {processor.py:914} INFO - Processing file /home/d-salamanca/airflow-env/lib/python3.12/site-packages/airflow/example_dags/example_bash_operator.py for tasks to queue
[2024-09-29T08:43:35.276-0500] {logging_mixin.py:190} INFO - [2024-09-29T08:43:35.275-0500] {dagbag.py:588} INFO - Filling up the DagBag from /home/d-salamanca/airflow-env/lib/python3.12/site-packages/airflow/example_dags/example_bash_operator.py
[2024-09-29T08:43:35.295-0500] {processor.py:925} INFO - DAG(s) 'example_bash_operator' retrieved from /home/d-salamanca/airflow-env/lib/python3.12/site-packages/airflow/example_dags/example_bash_operator.py
[2024-09-29T08:43:35.321-0500] {logging_mixin.py:190} INFO - [2024-09-29T08:43:35.320-0500] {dag.py:3239} INFO - Sync 1 DAGs
[2024-09-29T08:43:35.348-0500] {logging_mixin.py:190} INFO - [2024-09-29T08:43:35.348-0500] {dag.py:4180} INFO - Setting next_dagrun for example_bash_operator to 2024-09-28 00:00:00+00:00, run_after=2024-09-29 00:00:00+00:00
[2024-09-29T08:43:35.385-0500] {processor.py:208} INFO - Processing /home/d-salamanca/airflow-env/lib/python3.12/site-packages/airflow/example_dags/example_bash_operator.py took 0.165 seconds
[2024-09-29T08:44:57.800-0500] {processor.py:186} INFO - Started process (PID=31395) to work on /home/d-salamanca/airflow-env/lib/python3.12/site-packages/airflow/example_dags/example_bash_operator.py
[2024-09-29T08:44:57.817-0500] {processor.py:914} INFO - Processing file /home/d-salamanca/airflow-env/lib/python3.12/site-packages/airflow/example_dags/example_bash_operator.py for tasks to queue
[2024-09-29T08:44:57.820-0500] {logging_mixin.py:190} INFO - [2024-09-29T08:44:57.820-0500] {dagbag.py:588} INFO - Filling up the DagBag from /home/d-salamanca/airflow-env/lib/python3.12/site-packages/airflow/example_dags/example_bash_operator.py
[2024-09-29T08:44:57.838-0500] {processor.py:925} INFO - DAG(s) 'example_bash_operator' retrieved from /home/d-salamanca/airflow-env/lib/python3.12/site-packages/airflow/example_dags/example_bash_operator.py
[2024-09-29T08:44:57.863-0500] {logging_mixin.py:190} INFO - [2024-09-29T08:44:57.863-0500] {dag.py:3239} INFO - Sync 1 DAGs
[2024-09-29T08:44:57.887-0500] {logging_mixin.py:190} INFO - [2024-09-29T08:44:57.887-0500] {dag.py:4180} INFO - Setting next_dagrun for example_bash_operator to 2024-09-28 00:00:00+00:00, run_after=2024-09-29 00:00:00+00:00
[2024-09-29T08:44:57.914-0500] {processor.py:208} INFO - Processing /home/d-salamanca/airflow-env/lib/python3.12/site-packages/airflow/example_dags/example_bash_operator.py took 0.123 seconds
[2024-09-29T08:46:56.172-0500] {processor.py:186} INFO - Started process (PID=31472) to work on /home/d-salamanca/airflow-env/lib/python3.12/site-packages/airflow/example_dags/example_bash_operator.py
[2024-09-29T08:46:56.201-0500] {processor.py:914} INFO - Processing file /home/d-salamanca/airflow-env/lib/python3.12/site-packages/airflow/example_dags/example_bash_operator.py for tasks to queue
[2024-09-29T08:46:56.206-0500] {logging_mixin.py:190} INFO - [2024-09-29T08:46:56.205-0500] {dagbag.py:588} INFO - Filling up the DagBag from /home/d-salamanca/airflow-env/lib/python3.12/site-packages/airflow/example_dags/example_bash_operator.py
[2024-09-29T08:46:56.223-0500] {processor.py:925} INFO - DAG(s) 'example_bash_operator' retrieved from /home/d-salamanca/airflow-env/lib/python3.12/site-packages/airflow/example_dags/example_bash_operator.py
[2024-09-29T08:46:56.248-0500] {logging_mixin.py:190} INFO - [2024-09-29T08:46:56.248-0500] {dag.py:3239} INFO - Sync 1 DAGs
[2024-09-29T08:46:56.271-0500] {logging_mixin.py:190} INFO - [2024-09-29T08:46:56.271-0500] {dag.py:4180} INFO - Setting next_dagrun for example_bash_operator to 2024-09-28 00:00:00+00:00, run_after=2024-09-29 00:00:00+00:00
[2024-09-29T08:46:56.435-0500] {processor.py:208} INFO - Processing /home/d-salamanca/airflow-env/lib/python3.12/site-packages/airflow/example_dags/example_bash_operator.py took 0.270 seconds
[2024-09-29T08:48:24.162-0500] {processor.py:186} INFO - Started process (PID=31558) to work on /home/d-salamanca/airflow-env/lib/python3.12/site-packages/airflow/example_dags/example_bash_operator.py
[2024-09-29T08:48:24.191-0500] {processor.py:914} INFO - Processing file /home/d-salamanca/airflow-env/lib/python3.12/site-packages/airflow/example_dags/example_bash_operator.py for tasks to queue
[2024-09-29T08:48:24.196-0500] {logging_mixin.py:190} INFO - [2024-09-29T08:48:24.195-0500] {dagbag.py:588} INFO - Filling up the DagBag from /home/d-salamanca/airflow-env/lib/python3.12/site-packages/airflow/example_dags/example_bash_operator.py
[2024-09-29T08:48:24.215-0500] {processor.py:925} INFO - DAG(s) 'example_bash_operator' retrieved from /home/d-salamanca/airflow-env/lib/python3.12/site-packages/airflow/example_dags/example_bash_operator.py
[2024-09-29T08:48:24.241-0500] {logging_mixin.py:190} INFO - [2024-09-29T08:48:24.241-0500] {dag.py:3239} INFO - Sync 1 DAGs
[2024-09-29T08:48:24.266-0500] {logging_mixin.py:190} INFO - [2024-09-29T08:48:24.265-0500] {dag.py:4180} INFO - Setting next_dagrun for example_bash_operator to 2024-09-28 00:00:00+00:00, run_after=2024-09-29 00:00:00+00:00
[2024-09-29T08:48:24.310-0500] {processor.py:208} INFO - Processing /home/d-salamanca/airflow-env/lib/python3.12/site-packages/airflow/example_dags/example_bash_operator.py took 0.157 seconds
[2024-09-29T08:49:49.740-0500] {processor.py:186} INFO - Started process (PID=31630) to work on /home/d-salamanca/airflow-env/lib/python3.12/site-packages/airflow/example_dags/example_bash_operator.py
[2024-09-29T08:49:49.764-0500] {processor.py:914} INFO - Processing file /home/d-salamanca/airflow-env/lib/python3.12/site-packages/airflow/example_dags/example_bash_operator.py for tasks to queue
[2024-09-29T08:49:49.769-0500] {logging_mixin.py:190} INFO - [2024-09-29T08:49:49.768-0500] {dagbag.py:588} INFO - Filling up the DagBag from /home/d-salamanca/airflow-env/lib/python3.12/site-packages/airflow/example_dags/example_bash_operator.py
[2024-09-29T08:49:49.789-0500] {processor.py:925} INFO - DAG(s) 'example_bash_operator' retrieved from /home/d-salamanca/airflow-env/lib/python3.12/site-packages/airflow/example_dags/example_bash_operator.py
[2024-09-29T08:49:49.815-0500] {logging_mixin.py:190} INFO - [2024-09-29T08:49:49.815-0500] {dag.py:3239} INFO - Sync 1 DAGs
[2024-09-29T08:49:49.866-0500] {logging_mixin.py:190} INFO - [2024-09-29T08:49:49.866-0500] {dag.py:4180} INFO - Setting next_dagrun for example_bash_operator to 2024-09-28 00:00:00+00:00, run_after=2024-09-29 00:00:00+00:00
[2024-09-29T08:49:49.898-0500] {processor.py:208} INFO - Processing /home/d-salamanca/airflow-env/lib/python3.12/site-packages/airflow/example_dags/example_bash_operator.py took 0.167 seconds
[2024-09-29T08:51:47.217-0500] {processor.py:186} INFO - Started process (PID=31924) to work on /home/d-salamanca/airflow-env/lib/python3.12/site-packages/airflow/example_dags/example_bash_operator.py
[2024-09-29T08:51:47.553-0500] {processor.py:914} INFO - Processing file /home/d-salamanca/airflow-env/lib/python3.12/site-packages/airflow/example_dags/example_bash_operator.py for tasks to queue
[2024-09-29T08:51:47.558-0500] {logging_mixin.py:190} INFO - [2024-09-29T08:51:47.557-0500] {dagbag.py:588} INFO - Filling up the DagBag from /home/d-salamanca/airflow-env/lib/python3.12/site-packages/airflow/example_dags/example_bash_operator.py
[2024-09-29T08:51:47.695-0500] {processor.py:925} INFO - DAG(s) 'example_bash_operator' retrieved from /home/d-salamanca/airflow-env/lib/python3.12/site-packages/airflow/example_dags/example_bash_operator.py
[2024-09-29T08:51:47.726-0500] {logging_mixin.py:190} INFO - [2024-09-29T08:51:47.725-0500] {dag.py:3239} INFO - Sync 1 DAGs
[2024-09-29T08:51:47.758-0500] {logging_mixin.py:190} INFO - [2024-09-29T08:51:47.757-0500] {dag.py:4180} INFO - Setting next_dagrun for example_bash_operator to 2024-09-28 00:00:00+00:00, run_after=2024-09-29 00:00:00+00:00
[2024-09-29T08:51:54.272-0500] {processor.py:208} INFO - Processing /home/d-salamanca/airflow-env/lib/python3.12/site-packages/airflow/example_dags/example_bash_operator.py took 7.062 seconds
[2024-09-29T08:54:09.287-0500] {processor.py:186} INFO - Started process (PID=32025) to work on /home/d-salamanca/airflow-env/lib/python3.12/site-packages/airflow/example_dags/example_bash_operator.py
[2024-09-29T08:54:09.354-0500] {processor.py:914} INFO - Processing file /home/d-salamanca/airflow-env/lib/python3.12/site-packages/airflow/example_dags/example_bash_operator.py for tasks to queue
[2024-09-29T08:54:09.360-0500] {logging_mixin.py:190} INFO - [2024-09-29T08:54:09.359-0500] {dagbag.py:588} INFO - Filling up the DagBag from /home/d-salamanca/airflow-env/lib/python3.12/site-packages/airflow/example_dags/example_bash_operator.py
[2024-09-29T08:54:09.396-0500] {processor.py:925} INFO - DAG(s) 'example_bash_operator' retrieved from /home/d-salamanca/airflow-env/lib/python3.12/site-packages/airflow/example_dags/example_bash_operator.py
[2024-09-29T08:54:09.421-0500] {logging_mixin.py:190} INFO - [2024-09-29T08:54:09.420-0500] {dag.py:3239} INFO - Sync 1 DAGs
[2024-09-29T08:54:09.444-0500] {logging_mixin.py:190} INFO - [2024-09-29T08:54:09.444-0500] {dag.py:4180} INFO - Setting next_dagrun for example_bash_operator to 2024-09-28 00:00:00+00:00, run_after=2024-09-29 00:00:00+00:00
[2024-09-29T08:54:09.571-0500] {processor.py:208} INFO - Processing /home/d-salamanca/airflow-env/lib/python3.12/site-packages/airflow/example_dags/example_bash_operator.py took 0.292 seconds
[2024-09-29T08:55:41.282-0500] {processor.py:186} INFO - Started process (PID=32102) to work on /home/d-salamanca/airflow-env/lib/python3.12/site-packages/airflow/example_dags/example_bash_operator.py
[2024-09-29T08:55:41.322-0500] {processor.py:914} INFO - Processing file /home/d-salamanca/airflow-env/lib/python3.12/site-packages/airflow/example_dags/example_bash_operator.py for tasks to queue
[2024-09-29T08:55:41.328-0500] {logging_mixin.py:190} INFO - [2024-09-29T08:55:41.327-0500] {dagbag.py:588} INFO - Filling up the DagBag from /home/d-salamanca/airflow-env/lib/python3.12/site-packages/airflow/example_dags/example_bash_operator.py
[2024-09-29T08:55:41.348-0500] {processor.py:925} INFO - DAG(s) 'example_bash_operator' retrieved from /home/d-salamanca/airflow-env/lib/python3.12/site-packages/airflow/example_dags/example_bash_operator.py
[2024-09-29T08:55:41.387-0500] {logging_mixin.py:190} INFO - [2024-09-29T08:55:41.387-0500] {dag.py:3239} INFO - Sync 1 DAGs
[2024-09-29T08:55:41.410-0500] {logging_mixin.py:190} INFO - [2024-09-29T08:55:41.410-0500] {dag.py:4180} INFO - Setting next_dagrun for example_bash_operator to 2024-09-28 00:00:00+00:00, run_after=2024-09-29 00:00:00+00:00
[2024-09-29T08:55:41.457-0500] {processor.py:208} INFO - Processing /home/d-salamanca/airflow-env/lib/python3.12/site-packages/airflow/example_dags/example_bash_operator.py took 0.182 seconds
[2024-09-29T08:57:33.882-0500] {processor.py:186} INFO - Started process (PID=32184) to work on /home/d-salamanca/airflow-env/lib/python3.12/site-packages/airflow/example_dags/example_bash_operator.py
[2024-09-29T08:57:33.908-0500] {processor.py:914} INFO - Processing file /home/d-salamanca/airflow-env/lib/python3.12/site-packages/airflow/example_dags/example_bash_operator.py for tasks to queue
[2024-09-29T08:57:33.911-0500] {logging_mixin.py:190} INFO - [2024-09-29T08:57:33.911-0500] {dagbag.py:588} INFO - Filling up the DagBag from /home/d-salamanca/airflow-env/lib/python3.12/site-packages/airflow/example_dags/example_bash_operator.py
[2024-09-29T08:57:33.960-0500] {processor.py:925} INFO - DAG(s) 'example_bash_operator' retrieved from /home/d-salamanca/airflow-env/lib/python3.12/site-packages/airflow/example_dags/example_bash_operator.py
[2024-09-29T08:57:33.984-0500] {logging_mixin.py:190} INFO - [2024-09-29T08:57:33.984-0500] {dag.py:3239} INFO - Sync 1 DAGs
[2024-09-29T08:57:34.013-0500] {logging_mixin.py:190} INFO - [2024-09-29T08:57:34.012-0500] {dag.py:4180} INFO - Setting next_dagrun for example_bash_operator to 2024-09-28 00:00:00+00:00, run_after=2024-09-29 00:00:00+00:00
[2024-09-29T08:57:34.099-0500] {processor.py:208} INFO - Processing /home/d-salamanca/airflow-env/lib/python3.12/site-packages/airflow/example_dags/example_bash_operator.py took 0.225 seconds
[2024-09-29T08:59:16.387-0500] {processor.py:186} INFO - Started process (PID=32328) to work on /home/d-salamanca/airflow-env/lib/python3.12/site-packages/airflow/example_dags/example_bash_operator.py
[2024-09-29T08:59:16.461-0500] {processor.py:914} INFO - Processing file /home/d-salamanca/airflow-env/lib/python3.12/site-packages/airflow/example_dags/example_bash_operator.py for tasks to queue
[2024-09-29T08:59:16.468-0500] {logging_mixin.py:190} INFO - [2024-09-29T08:59:16.467-0500] {dagbag.py:588} INFO - Filling up the DagBag from /home/d-salamanca/airflow-env/lib/python3.12/site-packages/airflow/example_dags/example_bash_operator.py
[2024-09-29T08:59:16.839-0500] {processor.py:925} INFO - DAG(s) 'example_bash_operator' retrieved from /home/d-salamanca/airflow-env/lib/python3.12/site-packages/airflow/example_dags/example_bash_operator.py
[2024-09-29T08:59:16.955-0500] {logging_mixin.py:190} INFO - [2024-09-29T08:59:16.955-0500] {dag.py:3239} INFO - Sync 1 DAGs
[2024-09-29T08:59:17.100-0500] {logging_mixin.py:190} INFO - [2024-09-29T08:59:17.099-0500] {dag.py:4180} INFO - Setting next_dagrun for example_bash_operator to 2024-09-28 00:00:00+00:00, run_after=2024-09-29 00:00:00+00:00
[2024-09-29T08:59:17.263-0500] {processor.py:208} INFO - Processing /home/d-salamanca/airflow-env/lib/python3.12/site-packages/airflow/example_dags/example_bash_operator.py took 1.363 seconds
[2024-09-29T09:01:13.792-0500] {processor.py:186} INFO - Started process (PID=32563) to work on /home/d-salamanca/airflow-env/lib/python3.12/site-packages/airflow/example_dags/example_bash_operator.py
[2024-09-29T09:01:13.828-0500] {processor.py:914} INFO - Processing file /home/d-salamanca/airflow-env/lib/python3.12/site-packages/airflow/example_dags/example_bash_operator.py for tasks to queue
[2024-09-29T09:01:13.833-0500] {logging_mixin.py:190} INFO - [2024-09-29T09:01:13.832-0500] {dagbag.py:588} INFO - Filling up the DagBag from /home/d-salamanca/airflow-env/lib/python3.12/site-packages/airflow/example_dags/example_bash_operator.py
[2024-09-29T09:01:13.868-0500] {processor.py:925} INFO - DAG(s) 'example_bash_operator' retrieved from /home/d-salamanca/airflow-env/lib/python3.12/site-packages/airflow/example_dags/example_bash_operator.py
[2024-09-29T09:01:13.907-0500] {logging_mixin.py:190} INFO - [2024-09-29T09:01:13.907-0500] {dag.py:3239} INFO - Sync 1 DAGs
[2024-09-29T09:01:13.944-0500] {logging_mixin.py:190} INFO - [2024-09-29T09:01:13.943-0500] {dag.py:4180} INFO - Setting next_dagrun for example_bash_operator to 2024-09-28 00:00:00+00:00, run_after=2024-09-29 00:00:00+00:00
[2024-09-29T09:01:13.991-0500] {processor.py:208} INFO - Processing /home/d-salamanca/airflow-env/lib/python3.12/site-packages/airflow/example_dags/example_bash_operator.py took 0.210 seconds
[2024-09-29T09:02:48.838-0500] {processor.py:186} INFO - Started process (PID=32638) to work on /home/d-salamanca/airflow-env/lib/python3.12/site-packages/airflow/example_dags/example_bash_operator.py
[2024-09-29T09:02:48.840-0500] {processor.py:914} INFO - Processing file /home/d-salamanca/airflow-env/lib/python3.12/site-packages/airflow/example_dags/example_bash_operator.py for tasks to queue
[2024-09-29T09:02:48.842-0500] {logging_mixin.py:190} INFO - [2024-09-29T09:02:48.842-0500] {dagbag.py:588} INFO - Filling up the DagBag from /home/d-salamanca/airflow-env/lib/python3.12/site-packages/airflow/example_dags/example_bash_operator.py
[2024-09-29T09:02:48.859-0500] {processor.py:925} INFO - DAG(s) 'example_bash_operator' retrieved from /home/d-salamanca/airflow-env/lib/python3.12/site-packages/airflow/example_dags/example_bash_operator.py
[2024-09-29T09:02:48.884-0500] {logging_mixin.py:190} INFO - [2024-09-29T09:02:48.884-0500] {dag.py:3239} INFO - Sync 1 DAGs
[2024-09-29T09:02:48.908-0500] {logging_mixin.py:190} INFO - [2024-09-29T09:02:48.908-0500] {dag.py:4180} INFO - Setting next_dagrun for example_bash_operator to 2024-09-28 00:00:00+00:00, run_after=2024-09-29 00:00:00+00:00
[2024-09-29T09:02:48.972-0500] {processor.py:208} INFO - Processing /home/d-salamanca/airflow-env/lib/python3.12/site-packages/airflow/example_dags/example_bash_operator.py took 0.141 seconds
[2024-09-29T09:04:09.693-0500] {processor.py:186} INFO - Started process (PID=32709) to work on /home/d-salamanca/airflow-env/lib/python3.12/site-packages/airflow/example_dags/example_bash_operator.py
[2024-09-29T09:04:09.695-0500] {processor.py:914} INFO - Processing file /home/d-salamanca/airflow-env/lib/python3.12/site-packages/airflow/example_dags/example_bash_operator.py for tasks to queue
[2024-09-29T09:04:09.697-0500] {logging_mixin.py:190} INFO - [2024-09-29T09:04:09.697-0500] {dagbag.py:588} INFO - Filling up the DagBag from /home/d-salamanca/airflow-env/lib/python3.12/site-packages/airflow/example_dags/example_bash_operator.py
[2024-09-29T09:04:09.714-0500] {processor.py:925} INFO - DAG(s) 'example_bash_operator' retrieved from /home/d-salamanca/airflow-env/lib/python3.12/site-packages/airflow/example_dags/example_bash_operator.py
[2024-09-29T09:04:09.740-0500] {logging_mixin.py:190} INFO - [2024-09-29T09:04:09.739-0500] {dag.py:3239} INFO - Sync 1 DAGs
[2024-09-29T09:04:09.764-0500] {logging_mixin.py:190} INFO - [2024-09-29T09:04:09.764-0500] {dag.py:4180} INFO - Setting next_dagrun for example_bash_operator to 2024-09-28 00:00:00+00:00, run_after=2024-09-29 00:00:00+00:00
[2024-09-29T09:04:09.851-0500] {processor.py:208} INFO - Processing /home/d-salamanca/airflow-env/lib/python3.12/site-packages/airflow/example_dags/example_bash_operator.py took 0.166 seconds
[2024-09-29T09:06:29.278-0500] {processor.py:186} INFO - Started process (PID=33067) to work on /home/d-salamanca/airflow-env/lib/python3.12/site-packages/airflow/example_dags/example_bash_operator.py
[2024-09-29T09:06:29.423-0500] {processor.py:914} INFO - Processing file /home/d-salamanca/airflow-env/lib/python3.12/site-packages/airflow/example_dags/example_bash_operator.py for tasks to queue
[2024-09-29T09:06:29.431-0500] {logging_mixin.py:190} INFO - [2024-09-29T09:06:29.430-0500] {dagbag.py:588} INFO - Filling up the DagBag from /home/d-salamanca/airflow-env/lib/python3.12/site-packages/airflow/example_dags/example_bash_operator.py
[2024-09-29T09:06:29.487-0500] {processor.py:925} INFO - DAG(s) 'example_bash_operator' retrieved from /home/d-salamanca/airflow-env/lib/python3.12/site-packages/airflow/example_dags/example_bash_operator.py
[2024-09-29T09:06:29.517-0500] {logging_mixin.py:190} INFO - [2024-09-29T09:06:29.516-0500] {dag.py:3239} INFO - Sync 1 DAGs
[2024-09-29T09:06:29.543-0500] {logging_mixin.py:190} INFO - [2024-09-29T09:06:29.542-0500] {dag.py:4180} INFO - Setting next_dagrun for example_bash_operator to 2024-09-28 00:00:00+00:00, run_after=2024-09-29 00:00:00+00:00
[2024-09-29T09:06:29.717-0500] {processor.py:208} INFO - Processing /home/d-salamanca/airflow-env/lib/python3.12/site-packages/airflow/example_dags/example_bash_operator.py took 0.449 seconds
[2024-09-29T09:08:01.841-0500] {processor.py:186} INFO - Started process (PID=33142) to work on /home/d-salamanca/airflow-env/lib/python3.12/site-packages/airflow/example_dags/example_bash_operator.py
[2024-09-29T09:08:01.857-0500] {processor.py:914} INFO - Processing file /home/d-salamanca/airflow-env/lib/python3.12/site-packages/airflow/example_dags/example_bash_operator.py for tasks to queue
[2024-09-29T09:08:01.861-0500] {logging_mixin.py:190} INFO - [2024-09-29T09:08:01.860-0500] {dagbag.py:588} INFO - Filling up the DagBag from /home/d-salamanca/airflow-env/lib/python3.12/site-packages/airflow/example_dags/example_bash_operator.py
[2024-09-29T09:08:01.890-0500] {processor.py:925} INFO - DAG(s) 'example_bash_operator' retrieved from /home/d-salamanca/airflow-env/lib/python3.12/site-packages/airflow/example_dags/example_bash_operator.py
[2024-09-29T09:08:01.931-0500] {logging_mixin.py:190} INFO - [2024-09-29T09:08:01.930-0500] {dag.py:3239} INFO - Sync 1 DAGs
[2024-09-29T09:08:01.956-0500] {logging_mixin.py:190} INFO - [2024-09-29T09:08:01.956-0500] {dag.py:4180} INFO - Setting next_dagrun for example_bash_operator to 2024-09-28 00:00:00+00:00, run_after=2024-09-29 00:00:00+00:00
[2024-09-29T09:08:02.041-0500] {processor.py:208} INFO - Processing /home/d-salamanca/airflow-env/lib/python3.12/site-packages/airflow/example_dags/example_bash_operator.py took 0.208 seconds
