[2024-09-29T00:19:32.675-0500] {processor.py:186} INFO - Started process (PID=28636) to work on /home/d-salamanca/airflow-env/lib/python3.12/site-packages/airflow/example_dags/example_dynamic_task_mapping_with_no_taskflow_operators.py
[2024-09-29T00:19:32.676-0500] {processor.py:914} INFO - Processing file /home/d-salamanca/airflow-env/lib/python3.12/site-packages/airflow/example_dags/example_dynamic_task_mapping_with_no_taskflow_operators.py for tasks to queue
[2024-09-29T00:19:32.679-0500] {logging_mixin.py:190} INFO - [2024-09-29T00:19:32.678-0500] {dagbag.py:588} INFO - Filling up the DagBag from /home/d-salamanca/airflow-env/lib/python3.12/site-packages/airflow/example_dags/example_dynamic_task_mapping_with_no_taskflow_operators.py
[2024-09-29T00:19:32.718-0500] {processor.py:925} INFO - DAG(s) 'example_dynamic_task_mapping_with_no_taskflow_operators' retrieved from /home/d-salamanca/airflow-env/lib/python3.12/site-packages/airflow/example_dags/example_dynamic_task_mapping_with_no_taskflow_operators.py
[2024-09-29T00:19:32.851-0500] {logging_mixin.py:190} INFO - [2024-09-29T00:19:32.850-0500] {override.py:1901} INFO - Created Permission View: can edit on DAG:example_dynamic_task_mapping_with_no_taskflow_operators
[2024-09-29T00:19:32.869-0500] {logging_mixin.py:190} INFO - [2024-09-29T00:19:32.869-0500] {override.py:1901} INFO - Created Permission View: can read on DAG:example_dynamic_task_mapping_with_no_taskflow_operators
[2024-09-29T00:19:32.879-0500] {logging_mixin.py:190} INFO - [2024-09-29T00:19:32.879-0500] {override.py:1901} INFO - Created Permission View: can delete on DAG:example_dynamic_task_mapping_with_no_taskflow_operators
[2024-09-29T00:19:32.923-0500] {logging_mixin.py:190} INFO - [2024-09-29T00:19:32.922-0500] {override.py:1901} INFO - Created Permission View: can create on DAG Run:example_dynamic_task_mapping_with_no_taskflow_operators
[2024-09-29T00:19:32.945-0500] {logging_mixin.py:190} INFO - [2024-09-29T00:19:32.944-0500] {override.py:1901} INFO - Created Permission View: can read on DAG Run:example_dynamic_task_mapping_with_no_taskflow_operators
[2024-09-29T00:19:32.968-0500] {logging_mixin.py:190} INFO - [2024-09-29T00:19:32.968-0500] {override.py:1901} INFO - Created Permission View: can delete on DAG Run:example_dynamic_task_mapping_with_no_taskflow_operators
[2024-09-29T00:19:32.980-0500] {logging_mixin.py:190} INFO - [2024-09-29T00:19:32.979-0500] {override.py:1901} INFO - Created Permission View: menu access on DAG Run:example_dynamic_task_mapping_with_no_taskflow_operators
[2024-09-29T00:19:32.980-0500] {logging_mixin.py:190} INFO - [2024-09-29T00:19:32.980-0500] {dag.py:3239} INFO - Sync 1 DAGs
[2024-09-29T00:19:32.993-0500] {logging_mixin.py:190} INFO - [2024-09-29T00:19:32.992-0500] {dag.py:3262} INFO - Creating ORM DAG for example_dynamic_task_mapping_with_no_taskflow_operators
[2024-09-29T00:19:32.993-0500] {logging_mixin.py:190} INFO - [2024-09-29T00:19:32.993-0500] {dag.py:4180} INFO - Setting next_dagrun for example_dynamic_task_mapping_with_no_taskflow_operators to None, run_after=None
[2024-09-29T00:19:33.015-0500] {processor.py:208} INFO - Processing /home/d-salamanca/airflow-env/lib/python3.12/site-packages/airflow/example_dags/example_dynamic_task_mapping_with_no_taskflow_operators.py took 0.348 seconds
[2024-09-29T00:20:53.937-0500] {processor.py:186} INFO - Started process (PID=28711) to work on /home/d-salamanca/airflow-env/lib/python3.12/site-packages/airflow/example_dags/example_dynamic_task_mapping_with_no_taskflow_operators.py
[2024-09-29T00:20:53.964-0500] {processor.py:914} INFO - Processing file /home/d-salamanca/airflow-env/lib/python3.12/site-packages/airflow/example_dags/example_dynamic_task_mapping_with_no_taskflow_operators.py for tasks to queue
[2024-09-29T00:20:53.969-0500] {logging_mixin.py:190} INFO - [2024-09-29T00:20:53.968-0500] {dagbag.py:588} INFO - Filling up the DagBag from /home/d-salamanca/airflow-env/lib/python3.12/site-packages/airflow/example_dags/example_dynamic_task_mapping_with_no_taskflow_operators.py
[2024-09-29T00:20:53.981-0500] {processor.py:925} INFO - DAG(s) 'example_dynamic_task_mapping_with_no_taskflow_operators' retrieved from /home/d-salamanca/airflow-env/lib/python3.12/site-packages/airflow/example_dags/example_dynamic_task_mapping_with_no_taskflow_operators.py
[2024-09-29T00:20:54.000-0500] {logging_mixin.py:190} INFO - [2024-09-29T00:20:53.999-0500] {dag.py:3239} INFO - Sync 1 DAGs
[2024-09-29T00:20:54.014-0500] {logging_mixin.py:190} INFO - [2024-09-29T00:20:54.014-0500] {dag.py:4180} INFO - Setting next_dagrun for example_dynamic_task_mapping_with_no_taskflow_operators to None, run_after=None
[2024-09-29T00:20:54.048-0500] {processor.py:208} INFO - Processing /home/d-salamanca/airflow-env/lib/python3.12/site-packages/airflow/example_dags/example_dynamic_task_mapping_with_no_taskflow_operators.py took 0.120 seconds
[2024-09-29T00:22:38.441-0500] {processor.py:186} INFO - Started process (PID=28785) to work on /home/d-salamanca/airflow-env/lib/python3.12/site-packages/airflow/example_dags/example_dynamic_task_mapping_with_no_taskflow_operators.py
[2024-09-29T00:22:38.459-0500] {processor.py:914} INFO - Processing file /home/d-salamanca/airflow-env/lib/python3.12/site-packages/airflow/example_dags/example_dynamic_task_mapping_with_no_taskflow_operators.py for tasks to queue
[2024-09-29T00:22:38.462-0500] {logging_mixin.py:190} INFO - [2024-09-29T00:22:38.461-0500] {dagbag.py:588} INFO - Filling up the DagBag from /home/d-salamanca/airflow-env/lib/python3.12/site-packages/airflow/example_dags/example_dynamic_task_mapping_with_no_taskflow_operators.py
[2024-09-29T00:22:38.473-0500] {processor.py:925} INFO - DAG(s) 'example_dynamic_task_mapping_with_no_taskflow_operators' retrieved from /home/d-salamanca/airflow-env/lib/python3.12/site-packages/airflow/example_dags/example_dynamic_task_mapping_with_no_taskflow_operators.py
[2024-09-29T00:22:38.491-0500] {logging_mixin.py:190} INFO - [2024-09-29T00:22:38.491-0500] {dag.py:3239} INFO - Sync 1 DAGs
[2024-09-29T00:22:38.505-0500] {logging_mixin.py:190} INFO - [2024-09-29T00:22:38.505-0500] {dag.py:4180} INFO - Setting next_dagrun for example_dynamic_task_mapping_with_no_taskflow_operators to None, run_after=None
[2024-09-29T00:22:38.540-0500] {processor.py:208} INFO - Processing /home/d-salamanca/airflow-env/lib/python3.12/site-packages/airflow/example_dags/example_dynamic_task_mapping_with_no_taskflow_operators.py took 0.107 seconds
[2024-09-29T00:24:05.308-0500] {processor.py:186} INFO - Started process (PID=28857) to work on /home/d-salamanca/airflow-env/lib/python3.12/site-packages/airflow/example_dags/example_dynamic_task_mapping_with_no_taskflow_operators.py
[2024-09-29T00:24:05.382-0500] {processor.py:914} INFO - Processing file /home/d-salamanca/airflow-env/lib/python3.12/site-packages/airflow/example_dags/example_dynamic_task_mapping_with_no_taskflow_operators.py for tasks to queue
[2024-09-29T00:24:05.387-0500] {logging_mixin.py:190} INFO - [2024-09-29T00:24:05.386-0500] {dagbag.py:588} INFO - Filling up the DagBag from /home/d-salamanca/airflow-env/lib/python3.12/site-packages/airflow/example_dags/example_dynamic_task_mapping_with_no_taskflow_operators.py
[2024-09-29T00:24:05.401-0500] {processor.py:925} INFO - DAG(s) 'example_dynamic_task_mapping_with_no_taskflow_operators' retrieved from /home/d-salamanca/airflow-env/lib/python3.12/site-packages/airflow/example_dags/example_dynamic_task_mapping_with_no_taskflow_operators.py
[2024-09-29T00:24:05.450-0500] {logging_mixin.py:190} INFO - [2024-09-29T00:24:05.450-0500] {dag.py:3239} INFO - Sync 1 DAGs
[2024-09-29T00:24:05.465-0500] {logging_mixin.py:190} INFO - [2024-09-29T00:24:05.465-0500] {dag.py:4180} INFO - Setting next_dagrun for example_dynamic_task_mapping_with_no_taskflow_operators to None, run_after=None
[2024-09-29T00:24:05.619-0500] {processor.py:208} INFO - Processing /home/d-salamanca/airflow-env/lib/python3.12/site-packages/airflow/example_dags/example_dynamic_task_mapping_with_no_taskflow_operators.py took 0.322 seconds
[2024-09-29T00:25:27.328-0500] {processor.py:186} INFO - Started process (PID=28929) to work on /home/d-salamanca/airflow-env/lib/python3.12/site-packages/airflow/example_dags/example_dynamic_task_mapping_with_no_taskflow_operators.py
[2024-09-29T00:25:27.330-0500] {processor.py:914} INFO - Processing file /home/d-salamanca/airflow-env/lib/python3.12/site-packages/airflow/example_dags/example_dynamic_task_mapping_with_no_taskflow_operators.py for tasks to queue
[2024-09-29T00:25:27.334-0500] {logging_mixin.py:190} INFO - [2024-09-29T00:25:27.333-0500] {dagbag.py:588} INFO - Filling up the DagBag from /home/d-salamanca/airflow-env/lib/python3.12/site-packages/airflow/example_dags/example_dynamic_task_mapping_with_no_taskflow_operators.py
[2024-09-29T00:25:27.345-0500] {processor.py:925} INFO - DAG(s) 'example_dynamic_task_mapping_with_no_taskflow_operators' retrieved from /home/d-salamanca/airflow-env/lib/python3.12/site-packages/airflow/example_dags/example_dynamic_task_mapping_with_no_taskflow_operators.py
[2024-09-29T00:25:27.363-0500] {logging_mixin.py:190} INFO - [2024-09-29T00:25:27.362-0500] {dag.py:3239} INFO - Sync 1 DAGs
[2024-09-29T00:25:27.498-0500] {logging_mixin.py:190} INFO - [2024-09-29T00:25:27.498-0500] {dag.py:4180} INFO - Setting next_dagrun for example_dynamic_task_mapping_with_no_taskflow_operators to None, run_after=None
[2024-09-29T00:25:27.562-0500] {processor.py:208} INFO - Processing /home/d-salamanca/airflow-env/lib/python3.12/site-packages/airflow/example_dags/example_dynamic_task_mapping_with_no_taskflow_operators.py took 0.241 seconds
[2024-09-29T00:27:05.074-0500] {processor.py:186} INFO - Started process (PID=29050) to work on /home/d-salamanca/airflow-env/lib/python3.12/site-packages/airflow/example_dags/example_dynamic_task_mapping_with_no_taskflow_operators.py
[2024-09-29T00:27:05.092-0500] {processor.py:914} INFO - Processing file /home/d-salamanca/airflow-env/lib/python3.12/site-packages/airflow/example_dags/example_dynamic_task_mapping_with_no_taskflow_operators.py for tasks to queue
[2024-09-29T00:27:05.108-0500] {logging_mixin.py:190} INFO - [2024-09-29T00:27:05.108-0500] {dagbag.py:588} INFO - Filling up the DagBag from /home/d-salamanca/airflow-env/lib/python3.12/site-packages/airflow/example_dags/example_dynamic_task_mapping_with_no_taskflow_operators.py
[2024-09-29T00:27:05.119-0500] {processor.py:925} INFO - DAG(s) 'example_dynamic_task_mapping_with_no_taskflow_operators' retrieved from /home/d-salamanca/airflow-env/lib/python3.12/site-packages/airflow/example_dags/example_dynamic_task_mapping_with_no_taskflow_operators.py
[2024-09-29T00:27:05.139-0500] {logging_mixin.py:190} INFO - [2024-09-29T00:27:05.138-0500] {dag.py:3239} INFO - Sync 1 DAGs
[2024-09-29T00:27:05.159-0500] {logging_mixin.py:190} INFO - [2024-09-29T00:27:05.159-0500] {dag.py:4180} INFO - Setting next_dagrun for example_dynamic_task_mapping_with_no_taskflow_operators to None, run_after=None
[2024-09-29T00:27:05.220-0500] {processor.py:208} INFO - Processing /home/d-salamanca/airflow-env/lib/python3.12/site-packages/airflow/example_dags/example_dynamic_task_mapping_with_no_taskflow_operators.py took 0.159 seconds
[2024-09-29T00:28:46.592-0500] {processor.py:186} INFO - Started process (PID=29179) to work on /home/d-salamanca/airflow-env/lib/python3.12/site-packages/airflow/example_dags/example_dynamic_task_mapping_with_no_taskflow_operators.py
[2024-09-29T00:28:47.006-0500] {processor.py:914} INFO - Processing file /home/d-salamanca/airflow-env/lib/python3.12/site-packages/airflow/example_dags/example_dynamic_task_mapping_with_no_taskflow_operators.py for tasks to queue
[2024-09-29T00:28:47.009-0500] {logging_mixin.py:190} INFO - [2024-09-29T00:28:47.009-0500] {dagbag.py:588} INFO - Filling up the DagBag from /home/d-salamanca/airflow-env/lib/python3.12/site-packages/airflow/example_dags/example_dynamic_task_mapping_with_no_taskflow_operators.py
[2024-09-29T00:28:47.020-0500] {processor.py:925} INFO - DAG(s) 'example_dynamic_task_mapping_with_no_taskflow_operators' retrieved from /home/d-salamanca/airflow-env/lib/python3.12/site-packages/airflow/example_dags/example_dynamic_task_mapping_with_no_taskflow_operators.py
[2024-09-29T00:28:47.041-0500] {logging_mixin.py:190} INFO - [2024-09-29T00:28:47.041-0500] {dag.py:3239} INFO - Sync 1 DAGs
[2024-09-29T00:28:47.059-0500] {logging_mixin.py:190} INFO - [2024-09-29T00:28:47.058-0500] {dag.py:4180} INFO - Setting next_dagrun for example_dynamic_task_mapping_with_no_taskflow_operators to None, run_after=None
[2024-09-29T00:28:47.498-0500] {processor.py:208} INFO - Processing /home/d-salamanca/airflow-env/lib/python3.12/site-packages/airflow/example_dags/example_dynamic_task_mapping_with_no_taskflow_operators.py took 0.914 seconds
[2024-09-29T00:31:15.330-0500] {processor.py:186} INFO - Started process (PID=29307) to work on /home/d-salamanca/airflow-env/lib/python3.12/site-packages/airflow/example_dags/example_dynamic_task_mapping_with_no_taskflow_operators.py
[2024-09-29T00:31:15.363-0500] {processor.py:914} INFO - Processing file /home/d-salamanca/airflow-env/lib/python3.12/site-packages/airflow/example_dags/example_dynamic_task_mapping_with_no_taskflow_operators.py for tasks to queue
[2024-09-29T00:31:15.365-0500] {logging_mixin.py:190} INFO - [2024-09-29T00:31:15.365-0500] {dagbag.py:588} INFO - Filling up the DagBag from /home/d-salamanca/airflow-env/lib/python3.12/site-packages/airflow/example_dags/example_dynamic_task_mapping_with_no_taskflow_operators.py
[2024-09-29T00:31:15.419-0500] {processor.py:925} INFO - DAG(s) 'example_dynamic_task_mapping_with_no_taskflow_operators' retrieved from /home/d-salamanca/airflow-env/lib/python3.12/site-packages/airflow/example_dags/example_dynamic_task_mapping_with_no_taskflow_operators.py
[2024-09-29T00:31:15.440-0500] {logging_mixin.py:190} INFO - [2024-09-29T00:31:15.439-0500] {dag.py:3239} INFO - Sync 1 DAGs
[2024-09-29T00:31:15.454-0500] {logging_mixin.py:190} INFO - [2024-09-29T00:31:15.454-0500] {dag.py:4180} INFO - Setting next_dagrun for example_dynamic_task_mapping_with_no_taskflow_operators to None, run_after=None
[2024-09-29T00:31:15.530-0500] {processor.py:208} INFO - Processing /home/d-salamanca/airflow-env/lib/python3.12/site-packages/airflow/example_dags/example_dynamic_task_mapping_with_no_taskflow_operators.py took 0.212 seconds
[2024-09-29T00:32:46.928-0500] {processor.py:186} INFO - Started process (PID=29382) to work on /home/d-salamanca/airflow-env/lib/python3.12/site-packages/airflow/example_dags/example_dynamic_task_mapping_with_no_taskflow_operators.py
[2024-09-29T00:32:47.051-0500] {processor.py:914} INFO - Processing file /home/d-salamanca/airflow-env/lib/python3.12/site-packages/airflow/example_dags/example_dynamic_task_mapping_with_no_taskflow_operators.py for tasks to queue
[2024-09-29T00:32:47.055-0500] {logging_mixin.py:190} INFO - [2024-09-29T00:32:47.055-0500] {dagbag.py:588} INFO - Filling up the DagBag from /home/d-salamanca/airflow-env/lib/python3.12/site-packages/airflow/example_dags/example_dynamic_task_mapping_with_no_taskflow_operators.py
[2024-09-29T00:32:47.067-0500] {processor.py:925} INFO - DAG(s) 'example_dynamic_task_mapping_with_no_taskflow_operators' retrieved from /home/d-salamanca/airflow-env/lib/python3.12/site-packages/airflow/example_dags/example_dynamic_task_mapping_with_no_taskflow_operators.py
[2024-09-29T00:32:47.086-0500] {logging_mixin.py:190} INFO - [2024-09-29T00:32:47.086-0500] {dag.py:3239} INFO - Sync 1 DAGs
[2024-09-29T00:32:47.101-0500] {logging_mixin.py:190} INFO - [2024-09-29T00:32:47.101-0500] {dag.py:4180} INFO - Setting next_dagrun for example_dynamic_task_mapping_with_no_taskflow_operators to None, run_after=None
[2024-09-29T00:32:47.163-0500] {processor.py:208} INFO - Processing /home/d-salamanca/airflow-env/lib/python3.12/site-packages/airflow/example_dags/example_dynamic_task_mapping_with_no_taskflow_operators.py took 0.243 seconds
[2024-09-29T00:34:15.454-0500] {processor.py:186} INFO - Started process (PID=29490) to work on /home/d-salamanca/airflow-env/lib/python3.12/site-packages/airflow/example_dags/example_dynamic_task_mapping_with_no_taskflow_operators.py
[2024-09-29T00:34:15.542-0500] {processor.py:914} INFO - Processing file /home/d-salamanca/airflow-env/lib/python3.12/site-packages/airflow/example_dags/example_dynamic_task_mapping_with_no_taskflow_operators.py for tasks to queue
[2024-09-29T00:34:15.548-0500] {logging_mixin.py:190} INFO - [2024-09-29T00:34:15.547-0500] {dagbag.py:588} INFO - Filling up the DagBag from /home/d-salamanca/airflow-env/lib/python3.12/site-packages/airflow/example_dags/example_dynamic_task_mapping_with_no_taskflow_operators.py
[2024-09-29T00:34:15.617-0500] {processor.py:925} INFO - DAG(s) 'example_dynamic_task_mapping_with_no_taskflow_operators' retrieved from /home/d-salamanca/airflow-env/lib/python3.12/site-packages/airflow/example_dags/example_dynamic_task_mapping_with_no_taskflow_operators.py
[2024-09-29T00:34:15.638-0500] {logging_mixin.py:190} INFO - [2024-09-29T00:34:15.637-0500] {dag.py:3239} INFO - Sync 1 DAGs
[2024-09-29T00:34:15.652-0500] {logging_mixin.py:190} INFO - [2024-09-29T00:34:15.652-0500] {dag.py:4180} INFO - Setting next_dagrun for example_dynamic_task_mapping_with_no_taskflow_operators to None, run_after=None
[2024-09-29T00:34:15.845-0500] {processor.py:208} INFO - Processing /home/d-salamanca/airflow-env/lib/python3.12/site-packages/airflow/example_dags/example_dynamic_task_mapping_with_no_taskflow_operators.py took 0.399 seconds
[2024-09-29T08:20:45.229-0500] {processor.py:186} INFO - Started process (PID=29788) to work on /home/d-salamanca/airflow-env/lib/python3.12/site-packages/airflow/example_dags/example_dynamic_task_mapping_with_no_taskflow_operators.py
[2024-09-29T08:20:45.250-0500] {processor.py:914} INFO - Processing file /home/d-salamanca/airflow-env/lib/python3.12/site-packages/airflow/example_dags/example_dynamic_task_mapping_with_no_taskflow_operators.py for tasks to queue
[2024-09-29T08:20:45.255-0500] {logging_mixin.py:190} INFO - [2024-09-29T08:20:45.254-0500] {dagbag.py:588} INFO - Filling up the DagBag from /home/d-salamanca/airflow-env/lib/python3.12/site-packages/airflow/example_dags/example_dynamic_task_mapping_with_no_taskflow_operators.py
[2024-09-29T08:20:45.279-0500] {processor.py:925} INFO - DAG(s) 'example_dynamic_task_mapping_with_no_taskflow_operators' retrieved from /home/d-salamanca/airflow-env/lib/python3.12/site-packages/airflow/example_dags/example_dynamic_task_mapping_with_no_taskflow_operators.py
[2024-09-29T08:20:45.297-0500] {logging_mixin.py:190} INFO - [2024-09-29T08:20:45.297-0500] {dag.py:3239} INFO - Sync 1 DAGs
[2024-09-29T08:20:45.312-0500] {logging_mixin.py:190} INFO - [2024-09-29T08:20:45.312-0500] {dag.py:4180} INFO - Setting next_dagrun for example_dynamic_task_mapping_with_no_taskflow_operators to None, run_after=None
[2024-09-29T08:20:45.480-0500] {processor.py:208} INFO - Processing /home/d-salamanca/airflow-env/lib/python3.12/site-packages/airflow/example_dags/example_dynamic_task_mapping_with_no_taskflow_operators.py took 0.259 seconds
[2024-09-29T08:22:49.862-0500] {processor.py:186} INFO - Started process (PID=29896) to work on /home/d-salamanca/airflow-env/lib/python3.12/site-packages/airflow/example_dags/example_dynamic_task_mapping_with_no_taskflow_operators.py
[2024-09-29T08:22:49.920-0500] {processor.py:914} INFO - Processing file /home/d-salamanca/airflow-env/lib/python3.12/site-packages/airflow/example_dags/example_dynamic_task_mapping_with_no_taskflow_operators.py for tasks to queue
[2024-09-29T08:22:49.926-0500] {logging_mixin.py:190} INFO - [2024-09-29T08:22:49.925-0500] {dagbag.py:588} INFO - Filling up the DagBag from /home/d-salamanca/airflow-env/lib/python3.12/site-packages/airflow/example_dags/example_dynamic_task_mapping_with_no_taskflow_operators.py
[2024-09-29T08:22:49.962-0500] {processor.py:925} INFO - DAG(s) 'example_dynamic_task_mapping_with_no_taskflow_operators' retrieved from /home/d-salamanca/airflow-env/lib/python3.12/site-packages/airflow/example_dags/example_dynamic_task_mapping_with_no_taskflow_operators.py
[2024-09-29T08:22:49.980-0500] {logging_mixin.py:190} INFO - [2024-09-29T08:22:49.980-0500] {dag.py:3239} INFO - Sync 1 DAGs
[2024-09-29T08:22:49.994-0500] {logging_mixin.py:190} INFO - [2024-09-29T08:22:49.994-0500] {dag.py:4180} INFO - Setting next_dagrun for example_dynamic_task_mapping_with_no_taskflow_operators to None, run_after=None
[2024-09-29T08:22:50.025-0500] {processor.py:208} INFO - Processing /home/d-salamanca/airflow-env/lib/python3.12/site-packages/airflow/example_dags/example_dynamic_task_mapping_with_no_taskflow_operators.py took 0.172 seconds
[2024-09-29T08:24:20.678-0500] {processor.py:186} INFO - Started process (PID=29971) to work on /home/d-salamanca/airflow-env/lib/python3.12/site-packages/airflow/example_dags/example_dynamic_task_mapping_with_no_taskflow_operators.py
[2024-09-29T08:24:20.688-0500] {processor.py:914} INFO - Processing file /home/d-salamanca/airflow-env/lib/python3.12/site-packages/airflow/example_dags/example_dynamic_task_mapping_with_no_taskflow_operators.py for tasks to queue
[2024-09-29T08:24:20.692-0500] {logging_mixin.py:190} INFO - [2024-09-29T08:24:20.691-0500] {dagbag.py:588} INFO - Filling up the DagBag from /home/d-salamanca/airflow-env/lib/python3.12/site-packages/airflow/example_dags/example_dynamic_task_mapping_with_no_taskflow_operators.py
[2024-09-29T08:24:20.704-0500] {processor.py:925} INFO - DAG(s) 'example_dynamic_task_mapping_with_no_taskflow_operators' retrieved from /home/d-salamanca/airflow-env/lib/python3.12/site-packages/airflow/example_dags/example_dynamic_task_mapping_with_no_taskflow_operators.py
[2024-09-29T08:24:20.722-0500] {logging_mixin.py:190} INFO - [2024-09-29T08:24:20.721-0500] {dag.py:3239} INFO - Sync 1 DAGs
[2024-09-29T08:24:20.736-0500] {logging_mixin.py:190} INFO - [2024-09-29T08:24:20.736-0500] {dag.py:4180} INFO - Setting next_dagrun for example_dynamic_task_mapping_with_no_taskflow_operators to None, run_after=None
[2024-09-29T08:24:20.771-0500] {processor.py:208} INFO - Processing /home/d-salamanca/airflow-env/lib/python3.12/site-packages/airflow/example_dags/example_dynamic_task_mapping_with_no_taskflow_operators.py took 0.100 seconds
[2024-09-29T08:25:44.946-0500] {processor.py:186} INFO - Started process (PID=30075) to work on /home/d-salamanca/airflow-env/lib/python3.12/site-packages/airflow/example_dags/example_dynamic_task_mapping_with_no_taskflow_operators.py
[2024-09-29T08:25:45.045-0500] {processor.py:914} INFO - Processing file /home/d-salamanca/airflow-env/lib/python3.12/site-packages/airflow/example_dags/example_dynamic_task_mapping_with_no_taskflow_operators.py for tasks to queue
[2024-09-29T08:25:45.051-0500] {logging_mixin.py:190} INFO - [2024-09-29T08:25:45.050-0500] {dagbag.py:588} INFO - Filling up the DagBag from /home/d-salamanca/airflow-env/lib/python3.12/site-packages/airflow/example_dags/example_dynamic_task_mapping_with_no_taskflow_operators.py
[2024-09-29T08:25:45.140-0500] {processor.py:925} INFO - DAG(s) 'example_dynamic_task_mapping_with_no_taskflow_operators' retrieved from /home/d-salamanca/airflow-env/lib/python3.12/site-packages/airflow/example_dags/example_dynamic_task_mapping_with_no_taskflow_operators.py
[2024-09-29T08:25:45.158-0500] {logging_mixin.py:190} INFO - [2024-09-29T08:25:45.158-0500] {dag.py:3239} INFO - Sync 1 DAGs
[2024-09-29T08:25:45.172-0500] {logging_mixin.py:190} INFO - [2024-09-29T08:25:45.172-0500] {dag.py:4180} INFO - Setting next_dagrun for example_dynamic_task_mapping_with_no_taskflow_operators to None, run_after=None
[2024-09-29T08:25:45.321-0500] {processor.py:208} INFO - Processing /home/d-salamanca/airflow-env/lib/python3.12/site-packages/airflow/example_dags/example_dynamic_task_mapping_with_no_taskflow_operators.py took 0.383 seconds
[2024-09-29T08:27:09.281-0500] {processor.py:186} INFO - Started process (PID=30144) to work on /home/d-salamanca/airflow-env/lib/python3.12/site-packages/airflow/example_dags/example_dynamic_task_mapping_with_no_taskflow_operators.py
[2024-09-29T08:27:09.282-0500] {processor.py:914} INFO - Processing file /home/d-salamanca/airflow-env/lib/python3.12/site-packages/airflow/example_dags/example_dynamic_task_mapping_with_no_taskflow_operators.py for tasks to queue
[2024-09-29T08:27:09.285-0500] {logging_mixin.py:190} INFO - [2024-09-29T08:27:09.284-0500] {dagbag.py:588} INFO - Filling up the DagBag from /home/d-salamanca/airflow-env/lib/python3.12/site-packages/airflow/example_dags/example_dynamic_task_mapping_with_no_taskflow_operators.py
[2024-09-29T08:27:09.295-0500] {processor.py:925} INFO - DAG(s) 'example_dynamic_task_mapping_with_no_taskflow_operators' retrieved from /home/d-salamanca/airflow-env/lib/python3.12/site-packages/airflow/example_dags/example_dynamic_task_mapping_with_no_taskflow_operators.py
[2024-09-29T08:27:09.313-0500] {logging_mixin.py:190} INFO - [2024-09-29T08:27:09.313-0500] {dag.py:3239} INFO - Sync 1 DAGs
[2024-09-29T08:27:09.328-0500] {logging_mixin.py:190} INFO - [2024-09-29T08:27:09.328-0500] {dag.py:4180} INFO - Setting next_dagrun for example_dynamic_task_mapping_with_no_taskflow_operators to None, run_after=None
[2024-09-29T08:27:09.395-0500] {processor.py:208} INFO - Processing /home/d-salamanca/airflow-env/lib/python3.12/site-packages/airflow/example_dags/example_dynamic_task_mapping_with_no_taskflow_operators.py took 0.122 seconds
[2024-09-29T08:28:23.638-0500] {processor.py:186} INFO - Started process (PID=30211) to work on /home/d-salamanca/airflow-env/lib/python3.12/site-packages/airflow/example_dags/example_dynamic_task_mapping_with_no_taskflow_operators.py
[2024-09-29T08:28:23.639-0500] {processor.py:914} INFO - Processing file /home/d-salamanca/airflow-env/lib/python3.12/site-packages/airflow/example_dags/example_dynamic_task_mapping_with_no_taskflow_operators.py for tasks to queue
[2024-09-29T08:28:23.641-0500] {logging_mixin.py:190} INFO - [2024-09-29T08:28:23.641-0500] {dagbag.py:588} INFO - Filling up the DagBag from /home/d-salamanca/airflow-env/lib/python3.12/site-packages/airflow/example_dags/example_dynamic_task_mapping_with_no_taskflow_operators.py
[2024-09-29T08:28:23.651-0500] {processor.py:925} INFO - DAG(s) 'example_dynamic_task_mapping_with_no_taskflow_operators' retrieved from /home/d-salamanca/airflow-env/lib/python3.12/site-packages/airflow/example_dags/example_dynamic_task_mapping_with_no_taskflow_operators.py
[2024-09-29T08:28:23.669-0500] {logging_mixin.py:190} INFO - [2024-09-29T08:28:23.669-0500] {dag.py:3239} INFO - Sync 1 DAGs
[2024-09-29T08:28:23.683-0500] {logging_mixin.py:190} INFO - [2024-09-29T08:28:23.683-0500] {dag.py:4180} INFO - Setting next_dagrun for example_dynamic_task_mapping_with_no_taskflow_operators to None, run_after=None
[2024-09-29T08:28:23.716-0500] {processor.py:208} INFO - Processing /home/d-salamanca/airflow-env/lib/python3.12/site-packages/airflow/example_dags/example_dynamic_task_mapping_with_no_taskflow_operators.py took 0.086 seconds
[2024-09-29T08:29:45.463-0500] {processor.py:186} INFO - Started process (PID=30281) to work on /home/d-salamanca/airflow-env/lib/python3.12/site-packages/airflow/example_dags/example_dynamic_task_mapping_with_no_taskflow_operators.py
[2024-09-29T08:29:45.488-0500] {processor.py:914} INFO - Processing file /home/d-salamanca/airflow-env/lib/python3.12/site-packages/airflow/example_dags/example_dynamic_task_mapping_with_no_taskflow_operators.py for tasks to queue
[2024-09-29T08:29:45.495-0500] {logging_mixin.py:190} INFO - [2024-09-29T08:29:45.494-0500] {dagbag.py:588} INFO - Filling up the DagBag from /home/d-salamanca/airflow-env/lib/python3.12/site-packages/airflow/example_dags/example_dynamic_task_mapping_with_no_taskflow_operators.py
[2024-09-29T08:29:45.508-0500] {processor.py:925} INFO - DAG(s) 'example_dynamic_task_mapping_with_no_taskflow_operators' retrieved from /home/d-salamanca/airflow-env/lib/python3.12/site-packages/airflow/example_dags/example_dynamic_task_mapping_with_no_taskflow_operators.py
[2024-09-29T08:29:45.532-0500] {logging_mixin.py:190} INFO - [2024-09-29T08:29:45.532-0500] {dag.py:3239} INFO - Sync 1 DAGs
[2024-09-29T08:29:45.548-0500] {logging_mixin.py:190} INFO - [2024-09-29T08:29:45.547-0500] {dag.py:4180} INFO - Setting next_dagrun for example_dynamic_task_mapping_with_no_taskflow_operators to None, run_after=None
[2024-09-29T08:29:45.644-0500] {processor.py:208} INFO - Processing /home/d-salamanca/airflow-env/lib/python3.12/site-packages/airflow/example_dags/example_dynamic_task_mapping_with_no_taskflow_operators.py took 0.188 seconds
[2024-09-29T08:31:16.423-0500] {processor.py:186} INFO - Started process (PID=30369) to work on /home/d-salamanca/airflow-env/lib/python3.12/site-packages/airflow/example_dags/example_dynamic_task_mapping_with_no_taskflow_operators.py
[2024-09-29T08:31:16.653-0500] {processor.py:914} INFO - Processing file /home/d-salamanca/airflow-env/lib/python3.12/site-packages/airflow/example_dags/example_dynamic_task_mapping_with_no_taskflow_operators.py for tasks to queue
[2024-09-29T08:31:16.658-0500] {logging_mixin.py:190} INFO - [2024-09-29T08:31:16.657-0500] {dagbag.py:588} INFO - Filling up the DagBag from /home/d-salamanca/airflow-env/lib/python3.12/site-packages/airflow/example_dags/example_dynamic_task_mapping_with_no_taskflow_operators.py
[2024-09-29T08:31:16.669-0500] {processor.py:925} INFO - DAG(s) 'example_dynamic_task_mapping_with_no_taskflow_operators' retrieved from /home/d-salamanca/airflow-env/lib/python3.12/site-packages/airflow/example_dags/example_dynamic_task_mapping_with_no_taskflow_operators.py
[2024-09-29T08:31:16.688-0500] {logging_mixin.py:190} INFO - [2024-09-29T08:31:16.687-0500] {dag.py:3239} INFO - Sync 1 DAGs
[2024-09-29T08:31:16.702-0500] {logging_mixin.py:190} INFO - [2024-09-29T08:31:16.702-0500] {dag.py:4180} INFO - Setting next_dagrun for example_dynamic_task_mapping_with_no_taskflow_operators to None, run_after=None
[2024-09-29T08:31:17.005-0500] {processor.py:208} INFO - Processing /home/d-salamanca/airflow-env/lib/python3.12/site-packages/airflow/example_dags/example_dynamic_task_mapping_with_no_taskflow_operators.py took 0.591 seconds
[2024-09-29T08:32:54.979-0500] {processor.py:186} INFO - Started process (PID=30444) to work on /home/d-salamanca/airflow-env/lib/python3.12/site-packages/airflow/example_dags/example_dynamic_task_mapping_with_no_taskflow_operators.py
[2024-09-29T08:32:54.981-0500] {processor.py:914} INFO - Processing file /home/d-salamanca/airflow-env/lib/python3.12/site-packages/airflow/example_dags/example_dynamic_task_mapping_with_no_taskflow_operators.py for tasks to queue
[2024-09-29T08:32:54.984-0500] {logging_mixin.py:190} INFO - [2024-09-29T08:32:54.984-0500] {dagbag.py:588} INFO - Filling up the DagBag from /home/d-salamanca/airflow-env/lib/python3.12/site-packages/airflow/example_dags/example_dynamic_task_mapping_with_no_taskflow_operators.py
[2024-09-29T08:32:54.996-0500] {processor.py:925} INFO - DAG(s) 'example_dynamic_task_mapping_with_no_taskflow_operators' retrieved from /home/d-salamanca/airflow-env/lib/python3.12/site-packages/airflow/example_dags/example_dynamic_task_mapping_with_no_taskflow_operators.py
[2024-09-29T08:32:55.015-0500] {logging_mixin.py:190} INFO - [2024-09-29T08:32:55.015-0500] {dag.py:3239} INFO - Sync 1 DAGs
[2024-09-29T08:32:55.031-0500] {logging_mixin.py:190} INFO - [2024-09-29T08:32:55.031-0500] {dag.py:4180} INFO - Setting next_dagrun for example_dynamic_task_mapping_with_no_taskflow_operators to None, run_after=None
[2024-09-29T08:32:55.067-0500] {processor.py:208} INFO - Processing /home/d-salamanca/airflow-env/lib/python3.12/site-packages/airflow/example_dags/example_dynamic_task_mapping_with_no_taskflow_operators.py took 0.095 seconds
[2024-09-29T08:34:14.986-0500] {processor.py:186} INFO - Started process (PID=30513) to work on /home/d-salamanca/airflow-env/lib/python3.12/site-packages/airflow/example_dags/example_dynamic_task_mapping_with_no_taskflow_operators.py
[2024-09-29T08:34:14.987-0500] {processor.py:914} INFO - Processing file /home/d-salamanca/airflow-env/lib/python3.12/site-packages/airflow/example_dags/example_dynamic_task_mapping_with_no_taskflow_operators.py for tasks to queue
[2024-09-29T08:34:14.990-0500] {logging_mixin.py:190} INFO - [2024-09-29T08:34:14.989-0500] {dagbag.py:588} INFO - Filling up the DagBag from /home/d-salamanca/airflow-env/lib/python3.12/site-packages/airflow/example_dags/example_dynamic_task_mapping_with_no_taskflow_operators.py
[2024-09-29T08:34:14.999-0500] {processor.py:925} INFO - DAG(s) 'example_dynamic_task_mapping_with_no_taskflow_operators' retrieved from /home/d-salamanca/airflow-env/lib/python3.12/site-packages/airflow/example_dags/example_dynamic_task_mapping_with_no_taskflow_operators.py
[2024-09-29T08:34:15.018-0500] {logging_mixin.py:190} INFO - [2024-09-29T08:34:15.017-0500] {dag.py:3239} INFO - Sync 1 DAGs
[2024-09-29T08:34:15.032-0500] {logging_mixin.py:190} INFO - [2024-09-29T08:34:15.031-0500] {dag.py:4180} INFO - Setting next_dagrun for example_dynamic_task_mapping_with_no_taskflow_operators to None, run_after=None
[2024-09-29T08:34:15.093-0500] {processor.py:208} INFO - Processing /home/d-salamanca/airflow-env/lib/python3.12/site-packages/airflow/example_dags/example_dynamic_task_mapping_with_no_taskflow_operators.py took 0.115 seconds
[2024-09-29T08:36:13.366-0500] {processor.py:186} INFO - Started process (PID=30847) to work on /home/d-salamanca/airflow-env/lib/python3.12/site-packages/airflow/example_dags/example_dynamic_task_mapping_with_no_taskflow_operators.py
[2024-09-29T08:36:13.484-0500] {processor.py:914} INFO - Processing file /home/d-salamanca/airflow-env/lib/python3.12/site-packages/airflow/example_dags/example_dynamic_task_mapping_with_no_taskflow_operators.py for tasks to queue
[2024-09-29T08:36:13.491-0500] {logging_mixin.py:190} INFO - [2024-09-29T08:36:13.489-0500] {dagbag.py:588} INFO - Filling up the DagBag from /home/d-salamanca/airflow-env/lib/python3.12/site-packages/airflow/example_dags/example_dynamic_task_mapping_with_no_taskflow_operators.py
[2024-09-29T08:36:13.547-0500] {processor.py:925} INFO - DAG(s) 'example_dynamic_task_mapping_with_no_taskflow_operators' retrieved from /home/d-salamanca/airflow-env/lib/python3.12/site-packages/airflow/example_dags/example_dynamic_task_mapping_with_no_taskflow_operators.py
[2024-09-29T08:36:13.566-0500] {logging_mixin.py:190} INFO - [2024-09-29T08:36:13.565-0500] {dag.py:3239} INFO - Sync 1 DAGs
[2024-09-29T08:36:13.580-0500] {logging_mixin.py:190} INFO - [2024-09-29T08:36:13.580-0500] {dag.py:4180} INFO - Setting next_dagrun for example_dynamic_task_mapping_with_no_taskflow_operators to None, run_after=None
[2024-09-29T08:36:13.868-0500] {processor.py:208} INFO - Processing /home/d-salamanca/airflow-env/lib/python3.12/site-packages/airflow/example_dags/example_dynamic_task_mapping_with_no_taskflow_operators.py took 0.513 seconds
[2024-09-29T08:38:18.459-0500] {processor.py:186} INFO - Started process (PID=31062) to work on /home/d-salamanca/airflow-env/lib/python3.12/site-packages/airflow/example_dags/example_dynamic_task_mapping_with_no_taskflow_operators.py
[2024-09-29T08:38:18.513-0500] {processor.py:914} INFO - Processing file /home/d-salamanca/airflow-env/lib/python3.12/site-packages/airflow/example_dags/example_dynamic_task_mapping_with_no_taskflow_operators.py for tasks to queue
[2024-09-29T08:38:18.519-0500] {logging_mixin.py:190} INFO - [2024-09-29T08:38:18.518-0500] {dagbag.py:588} INFO - Filling up the DagBag from /home/d-salamanca/airflow-env/lib/python3.12/site-packages/airflow/example_dags/example_dynamic_task_mapping_with_no_taskflow_operators.py
[2024-09-29T08:38:18.607-0500] {processor.py:925} INFO - DAG(s) 'example_dynamic_task_mapping_with_no_taskflow_operators' retrieved from /home/d-salamanca/airflow-env/lib/python3.12/site-packages/airflow/example_dags/example_dynamic_task_mapping_with_no_taskflow_operators.py
[2024-09-29T08:38:18.625-0500] {logging_mixin.py:190} INFO - [2024-09-29T08:38:18.625-0500] {dag.py:3239} INFO - Sync 1 DAGs
[2024-09-29T08:38:18.639-0500] {logging_mixin.py:190} INFO - [2024-09-29T08:38:18.639-0500] {dag.py:4180} INFO - Setting next_dagrun for example_dynamic_task_mapping_with_no_taskflow_operators to None, run_after=None
[2024-09-29T08:38:18.780-0500] {processor.py:208} INFO - Processing /home/d-salamanca/airflow-env/lib/python3.12/site-packages/airflow/example_dags/example_dynamic_task_mapping_with_no_taskflow_operators.py took 0.329 seconds
[2024-09-29T08:39:45.060-0500] {processor.py:186} INFO - Started process (PID=31134) to work on /home/d-salamanca/airflow-env/lib/python3.12/site-packages/airflow/example_dags/example_dynamic_task_mapping_with_no_taskflow_operators.py
[2024-09-29T08:39:45.122-0500] {processor.py:914} INFO - Processing file /home/d-salamanca/airflow-env/lib/python3.12/site-packages/airflow/example_dags/example_dynamic_task_mapping_with_no_taskflow_operators.py for tasks to queue
[2024-09-29T08:39:45.129-0500] {logging_mixin.py:190} INFO - [2024-09-29T08:39:45.128-0500] {dagbag.py:588} INFO - Filling up the DagBag from /home/d-salamanca/airflow-env/lib/python3.12/site-packages/airflow/example_dags/example_dynamic_task_mapping_with_no_taskflow_operators.py
[2024-09-29T08:39:45.142-0500] {processor.py:925} INFO - DAG(s) 'example_dynamic_task_mapping_with_no_taskflow_operators' retrieved from /home/d-salamanca/airflow-env/lib/python3.12/site-packages/airflow/example_dags/example_dynamic_task_mapping_with_no_taskflow_operators.py
[2024-09-29T08:39:45.161-0500] {logging_mixin.py:190} INFO - [2024-09-29T08:39:45.160-0500] {dag.py:3239} INFO - Sync 1 DAGs
[2024-09-29T08:39:45.175-0500] {logging_mixin.py:190} INFO - [2024-09-29T08:39:45.175-0500] {dag.py:4180} INFO - Setting next_dagrun for example_dynamic_task_mapping_with_no_taskflow_operators to None, run_after=None
[2024-09-29T08:39:45.219-0500] {processor.py:208} INFO - Processing /home/d-salamanca/airflow-env/lib/python3.12/site-packages/airflow/example_dags/example_dynamic_task_mapping_with_no_taskflow_operators.py took 0.170 seconds
[2024-09-29T08:41:24.529-0500] {processor.py:186} INFO - Started process (PID=31212) to work on /home/d-salamanca/airflow-env/lib/python3.12/site-packages/airflow/example_dags/example_dynamic_task_mapping_with_no_taskflow_operators.py
[2024-09-29T08:41:24.556-0500] {processor.py:914} INFO - Processing file /home/d-salamanca/airflow-env/lib/python3.12/site-packages/airflow/example_dags/example_dynamic_task_mapping_with_no_taskflow_operators.py for tasks to queue
[2024-09-29T08:41:24.562-0500] {logging_mixin.py:190} INFO - [2024-09-29T08:41:24.561-0500] {dagbag.py:588} INFO - Filling up the DagBag from /home/d-salamanca/airflow-env/lib/python3.12/site-packages/airflow/example_dags/example_dynamic_task_mapping_with_no_taskflow_operators.py
[2024-09-29T08:41:24.578-0500] {processor.py:925} INFO - DAG(s) 'example_dynamic_task_mapping_with_no_taskflow_operators' retrieved from /home/d-salamanca/airflow-env/lib/python3.12/site-packages/airflow/example_dags/example_dynamic_task_mapping_with_no_taskflow_operators.py
[2024-09-29T08:41:24.597-0500] {logging_mixin.py:190} INFO - [2024-09-29T08:41:24.596-0500] {dag.py:3239} INFO - Sync 1 DAGs
[2024-09-29T08:41:24.611-0500] {logging_mixin.py:190} INFO - [2024-09-29T08:41:24.611-0500] {dag.py:4180} INFO - Setting next_dagrun for example_dynamic_task_mapping_with_no_taskflow_operators to None, run_after=None
[2024-09-29T08:41:24.670-0500] {processor.py:208} INFO - Processing /home/d-salamanca/airflow-env/lib/python3.12/site-packages/airflow/example_dags/example_dynamic_task_mapping_with_no_taskflow_operators.py took 0.148 seconds
[2024-09-29T08:42:52.921-0500] {processor.py:186} INFO - Started process (PID=31284) to work on /home/d-salamanca/airflow-env/lib/python3.12/site-packages/airflow/example_dags/example_dynamic_task_mapping_with_no_taskflow_operators.py
[2024-09-29T08:42:52.939-0500] {processor.py:914} INFO - Processing file /home/d-salamanca/airflow-env/lib/python3.12/site-packages/airflow/example_dags/example_dynamic_task_mapping_with_no_taskflow_operators.py for tasks to queue
[2024-09-29T08:42:52.942-0500] {logging_mixin.py:190} INFO - [2024-09-29T08:42:52.941-0500] {dagbag.py:588} INFO - Filling up the DagBag from /home/d-salamanca/airflow-env/lib/python3.12/site-packages/airflow/example_dags/example_dynamic_task_mapping_with_no_taskflow_operators.py
[2024-09-29T08:42:52.953-0500] {processor.py:925} INFO - DAG(s) 'example_dynamic_task_mapping_with_no_taskflow_operators' retrieved from /home/d-salamanca/airflow-env/lib/python3.12/site-packages/airflow/example_dags/example_dynamic_task_mapping_with_no_taskflow_operators.py
[2024-09-29T08:42:52.971-0500] {logging_mixin.py:190} INFO - [2024-09-29T08:42:52.971-0500] {dag.py:3239} INFO - Sync 1 DAGs
[2024-09-29T08:42:52.991-0500] {logging_mixin.py:190} INFO - [2024-09-29T08:42:52.990-0500] {dag.py:4180} INFO - Setting next_dagrun for example_dynamic_task_mapping_with_no_taskflow_operators to None, run_after=None
[2024-09-29T08:42:53.067-0500] {processor.py:208} INFO - Processing /home/d-salamanca/airflow-env/lib/python3.12/site-packages/airflow/example_dags/example_dynamic_task_mapping_with_no_taskflow_operators.py took 0.153 seconds
[2024-09-29T08:44:20.555-0500] {processor.py:186} INFO - Started process (PID=31355) to work on /home/d-salamanca/airflow-env/lib/python3.12/site-packages/airflow/example_dags/example_dynamic_task_mapping_with_no_taskflow_operators.py
[2024-09-29T08:44:20.576-0500] {processor.py:914} INFO - Processing file /home/d-salamanca/airflow-env/lib/python3.12/site-packages/airflow/example_dags/example_dynamic_task_mapping_with_no_taskflow_operators.py for tasks to queue
[2024-09-29T08:44:20.581-0500] {logging_mixin.py:190} INFO - [2024-09-29T08:44:20.580-0500] {dagbag.py:588} INFO - Filling up the DagBag from /home/d-salamanca/airflow-env/lib/python3.12/site-packages/airflow/example_dags/example_dynamic_task_mapping_with_no_taskflow_operators.py
[2024-09-29T08:44:20.596-0500] {processor.py:925} INFO - DAG(s) 'example_dynamic_task_mapping_with_no_taskflow_operators' retrieved from /home/d-salamanca/airflow-env/lib/python3.12/site-packages/airflow/example_dags/example_dynamic_task_mapping_with_no_taskflow_operators.py
[2024-09-29T08:44:20.614-0500] {logging_mixin.py:190} INFO - [2024-09-29T08:44:20.614-0500] {dag.py:3239} INFO - Sync 1 DAGs
[2024-09-29T08:44:20.629-0500] {logging_mixin.py:190} INFO - [2024-09-29T08:44:20.629-0500] {dag.py:4180} INFO - Setting next_dagrun for example_dynamic_task_mapping_with_no_taskflow_operators to None, run_after=None
[2024-09-29T08:44:20.706-0500] {processor.py:208} INFO - Processing /home/d-salamanca/airflow-env/lib/python3.12/site-packages/airflow/example_dags/example_dynamic_task_mapping_with_no_taskflow_operators.py took 0.158 seconds
[2024-09-29T08:45:43.040-0500] {processor.py:186} INFO - Started process (PID=31438) to work on /home/d-salamanca/airflow-env/lib/python3.12/site-packages/airflow/example_dags/example_dynamic_task_mapping_with_no_taskflow_operators.py
[2024-09-29T08:45:43.042-0500] {processor.py:914} INFO - Processing file /home/d-salamanca/airflow-env/lib/python3.12/site-packages/airflow/example_dags/example_dynamic_task_mapping_with_no_taskflow_operators.py for tasks to queue
[2024-09-29T08:45:43.044-0500] {logging_mixin.py:190} INFO - [2024-09-29T08:45:43.044-0500] {dagbag.py:588} INFO - Filling up the DagBag from /home/d-salamanca/airflow-env/lib/python3.12/site-packages/airflow/example_dags/example_dynamic_task_mapping_with_no_taskflow_operators.py
[2024-09-29T08:45:43.055-0500] {processor.py:925} INFO - DAG(s) 'example_dynamic_task_mapping_with_no_taskflow_operators' retrieved from /home/d-salamanca/airflow-env/lib/python3.12/site-packages/airflow/example_dags/example_dynamic_task_mapping_with_no_taskflow_operators.py
[2024-09-29T08:45:43.073-0500] {logging_mixin.py:190} INFO - [2024-09-29T08:45:43.073-0500] {dag.py:3239} INFO - Sync 1 DAGs
[2024-09-29T08:45:43.088-0500] {logging_mixin.py:190} INFO - [2024-09-29T08:45:43.088-0500] {dag.py:4180} INFO - Setting next_dagrun for example_dynamic_task_mapping_with_no_taskflow_operators to None, run_after=None
[2024-09-29T08:45:43.266-0500] {processor.py:208} INFO - Processing /home/d-salamanca/airflow-env/lib/python3.12/site-packages/airflow/example_dags/example_dynamic_task_mapping_with_no_taskflow_operators.py took 0.233 seconds
[2024-09-29T08:47:44.321-0500] {processor.py:186} INFO - Started process (PID=31510) to work on /home/d-salamanca/airflow-env/lib/python3.12/site-packages/airflow/example_dags/example_dynamic_task_mapping_with_no_taskflow_operators.py
[2024-09-29T08:47:44.322-0500] {processor.py:914} INFO - Processing file /home/d-salamanca/airflow-env/lib/python3.12/site-packages/airflow/example_dags/example_dynamic_task_mapping_with_no_taskflow_operators.py for tasks to queue
[2024-09-29T08:47:44.325-0500] {logging_mixin.py:190} INFO - [2024-09-29T08:47:44.324-0500] {dagbag.py:588} INFO - Filling up the DagBag from /home/d-salamanca/airflow-env/lib/python3.12/site-packages/airflow/example_dags/example_dynamic_task_mapping_with_no_taskflow_operators.py
[2024-09-29T08:47:44.335-0500] {processor.py:925} INFO - DAG(s) 'example_dynamic_task_mapping_with_no_taskflow_operators' retrieved from /home/d-salamanca/airflow-env/lib/python3.12/site-packages/airflow/example_dags/example_dynamic_task_mapping_with_no_taskflow_operators.py
[2024-09-29T08:47:44.354-0500] {logging_mixin.py:190} INFO - [2024-09-29T08:47:44.353-0500] {dag.py:3239} INFO - Sync 1 DAGs
[2024-09-29T08:47:44.369-0500] {logging_mixin.py:190} INFO - [2024-09-29T08:47:44.368-0500] {dag.py:4180} INFO - Setting next_dagrun for example_dynamic_task_mapping_with_no_taskflow_operators to None, run_after=None
[2024-09-29T08:47:44.407-0500] {processor.py:208} INFO - Processing /home/d-salamanca/airflow-env/lib/python3.12/site-packages/airflow/example_dags/example_dynamic_task_mapping_with_no_taskflow_operators.py took 0.093 seconds
[2024-09-29T08:49:09.059-0500] {processor.py:186} INFO - Started process (PID=31599) to work on /home/d-salamanca/airflow-env/lib/python3.12/site-packages/airflow/example_dags/example_dynamic_task_mapping_with_no_taskflow_operators.py
[2024-09-29T08:49:09.105-0500] {processor.py:914} INFO - Processing file /home/d-salamanca/airflow-env/lib/python3.12/site-packages/airflow/example_dags/example_dynamic_task_mapping_with_no_taskflow_operators.py for tasks to queue
[2024-09-29T08:49:09.112-0500] {logging_mixin.py:190} INFO - [2024-09-29T08:49:09.111-0500] {dagbag.py:588} INFO - Filling up the DagBag from /home/d-salamanca/airflow-env/lib/python3.12/site-packages/airflow/example_dags/example_dynamic_task_mapping_with_no_taskflow_operators.py
[2024-09-29T08:49:09.123-0500] {processor.py:925} INFO - DAG(s) 'example_dynamic_task_mapping_with_no_taskflow_operators' retrieved from /home/d-salamanca/airflow-env/lib/python3.12/site-packages/airflow/example_dags/example_dynamic_task_mapping_with_no_taskflow_operators.py
[2024-09-29T08:49:09.140-0500] {logging_mixin.py:190} INFO - [2024-09-29T08:49:09.140-0500] {dag.py:3239} INFO - Sync 1 DAGs
[2024-09-29T08:49:09.154-0500] {logging_mixin.py:190} INFO - [2024-09-29T08:49:09.154-0500] {dag.py:4180} INFO - Setting next_dagrun for example_dynamic_task_mapping_with_no_taskflow_operators to None, run_after=None
[2024-09-29T08:49:09.237-0500] {processor.py:208} INFO - Processing /home/d-salamanca/airflow-env/lib/python3.12/site-packages/airflow/example_dags/example_dynamic_task_mapping_with_no_taskflow_operators.py took 0.186 seconds
[2024-09-29T08:50:38.787-0500] {processor.py:186} INFO - Started process (PID=31689) to work on /home/d-salamanca/airflow-env/lib/python3.12/site-packages/airflow/example_dags/example_dynamic_task_mapping_with_no_taskflow_operators.py
[2024-09-29T08:50:38.803-0500] {processor.py:914} INFO - Processing file /home/d-salamanca/airflow-env/lib/python3.12/site-packages/airflow/example_dags/example_dynamic_task_mapping_with_no_taskflow_operators.py for tasks to queue
[2024-09-29T08:50:38.809-0500] {logging_mixin.py:190} INFO - [2024-09-29T08:50:38.808-0500] {dagbag.py:588} INFO - Filling up the DagBag from /home/d-salamanca/airflow-env/lib/python3.12/site-packages/airflow/example_dags/example_dynamic_task_mapping_with_no_taskflow_operators.py
[2024-09-29T08:50:38.822-0500] {processor.py:925} INFO - DAG(s) 'example_dynamic_task_mapping_with_no_taskflow_operators' retrieved from /home/d-salamanca/airflow-env/lib/python3.12/site-packages/airflow/example_dags/example_dynamic_task_mapping_with_no_taskflow_operators.py
[2024-09-29T08:50:38.839-0500] {logging_mixin.py:190} INFO - [2024-09-29T08:50:38.839-0500] {dag.py:3239} INFO - Sync 1 DAGs
[2024-09-29T08:50:38.854-0500] {logging_mixin.py:190} INFO - [2024-09-29T08:50:38.854-0500] {dag.py:4180} INFO - Setting next_dagrun for example_dynamic_task_mapping_with_no_taskflow_operators to None, run_after=None
[2024-09-29T08:50:38.882-0500] {processor.py:208} INFO - Processing /home/d-salamanca/airflow-env/lib/python3.12/site-packages/airflow/example_dags/example_dynamic_task_mapping_with_no_taskflow_operators.py took 0.108 seconds
[2024-09-29T08:53:18.187-0500] {processor.py:186} INFO - Started process (PID=31986) to work on /home/d-salamanca/airflow-env/lib/python3.12/site-packages/airflow/example_dags/example_dynamic_task_mapping_with_no_taskflow_operators.py
[2024-09-29T08:53:18.213-0500] {processor.py:914} INFO - Processing file /home/d-salamanca/airflow-env/lib/python3.12/site-packages/airflow/example_dags/example_dynamic_task_mapping_with_no_taskflow_operators.py for tasks to queue
[2024-09-29T08:53:18.218-0500] {logging_mixin.py:190} INFO - [2024-09-29T08:53:18.217-0500] {dagbag.py:588} INFO - Filling up the DagBag from /home/d-salamanca/airflow-env/lib/python3.12/site-packages/airflow/example_dags/example_dynamic_task_mapping_with_no_taskflow_operators.py
[2024-09-29T08:53:18.255-0500] {processor.py:925} INFO - DAG(s) 'example_dynamic_task_mapping_with_no_taskflow_operators' retrieved from /home/d-salamanca/airflow-env/lib/python3.12/site-packages/airflow/example_dags/example_dynamic_task_mapping_with_no_taskflow_operators.py
[2024-09-29T08:53:18.274-0500] {logging_mixin.py:190} INFO - [2024-09-29T08:53:18.274-0500] {dag.py:3239} INFO - Sync 1 DAGs
[2024-09-29T08:53:18.289-0500] {logging_mixin.py:190} INFO - [2024-09-29T08:53:18.289-0500] {dag.py:4180} INFO - Setting next_dagrun for example_dynamic_task_mapping_with_no_taskflow_operators to None, run_after=None
[2024-09-29T08:53:18.408-0500] {processor.py:208} INFO - Processing /home/d-salamanca/airflow-env/lib/python3.12/site-packages/airflow/example_dags/example_dynamic_task_mapping_with_no_taskflow_operators.py took 0.228 seconds
[2024-09-29T08:54:52.005-0500] {processor.py:186} INFO - Started process (PID=32060) to work on /home/d-salamanca/airflow-env/lib/python3.12/site-packages/airflow/example_dags/example_dynamic_task_mapping_with_no_taskflow_operators.py
[2024-09-29T08:54:52.007-0500] {processor.py:914} INFO - Processing file /home/d-salamanca/airflow-env/lib/python3.12/site-packages/airflow/example_dags/example_dynamic_task_mapping_with_no_taskflow_operators.py for tasks to queue
[2024-09-29T08:54:52.012-0500] {logging_mixin.py:190} INFO - [2024-09-29T08:54:52.011-0500] {dagbag.py:588} INFO - Filling up the DagBag from /home/d-salamanca/airflow-env/lib/python3.12/site-packages/airflow/example_dags/example_dynamic_task_mapping_with_no_taskflow_operators.py
[2024-09-29T08:54:52.024-0500] {processor.py:925} INFO - DAG(s) 'example_dynamic_task_mapping_with_no_taskflow_operators' retrieved from /home/d-salamanca/airflow-env/lib/python3.12/site-packages/airflow/example_dags/example_dynamic_task_mapping_with_no_taskflow_operators.py
[2024-09-29T08:54:52.043-0500] {logging_mixin.py:190} INFO - [2024-09-29T08:54:52.043-0500] {dag.py:3239} INFO - Sync 1 DAGs
[2024-09-29T08:54:52.057-0500] {logging_mixin.py:190} INFO - [2024-09-29T08:54:52.057-0500] {dag.py:4180} INFO - Setting next_dagrun for example_dynamic_task_mapping_with_no_taskflow_operators to None, run_after=None
[2024-09-29T08:54:52.096-0500] {processor.py:208} INFO - Processing /home/d-salamanca/airflow-env/lib/python3.12/site-packages/airflow/example_dags/example_dynamic_task_mapping_with_no_taskflow_operators.py took 0.099 seconds
[2024-09-29T08:56:35.134-0500] {processor.py:186} INFO - Started process (PID=32139) to work on /home/d-salamanca/airflow-env/lib/python3.12/site-packages/airflow/example_dags/example_dynamic_task_mapping_with_no_taskflow_operators.py
[2024-09-29T08:56:35.159-0500] {processor.py:914} INFO - Processing file /home/d-salamanca/airflow-env/lib/python3.12/site-packages/airflow/example_dags/example_dynamic_task_mapping_with_no_taskflow_operators.py for tasks to queue
[2024-09-29T08:56:35.164-0500] {logging_mixin.py:190} INFO - [2024-09-29T08:56:35.163-0500] {dagbag.py:588} INFO - Filling up the DagBag from /home/d-salamanca/airflow-env/lib/python3.12/site-packages/airflow/example_dags/example_dynamic_task_mapping_with_no_taskflow_operators.py
[2024-09-29T08:56:35.176-0500] {processor.py:925} INFO - DAG(s) 'example_dynamic_task_mapping_with_no_taskflow_operators' retrieved from /home/d-salamanca/airflow-env/lib/python3.12/site-packages/airflow/example_dags/example_dynamic_task_mapping_with_no_taskflow_operators.py
[2024-09-29T08:56:35.193-0500] {logging_mixin.py:190} INFO - [2024-09-29T08:56:35.193-0500] {dag.py:3239} INFO - Sync 1 DAGs
[2024-09-29T08:56:35.211-0500] {logging_mixin.py:190} INFO - [2024-09-29T08:56:35.210-0500] {dag.py:4180} INFO - Setting next_dagrun for example_dynamic_task_mapping_with_no_taskflow_operators to None, run_after=None
[2024-09-29T08:56:35.261-0500] {processor.py:208} INFO - Processing /home/d-salamanca/airflow-env/lib/python3.12/site-packages/airflow/example_dags/example_dynamic_task_mapping_with_no_taskflow_operators.py took 0.135 seconds
[2024-09-29T08:58:20.189-0500] {processor.py:186} INFO - Started process (PID=32219) to work on /home/d-salamanca/airflow-env/lib/python3.12/site-packages/airflow/example_dags/example_dynamic_task_mapping_with_no_taskflow_operators.py
[2024-09-29T08:58:20.228-0500] {processor.py:914} INFO - Processing file /home/d-salamanca/airflow-env/lib/python3.12/site-packages/airflow/example_dags/example_dynamic_task_mapping_with_no_taskflow_operators.py for tasks to queue
[2024-09-29T08:58:20.233-0500] {logging_mixin.py:190} INFO - [2024-09-29T08:58:20.232-0500] {dagbag.py:588} INFO - Filling up the DagBag from /home/d-salamanca/airflow-env/lib/python3.12/site-packages/airflow/example_dags/example_dynamic_task_mapping_with_no_taskflow_operators.py
[2024-09-29T08:58:20.249-0500] {processor.py:925} INFO - DAG(s) 'example_dynamic_task_mapping_with_no_taskflow_operators' retrieved from /home/d-salamanca/airflow-env/lib/python3.12/site-packages/airflow/example_dags/example_dynamic_task_mapping_with_no_taskflow_operators.py
[2024-09-29T08:58:20.267-0500] {logging_mixin.py:190} INFO - [2024-09-29T08:58:20.267-0500] {dag.py:3239} INFO - Sync 1 DAGs
[2024-09-29T08:58:20.282-0500] {logging_mixin.py:190} INFO - [2024-09-29T08:58:20.282-0500] {dag.py:4180} INFO - Setting next_dagrun for example_dynamic_task_mapping_with_no_taskflow_operators to None, run_after=None
[2024-09-29T08:58:20.315-0500] {processor.py:208} INFO - Processing /home/d-salamanca/airflow-env/lib/python3.12/site-packages/airflow/example_dags/example_dynamic_task_mapping_with_no_taskflow_operators.py took 0.135 seconds
[2024-09-29T09:00:17.034-0500] {processor.py:186} INFO - Started process (PID=32473) to work on /home/d-salamanca/airflow-env/lib/python3.12/site-packages/airflow/example_dags/example_dynamic_task_mapping_with_no_taskflow_operators.py
[2024-09-29T09:00:17.179-0500] {processor.py:914} INFO - Processing file /home/d-salamanca/airflow-env/lib/python3.12/site-packages/airflow/example_dags/example_dynamic_task_mapping_with_no_taskflow_operators.py for tasks to queue
[2024-09-29T09:00:17.182-0500] {logging_mixin.py:190} INFO - [2024-09-29T09:00:17.182-0500] {dagbag.py:588} INFO - Filling up the DagBag from /home/d-salamanca/airflow-env/lib/python3.12/site-packages/airflow/example_dags/example_dynamic_task_mapping_with_no_taskflow_operators.py
[2024-09-29T09:00:17.287-0500] {processor.py:925} INFO - DAG(s) 'example_dynamic_task_mapping_with_no_taskflow_operators' retrieved from /home/d-salamanca/airflow-env/lib/python3.12/site-packages/airflow/example_dags/example_dynamic_task_mapping_with_no_taskflow_operators.py
[2024-09-29T09:00:17.306-0500] {logging_mixin.py:190} INFO - [2024-09-29T09:00:17.305-0500] {dag.py:3239} INFO - Sync 1 DAGs
[2024-09-29T09:00:17.322-0500] {logging_mixin.py:190} INFO - [2024-09-29T09:00:17.321-0500] {dag.py:4180} INFO - Setting next_dagrun for example_dynamic_task_mapping_with_no_taskflow_operators to None, run_after=None
[2024-09-29T09:00:17.563-0500] {processor.py:208} INFO - Processing /home/d-salamanca/airflow-env/lib/python3.12/site-packages/airflow/example_dags/example_dynamic_task_mapping_with_no_taskflow_operators.py took 0.540 seconds
[2024-09-29T09:02:03.669-0500] {processor.py:186} INFO - Started process (PID=32600) to work on /home/d-salamanca/airflow-env/lib/python3.12/site-packages/airflow/example_dags/example_dynamic_task_mapping_with_no_taskflow_operators.py
[2024-09-29T09:02:03.696-0500] {processor.py:914} INFO - Processing file /home/d-salamanca/airflow-env/lib/python3.12/site-packages/airflow/example_dags/example_dynamic_task_mapping_with_no_taskflow_operators.py for tasks to queue
[2024-09-29T09:02:03.700-0500] {logging_mixin.py:190} INFO - [2024-09-29T09:02:03.699-0500] {dagbag.py:588} INFO - Filling up the DagBag from /home/d-salamanca/airflow-env/lib/python3.12/site-packages/airflow/example_dags/example_dynamic_task_mapping_with_no_taskflow_operators.py
[2024-09-29T09:02:03.759-0500] {processor.py:925} INFO - DAG(s) 'example_dynamic_task_mapping_with_no_taskflow_operators' retrieved from /home/d-salamanca/airflow-env/lib/python3.12/site-packages/airflow/example_dags/example_dynamic_task_mapping_with_no_taskflow_operators.py
[2024-09-29T09:02:03.776-0500] {logging_mixin.py:190} INFO - [2024-09-29T09:02:03.776-0500] {dag.py:3239} INFO - Sync 1 DAGs
[2024-09-29T09:02:03.791-0500] {logging_mixin.py:190} INFO - [2024-09-29T09:02:03.791-0500] {dag.py:4180} INFO - Setting next_dagrun for example_dynamic_task_mapping_with_no_taskflow_operators to None, run_after=None
[2024-09-29T09:02:04.150-0500] {processor.py:208} INFO - Processing /home/d-salamanca/airflow-env/lib/python3.12/site-packages/airflow/example_dags/example_dynamic_task_mapping_with_no_taskflow_operators.py took 0.489 seconds
[2024-09-29T09:03:27.006-0500] {processor.py:186} INFO - Started process (PID=32671) to work on /home/d-salamanca/airflow-env/lib/python3.12/site-packages/airflow/example_dags/example_dynamic_task_mapping_with_no_taskflow_operators.py
[2024-09-29T09:03:27.016-0500] {processor.py:914} INFO - Processing file /home/d-salamanca/airflow-env/lib/python3.12/site-packages/airflow/example_dags/example_dynamic_task_mapping_with_no_taskflow_operators.py for tasks to queue
[2024-09-29T09:03:27.019-0500] {logging_mixin.py:190} INFO - [2024-09-29T09:03:27.019-0500] {dagbag.py:588} INFO - Filling up the DagBag from /home/d-salamanca/airflow-env/lib/python3.12/site-packages/airflow/example_dags/example_dynamic_task_mapping_with_no_taskflow_operators.py
[2024-09-29T09:03:27.030-0500] {processor.py:925} INFO - DAG(s) 'example_dynamic_task_mapping_with_no_taskflow_operators' retrieved from /home/d-salamanca/airflow-env/lib/python3.12/site-packages/airflow/example_dags/example_dynamic_task_mapping_with_no_taskflow_operators.py
[2024-09-29T09:03:27.049-0500] {logging_mixin.py:190} INFO - [2024-09-29T09:03:27.048-0500] {dag.py:3239} INFO - Sync 1 DAGs
[2024-09-29T09:03:27.063-0500] {logging_mixin.py:190} INFO - [2024-09-29T09:03:27.063-0500] {dag.py:4180} INFO - Setting next_dagrun for example_dynamic_task_mapping_with_no_taskflow_operators to None, run_after=None
[2024-09-29T09:03:27.235-0500] {processor.py:208} INFO - Processing /home/d-salamanca/airflow-env/lib/python3.12/site-packages/airflow/example_dags/example_dynamic_task_mapping_with_no_taskflow_operators.py took 0.237 seconds
[2024-09-29T09:05:14.020-0500] {processor.py:186} INFO - Started process (PID=33020) to work on /home/d-salamanca/airflow-env/lib/python3.12/site-packages/airflow/example_dags/example_dynamic_task_mapping_with_no_taskflow_operators.py
[2024-09-29T09:05:14.071-0500] {processor.py:914} INFO - Processing file /home/d-salamanca/airflow-env/lib/python3.12/site-packages/airflow/example_dags/example_dynamic_task_mapping_with_no_taskflow_operators.py for tasks to queue
[2024-09-29T09:05:14.077-0500] {logging_mixin.py:190} INFO - [2024-09-29T09:05:14.076-0500] {dagbag.py:588} INFO - Filling up the DagBag from /home/d-salamanca/airflow-env/lib/python3.12/site-packages/airflow/example_dags/example_dynamic_task_mapping_with_no_taskflow_operators.py
[2024-09-29T09:05:14.113-0500] {processor.py:925} INFO - DAG(s) 'example_dynamic_task_mapping_with_no_taskflow_operators' retrieved from /home/d-salamanca/airflow-env/lib/python3.12/site-packages/airflow/example_dags/example_dynamic_task_mapping_with_no_taskflow_operators.py
[2024-09-29T09:05:14.133-0500] {logging_mixin.py:190} INFO - [2024-09-29T09:05:14.133-0500] {dag.py:3239} INFO - Sync 1 DAGs
[2024-09-29T09:05:14.147-0500] {logging_mixin.py:190} INFO - [2024-09-29T09:05:14.147-0500] {dag.py:4180} INFO - Setting next_dagrun for example_dynamic_task_mapping_with_no_taskflow_operators to None, run_after=None
[2024-09-29T09:05:14.308-0500] {processor.py:208} INFO - Processing /home/d-salamanca/airflow-env/lib/python3.12/site-packages/airflow/example_dags/example_dynamic_task_mapping_with_no_taskflow_operators.py took 0.298 seconds
[2024-09-29T09:07:24.200-0500] {processor.py:186} INFO - Started process (PID=33107) to work on /home/d-salamanca/airflow-env/lib/python3.12/site-packages/airflow/example_dags/example_dynamic_task_mapping_with_no_taskflow_operators.py
[2024-09-29T09:07:24.226-0500] {processor.py:914} INFO - Processing file /home/d-salamanca/airflow-env/lib/python3.12/site-packages/airflow/example_dags/example_dynamic_task_mapping_with_no_taskflow_operators.py for tasks to queue
[2024-09-29T09:07:24.231-0500] {logging_mixin.py:190} INFO - [2024-09-29T09:07:24.230-0500] {dagbag.py:588} INFO - Filling up the DagBag from /home/d-salamanca/airflow-env/lib/python3.12/site-packages/airflow/example_dags/example_dynamic_task_mapping_with_no_taskflow_operators.py
[2024-09-29T09:07:24.253-0500] {processor.py:925} INFO - DAG(s) 'example_dynamic_task_mapping_with_no_taskflow_operators' retrieved from /home/d-salamanca/airflow-env/lib/python3.12/site-packages/airflow/example_dags/example_dynamic_task_mapping_with_no_taskflow_operators.py
[2024-09-29T09:07:24.273-0500] {logging_mixin.py:190} INFO - [2024-09-29T09:07:24.273-0500] {dag.py:3239} INFO - Sync 1 DAGs
[2024-09-29T09:07:24.293-0500] {logging_mixin.py:190} INFO - [2024-09-29T09:07:24.293-0500] {dag.py:4180} INFO - Setting next_dagrun for example_dynamic_task_mapping_with_no_taskflow_operators to None, run_after=None
[2024-09-29T09:07:24.472-0500] {processor.py:208} INFO - Processing /home/d-salamanca/airflow-env/lib/python3.12/site-packages/airflow/example_dags/example_dynamic_task_mapping_with_no_taskflow_operators.py took 0.282 seconds
[2024-09-29T09:08:36.381-0500] {processor.py:186} INFO - Started process (PID=33174) to work on /home/d-salamanca/airflow-env/lib/python3.12/site-packages/airflow/example_dags/example_dynamic_task_mapping_with_no_taskflow_operators.py
[2024-09-29T09:08:36.414-0500] {processor.py:914} INFO - Processing file /home/d-salamanca/airflow-env/lib/python3.12/site-packages/airflow/example_dags/example_dynamic_task_mapping_with_no_taskflow_operators.py for tasks to queue
[2024-09-29T09:08:36.420-0500] {logging_mixin.py:190} INFO - [2024-09-29T09:08:36.419-0500] {dagbag.py:588} INFO - Filling up the DagBag from /home/d-salamanca/airflow-env/lib/python3.12/site-packages/airflow/example_dags/example_dynamic_task_mapping_with_no_taskflow_operators.py
[2024-09-29T09:08:36.435-0500] {processor.py:925} INFO - DAG(s) 'example_dynamic_task_mapping_with_no_taskflow_operators' retrieved from /home/d-salamanca/airflow-env/lib/python3.12/site-packages/airflow/example_dags/example_dynamic_task_mapping_with_no_taskflow_operators.py
[2024-09-29T09:08:36.454-0500] {logging_mixin.py:190} INFO - [2024-09-29T09:08:36.454-0500] {dag.py:3239} INFO - Sync 1 DAGs
[2024-09-29T09:08:36.468-0500] {logging_mixin.py:190} INFO - [2024-09-29T09:08:36.468-0500] {dag.py:4180} INFO - Setting next_dagrun for example_dynamic_task_mapping_with_no_taskflow_operators to None, run_after=None
[2024-09-29T09:08:36.507-0500] {processor.py:208} INFO - Processing /home/d-salamanca/airflow-env/lib/python3.12/site-packages/airflow/example_dags/example_dynamic_task_mapping_with_no_taskflow_operators.py took 0.133 seconds
