[2024-09-29T00:19:25.792-0500] {processor.py:186} INFO - Started process (PID=28632) to work on /home/d-salamanca/airflow-env/lib/python3.12/site-packages/airflow/example_dags/example_nested_branch_dag.py
[2024-09-29T00:19:25.793-0500] {processor.py:914} INFO - Processing file /home/d-salamanca/airflow-env/lib/python3.12/site-packages/airflow/example_dags/example_nested_branch_dag.py for tasks to queue
[2024-09-29T00:19:25.796-0500] {logging_mixin.py:190} INFO - [2024-09-29T00:19:25.795-0500] {dagbag.py:588} INFO - Filling up the DagBag from /home/d-salamanca/airflow-env/lib/python3.12/site-packages/airflow/example_dags/example_nested_branch_dag.py
[2024-09-29T00:19:25.834-0500] {processor.py:925} INFO - DAG(s) 'example_nested_branch_dag' retrieved from /home/d-salamanca/airflow-env/lib/python3.12/site-packages/airflow/example_dags/example_nested_branch_dag.py
[2024-09-29T00:19:26.398-0500] {logging_mixin.py:190} INFO - [2024-09-29T00:19:26.396-0500] {override.py:1901} INFO - Created Permission View: can edit on DAG:example_nested_branch_dag
[2024-09-29T00:19:26.637-0500] {logging_mixin.py:190} INFO - [2024-09-29T00:19:26.636-0500] {override.py:1901} INFO - Created Permission View: can read on DAG:example_nested_branch_dag
[2024-09-29T00:19:26.650-0500] {logging_mixin.py:190} INFO - [2024-09-29T00:19:26.650-0500] {override.py:1901} INFO - Created Permission View: can delete on DAG:example_nested_branch_dag
[2024-09-29T00:19:26.672-0500] {logging_mixin.py:190} INFO - [2024-09-29T00:19:26.671-0500] {override.py:1901} INFO - Created Permission View: can create on DAG Run:example_nested_branch_dag
[2024-09-29T00:19:26.693-0500] {logging_mixin.py:190} INFO - [2024-09-29T00:19:26.693-0500] {override.py:1901} INFO - Created Permission View: can read on DAG Run:example_nested_branch_dag
[2024-09-29T00:19:26.711-0500] {logging_mixin.py:190} INFO - [2024-09-29T00:19:26.711-0500] {override.py:1901} INFO - Created Permission View: can delete on DAG Run:example_nested_branch_dag
[2024-09-29T00:19:26.731-0500] {logging_mixin.py:190} INFO - [2024-09-29T00:19:26.731-0500] {override.py:1901} INFO - Created Permission View: menu access on DAG Run:example_nested_branch_dag
[2024-09-29T00:19:26.732-0500] {logging_mixin.py:190} INFO - [2024-09-29T00:19:26.732-0500] {dag.py:3239} INFO - Sync 1 DAGs
[2024-09-29T00:19:26.745-0500] {logging_mixin.py:190} INFO - [2024-09-29T00:19:26.745-0500] {dag.py:3262} INFO - Creating ORM DAG for example_nested_branch_dag
[2024-09-29T00:19:26.754-0500] {logging_mixin.py:190} INFO - [2024-09-29T00:19:26.754-0500] {dag.py:4180} INFO - Setting next_dagrun for example_nested_branch_dag to 2024-09-28 00:00:00+00:00, run_after=2024-09-29 00:00:00+00:00
[2024-09-29T00:19:26.811-0500] {processor.py:208} INFO - Processing /home/d-salamanca/airflow-env/lib/python3.12/site-packages/airflow/example_dags/example_nested_branch_dag.py took 1.026 seconds
[2024-09-29T00:20:50.002-0500] {processor.py:186} INFO - Started process (PID=28707) to work on /home/d-salamanca/airflow-env/lib/python3.12/site-packages/airflow/example_dags/example_nested_branch_dag.py
[2024-09-29T00:20:50.012-0500] {processor.py:914} INFO - Processing file /home/d-salamanca/airflow-env/lib/python3.12/site-packages/airflow/example_dags/example_nested_branch_dag.py for tasks to queue
[2024-09-29T00:20:50.015-0500] {logging_mixin.py:190} INFO - [2024-09-29T00:20:50.014-0500] {dagbag.py:588} INFO - Filling up the DagBag from /home/d-salamanca/airflow-env/lib/python3.12/site-packages/airflow/example_dags/example_nested_branch_dag.py
[2024-09-29T00:20:50.029-0500] {processor.py:925} INFO - DAG(s) 'example_nested_branch_dag' retrieved from /home/d-salamanca/airflow-env/lib/python3.12/site-packages/airflow/example_dags/example_nested_branch_dag.py
[2024-09-29T00:20:50.052-0500] {logging_mixin.py:190} INFO - [2024-09-29T00:20:50.051-0500] {dag.py:3239} INFO - Sync 1 DAGs
[2024-09-29T00:20:50.079-0500] {logging_mixin.py:190} INFO - [2024-09-29T00:20:50.078-0500] {dag.py:4180} INFO - Setting next_dagrun for example_nested_branch_dag to 2024-09-28 00:00:00+00:00, run_after=2024-09-29 00:00:00+00:00
[2024-09-29T00:20:50.119-0500] {processor.py:208} INFO - Processing /home/d-salamanca/airflow-env/lib/python3.12/site-packages/airflow/example_dags/example_nested_branch_dag.py took 0.125 seconds
[2024-09-29T00:22:32.789-0500] {processor.py:186} INFO - Started process (PID=28781) to work on /home/d-salamanca/airflow-env/lib/python3.12/site-packages/airflow/example_dags/example_nested_branch_dag.py
[2024-09-29T00:22:32.810-0500] {processor.py:914} INFO - Processing file /home/d-salamanca/airflow-env/lib/python3.12/site-packages/airflow/example_dags/example_nested_branch_dag.py for tasks to queue
[2024-09-29T00:22:32.815-0500] {logging_mixin.py:190} INFO - [2024-09-29T00:22:32.814-0500] {dagbag.py:588} INFO - Filling up the DagBag from /home/d-salamanca/airflow-env/lib/python3.12/site-packages/airflow/example_dags/example_nested_branch_dag.py
[2024-09-29T00:22:32.834-0500] {processor.py:925} INFO - DAG(s) 'example_nested_branch_dag' retrieved from /home/d-salamanca/airflow-env/lib/python3.12/site-packages/airflow/example_dags/example_nested_branch_dag.py
[2024-09-29T00:22:32.855-0500] {logging_mixin.py:190} INFO - [2024-09-29T00:22:32.855-0500] {dag.py:3239} INFO - Sync 1 DAGs
[2024-09-29T00:22:32.879-0500] {logging_mixin.py:190} INFO - [2024-09-29T00:22:32.878-0500] {dag.py:4180} INFO - Setting next_dagrun for example_nested_branch_dag to 2024-09-28 00:00:00+00:00, run_after=2024-09-29 00:00:00+00:00
[2024-09-29T00:22:32.905-0500] {processor.py:208} INFO - Processing /home/d-salamanca/airflow-env/lib/python3.12/site-packages/airflow/example_dags/example_nested_branch_dag.py took 0.124 seconds
[2024-09-29T00:23:58.523-0500] {processor.py:186} INFO - Started process (PID=28853) to work on /home/d-salamanca/airflow-env/lib/python3.12/site-packages/airflow/example_dags/example_nested_branch_dag.py
[2024-09-29T00:23:58.525-0500] {processor.py:914} INFO - Processing file /home/d-salamanca/airflow-env/lib/python3.12/site-packages/airflow/example_dags/example_nested_branch_dag.py for tasks to queue
[2024-09-29T00:23:58.530-0500] {logging_mixin.py:190} INFO - [2024-09-29T00:23:58.529-0500] {dagbag.py:588} INFO - Filling up the DagBag from /home/d-salamanca/airflow-env/lib/python3.12/site-packages/airflow/example_dags/example_nested_branch_dag.py
[2024-09-29T00:23:58.547-0500] {processor.py:925} INFO - DAG(s) 'example_nested_branch_dag' retrieved from /home/d-salamanca/airflow-env/lib/python3.12/site-packages/airflow/example_dags/example_nested_branch_dag.py
[2024-09-29T00:23:58.572-0500] {logging_mixin.py:190} INFO - [2024-09-29T00:23:58.572-0500] {dag.py:3239} INFO - Sync 1 DAGs
[2024-09-29T00:23:58.605-0500] {logging_mixin.py:190} INFO - [2024-09-29T00:23:58.605-0500] {dag.py:4180} INFO - Setting next_dagrun for example_nested_branch_dag to 2024-09-28 00:00:00+00:00, run_after=2024-09-29 00:00:00+00:00
[2024-09-29T00:23:58.666-0500] {processor.py:208} INFO - Processing /home/d-salamanca/airflow-env/lib/python3.12/site-packages/airflow/example_dags/example_nested_branch_dag.py took 0.153 seconds
[2024-09-29T00:25:21.930-0500] {processor.py:186} INFO - Started process (PID=28925) to work on /home/d-salamanca/airflow-env/lib/python3.12/site-packages/airflow/example_dags/example_nested_branch_dag.py
[2024-09-29T00:25:21.932-0500] {processor.py:914} INFO - Processing file /home/d-salamanca/airflow-env/lib/python3.12/site-packages/airflow/example_dags/example_nested_branch_dag.py for tasks to queue
[2024-09-29T00:25:21.934-0500] {logging_mixin.py:190} INFO - [2024-09-29T00:25:21.934-0500] {dagbag.py:588} INFO - Filling up the DagBag from /home/d-salamanca/airflow-env/lib/python3.12/site-packages/airflow/example_dags/example_nested_branch_dag.py
[2024-09-29T00:25:21.948-0500] {processor.py:925} INFO - DAG(s) 'example_nested_branch_dag' retrieved from /home/d-salamanca/airflow-env/lib/python3.12/site-packages/airflow/example_dags/example_nested_branch_dag.py
[2024-09-29T00:25:21.969-0500] {logging_mixin.py:190} INFO - [2024-09-29T00:25:21.969-0500] {dag.py:3239} INFO - Sync 1 DAGs
[2024-09-29T00:25:22.154-0500] {logging_mixin.py:190} INFO - [2024-09-29T00:25:22.154-0500] {dag.py:4180} INFO - Setting next_dagrun for example_nested_branch_dag to 2024-09-28 00:00:00+00:00, run_after=2024-09-29 00:00:00+00:00
[2024-09-29T00:25:22.217-0500] {processor.py:208} INFO - Processing /home/d-salamanca/airflow-env/lib/python3.12/site-packages/airflow/example_dags/example_nested_branch_dag.py took 0.294 seconds
[2024-09-29T00:26:59.700-0500] {processor.py:186} INFO - Started process (PID=29040) to work on /home/d-salamanca/airflow-env/lib/python3.12/site-packages/airflow/example_dags/example_nested_branch_dag.py
[2024-09-29T00:26:59.722-0500] {processor.py:914} INFO - Processing file /home/d-salamanca/airflow-env/lib/python3.12/site-packages/airflow/example_dags/example_nested_branch_dag.py for tasks to queue
[2024-09-29T00:26:59.725-0500] {logging_mixin.py:190} INFO - [2024-09-29T00:26:59.725-0500] {dagbag.py:588} INFO - Filling up the DagBag from /home/d-salamanca/airflow-env/lib/python3.12/site-packages/airflow/example_dags/example_nested_branch_dag.py
[2024-09-29T00:26:59.741-0500] {processor.py:925} INFO - DAG(s) 'example_nested_branch_dag' retrieved from /home/d-salamanca/airflow-env/lib/python3.12/site-packages/airflow/example_dags/example_nested_branch_dag.py
[2024-09-29T00:26:59.761-0500] {logging_mixin.py:190} INFO - [2024-09-29T00:26:59.761-0500] {dag.py:3239} INFO - Sync 1 DAGs
[2024-09-29T00:26:59.788-0500] {logging_mixin.py:190} INFO - [2024-09-29T00:26:59.788-0500] {dag.py:4180} INFO - Setting next_dagrun for example_nested_branch_dag to 2024-09-28 00:00:00+00:00, run_after=2024-09-29 00:00:00+00:00
[2024-09-29T00:26:59.852-0500] {processor.py:208} INFO - Processing /home/d-salamanca/airflow-env/lib/python3.12/site-packages/airflow/example_dags/example_nested_branch_dag.py took 0.160 seconds
[2024-09-29T00:28:41.242-0500] {processor.py:186} INFO - Started process (PID=29164) to work on /home/d-salamanca/airflow-env/lib/python3.12/site-packages/airflow/example_dags/example_nested_branch_dag.py
[2024-09-29T00:28:41.259-0500] {processor.py:914} INFO - Processing file /home/d-salamanca/airflow-env/lib/python3.12/site-packages/airflow/example_dags/example_nested_branch_dag.py for tasks to queue
[2024-09-29T00:28:41.267-0500] {logging_mixin.py:190} INFO - [2024-09-29T00:28:41.266-0500] {dagbag.py:588} INFO - Filling up the DagBag from /home/d-salamanca/airflow-env/lib/python3.12/site-packages/airflow/example_dags/example_nested_branch_dag.py
[2024-09-29T00:28:41.289-0500] {processor.py:925} INFO - DAG(s) 'example_nested_branch_dag' retrieved from /home/d-salamanca/airflow-env/lib/python3.12/site-packages/airflow/example_dags/example_nested_branch_dag.py
[2024-09-29T00:28:41.319-0500] {logging_mixin.py:190} INFO - [2024-09-29T00:28:41.317-0500] {dag.py:3239} INFO - Sync 1 DAGs
[2024-09-29T00:28:41.351-0500] {logging_mixin.py:190} INFO - [2024-09-29T00:28:41.351-0500] {dag.py:4180} INFO - Setting next_dagrun for example_nested_branch_dag to 2024-09-28 00:00:00+00:00, run_after=2024-09-29 00:00:00+00:00
[2024-09-29T00:28:41.397-0500] {processor.py:208} INFO - Processing /home/d-salamanca/airflow-env/lib/python3.12/site-packages/airflow/example_dags/example_nested_branch_dag.py took 0.164 seconds
[2024-09-29T00:31:11.341-0500] {processor.py:186} INFO - Started process (PID=29302) to work on /home/d-salamanca/airflow-env/lib/python3.12/site-packages/airflow/example_dags/example_nested_branch_dag.py
[2024-09-29T00:31:11.371-0500] {processor.py:914} INFO - Processing file /home/d-salamanca/airflow-env/lib/python3.12/site-packages/airflow/example_dags/example_nested_branch_dag.py for tasks to queue
[2024-09-29T00:31:11.379-0500] {logging_mixin.py:190} INFO - [2024-09-29T00:31:11.377-0500] {dagbag.py:588} INFO - Filling up the DagBag from /home/d-salamanca/airflow-env/lib/python3.12/site-packages/airflow/example_dags/example_nested_branch_dag.py
[2024-09-29T00:31:11.450-0500] {processor.py:925} INFO - DAG(s) 'example_nested_branch_dag' retrieved from /home/d-salamanca/airflow-env/lib/python3.12/site-packages/airflow/example_dags/example_nested_branch_dag.py
[2024-09-29T00:31:11.472-0500] {logging_mixin.py:190} INFO - [2024-09-29T00:31:11.471-0500] {dag.py:3239} INFO - Sync 1 DAGs
[2024-09-29T00:31:11.498-0500] {logging_mixin.py:190} INFO - [2024-09-29T00:31:11.498-0500] {dag.py:4180} INFO - Setting next_dagrun for example_nested_branch_dag to 2024-09-28 00:00:00+00:00, run_after=2024-09-29 00:00:00+00:00
[2024-09-29T00:31:11.536-0500] {processor.py:208} INFO - Processing /home/d-salamanca/airflow-env/lib/python3.12/site-packages/airflow/example_dags/example_nested_branch_dag.py took 0.205 seconds
[2024-09-29T00:32:41.644-0500] {processor.py:186} INFO - Started process (PID=29377) to work on /home/d-salamanca/airflow-env/lib/python3.12/site-packages/airflow/example_dags/example_nested_branch_dag.py
[2024-09-29T00:32:41.766-0500] {processor.py:914} INFO - Processing file /home/d-salamanca/airflow-env/lib/python3.12/site-packages/airflow/example_dags/example_nested_branch_dag.py for tasks to queue
[2024-09-29T00:32:41.772-0500] {logging_mixin.py:190} INFO - [2024-09-29T00:32:41.771-0500] {dagbag.py:588} INFO - Filling up the DagBag from /home/d-salamanca/airflow-env/lib/python3.12/site-packages/airflow/example_dags/example_nested_branch_dag.py
[2024-09-29T00:32:41.788-0500] {processor.py:925} INFO - DAG(s) 'example_nested_branch_dag' retrieved from /home/d-salamanca/airflow-env/lib/python3.12/site-packages/airflow/example_dags/example_nested_branch_dag.py
[2024-09-29T00:32:41.808-0500] {logging_mixin.py:190} INFO - [2024-09-29T00:32:41.807-0500] {dag.py:3239} INFO - Sync 1 DAGs
[2024-09-29T00:32:41.832-0500] {logging_mixin.py:190} INFO - [2024-09-29T00:32:41.831-0500] {dag.py:4180} INFO - Setting next_dagrun for example_nested_branch_dag to 2024-09-28 00:00:00+00:00, run_after=2024-09-29 00:00:00+00:00
[2024-09-29T00:32:41.903-0500] {processor.py:208} INFO - Processing /home/d-salamanca/airflow-env/lib/python3.12/site-packages/airflow/example_dags/example_nested_branch_dag.py took 0.267 seconds
[2024-09-29T00:34:10.914-0500] {processor.py:186} INFO - Started process (PID=29486) to work on /home/d-salamanca/airflow-env/lib/python3.12/site-packages/airflow/example_dags/example_nested_branch_dag.py
[2024-09-29T00:34:10.954-0500] {processor.py:914} INFO - Processing file /home/d-salamanca/airflow-env/lib/python3.12/site-packages/airflow/example_dags/example_nested_branch_dag.py for tasks to queue
[2024-09-29T00:34:10.957-0500] {logging_mixin.py:190} INFO - [2024-09-29T00:34:10.956-0500] {dagbag.py:588} INFO - Filling up the DagBag from /home/d-salamanca/airflow-env/lib/python3.12/site-packages/airflow/example_dags/example_nested_branch_dag.py
[2024-09-29T00:34:10.991-0500] {processor.py:925} INFO - DAG(s) 'example_nested_branch_dag' retrieved from /home/d-salamanca/airflow-env/lib/python3.12/site-packages/airflow/example_dags/example_nested_branch_dag.py
[2024-09-29T00:34:11.012-0500] {logging_mixin.py:190} INFO - [2024-09-29T00:34:11.011-0500] {dag.py:3239} INFO - Sync 1 DAGs
[2024-09-29T00:34:11.036-0500] {logging_mixin.py:190} INFO - [2024-09-29T00:34:11.036-0500] {dag.py:4180} INFO - Setting next_dagrun for example_nested_branch_dag to 2024-09-28 00:00:00+00:00, run_after=2024-09-29 00:00:00+00:00
[2024-09-29T00:34:11.423-0500] {processor.py:208} INFO - Processing /home/d-salamanca/airflow-env/lib/python3.12/site-packages/airflow/example_dags/example_nested_branch_dag.py took 0.516 seconds
[2024-09-29T08:20:39.827-0500] {processor.py:186} INFO - Started process (PID=29784) to work on /home/d-salamanca/airflow-env/lib/python3.12/site-packages/airflow/example_dags/example_nested_branch_dag.py
[2024-09-29T08:20:39.857-0500] {processor.py:914} INFO - Processing file /home/d-salamanca/airflow-env/lib/python3.12/site-packages/airflow/example_dags/example_nested_branch_dag.py for tasks to queue
[2024-09-29T08:20:39.862-0500] {logging_mixin.py:190} INFO - [2024-09-29T08:20:39.861-0500] {dagbag.py:588} INFO - Filling up the DagBag from /home/d-salamanca/airflow-env/lib/python3.12/site-packages/airflow/example_dags/example_nested_branch_dag.py
[2024-09-29T08:20:39.933-0500] {processor.py:925} INFO - DAG(s) 'example_nested_branch_dag' retrieved from /home/d-salamanca/airflow-env/lib/python3.12/site-packages/airflow/example_dags/example_nested_branch_dag.py
[2024-09-29T08:20:39.953-0500] {logging_mixin.py:190} INFO - [2024-09-29T08:20:39.953-0500] {dag.py:3239} INFO - Sync 1 DAGs
[2024-09-29T08:20:39.982-0500] {logging_mixin.py:190} INFO - [2024-09-29T08:20:39.981-0500] {dag.py:4180} INFO - Setting next_dagrun for example_nested_branch_dag to 2024-09-28 00:00:00+00:00, run_after=2024-09-29 00:00:00+00:00
[2024-09-29T08:20:40.020-0500] {processor.py:208} INFO - Processing /home/d-salamanca/airflow-env/lib/python3.12/site-packages/airflow/example_dags/example_nested_branch_dag.py took 0.202 seconds
[2024-09-29T08:22:44.658-0500] {processor.py:186} INFO - Started process (PID=29892) to work on /home/d-salamanca/airflow-env/lib/python3.12/site-packages/airflow/example_dags/example_nested_branch_dag.py
[2024-09-29T08:22:44.697-0500] {processor.py:914} INFO - Processing file /home/d-salamanca/airflow-env/lib/python3.12/site-packages/airflow/example_dags/example_nested_branch_dag.py for tasks to queue
[2024-09-29T08:22:44.702-0500] {logging_mixin.py:190} INFO - [2024-09-29T08:22:44.701-0500] {dagbag.py:588} INFO - Filling up the DagBag from /home/d-salamanca/airflow-env/lib/python3.12/site-packages/airflow/example_dags/example_nested_branch_dag.py
[2024-09-29T08:22:44.745-0500] {processor.py:925} INFO - DAG(s) 'example_nested_branch_dag' retrieved from /home/d-salamanca/airflow-env/lib/python3.12/site-packages/airflow/example_dags/example_nested_branch_dag.py
[2024-09-29T08:22:44.813-0500] {logging_mixin.py:190} INFO - [2024-09-29T08:22:44.813-0500] {dag.py:3239} INFO - Sync 1 DAGs
[2024-09-29T08:22:44.836-0500] {logging_mixin.py:190} INFO - [2024-09-29T08:22:44.836-0500] {dag.py:4180} INFO - Setting next_dagrun for example_nested_branch_dag to 2024-09-28 00:00:00+00:00, run_after=2024-09-29 00:00:00+00:00
[2024-09-29T08:22:44.873-0500] {processor.py:208} INFO - Processing /home/d-salamanca/airflow-env/lib/python3.12/site-packages/airflow/example_dags/example_nested_branch_dag.py took 0.223 seconds
[2024-09-29T08:24:15.400-0500] {processor.py:186} INFO - Started process (PID=29967) to work on /home/d-salamanca/airflow-env/lib/python3.12/site-packages/airflow/example_dags/example_nested_branch_dag.py
[2024-09-29T08:24:15.411-0500] {processor.py:914} INFO - Processing file /home/d-salamanca/airflow-env/lib/python3.12/site-packages/airflow/example_dags/example_nested_branch_dag.py for tasks to queue
[2024-09-29T08:24:15.414-0500] {logging_mixin.py:190} INFO - [2024-09-29T08:24:15.413-0500] {dagbag.py:588} INFO - Filling up the DagBag from /home/d-salamanca/airflow-env/lib/python3.12/site-packages/airflow/example_dags/example_nested_branch_dag.py
[2024-09-29T08:24:15.428-0500] {processor.py:925} INFO - DAG(s) 'example_nested_branch_dag' retrieved from /home/d-salamanca/airflow-env/lib/python3.12/site-packages/airflow/example_dags/example_nested_branch_dag.py
[2024-09-29T08:24:15.450-0500] {logging_mixin.py:190} INFO - [2024-09-29T08:24:15.450-0500] {dag.py:3239} INFO - Sync 1 DAGs
[2024-09-29T08:24:15.478-0500] {logging_mixin.py:190} INFO - [2024-09-29T08:24:15.477-0500] {dag.py:4180} INFO - Setting next_dagrun for example_nested_branch_dag to 2024-09-28 00:00:00+00:00, run_after=2024-09-29 00:00:00+00:00
[2024-09-29T08:24:15.518-0500] {processor.py:208} INFO - Processing /home/d-salamanca/airflow-env/lib/python3.12/site-packages/airflow/example_dags/example_nested_branch_dag.py took 0.126 seconds
[2024-09-29T08:25:39.141-0500] {processor.py:186} INFO - Started process (PID=30071) to work on /home/d-salamanca/airflow-env/lib/python3.12/site-packages/airflow/example_dags/example_nested_branch_dag.py
[2024-09-29T08:25:39.176-0500] {processor.py:914} INFO - Processing file /home/d-salamanca/airflow-env/lib/python3.12/site-packages/airflow/example_dags/example_nested_branch_dag.py for tasks to queue
[2024-09-29T08:25:39.182-0500] {logging_mixin.py:190} INFO - [2024-09-29T08:25:39.182-0500] {dagbag.py:588} INFO - Filling up the DagBag from /home/d-salamanca/airflow-env/lib/python3.12/site-packages/airflow/example_dags/example_nested_branch_dag.py
[2024-09-29T08:25:39.214-0500] {processor.py:925} INFO - DAG(s) 'example_nested_branch_dag' retrieved from /home/d-salamanca/airflow-env/lib/python3.12/site-packages/airflow/example_dags/example_nested_branch_dag.py
[2024-09-29T08:25:39.321-0500] {logging_mixin.py:190} INFO - [2024-09-29T08:25:39.321-0500] {dag.py:3239} INFO - Sync 1 DAGs
[2024-09-29T08:25:39.374-0500] {logging_mixin.py:190} INFO - [2024-09-29T08:25:39.373-0500] {dag.py:4180} INFO - Setting next_dagrun for example_nested_branch_dag to 2024-09-28 00:00:00+00:00, run_after=2024-09-29 00:00:00+00:00
[2024-09-29T08:25:39.439-0500] {processor.py:208} INFO - Processing /home/d-salamanca/airflow-env/lib/python3.12/site-packages/airflow/example_dags/example_nested_branch_dag.py took 0.310 seconds
[2024-09-29T08:27:05.292-0500] {processor.py:186} INFO - Started process (PID=30140) to work on /home/d-salamanca/airflow-env/lib/python3.12/site-packages/airflow/example_dags/example_nested_branch_dag.py
[2024-09-29T08:27:05.293-0500] {processor.py:914} INFO - Processing file /home/d-salamanca/airflow-env/lib/python3.12/site-packages/airflow/example_dags/example_nested_branch_dag.py for tasks to queue
[2024-09-29T08:27:05.296-0500] {logging_mixin.py:190} INFO - [2024-09-29T08:27:05.295-0500] {dagbag.py:588} INFO - Filling up the DagBag from /home/d-salamanca/airflow-env/lib/python3.12/site-packages/airflow/example_dags/example_nested_branch_dag.py
[2024-09-29T08:27:05.310-0500] {processor.py:925} INFO - DAG(s) 'example_nested_branch_dag' retrieved from /home/d-salamanca/airflow-env/lib/python3.12/site-packages/airflow/example_dags/example_nested_branch_dag.py
[2024-09-29T08:27:05.331-0500] {logging_mixin.py:190} INFO - [2024-09-29T08:27:05.331-0500] {dag.py:3239} INFO - Sync 1 DAGs
[2024-09-29T08:27:05.357-0500] {logging_mixin.py:190} INFO - [2024-09-29T08:27:05.357-0500] {dag.py:4180} INFO - Setting next_dagrun for example_nested_branch_dag to 2024-09-28 00:00:00+00:00, run_after=2024-09-29 00:00:00+00:00
[2024-09-29T08:27:05.413-0500] {processor.py:208} INFO - Processing /home/d-salamanca/airflow-env/lib/python3.12/site-packages/airflow/example_dags/example_nested_branch_dag.py took 0.129 seconds
[2024-09-29T08:28:18.930-0500] {processor.py:186} INFO - Started process (PID=30206) to work on /home/d-salamanca/airflow-env/lib/python3.12/site-packages/airflow/example_dags/example_nested_branch_dag.py
[2024-09-29T08:28:18.931-0500] {processor.py:914} INFO - Processing file /home/d-salamanca/airflow-env/lib/python3.12/site-packages/airflow/example_dags/example_nested_branch_dag.py for tasks to queue
[2024-09-29T08:28:18.934-0500] {logging_mixin.py:190} INFO - [2024-09-29T08:28:18.933-0500] {dagbag.py:588} INFO - Filling up the DagBag from /home/d-salamanca/airflow-env/lib/python3.12/site-packages/airflow/example_dags/example_nested_branch_dag.py
[2024-09-29T08:28:18.948-0500] {processor.py:925} INFO - DAG(s) 'example_nested_branch_dag' retrieved from /home/d-salamanca/airflow-env/lib/python3.12/site-packages/airflow/example_dags/example_nested_branch_dag.py
[2024-09-29T08:28:18.969-0500] {logging_mixin.py:190} INFO - [2024-09-29T08:28:18.969-0500] {dag.py:3239} INFO - Sync 1 DAGs
[2024-09-29T08:28:18.993-0500] {logging_mixin.py:190} INFO - [2024-09-29T08:28:18.993-0500] {dag.py:4180} INFO - Setting next_dagrun for example_nested_branch_dag to 2024-09-28 00:00:00+00:00, run_after=2024-09-29 00:00:00+00:00
[2024-09-29T08:28:19.048-0500] {processor.py:208} INFO - Processing /home/d-salamanca/airflow-env/lib/python3.12/site-packages/airflow/example_dags/example_nested_branch_dag.py took 0.126 seconds
[2024-09-29T08:29:39.786-0500] {processor.py:186} INFO - Started process (PID=30277) to work on /home/d-salamanca/airflow-env/lib/python3.12/site-packages/airflow/example_dags/example_nested_branch_dag.py
[2024-09-29T08:29:39.787-0500] {processor.py:914} INFO - Processing file /home/d-salamanca/airflow-env/lib/python3.12/site-packages/airflow/example_dags/example_nested_branch_dag.py for tasks to queue
[2024-09-29T08:29:39.790-0500] {logging_mixin.py:190} INFO - [2024-09-29T08:29:39.789-0500] {dagbag.py:588} INFO - Filling up the DagBag from /home/d-salamanca/airflow-env/lib/python3.12/site-packages/airflow/example_dags/example_nested_branch_dag.py
[2024-09-29T08:29:39.804-0500] {processor.py:925} INFO - DAG(s) 'example_nested_branch_dag' retrieved from /home/d-salamanca/airflow-env/lib/python3.12/site-packages/airflow/example_dags/example_nested_branch_dag.py
[2024-09-29T08:29:39.825-0500] {logging_mixin.py:190} INFO - [2024-09-29T08:29:39.825-0500] {dag.py:3239} INFO - Sync 1 DAGs
[2024-09-29T08:29:39.850-0500] {logging_mixin.py:190} INFO - [2024-09-29T08:29:39.849-0500] {dag.py:4180} INFO - Setting next_dagrun for example_nested_branch_dag to 2024-09-28 00:00:00+00:00, run_after=2024-09-29 00:00:00+00:00
[2024-09-29T08:29:40.345-0500] {processor.py:208} INFO - Processing /home/d-salamanca/airflow-env/lib/python3.12/site-packages/airflow/example_dags/example_nested_branch_dag.py took 0.568 seconds
[2024-09-29T08:31:10.167-0500] {processor.py:186} INFO - Started process (PID=30355) to work on /home/d-salamanca/airflow-env/lib/python3.12/site-packages/airflow/example_dags/example_nested_branch_dag.py
[2024-09-29T08:31:10.204-0500] {processor.py:914} INFO - Processing file /home/d-salamanca/airflow-env/lib/python3.12/site-packages/airflow/example_dags/example_nested_branch_dag.py for tasks to queue
[2024-09-29T08:31:10.210-0500] {logging_mixin.py:190} INFO - [2024-09-29T08:31:10.209-0500] {dagbag.py:588} INFO - Filling up the DagBag from /home/d-salamanca/airflow-env/lib/python3.12/site-packages/airflow/example_dags/example_nested_branch_dag.py
[2024-09-29T08:31:10.231-0500] {processor.py:925} INFO - DAG(s) 'example_nested_branch_dag' retrieved from /home/d-salamanca/airflow-env/lib/python3.12/site-packages/airflow/example_dags/example_nested_branch_dag.py
[2024-09-29T08:31:10.252-0500] {logging_mixin.py:190} INFO - [2024-09-29T08:31:10.251-0500] {dag.py:3239} INFO - Sync 1 DAGs
[2024-09-29T08:31:10.275-0500] {logging_mixin.py:190} INFO - [2024-09-29T08:31:10.275-0500] {dag.py:4180} INFO - Setting next_dagrun for example_nested_branch_dag to 2024-09-28 00:00:00+00:00, run_after=2024-09-29 00:00:00+00:00
[2024-09-29T08:31:10.472-0500] {processor.py:208} INFO - Processing /home/d-salamanca/airflow-env/lib/python3.12/site-packages/airflow/example_dags/example_nested_branch_dag.py took 0.313 seconds
[2024-09-29T08:32:49.229-0500] {processor.py:186} INFO - Started process (PID=30440) to work on /home/d-salamanca/airflow-env/lib/python3.12/site-packages/airflow/example_dags/example_nested_branch_dag.py
[2024-09-29T08:32:49.231-0500] {processor.py:914} INFO - Processing file /home/d-salamanca/airflow-env/lib/python3.12/site-packages/airflow/example_dags/example_nested_branch_dag.py for tasks to queue
[2024-09-29T08:32:49.234-0500] {logging_mixin.py:190} INFO - [2024-09-29T08:32:49.233-0500] {dagbag.py:588} INFO - Filling up the DagBag from /home/d-salamanca/airflow-env/lib/python3.12/site-packages/airflow/example_dags/example_nested_branch_dag.py
[2024-09-29T08:32:49.250-0500] {processor.py:925} INFO - DAG(s) 'example_nested_branch_dag' retrieved from /home/d-salamanca/airflow-env/lib/python3.12/site-packages/airflow/example_dags/example_nested_branch_dag.py
[2024-09-29T08:32:49.270-0500] {logging_mixin.py:190} INFO - [2024-09-29T08:32:49.270-0500] {dag.py:3239} INFO - Sync 1 DAGs
[2024-09-29T08:32:49.295-0500] {logging_mixin.py:190} INFO - [2024-09-29T08:32:49.295-0500] {dag.py:4180} INFO - Setting next_dagrun for example_nested_branch_dag to 2024-09-28 00:00:00+00:00, run_after=2024-09-29 00:00:00+00:00
[2024-09-29T08:32:49.338-0500] {processor.py:208} INFO - Processing /home/d-salamanca/airflow-env/lib/python3.12/site-packages/airflow/example_dags/example_nested_branch_dag.py took 0.116 seconds
[2024-09-29T08:34:08.631-0500] {processor.py:186} INFO - Started process (PID=30509) to work on /home/d-salamanca/airflow-env/lib/python3.12/site-packages/airflow/example_dags/example_nested_branch_dag.py
[2024-09-29T08:34:08.633-0500] {processor.py:914} INFO - Processing file /home/d-salamanca/airflow-env/lib/python3.12/site-packages/airflow/example_dags/example_nested_branch_dag.py for tasks to queue
[2024-09-29T08:34:08.635-0500] {logging_mixin.py:190} INFO - [2024-09-29T08:34:08.635-0500] {dagbag.py:588} INFO - Filling up the DagBag from /home/d-salamanca/airflow-env/lib/python3.12/site-packages/airflow/example_dags/example_nested_branch_dag.py
[2024-09-29T08:34:08.650-0500] {processor.py:925} INFO - DAG(s) 'example_nested_branch_dag' retrieved from /home/d-salamanca/airflow-env/lib/python3.12/site-packages/airflow/example_dags/example_nested_branch_dag.py
[2024-09-29T08:34:08.671-0500] {logging_mixin.py:190} INFO - [2024-09-29T08:34:08.671-0500] {dag.py:3239} INFO - Sync 1 DAGs
[2024-09-29T08:34:08.696-0500] {logging_mixin.py:190} INFO - [2024-09-29T08:34:08.696-0500] {dag.py:4180} INFO - Setting next_dagrun for example_nested_branch_dag to 2024-09-28 00:00:00+00:00, run_after=2024-09-29 00:00:00+00:00
[2024-09-29T08:34:08.742-0500] {processor.py:208} INFO - Processing /home/d-salamanca/airflow-env/lib/python3.12/site-packages/airflow/example_dags/example_nested_branch_dag.py took 0.119 seconds
[2024-09-29T08:36:05.238-0500] {processor.py:186} INFO - Started process (PID=30787) to work on /home/d-salamanca/airflow-env/lib/python3.12/site-packages/airflow/example_dags/example_nested_branch_dag.py
[2024-09-29T08:36:05.336-0500] {processor.py:914} INFO - Processing file /home/d-salamanca/airflow-env/lib/python3.12/site-packages/airflow/example_dags/example_nested_branch_dag.py for tasks to queue
[2024-09-29T08:36:05.343-0500] {logging_mixin.py:190} INFO - [2024-09-29T08:36:05.342-0500] {dagbag.py:588} INFO - Filling up the DagBag from /home/d-salamanca/airflow-env/lib/python3.12/site-packages/airflow/example_dags/example_nested_branch_dag.py
[2024-09-29T08:36:05.489-0500] {processor.py:925} INFO - DAG(s) 'example_nested_branch_dag' retrieved from /home/d-salamanca/airflow-env/lib/python3.12/site-packages/airflow/example_dags/example_nested_branch_dag.py
[2024-09-29T08:36:05.510-0500] {logging_mixin.py:190} INFO - [2024-09-29T08:36:05.509-0500] {dag.py:3239} INFO - Sync 1 DAGs
[2024-09-29T08:36:05.534-0500] {logging_mixin.py:190} INFO - [2024-09-29T08:36:05.534-0500] {dag.py:4180} INFO - Setting next_dagrun for example_nested_branch_dag to 2024-09-28 00:00:00+00:00, run_after=2024-09-29 00:00:00+00:00
[2024-09-29T08:36:06.047-0500] {processor.py:208} INFO - Processing /home/d-salamanca/airflow-env/lib/python3.12/site-packages/airflow/example_dags/example_nested_branch_dag.py took 0.818 seconds
[2024-09-29T08:38:13.406-0500] {processor.py:186} INFO - Started process (PID=31058) to work on /home/d-salamanca/airflow-env/lib/python3.12/site-packages/airflow/example_dags/example_nested_branch_dag.py
[2024-09-29T08:38:13.457-0500] {processor.py:914} INFO - Processing file /home/d-salamanca/airflow-env/lib/python3.12/site-packages/airflow/example_dags/example_nested_branch_dag.py for tasks to queue
[2024-09-29T08:38:13.463-0500] {logging_mixin.py:190} INFO - [2024-09-29T08:38:13.462-0500] {dagbag.py:588} INFO - Filling up the DagBag from /home/d-salamanca/airflow-env/lib/python3.12/site-packages/airflow/example_dags/example_nested_branch_dag.py
[2024-09-29T08:38:13.494-0500] {processor.py:925} INFO - DAG(s) 'example_nested_branch_dag' retrieved from /home/d-salamanca/airflow-env/lib/python3.12/site-packages/airflow/example_dags/example_nested_branch_dag.py
[2024-09-29T08:38:13.514-0500] {logging_mixin.py:190} INFO - [2024-09-29T08:38:13.514-0500] {dag.py:3239} INFO - Sync 1 DAGs
[2024-09-29T08:38:13.538-0500] {logging_mixin.py:190} INFO - [2024-09-29T08:38:13.537-0500] {dag.py:4180} INFO - Setting next_dagrun for example_nested_branch_dag to 2024-09-28 00:00:00+00:00, run_after=2024-09-29 00:00:00+00:00
[2024-09-29T08:38:13.585-0500] {processor.py:208} INFO - Processing /home/d-salamanca/airflow-env/lib/python3.12/site-packages/airflow/example_dags/example_nested_branch_dag.py took 0.192 seconds
[2024-09-29T08:39:39.771-0500] {processor.py:186} INFO - Started process (PID=31130) to work on /home/d-salamanca/airflow-env/lib/python3.12/site-packages/airflow/example_dags/example_nested_branch_dag.py
[2024-09-29T08:39:39.803-0500] {processor.py:914} INFO - Processing file /home/d-salamanca/airflow-env/lib/python3.12/site-packages/airflow/example_dags/example_nested_branch_dag.py for tasks to queue
[2024-09-29T08:39:39.809-0500] {logging_mixin.py:190} INFO - [2024-09-29T08:39:39.808-0500] {dagbag.py:588} INFO - Filling up the DagBag from /home/d-salamanca/airflow-env/lib/python3.12/site-packages/airflow/example_dags/example_nested_branch_dag.py
[2024-09-29T08:39:39.831-0500] {processor.py:925} INFO - DAG(s) 'example_nested_branch_dag' retrieved from /home/d-salamanca/airflow-env/lib/python3.12/site-packages/airflow/example_dags/example_nested_branch_dag.py
[2024-09-29T08:39:39.851-0500] {logging_mixin.py:190} INFO - [2024-09-29T08:39:39.851-0500] {dag.py:3239} INFO - Sync 1 DAGs
[2024-09-29T08:39:39.876-0500] {logging_mixin.py:190} INFO - [2024-09-29T08:39:39.876-0500] {dag.py:4180} INFO - Setting next_dagrun for example_nested_branch_dag to 2024-09-28 00:00:00+00:00, run_after=2024-09-29 00:00:00+00:00
[2024-09-29T08:39:39.905-0500] {processor.py:208} INFO - Processing /home/d-salamanca/airflow-env/lib/python3.12/site-packages/airflow/example_dags/example_nested_branch_dag.py took 0.142 seconds
[2024-09-29T08:41:18.791-0500] {processor.py:186} INFO - Started process (PID=31208) to work on /home/d-salamanca/airflow-env/lib/python3.12/site-packages/airflow/example_dags/example_nested_branch_dag.py
[2024-09-29T08:41:18.811-0500] {processor.py:914} INFO - Processing file /home/d-salamanca/airflow-env/lib/python3.12/site-packages/airflow/example_dags/example_nested_branch_dag.py for tasks to queue
[2024-09-29T08:41:18.814-0500] {logging_mixin.py:190} INFO - [2024-09-29T08:41:18.814-0500] {dagbag.py:588} INFO - Filling up the DagBag from /home/d-salamanca/airflow-env/lib/python3.12/site-packages/airflow/example_dags/example_nested_branch_dag.py
[2024-09-29T08:41:18.830-0500] {processor.py:925} INFO - DAG(s) 'example_nested_branch_dag' retrieved from /home/d-salamanca/airflow-env/lib/python3.12/site-packages/airflow/example_dags/example_nested_branch_dag.py
[2024-09-29T08:41:18.850-0500] {logging_mixin.py:190} INFO - [2024-09-29T08:41:18.849-0500] {dag.py:3239} INFO - Sync 1 DAGs
[2024-09-29T08:41:18.872-0500] {logging_mixin.py:190} INFO - [2024-09-29T08:41:18.872-0500] {dag.py:4180} INFO - Setting next_dagrun for example_nested_branch_dag to 2024-09-28 00:00:00+00:00, run_after=2024-09-29 00:00:00+00:00
[2024-09-29T08:41:18.924-0500] {processor.py:208} INFO - Processing /home/d-salamanca/airflow-env/lib/python3.12/site-packages/airflow/example_dags/example_nested_branch_dag.py took 0.140 seconds
[2024-09-29T08:42:47.818-0500] {processor.py:186} INFO - Started process (PID=31280) to work on /home/d-salamanca/airflow-env/lib/python3.12/site-packages/airflow/example_dags/example_nested_branch_dag.py
[2024-09-29T08:42:47.844-0500] {processor.py:914} INFO - Processing file /home/d-salamanca/airflow-env/lib/python3.12/site-packages/airflow/example_dags/example_nested_branch_dag.py for tasks to queue
[2024-09-29T08:42:47.849-0500] {logging_mixin.py:190} INFO - [2024-09-29T08:42:47.848-0500] {dagbag.py:588} INFO - Filling up the DagBag from /home/d-salamanca/airflow-env/lib/python3.12/site-packages/airflow/example_dags/example_nested_branch_dag.py
[2024-09-29T08:42:47.868-0500] {processor.py:925} INFO - DAG(s) 'example_nested_branch_dag' retrieved from /home/d-salamanca/airflow-env/lib/python3.12/site-packages/airflow/example_dags/example_nested_branch_dag.py
[2024-09-29T08:42:47.888-0500] {logging_mixin.py:190} INFO - [2024-09-29T08:42:47.888-0500] {dag.py:3239} INFO - Sync 1 DAGs
[2024-09-29T08:42:47.913-0500] {logging_mixin.py:190} INFO - [2024-09-29T08:42:47.913-0500] {dag.py:4180} INFO - Setting next_dagrun for example_nested_branch_dag to 2024-09-28 00:00:00+00:00, run_after=2024-09-29 00:00:00+00:00
[2024-09-29T08:42:48.044-0500] {processor.py:208} INFO - Processing /home/d-salamanca/airflow-env/lib/python3.12/site-packages/airflow/example_dags/example_nested_branch_dag.py took 0.233 seconds
[2024-09-29T08:44:15.034-0500] {processor.py:186} INFO - Started process (PID=31351) to work on /home/d-salamanca/airflow-env/lib/python3.12/site-packages/airflow/example_dags/example_nested_branch_dag.py
[2024-09-29T08:44:15.054-0500] {processor.py:914} INFO - Processing file /home/d-salamanca/airflow-env/lib/python3.12/site-packages/airflow/example_dags/example_nested_branch_dag.py for tasks to queue
[2024-09-29T08:44:15.061-0500] {logging_mixin.py:190} INFO - [2024-09-29T08:44:15.060-0500] {dagbag.py:588} INFO - Filling up the DagBag from /home/d-salamanca/airflow-env/lib/python3.12/site-packages/airflow/example_dags/example_nested_branch_dag.py
[2024-09-29T08:44:15.082-0500] {processor.py:925} INFO - DAG(s) 'example_nested_branch_dag' retrieved from /home/d-salamanca/airflow-env/lib/python3.12/site-packages/airflow/example_dags/example_nested_branch_dag.py
[2024-09-29T08:44:15.102-0500] {logging_mixin.py:190} INFO - [2024-09-29T08:44:15.101-0500] {dag.py:3239} INFO - Sync 1 DAGs
[2024-09-29T08:44:15.126-0500] {logging_mixin.py:190} INFO - [2024-09-29T08:44:15.126-0500] {dag.py:4180} INFO - Setting next_dagrun for example_nested_branch_dag to 2024-09-28 00:00:00+00:00, run_after=2024-09-29 00:00:00+00:00
[2024-09-29T08:44:15.216-0500] {processor.py:208} INFO - Processing /home/d-salamanca/airflow-env/lib/python3.12/site-packages/airflow/example_dags/example_nested_branch_dag.py took 0.190 seconds
[2024-09-29T08:45:37.974-0500] {processor.py:186} INFO - Started process (PID=31434) to work on /home/d-salamanca/airflow-env/lib/python3.12/site-packages/airflow/example_dags/example_nested_branch_dag.py
[2024-09-29T08:45:37.985-0500] {processor.py:914} INFO - Processing file /home/d-salamanca/airflow-env/lib/python3.12/site-packages/airflow/example_dags/example_nested_branch_dag.py for tasks to queue
[2024-09-29T08:45:37.989-0500] {logging_mixin.py:190} INFO - [2024-09-29T08:45:37.988-0500] {dagbag.py:588} INFO - Filling up the DagBag from /home/d-salamanca/airflow-env/lib/python3.12/site-packages/airflow/example_dags/example_nested_branch_dag.py
[2024-09-29T08:45:38.003-0500] {processor.py:925} INFO - DAG(s) 'example_nested_branch_dag' retrieved from /home/d-salamanca/airflow-env/lib/python3.12/site-packages/airflow/example_dags/example_nested_branch_dag.py
[2024-09-29T08:45:38.023-0500] {logging_mixin.py:190} INFO - [2024-09-29T08:45:38.023-0500] {dag.py:3239} INFO - Sync 1 DAGs
[2024-09-29T08:45:38.047-0500] {logging_mixin.py:190} INFO - [2024-09-29T08:45:38.047-0500] {dag.py:4180} INFO - Setting next_dagrun for example_nested_branch_dag to 2024-09-28 00:00:00+00:00, run_after=2024-09-29 00:00:00+00:00
[2024-09-29T08:45:38.097-0500] {processor.py:208} INFO - Processing /home/d-salamanca/airflow-env/lib/python3.12/site-packages/airflow/example_dags/example_nested_branch_dag.py took 0.131 seconds
[2024-09-29T08:47:39.139-0500] {processor.py:186} INFO - Started process (PID=31506) to work on /home/d-salamanca/airflow-env/lib/python3.12/site-packages/airflow/example_dags/example_nested_branch_dag.py
[2024-09-29T08:47:39.140-0500] {processor.py:914} INFO - Processing file /home/d-salamanca/airflow-env/lib/python3.12/site-packages/airflow/example_dags/example_nested_branch_dag.py for tasks to queue
[2024-09-29T08:47:39.144-0500] {logging_mixin.py:190} INFO - [2024-09-29T08:47:39.143-0500] {dagbag.py:588} INFO - Filling up the DagBag from /home/d-salamanca/airflow-env/lib/python3.12/site-packages/airflow/example_dags/example_nested_branch_dag.py
[2024-09-29T08:47:39.160-0500] {processor.py:925} INFO - DAG(s) 'example_nested_branch_dag' retrieved from /home/d-salamanca/airflow-env/lib/python3.12/site-packages/airflow/example_dags/example_nested_branch_dag.py
[2024-09-29T08:47:39.180-0500] {logging_mixin.py:190} INFO - [2024-09-29T08:47:39.180-0500] {dag.py:3239} INFO - Sync 1 DAGs
[2024-09-29T08:47:39.203-0500] {logging_mixin.py:190} INFO - [2024-09-29T08:47:39.203-0500] {dag.py:4180} INFO - Setting next_dagrun for example_nested_branch_dag to 2024-09-28 00:00:00+00:00, run_after=2024-09-29 00:00:00+00:00
[2024-09-29T08:47:39.230-0500] {processor.py:208} INFO - Processing /home/d-salamanca/airflow-env/lib/python3.12/site-packages/airflow/example_dags/example_nested_branch_dag.py took 0.110 seconds
[2024-09-29T08:49:03.800-0500] {processor.py:186} INFO - Started process (PID=31594) to work on /home/d-salamanca/airflow-env/lib/python3.12/site-packages/airflow/example_dags/example_nested_branch_dag.py
[2024-09-29T08:49:03.826-0500] {processor.py:914} INFO - Processing file /home/d-salamanca/airflow-env/lib/python3.12/site-packages/airflow/example_dags/example_nested_branch_dag.py for tasks to queue
[2024-09-29T08:49:03.831-0500] {logging_mixin.py:190} INFO - [2024-09-29T08:49:03.830-0500] {dagbag.py:588} INFO - Filling up the DagBag from /home/d-salamanca/airflow-env/lib/python3.12/site-packages/airflow/example_dags/example_nested_branch_dag.py
[2024-09-29T08:49:03.849-0500] {processor.py:925} INFO - DAG(s) 'example_nested_branch_dag' retrieved from /home/d-salamanca/airflow-env/lib/python3.12/site-packages/airflow/example_dags/example_nested_branch_dag.py
[2024-09-29T08:49:03.872-0500] {logging_mixin.py:190} INFO - [2024-09-29T08:49:03.872-0500] {dag.py:3239} INFO - Sync 1 DAGs
[2024-09-29T08:49:03.897-0500] {logging_mixin.py:190} INFO - [2024-09-29T08:49:03.897-0500] {dag.py:4180} INFO - Setting next_dagrun for example_nested_branch_dag to 2024-09-28 00:00:00+00:00, run_after=2024-09-29 00:00:00+00:00
[2024-09-29T08:49:03.938-0500] {processor.py:208} INFO - Processing /home/d-salamanca/airflow-env/lib/python3.12/site-packages/airflow/example_dags/example_nested_branch_dag.py took 0.149 seconds
[2024-09-29T08:50:33.093-0500] {processor.py:186} INFO - Started process (PID=31685) to work on /home/d-salamanca/airflow-env/lib/python3.12/site-packages/airflow/example_dags/example_nested_branch_dag.py
[2024-09-29T08:50:33.115-0500] {processor.py:914} INFO - Processing file /home/d-salamanca/airflow-env/lib/python3.12/site-packages/airflow/example_dags/example_nested_branch_dag.py for tasks to queue
[2024-09-29T08:50:33.120-0500] {logging_mixin.py:190} INFO - [2024-09-29T08:50:33.119-0500] {dagbag.py:588} INFO - Filling up the DagBag from /home/d-salamanca/airflow-env/lib/python3.12/site-packages/airflow/example_dags/example_nested_branch_dag.py
[2024-09-29T08:50:33.158-0500] {processor.py:925} INFO - DAG(s) 'example_nested_branch_dag' retrieved from /home/d-salamanca/airflow-env/lib/python3.12/site-packages/airflow/example_dags/example_nested_branch_dag.py
[2024-09-29T08:50:33.232-0500] {logging_mixin.py:190} INFO - [2024-09-29T08:50:33.231-0500] {dag.py:3239} INFO - Sync 1 DAGs
[2024-09-29T08:50:33.256-0500] {logging_mixin.py:190} INFO - [2024-09-29T08:50:33.255-0500] {dag.py:4180} INFO - Setting next_dagrun for example_nested_branch_dag to 2024-09-28 00:00:00+00:00, run_after=2024-09-29 00:00:00+00:00
[2024-09-29T08:50:33.329-0500] {processor.py:208} INFO - Processing /home/d-salamanca/airflow-env/lib/python3.12/site-packages/airflow/example_dags/example_nested_branch_dag.py took 0.244 seconds
[2024-09-29T08:53:11.558-0500] {processor.py:186} INFO - Started process (PID=31981) to work on /home/d-salamanca/airflow-env/lib/python3.12/site-packages/airflow/example_dags/example_nested_branch_dag.py
[2024-09-29T08:53:11.611-0500] {processor.py:914} INFO - Processing file /home/d-salamanca/airflow-env/lib/python3.12/site-packages/airflow/example_dags/example_nested_branch_dag.py for tasks to queue
[2024-09-29T08:53:11.622-0500] {logging_mixin.py:190} INFO - [2024-09-29T08:53:11.621-0500] {dagbag.py:588} INFO - Filling up the DagBag from /home/d-salamanca/airflow-env/lib/python3.12/site-packages/airflow/example_dags/example_nested_branch_dag.py
[2024-09-29T08:53:11.674-0500] {processor.py:925} INFO - DAG(s) 'example_nested_branch_dag' retrieved from /home/d-salamanca/airflow-env/lib/python3.12/site-packages/airflow/example_dags/example_nested_branch_dag.py
[2024-09-29T08:53:11.715-0500] {logging_mixin.py:190} INFO - [2024-09-29T08:53:11.714-0500] {dag.py:3239} INFO - Sync 1 DAGs
[2024-09-29T08:53:11.741-0500] {logging_mixin.py:190} INFO - [2024-09-29T08:53:11.741-0500] {dag.py:4180} INFO - Setting next_dagrun for example_nested_branch_dag to 2024-09-28 00:00:00+00:00, run_after=2024-09-29 00:00:00+00:00
[2024-09-29T08:53:12.405-0500] {processor.py:208} INFO - Processing /home/d-salamanca/airflow-env/lib/python3.12/site-packages/airflow/example_dags/example_nested_branch_dag.py took 0.857 seconds
[2024-09-29T08:54:45.290-0500] {processor.py:186} INFO - Started process (PID=32056) to work on /home/d-salamanca/airflow-env/lib/python3.12/site-packages/airflow/example_dags/example_nested_branch_dag.py
[2024-09-29T08:54:45.376-0500] {processor.py:914} INFO - Processing file /home/d-salamanca/airflow-env/lib/python3.12/site-packages/airflow/example_dags/example_nested_branch_dag.py for tasks to queue
[2024-09-29T08:54:45.380-0500] {logging_mixin.py:190} INFO - [2024-09-29T08:54:45.379-0500] {dagbag.py:588} INFO - Filling up the DagBag from /home/d-salamanca/airflow-env/lib/python3.12/site-packages/airflow/example_dags/example_nested_branch_dag.py
[2024-09-29T08:54:45.396-0500] {processor.py:925} INFO - DAG(s) 'example_nested_branch_dag' retrieved from /home/d-salamanca/airflow-env/lib/python3.12/site-packages/airflow/example_dags/example_nested_branch_dag.py
[2024-09-29T08:54:45.418-0500] {logging_mixin.py:190} INFO - [2024-09-29T08:54:45.418-0500] {dag.py:3239} INFO - Sync 1 DAGs
[2024-09-29T08:54:45.445-0500] {logging_mixin.py:190} INFO - [2024-09-29T08:54:45.444-0500] {dag.py:4180} INFO - Setting next_dagrun for example_nested_branch_dag to 2024-09-28 00:00:00+00:00, run_after=2024-09-29 00:00:00+00:00
[2024-09-29T08:54:45.812-0500] {processor.py:208} INFO - Processing /home/d-salamanca/airflow-env/lib/python3.12/site-packages/airflow/example_dags/example_nested_branch_dag.py took 0.530 seconds
[2024-09-29T08:56:25.061-0500] {processor.py:186} INFO - Started process (PID=32133) to work on /home/d-salamanca/airflow-env/lib/python3.12/site-packages/airflow/example_dags/example_nested_branch_dag.py
[2024-09-29T08:56:25.063-0500] {processor.py:914} INFO - Processing file /home/d-salamanca/airflow-env/lib/python3.12/site-packages/airflow/example_dags/example_nested_branch_dag.py for tasks to queue
[2024-09-29T08:56:25.066-0500] {logging_mixin.py:190} INFO - [2024-09-29T08:56:25.065-0500] {dagbag.py:588} INFO - Filling up the DagBag from /home/d-salamanca/airflow-env/lib/python3.12/site-packages/airflow/example_dags/example_nested_branch_dag.py
[2024-09-29T08:56:25.109-0500] {processor.py:925} INFO - DAG(s) 'example_nested_branch_dag' retrieved from /home/d-salamanca/airflow-env/lib/python3.12/site-packages/airflow/example_dags/example_nested_branch_dag.py
[2024-09-29T08:56:25.132-0500] {logging_mixin.py:190} INFO - [2024-09-29T08:56:25.131-0500] {dag.py:3239} INFO - Sync 1 DAGs
[2024-09-29T08:56:25.155-0500] {logging_mixin.py:190} INFO - [2024-09-29T08:56:25.155-0500] {dag.py:4180} INFO - Setting next_dagrun for example_nested_branch_dag to 2024-09-28 00:00:00+00:00, run_after=2024-09-29 00:00:00+00:00
[2024-09-29T08:56:25.642-0500] {processor.py:208} INFO - Processing /home/d-salamanca/airflow-env/lib/python3.12/site-packages/airflow/example_dags/example_nested_branch_dag.py took 0.588 seconds
[2024-09-29T08:58:14.637-0500] {processor.py:186} INFO - Started process (PID=32215) to work on /home/d-salamanca/airflow-env/lib/python3.12/site-packages/airflow/example_dags/example_nested_branch_dag.py
[2024-09-29T08:58:14.650-0500] {processor.py:914} INFO - Processing file /home/d-salamanca/airflow-env/lib/python3.12/site-packages/airflow/example_dags/example_nested_branch_dag.py for tasks to queue
[2024-09-29T08:58:14.653-0500] {logging_mixin.py:190} INFO - [2024-09-29T08:58:14.652-0500] {dagbag.py:588} INFO - Filling up the DagBag from /home/d-salamanca/airflow-env/lib/python3.12/site-packages/airflow/example_dags/example_nested_branch_dag.py
[2024-09-29T08:58:14.670-0500] {processor.py:925} INFO - DAG(s) 'example_nested_branch_dag' retrieved from /home/d-salamanca/airflow-env/lib/python3.12/site-packages/airflow/example_dags/example_nested_branch_dag.py
[2024-09-29T08:58:14.691-0500] {logging_mixin.py:190} INFO - [2024-09-29T08:58:14.691-0500] {dag.py:3239} INFO - Sync 1 DAGs
[2024-09-29T08:58:14.715-0500] {logging_mixin.py:190} INFO - [2024-09-29T08:58:14.715-0500] {dag.py:4180} INFO - Setting next_dagrun for example_nested_branch_dag to 2024-09-28 00:00:00+00:00, run_after=2024-09-29 00:00:00+00:00
[2024-09-29T08:58:14.789-0500] {processor.py:208} INFO - Processing /home/d-salamanca/airflow-env/lib/python3.12/site-packages/airflow/example_dags/example_nested_branch_dag.py took 0.160 seconds
[2024-09-29T09:00:09.404-0500] {processor.py:186} INFO - Started process (PID=32468) to work on /home/d-salamanca/airflow-env/lib/python3.12/site-packages/airflow/example_dags/example_nested_branch_dag.py
[2024-09-29T09:00:10.722-0500] {processor.py:914} INFO - Processing file /home/d-salamanca/airflow-env/lib/python3.12/site-packages/airflow/example_dags/example_nested_branch_dag.py for tasks to queue
[2024-09-29T09:00:10.726-0500] {logging_mixin.py:190} INFO - [2024-09-29T09:00:10.726-0500] {dagbag.py:588} INFO - Filling up the DagBag from /home/d-salamanca/airflow-env/lib/python3.12/site-packages/airflow/example_dags/example_nested_branch_dag.py
[2024-09-29T09:00:10.779-0500] {processor.py:925} INFO - DAG(s) 'example_nested_branch_dag' retrieved from /home/d-salamanca/airflow-env/lib/python3.12/site-packages/airflow/example_dags/example_nested_branch_dag.py
[2024-09-29T09:00:10.820-0500] {logging_mixin.py:190} INFO - [2024-09-29T09:00:10.820-0500] {dag.py:3239} INFO - Sync 1 DAGs
[2024-09-29T09:00:10.847-0500] {logging_mixin.py:190} INFO - [2024-09-29T09:00:10.847-0500] {dag.py:4180} INFO - Setting next_dagrun for example_nested_branch_dag to 2024-09-28 00:00:00+00:00, run_after=2024-09-29 00:00:00+00:00
[2024-09-29T09:00:10.917-0500] {processor.py:208} INFO - Processing /home/d-salamanca/airflow-env/lib/python3.12/site-packages/airflow/example_dags/example_nested_branch_dag.py took 1.521 seconds
[2024-09-29T09:01:57.013-0500] {processor.py:186} INFO - Started process (PID=32596) to work on /home/d-salamanca/airflow-env/lib/python3.12/site-packages/airflow/example_dags/example_nested_branch_dag.py
[2024-09-29T09:01:57.083-0500] {processor.py:914} INFO - Processing file /home/d-salamanca/airflow-env/lib/python3.12/site-packages/airflow/example_dags/example_nested_branch_dag.py for tasks to queue
[2024-09-29T09:01:57.090-0500] {logging_mixin.py:190} INFO - [2024-09-29T09:01:57.088-0500] {dagbag.py:588} INFO - Filling up the DagBag from /home/d-salamanca/airflow-env/lib/python3.12/site-packages/airflow/example_dags/example_nested_branch_dag.py
[2024-09-29T09:01:57.128-0500] {processor.py:925} INFO - DAG(s) 'example_nested_branch_dag' retrieved from /home/d-salamanca/airflow-env/lib/python3.12/site-packages/airflow/example_dags/example_nested_branch_dag.py
[2024-09-29T09:01:57.149-0500] {logging_mixin.py:190} INFO - [2024-09-29T09:01:57.148-0500] {dag.py:3239} INFO - Sync 1 DAGs
[2024-09-29T09:01:57.176-0500] {logging_mixin.py:190} INFO - [2024-09-29T09:01:57.176-0500] {dag.py:4180} INFO - Setting next_dagrun for example_nested_branch_dag to 2024-09-28 00:00:00+00:00, run_after=2024-09-29 00:00:00+00:00
[2024-09-29T09:01:57.270-0500] {processor.py:208} INFO - Processing /home/d-salamanca/airflow-env/lib/python3.12/site-packages/airflow/example_dags/example_nested_branch_dag.py took 0.266 seconds
[2024-09-29T09:03:22.877-0500] {processor.py:186} INFO - Started process (PID=32666) to work on /home/d-salamanca/airflow-env/lib/python3.12/site-packages/airflow/example_dags/example_nested_branch_dag.py
[2024-09-29T09:03:22.903-0500] {processor.py:914} INFO - Processing file /home/d-salamanca/airflow-env/lib/python3.12/site-packages/airflow/example_dags/example_nested_branch_dag.py for tasks to queue
[2024-09-29T09:03:22.908-0500] {logging_mixin.py:190} INFO - [2024-09-29T09:03:22.907-0500] {dagbag.py:588} INFO - Filling up the DagBag from /home/d-salamanca/airflow-env/lib/python3.12/site-packages/airflow/example_dags/example_nested_branch_dag.py
[2024-09-29T09:03:22.924-0500] {processor.py:925} INFO - DAG(s) 'example_nested_branch_dag' retrieved from /home/d-salamanca/airflow-env/lib/python3.12/site-packages/airflow/example_dags/example_nested_branch_dag.py
[2024-09-29T09:03:22.945-0500] {logging_mixin.py:190} INFO - [2024-09-29T09:03:22.945-0500] {dag.py:3239} INFO - Sync 1 DAGs
[2024-09-29T09:03:22.971-0500] {logging_mixin.py:190} INFO - [2024-09-29T09:03:22.971-0500] {dag.py:4180} INFO - Setting next_dagrun for example_nested_branch_dag to 2024-09-28 00:00:00+00:00, run_after=2024-09-29 00:00:00+00:00
[2024-09-29T09:03:23.006-0500] {processor.py:208} INFO - Processing /home/d-salamanca/airflow-env/lib/python3.12/site-packages/airflow/example_dags/example_nested_branch_dag.py took 0.137 seconds
[2024-09-29T09:05:07.108-0500] {processor.py:186} INFO - Started process (PID=32965) to work on /home/d-salamanca/airflow-env/lib/python3.12/site-packages/airflow/example_dags/example_nested_branch_dag.py
[2024-09-29T09:05:07.214-0500] {processor.py:914} INFO - Processing file /home/d-salamanca/airflow-env/lib/python3.12/site-packages/airflow/example_dags/example_nested_branch_dag.py for tasks to queue
[2024-09-29T09:05:07.222-0500] {logging_mixin.py:190} INFO - [2024-09-29T09:05:07.220-0500] {dagbag.py:588} INFO - Filling up the DagBag from /home/d-salamanca/airflow-env/lib/python3.12/site-packages/airflow/example_dags/example_nested_branch_dag.py
[2024-09-29T09:05:07.687-0500] {processor.py:925} INFO - DAG(s) 'example_nested_branch_dag' retrieved from /home/d-salamanca/airflow-env/lib/python3.12/site-packages/airflow/example_dags/example_nested_branch_dag.py
[2024-09-29T09:05:07.827-0500] {logging_mixin.py:190} INFO - [2024-09-29T09:05:07.827-0500] {dag.py:3239} INFO - Sync 1 DAGs
[2024-09-29T09:05:07.910-0500] {logging_mixin.py:190} INFO - [2024-09-29T09:05:07.909-0500] {dag.py:4180} INFO - Setting next_dagrun for example_nested_branch_dag to 2024-09-28 00:00:00+00:00, run_after=2024-09-29 00:00:00+00:00
[2024-09-29T09:05:08.608-0500] {processor.py:208} INFO - Processing /home/d-salamanca/airflow-env/lib/python3.12/site-packages/airflow/example_dags/example_nested_branch_dag.py took 1.509 seconds
[2024-09-29T09:07:19.683-0500] {processor.py:186} INFO - Started process (PID=33103) to work on /home/d-salamanca/airflow-env/lib/python3.12/site-packages/airflow/example_dags/example_nested_branch_dag.py
[2024-09-29T09:07:19.684-0500] {processor.py:914} INFO - Processing file /home/d-salamanca/airflow-env/lib/python3.12/site-packages/airflow/example_dags/example_nested_branch_dag.py for tasks to queue
[2024-09-29T09:07:19.687-0500] {logging_mixin.py:190} INFO - [2024-09-29T09:07:19.686-0500] {dagbag.py:588} INFO - Filling up the DagBag from /home/d-salamanca/airflow-env/lib/python3.12/site-packages/airflow/example_dags/example_nested_branch_dag.py
[2024-09-29T09:07:19.701-0500] {processor.py:925} INFO - DAG(s) 'example_nested_branch_dag' retrieved from /home/d-salamanca/airflow-env/lib/python3.12/site-packages/airflow/example_dags/example_nested_branch_dag.py
[2024-09-29T09:07:19.721-0500] {logging_mixin.py:190} INFO - [2024-09-29T09:07:19.720-0500] {dag.py:3239} INFO - Sync 1 DAGs
[2024-09-29T09:07:19.744-0500] {logging_mixin.py:190} INFO - [2024-09-29T09:07:19.743-0500] {dag.py:4180} INFO - Setting next_dagrun for example_nested_branch_dag to 2024-09-28 00:00:00+00:00, run_after=2024-09-29 00:00:00+00:00
[2024-09-29T09:07:19.791-0500] {processor.py:208} INFO - Processing /home/d-salamanca/airflow-env/lib/python3.12/site-packages/airflow/example_dags/example_nested_branch_dag.py took 0.116 seconds
[2024-09-29T09:08:31.783-0500] {processor.py:186} INFO - Started process (PID=33170) to work on /home/d-salamanca/airflow-env/lib/python3.12/site-packages/airflow/example_dags/example_nested_branch_dag.py
[2024-09-29T09:08:31.804-0500] {processor.py:914} INFO - Processing file /home/d-salamanca/airflow-env/lib/python3.12/site-packages/airflow/example_dags/example_nested_branch_dag.py for tasks to queue
[2024-09-29T09:08:31.807-0500] {logging_mixin.py:190} INFO - [2024-09-29T09:08:31.807-0500] {dagbag.py:588} INFO - Filling up the DagBag from /home/d-salamanca/airflow-env/lib/python3.12/site-packages/airflow/example_dags/example_nested_branch_dag.py
[2024-09-29T09:08:31.851-0500] {processor.py:925} INFO - DAG(s) 'example_nested_branch_dag' retrieved from /home/d-salamanca/airflow-env/lib/python3.12/site-packages/airflow/example_dags/example_nested_branch_dag.py
[2024-09-29T09:08:31.873-0500] {logging_mixin.py:190} INFO - [2024-09-29T09:08:31.873-0500] {dag.py:3239} INFO - Sync 1 DAGs
[2024-09-29T09:08:31.898-0500] {logging_mixin.py:190} INFO - [2024-09-29T09:08:31.898-0500] {dag.py:4180} INFO - Setting next_dagrun for example_nested_branch_dag to 2024-09-28 00:00:00+00:00, run_after=2024-09-29 00:00:00+00:00
[2024-09-29T09:08:32.157-0500] {processor.py:208} INFO - Processing /home/d-salamanca/airflow-env/lib/python3.12/site-packages/airflow/example_dags/example_nested_branch_dag.py took 0.387 seconds
