[2024-09-28T23:58:42.663-0500] {processor.py:186} INFO - Started process (PID=25599) to work on /home/d-salamanca/airflow-env/lib/python3.12/site-packages/airflow/example_dags/example_task_group_decorator.py
[2024-09-28T23:58:42.664-0500] {processor.py:914} INFO - Processing file /home/d-salamanca/airflow-env/lib/python3.12/site-packages/airflow/example_dags/example_task_group_decorator.py for tasks to queue
[2024-09-28T23:58:42.666-0500] {logging_mixin.py:190} INFO - [2024-09-28T23:58:42.666-0500] {dagbag.py:588} INFO - Filling up the DagBag from /home/d-salamanca/airflow-env/lib/python3.12/site-packages/airflow/example_dags/example_task_group_decorator.py
[2024-09-28T23:58:42.728-0500] {processor.py:925} INFO - DAG(s) 'example_task_group_decorator' retrieved from /home/d-salamanca/airflow-env/lib/python3.12/site-packages/airflow/example_dags/example_task_group_decorator.py
[2024-09-28T23:58:43.350-0500] {logging_mixin.py:190} INFO - [2024-09-28T23:58:43.348-0500] {override.py:1901} INFO - Created Permission View: can edit on DAG:example_task_group_decorator
[2024-09-28T23:58:43.499-0500] {logging_mixin.py:190} INFO - [2024-09-28T23:58:43.498-0500] {override.py:1901} INFO - Created Permission View: can read on DAG:example_task_group_decorator
[2024-09-28T23:58:43.665-0500] {logging_mixin.py:190} INFO - [2024-09-28T23:58:43.664-0500] {override.py:1901} INFO - Created Permission View: can delete on DAG:example_task_group_decorator
[2024-09-28T23:58:44.057-0500] {logging_mixin.py:190} INFO - [2024-09-28T23:58:44.057-0500] {override.py:1901} INFO - Created Permission View: menu access on DAG Run:example_task_group_decorator
[2024-09-28T23:58:44.240-0500] {logging_mixin.py:190} INFO - [2024-09-28T23:58:44.239-0500] {override.py:1901} INFO - Created Permission View: can read on DAG Run:example_task_group_decorator
[2024-09-28T23:58:44.391-0500] {logging_mixin.py:190} INFO - [2024-09-28T23:58:44.390-0500] {override.py:1901} INFO - Created Permission View: can delete on DAG Run:example_task_group_decorator
[2024-09-28T23:58:44.645-0500] {logging_mixin.py:190} INFO - [2024-09-28T23:58:44.645-0500] {override.py:1901} INFO - Created Permission View: can create on DAG Run:example_task_group_decorator
[2024-09-28T23:58:44.645-0500] {logging_mixin.py:190} INFO - [2024-09-28T23:58:44.645-0500] {dag.py:3239} INFO - Sync 1 DAGs
[2024-09-28T23:58:44.659-0500] {logging_mixin.py:190} INFO - [2024-09-28T23:58:44.659-0500] {dag.py:3262} INFO - Creating ORM DAG for example_task_group_decorator
[2024-09-28T23:58:44.661-0500] {logging_mixin.py:190} INFO - [2024-09-28T23:58:44.661-0500] {dag.py:4180} INFO - Setting next_dagrun for example_task_group_decorator to None, run_after=None
[2024-09-28T23:58:44.959-0500] {processor.py:208} INFO - Processing /home/d-salamanca/airflow-env/lib/python3.12/site-packages/airflow/example_dags/example_task_group_decorator.py took 2.321 seconds
[2024-09-29T00:18:47.942-0500] {processor.py:186} INFO - Started process (PID=28565) to work on /home/d-salamanca/airflow-env/lib/python3.12/site-packages/airflow/example_dags/example_task_group_decorator.py
[2024-09-29T00:18:47.983-0500] {processor.py:914} INFO - Processing file /home/d-salamanca/airflow-env/lib/python3.12/site-packages/airflow/example_dags/example_task_group_decorator.py for tasks to queue
[2024-09-29T00:18:47.990-0500] {logging_mixin.py:190} INFO - [2024-09-29T00:18:47.989-0500] {dagbag.py:588} INFO - Filling up the DagBag from /home/d-salamanca/airflow-env/lib/python3.12/site-packages/airflow/example_dags/example_task_group_decorator.py
[2024-09-29T00:18:48.041-0500] {processor.py:925} INFO - DAG(s) 'example_task_group_decorator' retrieved from /home/d-salamanca/airflow-env/lib/python3.12/site-packages/airflow/example_dags/example_task_group_decorator.py
[2024-09-29T00:18:48.066-0500] {logging_mixin.py:190} INFO - [2024-09-29T00:18:48.066-0500] {dag.py:3239} INFO - Sync 1 DAGs
[2024-09-29T00:18:48.081-0500] {logging_mixin.py:190} INFO - [2024-09-29T00:18:48.081-0500] {dag.py:4180} INFO - Setting next_dagrun for example_task_group_decorator to None, run_after=None
[2024-09-29T00:18:48.127-0500] {processor.py:208} INFO - Processing /home/d-salamanca/airflow-env/lib/python3.12/site-packages/airflow/example_dags/example_task_group_decorator.py took 0.196 seconds
[2024-09-29T00:20:20.033-0500] {processor.py:186} INFO - Started process (PID=28682) to work on /home/d-salamanca/airflow-env/lib/python3.12/site-packages/airflow/example_dags/example_task_group_decorator.py
[2024-09-29T00:20:20.058-0500] {processor.py:914} INFO - Processing file /home/d-salamanca/airflow-env/lib/python3.12/site-packages/airflow/example_dags/example_task_group_decorator.py for tasks to queue
[2024-09-29T00:20:20.063-0500] {logging_mixin.py:190} INFO - [2024-09-29T00:20:20.062-0500] {dagbag.py:588} INFO - Filling up the DagBag from /home/d-salamanca/airflow-env/lib/python3.12/site-packages/airflow/example_dags/example_task_group_decorator.py
[2024-09-29T00:20:20.086-0500] {processor.py:925} INFO - DAG(s) 'example_task_group_decorator' retrieved from /home/d-salamanca/airflow-env/lib/python3.12/site-packages/airflow/example_dags/example_task_group_decorator.py
[2024-09-29T00:20:20.122-0500] {logging_mixin.py:190} INFO - [2024-09-29T00:20:20.122-0500] {dag.py:3239} INFO - Sync 1 DAGs
[2024-09-29T00:20:20.138-0500] {logging_mixin.py:190} INFO - [2024-09-29T00:20:20.137-0500] {dag.py:4180} INFO - Setting next_dagrun for example_task_group_decorator to None, run_after=None
[2024-09-29T00:20:20.270-0500] {processor.py:208} INFO - Processing /home/d-salamanca/airflow-env/lib/python3.12/site-packages/airflow/example_dags/example_task_group_decorator.py took 0.244 seconds
[2024-09-29T00:21:12.548-0500] {processor.py:186} INFO - Started process (PID=28724) to work on /home/d-salamanca/airflow-env/lib/python3.12/site-packages/airflow/example_dags/example_task_group_decorator.py
[2024-09-29T00:21:12.550-0500] {processor.py:914} INFO - Processing file /home/d-salamanca/airflow-env/lib/python3.12/site-packages/airflow/example_dags/example_task_group_decorator.py for tasks to queue
[2024-09-29T00:21:12.556-0500] {logging_mixin.py:190} INFO - [2024-09-29T00:21:12.555-0500] {dagbag.py:588} INFO - Filling up the DagBag from /home/d-salamanca/airflow-env/lib/python3.12/site-packages/airflow/example_dags/example_task_group_decorator.py
[2024-09-29T00:21:12.583-0500] {processor.py:925} INFO - DAG(s) 'example_task_group_decorator' retrieved from /home/d-salamanca/airflow-env/lib/python3.12/site-packages/airflow/example_dags/example_task_group_decorator.py
[2024-09-29T00:21:12.607-0500] {logging_mixin.py:190} INFO - [2024-09-29T00:21:12.607-0500] {dag.py:3239} INFO - Sync 1 DAGs
[2024-09-29T00:21:12.621-0500] {logging_mixin.py:190} INFO - [2024-09-29T00:21:12.621-0500] {dag.py:4180} INFO - Setting next_dagrun for example_task_group_decorator to None, run_after=None
[2024-09-29T00:21:12.653-0500] {processor.py:208} INFO - Processing /home/d-salamanca/airflow-env/lib/python3.12/site-packages/airflow/example_dags/example_task_group_decorator.py took 0.113 seconds
[2024-09-29T00:22:02.218-0500] {processor.py:186} INFO - Started process (PID=28757) to work on /home/d-salamanca/airflow-env/lib/python3.12/site-packages/airflow/example_dags/example_task_group_decorator.py
[2024-09-29T00:22:02.219-0500] {processor.py:914} INFO - Processing file /home/d-salamanca/airflow-env/lib/python3.12/site-packages/airflow/example_dags/example_task_group_decorator.py for tasks to queue
[2024-09-29T00:22:02.222-0500] {logging_mixin.py:190} INFO - [2024-09-29T00:22:02.221-0500] {dagbag.py:588} INFO - Filling up the DagBag from /home/d-salamanca/airflow-env/lib/python3.12/site-packages/airflow/example_dags/example_task_group_decorator.py
[2024-09-29T00:22:02.239-0500] {processor.py:925} INFO - DAG(s) 'example_task_group_decorator' retrieved from /home/d-salamanca/airflow-env/lib/python3.12/site-packages/airflow/example_dags/example_task_group_decorator.py
[2024-09-29T00:22:02.264-0500] {logging_mixin.py:190} INFO - [2024-09-29T00:22:02.263-0500] {dag.py:3239} INFO - Sync 1 DAGs
[2024-09-29T00:22:02.277-0500] {logging_mixin.py:190} INFO - [2024-09-29T00:22:02.277-0500] {dag.py:4180} INFO - Setting next_dagrun for example_task_group_decorator to None, run_after=None
[2024-09-29T00:22:02.316-0500] {processor.py:208} INFO - Processing /home/d-salamanca/airflow-env/lib/python3.12/site-packages/airflow/example_dags/example_task_group_decorator.py took 0.106 seconds
[2024-09-29T00:22:53.086-0500] {processor.py:186} INFO - Started process (PID=28798) to work on /home/d-salamanca/airflow-env/lib/python3.12/site-packages/airflow/example_dags/example_task_group_decorator.py
[2024-09-29T00:22:53.087-0500] {processor.py:914} INFO - Processing file /home/d-salamanca/airflow-env/lib/python3.12/site-packages/airflow/example_dags/example_task_group_decorator.py for tasks to queue
[2024-09-29T00:22:53.091-0500] {logging_mixin.py:190} INFO - [2024-09-29T00:22:53.090-0500] {dagbag.py:588} INFO - Filling up the DagBag from /home/d-salamanca/airflow-env/lib/python3.12/site-packages/airflow/example_dags/example_task_group_decorator.py
[2024-09-29T00:22:53.115-0500] {processor.py:925} INFO - DAG(s) 'example_task_group_decorator' retrieved from /home/d-salamanca/airflow-env/lib/python3.12/site-packages/airflow/example_dags/example_task_group_decorator.py
[2024-09-29T00:22:53.146-0500] {logging_mixin.py:190} INFO - [2024-09-29T00:22:53.146-0500] {dag.py:3239} INFO - Sync 1 DAGs
[2024-09-29T00:22:53.163-0500] {logging_mixin.py:190} INFO - [2024-09-29T00:22:53.163-0500] {dag.py:4180} INFO - Setting next_dagrun for example_task_group_decorator to None, run_after=None
[2024-09-29T00:22:53.206-0500] {processor.py:208} INFO - Processing /home/d-salamanca/airflow-env/lib/python3.12/site-packages/airflow/example_dags/example_task_group_decorator.py took 0.130 seconds
[2024-09-29T00:24:21.221-0500] {processor.py:186} INFO - Started process (PID=28870) to work on /home/d-salamanca/airflow-env/lib/python3.12/site-packages/airflow/example_dags/example_task_group_decorator.py
[2024-09-29T00:24:21.224-0500] {processor.py:914} INFO - Processing file /home/d-salamanca/airflow-env/lib/python3.12/site-packages/airflow/example_dags/example_task_group_decorator.py for tasks to queue
[2024-09-29T00:24:21.229-0500] {logging_mixin.py:190} INFO - [2024-09-29T00:24:21.228-0500] {dagbag.py:588} INFO - Filling up the DagBag from /home/d-salamanca/airflow-env/lib/python3.12/site-packages/airflow/example_dags/example_task_group_decorator.py
[2024-09-29T00:24:21.251-0500] {processor.py:925} INFO - DAG(s) 'example_task_group_decorator' retrieved from /home/d-salamanca/airflow-env/lib/python3.12/site-packages/airflow/example_dags/example_task_group_decorator.py
[2024-09-29T00:24:21.274-0500] {logging_mixin.py:190} INFO - [2024-09-29T00:24:21.274-0500] {dag.py:3239} INFO - Sync 1 DAGs
[2024-09-29T00:24:21.288-0500] {logging_mixin.py:190} INFO - [2024-09-29T00:24:21.288-0500] {dag.py:4180} INFO - Setting next_dagrun for example_task_group_decorator to None, run_after=None
[2024-09-29T00:24:21.342-0500] {processor.py:208} INFO - Processing /home/d-salamanca/airflow-env/lib/python3.12/site-packages/airflow/example_dags/example_task_group_decorator.py took 0.129 seconds
[2024-09-29T00:25:45.832-0500] {processor.py:186} INFO - Started process (PID=28942) to work on /home/d-salamanca/airflow-env/lib/python3.12/site-packages/airflow/example_dags/example_task_group_decorator.py
[2024-09-29T00:25:45.833-0500] {processor.py:914} INFO - Processing file /home/d-salamanca/airflow-env/lib/python3.12/site-packages/airflow/example_dags/example_task_group_decorator.py for tasks to queue
[2024-09-29T00:25:45.838-0500] {logging_mixin.py:190} INFO - [2024-09-29T00:25:45.837-0500] {dagbag.py:588} INFO - Filling up the DagBag from /home/d-salamanca/airflow-env/lib/python3.12/site-packages/airflow/example_dags/example_task_group_decorator.py
[2024-09-29T00:25:45.859-0500] {processor.py:925} INFO - DAG(s) 'example_task_group_decorator' retrieved from /home/d-salamanca/airflow-env/lib/python3.12/site-packages/airflow/example_dags/example_task_group_decorator.py
[2024-09-29T00:25:46.043-0500] {logging_mixin.py:190} INFO - [2024-09-29T00:25:46.042-0500] {dag.py:3239} INFO - Sync 1 DAGs
[2024-09-29T00:25:46.057-0500] {logging_mixin.py:190} INFO - [2024-09-29T00:25:46.057-0500] {dag.py:4180} INFO - Setting next_dagrun for example_task_group_decorator to None, run_after=None
[2024-09-29T00:25:46.101-0500] {processor.py:208} INFO - Processing /home/d-salamanca/airflow-env/lib/python3.12/site-packages/airflow/example_dags/example_task_group_decorator.py took 0.280 seconds
[2024-09-29T00:26:35.717-0500] {processor.py:186} INFO - Started process (PID=28990) to work on /home/d-salamanca/airflow-env/lib/python3.12/site-packages/airflow/example_dags/example_task_group_decorator.py
[2024-09-29T00:26:35.718-0500] {processor.py:914} INFO - Processing file /home/d-salamanca/airflow-env/lib/python3.12/site-packages/airflow/example_dags/example_task_group_decorator.py for tasks to queue
[2024-09-29T00:26:35.720-0500] {logging_mixin.py:190} INFO - [2024-09-29T00:26:35.720-0500] {dagbag.py:588} INFO - Filling up the DagBag from /home/d-salamanca/airflow-env/lib/python3.12/site-packages/airflow/example_dags/example_task_group_decorator.py
[2024-09-29T00:26:35.739-0500] {processor.py:925} INFO - DAG(s) 'example_task_group_decorator' retrieved from /home/d-salamanca/airflow-env/lib/python3.12/site-packages/airflow/example_dags/example_task_group_decorator.py
[2024-09-29T00:26:35.764-0500] {logging_mixin.py:190} INFO - [2024-09-29T00:26:35.764-0500] {dag.py:3239} INFO - Sync 1 DAGs
[2024-09-29T00:26:35.780-0500] {logging_mixin.py:190} INFO - [2024-09-29T00:26:35.779-0500] {dag.py:4180} INFO - Setting next_dagrun for example_task_group_decorator to None, run_after=None
[2024-09-29T00:26:35.908-0500] {processor.py:208} INFO - Processing /home/d-salamanca/airflow-env/lib/python3.12/site-packages/airflow/example_dags/example_task_group_decorator.py took 0.199 seconds
[2024-09-29T00:27:21.917-0500] {processor.py:186} INFO - Started process (PID=29064) to work on /home/d-salamanca/airflow-env/lib/python3.12/site-packages/airflow/example_dags/example_task_group_decorator.py
[2024-09-29T00:27:21.919-0500] {processor.py:914} INFO - Processing file /home/d-salamanca/airflow-env/lib/python3.12/site-packages/airflow/example_dags/example_task_group_decorator.py for tasks to queue
[2024-09-29T00:27:21.922-0500] {logging_mixin.py:190} INFO - [2024-09-29T00:27:21.921-0500] {dagbag.py:588} INFO - Filling up the DagBag from /home/d-salamanca/airflow-env/lib/python3.12/site-packages/airflow/example_dags/example_task_group_decorator.py
[2024-09-29T00:27:21.939-0500] {processor.py:925} INFO - DAG(s) 'example_task_group_decorator' retrieved from /home/d-salamanca/airflow-env/lib/python3.12/site-packages/airflow/example_dags/example_task_group_decorator.py
[2024-09-29T00:27:21.962-0500] {logging_mixin.py:190} INFO - [2024-09-29T00:27:21.962-0500] {dag.py:3239} INFO - Sync 1 DAGs
[2024-09-29T00:27:21.978-0500] {logging_mixin.py:190} INFO - [2024-09-29T00:27:21.977-0500] {dag.py:4180} INFO - Setting next_dagrun for example_task_group_decorator to None, run_after=None
[2024-09-29T00:27:22.016-0500] {processor.py:208} INFO - Processing /home/d-salamanca/airflow-env/lib/python3.12/site-packages/airflow/example_dags/example_task_group_decorator.py took 0.105 seconds
[2024-09-29T00:28:10.406-0500] {processor.py:186} INFO - Started process (PID=29139) to work on /home/d-salamanca/airflow-env/lib/python3.12/site-packages/airflow/example_dags/example_task_group_decorator.py
[2024-09-29T00:28:10.408-0500] {processor.py:914} INFO - Processing file /home/d-salamanca/airflow-env/lib/python3.12/site-packages/airflow/example_dags/example_task_group_decorator.py for tasks to queue
[2024-09-29T00:28:10.411-0500] {logging_mixin.py:190} INFO - [2024-09-29T00:28:10.411-0500] {dagbag.py:588} INFO - Filling up the DagBag from /home/d-salamanca/airflow-env/lib/python3.12/site-packages/airflow/example_dags/example_task_group_decorator.py
[2024-09-29T00:28:10.477-0500] {processor.py:925} INFO - DAG(s) 'example_task_group_decorator' retrieved from /home/d-salamanca/airflow-env/lib/python3.12/site-packages/airflow/example_dags/example_task_group_decorator.py
[2024-09-29T00:28:10.504-0500] {logging_mixin.py:190} INFO - [2024-09-29T00:28:10.504-0500] {dag.py:3239} INFO - Sync 1 DAGs
[2024-09-29T00:28:10.520-0500] {logging_mixin.py:190} INFO - [2024-09-29T00:28:10.520-0500] {dag.py:4180} INFO - Setting next_dagrun for example_task_group_decorator to None, run_after=None
[2024-09-29T00:28:10.573-0500] {processor.py:208} INFO - Processing /home/d-salamanca/airflow-env/lib/python3.12/site-packages/airflow/example_dags/example_task_group_decorator.py took 0.175 seconds
[2024-09-29T00:29:08.672-0500] {processor.py:186} INFO - Started process (PID=29219) to work on /home/d-salamanca/airflow-env/lib/python3.12/site-packages/airflow/example_dags/example_task_group_decorator.py
[2024-09-29T00:29:08.699-0500] {processor.py:914} INFO - Processing file /home/d-salamanca/airflow-env/lib/python3.12/site-packages/airflow/example_dags/example_task_group_decorator.py for tasks to queue
[2024-09-29T00:29:08.704-0500] {logging_mixin.py:190} INFO - [2024-09-29T00:29:08.703-0500] {dagbag.py:588} INFO - Filling up the DagBag from /home/d-salamanca/airflow-env/lib/python3.12/site-packages/airflow/example_dags/example_task_group_decorator.py
[2024-09-29T00:29:08.957-0500] {processor.py:925} INFO - DAG(s) 'example_task_group_decorator' retrieved from /home/d-salamanca/airflow-env/lib/python3.12/site-packages/airflow/example_dags/example_task_group_decorator.py
[2024-09-29T00:29:09.073-0500] {logging_mixin.py:190} INFO - [2024-09-29T00:29:09.072-0500] {dag.py:3239} INFO - Sync 1 DAGs
[2024-09-29T00:29:09.100-0500] {logging_mixin.py:190} INFO - [2024-09-29T00:29:09.100-0500] {dag.py:4180} INFO - Setting next_dagrun for example_task_group_decorator to None, run_after=None
[2024-09-29T00:29:09.570-0500] {processor.py:208} INFO - Processing /home/d-salamanca/airflow-env/lib/python3.12/site-packages/airflow/example_dags/example_task_group_decorator.py took 0.931 seconds
[2024-09-29T00:30:34.767-0500] {processor.py:186} INFO - Started process (PID=29275) to work on /home/d-salamanca/airflow-env/lib/python3.12/site-packages/airflow/example_dags/example_task_group_decorator.py
[2024-09-29T00:30:34.813-0500] {processor.py:914} INFO - Processing file /home/d-salamanca/airflow-env/lib/python3.12/site-packages/airflow/example_dags/example_task_group_decorator.py for tasks to queue
[2024-09-29T00:30:34.820-0500] {logging_mixin.py:190} INFO - [2024-09-29T00:30:34.819-0500] {dagbag.py:588} INFO - Filling up the DagBag from /home/d-salamanca/airflow-env/lib/python3.12/site-packages/airflow/example_dags/example_task_group_decorator.py
[2024-09-29T00:30:35.296-0500] {processor.py:925} INFO - DAG(s) 'example_task_group_decorator' retrieved from /home/d-salamanca/airflow-env/lib/python3.12/site-packages/airflow/example_dags/example_task_group_decorator.py
[2024-09-29T00:30:35.383-0500] {logging_mixin.py:190} INFO - [2024-09-29T00:30:35.382-0500] {dag.py:3239} INFO - Sync 1 DAGs
[2024-09-29T00:30:35.398-0500] {logging_mixin.py:190} INFO - [2024-09-29T00:30:35.398-0500] {dag.py:4180} INFO - Setting next_dagrun for example_task_group_decorator to None, run_after=None
[2024-09-29T00:30:35.476-0500] {processor.py:208} INFO - Processing /home/d-salamanca/airflow-env/lib/python3.12/site-packages/airflow/example_dags/example_task_group_decorator.py took 0.850 seconds
[2024-09-29T00:31:41.736-0500] {processor.py:186} INFO - Started process (PID=29325) to work on /home/d-salamanca/airflow-env/lib/python3.12/site-packages/airflow/example_dags/example_task_group_decorator.py
[2024-09-29T00:31:41.769-0500] {processor.py:914} INFO - Processing file /home/d-salamanca/airflow-env/lib/python3.12/site-packages/airflow/example_dags/example_task_group_decorator.py for tasks to queue
[2024-09-29T00:31:41.774-0500] {logging_mixin.py:190} INFO - [2024-09-29T00:31:41.773-0500] {dagbag.py:588} INFO - Filling up the DagBag from /home/d-salamanca/airflow-env/lib/python3.12/site-packages/airflow/example_dags/example_task_group_decorator.py
[2024-09-29T00:31:41.815-0500] {processor.py:925} INFO - DAG(s) 'example_task_group_decorator' retrieved from /home/d-salamanca/airflow-env/lib/python3.12/site-packages/airflow/example_dags/example_task_group_decorator.py
[2024-09-29T00:31:41.839-0500] {logging_mixin.py:190} INFO - [2024-09-29T00:31:41.839-0500] {dag.py:3239} INFO - Sync 1 DAGs
[2024-09-29T00:31:41.853-0500] {logging_mixin.py:190} INFO - [2024-09-29T00:31:41.853-0500] {dag.py:4180} INFO - Setting next_dagrun for example_task_group_decorator to None, run_after=None
[2024-09-29T00:31:41.927-0500] {processor.py:208} INFO - Processing /home/d-salamanca/airflow-env/lib/python3.12/site-packages/airflow/example_dags/example_task_group_decorator.py took 0.198 seconds
[2024-09-29T00:32:27.731-0500] {processor.py:186} INFO - Started process (PID=29365) to work on /home/d-salamanca/airflow-env/lib/python3.12/site-packages/airflow/example_dags/example_task_group_decorator.py
[2024-09-29T00:32:27.732-0500] {processor.py:914} INFO - Processing file /home/d-salamanca/airflow-env/lib/python3.12/site-packages/airflow/example_dags/example_task_group_decorator.py for tasks to queue
[2024-09-29T00:32:27.736-0500] {logging_mixin.py:190} INFO - [2024-09-29T00:32:27.735-0500] {dagbag.py:588} INFO - Filling up the DagBag from /home/d-salamanca/airflow-env/lib/python3.12/site-packages/airflow/example_dags/example_task_group_decorator.py
[2024-09-29T00:32:27.765-0500] {processor.py:925} INFO - DAG(s) 'example_task_group_decorator' retrieved from /home/d-salamanca/airflow-env/lib/python3.12/site-packages/airflow/example_dags/example_task_group_decorator.py
[2024-09-29T00:32:27.790-0500] {logging_mixin.py:190} INFO - [2024-09-29T00:32:27.790-0500] {dag.py:3239} INFO - Sync 1 DAGs
[2024-09-29T00:32:27.806-0500] {logging_mixin.py:190} INFO - [2024-09-29T00:32:27.806-0500] {dag.py:4180} INFO - Setting next_dagrun for example_task_group_decorator to None, run_after=None
[2024-09-29T00:32:27.858-0500] {processor.py:208} INFO - Processing /home/d-salamanca/airflow-env/lib/python3.12/site-packages/airflow/example_dags/example_task_group_decorator.py took 0.135 seconds
[2024-09-29T00:33:50.394-0500] {processor.py:186} INFO - Started process (PID=29467) to work on /home/d-salamanca/airflow-env/lib/python3.12/site-packages/airflow/example_dags/example_task_group_decorator.py
[2024-09-29T00:33:50.489-0500] {processor.py:914} INFO - Processing file /home/d-salamanca/airflow-env/lib/python3.12/site-packages/airflow/example_dags/example_task_group_decorator.py for tasks to queue
[2024-09-29T00:33:50.495-0500] {logging_mixin.py:190} INFO - [2024-09-29T00:33:50.494-0500] {dagbag.py:588} INFO - Filling up the DagBag from /home/d-salamanca/airflow-env/lib/python3.12/site-packages/airflow/example_dags/example_task_group_decorator.py
[2024-09-29T00:33:50.819-0500] {processor.py:925} INFO - DAG(s) 'example_task_group_decorator' retrieved from /home/d-salamanca/airflow-env/lib/python3.12/site-packages/airflow/example_dags/example_task_group_decorator.py
[2024-09-29T00:33:51.015-0500] {logging_mixin.py:190} INFO - [2024-09-29T00:33:51.014-0500] {dag.py:3239} INFO - Sync 1 DAGs
[2024-09-29T00:33:51.071-0500] {logging_mixin.py:190} INFO - [2024-09-29T00:33:51.070-0500] {dag.py:4180} INFO - Setting next_dagrun for example_task_group_decorator to None, run_after=None
[2024-09-29T00:33:51.307-0500] {processor.py:208} INFO - Processing /home/d-salamanca/airflow-env/lib/python3.12/site-packages/airflow/example_dags/example_task_group_decorator.py took 0.920 seconds
[2024-09-29T00:34:36.040-0500] {processor.py:186} INFO - Started process (PID=29508) to work on /home/d-salamanca/airflow-env/lib/python3.12/site-packages/airflow/example_dags/example_task_group_decorator.py
[2024-09-29T00:34:36.048-0500] {processor.py:914} INFO - Processing file /home/d-salamanca/airflow-env/lib/python3.12/site-packages/airflow/example_dags/example_task_group_decorator.py for tasks to queue
[2024-09-29T00:34:36.052-0500] {logging_mixin.py:190} INFO - [2024-09-29T00:34:36.051-0500] {dagbag.py:588} INFO - Filling up the DagBag from /home/d-salamanca/airflow-env/lib/python3.12/site-packages/airflow/example_dags/example_task_group_decorator.py
[2024-09-29T00:34:36.083-0500] {processor.py:925} INFO - DAG(s) 'example_task_group_decorator' retrieved from /home/d-salamanca/airflow-env/lib/python3.12/site-packages/airflow/example_dags/example_task_group_decorator.py
[2024-09-29T00:34:36.107-0500] {logging_mixin.py:190} INFO - [2024-09-29T00:34:36.106-0500] {dag.py:3239} INFO - Sync 1 DAGs
[2024-09-29T00:34:36.121-0500] {logging_mixin.py:190} INFO - [2024-09-29T00:34:36.121-0500] {dag.py:4180} INFO - Setting next_dagrun for example_task_group_decorator to None, run_after=None
[2024-09-29T00:34:36.153-0500] {processor.py:208} INFO - Processing /home/d-salamanca/airflow-env/lib/python3.12/site-packages/airflow/example_dags/example_task_group_decorator.py took 0.121 seconds
[2024-09-29T08:20:12.125-0500] {processor.py:186} INFO - Started process (PID=29760) to work on /home/d-salamanca/airflow-env/lib/python3.12/site-packages/airflow/example_dags/example_task_group_decorator.py
[2024-09-29T08:20:12.144-0500] {processor.py:914} INFO - Processing file /home/d-salamanca/airflow-env/lib/python3.12/site-packages/airflow/example_dags/example_task_group_decorator.py for tasks to queue
[2024-09-29T08:20:12.149-0500] {logging_mixin.py:190} INFO - [2024-09-29T08:20:12.148-0500] {dagbag.py:588} INFO - Filling up the DagBag from /home/d-salamanca/airflow-env/lib/python3.12/site-packages/airflow/example_dags/example_task_group_decorator.py
[2024-09-29T08:20:12.202-0500] {processor.py:925} INFO - DAG(s) 'example_task_group_decorator' retrieved from /home/d-salamanca/airflow-env/lib/python3.12/site-packages/airflow/example_dags/example_task_group_decorator.py
[2024-09-29T08:20:12.226-0500] {logging_mixin.py:190} INFO - [2024-09-29T08:20:12.226-0500] {dag.py:3239} INFO - Sync 1 DAGs
[2024-09-29T08:20:12.240-0500] {logging_mixin.py:190} INFO - [2024-09-29T08:20:12.240-0500] {dag.py:4180} INFO - Setting next_dagrun for example_task_group_decorator to None, run_after=None
[2024-09-29T08:20:12.277-0500] {processor.py:208} INFO - Processing /home/d-salamanca/airflow-env/lib/python3.12/site-packages/airflow/example_dags/example_task_group_decorator.py took 0.159 seconds
[2024-09-29T08:21:16.292-0500] {processor.py:186} INFO - Started process (PID=29835) to work on /home/d-salamanca/airflow-env/lib/python3.12/site-packages/airflow/example_dags/example_task_group_decorator.py
[2024-09-29T08:21:16.450-0500] {processor.py:914} INFO - Processing file /home/d-salamanca/airflow-env/lib/python3.12/site-packages/airflow/example_dags/example_task_group_decorator.py for tasks to queue
[2024-09-29T08:21:16.455-0500] {logging_mixin.py:190} INFO - [2024-09-29T08:21:16.454-0500] {dagbag.py:588} INFO - Filling up the DagBag from /home/d-salamanca/airflow-env/lib/python3.12/site-packages/airflow/example_dags/example_task_group_decorator.py
[2024-09-29T08:21:16.551-0500] {processor.py:925} INFO - DAG(s) 'example_task_group_decorator' retrieved from /home/d-salamanca/airflow-env/lib/python3.12/site-packages/airflow/example_dags/example_task_group_decorator.py
[2024-09-29T08:21:16.575-0500] {logging_mixin.py:190} INFO - [2024-09-29T08:21:16.575-0500] {dag.py:3239} INFO - Sync 1 DAGs
[2024-09-29T08:21:16.590-0500] {logging_mixin.py:190} INFO - [2024-09-29T08:21:16.589-0500] {dag.py:4180} INFO - Setting next_dagrun for example_task_group_decorator to None, run_after=None
[2024-09-29T08:21:17.322-0500] {processor.py:208} INFO - Processing /home/d-salamanca/airflow-env/lib/python3.12/site-packages/airflow/example_dags/example_task_group_decorator.py took 1.040 seconds
[2024-09-29T08:22:17.777-0500] {processor.py:186} INFO - Started process (PID=29873) to work on /home/d-salamanca/airflow-env/lib/python3.12/site-packages/airflow/example_dags/example_task_group_decorator.py
[2024-09-29T08:22:17.795-0500] {processor.py:914} INFO - Processing file /home/d-salamanca/airflow-env/lib/python3.12/site-packages/airflow/example_dags/example_task_group_decorator.py for tasks to queue
[2024-09-29T08:22:17.799-0500] {logging_mixin.py:190} INFO - [2024-09-29T08:22:17.798-0500] {dagbag.py:588} INFO - Filling up the DagBag from /home/d-salamanca/airflow-env/lib/python3.12/site-packages/airflow/example_dags/example_task_group_decorator.py
[2024-09-29T08:22:17.879-0500] {processor.py:925} INFO - DAG(s) 'example_task_group_decorator' retrieved from /home/d-salamanca/airflow-env/lib/python3.12/site-packages/airflow/example_dags/example_task_group_decorator.py
[2024-09-29T08:22:17.903-0500] {logging_mixin.py:190} INFO - [2024-09-29T08:22:17.903-0500] {dag.py:3239} INFO - Sync 1 DAGs
[2024-09-29T08:22:17.917-0500] {logging_mixin.py:190} INFO - [2024-09-29T08:22:17.917-0500] {dag.py:4180} INFO - Setting next_dagrun for example_task_group_decorator to None, run_after=None
[2024-09-29T08:22:18.048-0500] {processor.py:208} INFO - Processing /home/d-salamanca/airflow-env/lib/python3.12/site-packages/airflow/example_dags/example_task_group_decorator.py took 0.281 seconds
[2024-09-29T08:23:12.000-0500] {processor.py:186} INFO - Started process (PID=29914) to work on /home/d-salamanca/airflow-env/lib/python3.12/site-packages/airflow/example_dags/example_task_group_decorator.py
[2024-09-29T08:23:12.002-0500] {processor.py:914} INFO - Processing file /home/d-salamanca/airflow-env/lib/python3.12/site-packages/airflow/example_dags/example_task_group_decorator.py for tasks to queue
[2024-09-29T08:23:12.004-0500] {logging_mixin.py:190} INFO - [2024-09-29T08:23:12.004-0500] {dagbag.py:588} INFO - Filling up the DagBag from /home/d-salamanca/airflow-env/lib/python3.12/site-packages/airflow/example_dags/example_task_group_decorator.py
[2024-09-29T08:23:12.023-0500] {processor.py:925} INFO - DAG(s) 'example_task_group_decorator' retrieved from /home/d-salamanca/airflow-env/lib/python3.12/site-packages/airflow/example_dags/example_task_group_decorator.py
[2024-09-29T08:23:12.046-0500] {logging_mixin.py:190} INFO - [2024-09-29T08:23:12.046-0500] {dag.py:3239} INFO - Sync 1 DAGs
[2024-09-29T08:23:12.060-0500] {logging_mixin.py:190} INFO - [2024-09-29T08:23:12.060-0500] {dag.py:4180} INFO - Setting next_dagrun for example_task_group_decorator to None, run_after=None
[2024-09-29T08:23:12.096-0500] {processor.py:208} INFO - Processing /home/d-salamanca/airflow-env/lib/python3.12/site-packages/airflow/example_dags/example_task_group_decorator.py took 0.109 seconds
[2024-09-29T08:24:00.080-0500] {processor.py:186} INFO - Started process (PID=29952) to work on /home/d-salamanca/airflow-env/lib/python3.12/site-packages/airflow/example_dags/example_task_group_decorator.py
[2024-09-29T08:24:00.096-0500] {processor.py:914} INFO - Processing file /home/d-salamanca/airflow-env/lib/python3.12/site-packages/airflow/example_dags/example_task_group_decorator.py for tasks to queue
[2024-09-29T08:24:00.099-0500] {logging_mixin.py:190} INFO - [2024-09-29T08:24:00.099-0500] {dagbag.py:588} INFO - Filling up the DagBag from /home/d-salamanca/airflow-env/lib/python3.12/site-packages/airflow/example_dags/example_task_group_decorator.py
[2024-09-29T08:24:00.119-0500] {processor.py:925} INFO - DAG(s) 'example_task_group_decorator' retrieved from /home/d-salamanca/airflow-env/lib/python3.12/site-packages/airflow/example_dags/example_task_group_decorator.py
[2024-09-29T08:24:00.143-0500] {logging_mixin.py:190} INFO - [2024-09-29T08:24:00.142-0500] {dag.py:3239} INFO - Sync 1 DAGs
[2024-09-29T08:24:00.157-0500] {logging_mixin.py:190} INFO - [2024-09-29T08:24:00.157-0500] {dag.py:4180} INFO - Setting next_dagrun for example_task_group_decorator to None, run_after=None
[2024-09-29T08:24:00.229-0500] {processor.py:208} INFO - Processing /home/d-salamanca/airflow-env/lib/python3.12/site-packages/airflow/example_dags/example_task_group_decorator.py took 0.157 seconds
[2024-09-29T08:25:21.936-0500] {processor.py:186} INFO - Started process (PID=30056) to work on /home/d-salamanca/airflow-env/lib/python3.12/site-packages/airflow/example_dags/example_task_group_decorator.py
[2024-09-29T08:25:21.938-0500] {processor.py:914} INFO - Processing file /home/d-salamanca/airflow-env/lib/python3.12/site-packages/airflow/example_dags/example_task_group_decorator.py for tasks to queue
[2024-09-29T08:25:21.940-0500] {logging_mixin.py:190} INFO - [2024-09-29T08:25:21.940-0500] {dagbag.py:588} INFO - Filling up the DagBag from /home/d-salamanca/airflow-env/lib/python3.12/site-packages/airflow/example_dags/example_task_group_decorator.py
[2024-09-29T08:25:21.959-0500] {processor.py:925} INFO - DAG(s) 'example_task_group_decorator' retrieved from /home/d-salamanca/airflow-env/lib/python3.12/site-packages/airflow/example_dags/example_task_group_decorator.py
[2024-09-29T08:25:21.982-0500] {logging_mixin.py:190} INFO - [2024-09-29T08:25:21.982-0500] {dag.py:3239} INFO - Sync 1 DAGs
[2024-09-29T08:25:21.996-0500] {logging_mixin.py:190} INFO - [2024-09-29T08:25:21.996-0500] {dag.py:4180} INFO - Setting next_dagrun for example_task_group_decorator to None, run_after=None
[2024-09-29T08:25:22.022-0500] {processor.py:208} INFO - Processing /home/d-salamanca/airflow-env/lib/python3.12/site-packages/airflow/example_dags/example_task_group_decorator.py took 0.092 seconds
[2024-09-29T08:26:47.200-0500] {processor.py:186} INFO - Started process (PID=30125) to work on /home/d-salamanca/airflow-env/lib/python3.12/site-packages/airflow/example_dags/example_task_group_decorator.py
[2024-09-29T08:26:47.297-0500] {processor.py:914} INFO - Processing file /home/d-salamanca/airflow-env/lib/python3.12/site-packages/airflow/example_dags/example_task_group_decorator.py for tasks to queue
[2024-09-29T08:26:47.303-0500] {logging_mixin.py:190} INFO - [2024-09-29T08:26:47.302-0500] {dagbag.py:588} INFO - Filling up the DagBag from /home/d-salamanca/airflow-env/lib/python3.12/site-packages/airflow/example_dags/example_task_group_decorator.py
[2024-09-29T08:26:47.381-0500] {processor.py:925} INFO - DAG(s) 'example_task_group_decorator' retrieved from /home/d-salamanca/airflow-env/lib/python3.12/site-packages/airflow/example_dags/example_task_group_decorator.py
[2024-09-29T08:26:47.404-0500] {logging_mixin.py:190} INFO - [2024-09-29T08:26:47.404-0500] {dag.py:3239} INFO - Sync 1 DAGs
[2024-09-29T08:26:47.418-0500] {logging_mixin.py:190} INFO - [2024-09-29T08:26:47.418-0500] {dag.py:4180} INFO - Setting next_dagrun for example_task_group_decorator to None, run_after=None
[2024-09-29T08:26:47.546-0500] {processor.py:208} INFO - Processing /home/d-salamanca/airflow-env/lib/python3.12/site-packages/airflow/example_dags/example_task_group_decorator.py took 0.353 seconds
[2024-09-29T08:28:01.061-0500] {processor.py:186} INFO - Started process (PID=30191) to work on /home/d-salamanca/airflow-env/lib/python3.12/site-packages/airflow/example_dags/example_task_group_decorator.py
[2024-09-29T08:28:01.062-0500] {processor.py:914} INFO - Processing file /home/d-salamanca/airflow-env/lib/python3.12/site-packages/airflow/example_dags/example_task_group_decorator.py for tasks to queue
[2024-09-29T08:28:01.065-0500] {logging_mixin.py:190} INFO - [2024-09-29T08:28:01.064-0500] {dagbag.py:588} INFO - Filling up the DagBag from /home/d-salamanca/airflow-env/lib/python3.12/site-packages/airflow/example_dags/example_task_group_decorator.py
[2024-09-29T08:28:01.083-0500] {processor.py:925} INFO - DAG(s) 'example_task_group_decorator' retrieved from /home/d-salamanca/airflow-env/lib/python3.12/site-packages/airflow/example_dags/example_task_group_decorator.py
[2024-09-29T08:28:01.107-0500] {logging_mixin.py:190} INFO - [2024-09-29T08:28:01.107-0500] {dag.py:3239} INFO - Sync 1 DAGs
[2024-09-29T08:28:01.121-0500] {logging_mixin.py:190} INFO - [2024-09-29T08:28:01.121-0500] {dag.py:4180} INFO - Setting next_dagrun for example_task_group_decorator to None, run_after=None
[2024-09-29T08:28:01.162-0500] {processor.py:208} INFO - Processing /home/d-salamanca/airflow-env/lib/python3.12/site-packages/airflow/example_dags/example_task_group_decorator.py took 0.108 seconds
[2024-09-29T08:29:22.332-0500] {processor.py:186} INFO - Started process (PID=30262) to work on /home/d-salamanca/airflow-env/lib/python3.12/site-packages/airflow/example_dags/example_task_group_decorator.py
[2024-09-29T08:29:22.334-0500] {processor.py:914} INFO - Processing file /home/d-salamanca/airflow-env/lib/python3.12/site-packages/airflow/example_dags/example_task_group_decorator.py for tasks to queue
[2024-09-29T08:29:22.338-0500] {logging_mixin.py:190} INFO - [2024-09-29T08:29:22.337-0500] {dagbag.py:588} INFO - Filling up the DagBag from /home/d-salamanca/airflow-env/lib/python3.12/site-packages/airflow/example_dags/example_task_group_decorator.py
[2024-09-29T08:29:22.358-0500] {processor.py:925} INFO - DAG(s) 'example_task_group_decorator' retrieved from /home/d-salamanca/airflow-env/lib/python3.12/site-packages/airflow/example_dags/example_task_group_decorator.py
[2024-09-29T08:29:22.382-0500] {logging_mixin.py:190} INFO - [2024-09-29T08:29:22.382-0500] {dag.py:3239} INFO - Sync 1 DAGs
[2024-09-29T08:29:22.396-0500] {logging_mixin.py:190} INFO - [2024-09-29T08:29:22.396-0500] {dag.py:4180} INFO - Setting next_dagrun for example_task_group_decorator to None, run_after=None
[2024-09-29T08:29:22.467-0500] {processor.py:208} INFO - Processing /home/d-salamanca/airflow-env/lib/python3.12/site-packages/airflow/example_dags/example_task_group_decorator.py took 0.142 seconds
[2024-09-29T08:30:52.579-0500] {processor.py:186} INFO - Started process (PID=30340) to work on /home/d-salamanca/airflow-env/lib/python3.12/site-packages/airflow/example_dags/example_task_group_decorator.py
[2024-09-29T08:30:52.674-0500] {processor.py:914} INFO - Processing file /home/d-salamanca/airflow-env/lib/python3.12/site-packages/airflow/example_dags/example_task_group_decorator.py for tasks to queue
[2024-09-29T08:30:52.678-0500] {logging_mixin.py:190} INFO - [2024-09-29T08:30:52.677-0500] {dagbag.py:588} INFO - Filling up the DagBag from /home/d-salamanca/airflow-env/lib/python3.12/site-packages/airflow/example_dags/example_task_group_decorator.py
[2024-09-29T08:30:52.701-0500] {processor.py:925} INFO - DAG(s) 'example_task_group_decorator' retrieved from /home/d-salamanca/airflow-env/lib/python3.12/site-packages/airflow/example_dags/example_task_group_decorator.py
[2024-09-29T08:30:52.726-0500] {logging_mixin.py:190} INFO - [2024-09-29T08:30:52.726-0500] {dag.py:3239} INFO - Sync 1 DAGs
[2024-09-29T08:30:52.741-0500] {logging_mixin.py:190} INFO - [2024-09-29T08:30:52.740-0500] {dag.py:4180} INFO - Setting next_dagrun for example_task_group_decorator to None, run_after=None
[2024-09-29T08:30:52.797-0500] {processor.py:208} INFO - Processing /home/d-salamanca/airflow-env/lib/python3.12/site-packages/airflow/example_dags/example_task_group_decorator.py took 0.226 seconds
[2024-09-29T08:31:40.788-0500] {processor.py:186} INFO - Started process (PID=30387) to work on /home/d-salamanca/airflow-env/lib/python3.12/site-packages/airflow/example_dags/example_task_group_decorator.py
[2024-09-29T08:31:40.789-0500] {processor.py:914} INFO - Processing file /home/d-salamanca/airflow-env/lib/python3.12/site-packages/airflow/example_dags/example_task_group_decorator.py for tasks to queue
[2024-09-29T08:31:40.792-0500] {logging_mixin.py:190} INFO - [2024-09-29T08:31:40.791-0500] {dagbag.py:588} INFO - Filling up the DagBag from /home/d-salamanca/airflow-env/lib/python3.12/site-packages/airflow/example_dags/example_task_group_decorator.py
[2024-09-29T08:31:40.811-0500] {processor.py:925} INFO - DAG(s) 'example_task_group_decorator' retrieved from /home/d-salamanca/airflow-env/lib/python3.12/site-packages/airflow/example_dags/example_task_group_decorator.py
[2024-09-29T08:31:40.839-0500] {logging_mixin.py:190} INFO - [2024-09-29T08:31:40.839-0500] {dag.py:3239} INFO - Sync 1 DAGs
[2024-09-29T08:31:40.854-0500] {logging_mixin.py:190} INFO - [2024-09-29T08:31:40.854-0500] {dag.py:4180} INFO - Setting next_dagrun for example_task_group_decorator to None, run_after=None
[2024-09-29T08:31:41.007-0500] {processor.py:208} INFO - Processing /home/d-salamanca/airflow-env/lib/python3.12/site-packages/airflow/example_dags/example_task_group_decorator.py took 0.226 seconds
[2024-09-29T08:32:28.621-0500] {processor.py:186} INFO - Started process (PID=30424) to work on /home/d-salamanca/airflow-env/lib/python3.12/site-packages/airflow/example_dags/example_task_group_decorator.py
[2024-09-29T08:32:28.622-0500] {processor.py:914} INFO - Processing file /home/d-salamanca/airflow-env/lib/python3.12/site-packages/airflow/example_dags/example_task_group_decorator.py for tasks to queue
[2024-09-29T08:32:28.625-0500] {logging_mixin.py:190} INFO - [2024-09-29T08:32:28.624-0500] {dagbag.py:588} INFO - Filling up the DagBag from /home/d-salamanca/airflow-env/lib/python3.12/site-packages/airflow/example_dags/example_task_group_decorator.py
[2024-09-29T08:32:28.643-0500] {processor.py:925} INFO - DAG(s) 'example_task_group_decorator' retrieved from /home/d-salamanca/airflow-env/lib/python3.12/site-packages/airflow/example_dags/example_task_group_decorator.py
[2024-09-29T08:32:28.666-0500] {logging_mixin.py:190} INFO - [2024-09-29T08:32:28.665-0500] {dag.py:3239} INFO - Sync 1 DAGs
[2024-09-29T08:32:28.679-0500] {logging_mixin.py:190} INFO - [2024-09-29T08:32:28.679-0500] {dag.py:4180} INFO - Setting next_dagrun for example_task_group_decorator to None, run_after=None
[2024-09-29T08:32:28.934-0500] {processor.py:208} INFO - Processing /home/d-salamanca/airflow-env/lib/python3.12/site-packages/airflow/example_dags/example_task_group_decorator.py took 0.321 seconds
[2024-09-29T08:33:14.341-0500] {processor.py:186} INFO - Started process (PID=30462) to work on /home/d-salamanca/airflow-env/lib/python3.12/site-packages/airflow/example_dags/example_task_group_decorator.py
[2024-09-29T08:33:14.343-0500] {processor.py:914} INFO - Processing file /home/d-salamanca/airflow-env/lib/python3.12/site-packages/airflow/example_dags/example_task_group_decorator.py for tasks to queue
[2024-09-29T08:33:14.345-0500] {logging_mixin.py:190} INFO - [2024-09-29T08:33:14.345-0500] {dagbag.py:588} INFO - Filling up the DagBag from /home/d-salamanca/airflow-env/lib/python3.12/site-packages/airflow/example_dags/example_task_group_decorator.py
[2024-09-29T08:33:14.363-0500] {processor.py:925} INFO - DAG(s) 'example_task_group_decorator' retrieved from /home/d-salamanca/airflow-env/lib/python3.12/site-packages/airflow/example_dags/example_task_group_decorator.py
[2024-09-29T08:33:14.387-0500] {logging_mixin.py:190} INFO - [2024-09-29T08:33:14.387-0500] {dag.py:3239} INFO - Sync 1 DAGs
[2024-09-29T08:33:14.401-0500] {logging_mixin.py:190} INFO - [2024-09-29T08:33:14.401-0500] {dag.py:4180} INFO - Setting next_dagrun for example_task_group_decorator to None, run_after=None
[2024-09-29T08:33:14.429-0500] {processor.py:208} INFO - Processing /home/d-salamanca/airflow-env/lib/python3.12/site-packages/airflow/example_dags/example_task_group_decorator.py took 0.095 seconds
[2024-09-29T08:34:34.698-0500] {processor.py:186} INFO - Started process (PID=30528) to work on /home/d-salamanca/airflow-env/lib/python3.12/site-packages/airflow/example_dags/example_task_group_decorator.py
[2024-09-29T08:34:34.699-0500] {processor.py:914} INFO - Processing file /home/d-salamanca/airflow-env/lib/python3.12/site-packages/airflow/example_dags/example_task_group_decorator.py for tasks to queue
[2024-09-29T08:34:34.702-0500] {logging_mixin.py:190} INFO - [2024-09-29T08:34:34.701-0500] {dagbag.py:588} INFO - Filling up the DagBag from /home/d-salamanca/airflow-env/lib/python3.12/site-packages/airflow/example_dags/example_task_group_decorator.py
[2024-09-29T08:34:34.720-0500] {processor.py:925} INFO - DAG(s) 'example_task_group_decorator' retrieved from /home/d-salamanca/airflow-env/lib/python3.12/site-packages/airflow/example_dags/example_task_group_decorator.py
[2024-09-29T08:34:34.743-0500] {logging_mixin.py:190} INFO - [2024-09-29T08:34:34.743-0500] {dag.py:3239} INFO - Sync 1 DAGs
[2024-09-29T08:34:34.758-0500] {logging_mixin.py:190} INFO - [2024-09-29T08:34:34.757-0500] {dag.py:4180} INFO - Setting next_dagrun for example_task_group_decorator to None, run_after=None
[2024-09-29T08:34:34.844-0500] {processor.py:208} INFO - Processing /home/d-salamanca/airflow-env/lib/python3.12/site-packages/airflow/example_dags/example_task_group_decorator.py took 0.153 seconds
[2024-09-29T08:35:27.298-0500] {processor.py:186} INFO - Started process (PID=30636) to work on /home/d-salamanca/airflow-env/lib/python3.12/site-packages/airflow/example_dags/example_task_group_decorator.py
[2024-09-29T08:35:27.373-0500] {processor.py:914} INFO - Processing file /home/d-salamanca/airflow-env/lib/python3.12/site-packages/airflow/example_dags/example_task_group_decorator.py for tasks to queue
[2024-09-29T08:35:27.380-0500] {logging_mixin.py:190} INFO - [2024-09-29T08:35:27.378-0500] {dagbag.py:588} INFO - Filling up the DagBag from /home/d-salamanca/airflow-env/lib/python3.12/site-packages/airflow/example_dags/example_task_group_decorator.py
[2024-09-29T08:35:27.402-0500] {processor.py:925} INFO - DAG(s) 'example_task_group_decorator' retrieved from /home/d-salamanca/airflow-env/lib/python3.12/site-packages/airflow/example_dags/example_task_group_decorator.py
[2024-09-29T08:35:27.427-0500] {logging_mixin.py:190} INFO - [2024-09-29T08:35:27.426-0500] {dag.py:3239} INFO - Sync 1 DAGs
[2024-09-29T08:35:27.441-0500] {logging_mixin.py:190} INFO - [2024-09-29T08:35:27.441-0500] {dag.py:4180} INFO - Setting next_dagrun for example_task_group_decorator to None, run_after=None
[2024-09-29T08:35:28.792-0500] {processor.py:208} INFO - Processing /home/d-salamanca/airflow-env/lib/python3.12/site-packages/airflow/example_dags/example_task_group_decorator.py took 1.502 seconds
[2024-09-29T08:36:50.112-0500] {processor.py:186} INFO - Started process (PID=30998) to work on /home/d-salamanca/airflow-env/lib/python3.12/site-packages/airflow/example_dags/example_task_group_decorator.py
[2024-09-29T08:36:50.177-0500] {processor.py:914} INFO - Processing file /home/d-salamanca/airflow-env/lib/python3.12/site-packages/airflow/example_dags/example_task_group_decorator.py for tasks to queue
[2024-09-29T08:36:50.181-0500] {logging_mixin.py:190} INFO - [2024-09-29T08:36:50.180-0500] {dagbag.py:588} INFO - Filling up the DagBag from /home/d-salamanca/airflow-env/lib/python3.12/site-packages/airflow/example_dags/example_task_group_decorator.py
[2024-09-29T08:36:50.250-0500] {processor.py:925} INFO - DAG(s) 'example_task_group_decorator' retrieved from /home/d-salamanca/airflow-env/lib/python3.12/site-packages/airflow/example_dags/example_task_group_decorator.py
[2024-09-29T08:36:50.284-0500] {logging_mixin.py:190} INFO - [2024-09-29T08:36:50.284-0500] {dag.py:3239} INFO - Sync 1 DAGs
[2024-09-29T08:36:50.307-0500] {logging_mixin.py:190} INFO - [2024-09-29T08:36:50.306-0500] {dag.py:4180} INFO - Setting next_dagrun for example_task_group_decorator to None, run_after=None
[2024-09-29T08:36:51.370-0500] {processor.py:208} INFO - Processing /home/d-salamanca/airflow-env/lib/python3.12/site-packages/airflow/example_dags/example_task_group_decorator.py took 1.267 seconds
[2024-09-29T08:37:58.737-0500] {processor.py:186} INFO - Started process (PID=31044) to work on /home/d-salamanca/airflow-env/lib/python3.12/site-packages/airflow/example_dags/example_task_group_decorator.py
[2024-09-29T08:37:58.738-0500] {processor.py:914} INFO - Processing file /home/d-salamanca/airflow-env/lib/python3.12/site-packages/airflow/example_dags/example_task_group_decorator.py for tasks to queue
[2024-09-29T08:37:58.741-0500] {logging_mixin.py:190} INFO - [2024-09-29T08:37:58.740-0500] {dagbag.py:588} INFO - Filling up the DagBag from /home/d-salamanca/airflow-env/lib/python3.12/site-packages/airflow/example_dags/example_task_group_decorator.py
[2024-09-29T08:37:58.780-0500] {processor.py:925} INFO - DAG(s) 'example_task_group_decorator' retrieved from /home/d-salamanca/airflow-env/lib/python3.12/site-packages/airflow/example_dags/example_task_group_decorator.py
[2024-09-29T08:37:58.805-0500] {logging_mixin.py:190} INFO - [2024-09-29T08:37:58.804-0500] {dag.py:3239} INFO - Sync 1 DAGs
[2024-09-29T08:37:58.820-0500] {logging_mixin.py:190} INFO - [2024-09-29T08:37:58.819-0500] {dag.py:4180} INFO - Setting next_dagrun for example_task_group_decorator to None, run_after=None
[2024-09-29T08:37:59.083-0500] {processor.py:208} INFO - Processing /home/d-salamanca/airflow-env/lib/python3.12/site-packages/airflow/example_dags/example_task_group_decorator.py took 0.353 seconds
[2024-09-29T08:39:22.439-0500] {processor.py:186} INFO - Started process (PID=31116) to work on /home/d-salamanca/airflow-env/lib/python3.12/site-packages/airflow/example_dags/example_task_group_decorator.py
[2024-09-29T08:39:22.528-0500] {processor.py:914} INFO - Processing file /home/d-salamanca/airflow-env/lib/python3.12/site-packages/airflow/example_dags/example_task_group_decorator.py for tasks to queue
[2024-09-29T08:39:22.534-0500] {logging_mixin.py:190} INFO - [2024-09-29T08:39:22.533-0500] {dagbag.py:588} INFO - Filling up the DagBag from /home/d-salamanca/airflow-env/lib/python3.12/site-packages/airflow/example_dags/example_task_group_decorator.py
[2024-09-29T08:39:22.582-0500] {processor.py:925} INFO - DAG(s) 'example_task_group_decorator' retrieved from /home/d-salamanca/airflow-env/lib/python3.12/site-packages/airflow/example_dags/example_task_group_decorator.py
[2024-09-29T08:39:22.605-0500] {logging_mixin.py:190} INFO - [2024-09-29T08:39:22.605-0500] {dag.py:3239} INFO - Sync 1 DAGs
[2024-09-29T08:39:22.620-0500] {logging_mixin.py:190} INFO - [2024-09-29T08:39:22.620-0500] {dag.py:4180} INFO - Setting next_dagrun for example_task_group_decorator to None, run_after=None
[2024-09-29T08:39:22.686-0500] {processor.py:208} INFO - Processing /home/d-salamanca/airflow-env/lib/python3.12/site-packages/airflow/example_dags/example_task_group_decorator.py took 0.259 seconds
[2024-09-29T08:40:10.473-0500] {processor.py:186} INFO - Started process (PID=31153) to work on /home/d-salamanca/airflow-env/lib/python3.12/site-packages/airflow/example_dags/example_task_group_decorator.py
[2024-09-29T08:40:10.474-0500] {processor.py:914} INFO - Processing file /home/d-salamanca/airflow-env/lib/python3.12/site-packages/airflow/example_dags/example_task_group_decorator.py for tasks to queue
[2024-09-29T08:40:10.477-0500] {logging_mixin.py:190} INFO - [2024-09-29T08:40:10.476-0500] {dagbag.py:588} INFO - Filling up the DagBag from /home/d-salamanca/airflow-env/lib/python3.12/site-packages/airflow/example_dags/example_task_group_decorator.py
[2024-09-29T08:40:10.495-0500] {processor.py:925} INFO - DAG(s) 'example_task_group_decorator' retrieved from /home/d-salamanca/airflow-env/lib/python3.12/site-packages/airflow/example_dags/example_task_group_decorator.py
[2024-09-29T08:40:10.519-0500] {logging_mixin.py:190} INFO - [2024-09-29T08:40:10.519-0500] {dag.py:3239} INFO - Sync 1 DAGs
[2024-09-29T08:40:10.534-0500] {logging_mixin.py:190} INFO - [2024-09-29T08:40:10.533-0500] {dag.py:4180} INFO - Setting next_dagrun for example_task_group_decorator to None, run_after=None
[2024-09-29T08:40:10.674-0500] {processor.py:208} INFO - Processing /home/d-salamanca/airflow-env/lib/python3.12/site-packages/airflow/example_dags/example_task_group_decorator.py took 0.214 seconds
[2024-09-29T08:40:58.644-0500] {processor.py:186} INFO - Started process (PID=31193) to work on /home/d-salamanca/airflow-env/lib/python3.12/site-packages/airflow/example_dags/example_task_group_decorator.py
[2024-09-29T08:40:58.645-0500] {processor.py:914} INFO - Processing file /home/d-salamanca/airflow-env/lib/python3.12/site-packages/airflow/example_dags/example_task_group_decorator.py for tasks to queue
[2024-09-29T08:40:58.647-0500] {logging_mixin.py:190} INFO - [2024-09-29T08:40:58.647-0500] {dagbag.py:588} INFO - Filling up the DagBag from /home/d-salamanca/airflow-env/lib/python3.12/site-packages/airflow/example_dags/example_task_group_decorator.py
[2024-09-29T08:40:58.666-0500] {processor.py:925} INFO - DAG(s) 'example_task_group_decorator' retrieved from /home/d-salamanca/airflow-env/lib/python3.12/site-packages/airflow/example_dags/example_task_group_decorator.py
[2024-09-29T08:40:58.689-0500] {logging_mixin.py:190} INFO - [2024-09-29T08:40:58.689-0500] {dag.py:3239} INFO - Sync 1 DAGs
[2024-09-29T08:40:58.704-0500] {logging_mixin.py:190} INFO - [2024-09-29T08:40:58.703-0500] {dag.py:4180} INFO - Setting next_dagrun for example_task_group_decorator to None, run_after=None
[2024-09-29T08:40:58.779-0500] {processor.py:208} INFO - Processing /home/d-salamanca/airflow-env/lib/python3.12/site-packages/airflow/example_dags/example_task_group_decorator.py took 0.144 seconds
[2024-09-29T08:41:43.137-0500] {processor.py:186} INFO - Started process (PID=31230) to work on /home/d-salamanca/airflow-env/lib/python3.12/site-packages/airflow/example_dags/example_task_group_decorator.py
[2024-09-29T08:41:43.138-0500] {processor.py:914} INFO - Processing file /home/d-salamanca/airflow-env/lib/python3.12/site-packages/airflow/example_dags/example_task_group_decorator.py for tasks to queue
[2024-09-29T08:41:43.141-0500] {logging_mixin.py:190} INFO - [2024-09-29T08:41:43.140-0500] {dagbag.py:588} INFO - Filling up the DagBag from /home/d-salamanca/airflow-env/lib/python3.12/site-packages/airflow/example_dags/example_task_group_decorator.py
[2024-09-29T08:41:43.159-0500] {processor.py:925} INFO - DAG(s) 'example_task_group_decorator' retrieved from /home/d-salamanca/airflow-env/lib/python3.12/site-packages/airflow/example_dags/example_task_group_decorator.py
[2024-09-29T08:41:43.182-0500] {logging_mixin.py:190} INFO - [2024-09-29T08:41:43.182-0500] {dag.py:3239} INFO - Sync 1 DAGs
[2024-09-29T08:41:43.198-0500] {logging_mixin.py:190} INFO - [2024-09-29T08:41:43.198-0500] {dag.py:4180} INFO - Setting next_dagrun for example_task_group_decorator to None, run_after=None
[2024-09-29T08:41:43.464-0500] {processor.py:208} INFO - Processing /home/d-salamanca/airflow-env/lib/python3.12/site-packages/airflow/example_dags/example_task_group_decorator.py took 0.335 seconds
[2024-09-29T08:42:28.693-0500] {processor.py:186} INFO - Started process (PID=31266) to work on /home/d-salamanca/airflow-env/lib/python3.12/site-packages/airflow/example_dags/example_task_group_decorator.py
[2024-09-29T08:42:28.695-0500] {processor.py:914} INFO - Processing file /home/d-salamanca/airflow-env/lib/python3.12/site-packages/airflow/example_dags/example_task_group_decorator.py for tasks to queue
[2024-09-29T08:42:28.700-0500] {logging_mixin.py:190} INFO - [2024-09-29T08:42:28.699-0500] {dagbag.py:588} INFO - Filling up the DagBag from /home/d-salamanca/airflow-env/lib/python3.12/site-packages/airflow/example_dags/example_task_group_decorator.py
[2024-09-29T08:42:28.719-0500] {processor.py:925} INFO - DAG(s) 'example_task_group_decorator' retrieved from /home/d-salamanca/airflow-env/lib/python3.12/site-packages/airflow/example_dags/example_task_group_decorator.py
[2024-09-29T08:42:28.743-0500] {logging_mixin.py:190} INFO - [2024-09-29T08:42:28.743-0500] {dag.py:3239} INFO - Sync 1 DAGs
[2024-09-29T08:42:28.758-0500] {logging_mixin.py:190} INFO - [2024-09-29T08:42:28.758-0500] {dag.py:4180} INFO - Setting next_dagrun for example_task_group_decorator to None, run_after=None
[2024-09-29T08:42:28.811-0500] {processor.py:208} INFO - Processing /home/d-salamanca/airflow-env/lib/python3.12/site-packages/airflow/example_dags/example_task_group_decorator.py took 0.126 seconds
[2024-09-29T08:43:18.031-0500] {processor.py:186} INFO - Started process (PID=31304) to work on /home/d-salamanca/airflow-env/lib/python3.12/site-packages/airflow/example_dags/example_task_group_decorator.py
[2024-09-29T08:43:18.032-0500] {processor.py:914} INFO - Processing file /home/d-salamanca/airflow-env/lib/python3.12/site-packages/airflow/example_dags/example_task_group_decorator.py for tasks to queue
[2024-09-29T08:43:18.035-0500] {logging_mixin.py:190} INFO - [2024-09-29T08:43:18.034-0500] {dagbag.py:588} INFO - Filling up the DagBag from /home/d-salamanca/airflow-env/lib/python3.12/site-packages/airflow/example_dags/example_task_group_decorator.py
[2024-09-29T08:43:18.053-0500] {processor.py:925} INFO - DAG(s) 'example_task_group_decorator' retrieved from /home/d-salamanca/airflow-env/lib/python3.12/site-packages/airflow/example_dags/example_task_group_decorator.py
[2024-09-29T08:43:18.078-0500] {logging_mixin.py:190} INFO - [2024-09-29T08:43:18.078-0500] {dag.py:3239} INFO - Sync 1 DAGs
[2024-09-29T08:43:18.093-0500] {logging_mixin.py:190} INFO - [2024-09-29T08:43:18.093-0500] {dag.py:4180} INFO - Setting next_dagrun for example_task_group_decorator to None, run_after=None
[2024-09-29T08:43:18.136-0500] {processor.py:208} INFO - Processing /home/d-salamanca/airflow-env/lib/python3.12/site-packages/airflow/example_dags/example_task_group_decorator.py took 0.113 seconds
[2024-09-29T08:44:38.948-0500] {processor.py:186} INFO - Started process (PID=31370) to work on /home/d-salamanca/airflow-env/lib/python3.12/site-packages/airflow/example_dags/example_task_group_decorator.py
[2024-09-29T08:44:39.001-0500] {processor.py:914} INFO - Processing file /home/d-salamanca/airflow-env/lib/python3.12/site-packages/airflow/example_dags/example_task_group_decorator.py for tasks to queue
[2024-09-29T08:44:39.008-0500] {logging_mixin.py:190} INFO - [2024-09-29T08:44:39.006-0500] {dagbag.py:588} INFO - Filling up the DagBag from /home/d-salamanca/airflow-env/lib/python3.12/site-packages/airflow/example_dags/example_task_group_decorator.py
[2024-09-29T08:44:39.060-0500] {processor.py:925} INFO - DAG(s) 'example_task_group_decorator' retrieved from /home/d-salamanca/airflow-env/lib/python3.12/site-packages/airflow/example_dags/example_task_group_decorator.py
[2024-09-29T08:44:39.083-0500] {logging_mixin.py:190} INFO - [2024-09-29T08:44:39.082-0500] {dag.py:3239} INFO - Sync 1 DAGs
[2024-09-29T08:44:39.097-0500] {logging_mixin.py:190} INFO - [2024-09-29T08:44:39.096-0500] {dag.py:4180} INFO - Setting next_dagrun for example_task_group_decorator to None, run_after=None
[2024-09-29T08:44:39.276-0500] {processor.py:208} INFO - Processing /home/d-salamanca/airflow-env/lib/python3.12/site-packages/airflow/example_dags/example_task_group_decorator.py took 0.336 seconds
[2024-09-29T08:46:33.050-0500] {processor.py:186} INFO - Started process (PID=31457) to work on /home/d-salamanca/airflow-env/lib/python3.12/site-packages/airflow/example_dags/example_task_group_decorator.py
[2024-09-29T08:46:33.052-0500] {processor.py:914} INFO - Processing file /home/d-salamanca/airflow-env/lib/python3.12/site-packages/airflow/example_dags/example_task_group_decorator.py for tasks to queue
[2024-09-29T08:46:33.057-0500] {logging_mixin.py:190} INFO - [2024-09-29T08:46:33.056-0500] {dagbag.py:588} INFO - Filling up the DagBag from /home/d-salamanca/airflow-env/lib/python3.12/site-packages/airflow/example_dags/example_task_group_decorator.py
[2024-09-29T08:46:33.089-0500] {processor.py:925} INFO - DAG(s) 'example_task_group_decorator' retrieved from /home/d-salamanca/airflow-env/lib/python3.12/site-packages/airflow/example_dags/example_task_group_decorator.py
[2024-09-29T08:46:33.123-0500] {logging_mixin.py:190} INFO - [2024-09-29T08:46:33.122-0500] {dag.py:3239} INFO - Sync 1 DAGs
[2024-09-29T08:46:33.139-0500] {logging_mixin.py:190} INFO - [2024-09-29T08:46:33.139-0500] {dag.py:4180} INFO - Setting next_dagrun for example_task_group_decorator to None, run_after=None
[2024-09-29T08:46:33.223-0500] {processor.py:208} INFO - Processing /home/d-salamanca/airflow-env/lib/python3.12/site-packages/airflow/example_dags/example_task_group_decorator.py took 0.184 seconds
[2024-09-29T08:47:20.961-0500] {processor.py:186} INFO - Started process (PID=31492) to work on /home/d-salamanca/airflow-env/lib/python3.12/site-packages/airflow/example_dags/example_task_group_decorator.py
[2024-09-29T08:47:20.962-0500] {processor.py:914} INFO - Processing file /home/d-salamanca/airflow-env/lib/python3.12/site-packages/airflow/example_dags/example_task_group_decorator.py for tasks to queue
[2024-09-29T08:47:20.964-0500] {logging_mixin.py:190} INFO - [2024-09-29T08:47:20.964-0500] {dagbag.py:588} INFO - Filling up the DagBag from /home/d-salamanca/airflow-env/lib/python3.12/site-packages/airflow/example_dags/example_task_group_decorator.py
[2024-09-29T08:47:20.983-0500] {processor.py:925} INFO - DAG(s) 'example_task_group_decorator' retrieved from /home/d-salamanca/airflow-env/lib/python3.12/site-packages/airflow/example_dags/example_task_group_decorator.py
[2024-09-29T08:47:21.009-0500] {logging_mixin.py:190} INFO - [2024-09-29T08:47:21.009-0500] {dag.py:3239} INFO - Sync 1 DAGs
[2024-09-29T08:47:21.023-0500] {logging_mixin.py:190} INFO - [2024-09-29T08:47:21.023-0500] {dag.py:4180} INFO - Setting next_dagrun for example_task_group_decorator to None, run_after=None
[2024-09-29T08:47:21.066-0500] {processor.py:208} INFO - Processing /home/d-salamanca/airflow-env/lib/python3.12/site-packages/airflow/example_dags/example_task_group_decorator.py took 0.115 seconds
[2024-09-29T08:48:45.553-0500] {processor.py:186} INFO - Started process (PID=31580) to work on /home/d-salamanca/airflow-env/lib/python3.12/site-packages/airflow/example_dags/example_task_group_decorator.py
[2024-09-29T08:48:45.739-0500] {processor.py:914} INFO - Processing file /home/d-salamanca/airflow-env/lib/python3.12/site-packages/airflow/example_dags/example_task_group_decorator.py for tasks to queue
[2024-09-29T08:48:45.741-0500] {logging_mixin.py:190} INFO - [2024-09-29T08:48:45.741-0500] {dagbag.py:588} INFO - Filling up the DagBag from /home/d-salamanca/airflow-env/lib/python3.12/site-packages/airflow/example_dags/example_task_group_decorator.py
[2024-09-29T08:48:45.761-0500] {processor.py:925} INFO - DAG(s) 'example_task_group_decorator' retrieved from /home/d-salamanca/airflow-env/lib/python3.12/site-packages/airflow/example_dags/example_task_group_decorator.py
[2024-09-29T08:48:45.788-0500] {logging_mixin.py:190} INFO - [2024-09-29T08:48:45.788-0500] {dag.py:3239} INFO - Sync 1 DAGs
[2024-09-29T08:48:45.807-0500] {logging_mixin.py:190} INFO - [2024-09-29T08:48:45.807-0500] {dag.py:4180} INFO - Setting next_dagrun for example_task_group_decorator to None, run_after=None
[2024-09-29T08:48:45.855-0500] {processor.py:208} INFO - Processing /home/d-salamanca/airflow-env/lib/python3.12/site-packages/airflow/example_dags/example_task_group_decorator.py took 0.310 seconds
[2024-09-29T08:50:14.027-0500] {processor.py:186} INFO - Started process (PID=31668) to work on /home/d-salamanca/airflow-env/lib/python3.12/site-packages/airflow/example_dags/example_task_group_decorator.py
[2024-09-29T08:50:14.045-0500] {processor.py:914} INFO - Processing file /home/d-salamanca/airflow-env/lib/python3.12/site-packages/airflow/example_dags/example_task_group_decorator.py for tasks to queue
[2024-09-29T08:50:14.048-0500] {logging_mixin.py:190} INFO - [2024-09-29T08:50:14.047-0500] {dagbag.py:588} INFO - Filling up the DagBag from /home/d-salamanca/airflow-env/lib/python3.12/site-packages/airflow/example_dags/example_task_group_decorator.py
[2024-09-29T08:50:14.068-0500] {processor.py:925} INFO - DAG(s) 'example_task_group_decorator' retrieved from /home/d-salamanca/airflow-env/lib/python3.12/site-packages/airflow/example_dags/example_task_group_decorator.py
[2024-09-29T08:50:14.091-0500] {logging_mixin.py:190} INFO - [2024-09-29T08:50:14.090-0500] {dag.py:3239} INFO - Sync 1 DAGs
[2024-09-29T08:50:14.104-0500] {logging_mixin.py:190} INFO - [2024-09-29T08:50:14.104-0500] {dag.py:4180} INFO - Setting next_dagrun for example_task_group_decorator to None, run_after=None
[2024-09-29T08:50:14.156-0500] {processor.py:208} INFO - Processing /home/d-salamanca/airflow-env/lib/python3.12/site-packages/airflow/example_dags/example_task_group_decorator.py took 0.135 seconds
[2024-09-29T08:51:01.977-0500] {processor.py:186} INFO - Started process (PID=31750) to work on /home/d-salamanca/airflow-env/lib/python3.12/site-packages/airflow/example_dags/example_task_group_decorator.py
[2024-09-29T08:51:02.010-0500] {processor.py:914} INFO - Processing file /home/d-salamanca/airflow-env/lib/python3.12/site-packages/airflow/example_dags/example_task_group_decorator.py for tasks to queue
[2024-09-29T08:51:02.015-0500] {logging_mixin.py:190} INFO - [2024-09-29T08:51:02.014-0500] {dagbag.py:588} INFO - Filling up the DagBag from /home/d-salamanca/airflow-env/lib/python3.12/site-packages/airflow/example_dags/example_task_group_decorator.py
[2024-09-29T08:51:02.035-0500] {processor.py:925} INFO - DAG(s) 'example_task_group_decorator' retrieved from /home/d-salamanca/airflow-env/lib/python3.12/site-packages/airflow/example_dags/example_task_group_decorator.py
[2024-09-29T08:51:02.059-0500] {logging_mixin.py:190} INFO - [2024-09-29T08:51:02.058-0500] {dag.py:3239} INFO - Sync 1 DAGs
[2024-09-29T08:51:02.073-0500] {logging_mixin.py:190} INFO - [2024-09-29T08:51:02.073-0500] {dag.py:4180} INFO - Setting next_dagrun for example_task_group_decorator to None, run_after=None
[2024-09-29T08:51:02.750-0500] {processor.py:208} INFO - Processing /home/d-salamanca/airflow-env/lib/python3.12/site-packages/airflow/example_dags/example_task_group_decorator.py took 0.782 seconds
[2024-09-29T08:52:37.197-0500] {processor.py:186} INFO - Started process (PID=31953) to work on /home/d-salamanca/airflow-env/lib/python3.12/site-packages/airflow/example_dags/example_task_group_decorator.py
[2024-09-29T08:52:37.240-0500] {processor.py:914} INFO - Processing file /home/d-salamanca/airflow-env/lib/python3.12/site-packages/airflow/example_dags/example_task_group_decorator.py for tasks to queue
[2024-09-29T08:52:37.244-0500] {logging_mixin.py:190} INFO - [2024-09-29T08:52:37.244-0500] {dagbag.py:588} INFO - Filling up the DagBag from /home/d-salamanca/airflow-env/lib/python3.12/site-packages/airflow/example_dags/example_task_group_decorator.py
[2024-09-29T08:52:37.310-0500] {processor.py:925} INFO - DAG(s) 'example_task_group_decorator' retrieved from /home/d-salamanca/airflow-env/lib/python3.12/site-packages/airflow/example_dags/example_task_group_decorator.py
[2024-09-29T08:52:37.337-0500] {logging_mixin.py:190} INFO - [2024-09-29T08:52:37.337-0500] {dag.py:3239} INFO - Sync 1 DAGs
[2024-09-29T08:52:37.353-0500] {logging_mixin.py:190} INFO - [2024-09-29T08:52:37.352-0500] {dag.py:4180} INFO - Setting next_dagrun for example_task_group_decorator to None, run_after=None
[2024-09-29T08:52:37.585-0500] {processor.py:208} INFO - Processing /home/d-salamanca/airflow-env/lib/python3.12/site-packages/airflow/example_dags/example_task_group_decorator.py took 0.400 seconds
[2024-09-29T08:53:45.321-0500] {processor.py:186} INFO - Started process (PID=32008) to work on /home/d-salamanca/airflow-env/lib/python3.12/site-packages/airflow/example_dags/example_task_group_decorator.py
[2024-09-29T08:53:45.370-0500] {processor.py:914} INFO - Processing file /home/d-salamanca/airflow-env/lib/python3.12/site-packages/airflow/example_dags/example_task_group_decorator.py for tasks to queue
[2024-09-29T08:53:45.376-0500] {logging_mixin.py:190} INFO - [2024-09-29T08:53:45.375-0500] {dagbag.py:588} INFO - Filling up the DagBag from /home/d-salamanca/airflow-env/lib/python3.12/site-packages/airflow/example_dags/example_task_group_decorator.py
[2024-09-29T08:53:45.429-0500] {processor.py:925} INFO - DAG(s) 'example_task_group_decorator' retrieved from /home/d-salamanca/airflow-env/lib/python3.12/site-packages/airflow/example_dags/example_task_group_decorator.py
[2024-09-29T08:53:45.452-0500] {logging_mixin.py:190} INFO - [2024-09-29T08:53:45.452-0500] {dag.py:3239} INFO - Sync 1 DAGs
[2024-09-29T08:53:45.466-0500] {logging_mixin.py:190} INFO - [2024-09-29T08:53:45.466-0500] {dag.py:4180} INFO - Setting next_dagrun for example_task_group_decorator to None, run_after=None
[2024-09-29T08:53:45.514-0500] {processor.py:208} INFO - Processing /home/d-salamanca/airflow-env/lib/python3.12/site-packages/airflow/example_dags/example_task_group_decorator.py took 0.200 seconds
[2024-09-29T08:54:32.986-0500] {processor.py:186} INFO - Started process (PID=32044) to work on /home/d-salamanca/airflow-env/lib/python3.12/site-packages/airflow/example_dags/example_task_group_decorator.py
[2024-09-29T08:54:32.987-0500] {processor.py:914} INFO - Processing file /home/d-salamanca/airflow-env/lib/python3.12/site-packages/airflow/example_dags/example_task_group_decorator.py for tasks to queue
[2024-09-29T08:54:32.991-0500] {logging_mixin.py:190} INFO - [2024-09-29T08:54:32.990-0500] {dagbag.py:588} INFO - Filling up the DagBag from /home/d-salamanca/airflow-env/lib/python3.12/site-packages/airflow/example_dags/example_task_group_decorator.py
[2024-09-29T08:54:33.012-0500] {processor.py:925} INFO - DAG(s) 'example_task_group_decorator' retrieved from /home/d-salamanca/airflow-env/lib/python3.12/site-packages/airflow/example_dags/example_task_group_decorator.py
[2024-09-29T08:54:33.036-0500] {logging_mixin.py:190} INFO - [2024-09-29T08:54:33.036-0500] {dag.py:3239} INFO - Sync 1 DAGs
[2024-09-29T08:54:33.051-0500] {logging_mixin.py:190} INFO - [2024-09-29T08:54:33.050-0500] {dag.py:4180} INFO - Setting next_dagrun for example_task_group_decorator to None, run_after=None
[2024-09-29T08:54:33.117-0500] {processor.py:208} INFO - Processing /home/d-salamanca/airflow-env/lib/python3.12/site-packages/airflow/example_dags/example_task_group_decorator.py took 0.142 seconds
[2024-09-29T08:55:20.373-0500] {processor.py:186} INFO - Started process (PID=32086) to work on /home/d-salamanca/airflow-env/lib/python3.12/site-packages/airflow/example_dags/example_task_group_decorator.py
[2024-09-29T08:55:20.374-0500] {processor.py:914} INFO - Processing file /home/d-salamanca/airflow-env/lib/python3.12/site-packages/airflow/example_dags/example_task_group_decorator.py for tasks to queue
[2024-09-29T08:55:20.377-0500] {logging_mixin.py:190} INFO - [2024-09-29T08:55:20.376-0500] {dagbag.py:588} INFO - Filling up the DagBag from /home/d-salamanca/airflow-env/lib/python3.12/site-packages/airflow/example_dags/example_task_group_decorator.py
[2024-09-29T08:55:20.395-0500] {processor.py:925} INFO - DAG(s) 'example_task_group_decorator' retrieved from /home/d-salamanca/airflow-env/lib/python3.12/site-packages/airflow/example_dags/example_task_group_decorator.py
[2024-09-29T08:55:20.419-0500] {logging_mixin.py:190} INFO - [2024-09-29T08:55:20.419-0500] {dag.py:3239} INFO - Sync 1 DAGs
[2024-09-29T08:55:20.433-0500] {logging_mixin.py:190} INFO - [2024-09-29T08:55:20.433-0500] {dag.py:4180} INFO - Setting next_dagrun for example_task_group_decorator to None, run_after=None
[2024-09-29T08:55:20.533-0500] {processor.py:208} INFO - Processing /home/d-salamanca/airflow-env/lib/python3.12/site-packages/airflow/example_dags/example_task_group_decorator.py took 0.167 seconds
[2024-09-29T08:56:10.303-0500] {processor.py:186} INFO - Started process (PID=32122) to work on /home/d-salamanca/airflow-env/lib/python3.12/site-packages/airflow/example_dags/example_task_group_decorator.py
[2024-09-29T08:56:10.348-0500] {processor.py:914} INFO - Processing file /home/d-salamanca/airflow-env/lib/python3.12/site-packages/airflow/example_dags/example_task_group_decorator.py for tasks to queue
[2024-09-29T08:56:10.354-0500] {logging_mixin.py:190} INFO - [2024-09-29T08:56:10.353-0500] {dagbag.py:588} INFO - Filling up the DagBag from /home/d-salamanca/airflow-env/lib/python3.12/site-packages/airflow/example_dags/example_task_group_decorator.py
[2024-09-29T08:56:10.401-0500] {processor.py:925} INFO - DAG(s) 'example_task_group_decorator' retrieved from /home/d-salamanca/airflow-env/lib/python3.12/site-packages/airflow/example_dags/example_task_group_decorator.py
[2024-09-29T08:56:10.444-0500] {logging_mixin.py:190} INFO - [2024-09-29T08:56:10.444-0500] {dag.py:3239} INFO - Sync 1 DAGs
[2024-09-29T08:56:10.470-0500] {logging_mixin.py:190} INFO - [2024-09-29T08:56:10.469-0500] {dag.py:4180} INFO - Setting next_dagrun for example_task_group_decorator to None, run_after=None
[2024-09-29T08:56:10.529-0500] {processor.py:208} INFO - Processing /home/d-salamanca/airflow-env/lib/python3.12/site-packages/airflow/example_dags/example_task_group_decorator.py took 0.237 seconds
[2024-09-29T08:57:04.781-0500] {processor.py:186} INFO - Started process (PID=32161) to work on /home/d-salamanca/airflow-env/lib/python3.12/site-packages/airflow/example_dags/example_task_group_decorator.py
[2024-09-29T08:57:04.783-0500] {processor.py:914} INFO - Processing file /home/d-salamanca/airflow-env/lib/python3.12/site-packages/airflow/example_dags/example_task_group_decorator.py for tasks to queue
[2024-09-29T08:57:04.788-0500] {logging_mixin.py:190} INFO - [2024-09-29T08:57:04.787-0500] {dagbag.py:588} INFO - Filling up the DagBag from /home/d-salamanca/airflow-env/lib/python3.12/site-packages/airflow/example_dags/example_task_group_decorator.py
[2024-09-29T08:57:04.811-0500] {processor.py:925} INFO - DAG(s) 'example_task_group_decorator' retrieved from /home/d-salamanca/airflow-env/lib/python3.12/site-packages/airflow/example_dags/example_task_group_decorator.py
[2024-09-29T08:57:04.846-0500] {logging_mixin.py:190} INFO - [2024-09-29T08:57:04.845-0500] {dag.py:3239} INFO - Sync 1 DAGs
[2024-09-29T08:57:04.860-0500] {logging_mixin.py:190} INFO - [2024-09-29T08:57:04.860-0500] {dag.py:4180} INFO - Setting next_dagrun for example_task_group_decorator to None, run_after=None
[2024-09-29T08:57:04.918-0500] {processor.py:208} INFO - Processing /home/d-salamanca/airflow-env/lib/python3.12/site-packages/airflow/example_dags/example_task_group_decorator.py took 0.146 seconds
[2024-09-29T08:58:00.875-0500] {processor.py:186} INFO - Started process (PID=32203) to work on /home/d-salamanca/airflow-env/lib/python3.12/site-packages/airflow/example_dags/example_task_group_decorator.py
[2024-09-29T08:58:00.876-0500] {processor.py:914} INFO - Processing file /home/d-salamanca/airflow-env/lib/python3.12/site-packages/airflow/example_dags/example_task_group_decorator.py for tasks to queue
[2024-09-29T08:58:00.881-0500] {logging_mixin.py:190} INFO - [2024-09-29T08:58:00.880-0500] {dagbag.py:588} INFO - Filling up the DagBag from /home/d-salamanca/airflow-env/lib/python3.12/site-packages/airflow/example_dags/example_task_group_decorator.py
[2024-09-29T08:58:00.903-0500] {processor.py:925} INFO - DAG(s) 'example_task_group_decorator' retrieved from /home/d-salamanca/airflow-env/lib/python3.12/site-packages/airflow/example_dags/example_task_group_decorator.py
[2024-09-29T08:58:00.929-0500] {logging_mixin.py:190} INFO - [2024-09-29T08:58:00.928-0500] {dag.py:3239} INFO - Sync 1 DAGs
[2024-09-29T08:58:00.948-0500] {logging_mixin.py:190} INFO - [2024-09-29T08:58:00.947-0500] {dag.py:4180} INFO - Setting next_dagrun for example_task_group_decorator to None, run_after=None
[2024-09-29T08:58:01.023-0500] {processor.py:208} INFO - Processing /home/d-salamanca/airflow-env/lib/python3.12/site-packages/airflow/example_dags/example_task_group_decorator.py took 0.156 seconds
[2024-09-29T08:58:48.014-0500] {processor.py:186} INFO - Started process (PID=32241) to work on /home/d-salamanca/airflow-env/lib/python3.12/site-packages/airflow/example_dags/example_task_group_decorator.py
[2024-09-29T08:58:48.016-0500] {processor.py:914} INFO - Processing file /home/d-salamanca/airflow-env/lib/python3.12/site-packages/airflow/example_dags/example_task_group_decorator.py for tasks to queue
[2024-09-29T08:58:48.018-0500] {logging_mixin.py:190} INFO - [2024-09-29T08:58:48.018-0500] {dagbag.py:588} INFO - Filling up the DagBag from /home/d-salamanca/airflow-env/lib/python3.12/site-packages/airflow/example_dags/example_task_group_decorator.py
[2024-09-29T08:58:48.037-0500] {processor.py:925} INFO - DAG(s) 'example_task_group_decorator' retrieved from /home/d-salamanca/airflow-env/lib/python3.12/site-packages/airflow/example_dags/example_task_group_decorator.py
[2024-09-29T08:58:48.061-0500] {logging_mixin.py:190} INFO - [2024-09-29T08:58:48.060-0500] {dag.py:3239} INFO - Sync 1 DAGs
[2024-09-29T08:58:48.075-0500] {logging_mixin.py:190} INFO - [2024-09-29T08:58:48.075-0500] {dag.py:4180} INFO - Setting next_dagrun for example_task_group_decorator to None, run_after=None
[2024-09-29T08:58:48.312-0500] {processor.py:208} INFO - Processing /home/d-salamanca/airflow-env/lib/python3.12/site-packages/airflow/example_dags/example_task_group_decorator.py took 0.305 seconds
[2024-09-29T08:59:47.682-0500] {processor.py:186} INFO - Started process (PID=32449) to work on /home/d-salamanca/airflow-env/lib/python3.12/site-packages/airflow/example_dags/example_task_group_decorator.py
[2024-09-29T08:59:47.731-0500] {processor.py:914} INFO - Processing file /home/d-salamanca/airflow-env/lib/python3.12/site-packages/airflow/example_dags/example_task_group_decorator.py for tasks to queue
[2024-09-29T08:59:47.735-0500] {logging_mixin.py:190} INFO - [2024-09-29T08:59:47.734-0500] {dagbag.py:588} INFO - Filling up the DagBag from /home/d-salamanca/airflow-env/lib/python3.12/site-packages/airflow/example_dags/example_task_group_decorator.py
[2024-09-29T08:59:47.853-0500] {processor.py:925} INFO - DAG(s) 'example_task_group_decorator' retrieved from /home/d-salamanca/airflow-env/lib/python3.12/site-packages/airflow/example_dags/example_task_group_decorator.py
[2024-09-29T08:59:47.877-0500] {logging_mixin.py:190} INFO - [2024-09-29T08:59:47.876-0500] {dag.py:3239} INFO - Sync 1 DAGs
[2024-09-29T08:59:47.892-0500] {logging_mixin.py:190} INFO - [2024-09-29T08:59:47.891-0500] {dag.py:4180} INFO - Setting next_dagrun for example_task_group_decorator to None, run_after=None
[2024-09-29T08:59:48.151-0500] {processor.py:208} INFO - Processing /home/d-salamanca/airflow-env/lib/python3.12/site-packages/airflow/example_dags/example_task_group_decorator.py took 0.481 seconds
[2024-09-29T09:00:46.588-0500] {processor.py:186} INFO - Started process (PID=32544) to work on /home/d-salamanca/airflow-env/lib/python3.12/site-packages/airflow/example_dags/example_task_group_decorator.py
[2024-09-29T09:00:46.589-0500] {processor.py:914} INFO - Processing file /home/d-salamanca/airflow-env/lib/python3.12/site-packages/airflow/example_dags/example_task_group_decorator.py for tasks to queue
[2024-09-29T09:00:46.592-0500] {logging_mixin.py:190} INFO - [2024-09-29T09:00:46.591-0500] {dagbag.py:588} INFO - Filling up the DagBag from /home/d-salamanca/airflow-env/lib/python3.12/site-packages/airflow/example_dags/example_task_group_decorator.py
[2024-09-29T09:00:46.639-0500] {processor.py:925} INFO - DAG(s) 'example_task_group_decorator' retrieved from /home/d-salamanca/airflow-env/lib/python3.12/site-packages/airflow/example_dags/example_task_group_decorator.py
[2024-09-29T09:00:46.663-0500] {logging_mixin.py:190} INFO - [2024-09-29T09:00:46.662-0500] {dag.py:3239} INFO - Sync 1 DAGs
[2024-09-29T09:00:46.677-0500] {logging_mixin.py:190} INFO - [2024-09-29T09:00:46.677-0500] {dag.py:4180} INFO - Setting next_dagrun for example_task_group_decorator to None, run_after=None
[2024-09-29T09:00:46.714-0500] {processor.py:208} INFO - Processing /home/d-salamanca/airflow-env/lib/python3.12/site-packages/airflow/example_dags/example_task_group_decorator.py took 0.134 seconds
[2024-09-29T09:01:40.589-0500] {processor.py:186} INFO - Started process (PID=32583) to work on /home/d-salamanca/airflow-env/lib/python3.12/site-packages/airflow/example_dags/example_task_group_decorator.py
[2024-09-29T09:01:40.590-0500] {processor.py:914} INFO - Processing file /home/d-salamanca/airflow-env/lib/python3.12/site-packages/airflow/example_dags/example_task_group_decorator.py for tasks to queue
[2024-09-29T09:01:40.594-0500] {logging_mixin.py:190} INFO - [2024-09-29T09:01:40.593-0500] {dagbag.py:588} INFO - Filling up the DagBag from /home/d-salamanca/airflow-env/lib/python3.12/site-packages/airflow/example_dags/example_task_group_decorator.py
[2024-09-29T09:01:40.614-0500] {processor.py:925} INFO - DAG(s) 'example_task_group_decorator' retrieved from /home/d-salamanca/airflow-env/lib/python3.12/site-packages/airflow/example_dags/example_task_group_decorator.py
[2024-09-29T09:01:40.639-0500] {logging_mixin.py:190} INFO - [2024-09-29T09:01:40.639-0500] {dag.py:3239} INFO - Sync 1 DAGs
[2024-09-29T09:01:40.654-0500] {logging_mixin.py:190} INFO - [2024-09-29T09:01:40.654-0500] {dag.py:4180} INFO - Setting next_dagrun for example_task_group_decorator to None, run_after=None
[2024-09-29T09:01:40.691-0500] {processor.py:208} INFO - Processing /home/d-salamanca/airflow-env/lib/python3.12/site-packages/airflow/example_dags/example_task_group_decorator.py took 0.111 seconds
[2024-09-29T09:02:31.019-0500] {processor.py:186} INFO - Started process (PID=32623) to work on /home/d-salamanca/airflow-env/lib/python3.12/site-packages/airflow/example_dags/example_task_group_decorator.py
[2024-09-29T09:02:31.020-0500] {processor.py:914} INFO - Processing file /home/d-salamanca/airflow-env/lib/python3.12/site-packages/airflow/example_dags/example_task_group_decorator.py for tasks to queue
[2024-09-29T09:02:31.023-0500] {logging_mixin.py:190} INFO - [2024-09-29T09:02:31.022-0500] {dagbag.py:588} INFO - Filling up the DagBag from /home/d-salamanca/airflow-env/lib/python3.12/site-packages/airflow/example_dags/example_task_group_decorator.py
[2024-09-29T09:02:31.043-0500] {processor.py:925} INFO - DAG(s) 'example_task_group_decorator' retrieved from /home/d-salamanca/airflow-env/lib/python3.12/site-packages/airflow/example_dags/example_task_group_decorator.py
[2024-09-29T09:02:31.069-0500] {logging_mixin.py:190} INFO - [2024-09-29T09:02:31.069-0500] {dag.py:3239} INFO - Sync 1 DAGs
[2024-09-29T09:02:31.085-0500] {logging_mixin.py:190} INFO - [2024-09-29T09:02:31.085-0500] {dag.py:4180} INFO - Setting next_dagrun for example_task_group_decorator to None, run_after=None
[2024-09-29T09:02:31.166-0500] {processor.py:208} INFO - Processing /home/d-salamanca/airflow-env/lib/python3.12/site-packages/airflow/example_dags/example_task_group_decorator.py took 0.156 seconds
[2024-09-29T09:03:50.808-0500] {processor.py:186} INFO - Started process (PID=32693) to work on /home/d-salamanca/airflow-env/lib/python3.12/site-packages/airflow/example_dags/example_task_group_decorator.py
[2024-09-29T09:03:50.809-0500] {processor.py:914} INFO - Processing file /home/d-salamanca/airflow-env/lib/python3.12/site-packages/airflow/example_dags/example_task_group_decorator.py for tasks to queue
[2024-09-29T09:03:50.813-0500] {logging_mixin.py:190} INFO - [2024-09-29T09:03:50.813-0500] {dagbag.py:588} INFO - Filling up the DagBag from /home/d-salamanca/airflow-env/lib/python3.12/site-packages/airflow/example_dags/example_task_group_decorator.py
[2024-09-29T09:03:50.833-0500] {processor.py:925} INFO - DAG(s) 'example_task_group_decorator' retrieved from /home/d-salamanca/airflow-env/lib/python3.12/site-packages/airflow/example_dags/example_task_group_decorator.py
[2024-09-29T09:03:50.856-0500] {logging_mixin.py:190} INFO - [2024-09-29T09:03:50.856-0500] {dag.py:3239} INFO - Sync 1 DAGs
[2024-09-29T09:03:50.869-0500] {logging_mixin.py:190} INFO - [2024-09-29T09:03:50.869-0500] {dag.py:4180} INFO - Setting next_dagrun for example_task_group_decorator to None, run_after=None
[2024-09-29T09:03:50.899-0500] {processor.py:208} INFO - Processing /home/d-salamanca/airflow-env/lib/python3.12/site-packages/airflow/example_dags/example_task_group_decorator.py took 0.099 seconds
[2024-09-29T09:04:42.526-0500] {processor.py:186} INFO - Started process (PID=32818) to work on /home/d-salamanca/airflow-env/lib/python3.12/site-packages/airflow/example_dags/example_task_group_decorator.py
[2024-09-29T09:04:42.527-0500] {processor.py:914} INFO - Processing file /home/d-salamanca/airflow-env/lib/python3.12/site-packages/airflow/example_dags/example_task_group_decorator.py for tasks to queue
[2024-09-29T09:04:42.530-0500] {logging_mixin.py:190} INFO - [2024-09-29T09:04:42.529-0500] {dagbag.py:588} INFO - Filling up the DagBag from /home/d-salamanca/airflow-env/lib/python3.12/site-packages/airflow/example_dags/example_task_group_decorator.py
[2024-09-29T09:04:42.549-0500] {processor.py:925} INFO - DAG(s) 'example_task_group_decorator' retrieved from /home/d-salamanca/airflow-env/lib/python3.12/site-packages/airflow/example_dags/example_task_group_decorator.py
[2024-09-29T09:04:42.573-0500] {logging_mixin.py:190} INFO - [2024-09-29T09:04:42.573-0500] {dag.py:3239} INFO - Sync 1 DAGs
[2024-09-29T09:04:42.588-0500] {logging_mixin.py:190} INFO - [2024-09-29T09:04:42.588-0500] {dag.py:4180} INFO - Setting next_dagrun for example_task_group_decorator to None, run_after=None
[2024-09-29T09:04:42.911-0500] {processor.py:208} INFO - Processing /home/d-salamanca/airflow-env/lib/python3.12/site-packages/airflow/example_dags/example_task_group_decorator.py took 0.393 seconds
[2024-09-29T09:05:51.494-0500] {processor.py:186} INFO - Started process (PID=33045) to work on /home/d-salamanca/airflow-env/lib/python3.12/site-packages/airflow/example_dags/example_task_group_decorator.py
[2024-09-29T09:05:51.495-0500] {processor.py:914} INFO - Processing file /home/d-salamanca/airflow-env/lib/python3.12/site-packages/airflow/example_dags/example_task_group_decorator.py for tasks to queue
[2024-09-29T09:05:51.498-0500] {logging_mixin.py:190} INFO - [2024-09-29T09:05:51.497-0500] {dagbag.py:588} INFO - Filling up the DagBag from /home/d-salamanca/airflow-env/lib/python3.12/site-packages/airflow/example_dags/example_task_group_decorator.py
[2024-09-29T09:05:51.562-0500] {processor.py:925} INFO - DAG(s) 'example_task_group_decorator' retrieved from /home/d-salamanca/airflow-env/lib/python3.12/site-packages/airflow/example_dags/example_task_group_decorator.py
[2024-09-29T09:05:51.588-0500] {logging_mixin.py:190} INFO - [2024-09-29T09:05:51.588-0500] {dag.py:3239} INFO - Sync 1 DAGs
[2024-09-29T09:05:51.605-0500] {logging_mixin.py:190} INFO - [2024-09-29T09:05:51.605-0500] {dag.py:4180} INFO - Setting next_dagrun for example_task_group_decorator to None, run_after=None
[2024-09-29T09:05:51.702-0500] {processor.py:208} INFO - Processing /home/d-salamanca/airflow-env/lib/python3.12/site-packages/airflow/example_dags/example_task_group_decorator.py took 0.217 seconds
[2024-09-29T09:07:01.330-0500] {processor.py:186} INFO - Started process (PID=33086) to work on /home/d-salamanca/airflow-env/lib/python3.12/site-packages/airflow/example_dags/example_task_group_decorator.py
[2024-09-29T09:07:01.332-0500] {processor.py:914} INFO - Processing file /home/d-salamanca/airflow-env/lib/python3.12/site-packages/airflow/example_dags/example_task_group_decorator.py for tasks to queue
[2024-09-29T09:07:01.335-0500] {logging_mixin.py:190} INFO - [2024-09-29T09:07:01.335-0500] {dagbag.py:588} INFO - Filling up the DagBag from /home/d-salamanca/airflow-env/lib/python3.12/site-packages/airflow/example_dags/example_task_group_decorator.py
[2024-09-29T09:07:01.359-0500] {processor.py:925} INFO - DAG(s) 'example_task_group_decorator' retrieved from /home/d-salamanca/airflow-env/lib/python3.12/site-packages/airflow/example_dags/example_task_group_decorator.py
[2024-09-29T09:07:01.385-0500] {logging_mixin.py:190} INFO - [2024-09-29T09:07:01.385-0500] {dag.py:3239} INFO - Sync 1 DAGs
[2024-09-29T09:07:01.402-0500] {logging_mixin.py:190} INFO - [2024-09-29T09:07:01.401-0500] {dag.py:4180} INFO - Setting next_dagrun for example_task_group_decorator to None, run_after=None
[2024-09-29T09:07:01.435-0500] {processor.py:208} INFO - Processing /home/d-salamanca/airflow-env/lib/python3.12/site-packages/airflow/example_dags/example_task_group_decorator.py took 0.118 seconds
[2024-09-29T09:07:47.405-0500] {processor.py:186} INFO - Started process (PID=33130) to work on /home/d-salamanca/airflow-env/lib/python3.12/site-packages/airflow/example_dags/example_task_group_decorator.py
[2024-09-29T09:07:47.406-0500] {processor.py:914} INFO - Processing file /home/d-salamanca/airflow-env/lib/python3.12/site-packages/airflow/example_dags/example_task_group_decorator.py for tasks to queue
[2024-09-29T09:07:47.409-0500] {logging_mixin.py:190} INFO - [2024-09-29T09:07:47.409-0500] {dagbag.py:588} INFO - Filling up the DagBag from /home/d-salamanca/airflow-env/lib/python3.12/site-packages/airflow/example_dags/example_task_group_decorator.py
[2024-09-29T09:07:47.441-0500] {processor.py:925} INFO - DAG(s) 'example_task_group_decorator' retrieved from /home/d-salamanca/airflow-env/lib/python3.12/site-packages/airflow/example_dags/example_task_group_decorator.py
[2024-09-29T09:07:47.471-0500] {logging_mixin.py:190} INFO - [2024-09-29T09:07:47.470-0500] {dag.py:3239} INFO - Sync 1 DAGs
[2024-09-29T09:07:47.486-0500] {logging_mixin.py:190} INFO - [2024-09-29T09:07:47.485-0500] {dag.py:4180} INFO - Setting next_dagrun for example_task_group_decorator to None, run_after=None
[2024-09-29T09:07:47.533-0500] {processor.py:208} INFO - Processing /home/d-salamanca/airflow-env/lib/python3.12/site-packages/airflow/example_dags/example_task_group_decorator.py took 0.138 seconds
