[2024-09-28T23:59:39.649-0500] {processor.py:186} INFO - Started process (PID=25690) to work on /home/d-salamanca/airflow-env/lib/python3.12/site-packages/airflow/example_dags/example_python_operator.py
[2024-09-28T23:59:39.650-0500] {processor.py:914} INFO - Processing file /home/d-salamanca/airflow-env/lib/python3.12/site-packages/airflow/example_dags/example_python_operator.py for tasks to queue
[2024-09-28T23:59:39.653-0500] {logging_mixin.py:190} INFO - [2024-09-28T23:59:39.652-0500] {dagbag.py:588} INFO - Filling up the DagBag from /home/d-salamanca/airflow-env/lib/python3.12/site-packages/airflow/example_dags/example_python_operator.py
[2024-09-28T23:59:40.184-0500] {logging_mixin.py:190} INFO - [2024-09-28T23:59:40.184-0500] {example_python_operator.py:93} WARNING - The virtalenv_python example task requires virtualenv, please install it.
[2024-09-28T23:59:40.189-0500] {processor.py:925} INFO - DAG(s) 'example_python_operator' retrieved from /home/d-salamanca/airflow-env/lib/python3.12/site-packages/airflow/example_dags/example_python_operator.py
[2024-09-28T23:59:40.429-0500] {logging_mixin.py:190} INFO - [2024-09-28T23:59:40.428-0500] {override.py:1901} INFO - Created Permission View: can edit on DAG:example_python_operator
[2024-09-28T23:59:40.479-0500] {logging_mixin.py:190} INFO - [2024-09-28T23:59:40.478-0500] {override.py:1901} INFO - Created Permission View: can read on DAG:example_python_operator
[2024-09-28T23:59:40.495-0500] {logging_mixin.py:190} INFO - [2024-09-28T23:59:40.494-0500] {override.py:1901} INFO - Created Permission View: can delete on DAG:example_python_operator
[2024-09-28T23:59:40.552-0500] {logging_mixin.py:190} INFO - [2024-09-28T23:59:40.551-0500] {override.py:1901} INFO - Created Permission View: menu access on DAG Run:example_python_operator
[2024-09-28T23:59:40.588-0500] {logging_mixin.py:190} INFO - [2024-09-28T23:59:40.587-0500] {override.py:1901} INFO - Created Permission View: can read on DAG Run:example_python_operator
[2024-09-28T23:59:40.600-0500] {logging_mixin.py:190} INFO - [2024-09-28T23:59:40.600-0500] {override.py:1901} INFO - Created Permission View: can delete on DAG Run:example_python_operator
[2024-09-28T23:59:40.632-0500] {logging_mixin.py:190} INFO - [2024-09-28T23:59:40.631-0500] {override.py:1901} INFO - Created Permission View: can create on DAG Run:example_python_operator
[2024-09-28T23:59:40.632-0500] {logging_mixin.py:190} INFO - [2024-09-28T23:59:40.632-0500] {dag.py:3239} INFO - Sync 1 DAGs
[2024-09-28T23:59:40.647-0500] {logging_mixin.py:190} INFO - [2024-09-28T23:59:40.647-0500] {dag.py:3262} INFO - Creating ORM DAG for example_python_operator
[2024-09-28T23:59:40.648-0500] {logging_mixin.py:190} INFO - [2024-09-28T23:59:40.648-0500] {dag.py:4180} INFO - Setting next_dagrun for example_python_operator to None, run_after=None
[2024-09-28T23:59:40.720-0500] {processor.py:208} INFO - Processing /home/d-salamanca/airflow-env/lib/python3.12/site-packages/airflow/example_dags/example_python_operator.py took 1.079 seconds
[2024-09-29T00:19:06.415-0500] {processor.py:186} INFO - Started process (PID=28619) to work on /home/d-salamanca/airflow-env/lib/python3.12/site-packages/airflow/example_dags/example_python_operator.py
[2024-09-29T00:19:06.499-0500] {processor.py:914} INFO - Processing file /home/d-salamanca/airflow-env/lib/python3.12/site-packages/airflow/example_dags/example_python_operator.py for tasks to queue
[2024-09-29T00:19:06.504-0500] {logging_mixin.py:190} INFO - [2024-09-29T00:19:06.503-0500] {dagbag.py:588} INFO - Filling up the DagBag from /home/d-salamanca/airflow-env/lib/python3.12/site-packages/airflow/example_dags/example_python_operator.py
[2024-09-29T00:19:06.556-0500] {logging_mixin.py:190} INFO - [2024-09-29T00:19:06.556-0500] {example_python_operator.py:93} WARNING - The virtalenv_python example task requires virtualenv, please install it.
[2024-09-29T00:19:06.562-0500] {processor.py:925} INFO - DAG(s) 'example_python_operator' retrieved from /home/d-salamanca/airflow-env/lib/python3.12/site-packages/airflow/example_dags/example_python_operator.py
[2024-09-29T00:19:06.589-0500] {logging_mixin.py:190} INFO - [2024-09-29T00:19:06.589-0500] {dag.py:3239} INFO - Sync 1 DAGs
[2024-09-29T00:19:06.606-0500] {logging_mixin.py:190} INFO - [2024-09-29T00:19:06.606-0500] {dag.py:4180} INFO - Setting next_dagrun for example_python_operator to None, run_after=None
[2024-09-29T00:19:06.682-0500] {processor.py:208} INFO - Processing /home/d-salamanca/airflow-env/lib/python3.12/site-packages/airflow/example_dags/example_python_operator.py took 0.274 seconds
[2024-09-29T00:20:34.648-0500] {processor.py:186} INFO - Started process (PID=28695) to work on /home/d-salamanca/airflow-env/lib/python3.12/site-packages/airflow/example_dags/example_python_operator.py
[2024-09-29T00:20:34.661-0500] {processor.py:914} INFO - Processing file /home/d-salamanca/airflow-env/lib/python3.12/site-packages/airflow/example_dags/example_python_operator.py for tasks to queue
[2024-09-29T00:20:34.668-0500] {logging_mixin.py:190} INFO - [2024-09-29T00:20:34.667-0500] {dagbag.py:588} INFO - Filling up the DagBag from /home/d-salamanca/airflow-env/lib/python3.12/site-packages/airflow/example_dags/example_python_operator.py
[2024-09-29T00:20:34.679-0500] {logging_mixin.py:190} INFO - [2024-09-29T00:20:34.679-0500] {example_python_operator.py:93} WARNING - The virtalenv_python example task requires virtualenv, please install it.
[2024-09-29T00:20:34.683-0500] {processor.py:925} INFO - DAG(s) 'example_python_operator' retrieved from /home/d-salamanca/airflow-env/lib/python3.12/site-packages/airflow/example_dags/example_python_operator.py
[2024-09-29T00:20:34.712-0500] {logging_mixin.py:190} INFO - [2024-09-29T00:20:34.712-0500] {dag.py:3239} INFO - Sync 1 DAGs
[2024-09-29T00:20:34.737-0500] {logging_mixin.py:190} INFO - [2024-09-29T00:20:34.736-0500] {dag.py:4180} INFO - Setting next_dagrun for example_python_operator to None, run_after=None
[2024-09-29T00:20:34.780-0500] {processor.py:208} INFO - Processing /home/d-salamanca/airflow-env/lib/python3.12/site-packages/airflow/example_dags/example_python_operator.py took 0.142 seconds
[2024-09-29T00:22:17.664-0500] {processor.py:186} INFO - Started process (PID=28768) to work on /home/d-salamanca/airflow-env/lib/python3.12/site-packages/airflow/example_dags/example_python_operator.py
[2024-09-29T00:22:17.698-0500] {processor.py:914} INFO - Processing file /home/d-salamanca/airflow-env/lib/python3.12/site-packages/airflow/example_dags/example_python_operator.py for tasks to queue
[2024-09-29T00:22:17.703-0500] {logging_mixin.py:190} INFO - [2024-09-29T00:22:17.702-0500] {dagbag.py:588} INFO - Filling up the DagBag from /home/d-salamanca/airflow-env/lib/python3.12/site-packages/airflow/example_dags/example_python_operator.py
[2024-09-29T00:22:17.713-0500] {logging_mixin.py:190} INFO - [2024-09-29T00:22:17.712-0500] {example_python_operator.py:93} WARNING - The virtalenv_python example task requires virtualenv, please install it.
[2024-09-29T00:22:17.715-0500] {processor.py:925} INFO - DAG(s) 'example_python_operator' retrieved from /home/d-salamanca/airflow-env/lib/python3.12/site-packages/airflow/example_dags/example_python_operator.py
[2024-09-29T00:22:17.735-0500] {logging_mixin.py:190} INFO - [2024-09-29T00:22:17.735-0500] {dag.py:3239} INFO - Sync 1 DAGs
[2024-09-29T00:22:17.750-0500] {logging_mixin.py:190} INFO - [2024-09-29T00:22:17.750-0500] {dag.py:4180} INFO - Setting next_dagrun for example_python_operator to None, run_after=None
[2024-09-29T00:22:17.921-0500] {processor.py:208} INFO - Processing /home/d-salamanca/airflow-env/lib/python3.12/site-packages/airflow/example_dags/example_python_operator.py took 0.265 seconds
[2024-09-29T00:23:45.012-0500] {processor.py:186} INFO - Started process (PID=28839) to work on /home/d-salamanca/airflow-env/lib/python3.12/site-packages/airflow/example_dags/example_python_operator.py
[2024-09-29T00:23:45.028-0500] {processor.py:914} INFO - Processing file /home/d-salamanca/airflow-env/lib/python3.12/site-packages/airflow/example_dags/example_python_operator.py for tasks to queue
[2024-09-29T00:23:45.031-0500] {logging_mixin.py:190} INFO - [2024-09-29T00:23:45.031-0500] {dagbag.py:588} INFO - Filling up the DagBag from /home/d-salamanca/airflow-env/lib/python3.12/site-packages/airflow/example_dags/example_python_operator.py
[2024-09-29T00:23:45.040-0500] {logging_mixin.py:190} INFO - [2024-09-29T00:23:45.040-0500] {example_python_operator.py:93} WARNING - The virtalenv_python example task requires virtualenv, please install it.
[2024-09-29T00:23:45.043-0500] {processor.py:925} INFO - DAG(s) 'example_python_operator' retrieved from /home/d-salamanca/airflow-env/lib/python3.12/site-packages/airflow/example_dags/example_python_operator.py
[2024-09-29T00:23:45.065-0500] {logging_mixin.py:190} INFO - [2024-09-29T00:23:45.064-0500] {dag.py:3239} INFO - Sync 1 DAGs
[2024-09-29T00:23:45.079-0500] {logging_mixin.py:190} INFO - [2024-09-29T00:23:45.079-0500] {dag.py:4180} INFO - Setting next_dagrun for example_python_operator to None, run_after=None
[2024-09-29T00:23:45.112-0500] {processor.py:208} INFO - Processing /home/d-salamanca/airflow-env/lib/python3.12/site-packages/airflow/example_dags/example_python_operator.py took 0.108 seconds
[2024-09-29T00:25:03.929-0500] {processor.py:186} INFO - Started process (PID=28911) to work on /home/d-salamanca/airflow-env/lib/python3.12/site-packages/airflow/example_dags/example_python_operator.py
[2024-09-29T00:25:03.932-0500] {processor.py:914} INFO - Processing file /home/d-salamanca/airflow-env/lib/python3.12/site-packages/airflow/example_dags/example_python_operator.py for tasks to queue
[2024-09-29T00:25:03.937-0500] {logging_mixin.py:190} INFO - [2024-09-29T00:25:03.936-0500] {dagbag.py:588} INFO - Filling up the DagBag from /home/d-salamanca/airflow-env/lib/python3.12/site-packages/airflow/example_dags/example_python_operator.py
[2024-09-29T00:25:03.950-0500] {logging_mixin.py:190} INFO - [2024-09-29T00:25:03.950-0500] {example_python_operator.py:93} WARNING - The virtalenv_python example task requires virtualenv, please install it.
[2024-09-29T00:25:03.955-0500] {processor.py:925} INFO - DAG(s) 'example_python_operator' retrieved from /home/d-salamanca/airflow-env/lib/python3.12/site-packages/airflow/example_dags/example_python_operator.py
[2024-09-29T00:25:03.984-0500] {logging_mixin.py:190} INFO - [2024-09-29T00:25:03.984-0500] {dag.py:3239} INFO - Sync 1 DAGs
[2024-09-29T00:25:04.002-0500] {logging_mixin.py:190} INFO - [2024-09-29T00:25:04.002-0500] {dag.py:4180} INFO - Setting next_dagrun for example_python_operator to None, run_after=None
[2024-09-29T00:25:04.067-0500] {processor.py:208} INFO - Processing /home/d-salamanca/airflow-env/lib/python3.12/site-packages/airflow/example_dags/example_python_operator.py took 0.146 seconds
[2024-09-29T00:26:44.676-0500] {processor.py:186} INFO - Started process (PID=28998) to work on /home/d-salamanca/airflow-env/lib/python3.12/site-packages/airflow/example_dags/example_python_operator.py
[2024-09-29T00:26:44.678-0500] {processor.py:914} INFO - Processing file /home/d-salamanca/airflow-env/lib/python3.12/site-packages/airflow/example_dags/example_python_operator.py for tasks to queue
[2024-09-29T00:26:44.683-0500] {logging_mixin.py:190} INFO - [2024-09-29T00:26:44.682-0500] {dagbag.py:588} INFO - Filling up the DagBag from /home/d-salamanca/airflow-env/lib/python3.12/site-packages/airflow/example_dags/example_python_operator.py
[2024-09-29T00:26:44.693-0500] {logging_mixin.py:190} INFO - [2024-09-29T00:26:44.693-0500] {example_python_operator.py:93} WARNING - The virtalenv_python example task requires virtualenv, please install it.
[2024-09-29T00:26:44.698-0500] {processor.py:925} INFO - DAG(s) 'example_python_operator' retrieved from /home/d-salamanca/airflow-env/lib/python3.12/site-packages/airflow/example_dags/example_python_operator.py
[2024-09-29T00:26:44.725-0500] {logging_mixin.py:190} INFO - [2024-09-29T00:26:44.725-0500] {dag.py:3239} INFO - Sync 1 DAGs
[2024-09-29T00:26:44.748-0500] {logging_mixin.py:190} INFO - [2024-09-29T00:26:44.748-0500] {dag.py:4180} INFO - Setting next_dagrun for example_python_operator to None, run_after=None
[2024-09-29T00:26:44.819-0500] {processor.py:208} INFO - Processing /home/d-salamanca/airflow-env/lib/python3.12/site-packages/airflow/example_dags/example_python_operator.py took 0.152 seconds
[2024-09-29T00:28:26.686-0500] {processor.py:186} INFO - Started process (PID=29152) to work on /home/d-salamanca/airflow-env/lib/python3.12/site-packages/airflow/example_dags/example_python_operator.py
[2024-09-29T00:28:26.716-0500] {processor.py:914} INFO - Processing file /home/d-salamanca/airflow-env/lib/python3.12/site-packages/airflow/example_dags/example_python_operator.py for tasks to queue
[2024-09-29T00:28:26.722-0500] {logging_mixin.py:190} INFO - [2024-09-29T00:28:26.721-0500] {dagbag.py:588} INFO - Filling up the DagBag from /home/d-salamanca/airflow-env/lib/python3.12/site-packages/airflow/example_dags/example_python_operator.py
[2024-09-29T00:28:26.733-0500] {logging_mixin.py:190} INFO - [2024-09-29T00:28:26.732-0500] {example_python_operator.py:93} WARNING - The virtalenv_python example task requires virtualenv, please install it.
[2024-09-29T00:28:26.736-0500] {processor.py:925} INFO - DAG(s) 'example_python_operator' retrieved from /home/d-salamanca/airflow-env/lib/python3.12/site-packages/airflow/example_dags/example_python_operator.py
[2024-09-29T00:28:26.760-0500] {logging_mixin.py:190} INFO - [2024-09-29T00:28:26.760-0500] {dag.py:3239} INFO - Sync 1 DAGs
[2024-09-29T00:28:26.777-0500] {logging_mixin.py:190} INFO - [2024-09-29T00:28:26.777-0500] {dag.py:4180} INFO - Setting next_dagrun for example_python_operator to None, run_after=None
[2024-09-29T00:28:26.838-0500] {processor.py:208} INFO - Processing /home/d-salamanca/airflow-env/lib/python3.12/site-packages/airflow/example_dags/example_python_operator.py took 0.160 seconds
[2024-09-29T00:30:51.542-0500] {processor.py:186} INFO - Started process (PID=29289) to work on /home/d-salamanca/airflow-env/lib/python3.12/site-packages/airflow/example_dags/example_python_operator.py
[2024-09-29T00:30:51.553-0500] {processor.py:914} INFO - Processing file /home/d-salamanca/airflow-env/lib/python3.12/site-packages/airflow/example_dags/example_python_operator.py for tasks to queue
[2024-09-29T00:30:51.556-0500] {logging_mixin.py:190} INFO - [2024-09-29T00:30:51.556-0500] {dagbag.py:588} INFO - Filling up the DagBag from /home/d-salamanca/airflow-env/lib/python3.12/site-packages/airflow/example_dags/example_python_operator.py
[2024-09-29T00:30:51.701-0500] {logging_mixin.py:190} INFO - [2024-09-29T00:30:51.701-0500] {example_python_operator.py:93} WARNING - The virtalenv_python example task requires virtualenv, please install it.
[2024-09-29T00:30:51.709-0500] {processor.py:925} INFO - DAG(s) 'example_python_operator' retrieved from /home/d-salamanca/airflow-env/lib/python3.12/site-packages/airflow/example_dags/example_python_operator.py
[2024-09-29T00:30:51.734-0500] {logging_mixin.py:190} INFO - [2024-09-29T00:30:51.733-0500] {dag.py:3239} INFO - Sync 1 DAGs
[2024-09-29T00:30:51.749-0500] {logging_mixin.py:190} INFO - [2024-09-29T00:30:51.748-0500] {dag.py:4180} INFO - Setting next_dagrun for example_python_operator to None, run_after=None
[2024-09-29T00:30:51.809-0500] {processor.py:208} INFO - Processing /home/d-salamanca/airflow-env/lib/python3.12/site-packages/airflow/example_dags/example_python_operator.py took 0.276 seconds
[2024-09-29T00:31:58.358-0500] {processor.py:186} INFO - Started process (PID=29338) to work on /home/d-salamanca/airflow-env/lib/python3.12/site-packages/airflow/example_dags/example_python_operator.py
[2024-09-29T00:31:58.359-0500] {processor.py:914} INFO - Processing file /home/d-salamanca/airflow-env/lib/python3.12/site-packages/airflow/example_dags/example_python_operator.py for tasks to queue
[2024-09-29T00:31:58.361-0500] {logging_mixin.py:190} INFO - [2024-09-29T00:31:58.361-0500] {dagbag.py:588} INFO - Filling up the DagBag from /home/d-salamanca/airflow-env/lib/python3.12/site-packages/airflow/example_dags/example_python_operator.py
[2024-09-29T00:31:58.370-0500] {logging_mixin.py:190} INFO - [2024-09-29T00:31:58.369-0500] {example_python_operator.py:93} WARNING - The virtalenv_python example task requires virtualenv, please install it.
[2024-09-29T00:31:58.373-0500] {processor.py:925} INFO - DAG(s) 'example_python_operator' retrieved from /home/d-salamanca/airflow-env/lib/python3.12/site-packages/airflow/example_dags/example_python_operator.py
[2024-09-29T00:31:58.393-0500] {logging_mixin.py:190} INFO - [2024-09-29T00:31:58.393-0500] {dag.py:3239} INFO - Sync 1 DAGs
[2024-09-29T00:31:58.408-0500] {logging_mixin.py:190} INFO - [2024-09-29T00:31:58.407-0500] {dag.py:4180} INFO - Setting next_dagrun for example_python_operator to None, run_after=None
[2024-09-29T00:31:58.469-0500] {processor.py:208} INFO - Processing /home/d-salamanca/airflow-env/lib/python3.12/site-packages/airflow/example_dags/example_python_operator.py took 0.119 seconds
[2024-09-29T00:33:17.166-0500] {processor.py:186} INFO - Started process (PID=29417) to work on /home/d-salamanca/airflow-env/lib/python3.12/site-packages/airflow/example_dags/example_python_operator.py
[2024-09-29T00:33:17.192-0500] {processor.py:914} INFO - Processing file /home/d-salamanca/airflow-env/lib/python3.12/site-packages/airflow/example_dags/example_python_operator.py for tasks to queue
[2024-09-29T00:33:17.198-0500] {logging_mixin.py:190} INFO - [2024-09-29T00:33:17.197-0500] {dagbag.py:588} INFO - Filling up the DagBag from /home/d-salamanca/airflow-env/lib/python3.12/site-packages/airflow/example_dags/example_python_operator.py
[2024-09-29T00:33:17.337-0500] {logging_mixin.py:190} INFO - [2024-09-29T00:33:17.336-0500] {example_python_operator.py:93} WARNING - The virtalenv_python example task requires virtualenv, please install it.
[2024-09-29T00:33:17.342-0500] {processor.py:925} INFO - DAG(s) 'example_python_operator' retrieved from /home/d-salamanca/airflow-env/lib/python3.12/site-packages/airflow/example_dags/example_python_operator.py
[2024-09-29T00:33:17.362-0500] {logging_mixin.py:190} INFO - [2024-09-29T00:33:17.362-0500] {dag.py:3239} INFO - Sync 1 DAGs
[2024-09-29T00:33:17.378-0500] {logging_mixin.py:190} INFO - [2024-09-29T00:33:17.377-0500] {dag.py:4180} INFO - Setting next_dagrun for example_python_operator to None, run_after=None
[2024-09-29T00:33:17.436-0500] {processor.py:208} INFO - Processing /home/d-salamanca/airflow-env/lib/python3.12/site-packages/airflow/example_dags/example_python_operator.py took 0.278 seconds
[2024-09-29T00:34:45.181-0500] {processor.py:186} INFO - Started process (PID=29516) to work on /home/d-salamanca/airflow-env/lib/python3.12/site-packages/airflow/example_dags/example_python_operator.py
[2024-09-29T00:34:45.182-0500] {processor.py:914} INFO - Processing file /home/d-salamanca/airflow-env/lib/python3.12/site-packages/airflow/example_dags/example_python_operator.py for tasks to queue
[2024-09-29T00:34:45.185-0500] {logging_mixin.py:190} INFO - [2024-09-29T00:34:45.184-0500] {dagbag.py:588} INFO - Filling up the DagBag from /home/d-salamanca/airflow-env/lib/python3.12/site-packages/airflow/example_dags/example_python_operator.py
[2024-09-29T00:34:45.202-0500] {logging_mixin.py:190} INFO - [2024-09-29T00:34:45.202-0500] {example_python_operator.py:93} WARNING - The virtalenv_python example task requires virtualenv, please install it.
[2024-09-29T00:34:45.206-0500] {processor.py:925} INFO - DAG(s) 'example_python_operator' retrieved from /home/d-salamanca/airflow-env/lib/python3.12/site-packages/airflow/example_dags/example_python_operator.py
[2024-09-29T00:34:45.226-0500] {logging_mixin.py:190} INFO - [2024-09-29T00:34:45.226-0500] {dag.py:3239} INFO - Sync 1 DAGs
[2024-09-29T00:34:45.241-0500] {logging_mixin.py:190} INFO - [2024-09-29T00:34:45.241-0500] {dag.py:4180} INFO - Setting next_dagrun for example_python_operator to None, run_after=None
[2024-09-29T00:34:45.292-0500] {processor.py:208} INFO - Processing /home/d-salamanca/airflow-env/lib/python3.12/site-packages/airflow/example_dags/example_python_operator.py took 0.119 seconds
[2024-09-29T08:20:25.366-0500] {processor.py:186} INFO - Started process (PID=29773) to work on /home/d-salamanca/airflow-env/lib/python3.12/site-packages/airflow/example_dags/example_python_operator.py
[2024-09-29T08:20:25.368-0500] {processor.py:914} INFO - Processing file /home/d-salamanca/airflow-env/lib/python3.12/site-packages/airflow/example_dags/example_python_operator.py for tasks to queue
[2024-09-29T08:20:25.370-0500] {logging_mixin.py:190} INFO - [2024-09-29T08:20:25.370-0500] {dagbag.py:588} INFO - Filling up the DagBag from /home/d-salamanca/airflow-env/lib/python3.12/site-packages/airflow/example_dags/example_python_operator.py
[2024-09-29T08:20:25.408-0500] {logging_mixin.py:190} INFO - [2024-09-29T08:20:25.408-0500] {example_python_operator.py:93} WARNING - The virtalenv_python example task requires virtualenv, please install it.
[2024-09-29T08:20:25.411-0500] {processor.py:925} INFO - DAG(s) 'example_python_operator' retrieved from /home/d-salamanca/airflow-env/lib/python3.12/site-packages/airflow/example_dags/example_python_operator.py
[2024-09-29T08:20:25.432-0500] {logging_mixin.py:190} INFO - [2024-09-29T08:20:25.431-0500] {dag.py:3239} INFO - Sync 1 DAGs
[2024-09-29T08:20:25.446-0500] {logging_mixin.py:190} INFO - [2024-09-29T08:20:25.446-0500] {dag.py:4180} INFO - Setting next_dagrun for example_python_operator to None, run_after=None
[2024-09-29T08:20:25.483-0500] {processor.py:208} INFO - Processing /home/d-salamanca/airflow-env/lib/python3.12/site-packages/airflow/example_dags/example_python_operator.py took 0.127 seconds
[2024-09-29T08:22:27.916-0500] {processor.py:186} INFO - Started process (PID=29881) to work on /home/d-salamanca/airflow-env/lib/python3.12/site-packages/airflow/example_dags/example_python_operator.py
[2024-09-29T08:22:27.939-0500] {processor.py:914} INFO - Processing file /home/d-salamanca/airflow-env/lib/python3.12/site-packages/airflow/example_dags/example_python_operator.py for tasks to queue
[2024-09-29T08:22:27.947-0500] {logging_mixin.py:190} INFO - [2024-09-29T08:22:27.945-0500] {dagbag.py:588} INFO - Filling up the DagBag from /home/d-salamanca/airflow-env/lib/python3.12/site-packages/airflow/example_dags/example_python_operator.py
[2024-09-29T08:22:28.166-0500] {logging_mixin.py:190} INFO - [2024-09-29T08:22:28.166-0500] {example_python_operator.py:93} WARNING - The virtalenv_python example task requires virtualenv, please install it.
[2024-09-29T08:22:28.174-0500] {processor.py:925} INFO - DAG(s) 'example_python_operator' retrieved from /home/d-salamanca/airflow-env/lib/python3.12/site-packages/airflow/example_dags/example_python_operator.py
[2024-09-29T08:22:28.199-0500] {logging_mixin.py:190} INFO - [2024-09-29T08:22:28.199-0500] {dag.py:3239} INFO - Sync 1 DAGs
[2024-09-29T08:22:28.214-0500] {logging_mixin.py:190} INFO - [2024-09-29T08:22:28.214-0500] {dag.py:4180} INFO - Setting next_dagrun for example_python_operator to None, run_after=None
[2024-09-29T08:22:28.280-0500] {processor.py:208} INFO - Processing /home/d-salamanca/airflow-env/lib/python3.12/site-packages/airflow/example_dags/example_python_operator.py took 0.373 seconds
[2024-09-29T08:24:02.767-0500] {processor.py:186} INFO - Started process (PID=29955) to work on /home/d-salamanca/airflow-env/lib/python3.12/site-packages/airflow/example_dags/example_python_operator.py
[2024-09-29T08:24:02.803-0500] {processor.py:914} INFO - Processing file /home/d-salamanca/airflow-env/lib/python3.12/site-packages/airflow/example_dags/example_python_operator.py for tasks to queue
[2024-09-29T08:24:02.810-0500] {logging_mixin.py:190} INFO - [2024-09-29T08:24:02.808-0500] {dagbag.py:588} INFO - Filling up the DagBag from /home/d-salamanca/airflow-env/lib/python3.12/site-packages/airflow/example_dags/example_python_operator.py
[2024-09-29T08:24:02.823-0500] {logging_mixin.py:190} INFO - [2024-09-29T08:24:02.823-0500] {example_python_operator.py:93} WARNING - The virtalenv_python example task requires virtualenv, please install it.
[2024-09-29T08:24:02.827-0500] {processor.py:925} INFO - DAG(s) 'example_python_operator' retrieved from /home/d-salamanca/airflow-env/lib/python3.12/site-packages/airflow/example_dags/example_python_operator.py
[2024-09-29T08:24:02.847-0500] {logging_mixin.py:190} INFO - [2024-09-29T08:24:02.847-0500] {dag.py:3239} INFO - Sync 1 DAGs
[2024-09-29T08:24:02.861-0500] {logging_mixin.py:190} INFO - [2024-09-29T08:24:02.861-0500] {dag.py:4180} INFO - Setting next_dagrun for example_python_operator to None, run_after=None
[2024-09-29T08:24:02.991-0500] {processor.py:208} INFO - Processing /home/d-salamanca/airflow-env/lib/python3.12/site-packages/airflow/example_dags/example_python_operator.py took 0.231 seconds
[2024-09-29T08:25:24.319-0500] {processor.py:186} INFO - Started process (PID=30059) to work on /home/d-salamanca/airflow-env/lib/python3.12/site-packages/airflow/example_dags/example_python_operator.py
[2024-09-29T08:25:24.334-0500] {processor.py:914} INFO - Processing file /home/d-salamanca/airflow-env/lib/python3.12/site-packages/airflow/example_dags/example_python_operator.py for tasks to queue
[2024-09-29T08:25:24.338-0500] {logging_mixin.py:190} INFO - [2024-09-29T08:25:24.337-0500] {dagbag.py:588} INFO - Filling up the DagBag from /home/d-salamanca/airflow-env/lib/python3.12/site-packages/airflow/example_dags/example_python_operator.py
[2024-09-29T08:25:24.348-0500] {logging_mixin.py:190} INFO - [2024-09-29T08:25:24.347-0500] {example_python_operator.py:93} WARNING - The virtalenv_python example task requires virtualenv, please install it.
[2024-09-29T08:25:24.351-0500] {processor.py:925} INFO - DAG(s) 'example_python_operator' retrieved from /home/d-salamanca/airflow-env/lib/python3.12/site-packages/airflow/example_dags/example_python_operator.py
[2024-09-29T08:25:24.370-0500] {logging_mixin.py:190} INFO - [2024-09-29T08:25:24.370-0500] {dag.py:3239} INFO - Sync 1 DAGs
[2024-09-29T08:25:24.385-0500] {logging_mixin.py:190} INFO - [2024-09-29T08:25:24.384-0500] {dag.py:4180} INFO - Setting next_dagrun for example_python_operator to None, run_after=None
[2024-09-29T08:25:24.411-0500] {processor.py:208} INFO - Processing /home/d-salamanca/airflow-env/lib/python3.12/site-packages/airflow/example_dags/example_python_operator.py took 0.099 seconds
[2024-09-29T08:26:50.723-0500] {processor.py:186} INFO - Started process (PID=30128) to work on /home/d-salamanca/airflow-env/lib/python3.12/site-packages/airflow/example_dags/example_python_operator.py
[2024-09-29T08:26:50.755-0500] {processor.py:914} INFO - Processing file /home/d-salamanca/airflow-env/lib/python3.12/site-packages/airflow/example_dags/example_python_operator.py for tasks to queue
[2024-09-29T08:26:50.758-0500] {logging_mixin.py:190} INFO - [2024-09-29T08:26:50.757-0500] {dagbag.py:588} INFO - Filling up the DagBag from /home/d-salamanca/airflow-env/lib/python3.12/site-packages/airflow/example_dags/example_python_operator.py
[2024-09-29T08:26:50.809-0500] {logging_mixin.py:190} INFO - [2024-09-29T08:26:50.808-0500] {example_python_operator.py:93} WARNING - The virtalenv_python example task requires virtualenv, please install it.
[2024-09-29T08:26:50.812-0500] {processor.py:925} INFO - DAG(s) 'example_python_operator' retrieved from /home/d-salamanca/airflow-env/lib/python3.12/site-packages/airflow/example_dags/example_python_operator.py
[2024-09-29T08:26:50.832-0500] {logging_mixin.py:190} INFO - [2024-09-29T08:26:50.831-0500] {dag.py:3239} INFO - Sync 1 DAGs
[2024-09-29T08:26:50.847-0500] {logging_mixin.py:190} INFO - [2024-09-29T08:26:50.847-0500] {dag.py:4180} INFO - Setting next_dagrun for example_python_operator to None, run_after=None
[2024-09-29T08:26:50.988-0500] {processor.py:208} INFO - Processing /home/d-salamanca/airflow-env/lib/python3.12/site-packages/airflow/example_dags/example_python_operator.py took 0.275 seconds
[2024-09-29T08:28:04.904-0500] {processor.py:186} INFO - Started process (PID=30195) to work on /home/d-salamanca/airflow-env/lib/python3.12/site-packages/airflow/example_dags/example_python_operator.py
[2024-09-29T08:28:04.906-0500] {processor.py:914} INFO - Processing file /home/d-salamanca/airflow-env/lib/python3.12/site-packages/airflow/example_dags/example_python_operator.py for tasks to queue
[2024-09-29T08:28:04.909-0500] {logging_mixin.py:190} INFO - [2024-09-29T08:28:04.908-0500] {dagbag.py:588} INFO - Filling up the DagBag from /home/d-salamanca/airflow-env/lib/python3.12/site-packages/airflow/example_dags/example_python_operator.py
[2024-09-29T08:28:04.919-0500] {logging_mixin.py:190} INFO - [2024-09-29T08:28:04.919-0500] {example_python_operator.py:93} WARNING - The virtalenv_python example task requires virtualenv, please install it.
[2024-09-29T08:28:04.922-0500] {processor.py:925} INFO - DAG(s) 'example_python_operator' retrieved from /home/d-salamanca/airflow-env/lib/python3.12/site-packages/airflow/example_dags/example_python_operator.py
[2024-09-29T08:28:04.943-0500] {logging_mixin.py:190} INFO - [2024-09-29T08:28:04.943-0500] {dag.py:3239} INFO - Sync 1 DAGs
[2024-09-29T08:28:04.958-0500] {logging_mixin.py:190} INFO - [2024-09-29T08:28:04.957-0500] {dag.py:4180} INFO - Setting next_dagrun for example_python_operator to None, run_after=None
[2024-09-29T08:28:05.016-0500] {processor.py:208} INFO - Processing /home/d-salamanca/airflow-env/lib/python3.12/site-packages/airflow/example_dags/example_python_operator.py took 0.120 seconds
[2024-09-29T08:29:24.823-0500] {processor.py:186} INFO - Started process (PID=30265) to work on /home/d-salamanca/airflow-env/lib/python3.12/site-packages/airflow/example_dags/example_python_operator.py
[2024-09-29T08:29:24.847-0500] {processor.py:914} INFO - Processing file /home/d-salamanca/airflow-env/lib/python3.12/site-packages/airflow/example_dags/example_python_operator.py for tasks to queue
[2024-09-29T08:29:24.850-0500] {logging_mixin.py:190} INFO - [2024-09-29T08:29:24.850-0500] {dagbag.py:588} INFO - Filling up the DagBag from /home/d-salamanca/airflow-env/lib/python3.12/site-packages/airflow/example_dags/example_python_operator.py
[2024-09-29T08:29:24.861-0500] {logging_mixin.py:190} INFO - [2024-09-29T08:29:24.861-0500] {example_python_operator.py:93} WARNING - The virtalenv_python example task requires virtualenv, please install it.
[2024-09-29T08:29:24.865-0500] {processor.py:925} INFO - DAG(s) 'example_python_operator' retrieved from /home/d-salamanca/airflow-env/lib/python3.12/site-packages/airflow/example_dags/example_python_operator.py
[2024-09-29T08:29:24.886-0500] {logging_mixin.py:190} INFO - [2024-09-29T08:29:24.886-0500] {dag.py:3239} INFO - Sync 1 DAGs
[2024-09-29T08:29:24.901-0500] {logging_mixin.py:190} INFO - [2024-09-29T08:29:24.900-0500] {dag.py:4180} INFO - Setting next_dagrun for example_python_operator to None, run_after=None
[2024-09-29T08:29:24.982-0500] {processor.py:208} INFO - Processing /home/d-salamanca/airflow-env/lib/python3.12/site-packages/airflow/example_dags/example_python_operator.py took 0.167 seconds
[2024-09-29T08:30:57.037-0500] {processor.py:186} INFO - Started process (PID=30343) to work on /home/d-salamanca/airflow-env/lib/python3.12/site-packages/airflow/example_dags/example_python_operator.py
[2024-09-29T08:30:57.039-0500] {processor.py:914} INFO - Processing file /home/d-salamanca/airflow-env/lib/python3.12/site-packages/airflow/example_dags/example_python_operator.py for tasks to queue
[2024-09-29T08:30:57.042-0500] {logging_mixin.py:190} INFO - [2024-09-29T08:30:57.041-0500] {dagbag.py:588} INFO - Filling up the DagBag from /home/d-salamanca/airflow-env/lib/python3.12/site-packages/airflow/example_dags/example_python_operator.py
[2024-09-29T08:30:57.050-0500] {logging_mixin.py:190} INFO - [2024-09-29T08:30:57.050-0500] {example_python_operator.py:93} WARNING - The virtalenv_python example task requires virtualenv, please install it.
[2024-09-29T08:30:57.054-0500] {processor.py:925} INFO - DAG(s) 'example_python_operator' retrieved from /home/d-salamanca/airflow-env/lib/python3.12/site-packages/airflow/example_dags/example_python_operator.py
[2024-09-29T08:30:57.077-0500] {logging_mixin.py:190} INFO - [2024-09-29T08:30:57.076-0500] {dag.py:3239} INFO - Sync 1 DAGs
[2024-09-29T08:30:57.098-0500] {logging_mixin.py:190} INFO - [2024-09-29T08:30:57.098-0500] {dag.py:4180} INFO - Setting next_dagrun for example_python_operator to None, run_after=None
[2024-09-29T08:30:57.163-0500] {processor.py:208} INFO - Processing /home/d-salamanca/airflow-env/lib/python3.12/site-packages/airflow/example_dags/example_python_operator.py took 0.134 seconds
[2024-09-29T08:32:33.167-0500] {processor.py:186} INFO - Started process (PID=30427) to work on /home/d-salamanca/airflow-env/lib/python3.12/site-packages/airflow/example_dags/example_python_operator.py
[2024-09-29T08:32:33.169-0500] {processor.py:914} INFO - Processing file /home/d-salamanca/airflow-env/lib/python3.12/site-packages/airflow/example_dags/example_python_operator.py for tasks to queue
[2024-09-29T08:32:33.171-0500] {logging_mixin.py:190} INFO - [2024-09-29T08:32:33.171-0500] {dagbag.py:588} INFO - Filling up the DagBag from /home/d-salamanca/airflow-env/lib/python3.12/site-packages/airflow/example_dags/example_python_operator.py
[2024-09-29T08:32:33.179-0500] {logging_mixin.py:190} INFO - [2024-09-29T08:32:33.179-0500] {example_python_operator.py:93} WARNING - The virtalenv_python example task requires virtualenv, please install it.
[2024-09-29T08:32:33.182-0500] {processor.py:925} INFO - DAG(s) 'example_python_operator' retrieved from /home/d-salamanca/airflow-env/lib/python3.12/site-packages/airflow/example_dags/example_python_operator.py
[2024-09-29T08:32:33.202-0500] {logging_mixin.py:190} INFO - [2024-09-29T08:32:33.201-0500] {dag.py:3239} INFO - Sync 1 DAGs
[2024-09-29T08:32:33.216-0500] {logging_mixin.py:190} INFO - [2024-09-29T08:32:33.216-0500] {dag.py:4180} INFO - Setting next_dagrun for example_python_operator to None, run_after=None
[2024-09-29T08:32:33.240-0500] {processor.py:208} INFO - Processing /home/d-salamanca/airflow-env/lib/python3.12/site-packages/airflow/example_dags/example_python_operator.py took 0.080 seconds
[2024-09-29T08:33:54.093-0500] {processor.py:186} INFO - Started process (PID=30497) to work on /home/d-salamanca/airflow-env/lib/python3.12/site-packages/airflow/example_dags/example_python_operator.py
[2024-09-29T08:33:54.095-0500] {processor.py:914} INFO - Processing file /home/d-salamanca/airflow-env/lib/python3.12/site-packages/airflow/example_dags/example_python_operator.py for tasks to queue
[2024-09-29T08:33:54.097-0500] {logging_mixin.py:190} INFO - [2024-09-29T08:33:54.097-0500] {dagbag.py:588} INFO - Filling up the DagBag from /home/d-salamanca/airflow-env/lib/python3.12/site-packages/airflow/example_dags/example_python_operator.py
[2024-09-29T08:33:54.105-0500] {logging_mixin.py:190} INFO - [2024-09-29T08:33:54.105-0500] {example_python_operator.py:93} WARNING - The virtalenv_python example task requires virtualenv, please install it.
[2024-09-29T08:33:54.108-0500] {processor.py:925} INFO - DAG(s) 'example_python_operator' retrieved from /home/d-salamanca/airflow-env/lib/python3.12/site-packages/airflow/example_dags/example_python_operator.py
[2024-09-29T08:33:54.127-0500] {logging_mixin.py:190} INFO - [2024-09-29T08:33:54.127-0500] {dag.py:3239} INFO - Sync 1 DAGs
[2024-09-29T08:33:54.143-0500] {logging_mixin.py:190} INFO - [2024-09-29T08:33:54.142-0500] {dag.py:4180} INFO - Setting next_dagrun for example_python_operator to None, run_after=None
[2024-09-29T08:33:54.241-0500] {processor.py:208} INFO - Processing /home/d-salamanca/airflow-env/lib/python3.12/site-packages/airflow/example_dags/example_python_operator.py took 0.156 seconds
[2024-09-29T08:35:36.211-0500] {processor.py:186} INFO - Started process (PID=30687) to work on /home/d-salamanca/airflow-env/lib/python3.12/site-packages/airflow/example_dags/example_python_operator.py
[2024-09-29T08:35:36.262-0500] {processor.py:914} INFO - Processing file /home/d-salamanca/airflow-env/lib/python3.12/site-packages/airflow/example_dags/example_python_operator.py for tasks to queue
[2024-09-29T08:35:36.270-0500] {logging_mixin.py:190} INFO - [2024-09-29T08:35:36.268-0500] {dagbag.py:588} INFO - Filling up the DagBag from /home/d-salamanca/airflow-env/lib/python3.12/site-packages/airflow/example_dags/example_python_operator.py
[2024-09-29T08:35:36.616-0500] {logging_mixin.py:190} INFO - [2024-09-29T08:35:36.615-0500] {example_python_operator.py:93} WARNING - The virtalenv_python example task requires virtualenv, please install it.
[2024-09-29T08:35:36.623-0500] {processor.py:925} INFO - DAG(s) 'example_python_operator' retrieved from /home/d-salamanca/airflow-env/lib/python3.12/site-packages/airflow/example_dags/example_python_operator.py
[2024-09-29T08:35:36.678-0500] {logging_mixin.py:190} INFO - [2024-09-29T08:35:36.678-0500] {dag.py:3239} INFO - Sync 1 DAGs
[2024-09-29T08:35:36.692-0500] {logging_mixin.py:190} INFO - [2024-09-29T08:35:36.692-0500] {dag.py:4180} INFO - Setting next_dagrun for example_python_operator to None, run_after=None
[2024-09-29T08:35:36.813-0500] {processor.py:208} INFO - Processing /home/d-salamanca/airflow-env/lib/python3.12/site-packages/airflow/example_dags/example_python_operator.py took 0.613 seconds
[2024-09-29T08:37:20.334-0500] {processor.py:186} INFO - Started process (PID=31013) to work on /home/d-salamanca/airflow-env/lib/python3.12/site-packages/airflow/example_dags/example_python_operator.py
[2024-09-29T08:37:20.374-0500] {processor.py:914} INFO - Processing file /home/d-salamanca/airflow-env/lib/python3.12/site-packages/airflow/example_dags/example_python_operator.py for tasks to queue
[2024-09-29T08:37:20.380-0500] {logging_mixin.py:190} INFO - [2024-09-29T08:37:20.379-0500] {dagbag.py:588} INFO - Filling up the DagBag from /home/d-salamanca/airflow-env/lib/python3.12/site-packages/airflow/example_dags/example_python_operator.py
[2024-09-29T08:37:20.525-0500] {logging_mixin.py:190} INFO - [2024-09-29T08:37:20.524-0500] {example_python_operator.py:93} WARNING - The virtalenv_python example task requires virtualenv, please install it.
[2024-09-29T08:37:20.528-0500] {processor.py:925} INFO - DAG(s) 'example_python_operator' retrieved from /home/d-salamanca/airflow-env/lib/python3.12/site-packages/airflow/example_dags/example_python_operator.py
[2024-09-29T08:37:20.551-0500] {logging_mixin.py:190} INFO - [2024-09-29T08:37:20.551-0500] {dag.py:3239} INFO - Sync 1 DAGs
[2024-09-29T08:37:20.567-0500] {logging_mixin.py:190} INFO - [2024-09-29T08:37:20.567-0500] {dag.py:4180} INFO - Setting next_dagrun for example_python_operator to None, run_after=None
[2024-09-29T08:37:20.611-0500] {processor.py:208} INFO - Processing /home/d-salamanca/airflow-env/lib/python3.12/site-packages/airflow/example_dags/example_python_operator.py took 0.285 seconds
[2024-09-29T08:38:39.918-0500] {processor.py:186} INFO - Started process (PID=31084) to work on /home/d-salamanca/airflow-env/lib/python3.12/site-packages/airflow/example_dags/example_python_operator.py
[2024-09-29T08:38:39.934-0500] {processor.py:914} INFO - Processing file /home/d-salamanca/airflow-env/lib/python3.12/site-packages/airflow/example_dags/example_python_operator.py for tasks to queue
[2024-09-29T08:38:39.937-0500] {logging_mixin.py:190} INFO - [2024-09-29T08:38:39.936-0500] {dagbag.py:588} INFO - Filling up the DagBag from /home/d-salamanca/airflow-env/lib/python3.12/site-packages/airflow/example_dags/example_python_operator.py
[2024-09-29T08:38:40.261-0500] {logging_mixin.py:190} INFO - [2024-09-29T08:38:40.261-0500] {example_python_operator.py:93} WARNING - The virtalenv_python example task requires virtualenv, please install it.
[2024-09-29T08:38:40.275-0500] {processor.py:925} INFO - DAG(s) 'example_python_operator' retrieved from /home/d-salamanca/airflow-env/lib/python3.12/site-packages/airflow/example_dags/example_python_operator.py
[2024-09-29T08:38:40.321-0500] {logging_mixin.py:190} INFO - [2024-09-29T08:38:40.321-0500] {dag.py:3239} INFO - Sync 1 DAGs
[2024-09-29T08:38:40.352-0500] {logging_mixin.py:190} INFO - [2024-09-29T08:38:40.352-0500] {dag.py:4180} INFO - Setting next_dagrun for example_python_operator to None, run_after=None
[2024-09-29T08:38:40.387-0500] {processor.py:208} INFO - Processing /home/d-salamanca/airflow-env/lib/python3.12/site-packages/airflow/example_dags/example_python_operator.py took 0.483 seconds
[2024-09-29T08:40:15.816-0500] {processor.py:186} INFO - Started process (PID=31160) to work on /home/d-salamanca/airflow-env/lib/python3.12/site-packages/airflow/example_dags/example_python_operator.py
[2024-09-29T08:40:15.817-0500] {processor.py:914} INFO - Processing file /home/d-salamanca/airflow-env/lib/python3.12/site-packages/airflow/example_dags/example_python_operator.py for tasks to queue
[2024-09-29T08:40:15.820-0500] {logging_mixin.py:190} INFO - [2024-09-29T08:40:15.819-0500] {dagbag.py:588} INFO - Filling up the DagBag from /home/d-salamanca/airflow-env/lib/python3.12/site-packages/airflow/example_dags/example_python_operator.py
[2024-09-29T08:40:15.828-0500] {logging_mixin.py:190} INFO - [2024-09-29T08:40:15.828-0500] {example_python_operator.py:93} WARNING - The virtalenv_python example task requires virtualenv, please install it.
[2024-09-29T08:40:15.831-0500] {processor.py:925} INFO - DAG(s) 'example_python_operator' retrieved from /home/d-salamanca/airflow-env/lib/python3.12/site-packages/airflow/example_dags/example_python_operator.py
[2024-09-29T08:40:15.852-0500] {logging_mixin.py:190} INFO - [2024-09-29T08:40:15.851-0500] {dag.py:3239} INFO - Sync 1 DAGs
[2024-09-29T08:40:15.866-0500] {logging_mixin.py:190} INFO - [2024-09-29T08:40:15.866-0500] {dag.py:4180} INFO - Setting next_dagrun for example_python_operator to None, run_after=None
[2024-09-29T08:40:15.966-0500] {processor.py:208} INFO - Processing /home/d-salamanca/airflow-env/lib/python3.12/site-packages/airflow/example_dags/example_python_operator.py took 0.159 seconds
[2024-09-29T08:41:46.698-0500] {processor.py:186} INFO - Started process (PID=31233) to work on /home/d-salamanca/airflow-env/lib/python3.12/site-packages/airflow/example_dags/example_python_operator.py
[2024-09-29T08:41:46.724-0500] {processor.py:914} INFO - Processing file /home/d-salamanca/airflow-env/lib/python3.12/site-packages/airflow/example_dags/example_python_operator.py for tasks to queue
[2024-09-29T08:41:46.729-0500] {logging_mixin.py:190} INFO - [2024-09-29T08:41:46.728-0500] {dagbag.py:588} INFO - Filling up the DagBag from /home/d-salamanca/airflow-env/lib/python3.12/site-packages/airflow/example_dags/example_python_operator.py
[2024-09-29T08:41:46.738-0500] {logging_mixin.py:190} INFO - [2024-09-29T08:41:46.738-0500] {example_python_operator.py:93} WARNING - The virtalenv_python example task requires virtualenv, please install it.
[2024-09-29T08:41:46.741-0500] {processor.py:925} INFO - DAG(s) 'example_python_operator' retrieved from /home/d-salamanca/airflow-env/lib/python3.12/site-packages/airflow/example_dags/example_python_operator.py
[2024-09-29T08:41:46.761-0500] {logging_mixin.py:190} INFO - [2024-09-29T08:41:46.761-0500] {dag.py:3239} INFO - Sync 1 DAGs
[2024-09-29T08:41:46.776-0500] {logging_mixin.py:190} INFO - [2024-09-29T08:41:46.776-0500] {dag.py:4180} INFO - Setting next_dagrun for example_python_operator to None, run_after=None
[2024-09-29T08:41:46.808-0500] {processor.py:208} INFO - Processing /home/d-salamanca/airflow-env/lib/python3.12/site-packages/airflow/example_dags/example_python_operator.py took 0.119 seconds
[2024-09-29T08:43:20.901-0500] {processor.py:186} INFO - Started process (PID=31307) to work on /home/d-salamanca/airflow-env/lib/python3.12/site-packages/airflow/example_dags/example_python_operator.py
[2024-09-29T08:43:20.940-0500] {processor.py:914} INFO - Processing file /home/d-salamanca/airflow-env/lib/python3.12/site-packages/airflow/example_dags/example_python_operator.py for tasks to queue
[2024-09-29T08:43:20.946-0500] {logging_mixin.py:190} INFO - [2024-09-29T08:43:20.945-0500] {dagbag.py:588} INFO - Filling up the DagBag from /home/d-salamanca/airflow-env/lib/python3.12/site-packages/airflow/example_dags/example_python_operator.py
[2024-09-29T08:43:20.955-0500] {logging_mixin.py:190} INFO - [2024-09-29T08:43:20.955-0500] {example_python_operator.py:93} WARNING - The virtalenv_python example task requires virtualenv, please install it.
[2024-09-29T08:43:20.958-0500] {processor.py:925} INFO - DAG(s) 'example_python_operator' retrieved from /home/d-salamanca/airflow-env/lib/python3.12/site-packages/airflow/example_dags/example_python_operator.py
[2024-09-29T08:43:20.978-0500] {logging_mixin.py:190} INFO - [2024-09-29T08:43:20.977-0500] {dag.py:3239} INFO - Sync 1 DAGs
[2024-09-29T08:43:20.991-0500] {logging_mixin.py:190} INFO - [2024-09-29T08:43:20.991-0500] {dag.py:4180} INFO - Setting next_dagrun for example_python_operator to None, run_after=None
[2024-09-29T08:43:21.034-0500] {processor.py:208} INFO - Processing /home/d-salamanca/airflow-env/lib/python3.12/site-packages/airflow/example_dags/example_python_operator.py took 0.141 seconds
[2024-09-29T08:44:42.637-0500] {processor.py:186} INFO - Started process (PID=31383) to work on /home/d-salamanca/airflow-env/lib/python3.12/site-packages/airflow/example_dags/example_python_operator.py
[2024-09-29T08:44:42.659-0500] {processor.py:914} INFO - Processing file /home/d-salamanca/airflow-env/lib/python3.12/site-packages/airflow/example_dags/example_python_operator.py for tasks to queue
[2024-09-29T08:44:42.665-0500] {logging_mixin.py:190} INFO - [2024-09-29T08:44:42.664-0500] {dagbag.py:588} INFO - Filling up the DagBag from /home/d-salamanca/airflow-env/lib/python3.12/site-packages/airflow/example_dags/example_python_operator.py
[2024-09-29T08:44:42.676-0500] {logging_mixin.py:190} INFO - [2024-09-29T08:44:42.676-0500] {example_python_operator.py:93} WARNING - The virtalenv_python example task requires virtualenv, please install it.
[2024-09-29T08:44:42.679-0500] {processor.py:925} INFO - DAG(s) 'example_python_operator' retrieved from /home/d-salamanca/airflow-env/lib/python3.12/site-packages/airflow/example_dags/example_python_operator.py
[2024-09-29T08:44:42.699-0500] {logging_mixin.py:190} INFO - [2024-09-29T08:44:42.698-0500] {dag.py:3239} INFO - Sync 1 DAGs
[2024-09-29T08:44:42.713-0500] {logging_mixin.py:190} INFO - [2024-09-29T08:44:42.713-0500] {dag.py:4180} INFO - Setting next_dagrun for example_python_operator to None, run_after=None
[2024-09-29T08:44:42.750-0500] {processor.py:208} INFO - Processing /home/d-salamanca/airflow-env/lib/python3.12/site-packages/airflow/example_dags/example_python_operator.py took 0.121 seconds
[2024-09-29T08:46:36.845-0500] {processor.py:186} INFO - Started process (PID=31460) to work on /home/d-salamanca/airflow-env/lib/python3.12/site-packages/airflow/example_dags/example_python_operator.py
[2024-09-29T08:46:36.890-0500] {processor.py:914} INFO - Processing file /home/d-salamanca/airflow-env/lib/python3.12/site-packages/airflow/example_dags/example_python_operator.py for tasks to queue
[2024-09-29T08:46:36.893-0500] {logging_mixin.py:190} INFO - [2024-09-29T08:46:36.893-0500] {dagbag.py:588} INFO - Filling up the DagBag from /home/d-salamanca/airflow-env/lib/python3.12/site-packages/airflow/example_dags/example_python_operator.py
[2024-09-29T08:46:36.973-0500] {logging_mixin.py:190} INFO - [2024-09-29T08:46:36.972-0500] {example_python_operator.py:93} WARNING - The virtalenv_python example task requires virtualenv, please install it.
[2024-09-29T08:46:36.977-0500] {processor.py:925} INFO - DAG(s) 'example_python_operator' retrieved from /home/d-salamanca/airflow-env/lib/python3.12/site-packages/airflow/example_dags/example_python_operator.py
[2024-09-29T08:46:37.000-0500] {logging_mixin.py:190} INFO - [2024-09-29T08:46:37.000-0500] {dag.py:3239} INFO - Sync 1 DAGs
[2024-09-29T08:46:37.015-0500] {logging_mixin.py:190} INFO - [2024-09-29T08:46:37.015-0500] {dag.py:4180} INFO - Setting next_dagrun for example_python_operator to None, run_after=None
[2024-09-29T08:46:37.343-0500] {processor.py:208} INFO - Processing /home/d-salamanca/airflow-env/lib/python3.12/site-packages/airflow/example_dags/example_python_operator.py took 0.507 seconds
[2024-09-29T08:48:10.762-0500] {processor.py:186} INFO - Started process (PID=31546) to work on /home/d-salamanca/airflow-env/lib/python3.12/site-packages/airflow/example_dags/example_python_operator.py
[2024-09-29T08:48:10.838-0500] {processor.py:914} INFO - Processing file /home/d-salamanca/airflow-env/lib/python3.12/site-packages/airflow/example_dags/example_python_operator.py for tasks to queue
[2024-09-29T08:48:10.841-0500] {logging_mixin.py:190} INFO - [2024-09-29T08:48:10.841-0500] {dagbag.py:588} INFO - Filling up the DagBag from /home/d-salamanca/airflow-env/lib/python3.12/site-packages/airflow/example_dags/example_python_operator.py
[2024-09-29T08:48:10.851-0500] {logging_mixin.py:190} INFO - [2024-09-29T08:48:10.851-0500] {example_python_operator.py:93} WARNING - The virtalenv_python example task requires virtualenv, please install it.
[2024-09-29T08:48:10.854-0500] {processor.py:925} INFO - DAG(s) 'example_python_operator' retrieved from /home/d-salamanca/airflow-env/lib/python3.12/site-packages/airflow/example_dags/example_python_operator.py
[2024-09-29T08:48:10.873-0500] {logging_mixin.py:190} INFO - [2024-09-29T08:48:10.873-0500] {dag.py:3239} INFO - Sync 1 DAGs
[2024-09-29T08:48:10.888-0500] {logging_mixin.py:190} INFO - [2024-09-29T08:48:10.887-0500] {dag.py:4180} INFO - Setting next_dagrun for example_python_operator to None, run_after=None
[2024-09-29T08:48:11.293-0500] {processor.py:208} INFO - Processing /home/d-salamanca/airflow-env/lib/python3.12/site-packages/airflow/example_dags/example_python_operator.py took 0.540 seconds
[2024-09-29T08:49:32.589-0500] {processor.py:186} INFO - Started process (PID=31618) to work on /home/d-salamanca/airflow-env/lib/python3.12/site-packages/airflow/example_dags/example_python_operator.py
[2024-09-29T08:49:32.622-0500] {processor.py:914} INFO - Processing file /home/d-salamanca/airflow-env/lib/python3.12/site-packages/airflow/example_dags/example_python_operator.py for tasks to queue
[2024-09-29T08:49:32.627-0500] {logging_mixin.py:190} INFO - [2024-09-29T08:49:32.626-0500] {dagbag.py:588} INFO - Filling up the DagBag from /home/d-salamanca/airflow-env/lib/python3.12/site-packages/airflow/example_dags/example_python_operator.py
[2024-09-29T08:49:32.637-0500] {logging_mixin.py:190} INFO - [2024-09-29T08:49:32.637-0500] {example_python_operator.py:93} WARNING - The virtalenv_python example task requires virtualenv, please install it.
[2024-09-29T08:49:32.640-0500] {processor.py:925} INFO - DAG(s) 'example_python_operator' retrieved from /home/d-salamanca/airflow-env/lib/python3.12/site-packages/airflow/example_dags/example_python_operator.py
[2024-09-29T08:49:32.660-0500] {logging_mixin.py:190} INFO - [2024-09-29T08:49:32.659-0500] {dag.py:3239} INFO - Sync 1 DAGs
[2024-09-29T08:49:32.673-0500] {logging_mixin.py:190} INFO - [2024-09-29T08:49:32.673-0500] {dag.py:4180} INFO - Setting next_dagrun for example_python_operator to None, run_after=None
[2024-09-29T08:49:32.908-0500] {processor.py:208} INFO - Processing /home/d-salamanca/airflow-env/lib/python3.12/site-packages/airflow/example_dags/example_python_operator.py took 0.332 seconds
[2024-09-29T08:51:07.424-0500] {processor.py:186} INFO - Started process (PID=31789) to work on /home/d-salamanca/airflow-env/lib/python3.12/site-packages/airflow/example_dags/example_python_operator.py
[2024-09-29T08:51:07.426-0500] {processor.py:914} INFO - Processing file /home/d-salamanca/airflow-env/lib/python3.12/site-packages/airflow/example_dags/example_python_operator.py for tasks to queue
[2024-09-29T08:51:07.431-0500] {logging_mixin.py:190} INFO - [2024-09-29T08:51:07.430-0500] {dagbag.py:588} INFO - Filling up the DagBag from /home/d-salamanca/airflow-env/lib/python3.12/site-packages/airflow/example_dags/example_python_operator.py
[2024-09-29T08:51:07.583-0500] {logging_mixin.py:190} INFO - [2024-09-29T08:51:07.582-0500] {example_python_operator.py:93} WARNING - The virtalenv_python example task requires virtualenv, please install it.
[2024-09-29T08:51:07.586-0500] {processor.py:925} INFO - DAG(s) 'example_python_operator' retrieved from /home/d-salamanca/airflow-env/lib/python3.12/site-packages/airflow/example_dags/example_python_operator.py
[2024-09-29T08:51:07.634-0500] {logging_mixin.py:190} INFO - [2024-09-29T08:51:07.634-0500] {dag.py:3239} INFO - Sync 1 DAGs
[2024-09-29T08:51:07.648-0500] {logging_mixin.py:190} INFO - [2024-09-29T08:51:07.648-0500] {dag.py:4180} INFO - Setting next_dagrun for example_python_operator to None, run_after=None
[2024-09-29T08:51:07.759-0500] {processor.py:208} INFO - Processing /home/d-salamanca/airflow-env/lib/python3.12/site-packages/airflow/example_dags/example_python_operator.py took 0.345 seconds
[2024-09-29T08:52:53.734-0500] {processor.py:186} INFO - Started process (PID=31966) to work on /home/d-salamanca/airflow-env/lib/python3.12/site-packages/airflow/example_dags/example_python_operator.py
[2024-09-29T08:52:53.932-0500] {processor.py:914} INFO - Processing file /home/d-salamanca/airflow-env/lib/python3.12/site-packages/airflow/example_dags/example_python_operator.py for tasks to queue
[2024-09-29T08:52:53.938-0500] {logging_mixin.py:190} INFO - [2024-09-29T08:52:53.937-0500] {dagbag.py:588} INFO - Filling up the DagBag from /home/d-salamanca/airflow-env/lib/python3.12/site-packages/airflow/example_dags/example_python_operator.py
[2024-09-29T08:52:53.998-0500] {logging_mixin.py:190} INFO - [2024-09-29T08:52:53.998-0500] {example_python_operator.py:93} WARNING - The virtalenv_python example task requires virtualenv, please install it.
[2024-09-29T08:52:54.001-0500] {processor.py:925} INFO - DAG(s) 'example_python_operator' retrieved from /home/d-salamanca/airflow-env/lib/python3.12/site-packages/airflow/example_dags/example_python_operator.py
[2024-09-29T08:52:54.022-0500] {logging_mixin.py:190} INFO - [2024-09-29T08:52:54.022-0500] {dag.py:3239} INFO - Sync 1 DAGs
[2024-09-29T08:52:54.038-0500] {logging_mixin.py:190} INFO - [2024-09-29T08:52:54.038-0500] {dag.py:4180} INFO - Setting next_dagrun for example_python_operator to None, run_after=None
[2024-09-29T08:52:54.080-0500] {processor.py:208} INFO - Processing /home/d-salamanca/airflow-env/lib/python3.12/site-packages/airflow/example_dags/example_python_operator.py took 0.353 seconds
[2024-09-29T08:54:03.584-0500] {processor.py:186} INFO - Started process (PID=32020) to work on /home/d-salamanca/airflow-env/lib/python3.12/site-packages/airflow/example_dags/example_python_operator.py
[2024-09-29T08:54:03.618-0500] {processor.py:914} INFO - Processing file /home/d-salamanca/airflow-env/lib/python3.12/site-packages/airflow/example_dags/example_python_operator.py for tasks to queue
[2024-09-29T08:54:03.623-0500] {logging_mixin.py:190} INFO - [2024-09-29T08:54:03.622-0500] {dagbag.py:588} INFO - Filling up the DagBag from /home/d-salamanca/airflow-env/lib/python3.12/site-packages/airflow/example_dags/example_python_operator.py
[2024-09-29T08:54:03.643-0500] {logging_mixin.py:190} INFO - [2024-09-29T08:54:03.643-0500] {example_python_operator.py:93} WARNING - The virtalenv_python example task requires virtualenv, please install it.
[2024-09-29T08:54:03.646-0500] {processor.py:925} INFO - DAG(s) 'example_python_operator' retrieved from /home/d-salamanca/airflow-env/lib/python3.12/site-packages/airflow/example_dags/example_python_operator.py
[2024-09-29T08:54:03.666-0500] {logging_mixin.py:190} INFO - [2024-09-29T08:54:03.665-0500] {dag.py:3239} INFO - Sync 1 DAGs
[2024-09-29T08:54:03.680-0500] {logging_mixin.py:190} INFO - [2024-09-29T08:54:03.680-0500] {dag.py:4180} INFO - Setting next_dagrun for example_python_operator to None, run_after=None
[2024-09-29T08:54:03.755-0500] {processor.py:208} INFO - Processing /home/d-salamanca/airflow-env/lib/python3.12/site-packages/airflow/example_dags/example_python_operator.py took 0.180 seconds
[2024-09-29T08:55:37.938-0500] {processor.py:186} INFO - Started process (PID=32098) to work on /home/d-salamanca/airflow-env/lib/python3.12/site-packages/airflow/example_dags/example_python_operator.py
[2024-09-29T08:55:37.961-0500] {processor.py:914} INFO - Processing file /home/d-salamanca/airflow-env/lib/python3.12/site-packages/airflow/example_dags/example_python_operator.py for tasks to queue
[2024-09-29T08:55:37.966-0500] {logging_mixin.py:190} INFO - [2024-09-29T08:55:37.965-0500] {dagbag.py:588} INFO - Filling up the DagBag from /home/d-salamanca/airflow-env/lib/python3.12/site-packages/airflow/example_dags/example_python_operator.py
[2024-09-29T08:55:38.042-0500] {logging_mixin.py:190} INFO - [2024-09-29T08:55:38.042-0500] {example_python_operator.py:93} WARNING - The virtalenv_python example task requires virtualenv, please install it.
[2024-09-29T08:55:38.046-0500] {processor.py:925} INFO - DAG(s) 'example_python_operator' retrieved from /home/d-salamanca/airflow-env/lib/python3.12/site-packages/airflow/example_dags/example_python_operator.py
[2024-09-29T08:55:38.067-0500] {logging_mixin.py:190} INFO - [2024-09-29T08:55:38.067-0500] {dag.py:3239} INFO - Sync 1 DAGs
[2024-09-29T08:55:38.081-0500] {logging_mixin.py:190} INFO - [2024-09-29T08:55:38.080-0500] {dag.py:4180} INFO - Setting next_dagrun for example_python_operator to None, run_after=None
[2024-09-29T08:55:38.163-0500] {processor.py:208} INFO - Processing /home/d-salamanca/airflow-env/lib/python3.12/site-packages/airflow/example_dags/example_python_operator.py took 0.233 seconds
[2024-09-29T08:57:22.303-0500] {processor.py:186} INFO - Started process (PID=32175) to work on /home/d-salamanca/airflow-env/lib/python3.12/site-packages/airflow/example_dags/example_python_operator.py
[2024-09-29T08:57:22.327-0500] {processor.py:914} INFO - Processing file /home/d-salamanca/airflow-env/lib/python3.12/site-packages/airflow/example_dags/example_python_operator.py for tasks to queue
[2024-09-29T08:57:22.334-0500] {logging_mixin.py:190} INFO - [2024-09-29T08:57:22.333-0500] {dagbag.py:588} INFO - Filling up the DagBag from /home/d-salamanca/airflow-env/lib/python3.12/site-packages/airflow/example_dags/example_python_operator.py
[2024-09-29T08:57:22.386-0500] {logging_mixin.py:190} INFO - [2024-09-29T08:57:22.385-0500] {example_python_operator.py:93} WARNING - The virtalenv_python example task requires virtualenv, please install it.
[2024-09-29T08:57:22.390-0500] {processor.py:925} INFO - DAG(s) 'example_python_operator' retrieved from /home/d-salamanca/airflow-env/lib/python3.12/site-packages/airflow/example_dags/example_python_operator.py
[2024-09-29T08:57:22.409-0500] {logging_mixin.py:190} INFO - [2024-09-29T08:57:22.409-0500] {dag.py:3239} INFO - Sync 1 DAGs
[2024-09-29T08:57:22.424-0500] {logging_mixin.py:190} INFO - [2024-09-29T08:57:22.424-0500] {dag.py:4180} INFO - Setting next_dagrun for example_python_operator to None, run_after=None
[2024-09-29T08:57:22.459-0500] {processor.py:208} INFO - Processing /home/d-salamanca/airflow-env/lib/python3.12/site-packages/airflow/example_dags/example_python_operator.py took 0.164 seconds
[2024-09-29T08:58:55.933-0500] {processor.py:186} INFO - Started process (PID=32260) to work on /home/d-salamanca/airflow-env/lib/python3.12/site-packages/airflow/example_dags/example_python_operator.py
[2024-09-29T08:58:56.713-0500] {processor.py:914} INFO - Processing file /home/d-salamanca/airflow-env/lib/python3.12/site-packages/airflow/example_dags/example_python_operator.py for tasks to queue
[2024-09-29T08:58:56.720-0500] {logging_mixin.py:190} INFO - [2024-09-29T08:58:56.718-0500] {dagbag.py:588} INFO - Filling up the DagBag from /home/d-salamanca/airflow-env/lib/python3.12/site-packages/airflow/example_dags/example_python_operator.py
[2024-09-29T08:58:56.729-0500] {logging_mixin.py:190} INFO - [2024-09-29T08:58:56.728-0500] {example_python_operator.py:93} WARNING - The virtalenv_python example task requires virtualenv, please install it.
[2024-09-29T08:58:56.732-0500] {processor.py:925} INFO - DAG(s) 'example_python_operator' retrieved from /home/d-salamanca/airflow-env/lib/python3.12/site-packages/airflow/example_dags/example_python_operator.py
[2024-09-29T08:58:56.754-0500] {logging_mixin.py:190} INFO - [2024-09-29T08:58:56.753-0500] {dag.py:3239} INFO - Sync 1 DAGs
[2024-09-29T08:58:56.769-0500] {logging_mixin.py:190} INFO - [2024-09-29T08:58:56.768-0500] {dag.py:4180} INFO - Setting next_dagrun for example_python_operator to None, run_after=None
[2024-09-29T08:58:58.570-0500] {processor.py:208} INFO - Processing /home/d-salamanca/airflow-env/lib/python3.12/site-packages/airflow/example_dags/example_python_operator.py took 2.644 seconds
[2024-09-29T09:00:04.120-0500] {processor.py:186} INFO - Started process (PID=32461) to work on /home/d-salamanca/airflow-env/lib/python3.12/site-packages/airflow/example_dags/example_python_operator.py
[2024-09-29T09:00:04.168-0500] {processor.py:914} INFO - Processing file /home/d-salamanca/airflow-env/lib/python3.12/site-packages/airflow/example_dags/example_python_operator.py for tasks to queue
[2024-09-29T09:00:04.175-0500] {logging_mixin.py:190} INFO - [2024-09-29T09:00:04.173-0500] {dagbag.py:588} INFO - Filling up the DagBag from /home/d-salamanca/airflow-env/lib/python3.12/site-packages/airflow/example_dags/example_python_operator.py
[2024-09-29T09:00:04.458-0500] {logging_mixin.py:190} INFO - [2024-09-29T09:00:04.458-0500] {example_python_operator.py:93} WARNING - The virtalenv_python example task requires virtualenv, please install it.
[2024-09-29T09:00:04.466-0500] {processor.py:925} INFO - DAG(s) 'example_python_operator' retrieved from /home/d-salamanca/airflow-env/lib/python3.12/site-packages/airflow/example_dags/example_python_operator.py
[2024-09-29T09:00:04.491-0500] {logging_mixin.py:190} INFO - [2024-09-29T09:00:04.490-0500] {dag.py:3239} INFO - Sync 1 DAGs
[2024-09-29T09:00:04.505-0500] {logging_mixin.py:190} INFO - [2024-09-29T09:00:04.505-0500] {dag.py:4180} INFO - Setting next_dagrun for example_python_operator to None, run_after=None
[2024-09-29T09:00:04.814-0500] {processor.py:208} INFO - Processing /home/d-salamanca/airflow-env/lib/python3.12/site-packages/airflow/example_dags/example_python_operator.py took 0.706 seconds
[2024-09-29T09:01:51.432-0500] {processor.py:186} INFO - Started process (PID=32592) to work on /home/d-salamanca/airflow-env/lib/python3.12/site-packages/airflow/example_dags/example_python_operator.py
[2024-09-29T09:01:51.450-0500] {processor.py:914} INFO - Processing file /home/d-salamanca/airflow-env/lib/python3.12/site-packages/airflow/example_dags/example_python_operator.py for tasks to queue
[2024-09-29T09:01:51.456-0500] {logging_mixin.py:190} INFO - [2024-09-29T09:01:51.455-0500] {dagbag.py:588} INFO - Filling up the DagBag from /home/d-salamanca/airflow-env/lib/python3.12/site-packages/airflow/example_dags/example_python_operator.py
[2024-09-29T09:01:51.466-0500] {logging_mixin.py:190} INFO - [2024-09-29T09:01:51.465-0500] {example_python_operator.py:93} WARNING - The virtalenv_python example task requires virtualenv, please install it.
[2024-09-29T09:01:51.469-0500] {processor.py:925} INFO - DAG(s) 'example_python_operator' retrieved from /home/d-salamanca/airflow-env/lib/python3.12/site-packages/airflow/example_dags/example_python_operator.py
[2024-09-29T09:01:51.489-0500] {logging_mixin.py:190} INFO - [2024-09-29T09:01:51.489-0500] {dag.py:3239} INFO - Sync 1 DAGs
[2024-09-29T09:01:51.503-0500] {logging_mixin.py:190} INFO - [2024-09-29T09:01:51.503-0500] {dag.py:4180} INFO - Setting next_dagrun for example_python_operator to None, run_after=None
[2024-09-29T09:01:51.636-0500] {processor.py:208} INFO - Processing /home/d-salamanca/airflow-env/lib/python3.12/site-packages/airflow/example_dags/example_python_operator.py took 0.213 seconds
[2024-09-29T09:03:18.019-0500] {processor.py:186} INFO - Started process (PID=32662) to work on /home/d-salamanca/airflow-env/lib/python3.12/site-packages/airflow/example_dags/example_python_operator.py
[2024-09-29T09:03:18.037-0500] {processor.py:914} INFO - Processing file /home/d-salamanca/airflow-env/lib/python3.12/site-packages/airflow/example_dags/example_python_operator.py for tasks to queue
[2024-09-29T09:03:18.042-0500] {logging_mixin.py:190} INFO - [2024-09-29T09:03:18.041-0500] {dagbag.py:588} INFO - Filling up the DagBag from /home/d-salamanca/airflow-env/lib/python3.12/site-packages/airflow/example_dags/example_python_operator.py
[2024-09-29T09:03:18.054-0500] {logging_mixin.py:190} INFO - [2024-09-29T09:03:18.054-0500] {example_python_operator.py:93} WARNING - The virtalenv_python example task requires virtualenv, please install it.
[2024-09-29T09:03:18.057-0500] {processor.py:925} INFO - DAG(s) 'example_python_operator' retrieved from /home/d-salamanca/airflow-env/lib/python3.12/site-packages/airflow/example_dags/example_python_operator.py
[2024-09-29T09:03:18.076-0500] {logging_mixin.py:190} INFO - [2024-09-29T09:03:18.076-0500] {dag.py:3239} INFO - Sync 1 DAGs
[2024-09-29T09:03:18.091-0500] {logging_mixin.py:190} INFO - [2024-09-29T09:03:18.090-0500] {dag.py:4180} INFO - Setting next_dagrun for example_python_operator to None, run_after=None
[2024-09-29T09:03:18.159-0500] {processor.py:208} INFO - Processing /home/d-salamanca/airflow-env/lib/python3.12/site-packages/airflow/example_dags/example_python_operator.py took 0.148 seconds
[2024-09-29T09:04:59.096-0500] {processor.py:186} INFO - Started process (PID=32893) to work on /home/d-salamanca/airflow-env/lib/python3.12/site-packages/airflow/example_dags/example_python_operator.py
[2024-09-29T09:04:59.209-0500] {processor.py:914} INFO - Processing file /home/d-salamanca/airflow-env/lib/python3.12/site-packages/airflow/example_dags/example_python_operator.py for tasks to queue
[2024-09-29T09:04:59.216-0500] {logging_mixin.py:190} INFO - [2024-09-29T09:04:59.215-0500] {dagbag.py:588} INFO - Filling up the DagBag from /home/d-salamanca/airflow-env/lib/python3.12/site-packages/airflow/example_dags/example_python_operator.py
[2024-09-29T09:04:59.576-0500] {logging_mixin.py:190} INFO - [2024-09-29T09:04:59.575-0500] {example_python_operator.py:93} WARNING - The virtalenv_python example task requires virtualenv, please install it.
[2024-09-29T09:04:59.583-0500] {processor.py:925} INFO - DAG(s) 'example_python_operator' retrieved from /home/d-salamanca/airflow-env/lib/python3.12/site-packages/airflow/example_dags/example_python_operator.py
[2024-09-29T09:04:59.605-0500] {logging_mixin.py:190} INFO - [2024-09-29T09:04:59.605-0500] {dag.py:3239} INFO - Sync 1 DAGs
[2024-09-29T09:04:59.619-0500] {logging_mixin.py:190} INFO - [2024-09-29T09:04:59.619-0500] {dag.py:4180} INFO - Setting next_dagrun for example_python_operator to None, run_after=None
[2024-09-29T09:04:59.848-0500] {processor.py:208} INFO - Processing /home/d-salamanca/airflow-env/lib/python3.12/site-packages/airflow/example_dags/example_python_operator.py took 0.763 seconds
[2024-09-29T09:07:15.204-0500] {processor.py:186} INFO - Started process (PID=33099) to work on /home/d-salamanca/airflow-env/lib/python3.12/site-packages/airflow/example_dags/example_python_operator.py
[2024-09-29T09:07:15.219-0500] {processor.py:914} INFO - Processing file /home/d-salamanca/airflow-env/lib/python3.12/site-packages/airflow/example_dags/example_python_operator.py for tasks to queue
[2024-09-29T09:07:15.223-0500] {logging_mixin.py:190} INFO - [2024-09-29T09:07:15.222-0500] {dagbag.py:588} INFO - Filling up the DagBag from /home/d-salamanca/airflow-env/lib/python3.12/site-packages/airflow/example_dags/example_python_operator.py
[2024-09-29T09:07:15.237-0500] {logging_mixin.py:190} INFO - [2024-09-29T09:07:15.237-0500] {example_python_operator.py:93} WARNING - The virtalenv_python example task requires virtualenv, please install it.
[2024-09-29T09:07:15.240-0500] {processor.py:925} INFO - DAG(s) 'example_python_operator' retrieved from /home/d-salamanca/airflow-env/lib/python3.12/site-packages/airflow/example_dags/example_python_operator.py
[2024-09-29T09:07:15.260-0500] {logging_mixin.py:190} INFO - [2024-09-29T09:07:15.260-0500] {dag.py:3239} INFO - Sync 1 DAGs
[2024-09-29T09:07:15.274-0500] {logging_mixin.py:190} INFO - [2024-09-29T09:07:15.274-0500] {dag.py:4180} INFO - Setting next_dagrun for example_python_operator to None, run_after=None
[2024-09-29T09:07:15.362-0500] {processor.py:208} INFO - Processing /home/d-salamanca/airflow-env/lib/python3.12/site-packages/airflow/example_dags/example_python_operator.py took 0.167 seconds
[2024-09-29T09:08:26.326-0500] {processor.py:186} INFO - Started process (PID=33166) to work on /home/d-salamanca/airflow-env/lib/python3.12/site-packages/airflow/example_dags/example_python_operator.py
[2024-09-29T09:08:26.375-0500] {processor.py:914} INFO - Processing file /home/d-salamanca/airflow-env/lib/python3.12/site-packages/airflow/example_dags/example_python_operator.py for tasks to queue
[2024-09-29T09:08:26.381-0500] {logging_mixin.py:190} INFO - [2024-09-29T09:08:26.380-0500] {dagbag.py:588} INFO - Filling up the DagBag from /home/d-salamanca/airflow-env/lib/python3.12/site-packages/airflow/example_dags/example_python_operator.py
[2024-09-29T09:08:26.398-0500] {logging_mixin.py:190} INFO - [2024-09-29T09:08:26.398-0500] {example_python_operator.py:93} WARNING - The virtalenv_python example task requires virtualenv, please install it.
[2024-09-29T09:08:26.401-0500] {processor.py:925} INFO - DAG(s) 'example_python_operator' retrieved from /home/d-salamanca/airflow-env/lib/python3.12/site-packages/airflow/example_dags/example_python_operator.py
[2024-09-29T09:08:26.422-0500] {logging_mixin.py:190} INFO - [2024-09-29T09:08:26.421-0500] {dag.py:3239} INFO - Sync 1 DAGs
[2024-09-29T09:08:26.436-0500] {logging_mixin.py:190} INFO - [2024-09-29T09:08:26.436-0500] {dag.py:4180} INFO - Setting next_dagrun for example_python_operator to None, run_after=None
[2024-09-29T09:08:26.475-0500] {processor.py:208} INFO - Processing /home/d-salamanca/airflow-env/lib/python3.12/site-packages/airflow/example_dags/example_python_operator.py took 0.158 seconds
