[2024-09-28T23:58:38.843-0500] {processor.py:186} INFO - Started process (PID=25598) to work on /home/d-salamanca/airflow-env/lib/python3.12/site-packages/airflow/example_dags/example_xcom.py
[2024-09-28T23:58:38.843-0500] {processor.py:914} INFO - Processing file /home/d-salamanca/airflow-env/lib/python3.12/site-packages/airflow/example_dags/example_xcom.py for tasks to queue
[2024-09-28T23:58:38.846-0500] {logging_mixin.py:190} INFO - [2024-09-28T23:58:38.845-0500] {dagbag.py:588} INFO - Filling up the DagBag from /home/d-salamanca/airflow-env/lib/python3.12/site-packages/airflow/example_dags/example_xcom.py
[2024-09-28T23:58:38.902-0500] {processor.py:925} INFO - DAG(s) 'example_xcom' retrieved from /home/d-salamanca/airflow-env/lib/python3.12/site-packages/airflow/example_dags/example_xcom.py
[2024-09-28T23:58:39.683-0500] {logging_mixin.py:190} INFO - [2024-09-28T23:58:39.682-0500] {override.py:1901} INFO - Created Permission View: can edit on DAG:example_xcom
[2024-09-28T23:58:39.898-0500] {logging_mixin.py:190} INFO - [2024-09-28T23:58:39.896-0500] {override.py:1901} INFO - Created Permission View: can read on DAG:example_xcom
[2024-09-28T23:58:40.044-0500] {logging_mixin.py:190} INFO - [2024-09-28T23:58:40.043-0500] {override.py:1901} INFO - Created Permission View: can delete on DAG:example_xcom
[2024-09-28T23:58:40.350-0500] {logging_mixin.py:190} INFO - [2024-09-28T23:58:40.316-0500] {override.py:1901} INFO - Created Permission View: menu access on DAG Run:example_xcom
[2024-09-28T23:58:40.506-0500] {logging_mixin.py:190} INFO - [2024-09-28T23:58:40.505-0500] {override.py:1901} INFO - Created Permission View: can read on DAG Run:example_xcom
[2024-09-28T23:58:40.707-0500] {logging_mixin.py:190} INFO - [2024-09-28T23:58:40.706-0500] {override.py:1901} INFO - Created Permission View: can delete on DAG Run:example_xcom
[2024-09-28T23:58:40.908-0500] {logging_mixin.py:190} INFO - [2024-09-28T23:58:40.907-0500] {override.py:1901} INFO - Created Permission View: can create on DAG Run:example_xcom
[2024-09-28T23:58:40.910-0500] {logging_mixin.py:190} INFO - [2024-09-28T23:58:40.909-0500] {dag.py:3239} INFO - Sync 1 DAGs
[2024-09-28T23:58:40.929-0500] {logging_mixin.py:190} INFO - [2024-09-28T23:58:40.929-0500] {dag.py:3262} INFO - Creating ORM DAG for example_xcom
[2024-09-28T23:58:40.939-0500] {logging_mixin.py:190} INFO - [2024-09-28T23:58:40.939-0500] {dag.py:4180} INFO - Setting next_dagrun for example_xcom to 2021-01-01 00:00:00+00:00, run_after=2021-01-01 00:00:00+00:00
[2024-09-28T23:58:41.110-0500] {processor.py:208} INFO - Processing /home/d-salamanca/airflow-env/lib/python3.12/site-packages/airflow/example_dags/example_xcom.py took 2.275 seconds
[2024-09-29T00:18:46.563-0500] {processor.py:186} INFO - Started process (PID=28563) to work on /home/d-salamanca/airflow-env/lib/python3.12/site-packages/airflow/example_dags/example_xcom.py
[2024-09-29T00:18:46.569-0500] {processor.py:914} INFO - Processing file /home/d-salamanca/airflow-env/lib/python3.12/site-packages/airflow/example_dags/example_xcom.py for tasks to queue
[2024-09-29T00:18:46.571-0500] {logging_mixin.py:190} INFO - [2024-09-29T00:18:46.571-0500] {dagbag.py:588} INFO - Filling up the DagBag from /home/d-salamanca/airflow-env/lib/python3.12/site-packages/airflow/example_dags/example_xcom.py
[2024-09-29T00:18:46.596-0500] {processor.py:925} INFO - DAG(s) 'example_xcom' retrieved from /home/d-salamanca/airflow-env/lib/python3.12/site-packages/airflow/example_dags/example_xcom.py
[2024-09-29T00:18:46.618-0500] {logging_mixin.py:190} INFO - [2024-09-29T00:18:46.617-0500] {dag.py:3239} INFO - Sync 1 DAGs
[2024-09-29T00:18:46.640-0500] {logging_mixin.py:190} INFO - [2024-09-29T00:18:46.640-0500] {dag.py:4180} INFO - Setting next_dagrun for example_xcom to 2021-01-01 00:00:00+00:00, run_after=2021-01-01 00:00:00+00:00
[2024-09-29T00:18:46.683-0500] {processor.py:208} INFO - Processing /home/d-salamanca/airflow-env/lib/python3.12/site-packages/airflow/example_dags/example_xcom.py took 0.130 seconds
[2024-09-29T00:20:18.775-0500] {processor.py:186} INFO - Started process (PID=28681) to work on /home/d-salamanca/airflow-env/lib/python3.12/site-packages/airflow/example_dags/example_xcom.py
[2024-09-29T00:20:18.793-0500] {processor.py:914} INFO - Processing file /home/d-salamanca/airflow-env/lib/python3.12/site-packages/airflow/example_dags/example_xcom.py for tasks to queue
[2024-09-29T00:20:18.797-0500] {logging_mixin.py:190} INFO - [2024-09-29T00:20:18.796-0500] {dagbag.py:588} INFO - Filling up the DagBag from /home/d-salamanca/airflow-env/lib/python3.12/site-packages/airflow/example_dags/example_xcom.py
[2024-09-29T00:20:18.810-0500] {processor.py:925} INFO - DAG(s) 'example_xcom' retrieved from /home/d-salamanca/airflow-env/lib/python3.12/site-packages/airflow/example_dags/example_xcom.py
[2024-09-29T00:20:18.830-0500] {logging_mixin.py:190} INFO - [2024-09-29T00:20:18.830-0500] {dag.py:3239} INFO - Sync 1 DAGs
[2024-09-29T00:20:18.852-0500] {logging_mixin.py:190} INFO - [2024-09-29T00:20:18.852-0500] {dag.py:4180} INFO - Setting next_dagrun for example_xcom to 2021-01-01 00:00:00+00:00, run_after=2021-01-01 00:00:00+00:00
[2024-09-29T00:20:18.890-0500] {processor.py:208} INFO - Processing /home/d-salamanca/airflow-env/lib/python3.12/site-packages/airflow/example_dags/example_xcom.py took 0.123 seconds
[2024-09-29T00:21:11.797-0500] {processor.py:186} INFO - Started process (PID=28723) to work on /home/d-salamanca/airflow-env/lib/python3.12/site-packages/airflow/example_dags/example_xcom.py
[2024-09-29T00:21:11.799-0500] {processor.py:914} INFO - Processing file /home/d-salamanca/airflow-env/lib/python3.12/site-packages/airflow/example_dags/example_xcom.py for tasks to queue
[2024-09-29T00:21:11.802-0500] {logging_mixin.py:190} INFO - [2024-09-29T00:21:11.802-0500] {dagbag.py:588} INFO - Filling up the DagBag from /home/d-salamanca/airflow-env/lib/python3.12/site-packages/airflow/example_dags/example_xcom.py
[2024-09-29T00:21:11.830-0500] {processor.py:925} INFO - DAG(s) 'example_xcom' retrieved from /home/d-salamanca/airflow-env/lib/python3.12/site-packages/airflow/example_dags/example_xcom.py
[2024-09-29T00:21:11.856-0500] {logging_mixin.py:190} INFO - [2024-09-29T00:21:11.856-0500] {dag.py:3239} INFO - Sync 1 DAGs
[2024-09-29T00:21:11.883-0500] {logging_mixin.py:190} INFO - [2024-09-29T00:21:11.883-0500] {dag.py:4180} INFO - Setting next_dagrun for example_xcom to 2021-01-01 00:00:00+00:00, run_after=2021-01-01 00:00:00+00:00
[2024-09-29T00:21:11.969-0500] {processor.py:208} INFO - Processing /home/d-salamanca/airflow-env/lib/python3.12/site-packages/airflow/example_dags/example_xcom.py took 0.179 seconds
[2024-09-29T00:21:59.874-0500] {processor.py:186} INFO - Started process (PID=28756) to work on /home/d-salamanca/airflow-env/lib/python3.12/site-packages/airflow/example_dags/example_xcom.py
[2024-09-29T00:21:59.875-0500] {processor.py:914} INFO - Processing file /home/d-salamanca/airflow-env/lib/python3.12/site-packages/airflow/example_dags/example_xcom.py for tasks to queue
[2024-09-29T00:21:59.878-0500] {logging_mixin.py:190} INFO - [2024-09-29T00:21:59.878-0500] {dagbag.py:588} INFO - Filling up the DagBag from /home/d-salamanca/airflow-env/lib/python3.12/site-packages/airflow/example_dags/example_xcom.py
[2024-09-29T00:21:59.890-0500] {processor.py:925} INFO - DAG(s) 'example_xcom' retrieved from /home/d-salamanca/airflow-env/lib/python3.12/site-packages/airflow/example_dags/example_xcom.py
[2024-09-29T00:21:59.910-0500] {logging_mixin.py:190} INFO - [2024-09-29T00:21:59.910-0500] {dag.py:3239} INFO - Sync 1 DAGs
[2024-09-29T00:21:59.932-0500] {logging_mixin.py:190} INFO - [2024-09-29T00:21:59.932-0500] {dag.py:4180} INFO - Setting next_dagrun for example_xcom to 2021-01-01 00:00:00+00:00, run_after=2021-01-01 00:00:00+00:00
[2024-09-29T00:22:00.045-0500] {processor.py:208} INFO - Processing /home/d-salamanca/airflow-env/lib/python3.12/site-packages/airflow/example_dags/example_xcom.py took 0.178 seconds
[2024-09-29T00:22:51.821-0500] {processor.py:186} INFO - Started process (PID=28797) to work on /home/d-salamanca/airflow-env/lib/python3.12/site-packages/airflow/example_dags/example_xcom.py
[2024-09-29T00:22:51.822-0500] {processor.py:914} INFO - Processing file /home/d-salamanca/airflow-env/lib/python3.12/site-packages/airflow/example_dags/example_xcom.py for tasks to queue
[2024-09-29T00:22:51.825-0500] {logging_mixin.py:190} INFO - [2024-09-29T00:22:51.824-0500] {dagbag.py:588} INFO - Filling up the DagBag from /home/d-salamanca/airflow-env/lib/python3.12/site-packages/airflow/example_dags/example_xcom.py
[2024-09-29T00:22:51.839-0500] {processor.py:925} INFO - DAG(s) 'example_xcom' retrieved from /home/d-salamanca/airflow-env/lib/python3.12/site-packages/airflow/example_dags/example_xcom.py
[2024-09-29T00:22:51.865-0500] {logging_mixin.py:190} INFO - [2024-09-29T00:22:51.865-0500] {dag.py:3239} INFO - Sync 1 DAGs
[2024-09-29T00:22:51.891-0500] {logging_mixin.py:190} INFO - [2024-09-29T00:22:51.891-0500] {dag.py:4180} INFO - Setting next_dagrun for example_xcom to 2021-01-01 00:00:00+00:00, run_after=2021-01-01 00:00:00+00:00
[2024-09-29T00:22:51.927-0500] {processor.py:208} INFO - Processing /home/d-salamanca/airflow-env/lib/python3.12/site-packages/airflow/example_dags/example_xcom.py took 0.116 seconds
[2024-09-29T00:23:37.061-0500] {processor.py:186} INFO - Started process (PID=28832) to work on /home/d-salamanca/airflow-env/lib/python3.12/site-packages/airflow/example_dags/example_xcom.py
[2024-09-29T00:23:37.062-0500] {processor.py:914} INFO - Processing file /home/d-salamanca/airflow-env/lib/python3.12/site-packages/airflow/example_dags/example_xcom.py for tasks to queue
[2024-09-29T00:23:37.064-0500] {logging_mixin.py:190} INFO - [2024-09-29T00:23:37.064-0500] {dagbag.py:588} INFO - Filling up the DagBag from /home/d-salamanca/airflow-env/lib/python3.12/site-packages/airflow/example_dags/example_xcom.py
[2024-09-29T00:23:37.075-0500] {processor.py:925} INFO - DAG(s) 'example_xcom' retrieved from /home/d-salamanca/airflow-env/lib/python3.12/site-packages/airflow/example_dags/example_xcom.py
[2024-09-29T00:23:37.095-0500] {logging_mixin.py:190} INFO - [2024-09-29T00:23:37.095-0500] {dag.py:3239} INFO - Sync 1 DAGs
[2024-09-29T00:23:37.117-0500] {logging_mixin.py:190} INFO - [2024-09-29T00:23:37.117-0500] {dag.py:4180} INFO - Setting next_dagrun for example_xcom to 2021-01-01 00:00:00+00:00, run_after=2021-01-01 00:00:00+00:00
[2024-09-29T00:23:37.153-0500] {processor.py:208} INFO - Processing /home/d-salamanca/airflow-env/lib/python3.12/site-packages/airflow/example_dags/example_xcom.py took 0.100 seconds
[2024-09-29T00:24:56.536-0500] {processor.py:186} INFO - Started process (PID=28902) to work on /home/d-salamanca/airflow-env/lib/python3.12/site-packages/airflow/example_dags/example_xcom.py
[2024-09-29T00:24:56.537-0500] {processor.py:914} INFO - Processing file /home/d-salamanca/airflow-env/lib/python3.12/site-packages/airflow/example_dags/example_xcom.py for tasks to queue
[2024-09-29T00:24:56.539-0500] {logging_mixin.py:190} INFO - [2024-09-29T00:24:56.539-0500] {dagbag.py:588} INFO - Filling up the DagBag from /home/d-salamanca/airflow-env/lib/python3.12/site-packages/airflow/example_dags/example_xcom.py
[2024-09-29T00:24:56.551-0500] {processor.py:925} INFO - DAG(s) 'example_xcom' retrieved from /home/d-salamanca/airflow-env/lib/python3.12/site-packages/airflow/example_dags/example_xcom.py
[2024-09-29T00:24:56.570-0500] {logging_mixin.py:190} INFO - [2024-09-29T00:24:56.570-0500] {dag.py:3239} INFO - Sync 1 DAGs
[2024-09-29T00:24:56.592-0500] {logging_mixin.py:190} INFO - [2024-09-29T00:24:56.592-0500] {dag.py:4180} INFO - Setting next_dagrun for example_xcom to 2021-01-01 00:00:00+00:00, run_after=2021-01-01 00:00:00+00:00
[2024-09-29T00:24:56.668-0500] {processor.py:208} INFO - Processing /home/d-salamanca/airflow-env/lib/python3.12/site-packages/airflow/example_dags/example_xcom.py took 0.140 seconds
[2024-09-29T00:25:44.460-0500] {processor.py:186} INFO - Started process (PID=28941) to work on /home/d-salamanca/airflow-env/lib/python3.12/site-packages/airflow/example_dags/example_xcom.py
[2024-09-29T00:25:44.461-0500] {processor.py:914} INFO - Processing file /home/d-salamanca/airflow-env/lib/python3.12/site-packages/airflow/example_dags/example_xcom.py for tasks to queue
[2024-09-29T00:25:44.465-0500] {logging_mixin.py:190} INFO - [2024-09-29T00:25:44.464-0500] {dagbag.py:588} INFO - Filling up the DagBag from /home/d-salamanca/airflow-env/lib/python3.12/site-packages/airflow/example_dags/example_xcom.py
[2024-09-29T00:25:44.478-0500] {processor.py:925} INFO - DAG(s) 'example_xcom' retrieved from /home/d-salamanca/airflow-env/lib/python3.12/site-packages/airflow/example_dags/example_xcom.py
[2024-09-29T00:25:44.629-0500] {logging_mixin.py:190} INFO - [2024-09-29T00:25:44.629-0500] {dag.py:3239} INFO - Sync 1 DAGs
[2024-09-29T00:25:44.648-0500] {logging_mixin.py:190} INFO - [2024-09-29T00:25:44.647-0500] {dag.py:4180} INFO - Setting next_dagrun for example_xcom to 2021-01-01 00:00:00+00:00, run_after=2021-01-01 00:00:00+00:00
[2024-09-29T00:25:44.728-0500] {processor.py:208} INFO - Processing /home/d-salamanca/airflow-env/lib/python3.12/site-packages/airflow/example_dags/example_xcom.py took 0.276 seconds
[2024-09-29T00:26:34.411-0500] {processor.py:186} INFO - Started process (PID=28989) to work on /home/d-salamanca/airflow-env/lib/python3.12/site-packages/airflow/example_dags/example_xcom.py
[2024-09-29T00:26:34.412-0500] {processor.py:914} INFO - Processing file /home/d-salamanca/airflow-env/lib/python3.12/site-packages/airflow/example_dags/example_xcom.py for tasks to queue
[2024-09-29T00:26:34.414-0500] {logging_mixin.py:190} INFO - [2024-09-29T00:26:34.414-0500] {dagbag.py:588} INFO - Filling up the DagBag from /home/d-salamanca/airflow-env/lib/python3.12/site-packages/airflow/example_dags/example_xcom.py
[2024-09-29T00:26:34.426-0500] {processor.py:925} INFO - DAG(s) 'example_xcom' retrieved from /home/d-salamanca/airflow-env/lib/python3.12/site-packages/airflow/example_dags/example_xcom.py
[2024-09-29T00:26:34.447-0500] {logging_mixin.py:190} INFO - [2024-09-29T00:26:34.446-0500] {dag.py:3239} INFO - Sync 1 DAGs
[2024-09-29T00:26:34.470-0500] {logging_mixin.py:190} INFO - [2024-09-29T00:26:34.469-0500] {dag.py:4180} INFO - Setting next_dagrun for example_xcom to 2021-01-01 00:00:00+00:00, run_after=2021-01-01 00:00:00+00:00
[2024-09-29T00:26:34.520-0500] {processor.py:208} INFO - Processing /home/d-salamanca/airflow-env/lib/python3.12/site-packages/airflow/example_dags/example_xcom.py took 0.117 seconds
[2024-09-29T00:27:20.519-0500] {processor.py:186} INFO - Started process (PID=29063) to work on /home/d-salamanca/airflow-env/lib/python3.12/site-packages/airflow/example_dags/example_xcom.py
[2024-09-29T00:27:20.576-0500] {processor.py:914} INFO - Processing file /home/d-salamanca/airflow-env/lib/python3.12/site-packages/airflow/example_dags/example_xcom.py for tasks to queue
[2024-09-29T00:27:20.582-0500] {logging_mixin.py:190} INFO - [2024-09-29T00:27:20.581-0500] {dagbag.py:588} INFO - Filling up the DagBag from /home/d-salamanca/airflow-env/lib/python3.12/site-packages/airflow/example_dags/example_xcom.py
[2024-09-29T00:27:20.596-0500] {processor.py:925} INFO - DAG(s) 'example_xcom' retrieved from /home/d-salamanca/airflow-env/lib/python3.12/site-packages/airflow/example_dags/example_xcom.py
[2024-09-29T00:27:20.615-0500] {logging_mixin.py:190} INFO - [2024-09-29T00:27:20.615-0500] {dag.py:3239} INFO - Sync 1 DAGs
[2024-09-29T00:27:20.638-0500] {logging_mixin.py:190} INFO - [2024-09-29T00:27:20.637-0500] {dag.py:4180} INFO - Setting next_dagrun for example_xcom to 2021-01-01 00:00:00+00:00, run_after=2021-01-01 00:00:00+00:00
[2024-09-29T00:27:20.715-0500] {processor.py:208} INFO - Processing /home/d-salamanca/airflow-env/lib/python3.12/site-packages/airflow/example_dags/example_xcom.py took 0.203 seconds
[2024-09-29T00:28:09.116-0500] {processor.py:186} INFO - Started process (PID=29138) to work on /home/d-salamanca/airflow-env/lib/python3.12/site-packages/airflow/example_dags/example_xcom.py
[2024-09-29T00:28:09.117-0500] {processor.py:914} INFO - Processing file /home/d-salamanca/airflow-env/lib/python3.12/site-packages/airflow/example_dags/example_xcom.py for tasks to queue
[2024-09-29T00:28:09.121-0500] {logging_mixin.py:190} INFO - [2024-09-29T00:28:09.120-0500] {dagbag.py:588} INFO - Filling up the DagBag from /home/d-salamanca/airflow-env/lib/python3.12/site-packages/airflow/example_dags/example_xcom.py
[2024-09-29T00:28:09.153-0500] {processor.py:925} INFO - DAG(s) 'example_xcom' retrieved from /home/d-salamanca/airflow-env/lib/python3.12/site-packages/airflow/example_dags/example_xcom.py
[2024-09-29T00:28:09.187-0500] {logging_mixin.py:190} INFO - [2024-09-29T00:28:09.186-0500] {dag.py:3239} INFO - Sync 1 DAGs
[2024-09-29T00:28:09.231-0500] {logging_mixin.py:190} INFO - [2024-09-29T00:28:09.230-0500] {dag.py:4180} INFO - Setting next_dagrun for example_xcom to 2021-01-01 00:00:00+00:00, run_after=2021-01-01 00:00:00+00:00
[2024-09-29T00:28:09.291-0500] {processor.py:208} INFO - Processing /home/d-salamanca/airflow-env/lib/python3.12/site-packages/airflow/example_dags/example_xcom.py took 0.184 seconds
[2024-09-29T00:29:06.879-0500] {processor.py:186} INFO - Started process (PID=29218) to work on /home/d-salamanca/airflow-env/lib/python3.12/site-packages/airflow/example_dags/example_xcom.py
[2024-09-29T00:29:07.000-0500] {processor.py:914} INFO - Processing file /home/d-salamanca/airflow-env/lib/python3.12/site-packages/airflow/example_dags/example_xcom.py for tasks to queue
[2024-09-29T00:29:07.005-0500] {logging_mixin.py:190} INFO - [2024-09-29T00:29:07.004-0500] {dagbag.py:588} INFO - Filling up the DagBag from /home/d-salamanca/airflow-env/lib/python3.12/site-packages/airflow/example_dags/example_xcom.py
[2024-09-29T00:29:07.123-0500] {processor.py:925} INFO - DAG(s) 'example_xcom' retrieved from /home/d-salamanca/airflow-env/lib/python3.12/site-packages/airflow/example_dags/example_xcom.py
[2024-09-29T00:29:07.143-0500] {logging_mixin.py:190} INFO - [2024-09-29T00:29:07.143-0500] {dag.py:3239} INFO - Sync 1 DAGs
[2024-09-29T00:29:07.165-0500] {logging_mixin.py:190} INFO - [2024-09-29T00:29:07.165-0500] {dag.py:4180} INFO - Setting next_dagrun for example_xcom to 2021-01-01 00:00:00+00:00, run_after=2021-01-01 00:00:00+00:00
[2024-09-29T00:29:08.040-0500] {processor.py:208} INFO - Processing /home/d-salamanca/airflow-env/lib/python3.12/site-packages/airflow/example_dags/example_xcom.py took 1.177 seconds
[2024-09-29T00:30:32.630-0500] {processor.py:186} INFO - Started process (PID=29274) to work on /home/d-salamanca/airflow-env/lib/python3.12/site-packages/airflow/example_dags/example_xcom.py
[2024-09-29T00:30:32.721-0500] {processor.py:914} INFO - Processing file /home/d-salamanca/airflow-env/lib/python3.12/site-packages/airflow/example_dags/example_xcom.py for tasks to queue
[2024-09-29T00:30:32.727-0500] {logging_mixin.py:190} INFO - [2024-09-29T00:30:32.726-0500] {dagbag.py:588} INFO - Filling up the DagBag from /home/d-salamanca/airflow-env/lib/python3.12/site-packages/airflow/example_dags/example_xcom.py
[2024-09-29T00:30:32.775-0500] {processor.py:925} INFO - DAG(s) 'example_xcom' retrieved from /home/d-salamanca/airflow-env/lib/python3.12/site-packages/airflow/example_dags/example_xcom.py
[2024-09-29T00:30:32.793-0500] {logging_mixin.py:190} INFO - [2024-09-29T00:30:32.793-0500] {dag.py:3239} INFO - Sync 1 DAGs
[2024-09-29T00:30:32.816-0500] {logging_mixin.py:190} INFO - [2024-09-29T00:30:32.815-0500] {dag.py:4180} INFO - Setting next_dagrun for example_xcom to 2021-01-01 00:00:00+00:00, run_after=2021-01-01 00:00:00+00:00
[2024-09-29T00:30:33.056-0500] {processor.py:208} INFO - Processing /home/d-salamanca/airflow-env/lib/python3.12/site-packages/airflow/example_dags/example_xcom.py took 0.433 seconds
[2024-09-29T00:31:40.185-0500] {processor.py:186} INFO - Started process (PID=29324) to work on /home/d-salamanca/airflow-env/lib/python3.12/site-packages/airflow/example_dags/example_xcom.py
[2024-09-29T00:31:40.222-0500] {processor.py:914} INFO - Processing file /home/d-salamanca/airflow-env/lib/python3.12/site-packages/airflow/example_dags/example_xcom.py for tasks to queue
[2024-09-29T00:31:40.228-0500] {logging_mixin.py:190} INFO - [2024-09-29T00:31:40.227-0500] {dagbag.py:588} INFO - Filling up the DagBag from /home/d-salamanca/airflow-env/lib/python3.12/site-packages/airflow/example_dags/example_xcom.py
[2024-09-29T00:31:40.269-0500] {processor.py:925} INFO - DAG(s) 'example_xcom' retrieved from /home/d-salamanca/airflow-env/lib/python3.12/site-packages/airflow/example_dags/example_xcom.py
[2024-09-29T00:31:40.291-0500] {logging_mixin.py:190} INFO - [2024-09-29T00:31:40.290-0500] {dag.py:3239} INFO - Sync 1 DAGs
[2024-09-29T00:31:40.314-0500] {logging_mixin.py:190} INFO - [2024-09-29T00:31:40.314-0500] {dag.py:4180} INFO - Setting next_dagrun for example_xcom to 2021-01-01 00:00:00+00:00, run_after=2021-01-01 00:00:00+00:00
[2024-09-29T00:31:40.370-0500] {processor.py:208} INFO - Processing /home/d-salamanca/airflow-env/lib/python3.12/site-packages/airflow/example_dags/example_xcom.py took 0.198 seconds
[2024-09-29T00:32:27.058-0500] {processor.py:186} INFO - Started process (PID=29364) to work on /home/d-salamanca/airflow-env/lib/python3.12/site-packages/airflow/example_dags/example_xcom.py
[2024-09-29T00:32:27.060-0500] {processor.py:914} INFO - Processing file /home/d-salamanca/airflow-env/lib/python3.12/site-packages/airflow/example_dags/example_xcom.py for tasks to queue
[2024-09-29T00:32:27.064-0500] {logging_mixin.py:190} INFO - [2024-09-29T00:32:27.064-0500] {dagbag.py:588} INFO - Filling up the DagBag from /home/d-salamanca/airflow-env/lib/python3.12/site-packages/airflow/example_dags/example_xcom.py
[2024-09-29T00:32:27.078-0500] {processor.py:925} INFO - DAG(s) 'example_xcom' retrieved from /home/d-salamanca/airflow-env/lib/python3.12/site-packages/airflow/example_dags/example_xcom.py
[2024-09-29T00:32:27.099-0500] {logging_mixin.py:190} INFO - [2024-09-29T00:32:27.099-0500] {dag.py:3239} INFO - Sync 1 DAGs
[2024-09-29T00:32:27.153-0500] {logging_mixin.py:190} INFO - [2024-09-29T00:32:27.153-0500] {dag.py:4180} INFO - Setting next_dagrun for example_xcom to 2021-01-01 00:00:00+00:00, run_after=2021-01-01 00:00:00+00:00
[2024-09-29T00:32:27.185-0500] {processor.py:208} INFO - Processing /home/d-salamanca/airflow-env/lib/python3.12/site-packages/airflow/example_dags/example_xcom.py took 0.139 seconds
[2024-09-29T00:33:49.730-0500] {processor.py:186} INFO - Started process (PID=29466) to work on /home/d-salamanca/airflow-env/lib/python3.12/site-packages/airflow/example_dags/example_xcom.py
[2024-09-29T00:33:49.755-0500] {processor.py:914} INFO - Processing file /home/d-salamanca/airflow-env/lib/python3.12/site-packages/airflow/example_dags/example_xcom.py for tasks to queue
[2024-09-29T00:33:49.760-0500] {logging_mixin.py:190} INFO - [2024-09-29T00:33:49.759-0500] {dagbag.py:588} INFO - Filling up the DagBag from /home/d-salamanca/airflow-env/lib/python3.12/site-packages/airflow/example_dags/example_xcom.py
[2024-09-29T00:33:49.786-0500] {processor.py:925} INFO - DAG(s) 'example_xcom' retrieved from /home/d-salamanca/airflow-env/lib/python3.12/site-packages/airflow/example_dags/example_xcom.py
[2024-09-29T00:33:49.806-0500] {logging_mixin.py:190} INFO - [2024-09-29T00:33:49.806-0500] {dag.py:3239} INFO - Sync 1 DAGs
[2024-09-29T00:33:49.829-0500] {logging_mixin.py:190} INFO - [2024-09-29T00:33:49.829-0500] {dag.py:4180} INFO - Setting next_dagrun for example_xcom to 2021-01-01 00:00:00+00:00, run_after=2021-01-01 00:00:00+00:00
[2024-09-29T00:33:50.047-0500] {processor.py:208} INFO - Processing /home/d-salamanca/airflow-env/lib/python3.12/site-packages/airflow/example_dags/example_xcom.py took 0.404 seconds
[2024-09-29T00:34:35.705-0500] {processor.py:186} INFO - Started process (PID=29507) to work on /home/d-salamanca/airflow-env/lib/python3.12/site-packages/airflow/example_dags/example_xcom.py
[2024-09-29T00:34:35.729-0500] {processor.py:914} INFO - Processing file /home/d-salamanca/airflow-env/lib/python3.12/site-packages/airflow/example_dags/example_xcom.py for tasks to queue
[2024-09-29T00:34:35.734-0500] {logging_mixin.py:190} INFO - [2024-09-29T00:34:35.733-0500] {dagbag.py:588} INFO - Filling up the DagBag from /home/d-salamanca/airflow-env/lib/python3.12/site-packages/airflow/example_dags/example_xcom.py
[2024-09-29T00:34:35.779-0500] {processor.py:925} INFO - DAG(s) 'example_xcom' retrieved from /home/d-salamanca/airflow-env/lib/python3.12/site-packages/airflow/example_dags/example_xcom.py
[2024-09-29T00:34:35.803-0500] {logging_mixin.py:190} INFO - [2024-09-29T00:34:35.803-0500] {dag.py:3239} INFO - Sync 1 DAGs
[2024-09-29T00:34:35.826-0500] {logging_mixin.py:190} INFO - [2024-09-29T00:34:35.825-0500] {dag.py:4180} INFO - Setting next_dagrun for example_xcom to 2021-01-01 00:00:00+00:00, run_after=2021-01-01 00:00:00+00:00
[2024-09-29T00:34:35.850-0500] {processor.py:208} INFO - Processing /home/d-salamanca/airflow-env/lib/python3.12/site-packages/airflow/example_dags/example_xcom.py took 0.154 seconds
[2024-09-29T08:20:10.726-0500] {processor.py:186} INFO - Started process (PID=29754) to work on /home/d-salamanca/airflow-env/lib/python3.12/site-packages/airflow/example_dags/example_xcom.py
[2024-09-29T08:20:10.786-0500] {processor.py:914} INFO - Processing file /home/d-salamanca/airflow-env/lib/python3.12/site-packages/airflow/example_dags/example_xcom.py for tasks to queue
[2024-09-29T08:20:10.791-0500] {logging_mixin.py:190} INFO - [2024-09-29T08:20:10.790-0500] {dagbag.py:588} INFO - Filling up the DagBag from /home/d-salamanca/airflow-env/lib/python3.12/site-packages/airflow/example_dags/example_xcom.py
[2024-09-29T08:20:10.819-0500] {processor.py:925} INFO - DAG(s) 'example_xcom' retrieved from /home/d-salamanca/airflow-env/lib/python3.12/site-packages/airflow/example_dags/example_xcom.py
[2024-09-29T08:20:10.840-0500] {logging_mixin.py:190} INFO - [2024-09-29T08:20:10.839-0500] {dag.py:3239} INFO - Sync 1 DAGs
[2024-09-29T08:20:10.863-0500] {logging_mixin.py:190} INFO - [2024-09-29T08:20:10.863-0500] {dag.py:4180} INFO - Setting next_dagrun for example_xcom to 2021-01-01 00:00:00+00:00, run_after=2021-01-01 00:00:00+00:00
[2024-09-29T08:20:10.985-0500] {processor.py:208} INFO - Processing /home/d-salamanca/airflow-env/lib/python3.12/site-packages/airflow/example_dags/example_xcom.py took 0.266 seconds
[2024-09-29T08:21:14.170-0500] {processor.py:186} INFO - Started process (PID=29834) to work on /home/d-salamanca/airflow-env/lib/python3.12/site-packages/airflow/example_dags/example_xcom.py
[2024-09-29T08:21:14.258-0500] {processor.py:914} INFO - Processing file /home/d-salamanca/airflow-env/lib/python3.12/site-packages/airflow/example_dags/example_xcom.py for tasks to queue
[2024-09-29T08:21:14.261-0500] {logging_mixin.py:190} INFO - [2024-09-29T08:21:14.261-0500] {dagbag.py:588} INFO - Filling up the DagBag from /home/d-salamanca/airflow-env/lib/python3.12/site-packages/airflow/example_dags/example_xcom.py
[2024-09-29T08:21:14.274-0500] {processor.py:925} INFO - DAG(s) 'example_xcom' retrieved from /home/d-salamanca/airflow-env/lib/python3.12/site-packages/airflow/example_dags/example_xcom.py
[2024-09-29T08:21:14.294-0500] {logging_mixin.py:190} INFO - [2024-09-29T08:21:14.294-0500] {dag.py:3239} INFO - Sync 1 DAGs
[2024-09-29T08:21:14.320-0500] {logging_mixin.py:190} INFO - [2024-09-29T08:21:14.320-0500] {dag.py:4180} INFO - Setting next_dagrun for example_xcom to 2021-01-01 00:00:00+00:00, run_after=2021-01-01 00:00:00+00:00
[2024-09-29T08:21:14.933-0500] {processor.py:208} INFO - Processing /home/d-salamanca/airflow-env/lib/python3.12/site-packages/airflow/example_dags/example_xcom.py took 0.772 seconds
[2024-09-29T08:22:16.236-0500] {processor.py:186} INFO - Started process (PID=29872) to work on /home/d-salamanca/airflow-env/lib/python3.12/site-packages/airflow/example_dags/example_xcom.py
[2024-09-29T08:22:16.270-0500] {processor.py:914} INFO - Processing file /home/d-salamanca/airflow-env/lib/python3.12/site-packages/airflow/example_dags/example_xcom.py for tasks to queue
[2024-09-29T08:22:16.277-0500] {logging_mixin.py:190} INFO - [2024-09-29T08:22:16.276-0500] {dagbag.py:588} INFO - Filling up the DagBag from /home/d-salamanca/airflow-env/lib/python3.12/site-packages/airflow/example_dags/example_xcom.py
[2024-09-29T08:22:16.466-0500] {processor.py:925} INFO - DAG(s) 'example_xcom' retrieved from /home/d-salamanca/airflow-env/lib/python3.12/site-packages/airflow/example_dags/example_xcom.py
[2024-09-29T08:22:16.587-0500] {logging_mixin.py:190} INFO - [2024-09-29T08:22:16.586-0500] {dag.py:3239} INFO - Sync 1 DAGs
[2024-09-29T08:22:16.624-0500] {logging_mixin.py:190} INFO - [2024-09-29T08:22:16.624-0500] {dag.py:4180} INFO - Setting next_dagrun for example_xcom to 2021-01-01 00:00:00+00:00, run_after=2021-01-01 00:00:00+00:00
[2024-09-29T08:22:16.684-0500] {processor.py:208} INFO - Processing /home/d-salamanca/airflow-env/lib/python3.12/site-packages/airflow/example_dags/example_xcom.py took 0.559 seconds
[2024-09-29T08:23:10.656-0500] {processor.py:186} INFO - Started process (PID=29913) to work on /home/d-salamanca/airflow-env/lib/python3.12/site-packages/airflow/example_dags/example_xcom.py
[2024-09-29T08:23:10.657-0500] {processor.py:914} INFO - Processing file /home/d-salamanca/airflow-env/lib/python3.12/site-packages/airflow/example_dags/example_xcom.py for tasks to queue
[2024-09-29T08:23:10.660-0500] {logging_mixin.py:190} INFO - [2024-09-29T08:23:10.659-0500] {dagbag.py:588} INFO - Filling up the DagBag from /home/d-salamanca/airflow-env/lib/python3.12/site-packages/airflow/example_dags/example_xcom.py
[2024-09-29T08:23:10.672-0500] {processor.py:925} INFO - DAG(s) 'example_xcom' retrieved from /home/d-salamanca/airflow-env/lib/python3.12/site-packages/airflow/example_dags/example_xcom.py
[2024-09-29T08:23:10.691-0500] {logging_mixin.py:190} INFO - [2024-09-29T08:23:10.691-0500] {dag.py:3239} INFO - Sync 1 DAGs
[2024-09-29T08:23:10.714-0500] {logging_mixin.py:190} INFO - [2024-09-29T08:23:10.714-0500] {dag.py:4180} INFO - Setting next_dagrun for example_xcom to 2021-01-01 00:00:00+00:00, run_after=2021-01-01 00:00:00+00:00
[2024-09-29T08:23:10.832-0500] {processor.py:208} INFO - Processing /home/d-salamanca/airflow-env/lib/python3.12/site-packages/airflow/example_dags/example_xcom.py took 0.183 seconds
[2024-09-29T08:23:58.569-0500] {processor.py:186} INFO - Started process (PID=29951) to work on /home/d-salamanca/airflow-env/lib/python3.12/site-packages/airflow/example_dags/example_xcom.py
[2024-09-29T08:23:58.813-0500] {processor.py:914} INFO - Processing file /home/d-salamanca/airflow-env/lib/python3.12/site-packages/airflow/example_dags/example_xcom.py for tasks to queue
[2024-09-29T08:23:58.820-0500] {logging_mixin.py:190} INFO - [2024-09-29T08:23:58.819-0500] {dagbag.py:588} INFO - Filling up the DagBag from /home/d-salamanca/airflow-env/lib/python3.12/site-packages/airflow/example_dags/example_xcom.py
[2024-09-29T08:23:58.838-0500] {processor.py:925} INFO - DAG(s) 'example_xcom' retrieved from /home/d-salamanca/airflow-env/lib/python3.12/site-packages/airflow/example_dags/example_xcom.py
[2024-09-29T08:23:58.857-0500] {logging_mixin.py:190} INFO - [2024-09-29T08:23:58.857-0500] {dag.py:3239} INFO - Sync 1 DAGs
[2024-09-29T08:23:58.879-0500] {logging_mixin.py:190} INFO - [2024-09-29T08:23:58.879-0500] {dag.py:4180} INFO - Setting next_dagrun for example_xcom to 2021-01-01 00:00:00+00:00, run_after=2021-01-01 00:00:00+00:00
[2024-09-29T08:23:58.904-0500] {processor.py:208} INFO - Processing /home/d-salamanca/airflow-env/lib/python3.12/site-packages/airflow/example_dags/example_xcom.py took 0.343 seconds
[2024-09-29T08:25:20.489-0500] {processor.py:186} INFO - Started process (PID=30055) to work on /home/d-salamanca/airflow-env/lib/python3.12/site-packages/airflow/example_dags/example_xcom.py
[2024-09-29T08:25:20.510-0500] {processor.py:914} INFO - Processing file /home/d-salamanca/airflow-env/lib/python3.12/site-packages/airflow/example_dags/example_xcom.py for tasks to queue
[2024-09-29T08:25:20.514-0500] {logging_mixin.py:190} INFO - [2024-09-29T08:25:20.513-0500] {dagbag.py:588} INFO - Filling up the DagBag from /home/d-salamanca/airflow-env/lib/python3.12/site-packages/airflow/example_dags/example_xcom.py
[2024-09-29T08:25:20.527-0500] {processor.py:925} INFO - DAG(s) 'example_xcom' retrieved from /home/d-salamanca/airflow-env/lib/python3.12/site-packages/airflow/example_dags/example_xcom.py
[2024-09-29T08:25:20.546-0500] {logging_mixin.py:190} INFO - [2024-09-29T08:25:20.546-0500] {dag.py:3239} INFO - Sync 1 DAGs
[2024-09-29T08:25:20.570-0500] {logging_mixin.py:190} INFO - [2024-09-29T08:25:20.569-0500] {dag.py:4180} INFO - Setting next_dagrun for example_xcom to 2021-01-01 00:00:00+00:00, run_after=2021-01-01 00:00:00+00:00
[2024-09-29T08:25:20.664-0500] {processor.py:208} INFO - Processing /home/d-salamanca/airflow-env/lib/python3.12/site-packages/airflow/example_dags/example_xcom.py took 0.184 seconds
[2024-09-29T08:26:05.805-0500] {processor.py:186} INFO - Started process (PID=30092) to work on /home/d-salamanca/airflow-env/lib/python3.12/site-packages/airflow/example_dags/example_xcom.py
[2024-09-29T08:26:05.806-0500] {processor.py:914} INFO - Processing file /home/d-salamanca/airflow-env/lib/python3.12/site-packages/airflow/example_dags/example_xcom.py for tasks to queue
[2024-09-29T08:26:05.809-0500] {logging_mixin.py:190} INFO - [2024-09-29T08:26:05.808-0500] {dagbag.py:588} INFO - Filling up the DagBag from /home/d-salamanca/airflow-env/lib/python3.12/site-packages/airflow/example_dags/example_xcom.py
[2024-09-29T08:26:05.823-0500] {processor.py:925} INFO - DAG(s) 'example_xcom' retrieved from /home/d-salamanca/airflow-env/lib/python3.12/site-packages/airflow/example_dags/example_xcom.py
[2024-09-29T08:26:05.844-0500] {logging_mixin.py:190} INFO - [2024-09-29T08:26:05.844-0500] {dag.py:3239} INFO - Sync 1 DAGs
[2024-09-29T08:26:05.867-0500] {logging_mixin.py:190} INFO - [2024-09-29T08:26:05.867-0500] {dag.py:4180} INFO - Setting next_dagrun for example_xcom to 2021-01-01 00:00:00+00:00, run_after=2021-01-01 00:00:00+00:00
[2024-09-29T08:26:05.896-0500] {processor.py:208} INFO - Processing /home/d-salamanca/airflow-env/lib/python3.12/site-packages/airflow/example_dags/example_xcom.py took 0.098 seconds
[2024-09-29T08:27:25.571-0500] {processor.py:186} INFO - Started process (PID=30160) to work on /home/d-salamanca/airflow-env/lib/python3.12/site-packages/airflow/example_dags/example_xcom.py
[2024-09-29T08:27:25.579-0500] {processor.py:914} INFO - Processing file /home/d-salamanca/airflow-env/lib/python3.12/site-packages/airflow/example_dags/example_xcom.py for tasks to queue
[2024-09-29T08:27:25.582-0500] {logging_mixin.py:190} INFO - [2024-09-29T08:27:25.582-0500] {dagbag.py:588} INFO - Filling up the DagBag from /home/d-salamanca/airflow-env/lib/python3.12/site-packages/airflow/example_dags/example_xcom.py
[2024-09-29T08:27:25.594-0500] {processor.py:925} INFO - DAG(s) 'example_xcom' retrieved from /home/d-salamanca/airflow-env/lib/python3.12/site-packages/airflow/example_dags/example_xcom.py
[2024-09-29T08:27:25.614-0500] {logging_mixin.py:190} INFO - [2024-09-29T08:27:25.613-0500] {dag.py:3239} INFO - Sync 1 DAGs
[2024-09-29T08:27:25.636-0500] {logging_mixin.py:190} INFO - [2024-09-29T08:27:25.635-0500] {dag.py:4180} INFO - Setting next_dagrun for example_xcom to 2021-01-01 00:00:00+00:00, run_after=2021-01-01 00:00:00+00:00
[2024-09-29T08:27:25.815-0500] {processor.py:208} INFO - Processing /home/d-salamanca/airflow-env/lib/python3.12/site-packages/airflow/example_dags/example_xcom.py took 0.252 seconds
[2024-09-29T08:28:39.801-0500] {processor.py:186} INFO - Started process (PID=30227) to work on /home/d-salamanca/airflow-env/lib/python3.12/site-packages/airflow/example_dags/example_xcom.py
[2024-09-29T08:28:39.820-0500] {processor.py:914} INFO - Processing file /home/d-salamanca/airflow-env/lib/python3.12/site-packages/airflow/example_dags/example_xcom.py for tasks to queue
[2024-09-29T08:28:39.823-0500] {logging_mixin.py:190} INFO - [2024-09-29T08:28:39.822-0500] {dagbag.py:588} INFO - Filling up the DagBag from /home/d-salamanca/airflow-env/lib/python3.12/site-packages/airflow/example_dags/example_xcom.py
[2024-09-29T08:28:39.837-0500] {processor.py:925} INFO - DAG(s) 'example_xcom' retrieved from /home/d-salamanca/airflow-env/lib/python3.12/site-packages/airflow/example_dags/example_xcom.py
[2024-09-29T08:28:39.857-0500] {logging_mixin.py:190} INFO - [2024-09-29T08:28:39.856-0500] {dag.py:3239} INFO - Sync 1 DAGs
[2024-09-29T08:28:39.880-0500] {logging_mixin.py:190} INFO - [2024-09-29T08:28:39.879-0500] {dag.py:4180} INFO - Setting next_dagrun for example_xcom to 2021-01-01 00:00:00+00:00, run_after=2021-01-01 00:00:00+00:00
[2024-09-29T08:28:39.910-0500] {processor.py:208} INFO - Processing /home/d-salamanca/airflow-env/lib/python3.12/site-packages/airflow/example_dags/example_xcom.py took 0.115 seconds
[2024-09-29T08:30:06.285-0500] {processor.py:186} INFO - Started process (PID=30302) to work on /home/d-salamanca/airflow-env/lib/python3.12/site-packages/airflow/example_dags/example_xcom.py
[2024-09-29T08:30:06.298-0500] {processor.py:914} INFO - Processing file /home/d-salamanca/airflow-env/lib/python3.12/site-packages/airflow/example_dags/example_xcom.py for tasks to queue
[2024-09-29T08:30:06.301-0500] {logging_mixin.py:190} INFO - [2024-09-29T08:30:06.300-0500] {dagbag.py:588} INFO - Filling up the DagBag from /home/d-salamanca/airflow-env/lib/python3.12/site-packages/airflow/example_dags/example_xcom.py
[2024-09-29T08:30:06.314-0500] {processor.py:925} INFO - DAG(s) 'example_xcom' retrieved from /home/d-salamanca/airflow-env/lib/python3.12/site-packages/airflow/example_dags/example_xcom.py
[2024-09-29T08:30:06.333-0500] {logging_mixin.py:190} INFO - [2024-09-29T08:30:06.333-0500] {dag.py:3239} INFO - Sync 1 DAGs
[2024-09-29T08:30:06.356-0500] {logging_mixin.py:190} INFO - [2024-09-29T08:30:06.356-0500] {dag.py:4180} INFO - Setting next_dagrun for example_xcom to 2021-01-01 00:00:00+00:00, run_after=2021-01-01 00:00:00+00:00
[2024-09-29T08:30:06.389-0500] {processor.py:208} INFO - Processing /home/d-salamanca/airflow-env/lib/python3.12/site-packages/airflow/example_dags/example_xcom.py took 0.111 seconds
[2024-09-29T08:30:51.406-0500] {processor.py:186} INFO - Started process (PID=30339) to work on /home/d-salamanca/airflow-env/lib/python3.12/site-packages/airflow/example_dags/example_xcom.py
[2024-09-29T08:30:51.408-0500] {processor.py:914} INFO - Processing file /home/d-salamanca/airflow-env/lib/python3.12/site-packages/airflow/example_dags/example_xcom.py for tasks to queue
[2024-09-29T08:30:51.413-0500] {logging_mixin.py:190} INFO - [2024-09-29T08:30:51.412-0500] {dagbag.py:588} INFO - Filling up the DagBag from /home/d-salamanca/airflow-env/lib/python3.12/site-packages/airflow/example_dags/example_xcom.py
[2024-09-29T08:30:51.427-0500] {processor.py:925} INFO - DAG(s) 'example_xcom' retrieved from /home/d-salamanca/airflow-env/lib/python3.12/site-packages/airflow/example_dags/example_xcom.py
[2024-09-29T08:30:51.447-0500] {logging_mixin.py:190} INFO - [2024-09-29T08:30:51.446-0500] {dag.py:3239} INFO - Sync 1 DAGs
[2024-09-29T08:30:51.470-0500] {logging_mixin.py:190} INFO - [2024-09-29T08:30:51.469-0500] {dag.py:4180} INFO - Setting next_dagrun for example_xcom to 2021-01-01 00:00:00+00:00, run_after=2021-01-01 00:00:00+00:00
[2024-09-29T08:30:51.573-0500] {processor.py:208} INFO - Processing /home/d-salamanca/airflow-env/lib/python3.12/site-packages/airflow/example_dags/example_xcom.py took 0.175 seconds
[2024-09-29T08:31:39.030-0500] {processor.py:186} INFO - Started process (PID=30386) to work on /home/d-salamanca/airflow-env/lib/python3.12/site-packages/airflow/example_dags/example_xcom.py
[2024-09-29T08:31:39.031-0500] {processor.py:914} INFO - Processing file /home/d-salamanca/airflow-env/lib/python3.12/site-packages/airflow/example_dags/example_xcom.py for tasks to queue
[2024-09-29T08:31:39.034-0500] {logging_mixin.py:190} INFO - [2024-09-29T08:31:39.033-0500] {dagbag.py:588} INFO - Filling up the DagBag from /home/d-salamanca/airflow-env/lib/python3.12/site-packages/airflow/example_dags/example_xcom.py
[2024-09-29T08:31:39.045-0500] {processor.py:925} INFO - DAG(s) 'example_xcom' retrieved from /home/d-salamanca/airflow-env/lib/python3.12/site-packages/airflow/example_dags/example_xcom.py
[2024-09-29T08:31:39.065-0500] {logging_mixin.py:190} INFO - [2024-09-29T08:31:39.065-0500] {dag.py:3239} INFO - Sync 1 DAGs
[2024-09-29T08:31:39.089-0500] {logging_mixin.py:190} INFO - [2024-09-29T08:31:39.089-0500] {dag.py:4180} INFO - Setting next_dagrun for example_xcom to 2021-01-01 00:00:00+00:00, run_after=2021-01-01 00:00:00+00:00
[2024-09-29T08:31:39.136-0500] {processor.py:208} INFO - Processing /home/d-salamanca/airflow-env/lib/python3.12/site-packages/airflow/example_dags/example_xcom.py took 0.113 seconds
[2024-09-29T08:32:27.513-0500] {processor.py:186} INFO - Started process (PID=30423) to work on /home/d-salamanca/airflow-env/lib/python3.12/site-packages/airflow/example_dags/example_xcom.py
[2024-09-29T08:32:27.514-0500] {processor.py:914} INFO - Processing file /home/d-salamanca/airflow-env/lib/python3.12/site-packages/airflow/example_dags/example_xcom.py for tasks to queue
[2024-09-29T08:32:27.517-0500] {logging_mixin.py:190} INFO - [2024-09-29T08:32:27.517-0500] {dagbag.py:588} INFO - Filling up the DagBag from /home/d-salamanca/airflow-env/lib/python3.12/site-packages/airflow/example_dags/example_xcom.py
[2024-09-29T08:32:27.530-0500] {processor.py:925} INFO - DAG(s) 'example_xcom' retrieved from /home/d-salamanca/airflow-env/lib/python3.12/site-packages/airflow/example_dags/example_xcom.py
[2024-09-29T08:32:27.550-0500] {logging_mixin.py:190} INFO - [2024-09-29T08:32:27.550-0500] {dag.py:3239} INFO - Sync 1 DAGs
[2024-09-29T08:32:27.572-0500] {logging_mixin.py:190} INFO - [2024-09-29T08:32:27.572-0500] {dag.py:4180} INFO - Setting next_dagrun for example_xcom to 2021-01-01 00:00:00+00:00, run_after=2021-01-01 00:00:00+00:00
[2024-09-29T08:32:27.656-0500] {processor.py:208} INFO - Processing /home/d-salamanca/airflow-env/lib/python3.12/site-packages/airflow/example_dags/example_xcom.py took 0.151 seconds
[2024-09-29T08:33:13.726-0500] {processor.py:186} INFO - Started process (PID=30461) to work on /home/d-salamanca/airflow-env/lib/python3.12/site-packages/airflow/example_dags/example_xcom.py
[2024-09-29T08:33:13.727-0500] {processor.py:914} INFO - Processing file /home/d-salamanca/airflow-env/lib/python3.12/site-packages/airflow/example_dags/example_xcom.py for tasks to queue
[2024-09-29T08:33:13.730-0500] {logging_mixin.py:190} INFO - [2024-09-29T08:33:13.729-0500] {dagbag.py:588} INFO - Filling up the DagBag from /home/d-salamanca/airflow-env/lib/python3.12/site-packages/airflow/example_dags/example_xcom.py
[2024-09-29T08:33:13.742-0500] {processor.py:925} INFO - DAG(s) 'example_xcom' retrieved from /home/d-salamanca/airflow-env/lib/python3.12/site-packages/airflow/example_dags/example_xcom.py
[2024-09-29T08:33:13.762-0500] {logging_mixin.py:190} INFO - [2024-09-29T08:33:13.762-0500] {dag.py:3239} INFO - Sync 1 DAGs
[2024-09-29T08:33:13.793-0500] {logging_mixin.py:190} INFO - [2024-09-29T08:33:13.792-0500] {dag.py:4180} INFO - Setting next_dagrun for example_xcom to 2021-01-01 00:00:00+00:00, run_after=2021-01-01 00:00:00+00:00
[2024-09-29T08:33:13.825-0500] {processor.py:208} INFO - Processing /home/d-salamanca/airflow-env/lib/python3.12/site-packages/airflow/example_dags/example_xcom.py took 0.107 seconds
[2024-09-29T08:34:33.420-0500] {processor.py:186} INFO - Started process (PID=30527) to work on /home/d-salamanca/airflow-env/lib/python3.12/site-packages/airflow/example_dags/example_xcom.py
[2024-09-29T08:34:33.421-0500] {processor.py:914} INFO - Processing file /home/d-salamanca/airflow-env/lib/python3.12/site-packages/airflow/example_dags/example_xcom.py for tasks to queue
[2024-09-29T08:34:33.424-0500] {logging_mixin.py:190} INFO - [2024-09-29T08:34:33.423-0500] {dagbag.py:588} INFO - Filling up the DagBag from /home/d-salamanca/airflow-env/lib/python3.12/site-packages/airflow/example_dags/example_xcom.py
[2024-09-29T08:34:33.435-0500] {processor.py:925} INFO - DAG(s) 'example_xcom' retrieved from /home/d-salamanca/airflow-env/lib/python3.12/site-packages/airflow/example_dags/example_xcom.py
[2024-09-29T08:34:33.455-0500] {logging_mixin.py:190} INFO - [2024-09-29T08:34:33.455-0500] {dag.py:3239} INFO - Sync 1 DAGs
[2024-09-29T08:34:33.478-0500] {logging_mixin.py:190} INFO - [2024-09-29T08:34:33.477-0500] {dag.py:4180} INFO - Setting next_dagrun for example_xcom to 2021-01-01 00:00:00+00:00, run_after=2021-01-01 00:00:00+00:00
[2024-09-29T08:34:33.523-0500] {processor.py:208} INFO - Processing /home/d-salamanca/airflow-env/lib/python3.12/site-packages/airflow/example_dags/example_xcom.py took 0.111 seconds
[2024-09-29T08:35:25.310-0500] {processor.py:186} INFO - Started process (PID=30623) to work on /home/d-salamanca/airflow-env/lib/python3.12/site-packages/airflow/example_dags/example_xcom.py
[2024-09-29T08:35:25.311-0500] {processor.py:914} INFO - Processing file /home/d-salamanca/airflow-env/lib/python3.12/site-packages/airflow/example_dags/example_xcom.py for tasks to queue
[2024-09-29T08:35:25.314-0500] {logging_mixin.py:190} INFO - [2024-09-29T08:35:25.314-0500] {dagbag.py:588} INFO - Filling up the DagBag from /home/d-salamanca/airflow-env/lib/python3.12/site-packages/airflow/example_dags/example_xcom.py
[2024-09-29T08:35:25.328-0500] {processor.py:925} INFO - DAG(s) 'example_xcom' retrieved from /home/d-salamanca/airflow-env/lib/python3.12/site-packages/airflow/example_dags/example_xcom.py
[2024-09-29T08:35:25.444-0500] {logging_mixin.py:190} INFO - [2024-09-29T08:35:25.443-0500] {dag.py:3239} INFO - Sync 1 DAGs
[2024-09-29T08:35:25.942-0500] {logging_mixin.py:190} INFO - [2024-09-29T08:35:25.941-0500] {dag.py:4180} INFO - Setting next_dagrun for example_xcom to 2021-01-01 00:00:00+00:00, run_after=2021-01-01 00:00:00+00:00
[2024-09-29T08:35:26.144-0500] {processor.py:208} INFO - Processing /home/d-salamanca/airflow-env/lib/python3.12/site-packages/airflow/example_dags/example_xcom.py took 0.842 seconds
[2024-09-29T08:36:48.296-0500] {processor.py:186} INFO - Started process (PID=30996) to work on /home/d-salamanca/airflow-env/lib/python3.12/site-packages/airflow/example_dags/example_xcom.py
[2024-09-29T08:36:48.411-0500] {processor.py:914} INFO - Processing file /home/d-salamanca/airflow-env/lib/python3.12/site-packages/airflow/example_dags/example_xcom.py for tasks to queue
[2024-09-29T08:36:48.418-0500] {logging_mixin.py:190} INFO - [2024-09-29T08:36:48.416-0500] {dagbag.py:588} INFO - Filling up the DagBag from /home/d-salamanca/airflow-env/lib/python3.12/site-packages/airflow/example_dags/example_xcom.py
[2024-09-29T08:36:48.456-0500] {processor.py:925} INFO - DAG(s) 'example_xcom' retrieved from /home/d-salamanca/airflow-env/lib/python3.12/site-packages/airflow/example_dags/example_xcom.py
[2024-09-29T08:36:48.478-0500] {logging_mixin.py:190} INFO - [2024-09-29T08:36:48.477-0500] {dag.py:3239} INFO - Sync 1 DAGs
[2024-09-29T08:36:48.505-0500] {logging_mixin.py:190} INFO - [2024-09-29T08:36:48.505-0500] {dag.py:4180} INFO - Setting next_dagrun for example_xcom to 2021-01-01 00:00:00+00:00, run_after=2021-01-01 00:00:00+00:00
[2024-09-29T08:36:48.666-0500] {processor.py:208} INFO - Processing /home/d-salamanca/airflow-env/lib/python3.12/site-packages/airflow/example_dags/example_xcom.py took 0.379 seconds
[2024-09-29T08:37:57.453-0500] {processor.py:186} INFO - Started process (PID=31043) to work on /home/d-salamanca/airflow-env/lib/python3.12/site-packages/airflow/example_dags/example_xcom.py
[2024-09-29T08:37:57.476-0500] {processor.py:914} INFO - Processing file /home/d-salamanca/airflow-env/lib/python3.12/site-packages/airflow/example_dags/example_xcom.py for tasks to queue
[2024-09-29T08:37:57.481-0500] {logging_mixin.py:190} INFO - [2024-09-29T08:37:57.480-0500] {dagbag.py:588} INFO - Filling up the DagBag from /home/d-salamanca/airflow-env/lib/python3.12/site-packages/airflow/example_dags/example_xcom.py
[2024-09-29T08:37:57.506-0500] {processor.py:925} INFO - DAG(s) 'example_xcom' retrieved from /home/d-salamanca/airflow-env/lib/python3.12/site-packages/airflow/example_dags/example_xcom.py
[2024-09-29T08:37:57.525-0500] {logging_mixin.py:190} INFO - [2024-09-29T08:37:57.525-0500] {dag.py:3239} INFO - Sync 1 DAGs
[2024-09-29T08:37:57.548-0500] {logging_mixin.py:190} INFO - [2024-09-29T08:37:57.548-0500] {dag.py:4180} INFO - Setting next_dagrun for example_xcom to 2021-01-01 00:00:00+00:00, run_after=2021-01-01 00:00:00+00:00
[2024-09-29T08:37:57.577-0500] {processor.py:208} INFO - Processing /home/d-salamanca/airflow-env/lib/python3.12/site-packages/airflow/example_dags/example_xcom.py took 0.132 seconds
[2024-09-29T08:39:20.730-0500] {processor.py:186} INFO - Started process (PID=31115) to work on /home/d-salamanca/airflow-env/lib/python3.12/site-packages/airflow/example_dags/example_xcom.py
[2024-09-29T08:39:20.744-0500] {processor.py:914} INFO - Processing file /home/d-salamanca/airflow-env/lib/python3.12/site-packages/airflow/example_dags/example_xcom.py for tasks to queue
[2024-09-29T08:39:20.747-0500] {logging_mixin.py:190} INFO - [2024-09-29T08:39:20.747-0500] {dagbag.py:588} INFO - Filling up the DagBag from /home/d-salamanca/airflow-env/lib/python3.12/site-packages/airflow/example_dags/example_xcom.py
[2024-09-29T08:39:20.772-0500] {processor.py:925} INFO - DAG(s) 'example_xcom' retrieved from /home/d-salamanca/airflow-env/lib/python3.12/site-packages/airflow/example_dags/example_xcom.py
[2024-09-29T08:39:20.792-0500] {logging_mixin.py:190} INFO - [2024-09-29T08:39:20.792-0500] {dag.py:3239} INFO - Sync 1 DAGs
[2024-09-29T08:39:20.815-0500] {logging_mixin.py:190} INFO - [2024-09-29T08:39:20.814-0500] {dag.py:4180} INFO - Setting next_dagrun for example_xcom to 2021-01-01 00:00:00+00:00, run_after=2021-01-01 00:00:00+00:00
[2024-09-29T08:39:20.856-0500] {processor.py:208} INFO - Processing /home/d-salamanca/airflow-env/lib/python3.12/site-packages/airflow/example_dags/example_xcom.py took 0.136 seconds
[2024-09-29T08:40:08.902-0500] {processor.py:186} INFO - Started process (PID=31152) to work on /home/d-salamanca/airflow-env/lib/python3.12/site-packages/airflow/example_dags/example_xcom.py
[2024-09-29T08:40:08.903-0500] {processor.py:914} INFO - Processing file /home/d-salamanca/airflow-env/lib/python3.12/site-packages/airflow/example_dags/example_xcom.py for tasks to queue
[2024-09-29T08:40:08.905-0500] {logging_mixin.py:190} INFO - [2024-09-29T08:40:08.905-0500] {dagbag.py:588} INFO - Filling up the DagBag from /home/d-salamanca/airflow-env/lib/python3.12/site-packages/airflow/example_dags/example_xcom.py
[2024-09-29T08:40:08.918-0500] {processor.py:925} INFO - DAG(s) 'example_xcom' retrieved from /home/d-salamanca/airflow-env/lib/python3.12/site-packages/airflow/example_dags/example_xcom.py
[2024-09-29T08:40:08.941-0500] {logging_mixin.py:190} INFO - [2024-09-29T08:40:08.940-0500] {dag.py:3239} INFO - Sync 1 DAGs
[2024-09-29T08:40:08.964-0500] {logging_mixin.py:190} INFO - [2024-09-29T08:40:08.963-0500] {dag.py:4180} INFO - Setting next_dagrun for example_xcom to 2021-01-01 00:00:00+00:00, run_after=2021-01-01 00:00:00+00:00
[2024-09-29T08:40:08.999-0500] {processor.py:208} INFO - Processing /home/d-salamanca/airflow-env/lib/python3.12/site-packages/airflow/example_dags/example_xcom.py took 0.104 seconds
[2024-09-29T08:40:57.192-0500] {processor.py:186} INFO - Started process (PID=31192) to work on /home/d-salamanca/airflow-env/lib/python3.12/site-packages/airflow/example_dags/example_xcom.py
[2024-09-29T08:40:57.193-0500] {processor.py:914} INFO - Processing file /home/d-salamanca/airflow-env/lib/python3.12/site-packages/airflow/example_dags/example_xcom.py for tasks to queue
[2024-09-29T08:40:57.195-0500] {logging_mixin.py:190} INFO - [2024-09-29T08:40:57.195-0500] {dagbag.py:588} INFO - Filling up the DagBag from /home/d-salamanca/airflow-env/lib/python3.12/site-packages/airflow/example_dags/example_xcom.py
[2024-09-29T08:40:57.207-0500] {processor.py:925} INFO - DAG(s) 'example_xcom' retrieved from /home/d-salamanca/airflow-env/lib/python3.12/site-packages/airflow/example_dags/example_xcom.py
[2024-09-29T08:40:57.227-0500] {logging_mixin.py:190} INFO - [2024-09-29T08:40:57.227-0500] {dag.py:3239} INFO - Sync 1 DAGs
[2024-09-29T08:40:57.249-0500] {logging_mixin.py:190} INFO - [2024-09-29T08:40:57.249-0500] {dag.py:4180} INFO - Setting next_dagrun for example_xcom to 2021-01-01 00:00:00+00:00, run_after=2021-01-01 00:00:00+00:00
[2024-09-29T08:40:57.321-0500] {processor.py:208} INFO - Processing /home/d-salamanca/airflow-env/lib/python3.12/site-packages/airflow/example_dags/example_xcom.py took 0.136 seconds
[2024-09-29T08:41:41.606-0500] {processor.py:186} INFO - Started process (PID=31229) to work on /home/d-salamanca/airflow-env/lib/python3.12/site-packages/airflow/example_dags/example_xcom.py
[2024-09-29T08:41:41.607-0500] {processor.py:914} INFO - Processing file /home/d-salamanca/airflow-env/lib/python3.12/site-packages/airflow/example_dags/example_xcom.py for tasks to queue
[2024-09-29T08:41:41.610-0500] {logging_mixin.py:190} INFO - [2024-09-29T08:41:41.609-0500] {dagbag.py:588} INFO - Filling up the DagBag from /home/d-salamanca/airflow-env/lib/python3.12/site-packages/airflow/example_dags/example_xcom.py
[2024-09-29T08:41:41.622-0500] {processor.py:925} INFO - DAG(s) 'example_xcom' retrieved from /home/d-salamanca/airflow-env/lib/python3.12/site-packages/airflow/example_dags/example_xcom.py
[2024-09-29T08:41:41.641-0500] {logging_mixin.py:190} INFO - [2024-09-29T08:41:41.641-0500] {dag.py:3239} INFO - Sync 1 DAGs
[2024-09-29T08:41:41.664-0500] {logging_mixin.py:190} INFO - [2024-09-29T08:41:41.664-0500] {dag.py:4180} INFO - Setting next_dagrun for example_xcom to 2021-01-01 00:00:00+00:00, run_after=2021-01-01 00:00:00+00:00
[2024-09-29T08:41:41.712-0500] {processor.py:208} INFO - Processing /home/d-salamanca/airflow-env/lib/python3.12/site-packages/airflow/example_dags/example_xcom.py took 0.114 seconds
[2024-09-29T08:42:27.226-0500] {processor.py:186} INFO - Started process (PID=31265) to work on /home/d-salamanca/airflow-env/lib/python3.12/site-packages/airflow/example_dags/example_xcom.py
[2024-09-29T08:42:27.227-0500] {processor.py:914} INFO - Processing file /home/d-salamanca/airflow-env/lib/python3.12/site-packages/airflow/example_dags/example_xcom.py for tasks to queue
[2024-09-29T08:42:27.230-0500] {logging_mixin.py:190} INFO - [2024-09-29T08:42:27.230-0500] {dagbag.py:588} INFO - Filling up the DagBag from /home/d-salamanca/airflow-env/lib/python3.12/site-packages/airflow/example_dags/example_xcom.py
[2024-09-29T08:42:27.242-0500] {processor.py:925} INFO - DAG(s) 'example_xcom' retrieved from /home/d-salamanca/airflow-env/lib/python3.12/site-packages/airflow/example_dags/example_xcom.py
[2024-09-29T08:42:27.262-0500] {logging_mixin.py:190} INFO - [2024-09-29T08:42:27.261-0500] {dag.py:3239} INFO - Sync 1 DAGs
[2024-09-29T08:42:27.287-0500] {logging_mixin.py:190} INFO - [2024-09-29T08:42:27.286-0500] {dag.py:4180} INFO - Setting next_dagrun for example_xcom to 2021-01-01 00:00:00+00:00, run_after=2021-01-01 00:00:00+00:00
[2024-09-29T08:42:27.316-0500] {processor.py:208} INFO - Processing /home/d-salamanca/airflow-env/lib/python3.12/site-packages/airflow/example_dags/example_xcom.py took 0.097 seconds
[2024-09-29T08:43:16.591-0500] {processor.py:186} INFO - Started process (PID=31303) to work on /home/d-salamanca/airflow-env/lib/python3.12/site-packages/airflow/example_dags/example_xcom.py
[2024-09-29T08:43:16.592-0500] {processor.py:914} INFO - Processing file /home/d-salamanca/airflow-env/lib/python3.12/site-packages/airflow/example_dags/example_xcom.py for tasks to queue
[2024-09-29T08:43:16.595-0500] {logging_mixin.py:190} INFO - [2024-09-29T08:43:16.594-0500] {dagbag.py:588} INFO - Filling up the DagBag from /home/d-salamanca/airflow-env/lib/python3.12/site-packages/airflow/example_dags/example_xcom.py
[2024-09-29T08:43:16.607-0500] {processor.py:925} INFO - DAG(s) 'example_xcom' retrieved from /home/d-salamanca/airflow-env/lib/python3.12/site-packages/airflow/example_dags/example_xcom.py
[2024-09-29T08:43:16.627-0500] {logging_mixin.py:190} INFO - [2024-09-29T08:43:16.627-0500] {dag.py:3239} INFO - Sync 1 DAGs
[2024-09-29T08:43:16.650-0500] {logging_mixin.py:190} INFO - [2024-09-29T08:43:16.650-0500] {dag.py:4180} INFO - Setting next_dagrun for example_xcom to 2021-01-01 00:00:00+00:00, run_after=2021-01-01 00:00:00+00:00
[2024-09-29T08:43:16.707-0500] {processor.py:208} INFO - Processing /home/d-salamanca/airflow-env/lib/python3.12/site-packages/airflow/example_dags/example_xcom.py took 0.123 seconds
[2024-09-29T08:44:37.657-0500] {processor.py:186} INFO - Started process (PID=31369) to work on /home/d-salamanca/airflow-env/lib/python3.12/site-packages/airflow/example_dags/example_xcom.py
[2024-09-29T08:44:37.664-0500] {processor.py:914} INFO - Processing file /home/d-salamanca/airflow-env/lib/python3.12/site-packages/airflow/example_dags/example_xcom.py for tasks to queue
[2024-09-29T08:44:37.667-0500] {logging_mixin.py:190} INFO - [2024-09-29T08:44:37.667-0500] {dagbag.py:588} INFO - Filling up the DagBag from /home/d-salamanca/airflow-env/lib/python3.12/site-packages/airflow/example_dags/example_xcom.py
[2024-09-29T08:44:37.680-0500] {processor.py:925} INFO - DAG(s) 'example_xcom' retrieved from /home/d-salamanca/airflow-env/lib/python3.12/site-packages/airflow/example_dags/example_xcom.py
[2024-09-29T08:44:37.701-0500] {logging_mixin.py:190} INFO - [2024-09-29T08:44:37.700-0500] {dag.py:3239} INFO - Sync 1 DAGs
[2024-09-29T08:44:37.724-0500] {logging_mixin.py:190} INFO - [2024-09-29T08:44:37.723-0500] {dag.py:4180} INFO - Setting next_dagrun for example_xcom to 2021-01-01 00:00:00+00:00, run_after=2021-01-01 00:00:00+00:00
[2024-09-29T08:44:37.788-0500] {processor.py:208} INFO - Processing /home/d-salamanca/airflow-env/lib/python3.12/site-packages/airflow/example_dags/example_xcom.py took 0.139 seconds
[2024-09-29T08:46:31.900-0500] {processor.py:186} INFO - Started process (PID=31456) to work on /home/d-salamanca/airflow-env/lib/python3.12/site-packages/airflow/example_dags/example_xcom.py
[2024-09-29T08:46:31.924-0500] {processor.py:914} INFO - Processing file /home/d-salamanca/airflow-env/lib/python3.12/site-packages/airflow/example_dags/example_xcom.py for tasks to queue
[2024-09-29T08:46:31.929-0500] {logging_mixin.py:190} INFO - [2024-09-29T08:46:31.928-0500] {dagbag.py:588} INFO - Filling up the DagBag from /home/d-salamanca/airflow-env/lib/python3.12/site-packages/airflow/example_dags/example_xcom.py
[2024-09-29T08:46:31.944-0500] {processor.py:925} INFO - DAG(s) 'example_xcom' retrieved from /home/d-salamanca/airflow-env/lib/python3.12/site-packages/airflow/example_dags/example_xcom.py
[2024-09-29T08:46:31.964-0500] {logging_mixin.py:190} INFO - [2024-09-29T08:46:31.964-0500] {dag.py:3239} INFO - Sync 1 DAGs
[2024-09-29T08:46:31.987-0500] {logging_mixin.py:190} INFO - [2024-09-29T08:46:31.987-0500] {dag.py:4180} INFO - Setting next_dagrun for example_xcom to 2021-01-01 00:00:00+00:00, run_after=2021-01-01 00:00:00+00:00
[2024-09-29T08:46:32.074-0500] {processor.py:208} INFO - Processing /home/d-salamanca/airflow-env/lib/python3.12/site-packages/airflow/example_dags/example_xcom.py took 0.181 seconds
[2024-09-29T08:47:19.915-0500] {processor.py:186} INFO - Started process (PID=31491) to work on /home/d-salamanca/airflow-env/lib/python3.12/site-packages/airflow/example_dags/example_xcom.py
[2024-09-29T08:47:19.948-0500] {processor.py:914} INFO - Processing file /home/d-salamanca/airflow-env/lib/python3.12/site-packages/airflow/example_dags/example_xcom.py for tasks to queue
[2024-09-29T08:47:19.953-0500] {logging_mixin.py:190} INFO - [2024-09-29T08:47:19.952-0500] {dagbag.py:588} INFO - Filling up the DagBag from /home/d-salamanca/airflow-env/lib/python3.12/site-packages/airflow/example_dags/example_xcom.py
[2024-09-29T08:47:19.972-0500] {processor.py:925} INFO - DAG(s) 'example_xcom' retrieved from /home/d-salamanca/airflow-env/lib/python3.12/site-packages/airflow/example_dags/example_xcom.py
[2024-09-29T08:47:19.991-0500] {logging_mixin.py:190} INFO - [2024-09-29T08:47:19.990-0500] {dag.py:3239} INFO - Sync 1 DAGs
[2024-09-29T08:47:20.012-0500] {logging_mixin.py:190} INFO - [2024-09-29T08:47:20.012-0500] {dag.py:4180} INFO - Setting next_dagrun for example_xcom to 2021-01-01 00:00:00+00:00, run_after=2021-01-01 00:00:00+00:00
[2024-09-29T08:47:20.047-0500] {processor.py:208} INFO - Processing /home/d-salamanca/airflow-env/lib/python3.12/site-packages/airflow/example_dags/example_xcom.py took 0.140 seconds
[2024-09-29T08:48:06.388-0500] {processor.py:186} INFO - Started process (PID=31537) to work on /home/d-salamanca/airflow-env/lib/python3.12/site-packages/airflow/example_dags/example_xcom.py
[2024-09-29T08:48:06.418-0500] {processor.py:914} INFO - Processing file /home/d-salamanca/airflow-env/lib/python3.12/site-packages/airflow/example_dags/example_xcom.py for tasks to queue
[2024-09-29T08:48:06.424-0500] {logging_mixin.py:190} INFO - [2024-09-29T08:48:06.423-0500] {dagbag.py:588} INFO - Filling up the DagBag from /home/d-salamanca/airflow-env/lib/python3.12/site-packages/airflow/example_dags/example_xcom.py
[2024-09-29T08:48:06.437-0500] {processor.py:925} INFO - DAG(s) 'example_xcom' retrieved from /home/d-salamanca/airflow-env/lib/python3.12/site-packages/airflow/example_dags/example_xcom.py
[2024-09-29T08:48:06.456-0500] {logging_mixin.py:190} INFO - [2024-09-29T08:48:06.456-0500] {dag.py:3239} INFO - Sync 1 DAGs
[2024-09-29T08:48:06.479-0500] {logging_mixin.py:190} INFO - [2024-09-29T08:48:06.479-0500] {dag.py:4180} INFO - Setting next_dagrun for example_xcom to 2021-01-01 00:00:00+00:00, run_after=2021-01-01 00:00:00+00:00
[2024-09-29T08:48:06.851-0500] {processor.py:208} INFO - Processing /home/d-salamanca/airflow-env/lib/python3.12/site-packages/airflow/example_dags/example_xcom.py took 0.471 seconds
[2024-09-29T08:49:27.825-0500] {processor.py:186} INFO - Started process (PID=31615) to work on /home/d-salamanca/airflow-env/lib/python3.12/site-packages/airflow/example_dags/example_xcom.py
[2024-09-29T08:49:27.868-0500] {processor.py:914} INFO - Processing file /home/d-salamanca/airflow-env/lib/python3.12/site-packages/airflow/example_dags/example_xcom.py for tasks to queue
[2024-09-29T08:49:27.874-0500] {logging_mixin.py:190} INFO - [2024-09-29T08:49:27.873-0500] {dagbag.py:588} INFO - Filling up the DagBag from /home/d-salamanca/airflow-env/lib/python3.12/site-packages/airflow/example_dags/example_xcom.py
[2024-09-29T08:49:27.888-0500] {processor.py:925} INFO - DAG(s) 'example_xcom' retrieved from /home/d-salamanca/airflow-env/lib/python3.12/site-packages/airflow/example_dags/example_xcom.py
[2024-09-29T08:49:27.906-0500] {logging_mixin.py:190} INFO - [2024-09-29T08:49:27.906-0500] {dag.py:3239} INFO - Sync 1 DAGs
[2024-09-29T08:49:27.929-0500] {logging_mixin.py:190} INFO - [2024-09-29T08:49:27.929-0500] {dag.py:4180} INFO - Setting next_dagrun for example_xcom to 2021-01-01 00:00:00+00:00, run_after=2021-01-01 00:00:00+00:00
[2024-09-29T08:49:27.998-0500] {processor.py:208} INFO - Processing /home/d-salamanca/airflow-env/lib/python3.12/site-packages/airflow/example_dags/example_xcom.py took 0.182 seconds
[2024-09-29T08:50:13.081-0500] {processor.py:186} INFO - Started process (PID=31667) to work on /home/d-salamanca/airflow-env/lib/python3.12/site-packages/airflow/example_dags/example_xcom.py
[2024-09-29T08:50:13.082-0500] {processor.py:914} INFO - Processing file /home/d-salamanca/airflow-env/lib/python3.12/site-packages/airflow/example_dags/example_xcom.py for tasks to queue
[2024-09-29T08:50:13.085-0500] {logging_mixin.py:190} INFO - [2024-09-29T08:50:13.084-0500] {dagbag.py:588} INFO - Filling up the DagBag from /home/d-salamanca/airflow-env/lib/python3.12/site-packages/airflow/example_dags/example_xcom.py
[2024-09-29T08:50:13.097-0500] {processor.py:925} INFO - DAG(s) 'example_xcom' retrieved from /home/d-salamanca/airflow-env/lib/python3.12/site-packages/airflow/example_dags/example_xcom.py
[2024-09-29T08:50:13.116-0500] {logging_mixin.py:190} INFO - [2024-09-29T08:50:13.116-0500] {dag.py:3239} INFO - Sync 1 DAGs
[2024-09-29T08:50:13.140-0500] {logging_mixin.py:190} INFO - [2024-09-29T08:50:13.139-0500] {dag.py:4180} INFO - Setting next_dagrun for example_xcom to 2021-01-01 00:00:00+00:00, run_after=2021-01-01 00:00:00+00:00
[2024-09-29T08:50:13.213-0500] {processor.py:208} INFO - Processing /home/d-salamanca/airflow-env/lib/python3.12/site-packages/airflow/example_dags/example_xcom.py took 0.140 seconds
[2024-09-29T08:51:00.687-0500] {processor.py:186} INFO - Started process (PID=31748) to work on /home/d-salamanca/airflow-env/lib/python3.12/site-packages/airflow/example_dags/example_xcom.py
[2024-09-29T08:51:00.688-0500] {processor.py:914} INFO - Processing file /home/d-salamanca/airflow-env/lib/python3.12/site-packages/airflow/example_dags/example_xcom.py for tasks to queue
[2024-09-29T08:51:00.692-0500] {logging_mixin.py:190} INFO - [2024-09-29T08:51:00.691-0500] {dagbag.py:588} INFO - Filling up the DagBag from /home/d-salamanca/airflow-env/lib/python3.12/site-packages/airflow/example_dags/example_xcom.py
[2024-09-29T08:51:00.705-0500] {processor.py:925} INFO - DAG(s) 'example_xcom' retrieved from /home/d-salamanca/airflow-env/lib/python3.12/site-packages/airflow/example_dags/example_xcom.py
[2024-09-29T08:51:00.729-0500] {logging_mixin.py:190} INFO - [2024-09-29T08:51:00.728-0500] {dag.py:3239} INFO - Sync 1 DAGs
[2024-09-29T08:51:00.756-0500] {logging_mixin.py:190} INFO - [2024-09-29T08:51:00.755-0500] {dag.py:4180} INFO - Setting next_dagrun for example_xcom to 2021-01-01 00:00:00+00:00, run_after=2021-01-01 00:00:00+00:00
[2024-09-29T08:51:00.795-0500] {processor.py:208} INFO - Processing /home/d-salamanca/airflow-env/lib/python3.12/site-packages/airflow/example_dags/example_xcom.py took 0.116 seconds
[2024-09-29T08:52:35.851-0500] {processor.py:186} INFO - Started process (PID=31952) to work on /home/d-salamanca/airflow-env/lib/python3.12/site-packages/airflow/example_dags/example_xcom.py
[2024-09-29T08:52:35.882-0500] {processor.py:914} INFO - Processing file /home/d-salamanca/airflow-env/lib/python3.12/site-packages/airflow/example_dags/example_xcom.py for tasks to queue
[2024-09-29T08:52:35.887-0500] {logging_mixin.py:190} INFO - [2024-09-29T08:52:35.886-0500] {dagbag.py:588} INFO - Filling up the DagBag from /home/d-salamanca/airflow-env/lib/python3.12/site-packages/airflow/example_dags/example_xcom.py
[2024-09-29T08:52:35.936-0500] {processor.py:925} INFO - DAG(s) 'example_xcom' retrieved from /home/d-salamanca/airflow-env/lib/python3.12/site-packages/airflow/example_dags/example_xcom.py
[2024-09-29T08:52:35.957-0500] {logging_mixin.py:190} INFO - [2024-09-29T08:52:35.957-0500] {dag.py:3239} INFO - Sync 1 DAGs
[2024-09-29T08:52:35.981-0500] {logging_mixin.py:190} INFO - [2024-09-29T08:52:35.981-0500] {dag.py:4180} INFO - Setting next_dagrun for example_xcom to 2021-01-01 00:00:00+00:00, run_after=2021-01-01 00:00:00+00:00
[2024-09-29T08:52:36.034-0500] {processor.py:208} INFO - Processing /home/d-salamanca/airflow-env/lib/python3.12/site-packages/airflow/example_dags/example_xcom.py took 0.191 seconds
[2024-09-29T08:53:43.877-0500] {processor.py:186} INFO - Started process (PID=32007) to work on /home/d-salamanca/airflow-env/lib/python3.12/site-packages/airflow/example_dags/example_xcom.py
[2024-09-29T08:53:43.945-0500] {processor.py:914} INFO - Processing file /home/d-salamanca/airflow-env/lib/python3.12/site-packages/airflow/example_dags/example_xcom.py for tasks to queue
[2024-09-29T08:53:43.952-0500] {logging_mixin.py:190} INFO - [2024-09-29T08:53:43.951-0500] {dagbag.py:588} INFO - Filling up the DagBag from /home/d-salamanca/airflow-env/lib/python3.12/site-packages/airflow/example_dags/example_xcom.py
[2024-09-29T08:53:44.018-0500] {processor.py:925} INFO - DAG(s) 'example_xcom' retrieved from /home/d-salamanca/airflow-env/lib/python3.12/site-packages/airflow/example_dags/example_xcom.py
[2024-09-29T08:53:44.040-0500] {logging_mixin.py:190} INFO - [2024-09-29T08:53:44.040-0500] {dag.py:3239} INFO - Sync 1 DAGs
[2024-09-29T08:53:44.062-0500] {logging_mixin.py:190} INFO - [2024-09-29T08:53:44.062-0500] {dag.py:4180} INFO - Setting next_dagrun for example_xcom to 2021-01-01 00:00:00+00:00, run_after=2021-01-01 00:00:00+00:00
[2024-09-29T08:53:44.207-0500] {processor.py:208} INFO - Processing /home/d-salamanca/airflow-env/lib/python3.12/site-packages/airflow/example_dags/example_xcom.py took 0.339 seconds
[2024-09-29T08:54:31.397-0500] {processor.py:186} INFO - Started process (PID=32043) to work on /home/d-salamanca/airflow-env/lib/python3.12/site-packages/airflow/example_dags/example_xcom.py
[2024-09-29T08:54:31.398-0500] {processor.py:914} INFO - Processing file /home/d-salamanca/airflow-env/lib/python3.12/site-packages/airflow/example_dags/example_xcom.py for tasks to queue
[2024-09-29T08:54:31.400-0500] {logging_mixin.py:190} INFO - [2024-09-29T08:54:31.400-0500] {dagbag.py:588} INFO - Filling up the DagBag from /home/d-salamanca/airflow-env/lib/python3.12/site-packages/airflow/example_dags/example_xcom.py
[2024-09-29T08:54:31.412-0500] {processor.py:925} INFO - DAG(s) 'example_xcom' retrieved from /home/d-salamanca/airflow-env/lib/python3.12/site-packages/airflow/example_dags/example_xcom.py
[2024-09-29T08:54:31.488-0500] {logging_mixin.py:190} INFO - [2024-09-29T08:54:31.488-0500] {dag.py:3239} INFO - Sync 1 DAGs
[2024-09-29T08:54:31.524-0500] {logging_mixin.py:190} INFO - [2024-09-29T08:54:31.524-0500] {dag.py:4180} INFO - Setting next_dagrun for example_xcom to 2021-01-01 00:00:00+00:00, run_after=2021-01-01 00:00:00+00:00
[2024-09-29T08:54:31.574-0500] {processor.py:208} INFO - Processing /home/d-salamanca/airflow-env/lib/python3.12/site-packages/airflow/example_dags/example_xcom.py took 0.185 seconds
[2024-09-29T08:55:18.708-0500] {processor.py:186} INFO - Started process (PID=32085) to work on /home/d-salamanca/airflow-env/lib/python3.12/site-packages/airflow/example_dags/example_xcom.py
[2024-09-29T08:55:18.709-0500] {processor.py:914} INFO - Processing file /home/d-salamanca/airflow-env/lib/python3.12/site-packages/airflow/example_dags/example_xcom.py for tasks to queue
[2024-09-29T08:55:18.712-0500] {logging_mixin.py:190} INFO - [2024-09-29T08:55:18.711-0500] {dagbag.py:588} INFO - Filling up the DagBag from /home/d-salamanca/airflow-env/lib/python3.12/site-packages/airflow/example_dags/example_xcom.py
[2024-09-29T08:55:18.724-0500] {processor.py:925} INFO - DAG(s) 'example_xcom' retrieved from /home/d-salamanca/airflow-env/lib/python3.12/site-packages/airflow/example_dags/example_xcom.py
[2024-09-29T08:55:18.744-0500] {logging_mixin.py:190} INFO - [2024-09-29T08:55:18.743-0500] {dag.py:3239} INFO - Sync 1 DAGs
[2024-09-29T08:55:18.766-0500] {logging_mixin.py:190} INFO - [2024-09-29T08:55:18.766-0500] {dag.py:4180} INFO - Setting next_dagrun for example_xcom to 2021-01-01 00:00:00+00:00, run_after=2021-01-01 00:00:00+00:00
[2024-09-29T08:55:18.960-0500] {processor.py:208} INFO - Processing /home/d-salamanca/airflow-env/lib/python3.12/site-packages/airflow/example_dags/example_xcom.py took 0.259 seconds
[2024-09-29T08:56:08.793-0500] {processor.py:186} INFO - Started process (PID=32121) to work on /home/d-salamanca/airflow-env/lib/python3.12/site-packages/airflow/example_dags/example_xcom.py
[2024-09-29T08:56:08.794-0500] {processor.py:914} INFO - Processing file /home/d-salamanca/airflow-env/lib/python3.12/site-packages/airflow/example_dags/example_xcom.py for tasks to queue
[2024-09-29T08:56:08.796-0500] {logging_mixin.py:190} INFO - [2024-09-29T08:56:08.796-0500] {dagbag.py:588} INFO - Filling up the DagBag from /home/d-salamanca/airflow-env/lib/python3.12/site-packages/airflow/example_dags/example_xcom.py
[2024-09-29T08:56:08.852-0500] {processor.py:925} INFO - DAG(s) 'example_xcom' retrieved from /home/d-salamanca/airflow-env/lib/python3.12/site-packages/airflow/example_dags/example_xcom.py
[2024-09-29T08:56:08.875-0500] {logging_mixin.py:190} INFO - [2024-09-29T08:56:08.874-0500] {dag.py:3239} INFO - Sync 1 DAGs
[2024-09-29T08:56:08.899-0500] {logging_mixin.py:190} INFO - [2024-09-29T08:56:08.899-0500] {dag.py:4180} INFO - Setting next_dagrun for example_xcom to 2021-01-01 00:00:00+00:00, run_after=2021-01-01 00:00:00+00:00
[2024-09-29T08:56:08.940-0500] {processor.py:208} INFO - Processing /home/d-salamanca/airflow-env/lib/python3.12/site-packages/airflow/example_dags/example_xcom.py took 0.155 seconds
[2024-09-29T08:57:03.780-0500] {processor.py:186} INFO - Started process (PID=32160) to work on /home/d-salamanca/airflow-env/lib/python3.12/site-packages/airflow/example_dags/example_xcom.py
[2024-09-29T08:57:03.781-0500] {processor.py:914} INFO - Processing file /home/d-salamanca/airflow-env/lib/python3.12/site-packages/airflow/example_dags/example_xcom.py for tasks to queue
[2024-09-29T08:57:03.784-0500] {logging_mixin.py:190} INFO - [2024-09-29T08:57:03.784-0500] {dagbag.py:588} INFO - Filling up the DagBag from /home/d-salamanca/airflow-env/lib/python3.12/site-packages/airflow/example_dags/example_xcom.py
[2024-09-29T08:57:03.796-0500] {processor.py:925} INFO - DAG(s) 'example_xcom' retrieved from /home/d-salamanca/airflow-env/lib/python3.12/site-packages/airflow/example_dags/example_xcom.py
[2024-09-29T08:57:03.816-0500] {logging_mixin.py:190} INFO - [2024-09-29T08:57:03.815-0500] {dag.py:3239} INFO - Sync 1 DAGs
[2024-09-29T08:57:03.838-0500] {logging_mixin.py:190} INFO - [2024-09-29T08:57:03.838-0500] {dag.py:4180} INFO - Setting next_dagrun for example_xcom to 2021-01-01 00:00:00+00:00, run_after=2021-01-01 00:00:00+00:00
[2024-09-29T08:57:03.959-0500] {processor.py:208} INFO - Processing /home/d-salamanca/airflow-env/lib/python3.12/site-packages/airflow/example_dags/example_xcom.py took 0.187 seconds
[2024-09-29T08:57:59.503-0500] {processor.py:186} INFO - Started process (PID=32202) to work on /home/d-salamanca/airflow-env/lib/python3.12/site-packages/airflow/example_dags/example_xcom.py
[2024-09-29T08:57:59.504-0500] {processor.py:914} INFO - Processing file /home/d-salamanca/airflow-env/lib/python3.12/site-packages/airflow/example_dags/example_xcom.py for tasks to queue
[2024-09-29T08:57:59.507-0500] {logging_mixin.py:190} INFO - [2024-09-29T08:57:59.506-0500] {dagbag.py:588} INFO - Filling up the DagBag from /home/d-salamanca/airflow-env/lib/python3.12/site-packages/airflow/example_dags/example_xcom.py
[2024-09-29T08:57:59.520-0500] {processor.py:925} INFO - DAG(s) 'example_xcom' retrieved from /home/d-salamanca/airflow-env/lib/python3.12/site-packages/airflow/example_dags/example_xcom.py
[2024-09-29T08:57:59.542-0500] {logging_mixin.py:190} INFO - [2024-09-29T08:57:59.542-0500] {dag.py:3239} INFO - Sync 1 DAGs
[2024-09-29T08:57:59.567-0500] {logging_mixin.py:190} INFO - [2024-09-29T08:57:59.567-0500] {dag.py:4180} INFO - Setting next_dagrun for example_xcom to 2021-01-01 00:00:00+00:00, run_after=2021-01-01 00:00:00+00:00
[2024-09-29T08:57:59.805-0500] {processor.py:208} INFO - Processing /home/d-salamanca/airflow-env/lib/python3.12/site-packages/airflow/example_dags/example_xcom.py took 0.311 seconds
[2024-09-29T08:58:46.623-0500] {processor.py:186} INFO - Started process (PID=32240) to work on /home/d-salamanca/airflow-env/lib/python3.12/site-packages/airflow/example_dags/example_xcom.py
[2024-09-29T08:58:46.624-0500] {processor.py:914} INFO - Processing file /home/d-salamanca/airflow-env/lib/python3.12/site-packages/airflow/example_dags/example_xcom.py for tasks to queue
[2024-09-29T08:58:46.628-0500] {logging_mixin.py:190} INFO - [2024-09-29T08:58:46.627-0500] {dagbag.py:588} INFO - Filling up the DagBag from /home/d-salamanca/airflow-env/lib/python3.12/site-packages/airflow/example_dags/example_xcom.py
[2024-09-29T08:58:46.644-0500] {processor.py:925} INFO - DAG(s) 'example_xcom' retrieved from /home/d-salamanca/airflow-env/lib/python3.12/site-packages/airflow/example_dags/example_xcom.py
[2024-09-29T08:58:46.666-0500] {logging_mixin.py:190} INFO - [2024-09-29T08:58:46.666-0500] {dag.py:3239} INFO - Sync 1 DAGs
[2024-09-29T08:58:46.694-0500] {logging_mixin.py:190} INFO - [2024-09-29T08:58:46.694-0500] {dag.py:4180} INFO - Setting next_dagrun for example_xcom to 2021-01-01 00:00:00+00:00, run_after=2021-01-01 00:00:00+00:00
[2024-09-29T08:58:46.874-0500] {processor.py:208} INFO - Processing /home/d-salamanca/airflow-env/lib/python3.12/site-packages/airflow/example_dags/example_xcom.py took 0.259 seconds
[2024-09-29T08:59:44.606-0500] {processor.py:186} INFO - Started process (PID=32448) to work on /home/d-salamanca/airflow-env/lib/python3.12/site-packages/airflow/example_dags/example_xcom.py
[2024-09-29T08:59:44.607-0500] {processor.py:914} INFO - Processing file /home/d-salamanca/airflow-env/lib/python3.12/site-packages/airflow/example_dags/example_xcom.py for tasks to queue
[2024-09-29T08:59:44.610-0500] {logging_mixin.py:190} INFO - [2024-09-29T08:59:44.610-0500] {dagbag.py:588} INFO - Filling up the DagBag from /home/d-salamanca/airflow-env/lib/python3.12/site-packages/airflow/example_dags/example_xcom.py
[2024-09-29T08:59:44.680-0500] {processor.py:925} INFO - DAG(s) 'example_xcom' retrieved from /home/d-salamanca/airflow-env/lib/python3.12/site-packages/airflow/example_dags/example_xcom.py
[2024-09-29T08:59:44.700-0500] {logging_mixin.py:190} INFO - [2024-09-29T08:59:44.700-0500] {dag.py:3239} INFO - Sync 1 DAGs
[2024-09-29T08:59:44.723-0500] {logging_mixin.py:190} INFO - [2024-09-29T08:59:44.723-0500] {dag.py:4180} INFO - Setting next_dagrun for example_xcom to 2021-01-01 00:00:00+00:00, run_after=2021-01-01 00:00:00+00:00
[2024-09-29T08:59:45.968-0500] {processor.py:208} INFO - Processing /home/d-salamanca/airflow-env/lib/python3.12/site-packages/airflow/example_dags/example_xcom.py took 1.373 seconds
[2024-09-29T09:00:45.438-0500] {processor.py:186} INFO - Started process (PID=32543) to work on /home/d-salamanca/airflow-env/lib/python3.12/site-packages/airflow/example_dags/example_xcom.py
[2024-09-29T09:00:45.440-0500] {processor.py:914} INFO - Processing file /home/d-salamanca/airflow-env/lib/python3.12/site-packages/airflow/example_dags/example_xcom.py for tasks to queue
[2024-09-29T09:00:45.443-0500] {logging_mixin.py:190} INFO - [2024-09-29T09:00:45.442-0500] {dagbag.py:588} INFO - Filling up the DagBag from /home/d-salamanca/airflow-env/lib/python3.12/site-packages/airflow/example_dags/example_xcom.py
[2024-09-29T09:00:45.479-0500] {processor.py:925} INFO - DAG(s) 'example_xcom' retrieved from /home/d-salamanca/airflow-env/lib/python3.12/site-packages/airflow/example_dags/example_xcom.py
[2024-09-29T09:00:45.499-0500] {logging_mixin.py:190} INFO - [2024-09-29T09:00:45.499-0500] {dag.py:3239} INFO - Sync 1 DAGs
[2024-09-29T09:00:45.523-0500] {logging_mixin.py:190} INFO - [2024-09-29T09:00:45.523-0500] {dag.py:4180} INFO - Setting next_dagrun for example_xcom to 2021-01-01 00:00:00+00:00, run_after=2021-01-01 00:00:00+00:00
[2024-09-29T09:00:45.601-0500] {processor.py:208} INFO - Processing /home/d-salamanca/airflow-env/lib/python3.12/site-packages/airflow/example_dags/example_xcom.py took 0.171 seconds
[2024-09-29T09:01:39.182-0500] {processor.py:186} INFO - Started process (PID=32582) to work on /home/d-salamanca/airflow-env/lib/python3.12/site-packages/airflow/example_dags/example_xcom.py
[2024-09-29T09:01:39.183-0500] {processor.py:914} INFO - Processing file /home/d-salamanca/airflow-env/lib/python3.12/site-packages/airflow/example_dags/example_xcom.py for tasks to queue
[2024-09-29T09:01:39.186-0500] {logging_mixin.py:190} INFO - [2024-09-29T09:01:39.185-0500] {dagbag.py:588} INFO - Filling up the DagBag from /home/d-salamanca/airflow-env/lib/python3.12/site-packages/airflow/example_dags/example_xcom.py
[2024-09-29T09:01:39.199-0500] {processor.py:925} INFO - DAG(s) 'example_xcom' retrieved from /home/d-salamanca/airflow-env/lib/python3.12/site-packages/airflow/example_dags/example_xcom.py
[2024-09-29T09:01:39.219-0500] {logging_mixin.py:190} INFO - [2024-09-29T09:01:39.219-0500] {dag.py:3239} INFO - Sync 1 DAGs
[2024-09-29T09:01:39.242-0500] {logging_mixin.py:190} INFO - [2024-09-29T09:01:39.241-0500] {dag.py:4180} INFO - Setting next_dagrun for example_xcom to 2021-01-01 00:00:00+00:00, run_after=2021-01-01 00:00:00+00:00
[2024-09-29T09:01:39.311-0500] {processor.py:208} INFO - Processing /home/d-salamanca/airflow-env/lib/python3.12/site-packages/airflow/example_dags/example_xcom.py took 0.138 seconds
[2024-09-29T09:02:29.610-0500] {processor.py:186} INFO - Started process (PID=32622) to work on /home/d-salamanca/airflow-env/lib/python3.12/site-packages/airflow/example_dags/example_xcom.py
[2024-09-29T09:02:29.626-0500] {processor.py:914} INFO - Processing file /home/d-salamanca/airflow-env/lib/python3.12/site-packages/airflow/example_dags/example_xcom.py for tasks to queue
[2024-09-29T09:02:29.629-0500] {logging_mixin.py:190} INFO - [2024-09-29T09:02:29.629-0500] {dagbag.py:588} INFO - Filling up the DagBag from /home/d-salamanca/airflow-env/lib/python3.12/site-packages/airflow/example_dags/example_xcom.py
[2024-09-29T09:02:29.642-0500] {processor.py:925} INFO - DAG(s) 'example_xcom' retrieved from /home/d-salamanca/airflow-env/lib/python3.12/site-packages/airflow/example_dags/example_xcom.py
[2024-09-29T09:02:29.668-0500] {logging_mixin.py:190} INFO - [2024-09-29T09:02:29.668-0500] {dag.py:3239} INFO - Sync 1 DAGs
[2024-09-29T09:02:29.690-0500] {logging_mixin.py:190} INFO - [2024-09-29T09:02:29.690-0500] {dag.py:4180} INFO - Setting next_dagrun for example_xcom to 2021-01-01 00:00:00+00:00, run_after=2021-01-01 00:00:00+00:00
[2024-09-29T09:02:29.806-0500] {processor.py:208} INFO - Processing /home/d-salamanca/airflow-env/lib/python3.12/site-packages/airflow/example_dags/example_xcom.py took 0.202 seconds
[2024-09-29T09:03:49.935-0500] {processor.py:186} INFO - Started process (PID=32692) to work on /home/d-salamanca/airflow-env/lib/python3.12/site-packages/airflow/example_dags/example_xcom.py
[2024-09-29T09:03:49.956-0500] {processor.py:914} INFO - Processing file /home/d-salamanca/airflow-env/lib/python3.12/site-packages/airflow/example_dags/example_xcom.py for tasks to queue
[2024-09-29T09:03:49.964-0500] {logging_mixin.py:190} INFO - [2024-09-29T09:03:49.962-0500] {dagbag.py:588} INFO - Filling up the DagBag from /home/d-salamanca/airflow-env/lib/python3.12/site-packages/airflow/example_dags/example_xcom.py
[2024-09-29T09:03:49.980-0500] {processor.py:925} INFO - DAG(s) 'example_xcom' retrieved from /home/d-salamanca/airflow-env/lib/python3.12/site-packages/airflow/example_dags/example_xcom.py
[2024-09-29T09:03:50.001-0500] {logging_mixin.py:190} INFO - [2024-09-29T09:03:50.000-0500] {dag.py:3239} INFO - Sync 1 DAGs
[2024-09-29T09:03:50.023-0500] {logging_mixin.py:190} INFO - [2024-09-29T09:03:50.023-0500] {dag.py:4180} INFO - Setting next_dagrun for example_xcom to 2021-01-01 00:00:00+00:00, run_after=2021-01-01 00:00:00+00:00
[2024-09-29T09:03:50.071-0500] {processor.py:208} INFO - Processing /home/d-salamanca/airflow-env/lib/python3.12/site-packages/airflow/example_dags/example_xcom.py took 0.143 seconds
[2024-09-29T09:04:41.878-0500] {processor.py:186} INFO - Started process (PID=32809) to work on /home/d-salamanca/airflow-env/lib/python3.12/site-packages/airflow/example_dags/example_xcom.py
[2024-09-29T09:04:41.879-0500] {processor.py:914} INFO - Processing file /home/d-salamanca/airflow-env/lib/python3.12/site-packages/airflow/example_dags/example_xcom.py for tasks to queue
[2024-09-29T09:04:41.882-0500] {logging_mixin.py:190} INFO - [2024-09-29T09:04:41.881-0500] {dagbag.py:588} INFO - Filling up the DagBag from /home/d-salamanca/airflow-env/lib/python3.12/site-packages/airflow/example_dags/example_xcom.py
[2024-09-29T09:04:41.894-0500] {processor.py:925} INFO - DAG(s) 'example_xcom' retrieved from /home/d-salamanca/airflow-env/lib/python3.12/site-packages/airflow/example_dags/example_xcom.py
[2024-09-29T09:04:41.914-0500] {logging_mixin.py:190} INFO - [2024-09-29T09:04:41.914-0500] {dag.py:3239} INFO - Sync 1 DAGs
[2024-09-29T09:04:41.937-0500] {logging_mixin.py:190} INFO - [2024-09-29T09:04:41.936-0500] {dag.py:4180} INFO - Setting next_dagrun for example_xcom to 2021-01-01 00:00:00+00:00, run_after=2021-01-01 00:00:00+00:00
[2024-09-29T09:04:42.108-0500] {processor.py:208} INFO - Processing /home/d-salamanca/airflow-env/lib/python3.12/site-packages/airflow/example_dags/example_xcom.py took 0.237 seconds
[2024-09-29T09:05:49.624-0500] {processor.py:186} INFO - Started process (PID=33044) to work on /home/d-salamanca/airflow-env/lib/python3.12/site-packages/airflow/example_dags/example_xcom.py
[2024-09-29T09:05:49.802-0500] {processor.py:914} INFO - Processing file /home/d-salamanca/airflow-env/lib/python3.12/site-packages/airflow/example_dags/example_xcom.py for tasks to queue
[2024-09-29T09:05:49.806-0500] {logging_mixin.py:190} INFO - [2024-09-29T09:05:49.805-0500] {dagbag.py:588} INFO - Filling up the DagBag from /home/d-salamanca/airflow-env/lib/python3.12/site-packages/airflow/example_dags/example_xcom.py
[2024-09-29T09:05:49.915-0500] {processor.py:925} INFO - DAG(s) 'example_xcom' retrieved from /home/d-salamanca/airflow-env/lib/python3.12/site-packages/airflow/example_dags/example_xcom.py
[2024-09-29T09:05:50.090-0500] {logging_mixin.py:190} INFO - [2024-09-29T09:05:50.090-0500] {dag.py:3239} INFO - Sync 1 DAGs
[2024-09-29T09:05:50.113-0500] {logging_mixin.py:190} INFO - [2024-09-29T09:05:50.112-0500] {dag.py:4180} INFO - Setting next_dagrun for example_xcom to 2021-01-01 00:00:00+00:00, run_after=2021-01-01 00:00:00+00:00
[2024-09-29T09:05:50.188-0500] {processor.py:208} INFO - Processing /home/d-salamanca/airflow-env/lib/python3.12/site-packages/airflow/example_dags/example_xcom.py took 0.572 seconds
[2024-09-29T09:06:59.994-0500] {processor.py:186} INFO - Started process (PID=33085) to work on /home/d-salamanca/airflow-env/lib/python3.12/site-packages/airflow/example_dags/example_xcom.py
[2024-09-29T09:07:00.039-0500] {processor.py:914} INFO - Processing file /home/d-salamanca/airflow-env/lib/python3.12/site-packages/airflow/example_dags/example_xcom.py for tasks to queue
[2024-09-29T09:07:00.047-0500] {logging_mixin.py:190} INFO - [2024-09-29T09:07:00.045-0500] {dagbag.py:588} INFO - Filling up the DagBag from /home/d-salamanca/airflow-env/lib/python3.12/site-packages/airflow/example_dags/example_xcom.py
[2024-09-29T09:07:00.062-0500] {processor.py:925} INFO - DAG(s) 'example_xcom' retrieved from /home/d-salamanca/airflow-env/lib/python3.12/site-packages/airflow/example_dags/example_xcom.py
[2024-09-29T09:07:00.081-0500] {logging_mixin.py:190} INFO - [2024-09-29T09:07:00.081-0500] {dag.py:3239} INFO - Sync 1 DAGs
[2024-09-29T09:07:00.107-0500] {logging_mixin.py:190} INFO - [2024-09-29T09:07:00.107-0500] {dag.py:4180} INFO - Setting next_dagrun for example_xcom to 2021-01-01 00:00:00+00:00, run_after=2021-01-01 00:00:00+00:00
[2024-09-29T09:07:00.196-0500] {processor.py:208} INFO - Processing /home/d-salamanca/airflow-env/lib/python3.12/site-packages/airflow/example_dags/example_xcom.py took 0.214 seconds
[2024-09-29T09:07:46.054-0500] {processor.py:186} INFO - Started process (PID=33129) to work on /home/d-salamanca/airflow-env/lib/python3.12/site-packages/airflow/example_dags/example_xcom.py
[2024-09-29T09:07:46.055-0500] {processor.py:914} INFO - Processing file /home/d-salamanca/airflow-env/lib/python3.12/site-packages/airflow/example_dags/example_xcom.py for tasks to queue
[2024-09-29T09:07:46.058-0500] {logging_mixin.py:190} INFO - [2024-09-29T09:07:46.057-0500] {dagbag.py:588} INFO - Filling up the DagBag from /home/d-salamanca/airflow-env/lib/python3.12/site-packages/airflow/example_dags/example_xcom.py
[2024-09-29T09:07:46.094-0500] {processor.py:925} INFO - DAG(s) 'example_xcom' retrieved from /home/d-salamanca/airflow-env/lib/python3.12/site-packages/airflow/example_dags/example_xcom.py
[2024-09-29T09:07:46.118-0500] {logging_mixin.py:190} INFO - [2024-09-29T09:07:46.117-0500] {dag.py:3239} INFO - Sync 1 DAGs
[2024-09-29T09:07:46.140-0500] {logging_mixin.py:190} INFO - [2024-09-29T09:07:46.140-0500] {dag.py:4180} INFO - Setting next_dagrun for example_xcom to 2021-01-01 00:00:00+00:00, run_after=2021-01-01 00:00:00+00:00
[2024-09-29T09:07:46.226-0500] {processor.py:208} INFO - Processing /home/d-salamanca/airflow-env/lib/python3.12/site-packages/airflow/example_dags/example_xcom.py took 0.180 seconds
