[2024-09-28T23:58:53.552-0500] {processor.py:186} INFO - Started process (PID=25605) to work on /home/d-salamanca/airflow-env/lib/python3.12/site-packages/airflow/example_dags/tutorial.py
[2024-09-28T23:58:53.554-0500] {processor.py:914} INFO - Processing file /home/d-salamanca/airflow-env/lib/python3.12/site-packages/airflow/example_dags/tutorial.py for tasks to queue
[2024-09-28T23:58:53.558-0500] {logging_mixin.py:190} INFO - [2024-09-28T23:58:53.557-0500] {dagbag.py:588} INFO - Filling up the DagBag from /home/d-salamanca/airflow-env/lib/python3.12/site-packages/airflow/example_dags/tutorial.py
[2024-09-28T23:58:53.604-0500] {processor.py:925} INFO - DAG(s) 'tutorial' retrieved from /home/d-salamanca/airflow-env/lib/python3.12/site-packages/airflow/example_dags/tutorial.py
[2024-09-28T23:58:54.991-0500] {logging_mixin.py:190} INFO - [2024-09-28T23:58:54.990-0500] {override.py:1901} INFO - Created Permission View: can edit on DAG:tutorial
[2024-09-28T23:58:55.186-0500] {logging_mixin.py:190} INFO - [2024-09-28T23:58:55.185-0500] {override.py:1901} INFO - Created Permission View: can read on DAG:tutorial
[2024-09-28T23:58:55.651-0500] {logging_mixin.py:190} INFO - [2024-09-28T23:58:55.651-0500] {override.py:1901} INFO - Created Permission View: can delete on DAG:tutorial
[2024-09-28T23:58:56.036-0500] {logging_mixin.py:190} INFO - [2024-09-28T23:58:56.035-0500] {override.py:1901} INFO - Created Permission View: menu access on DAG Run:tutorial
[2024-09-28T23:58:56.131-0500] {logging_mixin.py:190} INFO - [2024-09-28T23:58:56.130-0500] {override.py:1901} INFO - Created Permission View: can read on DAG Run:tutorial
[2024-09-28T23:58:56.239-0500] {logging_mixin.py:190} INFO - [2024-09-28T23:58:56.238-0500] {override.py:1901} INFO - Created Permission View: can delete on DAG Run:tutorial
[2024-09-28T23:58:56.322-0500] {logging_mixin.py:190} INFO - [2024-09-28T23:58:56.320-0500] {override.py:1901} INFO - Created Permission View: can create on DAG Run:tutorial
[2024-09-28T23:58:56.323-0500] {logging_mixin.py:190} INFO - [2024-09-28T23:58:56.322-0500] {dag.py:3239} INFO - Sync 1 DAGs
[2024-09-28T23:58:56.343-0500] {logging_mixin.py:190} INFO - [2024-09-28T23:58:56.343-0500] {dag.py:3262} INFO - Creating ORM DAG for tutorial
[2024-09-28T23:58:56.380-0500] {logging_mixin.py:190} INFO - [2024-09-28T23:58:56.379-0500] {dag.py:4180} INFO - Setting next_dagrun for tutorial to 2024-09-28 00:00:00+00:00, run_after=2024-09-29 00:00:00+00:00
[2024-09-28T23:58:56.602-0500] {processor.py:208} INFO - Processing /home/d-salamanca/airflow-env/lib/python3.12/site-packages/airflow/example_dags/tutorial.py took 3.139 seconds
[2024-09-29T00:18:53.394-0500] {processor.py:186} INFO - Started process (PID=28608) to work on /home/d-salamanca/airflow-env/lib/python3.12/site-packages/airflow/example_dags/tutorial.py
[2024-09-29T00:18:53.420-0500] {processor.py:914} INFO - Processing file /home/d-salamanca/airflow-env/lib/python3.12/site-packages/airflow/example_dags/tutorial.py for tasks to queue
[2024-09-29T00:18:53.425-0500] {logging_mixin.py:190} INFO - [2024-09-29T00:18:53.424-0500] {dagbag.py:588} INFO - Filling up the DagBag from /home/d-salamanca/airflow-env/lib/python3.12/site-packages/airflow/example_dags/tutorial.py
[2024-09-29T00:18:53.464-0500] {processor.py:925} INFO - DAG(s) 'tutorial' retrieved from /home/d-salamanca/airflow-env/lib/python3.12/site-packages/airflow/example_dags/tutorial.py
[2024-09-29T00:18:53.497-0500] {logging_mixin.py:190} INFO - [2024-09-29T00:18:53.497-0500] {dag.py:3239} INFO - Sync 1 DAGs
[2024-09-29T00:18:53.562-0500] {logging_mixin.py:190} INFO - [2024-09-29T00:18:53.561-0500] {dag.py:4180} INFO - Setting next_dagrun for tutorial to 2024-09-28 00:00:00+00:00, run_after=2024-09-29 00:00:00+00:00
[2024-09-29T00:18:53.687-0500] {processor.py:208} INFO - Processing /home/d-salamanca/airflow-env/lib/python3.12/site-packages/airflow/example_dags/tutorial.py took 0.303 seconds
[2024-09-29T00:20:25.391-0500] {processor.py:186} INFO - Started process (PID=28687) to work on /home/d-salamanca/airflow-env/lib/python3.12/site-packages/airflow/example_dags/tutorial.py
[2024-09-29T00:20:25.408-0500] {processor.py:914} INFO - Processing file /home/d-salamanca/airflow-env/lib/python3.12/site-packages/airflow/example_dags/tutorial.py for tasks to queue
[2024-09-29T00:20:25.411-0500] {logging_mixin.py:190} INFO - [2024-09-29T00:20:25.410-0500] {dagbag.py:588} INFO - Filling up the DagBag from /home/d-salamanca/airflow-env/lib/python3.12/site-packages/airflow/example_dags/tutorial.py
[2024-09-29T00:20:25.422-0500] {processor.py:925} INFO - DAG(s) 'tutorial' retrieved from /home/d-salamanca/airflow-env/lib/python3.12/site-packages/airflow/example_dags/tutorial.py
[2024-09-29T00:20:25.442-0500] {logging_mixin.py:190} INFO - [2024-09-29T00:20:25.441-0500] {dag.py:3239} INFO - Sync 1 DAGs
[2024-09-29T00:20:25.465-0500] {logging_mixin.py:190} INFO - [2024-09-29T00:20:25.464-0500] {dag.py:4180} INFO - Setting next_dagrun for tutorial to 2024-09-28 00:00:00+00:00, run_after=2024-09-29 00:00:00+00:00
[2024-09-29T00:20:25.551-0500] {processor.py:208} INFO - Processing /home/d-salamanca/airflow-env/lib/python3.12/site-packages/airflow/example_dags/tutorial.py took 0.168 seconds
[2024-09-29T00:21:18.367-0500] {processor.py:186} INFO - Started process (PID=28729) to work on /home/d-salamanca/airflow-env/lib/python3.12/site-packages/airflow/example_dags/tutorial.py
[2024-09-29T00:21:18.369-0500] {processor.py:914} INFO - Processing file /home/d-salamanca/airflow-env/lib/python3.12/site-packages/airflow/example_dags/tutorial.py for tasks to queue
[2024-09-29T00:21:18.372-0500] {logging_mixin.py:190} INFO - [2024-09-29T00:21:18.371-0500] {dagbag.py:588} INFO - Filling up the DagBag from /home/d-salamanca/airflow-env/lib/python3.12/site-packages/airflow/example_dags/tutorial.py
[2024-09-29T00:21:18.423-0500] {processor.py:925} INFO - DAG(s) 'tutorial' retrieved from /home/d-salamanca/airflow-env/lib/python3.12/site-packages/airflow/example_dags/tutorial.py
[2024-09-29T00:21:18.442-0500] {logging_mixin.py:190} INFO - [2024-09-29T00:21:18.442-0500] {dag.py:3239} INFO - Sync 1 DAGs
[2024-09-29T00:21:18.466-0500] {logging_mixin.py:190} INFO - [2024-09-29T00:21:18.466-0500] {dag.py:4180} INFO - Setting next_dagrun for tutorial to 2024-09-28 00:00:00+00:00, run_after=2024-09-29 00:00:00+00:00
[2024-09-29T00:21:18.536-0500] {processor.py:208} INFO - Processing /home/d-salamanca/airflow-env/lib/python3.12/site-packages/airflow/example_dags/tutorial.py took 0.179 seconds
[2024-09-29T00:22:57.519-0500] {processor.py:186} INFO - Started process (PID=28802) to work on /home/d-salamanca/airflow-env/lib/python3.12/site-packages/airflow/example_dags/tutorial.py
[2024-09-29T00:22:57.520-0500] {processor.py:914} INFO - Processing file /home/d-salamanca/airflow-env/lib/python3.12/site-packages/airflow/example_dags/tutorial.py for tasks to queue
[2024-09-29T00:22:57.525-0500] {logging_mixin.py:190} INFO - [2024-09-29T00:22:57.525-0500] {dagbag.py:588} INFO - Filling up the DagBag from /home/d-salamanca/airflow-env/lib/python3.12/site-packages/airflow/example_dags/tutorial.py
[2024-09-29T00:22:57.538-0500] {processor.py:925} INFO - DAG(s) 'tutorial' retrieved from /home/d-salamanca/airflow-env/lib/python3.12/site-packages/airflow/example_dags/tutorial.py
[2024-09-29T00:22:57.560-0500] {logging_mixin.py:190} INFO - [2024-09-29T00:22:57.560-0500] {dag.py:3239} INFO - Sync 1 DAGs
[2024-09-29T00:22:57.589-0500] {logging_mixin.py:190} INFO - [2024-09-29T00:22:57.588-0500] {dag.py:4180} INFO - Setting next_dagrun for tutorial to 2024-09-28 00:00:00+00:00, run_after=2024-09-29 00:00:00+00:00
[2024-09-29T00:22:57.637-0500] {processor.py:208} INFO - Processing /home/d-salamanca/airflow-env/lib/python3.12/site-packages/airflow/example_dags/tutorial.py took 0.127 seconds
[2024-09-29T00:24:25.302-0500] {processor.py:186} INFO - Started process (PID=28874) to work on /home/d-salamanca/airflow-env/lib/python3.12/site-packages/airflow/example_dags/tutorial.py
[2024-09-29T00:24:25.303-0500] {processor.py:914} INFO - Processing file /home/d-salamanca/airflow-env/lib/python3.12/site-packages/airflow/example_dags/tutorial.py for tasks to queue
[2024-09-29T00:24:25.308-0500] {logging_mixin.py:190} INFO - [2024-09-29T00:24:25.308-0500] {dagbag.py:588} INFO - Filling up the DagBag from /home/d-salamanca/airflow-env/lib/python3.12/site-packages/airflow/example_dags/tutorial.py
[2024-09-29T00:24:25.318-0500] {processor.py:925} INFO - DAG(s) 'tutorial' retrieved from /home/d-salamanca/airflow-env/lib/python3.12/site-packages/airflow/example_dags/tutorial.py
[2024-09-29T00:24:25.337-0500] {logging_mixin.py:190} INFO - [2024-09-29T00:24:25.336-0500] {dag.py:3239} INFO - Sync 1 DAGs
[2024-09-29T00:24:25.359-0500] {logging_mixin.py:190} INFO - [2024-09-29T00:24:25.358-0500] {dag.py:4180} INFO - Setting next_dagrun for tutorial to 2024-09-28 00:00:00+00:00, run_after=2024-09-29 00:00:00+00:00
[2024-09-29T00:24:25.393-0500] {processor.py:208} INFO - Processing /home/d-salamanca/airflow-env/lib/python3.12/site-packages/airflow/example_dags/tutorial.py took 0.099 seconds
[2024-09-29T00:25:51.932-0500] {processor.py:186} INFO - Started process (PID=28946) to work on /home/d-salamanca/airflow-env/lib/python3.12/site-packages/airflow/example_dags/tutorial.py
[2024-09-29T00:25:51.956-0500] {processor.py:914} INFO - Processing file /home/d-salamanca/airflow-env/lib/python3.12/site-packages/airflow/example_dags/tutorial.py for tasks to queue
[2024-09-29T00:25:51.961-0500] {logging_mixin.py:190} INFO - [2024-09-29T00:25:51.960-0500] {dagbag.py:588} INFO - Filling up the DagBag from /home/d-salamanca/airflow-env/lib/python3.12/site-packages/airflow/example_dags/tutorial.py
[2024-09-29T00:25:51.974-0500] {processor.py:925} INFO - DAG(s) 'tutorial' retrieved from /home/d-salamanca/airflow-env/lib/python3.12/site-packages/airflow/example_dags/tutorial.py
[2024-09-29T00:25:52.152-0500] {logging_mixin.py:190} INFO - [2024-09-29T00:25:52.152-0500] {dag.py:3239} INFO - Sync 1 DAGs
[2024-09-29T00:25:52.177-0500] {logging_mixin.py:190} INFO - [2024-09-29T00:25:52.176-0500] {dag.py:4180} INFO - Setting next_dagrun for tutorial to 2024-09-28 00:00:00+00:00, run_after=2024-09-29 00:00:00+00:00
[2024-09-29T00:25:52.241-0500] {processor.py:208} INFO - Processing /home/d-salamanca/airflow-env/lib/python3.12/site-packages/airflow/example_dags/tutorial.py took 0.319 seconds
[2024-09-29T00:27:23.083-0500] {processor.py:186} INFO - Started process (PID=29065) to work on /home/d-salamanca/airflow-env/lib/python3.12/site-packages/airflow/example_dags/tutorial.py
[2024-09-29T00:27:23.084-0500] {processor.py:914} INFO - Processing file /home/d-salamanca/airflow-env/lib/python3.12/site-packages/airflow/example_dags/tutorial.py for tasks to queue
[2024-09-29T00:27:23.088-0500] {logging_mixin.py:190} INFO - [2024-09-29T00:27:23.087-0500] {dagbag.py:588} INFO - Filling up the DagBag from /home/d-salamanca/airflow-env/lib/python3.12/site-packages/airflow/example_dags/tutorial.py
[2024-09-29T00:27:23.098-0500] {processor.py:925} INFO - DAG(s) 'tutorial' retrieved from /home/d-salamanca/airflow-env/lib/python3.12/site-packages/airflow/example_dags/tutorial.py
[2024-09-29T00:27:23.117-0500] {logging_mixin.py:190} INFO - [2024-09-29T00:27:23.117-0500] {dag.py:3239} INFO - Sync 1 DAGs
[2024-09-29T00:27:23.142-0500] {logging_mixin.py:190} INFO - [2024-09-29T00:27:23.142-0500] {dag.py:4180} INFO - Setting next_dagrun for tutorial to 2024-09-28 00:00:00+00:00, run_after=2024-09-29 00:00:00+00:00
[2024-09-29T00:27:23.188-0500] {processor.py:208} INFO - Processing /home/d-salamanca/airflow-env/lib/python3.12/site-packages/airflow/example_dags/tutorial.py took 0.112 seconds
[2024-09-29T00:28:15.630-0500] {processor.py:186} INFO - Started process (PID=29143) to work on /home/d-salamanca/airflow-env/lib/python3.12/site-packages/airflow/example_dags/tutorial.py
[2024-09-29T00:28:15.631-0500] {processor.py:914} INFO - Processing file /home/d-salamanca/airflow-env/lib/python3.12/site-packages/airflow/example_dags/tutorial.py for tasks to queue
[2024-09-29T00:28:15.635-0500] {logging_mixin.py:190} INFO - [2024-09-29T00:28:15.634-0500] {dagbag.py:588} INFO - Filling up the DagBag from /home/d-salamanca/airflow-env/lib/python3.12/site-packages/airflow/example_dags/tutorial.py
[2024-09-29T00:28:15.657-0500] {processor.py:925} INFO - DAG(s) 'tutorial' retrieved from /home/d-salamanca/airflow-env/lib/python3.12/site-packages/airflow/example_dags/tutorial.py
[2024-09-29T00:28:15.676-0500] {logging_mixin.py:190} INFO - [2024-09-29T00:28:15.676-0500] {dag.py:3239} INFO - Sync 1 DAGs
[2024-09-29T00:28:15.740-0500] {logging_mixin.py:190} INFO - [2024-09-29T00:28:15.740-0500] {dag.py:4180} INFO - Setting next_dagrun for tutorial to 2024-09-28 00:00:00+00:00, run_after=2024-09-29 00:00:00+00:00
[2024-09-29T00:28:15.798-0500] {processor.py:208} INFO - Processing /home/d-salamanca/airflow-env/lib/python3.12/site-packages/airflow/example_dags/tutorial.py took 0.179 seconds
[2024-09-29T00:29:23.343-0500] {processor.py:186} INFO - Started process (PID=29225) to work on /home/d-salamanca/airflow-env/lib/python3.12/site-packages/airflow/example_dags/tutorial.py
[2024-09-29T00:29:23.375-0500] {processor.py:914} INFO - Processing file /home/d-salamanca/airflow-env/lib/python3.12/site-packages/airflow/example_dags/tutorial.py for tasks to queue
[2024-09-29T00:29:23.382-0500] {logging_mixin.py:190} INFO - [2024-09-29T00:29:23.381-0500] {dagbag.py:588} INFO - Filling up the DagBag from /home/d-salamanca/airflow-env/lib/python3.12/site-packages/airflow/example_dags/tutorial.py
[2024-09-29T00:29:23.496-0500] {processor.py:925} INFO - DAG(s) 'tutorial' retrieved from /home/d-salamanca/airflow-env/lib/python3.12/site-packages/airflow/example_dags/tutorial.py
[2024-09-29T00:29:23.612-0500] {logging_mixin.py:190} INFO - [2024-09-29T00:29:23.612-0500] {dag.py:3239} INFO - Sync 1 DAGs
[2024-09-29T00:29:23.880-0500] {logging_mixin.py:190} INFO - [2024-09-29T00:29:23.879-0500] {dag.py:4180} INFO - Setting next_dagrun for tutorial to 2024-09-28 00:00:00+00:00, run_after=2024-09-29 00:00:00+00:00
[2024-09-29T00:29:24.843-0500] {processor.py:208} INFO - Processing /home/d-salamanca/airflow-env/lib/python3.12/site-packages/airflow/example_dags/tutorial.py took 1.508 seconds
[2024-09-29T00:30:41.179-0500] {processor.py:186} INFO - Started process (PID=29279) to work on /home/d-salamanca/airflow-env/lib/python3.12/site-packages/airflow/example_dags/tutorial.py
[2024-09-29T00:30:41.196-0500] {processor.py:914} INFO - Processing file /home/d-salamanca/airflow-env/lib/python3.12/site-packages/airflow/example_dags/tutorial.py for tasks to queue
[2024-09-29T00:30:41.201-0500] {logging_mixin.py:190} INFO - [2024-09-29T00:30:41.200-0500] {dagbag.py:588} INFO - Filling up the DagBag from /home/d-salamanca/airflow-env/lib/python3.12/site-packages/airflow/example_dags/tutorial.py
[2024-09-29T00:30:41.218-0500] {processor.py:925} INFO - DAG(s) 'tutorial' retrieved from /home/d-salamanca/airflow-env/lib/python3.12/site-packages/airflow/example_dags/tutorial.py
[2024-09-29T00:30:41.236-0500] {logging_mixin.py:190} INFO - [2024-09-29T00:30:41.236-0500] {dag.py:3239} INFO - Sync 1 DAGs
[2024-09-29T00:30:41.302-0500] {logging_mixin.py:190} INFO - [2024-09-29T00:30:41.301-0500] {dag.py:4180} INFO - Setting next_dagrun for tutorial to 2024-09-28 00:00:00+00:00, run_after=2024-09-29 00:00:00+00:00
[2024-09-29T00:30:41.332-0500] {processor.py:208} INFO - Processing /home/d-salamanca/airflow-env/lib/python3.12/site-packages/airflow/example_dags/tutorial.py took 0.159 seconds
[2024-09-29T00:31:47.470-0500] {processor.py:186} INFO - Started process (PID=29330) to work on /home/d-salamanca/airflow-env/lib/python3.12/site-packages/airflow/example_dags/tutorial.py
[2024-09-29T00:31:47.471-0500] {processor.py:914} INFO - Processing file /home/d-salamanca/airflow-env/lib/python3.12/site-packages/airflow/example_dags/tutorial.py for tasks to queue
[2024-09-29T00:31:47.474-0500] {logging_mixin.py:190} INFO - [2024-09-29T00:31:47.474-0500] {dagbag.py:588} INFO - Filling up the DagBag from /home/d-salamanca/airflow-env/lib/python3.12/site-packages/airflow/example_dags/tutorial.py
[2024-09-29T00:31:47.511-0500] {processor.py:925} INFO - DAG(s) 'tutorial' retrieved from /home/d-salamanca/airflow-env/lib/python3.12/site-packages/airflow/example_dags/tutorial.py
[2024-09-29T00:31:47.533-0500] {logging_mixin.py:190} INFO - [2024-09-29T00:31:47.532-0500] {dag.py:3239} INFO - Sync 1 DAGs
[2024-09-29T00:31:47.556-0500] {logging_mixin.py:190} INFO - [2024-09-29T00:31:47.555-0500] {dag.py:4180} INFO - Setting next_dagrun for tutorial to 2024-09-28 00:00:00+00:00, run_after=2024-09-29 00:00:00+00:00
[2024-09-29T00:31:47.614-0500] {processor.py:208} INFO - Processing /home/d-salamanca/airflow-env/lib/python3.12/site-packages/airflow/example_dags/tutorial.py took 0.153 seconds
[2024-09-29T00:33:05.934-0500] {processor.py:186} INFO - Started process (PID=29409) to work on /home/d-salamanca/airflow-env/lib/python3.12/site-packages/airflow/example_dags/tutorial.py
[2024-09-29T00:33:05.942-0500] {processor.py:914} INFO - Processing file /home/d-salamanca/airflow-env/lib/python3.12/site-packages/airflow/example_dags/tutorial.py for tasks to queue
[2024-09-29T00:33:05.945-0500] {logging_mixin.py:190} INFO - [2024-09-29T00:33:05.944-0500] {dagbag.py:588} INFO - Filling up the DagBag from /home/d-salamanca/airflow-env/lib/python3.12/site-packages/airflow/example_dags/tutorial.py
[2024-09-29T00:33:05.986-0500] {processor.py:925} INFO - DAG(s) 'tutorial' retrieved from /home/d-salamanca/airflow-env/lib/python3.12/site-packages/airflow/example_dags/tutorial.py
[2024-09-29T00:33:06.031-0500] {logging_mixin.py:190} INFO - [2024-09-29T00:33:06.030-0500] {dag.py:3239} INFO - Sync 1 DAGs
[2024-09-29T00:33:06.138-0500] {logging_mixin.py:190} INFO - [2024-09-29T00:33:06.137-0500] {dag.py:4180} INFO - Setting next_dagrun for tutorial to 2024-09-28 00:00:00+00:00, run_after=2024-09-29 00:00:00+00:00
[2024-09-29T00:33:06.457-0500] {processor.py:208} INFO - Processing /home/d-salamanca/airflow-env/lib/python3.12/site-packages/airflow/example_dags/tutorial.py took 0.565 seconds
[2024-09-29T00:33:56.929-0500] {processor.py:186} INFO - Started process (PID=29476) to work on /home/d-salamanca/airflow-env/lib/python3.12/site-packages/airflow/example_dags/tutorial.py
[2024-09-29T00:33:56.953-0500] {processor.py:914} INFO - Processing file /home/d-salamanca/airflow-env/lib/python3.12/site-packages/airflow/example_dags/tutorial.py for tasks to queue
[2024-09-29T00:33:56.963-0500] {logging_mixin.py:190} INFO - [2024-09-29T00:33:56.961-0500] {dagbag.py:588} INFO - Filling up the DagBag from /home/d-salamanca/airflow-env/lib/python3.12/site-packages/airflow/example_dags/tutorial.py
[2024-09-29T00:33:57.014-0500] {processor.py:925} INFO - DAG(s) 'tutorial' retrieved from /home/d-salamanca/airflow-env/lib/python3.12/site-packages/airflow/example_dags/tutorial.py
[2024-09-29T00:33:57.034-0500] {logging_mixin.py:190} INFO - [2024-09-29T00:33:57.033-0500] {dag.py:3239} INFO - Sync 1 DAGs
[2024-09-29T00:33:57.094-0500] {logging_mixin.py:190} INFO - [2024-09-29T00:33:57.093-0500] {dag.py:4180} INFO - Setting next_dagrun for tutorial to 2024-09-28 00:00:00+00:00, run_after=2024-09-29 00:00:00+00:00
[2024-09-29T00:33:57.139-0500] {processor.py:208} INFO - Processing /home/d-salamanca/airflow-env/lib/python3.12/site-packages/airflow/example_dags/tutorial.py took 0.221 seconds
[2024-09-29T08:20:17.551-0500] {processor.py:186} INFO - Started process (PID=29765) to work on /home/d-salamanca/airflow-env/lib/python3.12/site-packages/airflow/example_dags/tutorial.py
[2024-09-29T08:20:17.572-0500] {processor.py:914} INFO - Processing file /home/d-salamanca/airflow-env/lib/python3.12/site-packages/airflow/example_dags/tutorial.py for tasks to queue
[2024-09-29T08:20:17.577-0500] {logging_mixin.py:190} INFO - [2024-09-29T08:20:17.576-0500] {dagbag.py:588} INFO - Filling up the DagBag from /home/d-salamanca/airflow-env/lib/python3.12/site-packages/airflow/example_dags/tutorial.py
[2024-09-29T08:20:17.607-0500] {processor.py:925} INFO - DAG(s) 'tutorial' retrieved from /home/d-salamanca/airflow-env/lib/python3.12/site-packages/airflow/example_dags/tutorial.py
[2024-09-29T08:20:17.627-0500] {logging_mixin.py:190} INFO - [2024-09-29T08:20:17.626-0500] {dag.py:3239} INFO - Sync 1 DAGs
[2024-09-29T08:20:17.672-0500] {logging_mixin.py:190} INFO - [2024-09-29T08:20:17.672-0500] {dag.py:4180} INFO - Setting next_dagrun for tutorial to 2024-09-28 00:00:00+00:00, run_after=2024-09-29 00:00:00+00:00
[2024-09-29T08:20:17.727-0500] {processor.py:208} INFO - Processing /home/d-salamanca/airflow-env/lib/python3.12/site-packages/airflow/example_dags/tutorial.py took 0.183 seconds
[2024-09-29T08:21:25.353-0500] {processor.py:186} INFO - Started process (PID=29840) to work on /home/d-salamanca/airflow-env/lib/python3.12/site-packages/airflow/example_dags/tutorial.py
[2024-09-29T08:21:25.354-0500] {processor.py:914} INFO - Processing file /home/d-salamanca/airflow-env/lib/python3.12/site-packages/airflow/example_dags/tutorial.py for tasks to queue
[2024-09-29T08:21:25.358-0500] {logging_mixin.py:190} INFO - [2024-09-29T08:21:25.357-0500] {dagbag.py:588} INFO - Filling up the DagBag from /home/d-salamanca/airflow-env/lib/python3.12/site-packages/airflow/example_dags/tutorial.py
[2024-09-29T08:21:25.412-0500] {processor.py:925} INFO - DAG(s) 'tutorial' retrieved from /home/d-salamanca/airflow-env/lib/python3.12/site-packages/airflow/example_dags/tutorial.py
[2024-09-29T08:21:25.502-0500] {logging_mixin.py:190} INFO - [2024-09-29T08:21:25.502-0500] {dag.py:3239} INFO - Sync 1 DAGs
[2024-09-29T08:21:25.605-0500] {logging_mixin.py:190} INFO - [2024-09-29T08:21:25.604-0500] {dag.py:4180} INFO - Setting next_dagrun for tutorial to 2024-09-28 00:00:00+00:00, run_after=2024-09-29 00:00:00+00:00
[2024-09-29T08:21:26.012-0500] {processor.py:208} INFO - Processing /home/d-salamanca/airflow-env/lib/python3.12/site-packages/airflow/example_dags/tutorial.py took 0.667 seconds
[2024-09-29T08:22:23.124-0500] {processor.py:186} INFO - Started process (PID=29878) to work on /home/d-salamanca/airflow-env/lib/python3.12/site-packages/airflow/example_dags/tutorial.py
[2024-09-29T08:22:23.425-0500] {processor.py:914} INFO - Processing file /home/d-salamanca/airflow-env/lib/python3.12/site-packages/airflow/example_dags/tutorial.py for tasks to queue
[2024-09-29T08:22:23.432-0500] {logging_mixin.py:190} INFO - [2024-09-29T08:22:23.431-0500] {dagbag.py:588} INFO - Filling up the DagBag from /home/d-salamanca/airflow-env/lib/python3.12/site-packages/airflow/example_dags/tutorial.py
[2024-09-29T08:22:23.488-0500] {processor.py:925} INFO - DAG(s) 'tutorial' retrieved from /home/d-salamanca/airflow-env/lib/python3.12/site-packages/airflow/example_dags/tutorial.py
[2024-09-29T08:22:23.507-0500] {logging_mixin.py:190} INFO - [2024-09-29T08:22:23.507-0500] {dag.py:3239} INFO - Sync 1 DAGs
[2024-09-29T08:22:23.634-0500] {logging_mixin.py:190} INFO - [2024-09-29T08:22:23.633-0500] {dag.py:4180} INFO - Setting next_dagrun for tutorial to 2024-09-28 00:00:00+00:00, run_after=2024-09-29 00:00:00+00:00
[2024-09-29T08:22:23.748-0500] {processor.py:208} INFO - Processing /home/d-salamanca/airflow-env/lib/python3.12/site-packages/airflow/example_dags/tutorial.py took 0.632 seconds
[2024-09-29T08:23:15.636-0500] {processor.py:186} INFO - Started process (PID=29919) to work on /home/d-salamanca/airflow-env/lib/python3.12/site-packages/airflow/example_dags/tutorial.py
[2024-09-29T08:23:15.638-0500] {processor.py:914} INFO - Processing file /home/d-salamanca/airflow-env/lib/python3.12/site-packages/airflow/example_dags/tutorial.py for tasks to queue
[2024-09-29T08:23:15.641-0500] {logging_mixin.py:190} INFO - [2024-09-29T08:23:15.641-0500] {dagbag.py:588} INFO - Filling up the DagBag from /home/d-salamanca/airflow-env/lib/python3.12/site-packages/airflow/example_dags/tutorial.py
[2024-09-29T08:23:15.650-0500] {processor.py:925} INFO - DAG(s) 'tutorial' retrieved from /home/d-salamanca/airflow-env/lib/python3.12/site-packages/airflow/example_dags/tutorial.py
[2024-09-29T08:23:15.669-0500] {logging_mixin.py:190} INFO - [2024-09-29T08:23:15.669-0500] {dag.py:3239} INFO - Sync 1 DAGs
[2024-09-29T08:23:15.692-0500] {logging_mixin.py:190} INFO - [2024-09-29T08:23:15.692-0500] {dag.py:4180} INFO - Setting next_dagrun for tutorial to 2024-09-28 00:00:00+00:00, run_after=2024-09-29 00:00:00+00:00
[2024-09-29T08:23:15.721-0500] {processor.py:208} INFO - Processing /home/d-salamanca/airflow-env/lib/python3.12/site-packages/airflow/example_dags/tutorial.py took 0.092 seconds
[2024-09-29T08:24:40.794-0500] {processor.py:186} INFO - Started process (PID=30019) to work on /home/d-salamanca/airflow-env/lib/python3.12/site-packages/airflow/example_dags/tutorial.py
[2024-09-29T08:24:40.809-0500] {processor.py:914} INFO - Processing file /home/d-salamanca/airflow-env/lib/python3.12/site-packages/airflow/example_dags/tutorial.py for tasks to queue
[2024-09-29T08:24:40.812-0500] {logging_mixin.py:190} INFO - [2024-09-29T08:24:40.811-0500] {dagbag.py:588} INFO - Filling up the DagBag from /home/d-salamanca/airflow-env/lib/python3.12/site-packages/airflow/example_dags/tutorial.py
[2024-09-29T08:24:40.823-0500] {processor.py:925} INFO - DAG(s) 'tutorial' retrieved from /home/d-salamanca/airflow-env/lib/python3.12/site-packages/airflow/example_dags/tutorial.py
[2024-09-29T08:24:40.866-0500] {logging_mixin.py:190} INFO - [2024-09-29T08:24:40.865-0500] {dag.py:3239} INFO - Sync 1 DAGs
[2024-09-29T08:24:40.888-0500] {logging_mixin.py:190} INFO - [2024-09-29T08:24:40.888-0500] {dag.py:4180} INFO - Setting next_dagrun for tutorial to 2024-09-28 00:00:00+00:00, run_after=2024-09-29 00:00:00+00:00
[2024-09-29T08:24:40.921-0500] {processor.py:208} INFO - Processing /home/d-salamanca/airflow-env/lib/python3.12/site-packages/airflow/example_dags/tutorial.py took 0.133 seconds
[2024-09-29T08:26:08.354-0500] {processor.py:186} INFO - Started process (PID=30094) to work on /home/d-salamanca/airflow-env/lib/python3.12/site-packages/airflow/example_dags/tutorial.py
[2024-09-29T08:26:08.385-0500] {processor.py:914} INFO - Processing file /home/d-salamanca/airflow-env/lib/python3.12/site-packages/airflow/example_dags/tutorial.py for tasks to queue
[2024-09-29T08:26:08.391-0500] {logging_mixin.py:190} INFO - [2024-09-29T08:26:08.390-0500] {dagbag.py:588} INFO - Filling up the DagBag from /home/d-salamanca/airflow-env/lib/python3.12/site-packages/airflow/example_dags/tutorial.py
[2024-09-29T08:26:08.418-0500] {processor.py:925} INFO - DAG(s) 'tutorial' retrieved from /home/d-salamanca/airflow-env/lib/python3.12/site-packages/airflow/example_dags/tutorial.py
[2024-09-29T08:26:08.438-0500] {logging_mixin.py:190} INFO - [2024-09-29T08:26:08.438-0500] {dag.py:3239} INFO - Sync 1 DAGs
[2024-09-29T08:26:08.461-0500] {logging_mixin.py:190} INFO - [2024-09-29T08:26:08.460-0500] {dag.py:4180} INFO - Setting next_dagrun for tutorial to 2024-09-28 00:00:00+00:00, run_after=2024-09-29 00:00:00+00:00
[2024-09-29T08:26:08.636-0500] {processor.py:208} INFO - Processing /home/d-salamanca/airflow-env/lib/python3.12/site-packages/airflow/example_dags/tutorial.py took 0.289 seconds
[2024-09-29T08:27:28.294-0500] {processor.py:186} INFO - Started process (PID=30162) to work on /home/d-salamanca/airflow-env/lib/python3.12/site-packages/airflow/example_dags/tutorial.py
[2024-09-29T08:27:28.295-0500] {processor.py:914} INFO - Processing file /home/d-salamanca/airflow-env/lib/python3.12/site-packages/airflow/example_dags/tutorial.py for tasks to queue
[2024-09-29T08:27:28.298-0500] {logging_mixin.py:190} INFO - [2024-09-29T08:27:28.297-0500] {dagbag.py:588} INFO - Filling up the DagBag from /home/d-salamanca/airflow-env/lib/python3.12/site-packages/airflow/example_dags/tutorial.py
[2024-09-29T08:27:28.308-0500] {processor.py:925} INFO - DAG(s) 'tutorial' retrieved from /home/d-salamanca/airflow-env/lib/python3.12/site-packages/airflow/example_dags/tutorial.py
[2024-09-29T08:27:28.327-0500] {logging_mixin.py:190} INFO - [2024-09-29T08:27:28.326-0500] {dag.py:3239} INFO - Sync 1 DAGs
[2024-09-29T08:27:28.350-0500] {logging_mixin.py:190} INFO - [2024-09-29T08:27:28.350-0500] {dag.py:4180} INFO - Setting next_dagrun for tutorial to 2024-09-28 00:00:00+00:00, run_after=2024-09-29 00:00:00+00:00
[2024-09-29T08:27:28.394-0500] {processor.py:208} INFO - Processing /home/d-salamanca/airflow-env/lib/python3.12/site-packages/airflow/example_dags/tutorial.py took 0.108 seconds
[2024-09-29T08:28:42.477-0500] {processor.py:186} INFO - Started process (PID=30229) to work on /home/d-salamanca/airflow-env/lib/python3.12/site-packages/airflow/example_dags/tutorial.py
[2024-09-29T08:28:42.479-0500] {processor.py:914} INFO - Processing file /home/d-salamanca/airflow-env/lib/python3.12/site-packages/airflow/example_dags/tutorial.py for tasks to queue
[2024-09-29T08:28:42.482-0500] {logging_mixin.py:190} INFO - [2024-09-29T08:28:42.481-0500] {dagbag.py:588} INFO - Filling up the DagBag from /home/d-salamanca/airflow-env/lib/python3.12/site-packages/airflow/example_dags/tutorial.py
[2024-09-29T08:28:42.491-0500] {processor.py:925} INFO - DAG(s) 'tutorial' retrieved from /home/d-salamanca/airflow-env/lib/python3.12/site-packages/airflow/example_dags/tutorial.py
[2024-09-29T08:28:42.510-0500] {logging_mixin.py:190} INFO - [2024-09-29T08:28:42.510-0500] {dag.py:3239} INFO - Sync 1 DAGs
[2024-09-29T08:28:42.533-0500] {logging_mixin.py:190} INFO - [2024-09-29T08:28:42.533-0500] {dag.py:4180} INFO - Setting next_dagrun for tutorial to 2024-09-28 00:00:00+00:00, run_after=2024-09-29 00:00:00+00:00
[2024-09-29T08:28:42.668-0500] {processor.py:208} INFO - Processing /home/d-salamanca/airflow-env/lib/python3.12/site-packages/airflow/example_dags/tutorial.py took 0.198 seconds
[2024-09-29T08:30:09.575-0500] {processor.py:186} INFO - Started process (PID=30304) to work on /home/d-salamanca/airflow-env/lib/python3.12/site-packages/airflow/example_dags/tutorial.py
[2024-09-29T08:30:09.577-0500] {processor.py:914} INFO - Processing file /home/d-salamanca/airflow-env/lib/python3.12/site-packages/airflow/example_dags/tutorial.py for tasks to queue
[2024-09-29T08:30:09.582-0500] {logging_mixin.py:190} INFO - [2024-09-29T08:30:09.581-0500] {dagbag.py:588} INFO - Filling up the DagBag from /home/d-salamanca/airflow-env/lib/python3.12/site-packages/airflow/example_dags/tutorial.py
[2024-09-29T08:30:09.593-0500] {processor.py:925} INFO - DAG(s) 'tutorial' retrieved from /home/d-salamanca/airflow-env/lib/python3.12/site-packages/airflow/example_dags/tutorial.py
[2024-09-29T08:30:09.611-0500] {logging_mixin.py:190} INFO - [2024-09-29T08:30:09.611-0500] {dag.py:3239} INFO - Sync 1 DAGs
[2024-09-29T08:30:09.634-0500] {logging_mixin.py:190} INFO - [2024-09-29T08:30:09.634-0500] {dag.py:4180} INFO - Setting next_dagrun for tutorial to 2024-09-28 00:00:00+00:00, run_after=2024-09-29 00:00:00+00:00
[2024-09-29T08:30:09.663-0500] {processor.py:208} INFO - Processing /home/d-salamanca/airflow-env/lib/python3.12/site-packages/airflow/example_dags/tutorial.py took 0.096 seconds
[2024-09-29T08:31:44.411-0500] {processor.py:186} INFO - Started process (PID=30390) to work on /home/d-salamanca/airflow-env/lib/python3.12/site-packages/airflow/example_dags/tutorial.py
[2024-09-29T08:31:44.412-0500] {processor.py:914} INFO - Processing file /home/d-salamanca/airflow-env/lib/python3.12/site-packages/airflow/example_dags/tutorial.py for tasks to queue
[2024-09-29T08:31:44.418-0500] {logging_mixin.py:190} INFO - [2024-09-29T08:31:44.417-0500] {dagbag.py:588} INFO - Filling up the DagBag from /home/d-salamanca/airflow-env/lib/python3.12/site-packages/airflow/example_dags/tutorial.py
[2024-09-29T08:31:44.428-0500] {processor.py:925} INFO - DAG(s) 'tutorial' retrieved from /home/d-salamanca/airflow-env/lib/python3.12/site-packages/airflow/example_dags/tutorial.py
[2024-09-29T08:31:44.446-0500] {logging_mixin.py:190} INFO - [2024-09-29T08:31:44.445-0500] {dag.py:3239} INFO - Sync 1 DAGs
[2024-09-29T08:31:44.469-0500] {logging_mixin.py:190} INFO - [2024-09-29T08:31:44.469-0500] {dag.py:4180} INFO - Setting next_dagrun for tutorial to 2024-09-28 00:00:00+00:00, run_after=2024-09-29 00:00:00+00:00
[2024-09-29T08:31:44.544-0500] {processor.py:208} INFO - Processing /home/d-salamanca/airflow-env/lib/python3.12/site-packages/airflow/example_dags/tutorial.py took 0.141 seconds
[2024-09-29T08:33:19.095-0500] {processor.py:186} INFO - Started process (PID=30466) to work on /home/d-salamanca/airflow-env/lib/python3.12/site-packages/airflow/example_dags/tutorial.py
[2024-09-29T08:33:19.096-0500] {processor.py:914} INFO - Processing file /home/d-salamanca/airflow-env/lib/python3.12/site-packages/airflow/example_dags/tutorial.py for tasks to queue
[2024-09-29T08:33:19.100-0500] {logging_mixin.py:190} INFO - [2024-09-29T08:33:19.099-0500] {dagbag.py:588} INFO - Filling up the DagBag from /home/d-salamanca/airflow-env/lib/python3.12/site-packages/airflow/example_dags/tutorial.py
[2024-09-29T08:33:19.109-0500] {processor.py:925} INFO - DAG(s) 'tutorial' retrieved from /home/d-salamanca/airflow-env/lib/python3.12/site-packages/airflow/example_dags/tutorial.py
[2024-09-29T08:33:19.128-0500] {logging_mixin.py:190} INFO - [2024-09-29T08:33:19.127-0500] {dag.py:3239} INFO - Sync 1 DAGs
[2024-09-29T08:33:19.150-0500] {logging_mixin.py:190} INFO - [2024-09-29T08:33:19.150-0500] {dag.py:4180} INFO - Setting next_dagrun for tutorial to 2024-09-28 00:00:00+00:00, run_after=2024-09-29 00:00:00+00:00
[2024-09-29T08:33:19.180-0500] {processor.py:208} INFO - Processing /home/d-salamanca/airflow-env/lib/python3.12/site-packages/airflow/example_dags/tutorial.py took 0.092 seconds
[2024-09-29T08:34:39.975-0500] {processor.py:186} INFO - Started process (PID=30532) to work on /home/d-salamanca/airflow-env/lib/python3.12/site-packages/airflow/example_dags/tutorial.py
[2024-09-29T08:34:39.994-0500] {processor.py:914} INFO - Processing file /home/d-salamanca/airflow-env/lib/python3.12/site-packages/airflow/example_dags/tutorial.py for tasks to queue
[2024-09-29T08:34:39.998-0500] {logging_mixin.py:190} INFO - [2024-09-29T08:34:39.997-0500] {dagbag.py:588} INFO - Filling up the DagBag from /home/d-salamanca/airflow-env/lib/python3.12/site-packages/airflow/example_dags/tutorial.py
[2024-09-29T08:34:40.010-0500] {processor.py:925} INFO - DAG(s) 'tutorial' retrieved from /home/d-salamanca/airflow-env/lib/python3.12/site-packages/airflow/example_dags/tutorial.py
[2024-09-29T08:34:40.029-0500] {logging_mixin.py:190} INFO - [2024-09-29T08:34:40.028-0500] {dag.py:3239} INFO - Sync 1 DAGs
[2024-09-29T08:34:40.051-0500] {logging_mixin.py:190} INFO - [2024-09-29T08:34:40.050-0500] {dag.py:4180} INFO - Setting next_dagrun for tutorial to 2024-09-28 00:00:00+00:00, run_after=2024-09-29 00:00:00+00:00
[2024-09-29T08:34:40.128-0500] {processor.py:208} INFO - Processing /home/d-salamanca/airflow-env/lib/python3.12/site-packages/airflow/example_dags/tutorial.py took 0.160 seconds
[2024-09-29T08:37:08.992-0500] {processor.py:186} INFO - Started process (PID=31004) to work on /home/d-salamanca/airflow-env/lib/python3.12/site-packages/airflow/example_dags/tutorial.py
[2024-09-29T08:37:09.005-0500] {processor.py:914} INFO - Processing file /home/d-salamanca/airflow-env/lib/python3.12/site-packages/airflow/example_dags/tutorial.py for tasks to queue
[2024-09-29T08:37:09.013-0500] {logging_mixin.py:190} INFO - [2024-09-29T08:37:09.012-0500] {dagbag.py:588} INFO - Filling up the DagBag from /home/d-salamanca/airflow-env/lib/python3.12/site-packages/airflow/example_dags/tutorial.py
[2024-09-29T08:37:09.038-0500] {processor.py:925} INFO - DAG(s) 'tutorial' retrieved from /home/d-salamanca/airflow-env/lib/python3.12/site-packages/airflow/example_dags/tutorial.py
[2024-09-29T08:37:09.059-0500] {logging_mixin.py:190} INFO - [2024-09-29T08:37:09.058-0500] {dag.py:3239} INFO - Sync 1 DAGs
[2024-09-29T08:37:09.121-0500] {logging_mixin.py:190} INFO - [2024-09-29T08:37:09.121-0500] {dag.py:4180} INFO - Setting next_dagrun for tutorial to 2024-09-28 00:00:00+00:00, run_after=2024-09-29 00:00:00+00:00
[2024-09-29T08:37:09.171-0500] {processor.py:208} INFO - Processing /home/d-salamanca/airflow-env/lib/python3.12/site-packages/airflow/example_dags/tutorial.py took 0.187 seconds
[2024-09-29T08:38:04.025-0500] {processor.py:186} INFO - Started process (PID=31049) to work on /home/d-salamanca/airflow-env/lib/python3.12/site-packages/airflow/example_dags/tutorial.py
[2024-09-29T08:38:04.026-0500] {processor.py:914} INFO - Processing file /home/d-salamanca/airflow-env/lib/python3.12/site-packages/airflow/example_dags/tutorial.py for tasks to queue
[2024-09-29T08:38:04.030-0500] {logging_mixin.py:190} INFO - [2024-09-29T08:38:04.029-0500] {dagbag.py:588} INFO - Filling up the DagBag from /home/d-salamanca/airflow-env/lib/python3.12/site-packages/airflow/example_dags/tutorial.py
[2024-09-29T08:38:04.059-0500] {processor.py:925} INFO - DAG(s) 'tutorial' retrieved from /home/d-salamanca/airflow-env/lib/python3.12/site-packages/airflow/example_dags/tutorial.py
[2024-09-29T08:38:04.078-0500] {logging_mixin.py:190} INFO - [2024-09-29T08:38:04.077-0500] {dag.py:3239} INFO - Sync 1 DAGs
[2024-09-29T08:38:04.111-0500] {logging_mixin.py:190} INFO - [2024-09-29T08:38:04.111-0500] {dag.py:4180} INFO - Setting next_dagrun for tutorial to 2024-09-28 00:00:00+00:00, run_after=2024-09-29 00:00:00+00:00
[2024-09-29T08:38:04.149-0500] {processor.py:208} INFO - Processing /home/d-salamanca/airflow-env/lib/python3.12/site-packages/airflow/example_dags/tutorial.py took 0.132 seconds
[2024-09-29T08:39:26.938-0500] {processor.py:186} INFO - Started process (PID=31120) to work on /home/d-salamanca/airflow-env/lib/python3.12/site-packages/airflow/example_dags/tutorial.py
[2024-09-29T08:39:26.953-0500] {processor.py:914} INFO - Processing file /home/d-salamanca/airflow-env/lib/python3.12/site-packages/airflow/example_dags/tutorial.py for tasks to queue
[2024-09-29T08:39:26.960-0500] {logging_mixin.py:190} INFO - [2024-09-29T08:39:26.959-0500] {dagbag.py:588} INFO - Filling up the DagBag from /home/d-salamanca/airflow-env/lib/python3.12/site-packages/airflow/example_dags/tutorial.py
[2024-09-29T08:39:27.012-0500] {processor.py:925} INFO - DAG(s) 'tutorial' retrieved from /home/d-salamanca/airflow-env/lib/python3.12/site-packages/airflow/example_dags/tutorial.py
[2024-09-29T08:39:27.030-0500] {logging_mixin.py:190} INFO - [2024-09-29T08:39:27.030-0500] {dag.py:3239} INFO - Sync 1 DAGs
[2024-09-29T08:39:27.052-0500] {logging_mixin.py:190} INFO - [2024-09-29T08:39:27.052-0500] {dag.py:4180} INFO - Setting next_dagrun for tutorial to 2024-09-28 00:00:00+00:00, run_after=2024-09-29 00:00:00+00:00
[2024-09-29T08:39:27.136-0500] {processor.py:208} INFO - Processing /home/d-salamanca/airflow-env/lib/python3.12/site-packages/airflow/example_dags/tutorial.py took 0.210 seconds
[2024-09-29T08:41:03.816-0500] {processor.py:186} INFO - Started process (PID=31197) to work on /home/d-salamanca/airflow-env/lib/python3.12/site-packages/airflow/example_dags/tutorial.py
[2024-09-29T08:41:03.845-0500] {processor.py:914} INFO - Processing file /home/d-salamanca/airflow-env/lib/python3.12/site-packages/airflow/example_dags/tutorial.py for tasks to queue
[2024-09-29T08:41:03.851-0500] {logging_mixin.py:190} INFO - [2024-09-29T08:41:03.850-0500] {dagbag.py:588} INFO - Filling up the DagBag from /home/d-salamanca/airflow-env/lib/python3.12/site-packages/airflow/example_dags/tutorial.py
[2024-09-29T08:41:03.864-0500] {processor.py:925} INFO - DAG(s) 'tutorial' retrieved from /home/d-salamanca/airflow-env/lib/python3.12/site-packages/airflow/example_dags/tutorial.py
[2024-09-29T08:41:03.882-0500] {logging_mixin.py:190} INFO - [2024-09-29T08:41:03.882-0500] {dag.py:3239} INFO - Sync 1 DAGs
[2024-09-29T08:41:03.905-0500] {logging_mixin.py:190} INFO - [2024-09-29T08:41:03.905-0500] {dag.py:4180} INFO - Setting next_dagrun for tutorial to 2024-09-28 00:00:00+00:00, run_after=2024-09-29 00:00:00+00:00
[2024-09-29T08:41:03.953-0500] {processor.py:208} INFO - Processing /home/d-salamanca/airflow-env/lib/python3.12/site-packages/airflow/example_dags/tutorial.py took 0.149 seconds
[2024-09-29T08:42:32.692-0500] {processor.py:186} INFO - Started process (PID=31270) to work on /home/d-salamanca/airflow-env/lib/python3.12/site-packages/airflow/example_dags/tutorial.py
[2024-09-29T08:42:32.736-0500] {processor.py:914} INFO - Processing file /home/d-salamanca/airflow-env/lib/python3.12/site-packages/airflow/example_dags/tutorial.py for tasks to queue
[2024-09-29T08:42:32.741-0500] {logging_mixin.py:190} INFO - [2024-09-29T08:42:32.740-0500] {dagbag.py:588} INFO - Filling up the DagBag from /home/d-salamanca/airflow-env/lib/python3.12/site-packages/airflow/example_dags/tutorial.py
[2024-09-29T08:42:32.753-0500] {processor.py:925} INFO - DAG(s) 'tutorial' retrieved from /home/d-salamanca/airflow-env/lib/python3.12/site-packages/airflow/example_dags/tutorial.py
[2024-09-29T08:42:32.773-0500] {logging_mixin.py:190} INFO - [2024-09-29T08:42:32.772-0500] {dag.py:3239} INFO - Sync 1 DAGs
[2024-09-29T08:42:32.799-0500] {logging_mixin.py:190} INFO - [2024-09-29T08:42:32.799-0500] {dag.py:4180} INFO - Setting next_dagrun for tutorial to 2024-09-28 00:00:00+00:00, run_after=2024-09-29 00:00:00+00:00
[2024-09-29T08:42:32.837-0500] {processor.py:208} INFO - Processing /home/d-salamanca/airflow-env/lib/python3.12/site-packages/airflow/example_dags/tutorial.py took 0.155 seconds
[2024-09-29T08:44:02.522-0500] {processor.py:186} INFO - Started process (PID=31340) to work on /home/d-salamanca/airflow-env/lib/python3.12/site-packages/airflow/example_dags/tutorial.py
[2024-09-29T08:44:02.540-0500] {processor.py:914} INFO - Processing file /home/d-salamanca/airflow-env/lib/python3.12/site-packages/airflow/example_dags/tutorial.py for tasks to queue
[2024-09-29T08:44:02.545-0500] {logging_mixin.py:190} INFO - [2024-09-29T08:44:02.544-0500] {dagbag.py:588} INFO - Filling up the DagBag from /home/d-salamanca/airflow-env/lib/python3.12/site-packages/airflow/example_dags/tutorial.py
[2024-09-29T08:44:02.555-0500] {processor.py:925} INFO - DAG(s) 'tutorial' retrieved from /home/d-salamanca/airflow-env/lib/python3.12/site-packages/airflow/example_dags/tutorial.py
[2024-09-29T08:44:02.573-0500] {logging_mixin.py:190} INFO - [2024-09-29T08:44:02.572-0500] {dag.py:3239} INFO - Sync 1 DAGs
[2024-09-29T08:44:02.595-0500] {logging_mixin.py:190} INFO - [2024-09-29T08:44:02.595-0500] {dag.py:4180} INFO - Setting next_dagrun for tutorial to 2024-09-28 00:00:00+00:00, run_after=2024-09-29 00:00:00+00:00
[2024-09-29T08:44:02.703-0500] {processor.py:208} INFO - Processing /home/d-salamanca/airflow-env/lib/python3.12/site-packages/airflow/example_dags/tutorial.py took 0.188 seconds
[2024-09-29T08:45:24.413-0500] {processor.py:186} INFO - Started process (PID=31424) to work on /home/d-salamanca/airflow-env/lib/python3.12/site-packages/airflow/example_dags/tutorial.py
[2024-09-29T08:45:24.630-0500] {processor.py:914} INFO - Processing file /home/d-salamanca/airflow-env/lib/python3.12/site-packages/airflow/example_dags/tutorial.py for tasks to queue
[2024-09-29T08:45:24.638-0500] {logging_mixin.py:190} INFO - [2024-09-29T08:45:24.637-0500] {dagbag.py:588} INFO - Filling up the DagBag from /home/d-salamanca/airflow-env/lib/python3.12/site-packages/airflow/example_dags/tutorial.py
[2024-09-29T08:45:24.650-0500] {processor.py:925} INFO - DAG(s) 'tutorial' retrieved from /home/d-salamanca/airflow-env/lib/python3.12/site-packages/airflow/example_dags/tutorial.py
[2024-09-29T08:45:24.669-0500] {logging_mixin.py:190} INFO - [2024-09-29T08:45:24.668-0500] {dag.py:3239} INFO - Sync 1 DAGs
[2024-09-29T08:45:24.693-0500] {logging_mixin.py:190} INFO - [2024-09-29T08:45:24.693-0500] {dag.py:4180} INFO - Setting next_dagrun for tutorial to 2024-09-28 00:00:00+00:00, run_after=2024-09-29 00:00:00+00:00
[2024-09-29T08:45:24.720-0500] {processor.py:208} INFO - Processing /home/d-salamanca/airflow-env/lib/python3.12/site-packages/airflow/example_dags/tutorial.py took 0.315 seconds
[2024-09-29T08:47:26.410-0500] {processor.py:186} INFO - Started process (PID=31496) to work on /home/d-salamanca/airflow-env/lib/python3.12/site-packages/airflow/example_dags/tutorial.py
[2024-09-29T08:47:26.437-0500] {processor.py:914} INFO - Processing file /home/d-salamanca/airflow-env/lib/python3.12/site-packages/airflow/example_dags/tutorial.py for tasks to queue
[2024-09-29T08:47:26.446-0500] {logging_mixin.py:190} INFO - [2024-09-29T08:47:26.445-0500] {dagbag.py:588} INFO - Filling up the DagBag from /home/d-salamanca/airflow-env/lib/python3.12/site-packages/airflow/example_dags/tutorial.py
[2024-09-29T08:47:26.456-0500] {processor.py:925} INFO - DAG(s) 'tutorial' retrieved from /home/d-salamanca/airflow-env/lib/python3.12/site-packages/airflow/example_dags/tutorial.py
[2024-09-29T08:47:26.474-0500] {logging_mixin.py:190} INFO - [2024-09-29T08:47:26.473-0500] {dag.py:3239} INFO - Sync 1 DAGs
[2024-09-29T08:47:26.503-0500] {logging_mixin.py:190} INFO - [2024-09-29T08:47:26.502-0500] {dag.py:4180} INFO - Setting next_dagrun for tutorial to 2024-09-28 00:00:00+00:00, run_after=2024-09-29 00:00:00+00:00
[2024-09-29T08:47:26.533-0500] {processor.py:208} INFO - Processing /home/d-salamanca/airflow-env/lib/python3.12/site-packages/airflow/example_dags/tutorial.py took 0.130 seconds
[2024-09-29T08:48:51.012-0500] {processor.py:186} INFO - Started process (PID=31584) to work on /home/d-salamanca/airflow-env/lib/python3.12/site-packages/airflow/example_dags/tutorial.py
[2024-09-29T08:48:51.025-0500] {processor.py:914} INFO - Processing file /home/d-salamanca/airflow-env/lib/python3.12/site-packages/airflow/example_dags/tutorial.py for tasks to queue
[2024-09-29T08:48:51.029-0500] {logging_mixin.py:190} INFO - [2024-09-29T08:48:51.029-0500] {dagbag.py:588} INFO - Filling up the DagBag from /home/d-salamanca/airflow-env/lib/python3.12/site-packages/airflow/example_dags/tutorial.py
[2024-09-29T08:48:51.040-0500] {processor.py:925} INFO - DAG(s) 'tutorial' retrieved from /home/d-salamanca/airflow-env/lib/python3.12/site-packages/airflow/example_dags/tutorial.py
[2024-09-29T08:48:51.058-0500] {logging_mixin.py:190} INFO - [2024-09-29T08:48:51.058-0500] {dag.py:3239} INFO - Sync 1 DAGs
[2024-09-29T08:48:51.081-0500] {logging_mixin.py:190} INFO - [2024-09-29T08:48:51.081-0500] {dag.py:4180} INFO - Setting next_dagrun for tutorial to 2024-09-28 00:00:00+00:00, run_after=2024-09-29 00:00:00+00:00
[2024-09-29T08:48:51.118-0500] {processor.py:208} INFO - Processing /home/d-salamanca/airflow-env/lib/python3.12/site-packages/airflow/example_dags/tutorial.py took 0.114 seconds
[2024-09-29T08:50:19.019-0500] {processor.py:186} INFO - Started process (PID=31672) to work on /home/d-salamanca/airflow-env/lib/python3.12/site-packages/airflow/example_dags/tutorial.py
[2024-09-29T08:50:19.039-0500] {processor.py:914} INFO - Processing file /home/d-salamanca/airflow-env/lib/python3.12/site-packages/airflow/example_dags/tutorial.py for tasks to queue
[2024-09-29T08:50:19.044-0500] {logging_mixin.py:190} INFO - [2024-09-29T08:50:19.043-0500] {dagbag.py:588} INFO - Filling up the DagBag from /home/d-salamanca/airflow-env/lib/python3.12/site-packages/airflow/example_dags/tutorial.py
[2024-09-29T08:50:19.054-0500] {processor.py:925} INFO - DAG(s) 'tutorial' retrieved from /home/d-salamanca/airflow-env/lib/python3.12/site-packages/airflow/example_dags/tutorial.py
[2024-09-29T08:50:19.072-0500] {logging_mixin.py:190} INFO - [2024-09-29T08:50:19.072-0500] {dag.py:3239} INFO - Sync 1 DAGs
[2024-09-29T08:50:19.095-0500] {logging_mixin.py:190} INFO - [2024-09-29T08:50:19.095-0500] {dag.py:4180} INFO - Setting next_dagrun for tutorial to 2024-09-28 00:00:00+00:00, run_after=2024-09-29 00:00:00+00:00
[2024-09-29T08:50:19.274-0500] {processor.py:208} INFO - Processing /home/d-salamanca/airflow-env/lib/python3.12/site-packages/airflow/example_dags/tutorial.py took 0.263 seconds
[2024-09-29T08:52:43.575-0500] {processor.py:186} INFO - Started process (PID=31958) to work on /home/d-salamanca/airflow-env/lib/python3.12/site-packages/airflow/example_dags/tutorial.py
[2024-09-29T08:52:43.619-0500] {processor.py:914} INFO - Processing file /home/d-salamanca/airflow-env/lib/python3.12/site-packages/airflow/example_dags/tutorial.py for tasks to queue
[2024-09-29T08:52:43.626-0500] {logging_mixin.py:190} INFO - [2024-09-29T08:52:43.625-0500] {dagbag.py:588} INFO - Filling up the DagBag from /home/d-salamanca/airflow-env/lib/python3.12/site-packages/airflow/example_dags/tutorial.py
[2024-09-29T08:52:43.664-0500] {processor.py:925} INFO - DAG(s) 'tutorial' retrieved from /home/d-salamanca/airflow-env/lib/python3.12/site-packages/airflow/example_dags/tutorial.py
[2024-09-29T08:52:43.684-0500] {logging_mixin.py:190} INFO - [2024-09-29T08:52:43.683-0500] {dag.py:3239} INFO - Sync 1 DAGs
[2024-09-29T08:52:43.743-0500] {logging_mixin.py:190} INFO - [2024-09-29T08:52:43.743-0500] {dag.py:4180} INFO - Setting next_dagrun for tutorial to 2024-09-28 00:00:00+00:00, run_after=2024-09-29 00:00:00+00:00
[2024-09-29T08:52:43.787-0500] {processor.py:208} INFO - Processing /home/d-salamanca/airflow-env/lib/python3.12/site-packages/airflow/example_dags/tutorial.py took 0.224 seconds
[2024-09-29T08:53:50.271-0500] {processor.py:186} INFO - Started process (PID=32012) to work on /home/d-salamanca/airflow-env/lib/python3.12/site-packages/airflow/example_dags/tutorial.py
[2024-09-29T08:53:50.288-0500] {processor.py:914} INFO - Processing file /home/d-salamanca/airflow-env/lib/python3.12/site-packages/airflow/example_dags/tutorial.py for tasks to queue
[2024-09-29T08:53:50.292-0500] {logging_mixin.py:190} INFO - [2024-09-29T08:53:50.291-0500] {dagbag.py:588} INFO - Filling up the DagBag from /home/d-salamanca/airflow-env/lib/python3.12/site-packages/airflow/example_dags/tutorial.py
[2024-09-29T08:53:50.314-0500] {processor.py:925} INFO - DAG(s) 'tutorial' retrieved from /home/d-salamanca/airflow-env/lib/python3.12/site-packages/airflow/example_dags/tutorial.py
[2024-09-29T08:53:50.333-0500] {logging_mixin.py:190} INFO - [2024-09-29T08:53:50.332-0500] {dag.py:3239} INFO - Sync 1 DAGs
[2024-09-29T08:53:50.355-0500] {logging_mixin.py:190} INFO - [2024-09-29T08:53:50.355-0500] {dag.py:4180} INFO - Setting next_dagrun for tutorial to 2024-09-28 00:00:00+00:00, run_after=2024-09-29 00:00:00+00:00
[2024-09-29T08:53:50.416-0500] {processor.py:208} INFO - Processing /home/d-salamanca/airflow-env/lib/python3.12/site-packages/airflow/example_dags/tutorial.py took 0.153 seconds
[2024-09-29T08:55:25.877-0500] {processor.py:186} INFO - Started process (PID=32090) to work on /home/d-salamanca/airflow-env/lib/python3.12/site-packages/airflow/example_dags/tutorial.py
[2024-09-29T08:55:25.905-0500] {processor.py:914} INFO - Processing file /home/d-salamanca/airflow-env/lib/python3.12/site-packages/airflow/example_dags/tutorial.py for tasks to queue
[2024-09-29T08:55:25.912-0500] {logging_mixin.py:190} INFO - [2024-09-29T08:55:25.911-0500] {dagbag.py:588} INFO - Filling up the DagBag from /home/d-salamanca/airflow-env/lib/python3.12/site-packages/airflow/example_dags/tutorial.py
[2024-09-29T08:55:25.922-0500] {processor.py:925} INFO - DAG(s) 'tutorial' retrieved from /home/d-salamanca/airflow-env/lib/python3.12/site-packages/airflow/example_dags/tutorial.py
[2024-09-29T08:55:25.941-0500] {logging_mixin.py:190} INFO - [2024-09-29T08:55:25.940-0500] {dag.py:3239} INFO - Sync 1 DAGs
[2024-09-29T08:55:25.964-0500] {logging_mixin.py:190} INFO - [2024-09-29T08:55:25.963-0500] {dag.py:4180} INFO - Setting next_dagrun for tutorial to 2024-09-28 00:00:00+00:00, run_after=2024-09-29 00:00:00+00:00
[2024-09-29T08:55:26.020-0500] {processor.py:208} INFO - Processing /home/d-salamanca/airflow-env/lib/python3.12/site-packages/airflow/example_dags/tutorial.py took 0.151 seconds
[2024-09-29T08:57:11.087-0500] {processor.py:186} INFO - Started process (PID=32166) to work on /home/d-salamanca/airflow-env/lib/python3.12/site-packages/airflow/example_dags/tutorial.py
[2024-09-29T08:57:11.107-0500] {processor.py:914} INFO - Processing file /home/d-salamanca/airflow-env/lib/python3.12/site-packages/airflow/example_dags/tutorial.py for tasks to queue
[2024-09-29T08:57:11.113-0500] {logging_mixin.py:190} INFO - [2024-09-29T08:57:11.111-0500] {dagbag.py:588} INFO - Filling up the DagBag from /home/d-salamanca/airflow-env/lib/python3.12/site-packages/airflow/example_dags/tutorial.py
[2024-09-29T08:57:11.152-0500] {processor.py:925} INFO - DAG(s) 'tutorial' retrieved from /home/d-salamanca/airflow-env/lib/python3.12/site-packages/airflow/example_dags/tutorial.py
[2024-09-29T08:57:11.171-0500] {logging_mixin.py:190} INFO - [2024-09-29T08:57:11.170-0500] {dag.py:3239} INFO - Sync 1 DAGs
[2024-09-29T08:57:11.193-0500] {logging_mixin.py:190} INFO - [2024-09-29T08:57:11.193-0500] {dag.py:4180} INFO - Setting next_dagrun for tutorial to 2024-09-28 00:00:00+00:00, run_after=2024-09-29 00:00:00+00:00
[2024-09-29T08:57:11.228-0500] {processor.py:208} INFO - Processing /home/d-salamanca/airflow-env/lib/python3.12/site-packages/airflow/example_dags/tutorial.py took 0.149 seconds
[2024-09-29T08:58:07.803-0500] {processor.py:186} INFO - Started process (PID=32208) to work on /home/d-salamanca/airflow-env/lib/python3.12/site-packages/airflow/example_dags/tutorial.py
[2024-09-29T08:58:07.804-0500] {processor.py:914} INFO - Processing file /home/d-salamanca/airflow-env/lib/python3.12/site-packages/airflow/example_dags/tutorial.py for tasks to queue
[2024-09-29T08:58:07.808-0500] {logging_mixin.py:190} INFO - [2024-09-29T08:58:07.807-0500] {dagbag.py:588} INFO - Filling up the DagBag from /home/d-salamanca/airflow-env/lib/python3.12/site-packages/airflow/example_dags/tutorial.py
[2024-09-29T08:58:07.818-0500] {processor.py:925} INFO - DAG(s) 'tutorial' retrieved from /home/d-salamanca/airflow-env/lib/python3.12/site-packages/airflow/example_dags/tutorial.py
[2024-09-29T08:58:07.837-0500] {logging_mixin.py:190} INFO - [2024-09-29T08:58:07.837-0500] {dag.py:3239} INFO - Sync 1 DAGs
[2024-09-29T08:58:07.860-0500] {logging_mixin.py:190} INFO - [2024-09-29T08:58:07.860-0500] {dag.py:4180} INFO - Setting next_dagrun for tutorial to 2024-09-28 00:00:00+00:00, run_after=2024-09-29 00:00:00+00:00
[2024-09-29T08:58:07.934-0500] {processor.py:208} INFO - Processing /home/d-salamanca/airflow-env/lib/python3.12/site-packages/airflow/example_dags/tutorial.py took 0.140 seconds
[2024-09-29T08:59:51.965-0500] {processor.py:186} INFO - Started process (PID=32453) to work on /home/d-salamanca/airflow-env/lib/python3.12/site-packages/airflow/example_dags/tutorial.py
[2024-09-29T08:59:51.989-0500] {processor.py:914} INFO - Processing file /home/d-salamanca/airflow-env/lib/python3.12/site-packages/airflow/example_dags/tutorial.py for tasks to queue
[2024-09-29T08:59:51.993-0500] {logging_mixin.py:190} INFO - [2024-09-29T08:59:51.992-0500] {dagbag.py:588} INFO - Filling up the DagBag from /home/d-salamanca/airflow-env/lib/python3.12/site-packages/airflow/example_dags/tutorial.py
[2024-09-29T08:59:52.012-0500] {processor.py:925} INFO - DAG(s) 'tutorial' retrieved from /home/d-salamanca/airflow-env/lib/python3.12/site-packages/airflow/example_dags/tutorial.py
[2024-09-29T08:59:52.032-0500] {logging_mixin.py:190} INFO - [2024-09-29T08:59:52.031-0500] {dag.py:3239} INFO - Sync 1 DAGs
[2024-09-29T08:59:52.231-0500] {logging_mixin.py:190} INFO - [2024-09-29T08:59:52.230-0500] {dag.py:4180} INFO - Setting next_dagrun for tutorial to 2024-09-28 00:00:00+00:00, run_after=2024-09-29 00:00:00+00:00
[2024-09-29T08:59:52.357-0500] {processor.py:208} INFO - Processing /home/d-salamanca/airflow-env/lib/python3.12/site-packages/airflow/example_dags/tutorial.py took 0.401 seconds
[2024-09-29T09:00:52.061-0500] {processor.py:186} INFO - Started process (PID=32548) to work on /home/d-salamanca/airflow-env/lib/python3.12/site-packages/airflow/example_dags/tutorial.py
[2024-09-29T09:00:52.077-0500] {processor.py:914} INFO - Processing file /home/d-salamanca/airflow-env/lib/python3.12/site-packages/airflow/example_dags/tutorial.py for tasks to queue
[2024-09-29T09:00:52.081-0500] {logging_mixin.py:190} INFO - [2024-09-29T09:00:52.080-0500] {dagbag.py:588} INFO - Filling up the DagBag from /home/d-salamanca/airflow-env/lib/python3.12/site-packages/airflow/example_dags/tutorial.py
[2024-09-29T09:00:52.118-0500] {processor.py:925} INFO - DAG(s) 'tutorial' retrieved from /home/d-salamanca/airflow-env/lib/python3.12/site-packages/airflow/example_dags/tutorial.py
[2024-09-29T09:00:52.136-0500] {logging_mixin.py:190} INFO - [2024-09-29T09:00:52.136-0500] {dag.py:3239} INFO - Sync 1 DAGs
[2024-09-29T09:00:52.159-0500] {logging_mixin.py:190} INFO - [2024-09-29T09:00:52.158-0500] {dag.py:4180} INFO - Setting next_dagrun for tutorial to 2024-09-28 00:00:00+00:00, run_after=2024-09-29 00:00:00+00:00
[2024-09-29T09:00:52.185-0500] {processor.py:208} INFO - Processing /home/d-salamanca/airflow-env/lib/python3.12/site-packages/airflow/example_dags/tutorial.py took 0.131 seconds
[2024-09-29T09:01:46.242-0500] {processor.py:186} INFO - Started process (PID=32587) to work on /home/d-salamanca/airflow-env/lib/python3.12/site-packages/airflow/example_dags/tutorial.py
[2024-09-29T09:01:46.243-0500] {processor.py:914} INFO - Processing file /home/d-salamanca/airflow-env/lib/python3.12/site-packages/airflow/example_dags/tutorial.py for tasks to queue
[2024-09-29T09:01:46.246-0500] {logging_mixin.py:190} INFO - [2024-09-29T09:01:46.246-0500] {dagbag.py:588} INFO - Filling up the DagBag from /home/d-salamanca/airflow-env/lib/python3.12/site-packages/airflow/example_dags/tutorial.py
[2024-09-29T09:01:46.256-0500] {processor.py:925} INFO - DAG(s) 'tutorial' retrieved from /home/d-salamanca/airflow-env/lib/python3.12/site-packages/airflow/example_dags/tutorial.py
[2024-09-29T09:01:46.275-0500] {logging_mixin.py:190} INFO - [2024-09-29T09:01:46.275-0500] {dag.py:3239} INFO - Sync 1 DAGs
[2024-09-29T09:01:46.300-0500] {logging_mixin.py:190} INFO - [2024-09-29T09:01:46.300-0500] {dag.py:4180} INFO - Setting next_dagrun for tutorial to 2024-09-28 00:00:00+00:00, run_after=2024-09-29 00:00:00+00:00
[2024-09-29T09:01:46.347-0500] {processor.py:208} INFO - Processing /home/d-salamanca/airflow-env/lib/python3.12/site-packages/airflow/example_dags/tutorial.py took 0.113 seconds
[2024-09-29T09:03:11.368-0500] {processor.py:186} INFO - Started process (PID=32656) to work on /home/d-salamanca/airflow-env/lib/python3.12/site-packages/airflow/example_dags/tutorial.py
[2024-09-29T09:03:11.369-0500] {processor.py:914} INFO - Processing file /home/d-salamanca/airflow-env/lib/python3.12/site-packages/airflow/example_dags/tutorial.py for tasks to queue
[2024-09-29T09:03:11.372-0500] {logging_mixin.py:190} INFO - [2024-09-29T09:03:11.372-0500] {dagbag.py:588} INFO - Filling up the DagBag from /home/d-salamanca/airflow-env/lib/python3.12/site-packages/airflow/example_dags/tutorial.py
[2024-09-29T09:03:11.382-0500] {processor.py:925} INFO - DAG(s) 'tutorial' retrieved from /home/d-salamanca/airflow-env/lib/python3.12/site-packages/airflow/example_dags/tutorial.py
[2024-09-29T09:03:11.400-0500] {logging_mixin.py:190} INFO - [2024-09-29T09:03:11.400-0500] {dag.py:3239} INFO - Sync 1 DAGs
[2024-09-29T09:03:11.422-0500] {logging_mixin.py:190} INFO - [2024-09-29T09:03:11.422-0500] {dag.py:4180} INFO - Setting next_dagrun for tutorial to 2024-09-28 00:00:00+00:00, run_after=2024-09-29 00:00:00+00:00
[2024-09-29T09:03:11.455-0500] {processor.py:208} INFO - Processing /home/d-salamanca/airflow-env/lib/python3.12/site-packages/airflow/example_dags/tutorial.py took 0.094 seconds
[2024-09-29T09:04:51.147-0500] {processor.py:186} INFO - Started process (PID=32856) to work on /home/d-salamanca/airflow-env/lib/python3.12/site-packages/airflow/example_dags/tutorial.py
[2024-09-29T09:04:51.181-0500] {processor.py:914} INFO - Processing file /home/d-salamanca/airflow-env/lib/python3.12/site-packages/airflow/example_dags/tutorial.py for tasks to queue
[2024-09-29T09:04:51.186-0500] {logging_mixin.py:190} INFO - [2024-09-29T09:04:51.185-0500] {dagbag.py:588} INFO - Filling up the DagBag from /home/d-salamanca/airflow-env/lib/python3.12/site-packages/airflow/example_dags/tutorial.py
[2024-09-29T09:04:51.197-0500] {processor.py:925} INFO - DAG(s) 'tutorial' retrieved from /home/d-salamanca/airflow-env/lib/python3.12/site-packages/airflow/example_dags/tutorial.py
[2024-09-29T09:04:51.219-0500] {logging_mixin.py:190} INFO - [2024-09-29T09:04:51.218-0500] {dag.py:3239} INFO - Sync 1 DAGs
[2024-09-29T09:04:51.448-0500] {logging_mixin.py:190} INFO - [2024-09-29T09:04:51.447-0500] {dag.py:4180} INFO - Setting next_dagrun for tutorial to 2024-09-28 00:00:00+00:00, run_after=2024-09-29 00:00:00+00:00
[2024-09-29T09:04:51.959-0500] {processor.py:208} INFO - Processing /home/d-salamanca/airflow-env/lib/python3.12/site-packages/airflow/example_dags/tutorial.py took 0.820 seconds
[2024-09-29T09:05:59.751-0500] {processor.py:186} INFO - Started process (PID=33049) to work on /home/d-salamanca/airflow-env/lib/python3.12/site-packages/airflow/example_dags/tutorial.py
[2024-09-29T09:06:00.436-0500] {processor.py:914} INFO - Processing file /home/d-salamanca/airflow-env/lib/python3.12/site-packages/airflow/example_dags/tutorial.py for tasks to queue
[2024-09-29T09:06:00.443-0500] {logging_mixin.py:190} INFO - [2024-09-29T09:06:00.443-0500] {dagbag.py:588} INFO - Filling up the DagBag from /home/d-salamanca/airflow-env/lib/python3.12/site-packages/airflow/example_dags/tutorial.py
[2024-09-29T09:06:00.701-0500] {processor.py:925} INFO - DAG(s) 'tutorial' retrieved from /home/d-salamanca/airflow-env/lib/python3.12/site-packages/airflow/example_dags/tutorial.py
[2024-09-29T09:06:01.573-0500] {logging_mixin.py:190} INFO - [2024-09-29T09:06:01.573-0500] {dag.py:3239} INFO - Sync 1 DAGs
[2024-09-29T09:06:01.986-0500] {logging_mixin.py:190} INFO - [2024-09-29T09:06:01.986-0500] {dag.py:4180} INFO - Setting next_dagrun for tutorial to 2024-09-28 00:00:00+00:00, run_after=2024-09-29 00:00:00+00:00
[2024-09-29T09:06:02.572-0500] {processor.py:208} INFO - Processing /home/d-salamanca/airflow-env/lib/python3.12/site-packages/airflow/example_dags/tutorial.py took 2.828 seconds
[2024-09-29T09:07:05.326-0500] {processor.py:186} INFO - Started process (PID=33090) to work on /home/d-salamanca/airflow-env/lib/python3.12/site-packages/airflow/example_dags/tutorial.py
[2024-09-29T09:07:05.364-0500] {processor.py:914} INFO - Processing file /home/d-salamanca/airflow-env/lib/python3.12/site-packages/airflow/example_dags/tutorial.py for tasks to queue
[2024-09-29T09:07:05.371-0500] {logging_mixin.py:190} INFO - [2024-09-29T09:07:05.370-0500] {dagbag.py:588} INFO - Filling up the DagBag from /home/d-salamanca/airflow-env/lib/python3.12/site-packages/airflow/example_dags/tutorial.py
[2024-09-29T09:07:05.384-0500] {processor.py:925} INFO - DAG(s) 'tutorial' retrieved from /home/d-salamanca/airflow-env/lib/python3.12/site-packages/airflow/example_dags/tutorial.py
[2024-09-29T09:07:05.405-0500] {logging_mixin.py:190} INFO - [2024-09-29T09:07:05.405-0500] {dag.py:3239} INFO - Sync 1 DAGs
[2024-09-29T09:07:05.431-0500] {logging_mixin.py:190} INFO - [2024-09-29T09:07:05.431-0500] {dag.py:4180} INFO - Setting next_dagrun for tutorial to 2024-09-28 00:00:00+00:00, run_after=2024-09-29 00:00:00+00:00
[2024-09-29T09:07:05.586-0500] {processor.py:208} INFO - Processing /home/d-salamanca/airflow-env/lib/python3.12/site-packages/airflow/example_dags/tutorial.py took 0.268 seconds
[2024-09-29T09:08:16.004-0500] {processor.py:186} INFO - Started process (PID=33157) to work on /home/d-salamanca/airflow-env/lib/python3.12/site-packages/airflow/example_dags/tutorial.py
[2024-09-29T09:08:16.030-0500] {processor.py:914} INFO - Processing file /home/d-salamanca/airflow-env/lib/python3.12/site-packages/airflow/example_dags/tutorial.py for tasks to queue
[2024-09-29T09:08:16.038-0500] {logging_mixin.py:190} INFO - [2024-09-29T09:08:16.036-0500] {dagbag.py:588} INFO - Filling up the DagBag from /home/d-salamanca/airflow-env/lib/python3.12/site-packages/airflow/example_dags/tutorial.py
[2024-09-29T09:08:16.064-0500] {processor.py:925} INFO - DAG(s) 'tutorial' retrieved from /home/d-salamanca/airflow-env/lib/python3.12/site-packages/airflow/example_dags/tutorial.py
[2024-09-29T09:08:16.109-0500] {logging_mixin.py:190} INFO - [2024-09-29T09:08:16.108-0500] {dag.py:3239} INFO - Sync 1 DAGs
[2024-09-29T09:08:16.146-0500] {logging_mixin.py:190} INFO - [2024-09-29T09:08:16.146-0500] {dag.py:4180} INFO - Setting next_dagrun for tutorial to 2024-09-28 00:00:00+00:00, run_after=2024-09-29 00:00:00+00:00
[2024-09-29T09:08:16.190-0500] {processor.py:208} INFO - Processing /home/d-salamanca/airflow-env/lib/python3.12/site-packages/airflow/example_dags/tutorial.py took 0.196 seconds
