[2024-09-28T23:58:05.072-0500] {processor.py:186} INFO - Started process (PID=25587) to work on /home/d-salamanca/airflow-env/lib/python3.12/site-packages/airflow/example_dags/plugins/event_listener.py
[2024-09-28T23:58:05.073-0500] {processor.py:914} INFO - Processing file /home/d-salamanca/airflow-env/lib/python3.12/site-packages/airflow/example_dags/plugins/event_listener.py for tasks to queue
[2024-09-28T23:58:05.076-0500] {logging_mixin.py:190} INFO - [2024-09-28T23:58:05.075-0500] {dagbag.py:588} INFO - Filling up the DagBag from /home/d-salamanca/airflow-env/lib/python3.12/site-packages/airflow/example_dags/plugins/event_listener.py
[2024-09-28T23:58:05.079-0500] {processor.py:927} WARNING - No viable dags retrieved from /home/d-salamanca/airflow-env/lib/python3.12/site-packages/airflow/example_dags/plugins/event_listener.py
[2024-09-28T23:58:05.092-0500] {processor.py:208} INFO - Processing /home/d-salamanca/airflow-env/lib/python3.12/site-packages/airflow/example_dags/plugins/event_listener.py took 0.026 seconds
[2024-09-29T00:18:34.240-0500] {processor.py:186} INFO - Started process (PID=28548) to work on /home/d-salamanca/airflow-env/lib/python3.12/site-packages/airflow/example_dags/plugins/event_listener.py
[2024-09-29T00:18:34.304-0500] {processor.py:914} INFO - Processing file /home/d-salamanca/airflow-env/lib/python3.12/site-packages/airflow/example_dags/plugins/event_listener.py for tasks to queue
[2024-09-29T00:18:34.326-0500] {logging_mixin.py:190} INFO - [2024-09-29T00:18:34.325-0500] {dagbag.py:588} INFO - Filling up the DagBag from /home/d-salamanca/airflow-env/lib/python3.12/site-packages/airflow/example_dags/plugins/event_listener.py
[2024-09-29T00:18:34.345-0500] {processor.py:927} WARNING - No viable dags retrieved from /home/d-salamanca/airflow-env/lib/python3.12/site-packages/airflow/example_dags/plugins/event_listener.py
[2024-09-29T00:18:34.372-0500] {processor.py:208} INFO - Processing /home/d-salamanca/airflow-env/lib/python3.12/site-packages/airflow/example_dags/plugins/event_listener.py took 0.139 seconds
[2024-09-29T00:20:08.091-0500] {processor.py:186} INFO - Started process (PID=28658) to work on /home/d-salamanca/airflow-env/lib/python3.12/site-packages/airflow/example_dags/plugins/event_listener.py
[2024-09-29T00:20:08.117-0500] {processor.py:914} INFO - Processing file /home/d-salamanca/airflow-env/lib/python3.12/site-packages/airflow/example_dags/plugins/event_listener.py for tasks to queue
[2024-09-29T00:20:08.120-0500] {logging_mixin.py:190} INFO - [2024-09-29T00:20:08.120-0500] {dagbag.py:588} INFO - Filling up the DagBag from /home/d-salamanca/airflow-env/lib/python3.12/site-packages/airflow/example_dags/plugins/event_listener.py
[2024-09-29T00:20:08.143-0500] {processor.py:927} WARNING - No viable dags retrieved from /home/d-salamanca/airflow-env/lib/python3.12/site-packages/airflow/example_dags/plugins/event_listener.py
[2024-09-29T00:20:08.158-0500] {processor.py:208} INFO - Processing /home/d-salamanca/airflow-env/lib/python3.12/site-packages/airflow/example_dags/plugins/event_listener.py took 0.080 seconds
[2024-09-29T00:20:58.825-0500] {processor.py:186} INFO - Started process (PID=28714) to work on /home/d-salamanca/airflow-env/lib/python3.12/site-packages/airflow/example_dags/plugins/event_listener.py
[2024-09-29T00:20:58.827-0500] {processor.py:914} INFO - Processing file /home/d-salamanca/airflow-env/lib/python3.12/site-packages/airflow/example_dags/plugins/event_listener.py for tasks to queue
[2024-09-29T00:20:58.831-0500] {logging_mixin.py:190} INFO - [2024-09-29T00:20:58.830-0500] {dagbag.py:588} INFO - Filling up the DagBag from /home/d-salamanca/airflow-env/lib/python3.12/site-packages/airflow/example_dags/plugins/event_listener.py
[2024-09-29T00:20:58.835-0500] {processor.py:927} WARNING - No viable dags retrieved from /home/d-salamanca/airflow-env/lib/python3.12/site-packages/airflow/example_dags/plugins/event_listener.py
[2024-09-29T00:20:58.852-0500] {processor.py:208} INFO - Processing /home/d-salamanca/airflow-env/lib/python3.12/site-packages/airflow/example_dags/plugins/event_listener.py took 0.034 seconds
[2024-09-29T00:21:49.500-0500] {processor.py:186} INFO - Started process (PID=28747) to work on /home/d-salamanca/airflow-env/lib/python3.12/site-packages/airflow/example_dags/plugins/event_listener.py
[2024-09-29T00:21:49.501-0500] {processor.py:914} INFO - Processing file /home/d-salamanca/airflow-env/lib/python3.12/site-packages/airflow/example_dags/plugins/event_listener.py for tasks to queue
[2024-09-29T00:21:49.504-0500] {logging_mixin.py:190} INFO - [2024-09-29T00:21:49.503-0500] {dagbag.py:588} INFO - Filling up the DagBag from /home/d-salamanca/airflow-env/lib/python3.12/site-packages/airflow/example_dags/plugins/event_listener.py
[2024-09-29T00:21:49.506-0500] {processor.py:927} WARNING - No viable dags retrieved from /home/d-salamanca/airflow-env/lib/python3.12/site-packages/airflow/example_dags/plugins/event_listener.py
[2024-09-29T00:21:49.520-0500] {processor.py:208} INFO - Processing /home/d-salamanca/airflow-env/lib/python3.12/site-packages/airflow/example_dags/plugins/event_listener.py took 0.028 seconds
[2024-09-29T00:22:41.293-0500] {processor.py:186} INFO - Started process (PID=28788) to work on /home/d-salamanca/airflow-env/lib/python3.12/site-packages/airflow/example_dags/plugins/event_listener.py
[2024-09-29T00:22:41.295-0500] {processor.py:914} INFO - Processing file /home/d-salamanca/airflow-env/lib/python3.12/site-packages/airflow/example_dags/plugins/event_listener.py for tasks to queue
[2024-09-29T00:22:41.298-0500] {logging_mixin.py:190} INFO - [2024-09-29T00:22:41.298-0500] {dagbag.py:588} INFO - Filling up the DagBag from /home/d-salamanca/airflow-env/lib/python3.12/site-packages/airflow/example_dags/plugins/event_listener.py
[2024-09-29T00:22:41.302-0500] {processor.py:927} WARNING - No viable dags retrieved from /home/d-salamanca/airflow-env/lib/python3.12/site-packages/airflow/example_dags/plugins/event_listener.py
[2024-09-29T00:22:41.318-0500] {processor.py:208} INFO - Processing /home/d-salamanca/airflow-env/lib/python3.12/site-packages/airflow/example_dags/plugins/event_listener.py took 0.037 seconds
[2024-09-29T00:23:24.967-0500] {processor.py:186} INFO - Started process (PID=28823) to work on /home/d-salamanca/airflow-env/lib/python3.12/site-packages/airflow/example_dags/plugins/event_listener.py
[2024-09-29T00:23:24.968-0500] {processor.py:914} INFO - Processing file /home/d-salamanca/airflow-env/lib/python3.12/site-packages/airflow/example_dags/plugins/event_listener.py for tasks to queue
[2024-09-29T00:23:24.971-0500] {logging_mixin.py:190} INFO - [2024-09-29T00:23:24.970-0500] {dagbag.py:588} INFO - Filling up the DagBag from /home/d-salamanca/airflow-env/lib/python3.12/site-packages/airflow/example_dags/plugins/event_listener.py
[2024-09-29T00:23:24.973-0500] {processor.py:927} WARNING - No viable dags retrieved from /home/d-salamanca/airflow-env/lib/python3.12/site-packages/airflow/example_dags/plugins/event_listener.py
[2024-09-29T00:23:24.987-0500] {processor.py:208} INFO - Processing /home/d-salamanca/airflow-env/lib/python3.12/site-packages/airflow/example_dags/plugins/event_listener.py took 0.027 seconds
[2024-09-29T00:24:09.496-0500] {processor.py:186} INFO - Started process (PID=28860) to work on /home/d-salamanca/airflow-env/lib/python3.12/site-packages/airflow/example_dags/plugins/event_listener.py
[2024-09-29T00:24:09.497-0500] {processor.py:914} INFO - Processing file /home/d-salamanca/airflow-env/lib/python3.12/site-packages/airflow/example_dags/plugins/event_listener.py for tasks to queue
[2024-09-29T00:24:09.500-0500] {logging_mixin.py:190} INFO - [2024-09-29T00:24:09.500-0500] {dagbag.py:588} INFO - Filling up the DagBag from /home/d-salamanca/airflow-env/lib/python3.12/site-packages/airflow/example_dags/plugins/event_listener.py
[2024-09-29T00:24:09.504-0500] {processor.py:927} WARNING - No viable dags retrieved from /home/d-salamanca/airflow-env/lib/python3.12/site-packages/airflow/example_dags/plugins/event_listener.py
[2024-09-29T00:24:09.524-0500] {processor.py:208} INFO - Processing /home/d-salamanca/airflow-env/lib/python3.12/site-packages/airflow/example_dags/plugins/event_listener.py took 0.039 seconds
[2024-09-29T00:24:49.497-0500] {processor.py:186} INFO - Started process (PID=28896) to work on /home/d-salamanca/airflow-env/lib/python3.12/site-packages/airflow/example_dags/plugins/event_listener.py
[2024-09-29T00:24:49.498-0500] {processor.py:914} INFO - Processing file /home/d-salamanca/airflow-env/lib/python3.12/site-packages/airflow/example_dags/plugins/event_listener.py for tasks to queue
[2024-09-29T00:24:49.501-0500] {logging_mixin.py:190} INFO - [2024-09-29T00:24:49.500-0500] {dagbag.py:588} INFO - Filling up the DagBag from /home/d-salamanca/airflow-env/lib/python3.12/site-packages/airflow/example_dags/plugins/event_listener.py
[2024-09-29T00:24:49.503-0500] {processor.py:927} WARNING - No viable dags retrieved from /home/d-salamanca/airflow-env/lib/python3.12/site-packages/airflow/example_dags/plugins/event_listener.py
[2024-09-29T00:24:49.516-0500] {processor.py:208} INFO - Processing /home/d-salamanca/airflow-env/lib/python3.12/site-packages/airflow/example_dags/plugins/event_listener.py took 0.027 seconds
[2024-09-29T00:25:31.526-0500] {processor.py:186} INFO - Started process (PID=28932) to work on /home/d-salamanca/airflow-env/lib/python3.12/site-packages/airflow/example_dags/plugins/event_listener.py
[2024-09-29T00:25:31.527-0500] {processor.py:914} INFO - Processing file /home/d-salamanca/airflow-env/lib/python3.12/site-packages/airflow/example_dags/plugins/event_listener.py for tasks to queue
[2024-09-29T00:25:31.529-0500] {logging_mixin.py:190} INFO - [2024-09-29T00:25:31.529-0500] {dagbag.py:588} INFO - Filling up the DagBag from /home/d-salamanca/airflow-env/lib/python3.12/site-packages/airflow/example_dags/plugins/event_listener.py
[2024-09-29T00:25:31.532-0500] {processor.py:927} WARNING - No viable dags retrieved from /home/d-salamanca/airflow-env/lib/python3.12/site-packages/airflow/example_dags/plugins/event_listener.py
[2024-09-29T00:25:31.547-0500] {processor.py:208} INFO - Processing /home/d-salamanca/airflow-env/lib/python3.12/site-packages/airflow/example_dags/plugins/event_listener.py took 0.028 seconds
[2024-09-29T00:26:24.233-0500] {processor.py:186} INFO - Started process (PID=28980) to work on /home/d-salamanca/airflow-env/lib/python3.12/site-packages/airflow/example_dags/plugins/event_listener.py
[2024-09-29T00:26:24.234-0500] {processor.py:914} INFO - Processing file /home/d-salamanca/airflow-env/lib/python3.12/site-packages/airflow/example_dags/plugins/event_listener.py for tasks to queue
[2024-09-29T00:26:24.237-0500] {logging_mixin.py:190} INFO - [2024-09-29T00:26:24.236-0500] {dagbag.py:588} INFO - Filling up the DagBag from /home/d-salamanca/airflow-env/lib/python3.12/site-packages/airflow/example_dags/plugins/event_listener.py
[2024-09-29T00:26:24.239-0500] {processor.py:927} WARNING - No viable dags retrieved from /home/d-salamanca/airflow-env/lib/python3.12/site-packages/airflow/example_dags/plugins/event_listener.py
[2024-09-29T00:26:24.253-0500] {processor.py:208} INFO - Processing /home/d-salamanca/airflow-env/lib/python3.12/site-packages/airflow/example_dags/plugins/event_listener.py took 0.028 seconds
[2024-09-29T00:27:08.825-0500] {processor.py:186} INFO - Started process (PID=29053) to work on /home/d-salamanca/airflow-env/lib/python3.12/site-packages/airflow/example_dags/plugins/event_listener.py
[2024-09-29T00:27:08.827-0500] {processor.py:914} INFO - Processing file /home/d-salamanca/airflow-env/lib/python3.12/site-packages/airflow/example_dags/plugins/event_listener.py for tasks to queue
[2024-09-29T00:27:08.829-0500] {logging_mixin.py:190} INFO - [2024-09-29T00:27:08.829-0500] {dagbag.py:588} INFO - Filling up the DagBag from /home/d-salamanca/airflow-env/lib/python3.12/site-packages/airflow/example_dags/plugins/event_listener.py
[2024-09-29T00:27:08.832-0500] {processor.py:927} WARNING - No viable dags retrieved from /home/d-salamanca/airflow-env/lib/python3.12/site-packages/airflow/example_dags/plugins/event_listener.py
[2024-09-29T00:27:08.846-0500] {processor.py:208} INFO - Processing /home/d-salamanca/airflow-env/lib/python3.12/site-packages/airflow/example_dags/plugins/event_listener.py took 0.028 seconds
[2024-09-29T00:27:58.219-0500] {processor.py:186} INFO - Started process (PID=29129) to work on /home/d-salamanca/airflow-env/lib/python3.12/site-packages/airflow/example_dags/plugins/event_listener.py
[2024-09-29T00:27:58.247-0500] {processor.py:914} INFO - Processing file /home/d-salamanca/airflow-env/lib/python3.12/site-packages/airflow/example_dags/plugins/event_listener.py for tasks to queue
[2024-09-29T00:27:58.252-0500] {logging_mixin.py:190} INFO - [2024-09-29T00:27:58.251-0500] {dagbag.py:588} INFO - Filling up the DagBag from /home/d-salamanca/airflow-env/lib/python3.12/site-packages/airflow/example_dags/plugins/event_listener.py
[2024-09-29T00:27:58.256-0500] {processor.py:927} WARNING - No viable dags retrieved from /home/d-salamanca/airflow-env/lib/python3.12/site-packages/airflow/example_dags/plugins/event_listener.py
[2024-09-29T00:27:58.276-0500] {processor.py:208} INFO - Processing /home/d-salamanca/airflow-env/lib/python3.12/site-packages/airflow/example_dags/plugins/event_listener.py took 0.066 seconds
[2024-09-29T00:28:49.547-0500] {processor.py:186} INFO - Started process (PID=29183) to work on /home/d-salamanca/airflow-env/lib/python3.12/site-packages/airflow/example_dags/plugins/event_listener.py
[2024-09-29T00:28:49.566-0500] {processor.py:914} INFO - Processing file /home/d-salamanca/airflow-env/lib/python3.12/site-packages/airflow/example_dags/plugins/event_listener.py for tasks to queue
[2024-09-29T00:28:49.573-0500] {logging_mixin.py:190} INFO - [2024-09-29T00:28:49.571-0500] {dagbag.py:588} INFO - Filling up the DagBag from /home/d-salamanca/airflow-env/lib/python3.12/site-packages/airflow/example_dags/plugins/event_listener.py
[2024-09-29T00:28:49.580-0500] {processor.py:927} WARNING - No viable dags retrieved from /home/d-salamanca/airflow-env/lib/python3.12/site-packages/airflow/example_dags/plugins/event_listener.py
[2024-09-29T00:28:49.604-0500] {processor.py:208} INFO - Processing /home/d-salamanca/airflow-env/lib/python3.12/site-packages/airflow/example_dags/plugins/event_listener.py took 0.065 seconds
[2024-09-29T00:30:18.442-0500] {processor.py:186} INFO - Started process (PID=29263) to work on /home/d-salamanca/airflow-env/lib/python3.12/site-packages/airflow/example_dags/plugins/event_listener.py
[2024-09-29T00:30:18.444-0500] {processor.py:914} INFO - Processing file /home/d-salamanca/airflow-env/lib/python3.12/site-packages/airflow/example_dags/plugins/event_listener.py for tasks to queue
[2024-09-29T00:30:18.448-0500] {logging_mixin.py:190} INFO - [2024-09-29T00:30:18.447-0500] {dagbag.py:588} INFO - Filling up the DagBag from /home/d-salamanca/airflow-env/lib/python3.12/site-packages/airflow/example_dags/plugins/event_listener.py
[2024-09-29T00:30:18.461-0500] {processor.py:927} WARNING - No viable dags retrieved from /home/d-salamanca/airflow-env/lib/python3.12/site-packages/airflow/example_dags/plugins/event_listener.py
[2024-09-29T00:30:18.476-0500] {processor.py:208} INFO - Processing /home/d-salamanca/airflow-env/lib/python3.12/site-packages/airflow/example_dags/plugins/event_listener.py took 0.077 seconds
[2024-09-29T00:31:28.796-0500] {processor.py:186} INFO - Started process (PID=29315) to work on /home/d-salamanca/airflow-env/lib/python3.12/site-packages/airflow/example_dags/plugins/event_listener.py
[2024-09-29T00:31:28.797-0500] {processor.py:914} INFO - Processing file /home/d-salamanca/airflow-env/lib/python3.12/site-packages/airflow/example_dags/plugins/event_listener.py for tasks to queue
[2024-09-29T00:31:28.800-0500] {logging_mixin.py:190} INFO - [2024-09-29T00:31:28.799-0500] {dagbag.py:588} INFO - Filling up the DagBag from /home/d-salamanca/airflow-env/lib/python3.12/site-packages/airflow/example_dags/plugins/event_listener.py
[2024-09-29T00:31:28.851-0500] {processor.py:927} WARNING - No viable dags retrieved from /home/d-salamanca/airflow-env/lib/python3.12/site-packages/airflow/example_dags/plugins/event_listener.py
[2024-09-29T00:31:28.869-0500] {processor.py:208} INFO - Processing /home/d-salamanca/airflow-env/lib/python3.12/site-packages/airflow/example_dags/plugins/event_listener.py took 0.081 seconds
[2024-09-29T00:32:17.001-0500] {processor.py:186} INFO - Started process (PID=29354) to work on /home/d-salamanca/airflow-env/lib/python3.12/site-packages/airflow/example_dags/plugins/event_listener.py
[2024-09-29T00:32:17.025-0500] {processor.py:914} INFO - Processing file /home/d-salamanca/airflow-env/lib/python3.12/site-packages/airflow/example_dags/plugins/event_listener.py for tasks to queue
[2024-09-29T00:32:17.032-0500] {logging_mixin.py:190} INFO - [2024-09-29T00:32:17.031-0500] {dagbag.py:588} INFO - Filling up the DagBag from /home/d-salamanca/airflow-env/lib/python3.12/site-packages/airflow/example_dags/plugins/event_listener.py
[2024-09-29T00:32:17.038-0500] {processor.py:927} WARNING - No viable dags retrieved from /home/d-salamanca/airflow-env/lib/python3.12/site-packages/airflow/example_dags/plugins/event_listener.py
[2024-09-29T00:32:17.052-0500] {processor.py:208} INFO - Processing /home/d-salamanca/airflow-env/lib/python3.12/site-packages/airflow/example_dags/plugins/event_listener.py took 0.058 seconds
[2024-09-29T00:32:56.588-0500] {processor.py:186} INFO - Started process (PID=29391) to work on /home/d-salamanca/airflow-env/lib/python3.12/site-packages/airflow/example_dags/plugins/event_listener.py
[2024-09-29T00:32:56.589-0500] {processor.py:914} INFO - Processing file /home/d-salamanca/airflow-env/lib/python3.12/site-packages/airflow/example_dags/plugins/event_listener.py for tasks to queue
[2024-09-29T00:32:56.592-0500] {logging_mixin.py:190} INFO - [2024-09-29T00:32:56.591-0500] {dagbag.py:588} INFO - Filling up the DagBag from /home/d-salamanca/airflow-env/lib/python3.12/site-packages/airflow/example_dags/plugins/event_listener.py
[2024-09-29T00:32:56.594-0500] {processor.py:927} WARNING - No viable dags retrieved from /home/d-salamanca/airflow-env/lib/python3.12/site-packages/airflow/example_dags/plugins/event_listener.py
[2024-09-29T00:32:56.608-0500] {processor.py:208} INFO - Processing /home/d-salamanca/airflow-env/lib/python3.12/site-packages/airflow/example_dags/plugins/event_listener.py took 0.028 seconds
[2024-09-29T00:33:38.888-0500] {processor.py:186} INFO - Started process (PID=29434) to work on /home/d-salamanca/airflow-env/lib/python3.12/site-packages/airflow/example_dags/plugins/event_listener.py
[2024-09-29T00:33:38.912-0500] {processor.py:914} INFO - Processing file /home/d-salamanca/airflow-env/lib/python3.12/site-packages/airflow/example_dags/plugins/event_listener.py for tasks to queue
[2024-09-29T00:33:38.917-0500] {logging_mixin.py:190} INFO - [2024-09-29T00:33:38.916-0500] {dagbag.py:588} INFO - Filling up the DagBag from /home/d-salamanca/airflow-env/lib/python3.12/site-packages/airflow/example_dags/plugins/event_listener.py
[2024-09-29T00:33:38.923-0500] {processor.py:927} WARNING - No viable dags retrieved from /home/d-salamanca/airflow-env/lib/python3.12/site-packages/airflow/example_dags/plugins/event_listener.py
[2024-09-29T00:33:38.937-0500] {processor.py:208} INFO - Processing /home/d-salamanca/airflow-env/lib/python3.12/site-packages/airflow/example_dags/plugins/event_listener.py took 0.056 seconds
[2024-09-29T00:34:25.268-0500] {processor.py:186} INFO - Started process (PID=29498) to work on /home/d-salamanca/airflow-env/lib/python3.12/site-packages/airflow/example_dags/plugins/event_listener.py
[2024-09-29T00:34:25.284-0500] {processor.py:914} INFO - Processing file /home/d-salamanca/airflow-env/lib/python3.12/site-packages/airflow/example_dags/plugins/event_listener.py for tasks to queue
[2024-09-29T00:34:25.288-0500] {logging_mixin.py:190} INFO - [2024-09-29T00:34:25.287-0500] {dagbag.py:588} INFO - Filling up the DagBag from /home/d-salamanca/airflow-env/lib/python3.12/site-packages/airflow/example_dags/plugins/event_listener.py
[2024-09-29T00:34:25.310-0500] {processor.py:927} WARNING - No viable dags retrieved from /home/d-salamanca/airflow-env/lib/python3.12/site-packages/airflow/example_dags/plugins/event_listener.py
[2024-09-29T00:34:25.332-0500] {processor.py:208} INFO - Processing /home/d-salamanca/airflow-env/lib/python3.12/site-packages/airflow/example_dags/plugins/event_listener.py took 0.071 seconds
[2024-09-29T08:19:56.451-0500] {processor.py:186} INFO - Started process (PID=29737) to work on /home/d-salamanca/airflow-env/lib/python3.12/site-packages/airflow/example_dags/plugins/event_listener.py
[2024-09-29T08:19:56.490-0500] {processor.py:914} INFO - Processing file /home/d-salamanca/airflow-env/lib/python3.12/site-packages/airflow/example_dags/plugins/event_listener.py for tasks to queue
[2024-09-29T08:19:56.496-0500] {logging_mixin.py:190} INFO - [2024-09-29T08:19:56.495-0500] {dagbag.py:588} INFO - Filling up the DagBag from /home/d-salamanca/airflow-env/lib/python3.12/site-packages/airflow/example_dags/plugins/event_listener.py
[2024-09-29T08:19:56.516-0500] {processor.py:927} WARNING - No viable dags retrieved from /home/d-salamanca/airflow-env/lib/python3.12/site-packages/airflow/example_dags/plugins/event_listener.py
[2024-09-29T08:19:56.531-0500] {processor.py:208} INFO - Processing /home/d-salamanca/airflow-env/lib/python3.12/site-packages/airflow/example_dags/plugins/event_listener.py took 0.089 seconds
[2024-09-29T08:20:57.093-0500] {processor.py:186} INFO - Started process (PID=29814) to work on /home/d-salamanca/airflow-env/lib/python3.12/site-packages/airflow/example_dags/plugins/event_listener.py
[2024-09-29T08:20:57.596-0500] {processor.py:914} INFO - Processing file /home/d-salamanca/airflow-env/lib/python3.12/site-packages/airflow/example_dags/plugins/event_listener.py for tasks to queue
[2024-09-29T08:20:57.602-0500] {logging_mixin.py:190} INFO - [2024-09-29T08:20:57.601-0500] {dagbag.py:588} INFO - Filling up the DagBag from /home/d-salamanca/airflow-env/lib/python3.12/site-packages/airflow/example_dags/plugins/event_listener.py
[2024-09-29T08:20:57.630-0500] {processor.py:927} WARNING - No viable dags retrieved from /home/d-salamanca/airflow-env/lib/python3.12/site-packages/airflow/example_dags/plugins/event_listener.py
[2024-09-29T08:20:57.650-0500] {processor.py:208} INFO - Processing /home/d-salamanca/airflow-env/lib/python3.12/site-packages/airflow/example_dags/plugins/event_listener.py took 0.564 seconds
[2024-09-29T08:22:00.966-0500] {processor.py:186} INFO - Started process (PID=29862) to work on /home/d-salamanca/airflow-env/lib/python3.12/site-packages/airflow/example_dags/plugins/event_listener.py
[2024-09-29T08:22:01.085-0500] {processor.py:914} INFO - Processing file /home/d-salamanca/airflow-env/lib/python3.12/site-packages/airflow/example_dags/plugins/event_listener.py for tasks to queue
[2024-09-29T08:22:01.091-0500] {logging_mixin.py:190} INFO - [2024-09-29T08:22:01.090-0500] {dagbag.py:588} INFO - Filling up the DagBag from /home/d-salamanca/airflow-env/lib/python3.12/site-packages/airflow/example_dags/plugins/event_listener.py
[2024-09-29T08:22:01.344-0500] {processor.py:927} WARNING - No viable dags retrieved from /home/d-salamanca/airflow-env/lib/python3.12/site-packages/airflow/example_dags/plugins/event_listener.py
[2024-09-29T08:22:01.368-0500] {processor.py:208} INFO - Processing /home/d-salamanca/airflow-env/lib/python3.12/site-packages/airflow/example_dags/plugins/event_listener.py took 0.409 seconds
[2024-09-29T08:22:58.876-0500] {processor.py:186} INFO - Started process (PID=29903) to work on /home/d-salamanca/airflow-env/lib/python3.12/site-packages/airflow/example_dags/plugins/event_listener.py
[2024-09-29T08:22:58.878-0500] {processor.py:914} INFO - Processing file /home/d-salamanca/airflow-env/lib/python3.12/site-packages/airflow/example_dags/plugins/event_listener.py for tasks to queue
[2024-09-29T08:22:58.882-0500] {logging_mixin.py:190} INFO - [2024-09-29T08:22:58.881-0500] {dagbag.py:588} INFO - Filling up the DagBag from /home/d-salamanca/airflow-env/lib/python3.12/site-packages/airflow/example_dags/plugins/event_listener.py
[2024-09-29T08:22:58.886-0500] {processor.py:927} WARNING - No viable dags retrieved from /home/d-salamanca/airflow-env/lib/python3.12/site-packages/airflow/example_dags/plugins/event_listener.py
[2024-09-29T08:22:58.899-0500] {processor.py:208} INFO - Processing /home/d-salamanca/airflow-env/lib/python3.12/site-packages/airflow/example_dags/plugins/event_listener.py took 0.034 seconds
[2024-09-29T08:23:47.078-0500] {processor.py:186} INFO - Started process (PID=29942) to work on /home/d-salamanca/airflow-env/lib/python3.12/site-packages/airflow/example_dags/plugins/event_listener.py
[2024-09-29T08:23:47.110-0500] {processor.py:914} INFO - Processing file /home/d-salamanca/airflow-env/lib/python3.12/site-packages/airflow/example_dags/plugins/event_listener.py for tasks to queue
[2024-09-29T08:23:47.115-0500] {logging_mixin.py:190} INFO - [2024-09-29T08:23:47.114-0500] {dagbag.py:588} INFO - Filling up the DagBag from /home/d-salamanca/airflow-env/lib/python3.12/site-packages/airflow/example_dags/plugins/event_listener.py
[2024-09-29T08:23:47.120-0500] {processor.py:927} WARNING - No viable dags retrieved from /home/d-salamanca/airflow-env/lib/python3.12/site-packages/airflow/example_dags/plugins/event_listener.py
[2024-09-29T08:23:47.145-0500] {processor.py:208} INFO - Processing /home/d-salamanca/airflow-env/lib/python3.12/site-packages/airflow/example_dags/plugins/event_listener.py took 0.075 seconds
[2024-09-29T08:24:29.333-0500] {processor.py:186} INFO - Started process (PID=29979) to work on /home/d-salamanca/airflow-env/lib/python3.12/site-packages/airflow/example_dags/plugins/event_listener.py
[2024-09-29T08:24:29.335-0500] {processor.py:914} INFO - Processing file /home/d-salamanca/airflow-env/lib/python3.12/site-packages/airflow/example_dags/plugins/event_listener.py for tasks to queue
[2024-09-29T08:24:29.338-0500] {logging_mixin.py:190} INFO - [2024-09-29T08:24:29.337-0500] {dagbag.py:588} INFO - Filling up the DagBag from /home/d-salamanca/airflow-env/lib/python3.12/site-packages/airflow/example_dags/plugins/event_listener.py
[2024-09-29T08:24:29.340-0500] {processor.py:927} WARNING - No viable dags retrieved from /home/d-salamanca/airflow-env/lib/python3.12/site-packages/airflow/example_dags/plugins/event_listener.py
[2024-09-29T08:24:29.353-0500] {processor.py:208} INFO - Processing /home/d-salamanca/airflow-env/lib/python3.12/site-packages/airflow/example_dags/plugins/event_listener.py took 0.027 seconds
[2024-09-29T08:25:10.165-0500] {processor.py:186} INFO - Started process (PID=30047) to work on /home/d-salamanca/airflow-env/lib/python3.12/site-packages/airflow/example_dags/plugins/event_listener.py
[2024-09-29T08:25:10.166-0500] {processor.py:914} INFO - Processing file /home/d-salamanca/airflow-env/lib/python3.12/site-packages/airflow/example_dags/plugins/event_listener.py for tasks to queue
[2024-09-29T08:25:10.169-0500] {logging_mixin.py:190} INFO - [2024-09-29T08:25:10.168-0500] {dagbag.py:588} INFO - Filling up the DagBag from /home/d-salamanca/airflow-env/lib/python3.12/site-packages/airflow/example_dags/plugins/event_listener.py
[2024-09-29T08:25:10.172-0500] {processor.py:927} WARNING - No viable dags retrieved from /home/d-salamanca/airflow-env/lib/python3.12/site-packages/airflow/example_dags/plugins/event_listener.py
[2024-09-29T08:25:10.184-0500] {processor.py:208} INFO - Processing /home/d-salamanca/airflow-env/lib/python3.12/site-packages/airflow/example_dags/plugins/event_listener.py took 0.027 seconds
[2024-09-29T08:25:54.909-0500] {processor.py:186} INFO - Started process (PID=30082) to work on /home/d-salamanca/airflow-env/lib/python3.12/site-packages/airflow/example_dags/plugins/event_listener.py
[2024-09-29T08:25:54.952-0500] {processor.py:914} INFO - Processing file /home/d-salamanca/airflow-env/lib/python3.12/site-packages/airflow/example_dags/plugins/event_listener.py for tasks to queue
[2024-09-29T08:25:54.959-0500] {logging_mixin.py:190} INFO - [2024-09-29T08:25:54.958-0500] {dagbag.py:588} INFO - Filling up the DagBag from /home/d-salamanca/airflow-env/lib/python3.12/site-packages/airflow/example_dags/plugins/event_listener.py
[2024-09-29T08:25:54.994-0500] {processor.py:927} WARNING - No viable dags retrieved from /home/d-salamanca/airflow-env/lib/python3.12/site-packages/airflow/example_dags/plugins/event_listener.py
[2024-09-29T08:25:55.015-0500] {processor.py:208} INFO - Processing /home/d-salamanca/airflow-env/lib/python3.12/site-packages/airflow/example_dags/plugins/event_listener.py took 0.116 seconds
[2024-09-29T08:26:36.896-0500] {processor.py:186} INFO - Started process (PID=30117) to work on /home/d-salamanca/airflow-env/lib/python3.12/site-packages/airflow/example_dags/plugins/event_listener.py
[2024-09-29T08:26:36.898-0500] {processor.py:914} INFO - Processing file /home/d-salamanca/airflow-env/lib/python3.12/site-packages/airflow/example_dags/plugins/event_listener.py for tasks to queue
[2024-09-29T08:26:36.902-0500] {logging_mixin.py:190} INFO - [2024-09-29T08:26:36.901-0500] {dagbag.py:588} INFO - Filling up the DagBag from /home/d-salamanca/airflow-env/lib/python3.12/site-packages/airflow/example_dags/plugins/event_listener.py
[2024-09-29T08:26:36.905-0500] {processor.py:927} WARNING - No viable dags retrieved from /home/d-salamanca/airflow-env/lib/python3.12/site-packages/airflow/example_dags/plugins/event_listener.py
[2024-09-29T08:26:36.921-0500] {processor.py:208} INFO - Processing /home/d-salamanca/airflow-env/lib/python3.12/site-packages/airflow/example_dags/plugins/event_listener.py took 0.034 seconds
[2024-09-29T08:27:17.774-0500] {processor.py:186} INFO - Started process (PID=30151) to work on /home/d-salamanca/airflow-env/lib/python3.12/site-packages/airflow/example_dags/plugins/event_listener.py
[2024-09-29T08:27:17.776-0500] {processor.py:914} INFO - Processing file /home/d-salamanca/airflow-env/lib/python3.12/site-packages/airflow/example_dags/plugins/event_listener.py for tasks to queue
[2024-09-29T08:27:17.778-0500] {logging_mixin.py:190} INFO - [2024-09-29T08:27:17.778-0500] {dagbag.py:588} INFO - Filling up the DagBag from /home/d-salamanca/airflow-env/lib/python3.12/site-packages/airflow/example_dags/plugins/event_listener.py
[2024-09-29T08:27:17.781-0500] {processor.py:927} WARNING - No viable dags retrieved from /home/d-salamanca/airflow-env/lib/python3.12/site-packages/airflow/example_dags/plugins/event_listener.py
[2024-09-29T08:27:17.795-0500] {processor.py:208} INFO - Processing /home/d-salamanca/airflow-env/lib/python3.12/site-packages/airflow/example_dags/plugins/event_listener.py took 0.028 seconds
[2024-09-29T08:27:53.999-0500] {processor.py:186} INFO - Started process (PID=30184) to work on /home/d-salamanca/airflow-env/lib/python3.12/site-packages/airflow/example_dags/plugins/event_listener.py
[2024-09-29T08:27:54.000-0500] {processor.py:914} INFO - Processing file /home/d-salamanca/airflow-env/lib/python3.12/site-packages/airflow/example_dags/plugins/event_listener.py for tasks to queue
[2024-09-29T08:27:54.003-0500] {logging_mixin.py:190} INFO - [2024-09-29T08:27:54.002-0500] {dagbag.py:588} INFO - Filling up the DagBag from /home/d-salamanca/airflow-env/lib/python3.12/site-packages/airflow/example_dags/plugins/event_listener.py
[2024-09-29T08:27:54.006-0500] {processor.py:927} WARNING - No viable dags retrieved from /home/d-salamanca/airflow-env/lib/python3.12/site-packages/airflow/example_dags/plugins/event_listener.py
[2024-09-29T08:27:54.019-0500] {processor.py:208} INFO - Processing /home/d-salamanca/airflow-env/lib/python3.12/site-packages/airflow/example_dags/plugins/event_listener.py took 0.028 seconds
[2024-09-29T08:28:31.635-0500] {processor.py:186} INFO - Started process (PID=30219) to work on /home/d-salamanca/airflow-env/lib/python3.12/site-packages/airflow/example_dags/plugins/event_listener.py
[2024-09-29T08:28:31.636-0500] {processor.py:914} INFO - Processing file /home/d-salamanca/airflow-env/lib/python3.12/site-packages/airflow/example_dags/plugins/event_listener.py for tasks to queue
[2024-09-29T08:28:31.639-0500] {logging_mixin.py:190} INFO - [2024-09-29T08:28:31.638-0500] {dagbag.py:588} INFO - Filling up the DagBag from /home/d-salamanca/airflow-env/lib/python3.12/site-packages/airflow/example_dags/plugins/event_listener.py
[2024-09-29T08:28:31.641-0500] {processor.py:927} WARNING - No viable dags retrieved from /home/d-salamanca/airflow-env/lib/python3.12/site-packages/airflow/example_dags/plugins/event_listener.py
[2024-09-29T08:28:31.654-0500] {processor.py:208} INFO - Processing /home/d-salamanca/airflow-env/lib/python3.12/site-packages/airflow/example_dags/plugins/event_listener.py took 0.027 seconds
[2024-09-29T08:29:11.548-0500] {processor.py:186} INFO - Started process (PID=30253) to work on /home/d-salamanca/airflow-env/lib/python3.12/site-packages/airflow/example_dags/plugins/event_listener.py
[2024-09-29T08:29:11.549-0500] {processor.py:914} INFO - Processing file /home/d-salamanca/airflow-env/lib/python3.12/site-packages/airflow/example_dags/plugins/event_listener.py for tasks to queue
[2024-09-29T08:29:11.552-0500] {logging_mixin.py:190} INFO - [2024-09-29T08:29:11.551-0500] {dagbag.py:588} INFO - Filling up the DagBag from /home/d-salamanca/airflow-env/lib/python3.12/site-packages/airflow/example_dags/plugins/event_listener.py
[2024-09-29T08:29:11.555-0500] {processor.py:927} WARNING - No viable dags retrieved from /home/d-salamanca/airflow-env/lib/python3.12/site-packages/airflow/example_dags/plugins/event_listener.py
[2024-09-29T08:29:11.568-0500] {processor.py:208} INFO - Processing /home/d-salamanca/airflow-env/lib/python3.12/site-packages/airflow/example_dags/plugins/event_listener.py took 0.028 seconds
[2024-09-29T08:29:54.167-0500] {processor.py:186} INFO - Started process (PID=30288) to work on /home/d-salamanca/airflow-env/lib/python3.12/site-packages/airflow/example_dags/plugins/event_listener.py
[2024-09-29T08:29:54.168-0500] {processor.py:914} INFO - Processing file /home/d-salamanca/airflow-env/lib/python3.12/site-packages/airflow/example_dags/plugins/event_listener.py for tasks to queue
[2024-09-29T08:29:54.173-0500] {logging_mixin.py:190} INFO - [2024-09-29T08:29:54.172-0500] {dagbag.py:588} INFO - Filling up the DagBag from /home/d-salamanca/airflow-env/lib/python3.12/site-packages/airflow/example_dags/plugins/event_listener.py
[2024-09-29T08:29:54.176-0500] {processor.py:927} WARNING - No viable dags retrieved from /home/d-salamanca/airflow-env/lib/python3.12/site-packages/airflow/example_dags/plugins/event_listener.py
[2024-09-29T08:29:54.190-0500] {processor.py:208} INFO - Processing /home/d-salamanca/airflow-env/lib/python3.12/site-packages/airflow/example_dags/plugins/event_listener.py took 0.031 seconds
[2024-09-29T08:30:39.614-0500] {processor.py:186} INFO - Started process (PID=30330) to work on /home/d-salamanca/airflow-env/lib/python3.12/site-packages/airflow/example_dags/plugins/event_listener.py
[2024-09-29T08:30:39.615-0500] {processor.py:914} INFO - Processing file /home/d-salamanca/airflow-env/lib/python3.12/site-packages/airflow/example_dags/plugins/event_listener.py for tasks to queue
[2024-09-29T08:30:39.619-0500] {logging_mixin.py:190} INFO - [2024-09-29T08:30:39.618-0500] {dagbag.py:588} INFO - Filling up the DagBag from /home/d-salamanca/airflow-env/lib/python3.12/site-packages/airflow/example_dags/plugins/event_listener.py
[2024-09-29T08:30:39.622-0500] {processor.py:927} WARNING - No viable dags retrieved from /home/d-salamanca/airflow-env/lib/python3.12/site-packages/airflow/example_dags/plugins/event_listener.py
[2024-09-29T08:30:39.636-0500] {processor.py:208} INFO - Processing /home/d-salamanca/airflow-env/lib/python3.12/site-packages/airflow/example_dags/plugins/event_listener.py took 0.030 seconds
[2024-09-29T08:31:26.880-0500] {processor.py:186} INFO - Started process (PID=30376) to work on /home/d-salamanca/airflow-env/lib/python3.12/site-packages/airflow/example_dags/plugins/event_listener.py
[2024-09-29T08:31:26.881-0500] {processor.py:914} INFO - Processing file /home/d-salamanca/airflow-env/lib/python3.12/site-packages/airflow/example_dags/plugins/event_listener.py for tasks to queue
[2024-09-29T08:31:26.886-0500] {logging_mixin.py:190} INFO - [2024-09-29T08:31:26.885-0500] {dagbag.py:588} INFO - Filling up the DagBag from /home/d-salamanca/airflow-env/lib/python3.12/site-packages/airflow/example_dags/plugins/event_listener.py
[2024-09-29T08:31:26.889-0500] {processor.py:927} WARNING - No viable dags retrieved from /home/d-salamanca/airflow-env/lib/python3.12/site-packages/airflow/example_dags/plugins/event_listener.py
[2024-09-29T08:31:26.903-0500] {processor.py:208} INFO - Processing /home/d-salamanca/airflow-env/lib/python3.12/site-packages/airflow/example_dags/plugins/event_listener.py took 0.032 seconds
[2024-09-29T08:32:15.151-0500] {processor.py:186} INFO - Started process (PID=30413) to work on /home/d-salamanca/airflow-env/lib/python3.12/site-packages/airflow/example_dags/plugins/event_listener.py
[2024-09-29T08:32:15.152-0500] {processor.py:914} INFO - Processing file /home/d-salamanca/airflow-env/lib/python3.12/site-packages/airflow/example_dags/plugins/event_listener.py for tasks to queue
[2024-09-29T08:32:15.157-0500] {logging_mixin.py:190} INFO - [2024-09-29T08:32:15.156-0500] {dagbag.py:588} INFO - Filling up the DagBag from /home/d-salamanca/airflow-env/lib/python3.12/site-packages/airflow/example_dags/plugins/event_listener.py
[2024-09-29T08:32:15.159-0500] {processor.py:927} WARNING - No viable dags retrieved from /home/d-salamanca/airflow-env/lib/python3.12/site-packages/airflow/example_dags/plugins/event_listener.py
[2024-09-29T08:32:15.172-0500] {processor.py:208} INFO - Processing /home/d-salamanca/airflow-env/lib/python3.12/site-packages/airflow/example_dags/plugins/event_listener.py took 0.029 seconds
[2024-09-29T08:33:03.921-0500] {processor.py:186} INFO - Started process (PID=30451) to work on /home/d-salamanca/airflow-env/lib/python3.12/site-packages/airflow/example_dags/plugins/event_listener.py
[2024-09-29T08:33:03.922-0500] {processor.py:914} INFO - Processing file /home/d-salamanca/airflow-env/lib/python3.12/site-packages/airflow/example_dags/plugins/event_listener.py for tasks to queue
[2024-09-29T08:33:03.925-0500] {logging_mixin.py:190} INFO - [2024-09-29T08:33:03.924-0500] {dagbag.py:588} INFO - Filling up the DagBag from /home/d-salamanca/airflow-env/lib/python3.12/site-packages/airflow/example_dags/plugins/event_listener.py
[2024-09-29T08:33:03.927-0500] {processor.py:927} WARNING - No viable dags retrieved from /home/d-salamanca/airflow-env/lib/python3.12/site-packages/airflow/example_dags/plugins/event_listener.py
[2024-09-29T08:33:03.941-0500] {processor.py:208} INFO - Processing /home/d-salamanca/airflow-env/lib/python3.12/site-packages/airflow/example_dags/plugins/event_listener.py took 0.028 seconds
[2024-09-29T08:33:43.923-0500] {processor.py:186} INFO - Started process (PID=30490) to work on /home/d-salamanca/airflow-env/lib/python3.12/site-packages/airflow/example_dags/plugins/event_listener.py
[2024-09-29T08:33:43.924-0500] {processor.py:914} INFO - Processing file /home/d-salamanca/airflow-env/lib/python3.12/site-packages/airflow/example_dags/plugins/event_listener.py for tasks to queue
[2024-09-29T08:33:43.927-0500] {logging_mixin.py:190} INFO - [2024-09-29T08:33:43.926-0500] {dagbag.py:588} INFO - Filling up the DagBag from /home/d-salamanca/airflow-env/lib/python3.12/site-packages/airflow/example_dags/plugins/event_listener.py
[2024-09-29T08:33:43.929-0500] {processor.py:927} WARNING - No viable dags retrieved from /home/d-salamanca/airflow-env/lib/python3.12/site-packages/airflow/example_dags/plugins/event_listener.py
[2024-09-29T08:33:43.943-0500] {processor.py:208} INFO - Processing /home/d-salamanca/airflow-env/lib/python3.12/site-packages/airflow/example_dags/plugins/event_listener.py took 0.028 seconds
[2024-09-29T08:34:24.067-0500] {processor.py:186} INFO - Started process (PID=30520) to work on /home/d-salamanca/airflow-env/lib/python3.12/site-packages/airflow/example_dags/plugins/event_listener.py
[2024-09-29T08:34:24.068-0500] {processor.py:914} INFO - Processing file /home/d-salamanca/airflow-env/lib/python3.12/site-packages/airflow/example_dags/plugins/event_listener.py for tasks to queue
[2024-09-29T08:34:24.071-0500] {logging_mixin.py:190} INFO - [2024-09-29T08:34:24.070-0500] {dagbag.py:588} INFO - Filling up the DagBag from /home/d-salamanca/airflow-env/lib/python3.12/site-packages/airflow/example_dags/plugins/event_listener.py
[2024-09-29T08:34:24.074-0500] {processor.py:927} WARNING - No viable dags retrieved from /home/d-salamanca/airflow-env/lib/python3.12/site-packages/airflow/example_dags/plugins/event_listener.py
[2024-09-29T08:34:24.088-0500] {processor.py:208} INFO - Processing /home/d-salamanca/airflow-env/lib/python3.12/site-packages/airflow/example_dags/plugins/event_listener.py took 0.029 seconds
[2024-09-29T08:35:11.988-0500] {processor.py:186} INFO - Started process (PID=30575) to work on /home/d-salamanca/airflow-env/lib/python3.12/site-packages/airflow/example_dags/plugins/event_listener.py
[2024-09-29T08:35:11.990-0500] {processor.py:914} INFO - Processing file /home/d-salamanca/airflow-env/lib/python3.12/site-packages/airflow/example_dags/plugins/event_listener.py for tasks to queue
[2024-09-29T08:35:11.992-0500] {logging_mixin.py:190} INFO - [2024-09-29T08:35:11.992-0500] {dagbag.py:588} INFO - Filling up the DagBag from /home/d-salamanca/airflow-env/lib/python3.12/site-packages/airflow/example_dags/plugins/event_listener.py
[2024-09-29T08:35:11.996-0500] {processor.py:927} WARNING - No viable dags retrieved from /home/d-salamanca/airflow-env/lib/python3.12/site-packages/airflow/example_dags/plugins/event_listener.py
[2024-09-29T08:35:12.010-0500] {processor.py:208} INFO - Processing /home/d-salamanca/airflow-env/lib/python3.12/site-packages/airflow/example_dags/plugins/event_listener.py took 0.031 seconds
[2024-09-29T08:36:29.840-0500] {processor.py:186} INFO - Started process (PID=30950) to work on /home/d-salamanca/airflow-env/lib/python3.12/site-packages/airflow/example_dags/plugins/event_listener.py
[2024-09-29T08:36:30.200-0500] {processor.py:914} INFO - Processing file /home/d-salamanca/airflow-env/lib/python3.12/site-packages/airflow/example_dags/plugins/event_listener.py for tasks to queue
[2024-09-29T08:36:30.207-0500] {logging_mixin.py:190} INFO - [2024-09-29T08:36:30.205-0500] {dagbag.py:588} INFO - Filling up the DagBag from /home/d-salamanca/airflow-env/lib/python3.12/site-packages/airflow/example_dags/plugins/event_listener.py
[2024-09-29T08:36:30.271-0500] {processor.py:927} WARNING - No viable dags retrieved from /home/d-salamanca/airflow-env/lib/python3.12/site-packages/airflow/example_dags/plugins/event_listener.py
[2024-09-29T08:36:30.291-0500] {processor.py:208} INFO - Processing /home/d-salamanca/airflow-env/lib/python3.12/site-packages/airflow/example_dags/plugins/event_listener.py took 0.458 seconds
[2024-09-29T08:37:47.036-0500] {processor.py:186} INFO - Started process (PID=31034) to work on /home/d-salamanca/airflow-env/lib/python3.12/site-packages/airflow/example_dags/plugins/event_listener.py
[2024-09-29T08:37:47.047-0500] {processor.py:914} INFO - Processing file /home/d-salamanca/airflow-env/lib/python3.12/site-packages/airflow/example_dags/plugins/event_listener.py for tasks to queue
[2024-09-29T08:37:47.050-0500] {logging_mixin.py:190} INFO - [2024-09-29T08:37:47.050-0500] {dagbag.py:588} INFO - Filling up the DagBag from /home/d-salamanca/airflow-env/lib/python3.12/site-packages/airflow/example_dags/plugins/event_listener.py
[2024-09-29T08:37:47.082-0500] {processor.py:927} WARNING - No viable dags retrieved from /home/d-salamanca/airflow-env/lib/python3.12/site-packages/airflow/example_dags/plugins/event_listener.py
[2024-09-29T08:37:47.102-0500] {processor.py:208} INFO - Processing /home/d-salamanca/airflow-env/lib/python3.12/site-packages/airflow/example_dags/plugins/event_listener.py took 0.075 seconds
[2024-09-29T08:38:27.060-0500] {processor.py:186} INFO - Started process (PID=31070) to work on /home/d-salamanca/airflow-env/lib/python3.12/site-packages/airflow/example_dags/plugins/event_listener.py
[2024-09-29T08:38:27.061-0500] {processor.py:914} INFO - Processing file /home/d-salamanca/airflow-env/lib/python3.12/site-packages/airflow/example_dags/plugins/event_listener.py for tasks to queue
[2024-09-29T08:38:27.064-0500] {logging_mixin.py:190} INFO - [2024-09-29T08:38:27.063-0500] {dagbag.py:588} INFO - Filling up the DagBag from /home/d-salamanca/airflow-env/lib/python3.12/site-packages/airflow/example_dags/plugins/event_listener.py
[2024-09-29T08:38:27.066-0500] {processor.py:927} WARNING - No viable dags retrieved from /home/d-salamanca/airflow-env/lib/python3.12/site-packages/airflow/example_dags/plugins/event_listener.py
[2024-09-29T08:38:27.079-0500] {processor.py:208} INFO - Processing /home/d-salamanca/airflow-env/lib/python3.12/site-packages/airflow/example_dags/plugins/event_listener.py took 0.027 seconds
[2024-09-29T08:39:08.870-0500] {processor.py:186} INFO - Started process (PID=31106) to work on /home/d-salamanca/airflow-env/lib/python3.12/site-packages/airflow/example_dags/plugins/event_listener.py
[2024-09-29T08:39:08.889-0500] {processor.py:914} INFO - Processing file /home/d-salamanca/airflow-env/lib/python3.12/site-packages/airflow/example_dags/plugins/event_listener.py for tasks to queue
[2024-09-29T08:39:08.895-0500] {logging_mixin.py:190} INFO - [2024-09-29T08:39:08.894-0500] {dagbag.py:588} INFO - Filling up the DagBag from /home/d-salamanca/airflow-env/lib/python3.12/site-packages/airflow/example_dags/plugins/event_listener.py
[2024-09-29T08:39:08.925-0500] {processor.py:927} WARNING - No viable dags retrieved from /home/d-salamanca/airflow-env/lib/python3.12/site-packages/airflow/example_dags/plugins/event_listener.py
[2024-09-29T08:39:08.943-0500] {processor.py:208} INFO - Processing /home/d-salamanca/airflow-env/lib/python3.12/site-packages/airflow/example_dags/plugins/event_listener.py took 0.081 seconds
[2024-09-29T08:39:57.433-0500] {processor.py:186} INFO - Started process (PID=31141) to work on /home/d-salamanca/airflow-env/lib/python3.12/site-packages/airflow/example_dags/plugins/event_listener.py
[2024-09-29T08:39:57.435-0500] {processor.py:914} INFO - Processing file /home/d-salamanca/airflow-env/lib/python3.12/site-packages/airflow/example_dags/plugins/event_listener.py for tasks to queue
[2024-09-29T08:39:57.437-0500] {logging_mixin.py:190} INFO - [2024-09-29T08:39:57.437-0500] {dagbag.py:588} INFO - Filling up the DagBag from /home/d-salamanca/airflow-env/lib/python3.12/site-packages/airflow/example_dags/plugins/event_listener.py
[2024-09-29T08:39:57.440-0500] {processor.py:927} WARNING - No viable dags retrieved from /home/d-salamanca/airflow-env/lib/python3.12/site-packages/airflow/example_dags/plugins/event_listener.py
[2024-09-29T08:39:57.453-0500] {processor.py:208} INFO - Processing /home/d-salamanca/airflow-env/lib/python3.12/site-packages/airflow/example_dags/plugins/event_listener.py took 0.028 seconds
[2024-09-29T08:40:44.214-0500] {processor.py:186} INFO - Started process (PID=31183) to work on /home/d-salamanca/airflow-env/lib/python3.12/site-packages/airflow/example_dags/plugins/event_listener.py
[2024-09-29T08:40:44.215-0500] {processor.py:914} INFO - Processing file /home/d-salamanca/airflow-env/lib/python3.12/site-packages/airflow/example_dags/plugins/event_listener.py for tasks to queue
[2024-09-29T08:40:44.217-0500] {logging_mixin.py:190} INFO - [2024-09-29T08:40:44.217-0500] {dagbag.py:588} INFO - Filling up the DagBag from /home/d-salamanca/airflow-env/lib/python3.12/site-packages/airflow/example_dags/plugins/event_listener.py
[2024-09-29T08:40:44.220-0500] {processor.py:927} WARNING - No viable dags retrieved from /home/d-salamanca/airflow-env/lib/python3.12/site-packages/airflow/example_dags/plugins/event_listener.py
[2024-09-29T08:40:44.233-0500] {processor.py:208} INFO - Processing /home/d-salamanca/airflow-env/lib/python3.12/site-packages/airflow/example_dags/plugins/event_listener.py took 0.027 seconds
[2024-09-29T08:41:31.508-0500] {processor.py:186} INFO - Started process (PID=31219) to work on /home/d-salamanca/airflow-env/lib/python3.12/site-packages/airflow/example_dags/plugins/event_listener.py
[2024-09-29T08:41:31.510-0500] {processor.py:914} INFO - Processing file /home/d-salamanca/airflow-env/lib/python3.12/site-packages/airflow/example_dags/plugins/event_listener.py for tasks to queue
[2024-09-29T08:41:31.512-0500] {logging_mixin.py:190} INFO - [2024-09-29T08:41:31.512-0500] {dagbag.py:588} INFO - Filling up the DagBag from /home/d-salamanca/airflow-env/lib/python3.12/site-packages/airflow/example_dags/plugins/event_listener.py
[2024-09-29T08:41:31.515-0500] {processor.py:927} WARNING - No viable dags retrieved from /home/d-salamanca/airflow-env/lib/python3.12/site-packages/airflow/example_dags/plugins/event_listener.py
[2024-09-29T08:41:31.528-0500] {processor.py:208} INFO - Processing /home/d-salamanca/airflow-env/lib/python3.12/site-packages/airflow/example_dags/plugins/event_listener.py took 0.033 seconds
[2024-09-29T08:42:16.546-0500] {processor.py:186} INFO - Started process (PID=31256) to work on /home/d-salamanca/airflow-env/lib/python3.12/site-packages/airflow/example_dags/plugins/event_listener.py
[2024-09-29T08:42:16.547-0500] {processor.py:914} INFO - Processing file /home/d-salamanca/airflow-env/lib/python3.12/site-packages/airflow/example_dags/plugins/event_listener.py for tasks to queue
[2024-09-29T08:42:16.551-0500] {logging_mixin.py:190} INFO - [2024-09-29T08:42:16.550-0500] {dagbag.py:588} INFO - Filling up the DagBag from /home/d-salamanca/airflow-env/lib/python3.12/site-packages/airflow/example_dags/plugins/event_listener.py
[2024-09-29T08:42:16.555-0500] {processor.py:927} WARNING - No viable dags retrieved from /home/d-salamanca/airflow-env/lib/python3.12/site-packages/airflow/example_dags/plugins/event_listener.py
[2024-09-29T08:42:16.568-0500] {processor.py:208} INFO - Processing /home/d-salamanca/airflow-env/lib/python3.12/site-packages/airflow/example_dags/plugins/event_listener.py took 0.031 seconds
[2024-09-29T08:43:02.823-0500] {processor.py:186} INFO - Started process (PID=31291) to work on /home/d-salamanca/airflow-env/lib/python3.12/site-packages/airflow/example_dags/plugins/event_listener.py
[2024-09-29T08:43:02.824-0500] {processor.py:914} INFO - Processing file /home/d-salamanca/airflow-env/lib/python3.12/site-packages/airflow/example_dags/plugins/event_listener.py for tasks to queue
[2024-09-29T08:43:02.826-0500] {logging_mixin.py:190} INFO - [2024-09-29T08:43:02.826-0500] {dagbag.py:588} INFO - Filling up the DagBag from /home/d-salamanca/airflow-env/lib/python3.12/site-packages/airflow/example_dags/plugins/event_listener.py
[2024-09-29T08:43:02.829-0500] {processor.py:927} WARNING - No viable dags retrieved from /home/d-salamanca/airflow-env/lib/python3.12/site-packages/airflow/example_dags/plugins/event_listener.py
[2024-09-29T08:43:02.842-0500] {processor.py:208} INFO - Processing /home/d-salamanca/airflow-env/lib/python3.12/site-packages/airflow/example_dags/plugins/event_listener.py took 0.027 seconds
[2024-09-29T08:43:47.727-0500] {processor.py:186} INFO - Started process (PID=31328) to work on /home/d-salamanca/airflow-env/lib/python3.12/site-packages/airflow/example_dags/plugins/event_listener.py
[2024-09-29T08:43:47.728-0500] {processor.py:914} INFO - Processing file /home/d-salamanca/airflow-env/lib/python3.12/site-packages/airflow/example_dags/plugins/event_listener.py for tasks to queue
[2024-09-29T08:43:47.731-0500] {logging_mixin.py:190} INFO - [2024-09-29T08:43:47.730-0500] {dagbag.py:588} INFO - Filling up the DagBag from /home/d-salamanca/airflow-env/lib/python3.12/site-packages/airflow/example_dags/plugins/event_listener.py
[2024-09-29T08:43:47.733-0500] {processor.py:927} WARNING - No viable dags retrieved from /home/d-salamanca/airflow-env/lib/python3.12/site-packages/airflow/example_dags/plugins/event_listener.py
[2024-09-29T08:43:47.748-0500] {processor.py:208} INFO - Processing /home/d-salamanca/airflow-env/lib/python3.12/site-packages/airflow/example_dags/plugins/event_listener.py took 0.034 seconds
[2024-09-29T08:44:29.466-0500] {processor.py:186} INFO - Started process (PID=31362) to work on /home/d-salamanca/airflow-env/lib/python3.12/site-packages/airflow/example_dags/plugins/event_listener.py
[2024-09-29T08:44:29.489-0500] {processor.py:914} INFO - Processing file /home/d-salamanca/airflow-env/lib/python3.12/site-packages/airflow/example_dags/plugins/event_listener.py for tasks to queue
[2024-09-29T08:44:29.494-0500] {logging_mixin.py:190} INFO - [2024-09-29T08:44:29.493-0500] {dagbag.py:588} INFO - Filling up the DagBag from /home/d-salamanca/airflow-env/lib/python3.12/site-packages/airflow/example_dags/plugins/event_listener.py
[2024-09-29T08:44:29.499-0500] {processor.py:927} WARNING - No viable dags retrieved from /home/d-salamanca/airflow-env/lib/python3.12/site-packages/airflow/example_dags/plugins/event_listener.py
[2024-09-29T08:44:29.514-0500] {processor.py:208} INFO - Processing /home/d-salamanca/airflow-env/lib/python3.12/site-packages/airflow/example_dags/plugins/event_listener.py took 0.055 seconds
[2024-09-29T08:45:09.890-0500] {processor.py:186} INFO - Started process (PID=31409) to work on /home/d-salamanca/airflow-env/lib/python3.12/site-packages/airflow/example_dags/plugins/event_listener.py
[2024-09-29T08:45:09.892-0500] {processor.py:914} INFO - Processing file /home/d-salamanca/airflow-env/lib/python3.12/site-packages/airflow/example_dags/plugins/event_listener.py for tasks to queue
[2024-09-29T08:45:09.894-0500] {logging_mixin.py:190} INFO - [2024-09-29T08:45:09.894-0500] {dagbag.py:588} INFO - Filling up the DagBag from /home/d-salamanca/airflow-env/lib/python3.12/site-packages/airflow/example_dags/plugins/event_listener.py
[2024-09-29T08:45:09.897-0500] {processor.py:927} WARNING - No viable dags retrieved from /home/d-salamanca/airflow-env/lib/python3.12/site-packages/airflow/example_dags/plugins/event_listener.py
[2024-09-29T08:45:09.910-0500] {processor.py:208} INFO - Processing /home/d-salamanca/airflow-env/lib/python3.12/site-packages/airflow/example_dags/plugins/event_listener.py took 0.027 seconds
[2024-09-29T08:46:08.483-0500] {processor.py:186} INFO - Started process (PID=31447) to work on /home/d-salamanca/airflow-env/lib/python3.12/site-packages/airflow/example_dags/plugins/event_listener.py
[2024-09-29T08:46:08.485-0500] {processor.py:914} INFO - Processing file /home/d-salamanca/airflow-env/lib/python3.12/site-packages/airflow/example_dags/plugins/event_listener.py for tasks to queue
[2024-09-29T08:46:08.488-0500] {logging_mixin.py:190} INFO - [2024-09-29T08:46:08.487-0500] {dagbag.py:588} INFO - Filling up the DagBag from /home/d-salamanca/airflow-env/lib/python3.12/site-packages/airflow/example_dags/plugins/event_listener.py
[2024-09-29T08:46:08.490-0500] {processor.py:927} WARNING - No viable dags retrieved from /home/d-salamanca/airflow-env/lib/python3.12/site-packages/airflow/example_dags/plugins/event_listener.py
[2024-09-29T08:46:08.503-0500] {processor.py:208} INFO - Processing /home/d-salamanca/airflow-env/lib/python3.12/site-packages/airflow/example_dags/plugins/event_listener.py took 0.028 seconds
[2024-09-29T08:47:07.824-0500] {processor.py:186} INFO - Started process (PID=31482) to work on /home/d-salamanca/airflow-env/lib/python3.12/site-packages/airflow/example_dags/plugins/event_listener.py
[2024-09-29T08:47:07.825-0500] {processor.py:914} INFO - Processing file /home/d-salamanca/airflow-env/lib/python3.12/site-packages/airflow/example_dags/plugins/event_listener.py for tasks to queue
[2024-09-29T08:47:07.828-0500] {logging_mixin.py:190} INFO - [2024-09-29T08:47:07.827-0500] {dagbag.py:588} INFO - Filling up the DagBag from /home/d-salamanca/airflow-env/lib/python3.12/site-packages/airflow/example_dags/plugins/event_listener.py
[2024-09-29T08:47:07.830-0500] {processor.py:927} WARNING - No viable dags retrieved from /home/d-salamanca/airflow-env/lib/python3.12/site-packages/airflow/example_dags/plugins/event_listener.py
[2024-09-29T08:47:07.844-0500] {processor.py:208} INFO - Processing /home/d-salamanca/airflow-env/lib/python3.12/site-packages/airflow/example_dags/plugins/event_listener.py took 0.028 seconds
[2024-09-29T08:47:52.840-0500] {processor.py:186} INFO - Started process (PID=31518) to work on /home/d-salamanca/airflow-env/lib/python3.12/site-packages/airflow/example_dags/plugins/event_listener.py
[2024-09-29T08:47:52.842-0500] {processor.py:914} INFO - Processing file /home/d-salamanca/airflow-env/lib/python3.12/site-packages/airflow/example_dags/plugins/event_listener.py for tasks to queue
[2024-09-29T08:47:52.844-0500] {logging_mixin.py:190} INFO - [2024-09-29T08:47:52.844-0500] {dagbag.py:588} INFO - Filling up the DagBag from /home/d-salamanca/airflow-env/lib/python3.12/site-packages/airflow/example_dags/plugins/event_listener.py
[2024-09-29T08:47:52.847-0500] {processor.py:927} WARNING - No viable dags retrieved from /home/d-salamanca/airflow-env/lib/python3.12/site-packages/airflow/example_dags/plugins/event_listener.py
[2024-09-29T08:47:52.861-0500] {processor.py:208} INFO - Processing /home/d-salamanca/airflow-env/lib/python3.12/site-packages/airflow/example_dags/plugins/event_listener.py took 0.029 seconds
[2024-09-29T08:48:34.049-0500] {processor.py:186} INFO - Started process (PID=31568) to work on /home/d-salamanca/airflow-env/lib/python3.12/site-packages/airflow/example_dags/plugins/event_listener.py
[2024-09-29T08:48:34.050-0500] {processor.py:914} INFO - Processing file /home/d-salamanca/airflow-env/lib/python3.12/site-packages/airflow/example_dags/plugins/event_listener.py for tasks to queue
[2024-09-29T08:48:34.053-0500] {logging_mixin.py:190} INFO - [2024-09-29T08:48:34.053-0500] {dagbag.py:588} INFO - Filling up the DagBag from /home/d-salamanca/airflow-env/lib/python3.12/site-packages/airflow/example_dags/plugins/event_listener.py
[2024-09-29T08:48:34.056-0500] {processor.py:927} WARNING - No viable dags retrieved from /home/d-salamanca/airflow-env/lib/python3.12/site-packages/airflow/example_dags/plugins/event_listener.py
[2024-09-29T08:48:34.069-0500] {processor.py:208} INFO - Processing /home/d-salamanca/airflow-env/lib/python3.12/site-packages/airflow/example_dags/plugins/event_listener.py took 0.028 seconds
[2024-09-29T08:49:17.507-0500] {processor.py:186} INFO - Started process (PID=31606) to work on /home/d-salamanca/airflow-env/lib/python3.12/site-packages/airflow/example_dags/plugins/event_listener.py
[2024-09-29T08:49:17.508-0500] {processor.py:914} INFO - Processing file /home/d-salamanca/airflow-env/lib/python3.12/site-packages/airflow/example_dags/plugins/event_listener.py for tasks to queue
[2024-09-29T08:49:17.511-0500] {logging_mixin.py:190} INFO - [2024-09-29T08:49:17.511-0500] {dagbag.py:588} INFO - Filling up the DagBag from /home/d-salamanca/airflow-env/lib/python3.12/site-packages/airflow/example_dags/plugins/event_listener.py
[2024-09-29T08:49:17.514-0500] {processor.py:927} WARNING - No viable dags retrieved from /home/d-salamanca/airflow-env/lib/python3.12/site-packages/airflow/example_dags/plugins/event_listener.py
[2024-09-29T08:49:17.527-0500] {processor.py:208} INFO - Processing /home/d-salamanca/airflow-env/lib/python3.12/site-packages/airflow/example_dags/plugins/event_listener.py took 0.028 seconds
[2024-09-29T08:50:03.044-0500] {processor.py:186} INFO - Started process (PID=31653) to work on /home/d-salamanca/airflow-env/lib/python3.12/site-packages/airflow/example_dags/plugins/event_listener.py
[2024-09-29T08:50:03.046-0500] {processor.py:914} INFO - Processing file /home/d-salamanca/airflow-env/lib/python3.12/site-packages/airflow/example_dags/plugins/event_listener.py for tasks to queue
[2024-09-29T08:50:03.048-0500] {logging_mixin.py:190} INFO - [2024-09-29T08:50:03.048-0500] {dagbag.py:588} INFO - Filling up the DagBag from /home/d-salamanca/airflow-env/lib/python3.12/site-packages/airflow/example_dags/plugins/event_listener.py
[2024-09-29T08:50:03.051-0500] {processor.py:927} WARNING - No viable dags retrieved from /home/d-salamanca/airflow-env/lib/python3.12/site-packages/airflow/example_dags/plugins/event_listener.py
[2024-09-29T08:50:03.064-0500] {processor.py:208} INFO - Processing /home/d-salamanca/airflow-env/lib/python3.12/site-packages/airflow/example_dags/plugins/event_listener.py took 0.026 seconds
[2024-09-29T08:50:49.293-0500] {processor.py:186} INFO - Started process (PID=31699) to work on /home/d-salamanca/airflow-env/lib/python3.12/site-packages/airflow/example_dags/plugins/event_listener.py
[2024-09-29T08:50:49.295-0500] {processor.py:914} INFO - Processing file /home/d-salamanca/airflow-env/lib/python3.12/site-packages/airflow/example_dags/plugins/event_listener.py for tasks to queue
[2024-09-29T08:50:49.297-0500] {logging_mixin.py:190} INFO - [2024-09-29T08:50:49.297-0500] {dagbag.py:588} INFO - Filling up the DagBag from /home/d-salamanca/airflow-env/lib/python3.12/site-packages/airflow/example_dags/plugins/event_listener.py
[2024-09-29T08:50:49.300-0500] {processor.py:927} WARNING - No viable dags retrieved from /home/d-salamanca/airflow-env/lib/python3.12/site-packages/airflow/example_dags/plugins/event_listener.py
[2024-09-29T08:50:49.313-0500] {processor.py:208} INFO - Processing /home/d-salamanca/airflow-env/lib/python3.12/site-packages/airflow/example_dags/plugins/event_listener.py took 0.027 seconds
[2024-09-29T08:52:22.347-0500] {processor.py:186} INFO - Started process (PID=31942) to work on /home/d-salamanca/airflow-env/lib/python3.12/site-packages/airflow/example_dags/plugins/event_listener.py
[2024-09-29T08:52:22.404-0500] {processor.py:914} INFO - Processing file /home/d-salamanca/airflow-env/lib/python3.12/site-packages/airflow/example_dags/plugins/event_listener.py for tasks to queue
[2024-09-29T08:52:22.412-0500] {logging_mixin.py:190} INFO - [2024-09-29T08:52:22.411-0500] {dagbag.py:588} INFO - Filling up the DagBag from /home/d-salamanca/airflow-env/lib/python3.12/site-packages/airflow/example_dags/plugins/event_listener.py
[2024-09-29T08:52:22.437-0500] {processor.py:927} WARNING - No viable dags retrieved from /home/d-salamanca/airflow-env/lib/python3.12/site-packages/airflow/example_dags/plugins/event_listener.py
[2024-09-29T08:52:22.460-0500] {processor.py:208} INFO - Processing /home/d-salamanca/airflow-env/lib/python3.12/site-packages/airflow/example_dags/plugins/event_listener.py took 0.121 seconds
[2024-09-29T08:53:32.905-0500] {processor.py:186} INFO - Started process (PID=31997) to work on /home/d-salamanca/airflow-env/lib/python3.12/site-packages/airflow/example_dags/plugins/event_listener.py
[2024-09-29T08:53:32.934-0500] {processor.py:914} INFO - Processing file /home/d-salamanca/airflow-env/lib/python3.12/site-packages/airflow/example_dags/plugins/event_listener.py for tasks to queue
[2024-09-29T08:53:32.938-0500] {logging_mixin.py:190} INFO - [2024-09-29T08:53:32.937-0500] {dagbag.py:588} INFO - Filling up the DagBag from /home/d-salamanca/airflow-env/lib/python3.12/site-packages/airflow/example_dags/plugins/event_listener.py
[2024-09-29T08:53:32.966-0500] {processor.py:927} WARNING - No viable dags retrieved from /home/d-salamanca/airflow-env/lib/python3.12/site-packages/airflow/example_dags/plugins/event_listener.py
[2024-09-29T08:53:32.987-0500] {processor.py:208} INFO - Processing /home/d-salamanca/airflow-env/lib/python3.12/site-packages/airflow/example_dags/plugins/event_listener.py took 0.090 seconds
[2024-09-29T08:54:20.145-0500] {processor.py:186} INFO - Started process (PID=32034) to work on /home/d-salamanca/airflow-env/lib/python3.12/site-packages/airflow/example_dags/plugins/event_listener.py
[2024-09-29T08:54:20.147-0500] {processor.py:914} INFO - Processing file /home/d-salamanca/airflow-env/lib/python3.12/site-packages/airflow/example_dags/plugins/event_listener.py for tasks to queue
[2024-09-29T08:54:20.149-0500] {logging_mixin.py:190} INFO - [2024-09-29T08:54:20.149-0500] {dagbag.py:588} INFO - Filling up the DagBag from /home/d-salamanca/airflow-env/lib/python3.12/site-packages/airflow/example_dags/plugins/event_listener.py
[2024-09-29T08:54:20.152-0500] {processor.py:927} WARNING - No viable dags retrieved from /home/d-salamanca/airflow-env/lib/python3.12/site-packages/airflow/example_dags/plugins/event_listener.py
[2024-09-29T08:54:20.165-0500] {processor.py:208} INFO - Processing /home/d-salamanca/airflow-env/lib/python3.12/site-packages/airflow/example_dags/plugins/event_listener.py took 0.030 seconds
[2024-09-29T08:55:07.833-0500] {processor.py:186} INFO - Started process (PID=32076) to work on /home/d-salamanca/airflow-env/lib/python3.12/site-packages/airflow/example_dags/plugins/event_listener.py
[2024-09-29T08:55:07.843-0500] {processor.py:914} INFO - Processing file /home/d-salamanca/airflow-env/lib/python3.12/site-packages/airflow/example_dags/plugins/event_listener.py for tasks to queue
[2024-09-29T08:55:07.846-0500] {logging_mixin.py:190} INFO - [2024-09-29T08:55:07.845-0500] {dagbag.py:588} INFO - Filling up the DagBag from /home/d-salamanca/airflow-env/lib/python3.12/site-packages/airflow/example_dags/plugins/event_listener.py
[2024-09-29T08:55:07.849-0500] {processor.py:927} WARNING - No viable dags retrieved from /home/d-salamanca/airflow-env/lib/python3.12/site-packages/airflow/example_dags/plugins/event_listener.py
[2024-09-29T08:55:07.863-0500] {processor.py:208} INFO - Processing /home/d-salamanca/airflow-env/lib/python3.12/site-packages/airflow/example_dags/plugins/event_listener.py took 0.037 seconds
[2024-09-29T08:55:54.642-0500] {processor.py:186} INFO - Started process (PID=32111) to work on /home/d-salamanca/airflow-env/lib/python3.12/site-packages/airflow/example_dags/plugins/event_listener.py
[2024-09-29T08:55:54.643-0500] {processor.py:914} INFO - Processing file /home/d-salamanca/airflow-env/lib/python3.12/site-packages/airflow/example_dags/plugins/event_listener.py for tasks to queue
[2024-09-29T08:55:54.645-0500] {logging_mixin.py:190} INFO - [2024-09-29T08:55:54.645-0500] {dagbag.py:588} INFO - Filling up the DagBag from /home/d-salamanca/airflow-env/lib/python3.12/site-packages/airflow/example_dags/plugins/event_listener.py
[2024-09-29T08:55:54.648-0500] {processor.py:927} WARNING - No viable dags retrieved from /home/d-salamanca/airflow-env/lib/python3.12/site-packages/airflow/example_dags/plugins/event_listener.py
[2024-09-29T08:55:54.661-0500] {processor.py:208} INFO - Processing /home/d-salamanca/airflow-env/lib/python3.12/site-packages/airflow/example_dags/plugins/event_listener.py took 0.032 seconds
[2024-09-29T08:56:51.211-0500] {processor.py:186} INFO - Started process (PID=32150) to work on /home/d-salamanca/airflow-env/lib/python3.12/site-packages/airflow/example_dags/plugins/event_listener.py
[2024-09-29T08:56:51.213-0500] {processor.py:914} INFO - Processing file /home/d-salamanca/airflow-env/lib/python3.12/site-packages/airflow/example_dags/plugins/event_listener.py for tasks to queue
[2024-09-29T08:56:51.215-0500] {logging_mixin.py:190} INFO - [2024-09-29T08:56:51.215-0500] {dagbag.py:588} INFO - Filling up the DagBag from /home/d-salamanca/airflow-env/lib/python3.12/site-packages/airflow/example_dags/plugins/event_listener.py
[2024-09-29T08:56:51.218-0500] {processor.py:927} WARNING - No viable dags retrieved from /home/d-salamanca/airflow-env/lib/python3.12/site-packages/airflow/example_dags/plugins/event_listener.py
[2024-09-29T08:56:51.232-0500] {processor.py:208} INFO - Processing /home/d-salamanca/airflow-env/lib/python3.12/site-packages/airflow/example_dags/plugins/event_listener.py took 0.027 seconds
[2024-09-29T08:57:46.084-0500] {processor.py:186} INFO - Started process (PID=32193) to work on /home/d-salamanca/airflow-env/lib/python3.12/site-packages/airflow/example_dags/plugins/event_listener.py
[2024-09-29T08:57:46.086-0500] {processor.py:914} INFO - Processing file /home/d-salamanca/airflow-env/lib/python3.12/site-packages/airflow/example_dags/plugins/event_listener.py for tasks to queue
[2024-09-29T08:57:46.089-0500] {logging_mixin.py:190} INFO - [2024-09-29T08:57:46.088-0500] {dagbag.py:588} INFO - Filling up the DagBag from /home/d-salamanca/airflow-env/lib/python3.12/site-packages/airflow/example_dags/plugins/event_listener.py
[2024-09-29T08:57:46.092-0500] {processor.py:927} WARNING - No viable dags retrieved from /home/d-salamanca/airflow-env/lib/python3.12/site-packages/airflow/example_dags/plugins/event_listener.py
[2024-09-29T08:57:46.106-0500] {processor.py:208} INFO - Processing /home/d-salamanca/airflow-env/lib/python3.12/site-packages/airflow/example_dags/plugins/event_listener.py took 0.031 seconds
[2024-09-29T08:58:35.965-0500] {processor.py:186} INFO - Started process (PID=32231) to work on /home/d-salamanca/airflow-env/lib/python3.12/site-packages/airflow/example_dags/plugins/event_listener.py
[2024-09-29T08:58:35.967-0500] {processor.py:914} INFO - Processing file /home/d-salamanca/airflow-env/lib/python3.12/site-packages/airflow/example_dags/plugins/event_listener.py for tasks to queue
[2024-09-29T08:58:35.969-0500] {logging_mixin.py:190} INFO - [2024-09-29T08:58:35.969-0500] {dagbag.py:588} INFO - Filling up the DagBag from /home/d-salamanca/airflow-env/lib/python3.12/site-packages/airflow/example_dags/plugins/event_listener.py
[2024-09-29T08:58:35.972-0500] {processor.py:927} WARNING - No viable dags retrieved from /home/d-salamanca/airflow-env/lib/python3.12/site-packages/airflow/example_dags/plugins/event_listener.py
[2024-09-29T08:58:35.984-0500] {processor.py:208} INFO - Processing /home/d-salamanca/airflow-env/lib/python3.12/site-packages/airflow/example_dags/plugins/event_listener.py took 0.030 seconds
[2024-09-29T08:59:31.153-0500] {processor.py:186} INFO - Started process (PID=32422) to work on /home/d-salamanca/airflow-env/lib/python3.12/site-packages/airflow/example_dags/plugins/event_listener.py
[2024-09-29T08:59:31.154-0500] {processor.py:914} INFO - Processing file /home/d-salamanca/airflow-env/lib/python3.12/site-packages/airflow/example_dags/plugins/event_listener.py for tasks to queue
[2024-09-29T08:59:31.158-0500] {logging_mixin.py:190} INFO - [2024-09-29T08:59:31.157-0500] {dagbag.py:588} INFO - Filling up the DagBag from /home/d-salamanca/airflow-env/lib/python3.12/site-packages/airflow/example_dags/plugins/event_listener.py
[2024-09-29T08:59:31.174-0500] {processor.py:927} WARNING - No viable dags retrieved from /home/d-salamanca/airflow-env/lib/python3.12/site-packages/airflow/example_dags/plugins/event_listener.py
[2024-09-29T08:59:31.188-0500] {processor.py:208} INFO - Processing /home/d-salamanca/airflow-env/lib/python3.12/site-packages/airflow/example_dags/plugins/event_listener.py took 0.043 seconds
[2024-09-29T09:00:34.039-0500] {processor.py:186} INFO - Started process (PID=32534) to work on /home/d-salamanca/airflow-env/lib/python3.12/site-packages/airflow/example_dags/plugins/event_listener.py
[2024-09-29T09:00:34.061-0500] {processor.py:914} INFO - Processing file /home/d-salamanca/airflow-env/lib/python3.12/site-packages/airflow/example_dags/plugins/event_listener.py for tasks to queue
[2024-09-29T09:00:34.066-0500] {logging_mixin.py:190} INFO - [2024-09-29T09:00:34.065-0500] {dagbag.py:588} INFO - Filling up the DagBag from /home/d-salamanca/airflow-env/lib/python3.12/site-packages/airflow/example_dags/plugins/event_listener.py
[2024-09-29T09:00:34.086-0500] {processor.py:927} WARNING - No viable dags retrieved from /home/d-salamanca/airflow-env/lib/python3.12/site-packages/airflow/example_dags/plugins/event_listener.py
[2024-09-29T09:00:34.102-0500] {processor.py:208} INFO - Processing /home/d-salamanca/airflow-env/lib/python3.12/site-packages/airflow/example_dags/plugins/event_listener.py took 0.071 seconds
[2024-09-29T09:01:27.633-0500] {processor.py:186} INFO - Started process (PID=32573) to work on /home/d-salamanca/airflow-env/lib/python3.12/site-packages/airflow/example_dags/plugins/event_listener.py
[2024-09-29T09:01:27.635-0500] {processor.py:914} INFO - Processing file /home/d-salamanca/airflow-env/lib/python3.12/site-packages/airflow/example_dags/plugins/event_listener.py for tasks to queue
[2024-09-29T09:01:27.639-0500] {logging_mixin.py:190} INFO - [2024-09-29T09:01:27.638-0500] {dagbag.py:588} INFO - Filling up the DagBag from /home/d-salamanca/airflow-env/lib/python3.12/site-packages/airflow/example_dags/plugins/event_listener.py
[2024-09-29T09:01:27.642-0500] {processor.py:927} WARNING - No viable dags retrieved from /home/d-salamanca/airflow-env/lib/python3.12/site-packages/airflow/example_dags/plugins/event_listener.py
[2024-09-29T09:01:27.655-0500] {processor.py:208} INFO - Processing /home/d-salamanca/airflow-env/lib/python3.12/site-packages/airflow/example_dags/plugins/event_listener.py took 0.029 seconds
[2024-09-29T09:02:17.547-0500] {processor.py:186} INFO - Started process (PID=32612) to work on /home/d-salamanca/airflow-env/lib/python3.12/site-packages/airflow/example_dags/plugins/event_listener.py
[2024-09-29T09:02:17.549-0500] {processor.py:914} INFO - Processing file /home/d-salamanca/airflow-env/lib/python3.12/site-packages/airflow/example_dags/plugins/event_listener.py for tasks to queue
[2024-09-29T09:02:17.551-0500] {logging_mixin.py:190} INFO - [2024-09-29T09:02:17.551-0500] {dagbag.py:588} INFO - Filling up the DagBag from /home/d-salamanca/airflow-env/lib/python3.12/site-packages/airflow/example_dags/plugins/event_listener.py
[2024-09-29T09:02:17.554-0500] {processor.py:927} WARNING - No viable dags retrieved from /home/d-salamanca/airflow-env/lib/python3.12/site-packages/airflow/example_dags/plugins/event_listener.py
[2024-09-29T09:02:17.568-0500] {processor.py:208} INFO - Processing /home/d-salamanca/airflow-env/lib/python3.12/site-packages/airflow/example_dags/plugins/event_listener.py took 0.028 seconds
[2024-09-29T09:03:01.142-0500] {processor.py:186} INFO - Started process (PID=32647) to work on /home/d-salamanca/airflow-env/lib/python3.12/site-packages/airflow/example_dags/plugins/event_listener.py
[2024-09-29T09:03:01.144-0500] {processor.py:914} INFO - Processing file /home/d-salamanca/airflow-env/lib/python3.12/site-packages/airflow/example_dags/plugins/event_listener.py for tasks to queue
[2024-09-29T09:03:01.148-0500] {logging_mixin.py:190} INFO - [2024-09-29T09:03:01.147-0500] {dagbag.py:588} INFO - Filling up the DagBag from /home/d-salamanca/airflow-env/lib/python3.12/site-packages/airflow/example_dags/plugins/event_listener.py
[2024-09-29T09:03:01.151-0500] {processor.py:927} WARNING - No viable dags retrieved from /home/d-salamanca/airflow-env/lib/python3.12/site-packages/airflow/example_dags/plugins/event_listener.py
[2024-09-29T09:03:01.165-0500] {processor.py:208} INFO - Processing /home/d-salamanca/airflow-env/lib/python3.12/site-packages/airflow/example_dags/plugins/event_listener.py took 0.032 seconds
[2024-09-29T09:03:40.573-0500] {processor.py:186} INFO - Started process (PID=32682) to work on /home/d-salamanca/airflow-env/lib/python3.12/site-packages/airflow/example_dags/plugins/event_listener.py
[2024-09-29T09:03:40.574-0500] {processor.py:914} INFO - Processing file /home/d-salamanca/airflow-env/lib/python3.12/site-packages/airflow/example_dags/plugins/event_listener.py for tasks to queue
[2024-09-29T09:03:40.577-0500] {logging_mixin.py:190} INFO - [2024-09-29T09:03:40.576-0500] {dagbag.py:588} INFO - Filling up the DagBag from /home/d-salamanca/airflow-env/lib/python3.12/site-packages/airflow/example_dags/plugins/event_listener.py
[2024-09-29T09:03:40.579-0500] {processor.py:927} WARNING - No viable dags retrieved from /home/d-salamanca/airflow-env/lib/python3.12/site-packages/airflow/example_dags/plugins/event_listener.py
[2024-09-29T09:03:40.592-0500] {processor.py:208} INFO - Processing /home/d-salamanca/airflow-env/lib/python3.12/site-packages/airflow/example_dags/plugins/event_listener.py took 0.027 seconds
[2024-09-29T09:04:26.595-0500] {processor.py:186} INFO - Started process (PID=32746) to work on /home/d-salamanca/airflow-env/lib/python3.12/site-packages/airflow/example_dags/plugins/event_listener.py
[2024-09-29T09:04:26.596-0500] {processor.py:914} INFO - Processing file /home/d-salamanca/airflow-env/lib/python3.12/site-packages/airflow/example_dags/plugins/event_listener.py for tasks to queue
[2024-09-29T09:04:26.599-0500] {logging_mixin.py:190} INFO - [2024-09-29T09:04:26.598-0500] {dagbag.py:588} INFO - Filling up the DagBag from /home/d-salamanca/airflow-env/lib/python3.12/site-packages/airflow/example_dags/plugins/event_listener.py
[2024-09-29T09:04:26.602-0500] {processor.py:927} WARNING - No viable dags retrieved from /home/d-salamanca/airflow-env/lib/python3.12/site-packages/airflow/example_dags/plugins/event_listener.py
[2024-09-29T09:04:26.615-0500] {processor.py:208} INFO - Processing /home/d-salamanca/airflow-env/lib/python3.12/site-packages/airflow/example_dags/plugins/event_listener.py took 0.027 seconds
[2024-09-29T09:05:33.343-0500] {processor.py:186} INFO - Started process (PID=33035) to work on /home/d-salamanca/airflow-env/lib/python3.12/site-packages/airflow/example_dags/plugins/event_listener.py
[2024-09-29T09:05:33.345-0500] {processor.py:914} INFO - Processing file /home/d-salamanca/airflow-env/lib/python3.12/site-packages/airflow/example_dags/plugins/event_listener.py for tasks to queue
[2024-09-29T09:05:33.348-0500] {logging_mixin.py:190} INFO - [2024-09-29T09:05:33.347-0500] {dagbag.py:588} INFO - Filling up the DagBag from /home/d-salamanca/airflow-env/lib/python3.12/site-packages/airflow/example_dags/plugins/event_listener.py
[2024-09-29T09:05:33.463-0500] {processor.py:927} WARNING - No viable dags retrieved from /home/d-salamanca/airflow-env/lib/python3.12/site-packages/airflow/example_dags/plugins/event_listener.py
[2024-09-29T09:05:33.481-0500] {processor.py:208} INFO - Processing /home/d-salamanca/airflow-env/lib/python3.12/site-packages/airflow/example_dags/plugins/event_listener.py took 0.146 seconds
[2024-09-29T09:06:48.570-0500] {processor.py:186} INFO - Started process (PID=33076) to work on /home/d-salamanca/airflow-env/lib/python3.12/site-packages/airflow/example_dags/plugins/event_listener.py
[2024-09-29T09:06:48.578-0500] {processor.py:914} INFO - Processing file /home/d-salamanca/airflow-env/lib/python3.12/site-packages/airflow/example_dags/plugins/event_listener.py for tasks to queue
[2024-09-29T09:06:48.582-0500] {logging_mixin.py:190} INFO - [2024-09-29T09:06:48.581-0500] {dagbag.py:588} INFO - Filling up the DagBag from /home/d-salamanca/airflow-env/lib/python3.12/site-packages/airflow/example_dags/plugins/event_listener.py
[2024-09-29T09:06:48.592-0500] {processor.py:927} WARNING - No viable dags retrieved from /home/d-salamanca/airflow-env/lib/python3.12/site-packages/airflow/example_dags/plugins/event_listener.py
[2024-09-29T09:06:48.607-0500] {processor.py:208} INFO - Processing /home/d-salamanca/airflow-env/lib/python3.12/site-packages/airflow/example_dags/plugins/event_listener.py took 0.045 seconds
[2024-09-29T09:07:36.289-0500] {processor.py:186} INFO - Started process (PID=33120) to work on /home/d-salamanca/airflow-env/lib/python3.12/site-packages/airflow/example_dags/plugins/event_listener.py
[2024-09-29T09:07:36.290-0500] {processor.py:914} INFO - Processing file /home/d-salamanca/airflow-env/lib/python3.12/site-packages/airflow/example_dags/plugins/event_listener.py for tasks to queue
[2024-09-29T09:07:36.293-0500] {logging_mixin.py:190} INFO - [2024-09-29T09:07:36.292-0500] {dagbag.py:588} INFO - Filling up the DagBag from /home/d-salamanca/airflow-env/lib/python3.12/site-packages/airflow/example_dags/plugins/event_listener.py
[2024-09-29T09:07:36.296-0500] {processor.py:927} WARNING - No viable dags retrieved from /home/d-salamanca/airflow-env/lib/python3.12/site-packages/airflow/example_dags/plugins/event_listener.py
[2024-09-29T09:07:36.310-0500] {processor.py:208} INFO - Processing /home/d-salamanca/airflow-env/lib/python3.12/site-packages/airflow/example_dags/plugins/event_listener.py took 0.030 seconds
[2024-09-29T09:08:12.076-0500] {processor.py:186} INFO - Started process (PID=33152) to work on /home/d-salamanca/airflow-env/lib/python3.12/site-packages/airflow/example_dags/plugins/event_listener.py
[2024-09-29T09:08:12.077-0500] {processor.py:914} INFO - Processing file /home/d-salamanca/airflow-env/lib/python3.12/site-packages/airflow/example_dags/plugins/event_listener.py for tasks to queue
[2024-09-29T09:08:12.080-0500] {logging_mixin.py:190} INFO - [2024-09-29T09:08:12.079-0500] {dagbag.py:588} INFO - Filling up the DagBag from /home/d-salamanca/airflow-env/lib/python3.12/site-packages/airflow/example_dags/plugins/event_listener.py
[2024-09-29T09:08:12.083-0500] {processor.py:927} WARNING - No viable dags retrieved from /home/d-salamanca/airflow-env/lib/python3.12/site-packages/airflow/example_dags/plugins/event_listener.py
[2024-09-29T09:08:12.100-0500] {processor.py:208} INFO - Processing /home/d-salamanca/airflow-env/lib/python3.12/site-packages/airflow/example_dags/plugins/event_listener.py took 0.031 seconds
