[2024-09-28T23:58:06.233-0500] {processor.py:186} INFO - Started process (PID=25588) to work on /home/d-salamanca/airflow-env/lib/python3.12/site-packages/airflow/example_dags/plugins/listener_plugin.py
[2024-09-28T23:58:06.234-0500] {processor.py:914} INFO - Processing file /home/d-salamanca/airflow-env/lib/python3.12/site-packages/airflow/example_dags/plugins/listener_plugin.py for tasks to queue
[2024-09-28T23:58:06.237-0500] {logging_mixin.py:190} INFO - [2024-09-28T23:58:06.236-0500] {dagbag.py:588} INFO - Filling up the DagBag from /home/d-salamanca/airflow-env/lib/python3.12/site-packages/airflow/example_dags/plugins/listener_plugin.py
[2024-09-28T23:58:06.240-0500] {processor.py:927} WARNING - No viable dags retrieved from /home/d-salamanca/airflow-env/lib/python3.12/site-packages/airflow/example_dags/plugins/listener_plugin.py
[2024-09-28T23:58:06.252-0500] {processor.py:208} INFO - Processing /home/d-salamanca/airflow-env/lib/python3.12/site-packages/airflow/example_dags/plugins/listener_plugin.py took 0.027 seconds
[2024-09-29T00:18:35.636-0500] {processor.py:186} INFO - Started process (PID=28552) to work on /home/d-salamanca/airflow-env/lib/python3.12/site-packages/airflow/example_dags/plugins/listener_plugin.py
[2024-09-29T00:18:35.646-0500] {processor.py:914} INFO - Processing file /home/d-salamanca/airflow-env/lib/python3.12/site-packages/airflow/example_dags/plugins/listener_plugin.py for tasks to queue
[2024-09-29T00:18:35.651-0500] {logging_mixin.py:190} INFO - [2024-09-29T00:18:35.650-0500] {dagbag.py:588} INFO - Filling up the DagBag from /home/d-salamanca/airflow-env/lib/python3.12/site-packages/airflow/example_dags/plugins/listener_plugin.py
[2024-09-29T00:18:35.655-0500] {processor.py:927} WARNING - No viable dags retrieved from /home/d-salamanca/airflow-env/lib/python3.12/site-packages/airflow/example_dags/plugins/listener_plugin.py
[2024-09-29T00:18:35.668-0500] {processor.py:208} INFO - Processing /home/d-salamanca/airflow-env/lib/python3.12/site-packages/airflow/example_dags/plugins/listener_plugin.py took 0.039 seconds
[2024-09-29T00:20:09.320-0500] {processor.py:186} INFO - Started process (PID=28659) to work on /home/d-salamanca/airflow-env/lib/python3.12/site-packages/airflow/example_dags/plugins/listener_plugin.py
[2024-09-29T00:20:09.334-0500] {processor.py:914} INFO - Processing file /home/d-salamanca/airflow-env/lib/python3.12/site-packages/airflow/example_dags/plugins/listener_plugin.py for tasks to queue
[2024-09-29T00:20:09.337-0500] {logging_mixin.py:190} INFO - [2024-09-29T00:20:09.336-0500] {dagbag.py:588} INFO - Filling up the DagBag from /home/d-salamanca/airflow-env/lib/python3.12/site-packages/airflow/example_dags/plugins/listener_plugin.py
[2024-09-29T00:20:09.368-0500] {processor.py:927} WARNING - No viable dags retrieved from /home/d-salamanca/airflow-env/lib/python3.12/site-packages/airflow/example_dags/plugins/listener_plugin.py
[2024-09-29T00:20:09.385-0500] {processor.py:208} INFO - Processing /home/d-salamanca/airflow-env/lib/python3.12/site-packages/airflow/example_dags/plugins/listener_plugin.py took 0.075 seconds
[2024-09-29T00:21:00.008-0500] {processor.py:186} INFO - Started process (PID=28715) to work on /home/d-salamanca/airflow-env/lib/python3.12/site-packages/airflow/example_dags/plugins/listener_plugin.py
[2024-09-29T00:21:00.010-0500] {processor.py:914} INFO - Processing file /home/d-salamanca/airflow-env/lib/python3.12/site-packages/airflow/example_dags/plugins/listener_plugin.py for tasks to queue
[2024-09-29T00:21:00.012-0500] {logging_mixin.py:190} INFO - [2024-09-29T00:21:00.012-0500] {dagbag.py:588} INFO - Filling up the DagBag from /home/d-salamanca/airflow-env/lib/python3.12/site-packages/airflow/example_dags/plugins/listener_plugin.py
[2024-09-29T00:21:00.015-0500] {processor.py:927} WARNING - No viable dags retrieved from /home/d-salamanca/airflow-env/lib/python3.12/site-packages/airflow/example_dags/plugins/listener_plugin.py
[2024-09-29T00:21:00.029-0500] {processor.py:208} INFO - Processing /home/d-salamanca/airflow-env/lib/python3.12/site-packages/airflow/example_dags/plugins/listener_plugin.py took 0.028 seconds
[2024-09-29T00:21:50.769-0500] {processor.py:186} INFO - Started process (PID=28748) to work on /home/d-salamanca/airflow-env/lib/python3.12/site-packages/airflow/example_dags/plugins/listener_plugin.py
[2024-09-29T00:21:50.770-0500] {processor.py:914} INFO - Processing file /home/d-salamanca/airflow-env/lib/python3.12/site-packages/airflow/example_dags/plugins/listener_plugin.py for tasks to queue
[2024-09-29T00:21:50.772-0500] {logging_mixin.py:190} INFO - [2024-09-29T00:21:50.772-0500] {dagbag.py:588} INFO - Filling up the DagBag from /home/d-salamanca/airflow-env/lib/python3.12/site-packages/airflow/example_dags/plugins/listener_plugin.py
[2024-09-29T00:21:50.775-0500] {processor.py:927} WARNING - No viable dags retrieved from /home/d-salamanca/airflow-env/lib/python3.12/site-packages/airflow/example_dags/plugins/listener_plugin.py
[2024-09-29T00:21:50.788-0500] {processor.py:208} INFO - Processing /home/d-salamanca/airflow-env/lib/python3.12/site-packages/airflow/example_dags/plugins/listener_plugin.py took 0.028 seconds
[2024-09-29T00:22:42.445-0500] {processor.py:186} INFO - Started process (PID=28789) to work on /home/d-salamanca/airflow-env/lib/python3.12/site-packages/airflow/example_dags/plugins/listener_plugin.py
[2024-09-29T00:22:42.447-0500] {processor.py:914} INFO - Processing file /home/d-salamanca/airflow-env/lib/python3.12/site-packages/airflow/example_dags/plugins/listener_plugin.py for tasks to queue
[2024-09-29T00:22:42.449-0500] {logging_mixin.py:190} INFO - [2024-09-29T00:22:42.449-0500] {dagbag.py:588} INFO - Filling up the DagBag from /home/d-salamanca/airflow-env/lib/python3.12/site-packages/airflow/example_dags/plugins/listener_plugin.py
[2024-09-29T00:22:42.452-0500] {processor.py:927} WARNING - No viable dags retrieved from /home/d-salamanca/airflow-env/lib/python3.12/site-packages/airflow/example_dags/plugins/listener_plugin.py
[2024-09-29T00:22:42.465-0500] {processor.py:208} INFO - Processing /home/d-salamanca/airflow-env/lib/python3.12/site-packages/airflow/example_dags/plugins/listener_plugin.py took 0.026 seconds
[2024-09-29T00:23:26.349-0500] {processor.py:186} INFO - Started process (PID=28824) to work on /home/d-salamanca/airflow-env/lib/python3.12/site-packages/airflow/example_dags/plugins/listener_plugin.py
[2024-09-29T00:23:26.350-0500] {processor.py:914} INFO - Processing file /home/d-salamanca/airflow-env/lib/python3.12/site-packages/airflow/example_dags/plugins/listener_plugin.py for tasks to queue
[2024-09-29T00:23:26.353-0500] {logging_mixin.py:190} INFO - [2024-09-29T00:23:26.352-0500] {dagbag.py:588} INFO - Filling up the DagBag from /home/d-salamanca/airflow-env/lib/python3.12/site-packages/airflow/example_dags/plugins/listener_plugin.py
[2024-09-29T00:23:26.355-0500] {processor.py:927} WARNING - No viable dags retrieved from /home/d-salamanca/airflow-env/lib/python3.12/site-packages/airflow/example_dags/plugins/listener_plugin.py
[2024-09-29T00:23:26.369-0500] {processor.py:208} INFO - Processing /home/d-salamanca/airflow-env/lib/python3.12/site-packages/airflow/example_dags/plugins/listener_plugin.py took 0.030 seconds
[2024-09-29T00:24:10.647-0500] {processor.py:186} INFO - Started process (PID=28861) to work on /home/d-salamanca/airflow-env/lib/python3.12/site-packages/airflow/example_dags/plugins/listener_plugin.py
[2024-09-29T00:24:10.649-0500] {processor.py:914} INFO - Processing file /home/d-salamanca/airflow-env/lib/python3.12/site-packages/airflow/example_dags/plugins/listener_plugin.py for tasks to queue
[2024-09-29T00:24:10.653-0500] {logging_mixin.py:190} INFO - [2024-09-29T00:24:10.652-0500] {dagbag.py:588} INFO - Filling up the DagBag from /home/d-salamanca/airflow-env/lib/python3.12/site-packages/airflow/example_dags/plugins/listener_plugin.py
[2024-09-29T00:24:10.656-0500] {processor.py:927} WARNING - No viable dags retrieved from /home/d-salamanca/airflow-env/lib/python3.12/site-packages/airflow/example_dags/plugins/listener_plugin.py
[2024-09-29T00:24:10.673-0500] {processor.py:208} INFO - Processing /home/d-salamanca/airflow-env/lib/python3.12/site-packages/airflow/example_dags/plugins/listener_plugin.py took 0.036 seconds
[2024-09-29T00:24:50.669-0500] {processor.py:186} INFO - Started process (PID=28897) to work on /home/d-salamanca/airflow-env/lib/python3.12/site-packages/airflow/example_dags/plugins/listener_plugin.py
[2024-09-29T00:24:50.670-0500] {processor.py:914} INFO - Processing file /home/d-salamanca/airflow-env/lib/python3.12/site-packages/airflow/example_dags/plugins/listener_plugin.py for tasks to queue
[2024-09-29T00:24:50.674-0500] {logging_mixin.py:190} INFO - [2024-09-29T00:24:50.673-0500] {dagbag.py:588} INFO - Filling up the DagBag from /home/d-salamanca/airflow-env/lib/python3.12/site-packages/airflow/example_dags/plugins/listener_plugin.py
[2024-09-29T00:24:50.677-0500] {processor.py:927} WARNING - No viable dags retrieved from /home/d-salamanca/airflow-env/lib/python3.12/site-packages/airflow/example_dags/plugins/listener_plugin.py
[2024-09-29T00:24:50.692-0500] {processor.py:208} INFO - Processing /home/d-salamanca/airflow-env/lib/python3.12/site-packages/airflow/example_dags/plugins/listener_plugin.py took 0.031 seconds
[2024-09-29T00:25:32.685-0500] {processor.py:186} INFO - Started process (PID=28933) to work on /home/d-salamanca/airflow-env/lib/python3.12/site-packages/airflow/example_dags/plugins/listener_plugin.py
[2024-09-29T00:25:32.687-0500] {processor.py:914} INFO - Processing file /home/d-salamanca/airflow-env/lib/python3.12/site-packages/airflow/example_dags/plugins/listener_plugin.py for tasks to queue
[2024-09-29T00:25:32.689-0500] {logging_mixin.py:190} INFO - [2024-09-29T00:25:32.688-0500] {dagbag.py:588} INFO - Filling up the DagBag from /home/d-salamanca/airflow-env/lib/python3.12/site-packages/airflow/example_dags/plugins/listener_plugin.py
[2024-09-29T00:25:32.691-0500] {processor.py:927} WARNING - No viable dags retrieved from /home/d-salamanca/airflow-env/lib/python3.12/site-packages/airflow/example_dags/plugins/listener_plugin.py
[2024-09-29T00:25:32.704-0500] {processor.py:208} INFO - Processing /home/d-salamanca/airflow-env/lib/python3.12/site-packages/airflow/example_dags/plugins/listener_plugin.py took 0.026 seconds
[2024-09-29T00:26:25.399-0500] {processor.py:186} INFO - Started process (PID=28981) to work on /home/d-salamanca/airflow-env/lib/python3.12/site-packages/airflow/example_dags/plugins/listener_plugin.py
[2024-09-29T00:26:25.400-0500] {processor.py:914} INFO - Processing file /home/d-salamanca/airflow-env/lib/python3.12/site-packages/airflow/example_dags/plugins/listener_plugin.py for tasks to queue
[2024-09-29T00:26:25.403-0500] {logging_mixin.py:190} INFO - [2024-09-29T00:26:25.403-0500] {dagbag.py:588} INFO - Filling up the DagBag from /home/d-salamanca/airflow-env/lib/python3.12/site-packages/airflow/example_dags/plugins/listener_plugin.py
[2024-09-29T00:26:25.406-0500] {processor.py:927} WARNING - No viable dags retrieved from /home/d-salamanca/airflow-env/lib/python3.12/site-packages/airflow/example_dags/plugins/listener_plugin.py
[2024-09-29T00:26:25.419-0500] {processor.py:208} INFO - Processing /home/d-salamanca/airflow-env/lib/python3.12/site-packages/airflow/example_dags/plugins/listener_plugin.py took 0.028 seconds
[2024-09-29T00:27:10.255-0500] {processor.py:186} INFO - Started process (PID=29054) to work on /home/d-salamanca/airflow-env/lib/python3.12/site-packages/airflow/example_dags/plugins/listener_plugin.py
[2024-09-29T00:27:10.256-0500] {processor.py:914} INFO - Processing file /home/d-salamanca/airflow-env/lib/python3.12/site-packages/airflow/example_dags/plugins/listener_plugin.py for tasks to queue
[2024-09-29T00:27:10.260-0500] {logging_mixin.py:190} INFO - [2024-09-29T00:27:10.259-0500] {dagbag.py:588} INFO - Filling up the DagBag from /home/d-salamanca/airflow-env/lib/python3.12/site-packages/airflow/example_dags/plugins/listener_plugin.py
[2024-09-29T00:27:10.262-0500] {processor.py:927} WARNING - No viable dags retrieved from /home/d-salamanca/airflow-env/lib/python3.12/site-packages/airflow/example_dags/plugins/listener_plugin.py
[2024-09-29T00:27:10.276-0500] {processor.py:208} INFO - Processing /home/d-salamanca/airflow-env/lib/python3.12/site-packages/airflow/example_dags/plugins/listener_plugin.py took 0.030 seconds
[2024-09-29T00:28:00.101-0500] {processor.py:186} INFO - Started process (PID=29130) to work on /home/d-salamanca/airflow-env/lib/python3.12/site-packages/airflow/example_dags/plugins/listener_plugin.py
[2024-09-29T00:28:00.264-0500] {processor.py:914} INFO - Processing file /home/d-salamanca/airflow-env/lib/python3.12/site-packages/airflow/example_dags/plugins/listener_plugin.py for tasks to queue
[2024-09-29T00:28:00.268-0500] {logging_mixin.py:190} INFO - [2024-09-29T00:28:00.267-0500] {dagbag.py:588} INFO - Filling up the DagBag from /home/d-salamanca/airflow-env/lib/python3.12/site-packages/airflow/example_dags/plugins/listener_plugin.py
[2024-09-29T00:28:00.325-0500] {processor.py:927} WARNING - No viable dags retrieved from /home/d-salamanca/airflow-env/lib/python3.12/site-packages/airflow/example_dags/plugins/listener_plugin.py
[2024-09-29T00:28:00.346-0500] {processor.py:208} INFO - Processing /home/d-salamanca/airflow-env/lib/python3.12/site-packages/airflow/example_dags/plugins/listener_plugin.py took 0.675 seconds
[2024-09-29T00:28:50.734-0500] {processor.py:186} INFO - Started process (PID=29184) to work on /home/d-salamanca/airflow-env/lib/python3.12/site-packages/airflow/example_dags/plugins/listener_plugin.py
[2024-09-29T00:28:50.735-0500] {processor.py:914} INFO - Processing file /home/d-salamanca/airflow-env/lib/python3.12/site-packages/airflow/example_dags/plugins/listener_plugin.py for tasks to queue
[2024-09-29T00:28:50.738-0500] {logging_mixin.py:190} INFO - [2024-09-29T00:28:50.737-0500] {dagbag.py:588} INFO - Filling up the DagBag from /home/d-salamanca/airflow-env/lib/python3.12/site-packages/airflow/example_dags/plugins/listener_plugin.py
[2024-09-29T00:28:50.740-0500] {processor.py:927} WARNING - No viable dags retrieved from /home/d-salamanca/airflow-env/lib/python3.12/site-packages/airflow/example_dags/plugins/listener_plugin.py
[2024-09-29T00:28:50.753-0500] {processor.py:208} INFO - Processing /home/d-salamanca/airflow-env/lib/python3.12/site-packages/airflow/example_dags/plugins/listener_plugin.py took 0.027 seconds
[2024-09-29T00:30:19.955-0500] {processor.py:186} INFO - Started process (PID=29265) to work on /home/d-salamanca/airflow-env/lib/python3.12/site-packages/airflow/example_dags/plugins/listener_plugin.py
[2024-09-29T00:30:19.990-0500] {processor.py:914} INFO - Processing file /home/d-salamanca/airflow-env/lib/python3.12/site-packages/airflow/example_dags/plugins/listener_plugin.py for tasks to queue
[2024-09-29T00:30:19.995-0500] {logging_mixin.py:190} INFO - [2024-09-29T00:30:19.994-0500] {dagbag.py:588} INFO - Filling up the DagBag from /home/d-salamanca/airflow-env/lib/python3.12/site-packages/airflow/example_dags/plugins/listener_plugin.py
[2024-09-29T00:30:20.028-0500] {processor.py:927} WARNING - No viable dags retrieved from /home/d-salamanca/airflow-env/lib/python3.12/site-packages/airflow/example_dags/plugins/listener_plugin.py
[2024-09-29T00:30:20.065-0500] {processor.py:208} INFO - Processing /home/d-salamanca/airflow-env/lib/python3.12/site-packages/airflow/example_dags/plugins/listener_plugin.py took 0.256 seconds
[2024-09-29T00:31:29.484-0500] {processor.py:186} INFO - Started process (PID=29316) to work on /home/d-salamanca/airflow-env/lib/python3.12/site-packages/airflow/example_dags/plugins/listener_plugin.py
[2024-09-29T00:31:29.486-0500] {processor.py:914} INFO - Processing file /home/d-salamanca/airflow-env/lib/python3.12/site-packages/airflow/example_dags/plugins/listener_plugin.py for tasks to queue
[2024-09-29T00:31:29.488-0500] {logging_mixin.py:190} INFO - [2024-09-29T00:31:29.488-0500] {dagbag.py:588} INFO - Filling up the DagBag from /home/d-salamanca/airflow-env/lib/python3.12/site-packages/airflow/example_dags/plugins/listener_plugin.py
[2024-09-29T00:31:29.492-0500] {processor.py:927} WARNING - No viable dags retrieved from /home/d-salamanca/airflow-env/lib/python3.12/site-packages/airflow/example_dags/plugins/listener_plugin.py
[2024-09-29T00:31:29.505-0500] {processor.py:208} INFO - Processing /home/d-salamanca/airflow-env/lib/python3.12/site-packages/airflow/example_dags/plugins/listener_plugin.py took 0.028 seconds
[2024-09-29T00:32:17.467-0500] {processor.py:186} INFO - Started process (PID=29355) to work on /home/d-salamanca/airflow-env/lib/python3.12/site-packages/airflow/example_dags/plugins/listener_plugin.py
[2024-09-29T00:32:17.483-0500] {processor.py:914} INFO - Processing file /home/d-salamanca/airflow-env/lib/python3.12/site-packages/airflow/example_dags/plugins/listener_plugin.py for tasks to queue
[2024-09-29T00:32:17.489-0500] {logging_mixin.py:190} INFO - [2024-09-29T00:32:17.488-0500] {dagbag.py:588} INFO - Filling up the DagBag from /home/d-salamanca/airflow-env/lib/python3.12/site-packages/airflow/example_dags/plugins/listener_plugin.py
[2024-09-29T00:32:17.492-0500] {processor.py:927} WARNING - No viable dags retrieved from /home/d-salamanca/airflow-env/lib/python3.12/site-packages/airflow/example_dags/plugins/listener_plugin.py
[2024-09-29T00:32:17.506-0500] {processor.py:208} INFO - Processing /home/d-salamanca/airflow-env/lib/python3.12/site-packages/airflow/example_dags/plugins/listener_plugin.py took 0.047 seconds
[2024-09-29T00:32:57.752-0500] {processor.py:186} INFO - Started process (PID=29392) to work on /home/d-salamanca/airflow-env/lib/python3.12/site-packages/airflow/example_dags/plugins/listener_plugin.py
[2024-09-29T00:32:57.754-0500] {processor.py:914} INFO - Processing file /home/d-salamanca/airflow-env/lib/python3.12/site-packages/airflow/example_dags/plugins/listener_plugin.py for tasks to queue
[2024-09-29T00:32:57.756-0500] {logging_mixin.py:190} INFO - [2024-09-29T00:32:57.756-0500] {dagbag.py:588} INFO - Filling up the DagBag from /home/d-salamanca/airflow-env/lib/python3.12/site-packages/airflow/example_dags/plugins/listener_plugin.py
[2024-09-29T00:32:57.759-0500] {processor.py:927} WARNING - No viable dags retrieved from /home/d-salamanca/airflow-env/lib/python3.12/site-packages/airflow/example_dags/plugins/listener_plugin.py
[2024-09-29T00:32:57.773-0500] {processor.py:208} INFO - Processing /home/d-salamanca/airflow-env/lib/python3.12/site-packages/airflow/example_dags/plugins/listener_plugin.py took 0.028 seconds
[2024-09-29T00:33:39.568-0500] {processor.py:186} INFO - Started process (PID=29435) to work on /home/d-salamanca/airflow-env/lib/python3.12/site-packages/airflow/example_dags/plugins/listener_plugin.py
[2024-09-29T00:33:39.572-0500] {processor.py:914} INFO - Processing file /home/d-salamanca/airflow-env/lib/python3.12/site-packages/airflow/example_dags/plugins/listener_plugin.py for tasks to queue
[2024-09-29T00:33:39.576-0500] {logging_mixin.py:190} INFO - [2024-09-29T00:33:39.575-0500] {dagbag.py:588} INFO - Filling up the DagBag from /home/d-salamanca/airflow-env/lib/python3.12/site-packages/airflow/example_dags/plugins/listener_plugin.py
[2024-09-29T00:33:39.579-0500] {processor.py:927} WARNING - No viable dags retrieved from /home/d-salamanca/airflow-env/lib/python3.12/site-packages/airflow/example_dags/plugins/listener_plugin.py
[2024-09-29T00:33:39.593-0500] {processor.py:208} INFO - Processing /home/d-salamanca/airflow-env/lib/python3.12/site-packages/airflow/example_dags/plugins/listener_plugin.py took 0.034 seconds
[2024-09-29T00:34:26.482-0500] {processor.py:186} INFO - Started process (PID=29499) to work on /home/d-salamanca/airflow-env/lib/python3.12/site-packages/airflow/example_dags/plugins/listener_plugin.py
[2024-09-29T00:34:26.501-0500] {processor.py:914} INFO - Processing file /home/d-salamanca/airflow-env/lib/python3.12/site-packages/airflow/example_dags/plugins/listener_plugin.py for tasks to queue
[2024-09-29T00:34:26.504-0500] {logging_mixin.py:190} INFO - [2024-09-29T00:34:26.504-0500] {dagbag.py:588} INFO - Filling up the DagBag from /home/d-salamanca/airflow-env/lib/python3.12/site-packages/airflow/example_dags/plugins/listener_plugin.py
[2024-09-29T00:34:26.518-0500] {processor.py:927} WARNING - No viable dags retrieved from /home/d-salamanca/airflow-env/lib/python3.12/site-packages/airflow/example_dags/plugins/listener_plugin.py
[2024-09-29T00:34:26.533-0500] {processor.py:208} INFO - Processing /home/d-salamanca/airflow-env/lib/python3.12/site-packages/airflow/example_dags/plugins/listener_plugin.py took 0.060 seconds
[2024-09-29T08:19:57.530-0500] {processor.py:186} INFO - Started process (PID=29738) to work on /home/d-salamanca/airflow-env/lib/python3.12/site-packages/airflow/example_dags/plugins/listener_plugin.py
[2024-09-29T08:19:57.557-0500] {processor.py:914} INFO - Processing file /home/d-salamanca/airflow-env/lib/python3.12/site-packages/airflow/example_dags/plugins/listener_plugin.py for tasks to queue
[2024-09-29T08:19:57.562-0500] {logging_mixin.py:190} INFO - [2024-09-29T08:19:57.561-0500] {dagbag.py:588} INFO - Filling up the DagBag from /home/d-salamanca/airflow-env/lib/python3.12/site-packages/airflow/example_dags/plugins/listener_plugin.py
[2024-09-29T08:19:57.590-0500] {processor.py:927} WARNING - No viable dags retrieved from /home/d-salamanca/airflow-env/lib/python3.12/site-packages/airflow/example_dags/plugins/listener_plugin.py
[2024-09-29T08:19:57.606-0500] {processor.py:208} INFO - Processing /home/d-salamanca/airflow-env/lib/python3.12/site-packages/airflow/example_dags/plugins/listener_plugin.py took 0.084 seconds
[2024-09-29T08:20:59.137-0500] {processor.py:186} INFO - Started process (PID=29816) to work on /home/d-salamanca/airflow-env/lib/python3.12/site-packages/airflow/example_dags/plugins/listener_plugin.py
[2024-09-29T08:20:59.304-0500] {processor.py:914} INFO - Processing file /home/d-salamanca/airflow-env/lib/python3.12/site-packages/airflow/example_dags/plugins/listener_plugin.py for tasks to queue
[2024-09-29T08:20:59.310-0500] {logging_mixin.py:190} INFO - [2024-09-29T08:20:59.309-0500] {dagbag.py:588} INFO - Filling up the DagBag from /home/d-salamanca/airflow-env/lib/python3.12/site-packages/airflow/example_dags/plugins/listener_plugin.py
[2024-09-29T08:20:59.355-0500] {processor.py:927} WARNING - No viable dags retrieved from /home/d-salamanca/airflow-env/lib/python3.12/site-packages/airflow/example_dags/plugins/listener_plugin.py
[2024-09-29T08:20:59.374-0500] {processor.py:208} INFO - Processing /home/d-salamanca/airflow-env/lib/python3.12/site-packages/airflow/example_dags/plugins/listener_plugin.py took 0.245 seconds
[2024-09-29T08:22:03.635-0500] {processor.py:186} INFO - Started process (PID=29864) to work on /home/d-salamanca/airflow-env/lib/python3.12/site-packages/airflow/example_dags/plugins/listener_plugin.py
[2024-09-29T08:22:03.985-0500] {processor.py:914} INFO - Processing file /home/d-salamanca/airflow-env/lib/python3.12/site-packages/airflow/example_dags/plugins/listener_plugin.py for tasks to queue
[2024-09-29T08:22:03.991-0500] {logging_mixin.py:190} INFO - [2024-09-29T08:22:03.990-0500] {dagbag.py:588} INFO - Filling up the DagBag from /home/d-salamanca/airflow-env/lib/python3.12/site-packages/airflow/example_dags/plugins/listener_plugin.py
[2024-09-29T08:22:04.068-0500] {processor.py:927} WARNING - No viable dags retrieved from /home/d-salamanca/airflow-env/lib/python3.12/site-packages/airflow/example_dags/plugins/listener_plugin.py
[2024-09-29T08:22:04.086-0500] {processor.py:208} INFO - Processing /home/d-salamanca/airflow-env/lib/python3.12/site-packages/airflow/example_dags/plugins/listener_plugin.py took 0.460 seconds
[2024-09-29T08:23:00.080-0500] {processor.py:186} INFO - Started process (PID=29904) to work on /home/d-salamanca/airflow-env/lib/python3.12/site-packages/airflow/example_dags/plugins/listener_plugin.py
[2024-09-29T08:23:00.081-0500] {processor.py:914} INFO - Processing file /home/d-salamanca/airflow-env/lib/python3.12/site-packages/airflow/example_dags/plugins/listener_plugin.py for tasks to queue
[2024-09-29T08:23:00.084-0500] {logging_mixin.py:190} INFO - [2024-09-29T08:23:00.083-0500] {dagbag.py:588} INFO - Filling up the DagBag from /home/d-salamanca/airflow-env/lib/python3.12/site-packages/airflow/example_dags/plugins/listener_plugin.py
[2024-09-29T08:23:00.086-0500] {processor.py:927} WARNING - No viable dags retrieved from /home/d-salamanca/airflow-env/lib/python3.12/site-packages/airflow/example_dags/plugins/listener_plugin.py
[2024-09-29T08:23:00.099-0500] {processor.py:208} INFO - Processing /home/d-salamanca/airflow-env/lib/python3.12/site-packages/airflow/example_dags/plugins/listener_plugin.py took 0.026 seconds
[2024-09-29T08:23:48.457-0500] {processor.py:186} INFO - Started process (PID=29943) to work on /home/d-salamanca/airflow-env/lib/python3.12/site-packages/airflow/example_dags/plugins/listener_plugin.py
[2024-09-29T08:23:48.485-0500] {processor.py:914} INFO - Processing file /home/d-salamanca/airflow-env/lib/python3.12/site-packages/airflow/example_dags/plugins/listener_plugin.py for tasks to queue
[2024-09-29T08:23:48.491-0500] {logging_mixin.py:190} INFO - [2024-09-29T08:23:48.490-0500] {dagbag.py:588} INFO - Filling up the DagBag from /home/d-salamanca/airflow-env/lib/python3.12/site-packages/airflow/example_dags/plugins/listener_plugin.py
[2024-09-29T08:23:48.495-0500] {processor.py:927} WARNING - No viable dags retrieved from /home/d-salamanca/airflow-env/lib/python3.12/site-packages/airflow/example_dags/plugins/listener_plugin.py
[2024-09-29T08:23:48.508-0500] {processor.py:208} INFO - Processing /home/d-salamanca/airflow-env/lib/python3.12/site-packages/airflow/example_dags/plugins/listener_plugin.py took 0.059 seconds
[2024-09-29T08:24:30.637-0500] {processor.py:186} INFO - Started process (PID=29980) to work on /home/d-salamanca/airflow-env/lib/python3.12/site-packages/airflow/example_dags/plugins/listener_plugin.py
[2024-09-29T08:24:30.638-0500] {processor.py:914} INFO - Processing file /home/d-salamanca/airflow-env/lib/python3.12/site-packages/airflow/example_dags/plugins/listener_plugin.py for tasks to queue
[2024-09-29T08:24:30.641-0500] {logging_mixin.py:190} INFO - [2024-09-29T08:24:30.641-0500] {dagbag.py:588} INFO - Filling up the DagBag from /home/d-salamanca/airflow-env/lib/python3.12/site-packages/airflow/example_dags/plugins/listener_plugin.py
[2024-09-29T08:24:30.644-0500] {processor.py:927} WARNING - No viable dags retrieved from /home/d-salamanca/airflow-env/lib/python3.12/site-packages/airflow/example_dags/plugins/listener_plugin.py
[2024-09-29T08:24:30.661-0500] {processor.py:208} INFO - Processing /home/d-salamanca/airflow-env/lib/python3.12/site-packages/airflow/example_dags/plugins/listener_plugin.py took 0.032 seconds
[2024-09-29T08:25:11.378-0500] {processor.py:186} INFO - Started process (PID=30048) to work on /home/d-salamanca/airflow-env/lib/python3.12/site-packages/airflow/example_dags/plugins/listener_plugin.py
[2024-09-29T08:25:11.416-0500] {processor.py:914} INFO - Processing file /home/d-salamanca/airflow-env/lib/python3.12/site-packages/airflow/example_dags/plugins/listener_plugin.py for tasks to queue
[2024-09-29T08:25:11.422-0500] {logging_mixin.py:190} INFO - [2024-09-29T08:25:11.421-0500] {dagbag.py:588} INFO - Filling up the DagBag from /home/d-salamanca/airflow-env/lib/python3.12/site-packages/airflow/example_dags/plugins/listener_plugin.py
[2024-09-29T08:25:11.429-0500] {processor.py:927} WARNING - No viable dags retrieved from /home/d-salamanca/airflow-env/lib/python3.12/site-packages/airflow/example_dags/plugins/listener_plugin.py
[2024-09-29T08:25:11.443-0500] {processor.py:208} INFO - Processing /home/d-salamanca/airflow-env/lib/python3.12/site-packages/airflow/example_dags/plugins/listener_plugin.py took 0.073 seconds
[2024-09-29T08:25:56.304-0500] {processor.py:186} INFO - Started process (PID=30083) to work on /home/d-salamanca/airflow-env/lib/python3.12/site-packages/airflow/example_dags/plugins/listener_plugin.py
[2024-09-29T08:25:56.344-0500] {processor.py:914} INFO - Processing file /home/d-salamanca/airflow-env/lib/python3.12/site-packages/airflow/example_dags/plugins/listener_plugin.py for tasks to queue
[2024-09-29T08:25:56.350-0500] {logging_mixin.py:190} INFO - [2024-09-29T08:25:56.349-0500] {dagbag.py:588} INFO - Filling up the DagBag from /home/d-salamanca/airflow-env/lib/python3.12/site-packages/airflow/example_dags/plugins/listener_plugin.py
[2024-09-29T08:25:56.377-0500] {processor.py:927} WARNING - No viable dags retrieved from /home/d-salamanca/airflow-env/lib/python3.12/site-packages/airflow/example_dags/plugins/listener_plugin.py
[2024-09-29T08:25:56.397-0500] {processor.py:208} INFO - Processing /home/d-salamanca/airflow-env/lib/python3.12/site-packages/airflow/example_dags/plugins/listener_plugin.py took 0.101 seconds
[2024-09-29T08:26:37.453-0500] {processor.py:186} INFO - Started process (PID=30118) to work on /home/d-salamanca/airflow-env/lib/python3.12/site-packages/airflow/example_dags/plugins/listener_plugin.py
[2024-09-29T08:26:37.455-0500] {processor.py:914} INFO - Processing file /home/d-salamanca/airflow-env/lib/python3.12/site-packages/airflow/example_dags/plugins/listener_plugin.py for tasks to queue
[2024-09-29T08:26:37.459-0500] {logging_mixin.py:190} INFO - [2024-09-29T08:26:37.458-0500] {dagbag.py:588} INFO - Filling up the DagBag from /home/d-salamanca/airflow-env/lib/python3.12/site-packages/airflow/example_dags/plugins/listener_plugin.py
[2024-09-29T08:26:37.463-0500] {processor.py:927} WARNING - No viable dags retrieved from /home/d-salamanca/airflow-env/lib/python3.12/site-packages/airflow/example_dags/plugins/listener_plugin.py
[2024-09-29T08:26:37.476-0500] {processor.py:208} INFO - Processing /home/d-salamanca/airflow-env/lib/python3.12/site-packages/airflow/example_dags/plugins/listener_plugin.py took 0.030 seconds
[2024-09-29T08:27:19.060-0500] {processor.py:186} INFO - Started process (PID=30152) to work on /home/d-salamanca/airflow-env/lib/python3.12/site-packages/airflow/example_dags/plugins/listener_plugin.py
[2024-09-29T08:27:19.062-0500] {processor.py:914} INFO - Processing file /home/d-salamanca/airflow-env/lib/python3.12/site-packages/airflow/example_dags/plugins/listener_plugin.py for tasks to queue
[2024-09-29T08:27:19.064-0500] {logging_mixin.py:190} INFO - [2024-09-29T08:27:19.064-0500] {dagbag.py:588} INFO - Filling up the DagBag from /home/d-salamanca/airflow-env/lib/python3.12/site-packages/airflow/example_dags/plugins/listener_plugin.py
[2024-09-29T08:27:19.067-0500] {processor.py:927} WARNING - No viable dags retrieved from /home/d-salamanca/airflow-env/lib/python3.12/site-packages/airflow/example_dags/plugins/listener_plugin.py
[2024-09-29T08:27:19.080-0500] {processor.py:208} INFO - Processing /home/d-salamanca/airflow-env/lib/python3.12/site-packages/airflow/example_dags/plugins/listener_plugin.py took 0.028 seconds
[2024-09-29T08:27:55.228-0500] {processor.py:186} INFO - Started process (PID=30185) to work on /home/d-salamanca/airflow-env/lib/python3.12/site-packages/airflow/example_dags/plugins/listener_plugin.py
[2024-09-29T08:27:55.230-0500] {processor.py:914} INFO - Processing file /home/d-salamanca/airflow-env/lib/python3.12/site-packages/airflow/example_dags/plugins/listener_plugin.py for tasks to queue
[2024-09-29T08:27:55.232-0500] {logging_mixin.py:190} INFO - [2024-09-29T08:27:55.232-0500] {dagbag.py:588} INFO - Filling up the DagBag from /home/d-salamanca/airflow-env/lib/python3.12/site-packages/airflow/example_dags/plugins/listener_plugin.py
[2024-09-29T08:27:55.235-0500] {processor.py:927} WARNING - No viable dags retrieved from /home/d-salamanca/airflow-env/lib/python3.12/site-packages/airflow/example_dags/plugins/listener_plugin.py
[2024-09-29T08:27:55.248-0500] {processor.py:208} INFO - Processing /home/d-salamanca/airflow-env/lib/python3.12/site-packages/airflow/example_dags/plugins/listener_plugin.py took 0.027 seconds
[2024-09-29T08:28:31.916-0500] {processor.py:186} INFO - Started process (PID=30220) to work on /home/d-salamanca/airflow-env/lib/python3.12/site-packages/airflow/example_dags/plugins/listener_plugin.py
[2024-09-29T08:28:31.918-0500] {processor.py:914} INFO - Processing file /home/d-salamanca/airflow-env/lib/python3.12/site-packages/airflow/example_dags/plugins/listener_plugin.py for tasks to queue
[2024-09-29T08:28:31.920-0500] {logging_mixin.py:190} INFO - [2024-09-29T08:28:31.920-0500] {dagbag.py:588} INFO - Filling up the DagBag from /home/d-salamanca/airflow-env/lib/python3.12/site-packages/airflow/example_dags/plugins/listener_plugin.py
[2024-09-29T08:28:31.923-0500] {processor.py:927} WARNING - No viable dags retrieved from /home/d-salamanca/airflow-env/lib/python3.12/site-packages/airflow/example_dags/plugins/listener_plugin.py
[2024-09-29T08:28:31.936-0500] {processor.py:208} INFO - Processing /home/d-salamanca/airflow-env/lib/python3.12/site-packages/airflow/example_dags/plugins/listener_plugin.py took 0.027 seconds
[2024-09-29T08:29:12.721-0500] {processor.py:186} INFO - Started process (PID=30254) to work on /home/d-salamanca/airflow-env/lib/python3.12/site-packages/airflow/example_dags/plugins/listener_plugin.py
[2024-09-29T08:29:12.722-0500] {processor.py:914} INFO - Processing file /home/d-salamanca/airflow-env/lib/python3.12/site-packages/airflow/example_dags/plugins/listener_plugin.py for tasks to queue
[2024-09-29T08:29:12.725-0500] {logging_mixin.py:190} INFO - [2024-09-29T08:29:12.724-0500] {dagbag.py:588} INFO - Filling up the DagBag from /home/d-salamanca/airflow-env/lib/python3.12/site-packages/airflow/example_dags/plugins/listener_plugin.py
[2024-09-29T08:29:12.727-0500] {processor.py:927} WARNING - No viable dags retrieved from /home/d-salamanca/airflow-env/lib/python3.12/site-packages/airflow/example_dags/plugins/listener_plugin.py
[2024-09-29T08:29:12.741-0500] {processor.py:208} INFO - Processing /home/d-salamanca/airflow-env/lib/python3.12/site-packages/airflow/example_dags/plugins/listener_plugin.py took 0.027 seconds
[2024-09-29T08:29:54.553-0500] {processor.py:186} INFO - Started process (PID=30290) to work on /home/d-salamanca/airflow-env/lib/python3.12/site-packages/airflow/example_dags/plugins/listener_plugin.py
[2024-09-29T08:29:54.554-0500] {processor.py:914} INFO - Processing file /home/d-salamanca/airflow-env/lib/python3.12/site-packages/airflow/example_dags/plugins/listener_plugin.py for tasks to queue
[2024-09-29T08:29:54.557-0500] {logging_mixin.py:190} INFO - [2024-09-29T08:29:54.556-0500] {dagbag.py:588} INFO - Filling up the DagBag from /home/d-salamanca/airflow-env/lib/python3.12/site-packages/airflow/example_dags/plugins/listener_plugin.py
[2024-09-29T08:29:54.559-0500] {processor.py:927} WARNING - No viable dags retrieved from /home/d-salamanca/airflow-env/lib/python3.12/site-packages/airflow/example_dags/plugins/listener_plugin.py
[2024-09-29T08:29:54.572-0500] {processor.py:208} INFO - Processing /home/d-salamanca/airflow-env/lib/python3.12/site-packages/airflow/example_dags/plugins/listener_plugin.py took 0.026 seconds
[2024-09-29T08:30:40.814-0500] {processor.py:186} INFO - Started process (PID=30331) to work on /home/d-salamanca/airflow-env/lib/python3.12/site-packages/airflow/example_dags/plugins/listener_plugin.py
[2024-09-29T08:30:40.815-0500] {processor.py:914} INFO - Processing file /home/d-salamanca/airflow-env/lib/python3.12/site-packages/airflow/example_dags/plugins/listener_plugin.py for tasks to queue
[2024-09-29T08:30:40.818-0500] {logging_mixin.py:190} INFO - [2024-09-29T08:30:40.817-0500] {dagbag.py:588} INFO - Filling up the DagBag from /home/d-salamanca/airflow-env/lib/python3.12/site-packages/airflow/example_dags/plugins/listener_plugin.py
[2024-09-29T08:30:40.821-0500] {processor.py:927} WARNING - No viable dags retrieved from /home/d-salamanca/airflow-env/lib/python3.12/site-packages/airflow/example_dags/plugins/listener_plugin.py
[2024-09-29T08:30:40.833-0500] {processor.py:208} INFO - Processing /home/d-salamanca/airflow-env/lib/python3.12/site-packages/airflow/example_dags/plugins/listener_plugin.py took 0.027 seconds
[2024-09-29T08:31:27.512-0500] {processor.py:186} INFO - Started process (PID=30377) to work on /home/d-salamanca/airflow-env/lib/python3.12/site-packages/airflow/example_dags/plugins/listener_plugin.py
[2024-09-29T08:31:27.522-0500] {processor.py:914} INFO - Processing file /home/d-salamanca/airflow-env/lib/python3.12/site-packages/airflow/example_dags/plugins/listener_plugin.py for tasks to queue
[2024-09-29T08:31:27.527-0500] {logging_mixin.py:190} INFO - [2024-09-29T08:31:27.526-0500] {dagbag.py:588} INFO - Filling up the DagBag from /home/d-salamanca/airflow-env/lib/python3.12/site-packages/airflow/example_dags/plugins/listener_plugin.py
[2024-09-29T08:31:27.530-0500] {processor.py:927} WARNING - No viable dags retrieved from /home/d-salamanca/airflow-env/lib/python3.12/site-packages/airflow/example_dags/plugins/listener_plugin.py
[2024-09-29T08:31:27.589-0500] {processor.py:208} INFO - Processing /home/d-salamanca/airflow-env/lib/python3.12/site-packages/airflow/example_dags/plugins/listener_plugin.py took 0.085 seconds
[2024-09-29T08:32:16.526-0500] {processor.py:186} INFO - Started process (PID=30414) to work on /home/d-salamanca/airflow-env/lib/python3.12/site-packages/airflow/example_dags/plugins/listener_plugin.py
[2024-09-29T08:32:16.527-0500] {processor.py:914} INFO - Processing file /home/d-salamanca/airflow-env/lib/python3.12/site-packages/airflow/example_dags/plugins/listener_plugin.py for tasks to queue
[2024-09-29T08:32:16.530-0500] {logging_mixin.py:190} INFO - [2024-09-29T08:32:16.529-0500] {dagbag.py:588} INFO - Filling up the DagBag from /home/d-salamanca/airflow-env/lib/python3.12/site-packages/airflow/example_dags/plugins/listener_plugin.py
[2024-09-29T08:32:16.533-0500] {processor.py:927} WARNING - No viable dags retrieved from /home/d-salamanca/airflow-env/lib/python3.12/site-packages/airflow/example_dags/plugins/listener_plugin.py
[2024-09-29T08:32:16.546-0500] {processor.py:208} INFO - Processing /home/d-salamanca/airflow-env/lib/python3.12/site-packages/airflow/example_dags/plugins/listener_plugin.py took 0.027 seconds
[2024-09-29T08:33:05.176-0500] {processor.py:186} INFO - Started process (PID=30453) to work on /home/d-salamanca/airflow-env/lib/python3.12/site-packages/airflow/example_dags/plugins/listener_plugin.py
[2024-09-29T08:33:05.177-0500] {processor.py:914} INFO - Processing file /home/d-salamanca/airflow-env/lib/python3.12/site-packages/airflow/example_dags/plugins/listener_plugin.py for tasks to queue
[2024-09-29T08:33:05.180-0500] {logging_mixin.py:190} INFO - [2024-09-29T08:33:05.180-0500] {dagbag.py:588} INFO - Filling up the DagBag from /home/d-salamanca/airflow-env/lib/python3.12/site-packages/airflow/example_dags/plugins/listener_plugin.py
[2024-09-29T08:33:05.183-0500] {processor.py:927} WARNING - No viable dags retrieved from /home/d-salamanca/airflow-env/lib/python3.12/site-packages/airflow/example_dags/plugins/listener_plugin.py
[2024-09-29T08:33:05.196-0500] {processor.py:208} INFO - Processing /home/d-salamanca/airflow-env/lib/python3.12/site-packages/airflow/example_dags/plugins/listener_plugin.py took 0.027 seconds
[2024-09-29T08:33:46.251-0500] {processor.py:186} INFO - Started process (PID=30491) to work on /home/d-salamanca/airflow-env/lib/python3.12/site-packages/airflow/example_dags/plugins/listener_plugin.py
[2024-09-29T08:33:46.253-0500] {processor.py:914} INFO - Processing file /home/d-salamanca/airflow-env/lib/python3.12/site-packages/airflow/example_dags/plugins/listener_plugin.py for tasks to queue
[2024-09-29T08:33:46.257-0500] {logging_mixin.py:190} INFO - [2024-09-29T08:33:46.256-0500] {dagbag.py:588} INFO - Filling up the DagBag from /home/d-salamanca/airflow-env/lib/python3.12/site-packages/airflow/example_dags/plugins/listener_plugin.py
[2024-09-29T08:33:46.261-0500] {processor.py:927} WARNING - No viable dags retrieved from /home/d-salamanca/airflow-env/lib/python3.12/site-packages/airflow/example_dags/plugins/listener_plugin.py
[2024-09-29T08:33:46.275-0500] {processor.py:208} INFO - Processing /home/d-salamanca/airflow-env/lib/python3.12/site-packages/airflow/example_dags/plugins/listener_plugin.py took 0.031 seconds
[2024-09-29T08:34:25.770-0500] {processor.py:186} INFO - Started process (PID=30521) to work on /home/d-salamanca/airflow-env/lib/python3.12/site-packages/airflow/example_dags/plugins/listener_plugin.py
[2024-09-29T08:34:25.772-0500] {processor.py:914} INFO - Processing file /home/d-salamanca/airflow-env/lib/python3.12/site-packages/airflow/example_dags/plugins/listener_plugin.py for tasks to queue
[2024-09-29T08:34:25.774-0500] {logging_mixin.py:190} INFO - [2024-09-29T08:34:25.774-0500] {dagbag.py:588} INFO - Filling up the DagBag from /home/d-salamanca/airflow-env/lib/python3.12/site-packages/airflow/example_dags/plugins/listener_plugin.py
[2024-09-29T08:34:25.777-0500] {processor.py:927} WARNING - No viable dags retrieved from /home/d-salamanca/airflow-env/lib/python3.12/site-packages/airflow/example_dags/plugins/listener_plugin.py
[2024-09-29T08:34:25.794-0500] {processor.py:208} INFO - Processing /home/d-salamanca/airflow-env/lib/python3.12/site-packages/airflow/example_dags/plugins/listener_plugin.py took 0.032 seconds
[2024-09-29T08:35:13.353-0500] {processor.py:186} INFO - Started process (PID=30579) to work on /home/d-salamanca/airflow-env/lib/python3.12/site-packages/airflow/example_dags/plugins/listener_plugin.py
[2024-09-29T08:35:13.354-0500] {processor.py:914} INFO - Processing file /home/d-salamanca/airflow-env/lib/python3.12/site-packages/airflow/example_dags/plugins/listener_plugin.py for tasks to queue
[2024-09-29T08:35:13.357-0500] {logging_mixin.py:190} INFO - [2024-09-29T08:35:13.356-0500] {dagbag.py:588} INFO - Filling up the DagBag from /home/d-salamanca/airflow-env/lib/python3.12/site-packages/airflow/example_dags/plugins/listener_plugin.py
[2024-09-29T08:35:13.360-0500] {processor.py:927} WARNING - No viable dags retrieved from /home/d-salamanca/airflow-env/lib/python3.12/site-packages/airflow/example_dags/plugins/listener_plugin.py
[2024-09-29T08:35:13.373-0500] {processor.py:208} INFO - Processing /home/d-salamanca/airflow-env/lib/python3.12/site-packages/airflow/example_dags/plugins/listener_plugin.py took 0.027 seconds
[2024-09-29T08:36:31.638-0500] {processor.py:186} INFO - Started process (PID=30974) to work on /home/d-salamanca/airflow-env/lib/python3.12/site-packages/airflow/example_dags/plugins/listener_plugin.py
[2024-09-29T08:36:31.704-0500] {processor.py:914} INFO - Processing file /home/d-salamanca/airflow-env/lib/python3.12/site-packages/airflow/example_dags/plugins/listener_plugin.py for tasks to queue
[2024-09-29T08:36:31.710-0500] {logging_mixin.py:190} INFO - [2024-09-29T08:36:31.709-0500] {dagbag.py:588} INFO - Filling up the DagBag from /home/d-salamanca/airflow-env/lib/python3.12/site-packages/airflow/example_dags/plugins/listener_plugin.py
[2024-09-29T08:36:31.787-0500] {processor.py:927} WARNING - No viable dags retrieved from /home/d-salamanca/airflow-env/lib/python3.12/site-packages/airflow/example_dags/plugins/listener_plugin.py
[2024-09-29T08:36:31.802-0500] {processor.py:208} INFO - Processing /home/d-salamanca/airflow-env/lib/python3.12/site-packages/airflow/example_dags/plugins/listener_plugin.py took 0.177 seconds
[2024-09-29T08:37:48.296-0500] {processor.py:186} INFO - Started process (PID=31035) to work on /home/d-salamanca/airflow-env/lib/python3.12/site-packages/airflow/example_dags/plugins/listener_plugin.py
[2024-09-29T08:37:48.323-0500] {processor.py:914} INFO - Processing file /home/d-salamanca/airflow-env/lib/python3.12/site-packages/airflow/example_dags/plugins/listener_plugin.py for tasks to queue
[2024-09-29T08:37:48.329-0500] {logging_mixin.py:190} INFO - [2024-09-29T08:37:48.328-0500] {dagbag.py:588} INFO - Filling up the DagBag from /home/d-salamanca/airflow-env/lib/python3.12/site-packages/airflow/example_dags/plugins/listener_plugin.py
[2024-09-29T08:37:48.356-0500] {processor.py:927} WARNING - No viable dags retrieved from /home/d-salamanca/airflow-env/lib/python3.12/site-packages/airflow/example_dags/plugins/listener_plugin.py
[2024-09-29T08:37:48.372-0500] {processor.py:208} INFO - Processing /home/d-salamanca/airflow-env/lib/python3.12/site-packages/airflow/example_dags/plugins/listener_plugin.py took 0.087 seconds
[2024-09-29T08:38:27.600-0500] {processor.py:186} INFO - Started process (PID=31071) to work on /home/d-salamanca/airflow-env/lib/python3.12/site-packages/airflow/example_dags/plugins/listener_plugin.py
[2024-09-29T08:38:27.601-0500] {processor.py:914} INFO - Processing file /home/d-salamanca/airflow-env/lib/python3.12/site-packages/airflow/example_dags/plugins/listener_plugin.py for tasks to queue
[2024-09-29T08:38:27.604-0500] {logging_mixin.py:190} INFO - [2024-09-29T08:38:27.603-0500] {dagbag.py:588} INFO - Filling up the DagBag from /home/d-salamanca/airflow-env/lib/python3.12/site-packages/airflow/example_dags/plugins/listener_plugin.py
[2024-09-29T08:38:27.606-0500] {processor.py:927} WARNING - No viable dags retrieved from /home/d-salamanca/airflow-env/lib/python3.12/site-packages/airflow/example_dags/plugins/listener_plugin.py
[2024-09-29T08:38:27.618-0500] {processor.py:208} INFO - Processing /home/d-salamanca/airflow-env/lib/python3.12/site-packages/airflow/example_dags/plugins/listener_plugin.py took 0.026 seconds
[2024-09-29T08:39:10.071-0500] {processor.py:186} INFO - Started process (PID=31107) to work on /home/d-salamanca/airflow-env/lib/python3.12/site-packages/airflow/example_dags/plugins/listener_plugin.py
[2024-09-29T08:39:10.091-0500] {processor.py:914} INFO - Processing file /home/d-salamanca/airflow-env/lib/python3.12/site-packages/airflow/example_dags/plugins/listener_plugin.py for tasks to queue
[2024-09-29T08:39:10.094-0500] {logging_mixin.py:190} INFO - [2024-09-29T08:39:10.093-0500] {dagbag.py:588} INFO - Filling up the DagBag from /home/d-salamanca/airflow-env/lib/python3.12/site-packages/airflow/example_dags/plugins/listener_plugin.py
[2024-09-29T08:39:10.150-0500] {processor.py:927} WARNING - No viable dags retrieved from /home/d-salamanca/airflow-env/lib/python3.12/site-packages/airflow/example_dags/plugins/listener_plugin.py
[2024-09-29T08:39:10.166-0500] {processor.py:208} INFO - Processing /home/d-salamanca/airflow-env/lib/python3.12/site-packages/airflow/example_dags/plugins/listener_plugin.py took 0.104 seconds
[2024-09-29T08:39:58.167-0500] {processor.py:186} INFO - Started process (PID=31142) to work on /home/d-salamanca/airflow-env/lib/python3.12/site-packages/airflow/example_dags/plugins/listener_plugin.py
[2024-09-29T08:39:58.169-0500] {processor.py:914} INFO - Processing file /home/d-salamanca/airflow-env/lib/python3.12/site-packages/airflow/example_dags/plugins/listener_plugin.py for tasks to queue
[2024-09-29T08:39:58.171-0500] {logging_mixin.py:190} INFO - [2024-09-29T08:39:58.171-0500] {dagbag.py:588} INFO - Filling up the DagBag from /home/d-salamanca/airflow-env/lib/python3.12/site-packages/airflow/example_dags/plugins/listener_plugin.py
[2024-09-29T08:39:58.174-0500] {processor.py:927} WARNING - No viable dags retrieved from /home/d-salamanca/airflow-env/lib/python3.12/site-packages/airflow/example_dags/plugins/listener_plugin.py
[2024-09-29T08:39:58.187-0500] {processor.py:208} INFO - Processing /home/d-salamanca/airflow-env/lib/python3.12/site-packages/airflow/example_dags/plugins/listener_plugin.py took 0.028 seconds
[2024-09-29T08:40:45.415-0500] {processor.py:186} INFO - Started process (PID=31184) to work on /home/d-salamanca/airflow-env/lib/python3.12/site-packages/airflow/example_dags/plugins/listener_plugin.py
[2024-09-29T08:40:45.417-0500] {processor.py:914} INFO - Processing file /home/d-salamanca/airflow-env/lib/python3.12/site-packages/airflow/example_dags/plugins/listener_plugin.py for tasks to queue
[2024-09-29T08:40:45.419-0500] {logging_mixin.py:190} INFO - [2024-09-29T08:40:45.419-0500] {dagbag.py:588} INFO - Filling up the DagBag from /home/d-salamanca/airflow-env/lib/python3.12/site-packages/airflow/example_dags/plugins/listener_plugin.py
[2024-09-29T08:40:45.422-0500] {processor.py:927} WARNING - No viable dags retrieved from /home/d-salamanca/airflow-env/lib/python3.12/site-packages/airflow/example_dags/plugins/listener_plugin.py
[2024-09-29T08:40:45.435-0500] {processor.py:208} INFO - Processing /home/d-salamanca/airflow-env/lib/python3.12/site-packages/airflow/example_dags/plugins/listener_plugin.py took 0.028 seconds
[2024-09-29T08:41:32.710-0500] {processor.py:186} INFO - Started process (PID=31221) to work on /home/d-salamanca/airflow-env/lib/python3.12/site-packages/airflow/example_dags/plugins/listener_plugin.py
[2024-09-29T08:41:32.711-0500] {processor.py:914} INFO - Processing file /home/d-salamanca/airflow-env/lib/python3.12/site-packages/airflow/example_dags/plugins/listener_plugin.py for tasks to queue
[2024-09-29T08:41:32.714-0500] {logging_mixin.py:190} INFO - [2024-09-29T08:41:32.713-0500] {dagbag.py:588} INFO - Filling up the DagBag from /home/d-salamanca/airflow-env/lib/python3.12/site-packages/airflow/example_dags/plugins/listener_plugin.py
[2024-09-29T08:41:32.716-0500] {processor.py:927} WARNING - No viable dags retrieved from /home/d-salamanca/airflow-env/lib/python3.12/site-packages/airflow/example_dags/plugins/listener_plugin.py
[2024-09-29T08:41:32.730-0500] {processor.py:208} INFO - Processing /home/d-salamanca/airflow-env/lib/python3.12/site-packages/airflow/example_dags/plugins/listener_plugin.py took 0.028 seconds
[2024-09-29T08:42:17.008-0500] {processor.py:186} INFO - Started process (PID=31257) to work on /home/d-salamanca/airflow-env/lib/python3.12/site-packages/airflow/example_dags/plugins/listener_plugin.py
[2024-09-29T08:42:17.010-0500] {processor.py:914} INFO - Processing file /home/d-salamanca/airflow-env/lib/python3.12/site-packages/airflow/example_dags/plugins/listener_plugin.py for tasks to queue
[2024-09-29T08:42:17.012-0500] {logging_mixin.py:190} INFO - [2024-09-29T08:42:17.012-0500] {dagbag.py:588} INFO - Filling up the DagBag from /home/d-salamanca/airflow-env/lib/python3.12/site-packages/airflow/example_dags/plugins/listener_plugin.py
[2024-09-29T08:42:17.015-0500] {processor.py:927} WARNING - No viable dags retrieved from /home/d-salamanca/airflow-env/lib/python3.12/site-packages/airflow/example_dags/plugins/listener_plugin.py
[2024-09-29T08:42:17.028-0500] {processor.py:208} INFO - Processing /home/d-salamanca/airflow-env/lib/python3.12/site-packages/airflow/example_dags/plugins/listener_plugin.py took 0.028 seconds
[2024-09-29T08:43:04.174-0500] {processor.py:186} INFO - Started process (PID=31292) to work on /home/d-salamanca/airflow-env/lib/python3.12/site-packages/airflow/example_dags/plugins/listener_plugin.py
[2024-09-29T08:43:04.176-0500] {processor.py:914} INFO - Processing file /home/d-salamanca/airflow-env/lib/python3.12/site-packages/airflow/example_dags/plugins/listener_plugin.py for tasks to queue
[2024-09-29T08:43:04.179-0500] {logging_mixin.py:190} INFO - [2024-09-29T08:43:04.178-0500] {dagbag.py:588} INFO - Filling up the DagBag from /home/d-salamanca/airflow-env/lib/python3.12/site-packages/airflow/example_dags/plugins/listener_plugin.py
[2024-09-29T08:43:04.182-0500] {processor.py:927} WARNING - No viable dags retrieved from /home/d-salamanca/airflow-env/lib/python3.12/site-packages/airflow/example_dags/plugins/listener_plugin.py
[2024-09-29T08:43:04.199-0500] {processor.py:208} INFO - Processing /home/d-salamanca/airflow-env/lib/python3.12/site-packages/airflow/example_dags/plugins/listener_plugin.py took 0.034 seconds
[2024-09-29T08:43:48.948-0500] {processor.py:186} INFO - Started process (PID=31329) to work on /home/d-salamanca/airflow-env/lib/python3.12/site-packages/airflow/example_dags/plugins/listener_plugin.py
[2024-09-29T08:43:48.949-0500] {processor.py:914} INFO - Processing file /home/d-salamanca/airflow-env/lib/python3.12/site-packages/airflow/example_dags/plugins/listener_plugin.py for tasks to queue
[2024-09-29T08:43:48.952-0500] {logging_mixin.py:190} INFO - [2024-09-29T08:43:48.951-0500] {dagbag.py:588} INFO - Filling up the DagBag from /home/d-salamanca/airflow-env/lib/python3.12/site-packages/airflow/example_dags/plugins/listener_plugin.py
[2024-09-29T08:43:48.955-0500] {processor.py:927} WARNING - No viable dags retrieved from /home/d-salamanca/airflow-env/lib/python3.12/site-packages/airflow/example_dags/plugins/listener_plugin.py
[2024-09-29T08:43:48.968-0500] {processor.py:208} INFO - Processing /home/d-salamanca/airflow-env/lib/python3.12/site-packages/airflow/example_dags/plugins/listener_plugin.py took 0.027 seconds
[2024-09-29T08:44:29.898-0500] {processor.py:186} INFO - Started process (PID=31363) to work on /home/d-salamanca/airflow-env/lib/python3.12/site-packages/airflow/example_dags/plugins/listener_plugin.py
[2024-09-29T08:44:29.913-0500] {processor.py:914} INFO - Processing file /home/d-salamanca/airflow-env/lib/python3.12/site-packages/airflow/example_dags/plugins/listener_plugin.py for tasks to queue
[2024-09-29T08:44:29.916-0500] {logging_mixin.py:190} INFO - [2024-09-29T08:44:29.916-0500] {dagbag.py:588} INFO - Filling up the DagBag from /home/d-salamanca/airflow-env/lib/python3.12/site-packages/airflow/example_dags/plugins/listener_plugin.py
[2024-09-29T08:44:29.920-0500] {processor.py:927} WARNING - No viable dags retrieved from /home/d-salamanca/airflow-env/lib/python3.12/site-packages/airflow/example_dags/plugins/listener_plugin.py
[2024-09-29T08:44:29.934-0500] {processor.py:208} INFO - Processing /home/d-salamanca/airflow-env/lib/python3.12/site-packages/airflow/example_dags/plugins/listener_plugin.py took 0.044 seconds
[2024-09-29T08:45:11.061-0500] {processor.py:186} INFO - Started process (PID=31411) to work on /home/d-salamanca/airflow-env/lib/python3.12/site-packages/airflow/example_dags/plugins/listener_plugin.py
[2024-09-29T08:45:11.062-0500] {processor.py:914} INFO - Processing file /home/d-salamanca/airflow-env/lib/python3.12/site-packages/airflow/example_dags/plugins/listener_plugin.py for tasks to queue
[2024-09-29T08:45:11.065-0500] {logging_mixin.py:190} INFO - [2024-09-29T08:45:11.065-0500] {dagbag.py:588} INFO - Filling up the DagBag from /home/d-salamanca/airflow-env/lib/python3.12/site-packages/airflow/example_dags/plugins/listener_plugin.py
[2024-09-29T08:45:11.068-0500] {processor.py:927} WARNING - No viable dags retrieved from /home/d-salamanca/airflow-env/lib/python3.12/site-packages/airflow/example_dags/plugins/listener_plugin.py
[2024-09-29T08:45:11.081-0500] {processor.py:208} INFO - Processing /home/d-salamanca/airflow-env/lib/python3.12/site-packages/airflow/example_dags/plugins/listener_plugin.py took 0.028 seconds
[2024-09-29T08:46:09.894-0500] {processor.py:186} INFO - Started process (PID=31448) to work on /home/d-salamanca/airflow-env/lib/python3.12/site-packages/airflow/example_dags/plugins/listener_plugin.py
[2024-09-29T08:46:09.895-0500] {processor.py:914} INFO - Processing file /home/d-salamanca/airflow-env/lib/python3.12/site-packages/airflow/example_dags/plugins/listener_plugin.py for tasks to queue
[2024-09-29T08:46:09.898-0500] {logging_mixin.py:190} INFO - [2024-09-29T08:46:09.897-0500] {dagbag.py:588} INFO - Filling up the DagBag from /home/d-salamanca/airflow-env/lib/python3.12/site-packages/airflow/example_dags/plugins/listener_plugin.py
[2024-09-29T08:46:09.900-0500] {processor.py:927} WARNING - No viable dags retrieved from /home/d-salamanca/airflow-env/lib/python3.12/site-packages/airflow/example_dags/plugins/listener_plugin.py
[2024-09-29T08:46:09.914-0500] {processor.py:208} INFO - Processing /home/d-salamanca/airflow-env/lib/python3.12/site-packages/airflow/example_dags/plugins/listener_plugin.py took 0.027 seconds
[2024-09-29T08:47:09.357-0500] {processor.py:186} INFO - Started process (PID=31483) to work on /home/d-salamanca/airflow-env/lib/python3.12/site-packages/airflow/example_dags/plugins/listener_plugin.py
[2024-09-29T08:47:09.359-0500] {processor.py:914} INFO - Processing file /home/d-salamanca/airflow-env/lib/python3.12/site-packages/airflow/example_dags/plugins/listener_plugin.py for tasks to queue
[2024-09-29T08:47:09.363-0500] {logging_mixin.py:190} INFO - [2024-09-29T08:47:09.363-0500] {dagbag.py:588} INFO - Filling up the DagBag from /home/d-salamanca/airflow-env/lib/python3.12/site-packages/airflow/example_dags/plugins/listener_plugin.py
[2024-09-29T08:47:09.367-0500] {processor.py:927} WARNING - No viable dags retrieved from /home/d-salamanca/airflow-env/lib/python3.12/site-packages/airflow/example_dags/plugins/listener_plugin.py
[2024-09-29T08:47:09.380-0500] {processor.py:208} INFO - Processing /home/d-salamanca/airflow-env/lib/python3.12/site-packages/airflow/example_dags/plugins/listener_plugin.py took 0.031 seconds
[2024-09-29T08:47:54.207-0500] {processor.py:186} INFO - Started process (PID=31520) to work on /home/d-salamanca/airflow-env/lib/python3.12/site-packages/airflow/example_dags/plugins/listener_plugin.py
[2024-09-29T08:47:54.208-0500] {processor.py:914} INFO - Processing file /home/d-salamanca/airflow-env/lib/python3.12/site-packages/airflow/example_dags/plugins/listener_plugin.py for tasks to queue
[2024-09-29T08:47:54.212-0500] {logging_mixin.py:190} INFO - [2024-09-29T08:47:54.211-0500] {dagbag.py:588} INFO - Filling up the DagBag from /home/d-salamanca/airflow-env/lib/python3.12/site-packages/airflow/example_dags/plugins/listener_plugin.py
[2024-09-29T08:47:54.215-0500] {processor.py:927} WARNING - No viable dags retrieved from /home/d-salamanca/airflow-env/lib/python3.12/site-packages/airflow/example_dags/plugins/listener_plugin.py
[2024-09-29T08:47:54.230-0500] {processor.py:208} INFO - Processing /home/d-salamanca/airflow-env/lib/python3.12/site-packages/airflow/example_dags/plugins/listener_plugin.py took 0.030 seconds
[2024-09-29T08:48:34.828-0500] {processor.py:186} INFO - Started process (PID=31569) to work on /home/d-salamanca/airflow-env/lib/python3.12/site-packages/airflow/example_dags/plugins/listener_plugin.py
[2024-09-29T08:48:34.830-0500] {processor.py:914} INFO - Processing file /home/d-salamanca/airflow-env/lib/python3.12/site-packages/airflow/example_dags/plugins/listener_plugin.py for tasks to queue
[2024-09-29T08:48:34.832-0500] {logging_mixin.py:190} INFO - [2024-09-29T08:48:34.832-0500] {dagbag.py:588} INFO - Filling up the DagBag from /home/d-salamanca/airflow-env/lib/python3.12/site-packages/airflow/example_dags/plugins/listener_plugin.py
[2024-09-29T08:48:34.835-0500] {processor.py:927} WARNING - No viable dags retrieved from /home/d-salamanca/airflow-env/lib/python3.12/site-packages/airflow/example_dags/plugins/listener_plugin.py
[2024-09-29T08:48:34.847-0500] {processor.py:208} INFO - Processing /home/d-salamanca/airflow-env/lib/python3.12/site-packages/airflow/example_dags/plugins/listener_plugin.py took 0.027 seconds
[2024-09-29T08:49:18.676-0500] {processor.py:186} INFO - Started process (PID=31607) to work on /home/d-salamanca/airflow-env/lib/python3.12/site-packages/airflow/example_dags/plugins/listener_plugin.py
[2024-09-29T08:49:18.677-0500] {processor.py:914} INFO - Processing file /home/d-salamanca/airflow-env/lib/python3.12/site-packages/airflow/example_dags/plugins/listener_plugin.py for tasks to queue
[2024-09-29T08:49:18.680-0500] {logging_mixin.py:190} INFO - [2024-09-29T08:49:18.679-0500] {dagbag.py:588} INFO - Filling up the DagBag from /home/d-salamanca/airflow-env/lib/python3.12/site-packages/airflow/example_dags/plugins/listener_plugin.py
[2024-09-29T08:49:18.682-0500] {processor.py:927} WARNING - No viable dags retrieved from /home/d-salamanca/airflow-env/lib/python3.12/site-packages/airflow/example_dags/plugins/listener_plugin.py
[2024-09-29T08:49:18.695-0500] {processor.py:208} INFO - Processing /home/d-salamanca/airflow-env/lib/python3.12/site-packages/airflow/example_dags/plugins/listener_plugin.py took 0.027 seconds
[2024-09-29T08:50:03.296-0500] {processor.py:186} INFO - Started process (PID=31654) to work on /home/d-salamanca/airflow-env/lib/python3.12/site-packages/airflow/example_dags/plugins/listener_plugin.py
[2024-09-29T08:50:03.297-0500] {processor.py:914} INFO - Processing file /home/d-salamanca/airflow-env/lib/python3.12/site-packages/airflow/example_dags/plugins/listener_plugin.py for tasks to queue
[2024-09-29T08:50:03.300-0500] {logging_mixin.py:190} INFO - [2024-09-29T08:50:03.299-0500] {dagbag.py:588} INFO - Filling up the DagBag from /home/d-salamanca/airflow-env/lib/python3.12/site-packages/airflow/example_dags/plugins/listener_plugin.py
[2024-09-29T08:50:03.302-0500] {processor.py:927} WARNING - No viable dags retrieved from /home/d-salamanca/airflow-env/lib/python3.12/site-packages/airflow/example_dags/plugins/listener_plugin.py
[2024-09-29T08:50:03.315-0500] {processor.py:208} INFO - Processing /home/d-salamanca/airflow-env/lib/python3.12/site-packages/airflow/example_dags/plugins/listener_plugin.py took 0.033 seconds
[2024-09-29T08:50:50.525-0500] {processor.py:186} INFO - Started process (PID=31711) to work on /home/d-salamanca/airflow-env/lib/python3.12/site-packages/airflow/example_dags/plugins/listener_plugin.py
[2024-09-29T08:50:50.527-0500] {processor.py:914} INFO - Processing file /home/d-salamanca/airflow-env/lib/python3.12/site-packages/airflow/example_dags/plugins/listener_plugin.py for tasks to queue
[2024-09-29T08:50:50.530-0500] {logging_mixin.py:190} INFO - [2024-09-29T08:50:50.529-0500] {dagbag.py:588} INFO - Filling up the DagBag from /home/d-salamanca/airflow-env/lib/python3.12/site-packages/airflow/example_dags/plugins/listener_plugin.py
[2024-09-29T08:50:50.532-0500] {processor.py:927} WARNING - No viable dags retrieved from /home/d-salamanca/airflow-env/lib/python3.12/site-packages/airflow/example_dags/plugins/listener_plugin.py
[2024-09-29T08:50:50.545-0500] {processor.py:208} INFO - Processing /home/d-salamanca/airflow-env/lib/python3.12/site-packages/airflow/example_dags/plugins/listener_plugin.py took 0.029 seconds
[2024-09-29T08:52:23.505-0500] {processor.py:186} INFO - Started process (PID=31943) to work on /home/d-salamanca/airflow-env/lib/python3.12/site-packages/airflow/example_dags/plugins/listener_plugin.py
[2024-09-29T08:52:23.556-0500] {processor.py:914} INFO - Processing file /home/d-salamanca/airflow-env/lib/python3.12/site-packages/airflow/example_dags/plugins/listener_plugin.py for tasks to queue
[2024-09-29T08:52:23.561-0500] {logging_mixin.py:190} INFO - [2024-09-29T08:52:23.560-0500] {dagbag.py:588} INFO - Filling up the DagBag from /home/d-salamanca/airflow-env/lib/python3.12/site-packages/airflow/example_dags/plugins/listener_plugin.py
[2024-09-29T08:52:23.577-0500] {processor.py:927} WARNING - No viable dags retrieved from /home/d-salamanca/airflow-env/lib/python3.12/site-packages/airflow/example_dags/plugins/listener_plugin.py
[2024-09-29T08:52:23.593-0500] {processor.py:208} INFO - Processing /home/d-salamanca/airflow-env/lib/python3.12/site-packages/airflow/example_dags/plugins/listener_plugin.py took 0.098 seconds
[2024-09-29T08:53:33.590-0500] {processor.py:186} INFO - Started process (PID=31998) to work on /home/d-salamanca/airflow-env/lib/python3.12/site-packages/airflow/example_dags/plugins/listener_plugin.py
[2024-09-29T08:53:33.628-0500] {processor.py:914} INFO - Processing file /home/d-salamanca/airflow-env/lib/python3.12/site-packages/airflow/example_dags/plugins/listener_plugin.py for tasks to queue
[2024-09-29T08:53:33.635-0500] {logging_mixin.py:190} INFO - [2024-09-29T08:53:33.634-0500] {dagbag.py:588} INFO - Filling up the DagBag from /home/d-salamanca/airflow-env/lib/python3.12/site-packages/airflow/example_dags/plugins/listener_plugin.py
[2024-09-29T08:53:33.666-0500] {processor.py:927} WARNING - No viable dags retrieved from /home/d-salamanca/airflow-env/lib/python3.12/site-packages/airflow/example_dags/plugins/listener_plugin.py
[2024-09-29T08:53:33.681-0500] {processor.py:208} INFO - Processing /home/d-salamanca/airflow-env/lib/python3.12/site-packages/airflow/example_dags/plugins/listener_plugin.py took 0.098 seconds
[2024-09-29T08:54:21.247-0500] {processor.py:186} INFO - Started process (PID=32035) to work on /home/d-salamanca/airflow-env/lib/python3.12/site-packages/airflow/example_dags/plugins/listener_plugin.py
[2024-09-29T08:54:21.248-0500] {processor.py:914} INFO - Processing file /home/d-salamanca/airflow-env/lib/python3.12/site-packages/airflow/example_dags/plugins/listener_plugin.py for tasks to queue
[2024-09-29T08:54:21.253-0500] {logging_mixin.py:190} INFO - [2024-09-29T08:54:21.252-0500] {dagbag.py:588} INFO - Filling up the DagBag from /home/d-salamanca/airflow-env/lib/python3.12/site-packages/airflow/example_dags/plugins/listener_plugin.py
[2024-09-29T08:54:21.256-0500] {processor.py:927} WARNING - No viable dags retrieved from /home/d-salamanca/airflow-env/lib/python3.12/site-packages/airflow/example_dags/plugins/listener_plugin.py
[2024-09-29T08:54:21.269-0500] {processor.py:208} INFO - Processing /home/d-salamanca/airflow-env/lib/python3.12/site-packages/airflow/example_dags/plugins/listener_plugin.py took 0.030 seconds
[2024-09-29T08:55:09.002-0500] {processor.py:186} INFO - Started process (PID=32077) to work on /home/d-salamanca/airflow-env/lib/python3.12/site-packages/airflow/example_dags/plugins/listener_plugin.py
[2024-09-29T08:55:09.003-0500] {processor.py:914} INFO - Processing file /home/d-salamanca/airflow-env/lib/python3.12/site-packages/airflow/example_dags/plugins/listener_plugin.py for tasks to queue
[2024-09-29T08:55:09.005-0500] {logging_mixin.py:190} INFO - [2024-09-29T08:55:09.005-0500] {dagbag.py:588} INFO - Filling up the DagBag from /home/d-salamanca/airflow-env/lib/python3.12/site-packages/airflow/example_dags/plugins/listener_plugin.py
[2024-09-29T08:55:09.008-0500] {processor.py:927} WARNING - No viable dags retrieved from /home/d-salamanca/airflow-env/lib/python3.12/site-packages/airflow/example_dags/plugins/listener_plugin.py
[2024-09-29T08:55:09.021-0500] {processor.py:208} INFO - Processing /home/d-salamanca/airflow-env/lib/python3.12/site-packages/airflow/example_dags/plugins/listener_plugin.py took 0.027 seconds
[2024-09-29T08:55:55.958-0500] {processor.py:186} INFO - Started process (PID=32112) to work on /home/d-salamanca/airflow-env/lib/python3.12/site-packages/airflow/example_dags/plugins/listener_plugin.py
[2024-09-29T08:55:55.960-0500] {processor.py:914} INFO - Processing file /home/d-salamanca/airflow-env/lib/python3.12/site-packages/airflow/example_dags/plugins/listener_plugin.py for tasks to queue
[2024-09-29T08:55:55.964-0500] {logging_mixin.py:190} INFO - [2024-09-29T08:55:55.963-0500] {dagbag.py:588} INFO - Filling up the DagBag from /home/d-salamanca/airflow-env/lib/python3.12/site-packages/airflow/example_dags/plugins/listener_plugin.py
[2024-09-29T08:55:55.967-0500] {processor.py:927} WARNING - No viable dags retrieved from /home/d-salamanca/airflow-env/lib/python3.12/site-packages/airflow/example_dags/plugins/listener_plugin.py
[2024-09-29T08:55:55.985-0500] {processor.py:208} INFO - Processing /home/d-salamanca/airflow-env/lib/python3.12/site-packages/airflow/example_dags/plugins/listener_plugin.py took 0.038 seconds
[2024-09-29T08:56:52.581-0500] {processor.py:186} INFO - Started process (PID=32151) to work on /home/d-salamanca/airflow-env/lib/python3.12/site-packages/airflow/example_dags/plugins/listener_plugin.py
[2024-09-29T08:56:52.583-0500] {processor.py:914} INFO - Processing file /home/d-salamanca/airflow-env/lib/python3.12/site-packages/airflow/example_dags/plugins/listener_plugin.py for tasks to queue
[2024-09-29T08:56:52.587-0500] {logging_mixin.py:190} INFO - [2024-09-29T08:56:52.586-0500] {dagbag.py:588} INFO - Filling up the DagBag from /home/d-salamanca/airflow-env/lib/python3.12/site-packages/airflow/example_dags/plugins/listener_plugin.py
[2024-09-29T08:56:52.589-0500] {processor.py:927} WARNING - No viable dags retrieved from /home/d-salamanca/airflow-env/lib/python3.12/site-packages/airflow/example_dags/plugins/listener_plugin.py
[2024-09-29T08:56:52.603-0500] {processor.py:208} INFO - Processing /home/d-salamanca/airflow-env/lib/python3.12/site-packages/airflow/example_dags/plugins/listener_plugin.py took 0.031 seconds
[2024-09-29T08:57:47.687-0500] {processor.py:186} INFO - Started process (PID=32194) to work on /home/d-salamanca/airflow-env/lib/python3.12/site-packages/airflow/example_dags/plugins/listener_plugin.py
[2024-09-29T08:57:47.688-0500] {processor.py:914} INFO - Processing file /home/d-salamanca/airflow-env/lib/python3.12/site-packages/airflow/example_dags/plugins/listener_plugin.py for tasks to queue
[2024-09-29T08:57:47.691-0500] {logging_mixin.py:190} INFO - [2024-09-29T08:57:47.690-0500] {dagbag.py:588} INFO - Filling up the DagBag from /home/d-salamanca/airflow-env/lib/python3.12/site-packages/airflow/example_dags/plugins/listener_plugin.py
[2024-09-29T08:57:47.693-0500] {processor.py:927} WARNING - No viable dags retrieved from /home/d-salamanca/airflow-env/lib/python3.12/site-packages/airflow/example_dags/plugins/listener_plugin.py
[2024-09-29T08:57:47.706-0500] {processor.py:208} INFO - Processing /home/d-salamanca/airflow-env/lib/python3.12/site-packages/airflow/example_dags/plugins/listener_plugin.py took 0.027 seconds
[2024-09-29T08:58:37.144-0500] {processor.py:186} INFO - Started process (PID=32232) to work on /home/d-salamanca/airflow-env/lib/python3.12/site-packages/airflow/example_dags/plugins/listener_plugin.py
[2024-09-29T08:58:37.145-0500] {processor.py:914} INFO - Processing file /home/d-salamanca/airflow-env/lib/python3.12/site-packages/airflow/example_dags/plugins/listener_plugin.py for tasks to queue
[2024-09-29T08:58:37.148-0500] {logging_mixin.py:190} INFO - [2024-09-29T08:58:37.148-0500] {dagbag.py:588} INFO - Filling up the DagBag from /home/d-salamanca/airflow-env/lib/python3.12/site-packages/airflow/example_dags/plugins/listener_plugin.py
[2024-09-29T08:58:37.151-0500] {processor.py:927} WARNING - No viable dags retrieved from /home/d-salamanca/airflow-env/lib/python3.12/site-packages/airflow/example_dags/plugins/listener_plugin.py
[2024-09-29T08:58:37.166-0500] {processor.py:208} INFO - Processing /home/d-salamanca/airflow-env/lib/python3.12/site-packages/airflow/example_dags/plugins/listener_plugin.py took 0.031 seconds
[2024-09-29T08:59:32.352-0500] {processor.py:186} INFO - Started process (PID=32433) to work on /home/d-salamanca/airflow-env/lib/python3.12/site-packages/airflow/example_dags/plugins/listener_plugin.py
[2024-09-29T08:59:32.373-0500] {processor.py:914} INFO - Processing file /home/d-salamanca/airflow-env/lib/python3.12/site-packages/airflow/example_dags/plugins/listener_plugin.py for tasks to queue
[2024-09-29T08:59:32.381-0500] {logging_mixin.py:190} INFO - [2024-09-29T08:59:32.379-0500] {dagbag.py:588} INFO - Filling up the DagBag from /home/d-salamanca/airflow-env/lib/python3.12/site-packages/airflow/example_dags/plugins/listener_plugin.py
[2024-09-29T08:59:32.407-0500] {processor.py:927} WARNING - No viable dags retrieved from /home/d-salamanca/airflow-env/lib/python3.12/site-packages/airflow/example_dags/plugins/listener_plugin.py
[2024-09-29T08:59:32.427-0500] {processor.py:208} INFO - Processing /home/d-salamanca/airflow-env/lib/python3.12/site-packages/airflow/example_dags/plugins/listener_plugin.py took 0.083 seconds
[2024-09-29T09:00:35.294-0500] {processor.py:186} INFO - Started process (PID=32535) to work on /home/d-salamanca/airflow-env/lib/python3.12/site-packages/airflow/example_dags/plugins/listener_plugin.py
[2024-09-29T09:00:35.311-0500] {processor.py:914} INFO - Processing file /home/d-salamanca/airflow-env/lib/python3.12/site-packages/airflow/example_dags/plugins/listener_plugin.py for tasks to queue
[2024-09-29T09:00:35.315-0500] {logging_mixin.py:190} INFO - [2024-09-29T09:00:35.314-0500] {dagbag.py:588} INFO - Filling up the DagBag from /home/d-salamanca/airflow-env/lib/python3.12/site-packages/airflow/example_dags/plugins/listener_plugin.py
[2024-09-29T09:00:35.336-0500] {processor.py:927} WARNING - No viable dags retrieved from /home/d-salamanca/airflow-env/lib/python3.12/site-packages/airflow/example_dags/plugins/listener_plugin.py
[2024-09-29T09:00:35.350-0500] {processor.py:208} INFO - Processing /home/d-salamanca/airflow-env/lib/python3.12/site-packages/airflow/example_dags/plugins/listener_plugin.py took 0.064 seconds
[2024-09-29T09:01:28.847-0500] {processor.py:186} INFO - Started process (PID=32574) to work on /home/d-salamanca/airflow-env/lib/python3.12/site-packages/airflow/example_dags/plugins/listener_plugin.py
[2024-09-29T09:01:28.849-0500] {processor.py:914} INFO - Processing file /home/d-salamanca/airflow-env/lib/python3.12/site-packages/airflow/example_dags/plugins/listener_plugin.py for tasks to queue
[2024-09-29T09:01:28.852-0500] {logging_mixin.py:190} INFO - [2024-09-29T09:01:28.851-0500] {dagbag.py:588} INFO - Filling up the DagBag from /home/d-salamanca/airflow-env/lib/python3.12/site-packages/airflow/example_dags/plugins/listener_plugin.py
[2024-09-29T09:01:28.855-0500] {processor.py:927} WARNING - No viable dags retrieved from /home/d-salamanca/airflow-env/lib/python3.12/site-packages/airflow/example_dags/plugins/listener_plugin.py
[2024-09-29T09:01:28.868-0500] {processor.py:208} INFO - Processing /home/d-salamanca/airflow-env/lib/python3.12/site-packages/airflow/example_dags/plugins/listener_plugin.py took 0.030 seconds
[2024-09-29T09:02:17.925-0500] {processor.py:186} INFO - Started process (PID=32613) to work on /home/d-salamanca/airflow-env/lib/python3.12/site-packages/airflow/example_dags/plugins/listener_plugin.py
[2024-09-29T09:02:17.926-0500] {processor.py:914} INFO - Processing file /home/d-salamanca/airflow-env/lib/python3.12/site-packages/airflow/example_dags/plugins/listener_plugin.py for tasks to queue
[2024-09-29T09:02:17.929-0500] {logging_mixin.py:190} INFO - [2024-09-29T09:02:17.928-0500] {dagbag.py:588} INFO - Filling up the DagBag from /home/d-salamanca/airflow-env/lib/python3.12/site-packages/airflow/example_dags/plugins/listener_plugin.py
[2024-09-29T09:02:17.931-0500] {processor.py:927} WARNING - No viable dags retrieved from /home/d-salamanca/airflow-env/lib/python3.12/site-packages/airflow/example_dags/plugins/listener_plugin.py
[2024-09-29T09:02:17.945-0500] {processor.py:208} INFO - Processing /home/d-salamanca/airflow-env/lib/python3.12/site-packages/airflow/example_dags/plugins/listener_plugin.py took 0.027 seconds
[2024-09-29T09:03:02.351-0500] {processor.py:186} INFO - Started process (PID=32648) to work on /home/d-salamanca/airflow-env/lib/python3.12/site-packages/airflow/example_dags/plugins/listener_plugin.py
[2024-09-29T09:03:02.353-0500] {processor.py:914} INFO - Processing file /home/d-salamanca/airflow-env/lib/python3.12/site-packages/airflow/example_dags/plugins/listener_plugin.py for tasks to queue
[2024-09-29T09:03:02.356-0500] {logging_mixin.py:190} INFO - [2024-09-29T09:03:02.355-0500] {dagbag.py:588} INFO - Filling up the DagBag from /home/d-salamanca/airflow-env/lib/python3.12/site-packages/airflow/example_dags/plugins/listener_plugin.py
[2024-09-29T09:03:02.358-0500] {processor.py:927} WARNING - No viable dags retrieved from /home/d-salamanca/airflow-env/lib/python3.12/site-packages/airflow/example_dags/plugins/listener_plugin.py
[2024-09-29T09:03:02.371-0500] {processor.py:208} INFO - Processing /home/d-salamanca/airflow-env/lib/python3.12/site-packages/airflow/example_dags/plugins/listener_plugin.py took 0.029 seconds
[2024-09-29T09:03:41.760-0500] {processor.py:186} INFO - Started process (PID=32683) to work on /home/d-salamanca/airflow-env/lib/python3.12/site-packages/airflow/example_dags/plugins/listener_plugin.py
[2024-09-29T09:03:41.761-0500] {processor.py:914} INFO - Processing file /home/d-salamanca/airflow-env/lib/python3.12/site-packages/airflow/example_dags/plugins/listener_plugin.py for tasks to queue
[2024-09-29T09:03:41.764-0500] {logging_mixin.py:190} INFO - [2024-09-29T09:03:41.763-0500] {dagbag.py:588} INFO - Filling up the DagBag from /home/d-salamanca/airflow-env/lib/python3.12/site-packages/airflow/example_dags/plugins/listener_plugin.py
[2024-09-29T09:03:41.766-0500] {processor.py:927} WARNING - No viable dags retrieved from /home/d-salamanca/airflow-env/lib/python3.12/site-packages/airflow/example_dags/plugins/listener_plugin.py
[2024-09-29T09:03:41.779-0500] {processor.py:208} INFO - Processing /home/d-salamanca/airflow-env/lib/python3.12/site-packages/airflow/example_dags/plugins/listener_plugin.py took 0.026 seconds
[2024-09-29T09:04:27.386-0500] {processor.py:186} INFO - Started process (PID=32747) to work on /home/d-salamanca/airflow-env/lib/python3.12/site-packages/airflow/example_dags/plugins/listener_plugin.py
[2024-09-29T09:04:27.387-0500] {processor.py:914} INFO - Processing file /home/d-salamanca/airflow-env/lib/python3.12/site-packages/airflow/example_dags/plugins/listener_plugin.py for tasks to queue
[2024-09-29T09:04:27.390-0500] {logging_mixin.py:190} INFO - [2024-09-29T09:04:27.389-0500] {dagbag.py:588} INFO - Filling up the DagBag from /home/d-salamanca/airflow-env/lib/python3.12/site-packages/airflow/example_dags/plugins/listener_plugin.py
[2024-09-29T09:04:27.392-0500] {processor.py:927} WARNING - No viable dags retrieved from /home/d-salamanca/airflow-env/lib/python3.12/site-packages/airflow/example_dags/plugins/listener_plugin.py
[2024-09-29T09:04:27.405-0500] {processor.py:208} INFO - Processing /home/d-salamanca/airflow-env/lib/python3.12/site-packages/airflow/example_dags/plugins/listener_plugin.py took 0.028 seconds
[2024-09-29T09:05:34.854-0500] {processor.py:186} INFO - Started process (PID=33036) to work on /home/d-salamanca/airflow-env/lib/python3.12/site-packages/airflow/example_dags/plugins/listener_plugin.py
[2024-09-29T09:05:34.869-0500] {processor.py:914} INFO - Processing file /home/d-salamanca/airflow-env/lib/python3.12/site-packages/airflow/example_dags/plugins/listener_plugin.py for tasks to queue
[2024-09-29T09:05:34.875-0500] {logging_mixin.py:190} INFO - [2024-09-29T09:05:34.874-0500] {dagbag.py:588} INFO - Filling up the DagBag from /home/d-salamanca/airflow-env/lib/python3.12/site-packages/airflow/example_dags/plugins/listener_plugin.py
[2024-09-29T09:05:34.896-0500] {processor.py:927} WARNING - No viable dags retrieved from /home/d-salamanca/airflow-env/lib/python3.12/site-packages/airflow/example_dags/plugins/listener_plugin.py
[2024-09-29T09:05:34.911-0500] {processor.py:208} INFO - Processing /home/d-salamanca/airflow-env/lib/python3.12/site-packages/airflow/example_dags/plugins/listener_plugin.py took 0.069 seconds
[2024-09-29T09:06:48.975-0500] {processor.py:186} INFO - Started process (PID=33077) to work on /home/d-salamanca/airflow-env/lib/python3.12/site-packages/airflow/example_dags/plugins/listener_plugin.py
[2024-09-29T09:06:48.992-0500] {processor.py:914} INFO - Processing file /home/d-salamanca/airflow-env/lib/python3.12/site-packages/airflow/example_dags/plugins/listener_plugin.py for tasks to queue
[2024-09-29T09:06:48.995-0500] {logging_mixin.py:190} INFO - [2024-09-29T09:06:48.994-0500] {dagbag.py:588} INFO - Filling up the DagBag from /home/d-salamanca/airflow-env/lib/python3.12/site-packages/airflow/example_dags/plugins/listener_plugin.py
[2024-09-29T09:06:48.999-0500] {processor.py:927} WARNING - No viable dags retrieved from /home/d-salamanca/airflow-env/lib/python3.12/site-packages/airflow/example_dags/plugins/listener_plugin.py
[2024-09-29T09:06:49.013-0500] {processor.py:208} INFO - Processing /home/d-salamanca/airflow-env/lib/python3.12/site-packages/airflow/example_dags/plugins/listener_plugin.py took 0.044 seconds
[2024-09-29T09:07:37.482-0500] {processor.py:186} INFO - Started process (PID=33121) to work on /home/d-salamanca/airflow-env/lib/python3.12/site-packages/airflow/example_dags/plugins/listener_plugin.py
[2024-09-29T09:07:37.483-0500] {processor.py:914} INFO - Processing file /home/d-salamanca/airflow-env/lib/python3.12/site-packages/airflow/example_dags/plugins/listener_plugin.py for tasks to queue
[2024-09-29T09:07:37.486-0500] {logging_mixin.py:190} INFO - [2024-09-29T09:07:37.486-0500] {dagbag.py:588} INFO - Filling up the DagBag from /home/d-salamanca/airflow-env/lib/python3.12/site-packages/airflow/example_dags/plugins/listener_plugin.py
[2024-09-29T09:07:37.489-0500] {processor.py:927} WARNING - No viable dags retrieved from /home/d-salamanca/airflow-env/lib/python3.12/site-packages/airflow/example_dags/plugins/listener_plugin.py
[2024-09-29T09:07:37.505-0500] {processor.py:208} INFO - Processing /home/d-salamanca/airflow-env/lib/python3.12/site-packages/airflow/example_dags/plugins/listener_plugin.py took 0.032 seconds
[2024-09-29T09:08:13.246-0500] {processor.py:186} INFO - Started process (PID=33153) to work on /home/d-salamanca/airflow-env/lib/python3.12/site-packages/airflow/example_dags/plugins/listener_plugin.py
[2024-09-29T09:08:13.263-0500] {processor.py:914} INFO - Processing file /home/d-salamanca/airflow-env/lib/python3.12/site-packages/airflow/example_dags/plugins/listener_plugin.py for tasks to queue
[2024-09-29T09:08:13.266-0500] {logging_mixin.py:190} INFO - [2024-09-29T09:08:13.266-0500] {dagbag.py:588} INFO - Filling up the DagBag from /home/d-salamanca/airflow-env/lib/python3.12/site-packages/airflow/example_dags/plugins/listener_plugin.py
[2024-09-29T09:08:13.270-0500] {processor.py:927} WARNING - No viable dags retrieved from /home/d-salamanca/airflow-env/lib/python3.12/site-packages/airflow/example_dags/plugins/listener_plugin.py
[2024-09-29T09:08:13.284-0500] {processor.py:208} INFO - Processing /home/d-salamanca/airflow-env/lib/python3.12/site-packages/airflow/example_dags/plugins/listener_plugin.py took 0.046 seconds
